<?xml version="1.0" encoding="UTF-8" ?>
<testsuite failures="1" time="4.147" errors="5" skipped="0" tests="6" name="tudu.integration.IntegrationTest">
  <properties>
    <property name="java.runtime.name" value="Java(TM) SE Runtime Environment"/>
    <property name="sun.boot.library.path" value="C:\Program Files\Java\jdk1.7.0_79\jre\bin"/>
    <property name="java.vm.version" value="24.79-b02"/>
    <property name="java.vm.vendor" value="Oracle Corporation"/>
    <property name="maven.multiModuleProjectDirectory" value="E:\New folder (2)\tudu project"/>
    <property name="java.vendor.url" value="http://java.oracle.com/"/>
    <property name="path.separator" value=";"/>
    <property name="guice.disable.misplaced.annotation.check" value="true"/>
    <property name="java.vm.name" value="Java HotSpot(TM) 64-Bit Server VM"/>
    <property name="file.encoding.pkg" value="sun.io"/>
    <property name="user.script" value=""/>
    <property name="user.country" value="IN"/>
    <property name="sun.java.launcher" value="SUN_STANDARD"/>
    <property name="sun.os.patch.level" value=""/>
    <property name="java.vm.specification.name" value="Java Virtual Machine Specification"/>
    <property name="user.dir" value="E:\New folder (2)\tudu project"/>
    <property name="java.runtime.version" value="1.7.0_79-b15"/>
    <property name="java.awt.graphicsenv" value="sun.awt.Win32GraphicsEnvironment"/>
    <property name="java.endorsed.dirs" value="C:\Program Files\Java\jdk1.7.0_79\jre\lib\endorsed"/>
    <property name="os.arch" value="amd64"/>
    <property name="java.io.tmpdir" value="C:\Users\20110931\AppData\Local\Temp\"/>
    <property name="line.separator" value="
"/>
    <property name="java.vm.specification.vendor" value="Oracle Corporation"/>
    <property name="user.variant" value=""/>
    <property name="os.name" value="Windows 8.1"/>
    <property name="classworlds.conf" value="C:\apache-maven-3.3.9\bin\..\bin\m2.conf"/>
    <property name="sun.jnu.encoding" value="Cp1252"/>
    <property name="java.library.path" value="C:\Program Files\Java\jdk1.7.0_79\bin;C:\Windows\Sun\Java\bin;C:\Windows\system32;C:\Windows;C:\app\Administrator\product\11.2.0\client_5\bin;C:\app\Administrator\product\11.2.0\client_4;C:\app\Administrator\product\11.2.0\client_3\bin;C:\app\Administrator\product\11.2.0\client_2;C:\app\Administrator\product\11.2.0\client_1;C:\Program Files (x86)\Intel\iCLS Client\;C:\Program Files\Intel\iCLS Client\;C:\Windows\system32;C:\Windows;C:\Windows\System32\Wbem;C:\Windows\System32\WindowsPowerShell\v1.0\;C:\Program Files\Intel\Intel(R) Management Engine Components\DAL;C:\Program Files\Intel\Intel(R) Management Engine Components\IPT;C:\Program Files (x86)\Intel\Intel(R) Management Engine Components\DAL;C:\Program Files (x86)\Intel\Intel(R) Management Engine Components\IPT;C:\Program Files (x86)\AMD\ATI.ACE\Core-Static;C:\Program Files\TortoiseSVN\bin;C:\Program Files\Java\jdk1.7.0_79\bin;C:\Program Files\Java\jre7\bin;C:\apache-maven-3.3.9\bin;C:\Program Files\Git\cmd;C:\Program Files\Git\mingw64\bin;C:\Program Files\Git\usr\bin;C:\HashiCorp\Vagrant\bin;C:\Users\20110931\sonar\runner\runner\bin;C:\Users\20110931\sonar\bin\windows-x86-64;."/>
    <property name="java.specification.name" value="Java Platform API Specification"/>
    <property name="java.class.version" value="51.0"/>
    <property name="sun.management.compiler" value="HotSpot 64-Bit Tiered Compilers"/>
    <property name="os.version" value="6.3"/>
    <property name="user.home" value="C:\Users\20110931"/>
    <property name="user.timezone" value="Asia/Calcutta"/>
    <property name="java.awt.printerjob" value="sun.awt.windows.WPrinterJob"/>
    <property name="java.specification.version" value="1.7"/>
    <property name="file.encoding" value="Cp1252"/>
    <property name="user.name" value="20110931"/>
    <property name="java.class.path" value="C:\apache-maven-3.3.9\bin\..\boot\plexus-classworlds-2.5.2.jar"/>
    <property name="java.vm.specification.version" value="1.7"/>
    <property name="sun.arch.data.model" value="64"/>
    <property name="java.home" value="C:\Program Files\Java\jdk1.7.0_79\jre"/>
    <property name="sun.java.command" value="org.codehaus.plexus.classworlds.launcher.Launcher package"/>
    <property name="java.specification.vendor" value="Oracle Corporation"/>
    <property name="user.language" value="en"/>
    <property name="awt.toolkit" value="sun.awt.windows.WToolkit"/>
    <property name="java.vm.info" value="mixed mode"/>
    <property name="java.version" value="1.7.0_79"/>
    <property name="java.ext.dirs" value="C:\Program Files\Java\jdk1.7.0_79\jre\lib\ext;C:\Windows\Sun\Java\lib\ext"/>
    <property name="sun.boot.class.path" value="C:\Program Files\Java\jdk1.7.0_79\jre\lib\resources.jar;C:\Program Files\Java\jdk1.7.0_79\jre\lib\rt.jar;C:\Program Files\Java\jdk1.7.0_79\jre\lib\sunrsasign.jar;C:\Program Files\Java\jdk1.7.0_79\jre\lib\jsse.jar;C:\Program Files\Java\jdk1.7.0_79\jre\lib\jce.jar;C:\Program Files\Java\jdk1.7.0_79\jre\lib\charsets.jar;C:\Program Files\Java\jdk1.7.0_79\jre\lib\jfr.jar;C:\Program Files\Java\jdk1.7.0_79\jre\classes"/>
    <property name="java.vendor" value="Oracle Corporation"/>
    <property name="maven.home" value="C:\apache-maven-3.3.9\bin\.."/>
    <property name="file.separator" value="\"/>
    <property name="java.vendor.url.bug" value="http://bugreport.sun.com/bugreport/"/>
    <property name="sun.cpu.endian" value="little"/>
    <property name="sun.io.unicode.encoding" value="UnicodeLittle"/>
    <property name="sun.desktop" value="windows"/>
    <property name="sun.cpu.isalist" value="amd64"/>
  </properties>
  <testcase time="4.145" classname="tudu.integration.IntegrationTest" name="testCreateTodoList">
    <error message="User is disabled" type="org.acegisecurity.DisabledException">org.acegisecurity.DisabledException: User is disabled
	at org.acegisecurity.providers.dao.AbstractUserDetailsAuthenticationProvider.authenticate(AbstractUserDetailsAuthenticationProvider.java:138)
	at org.acegisecurity.providers.ProviderManager.doAuthentication(ProviderManager.java:195)
	at tudu.integration.IntegrationTest.createAuthenticatedUser(IntegrationTest.java:226)
	at tudu.integration.IntegrationTest.testCreateTodoList(IntegrationTest.java:106)
</error>
    <system-out>0    [main] DEBUG org.aspectj.weaver.loadtime.Aj  - 16:57:59.514 main &gt; org.aspectj.weaver.loadtime.Aj.&lt;init&gt; org.aspectj.weaver.loadtime.Aj@58027738 null, sun.misc.Launcher$AppClassLoader@302b2c81
1    [main] DEBUG org.aspectj.weaver.loadtime.Aj  - 16:57:59.521 main &lt; org.aspectj.weaver.loadtime.Aj.&lt;init&gt;
3    [main] DEBUG org.aspectj.weaver.loadtime.Aj  - 16:57:59.523 main &gt; org.aspectj.weaver.loadtime.Aj.preProcess org.aspectj.weaver.loadtime.Aj@58027738 org/springframework/test/jpa/AbstractJpaTests$ShadowingLoadTimeWeaver, byte[2296], org.springframework.test.jpa.OrmXmlOverridingShadowingClassLoader@2bbf1be2
3    [main] DEBUG org.aspectj.weaver.loadtime.Aj  - 16:57:59.523 main - org.aspectj.weaver.loadtime.Aj.preProcess org.aspectj.weaver.loadtime.Aj@58027738 sun.misc.Launcher$AppClassLoader@302b2c81, org.springframework.test.jpa.OrmXmlOverridingShadowingClassLoader@2bbf1be2
16   [main] DEBUG org.aspectj.weaver.loadtime.Aj  - 16:57:59.536 main &gt; org.aspectj.weaver.loadtime.Aj.preProcess org.aspectj.weaver.loadtime.Aj@58027738 org/apache/log4j/Logger, byte[2567], org.springframework.test.jpa.OrmXmlOverridingShadowingClassLoader@2bbf1be2
16   [main] DEBUG org.aspectj.weaver.loadtime.Aj  - 16:57:59.536 main - org.aspectj.weaver.loadtime.Aj.preProcess org.aspectj.weaver.loadtime.Aj@58027738 sun.misc.Launcher$AppClassLoader@302b2c81, org.springframework.test.jpa.OrmXmlOverridingShadowingClassLoader@2bbf1be2
17   [main] ERROR org.aspectj.weaver.loadtime.Aj  - org/apache/log4j/Logger
java.lang.NullPointerException
	at org.aspectj.weaver.loadtime.ClassLoaderWeavingAdaptor.&lt;init&gt;(ClassLoaderWeavingAdaptor.java:84)
	at org.aspectj.weaver.loadtime.Aj$WeaverContainer.getWeaver(Aj.java:115)
	at org.aspectj.weaver.loadtime.Aj.preProcess(Aj.java:73)
	at org.aspectj.weaver.loadtime.ClassPreProcessorAgentAdapter.transform(ClassPreProcessorAgentAdapter.java:52)
	at org.springframework.instrument.classloading.ShadowingClassLoader.applyTransformers(ShadowingClassLoader.java:172)
	at org.springframework.instrument.classloading.ShadowingClassLoader.doLoadClass(ShadowingClassLoader.java:150)
	at org.springframework.instrument.classloading.ShadowingClassLoader.loadClass(ShadowingClassLoader.java:102)
	at org.apache.commons.logging.impl.LogFactoryImpl$1.run(LogFactoryImpl.java:441)
	at java.security.AccessController.doPrivileged(Native Method)
	at org.apache.commons.logging.impl.LogFactoryImpl.loadClass(LogFactoryImpl.java:435)
	at org.apache.commons.logging.impl.LogFactoryImpl.isLog4JAvailable(LogFactoryImpl.java:505)
	at org.apache.commons.logging.impl.LogFactoryImpl.getLogClassName(LogFactoryImpl.java:327)
	at org.apache.commons.logging.impl.LogFactoryImpl.getLogConstructor(LogFactoryImpl.java:368)
	at org.apache.commons.logging.impl.LogFactoryImpl.newInstance(LogFactoryImpl.java:529)
	at org.apache.commons.logging.impl.LogFactoryImpl.getInstance(LogFactoryImpl.java:235)
	at org.apache.commons.logging.impl.LogFactoryImpl.getInstance(LogFactoryImpl.java:209)
	at org.apache.commons.logging.LogFactory.getLog(LogFactory.java:351)
	at org.aspectj.weaver.tools.CommonsTrace.&lt;init&gt;(CommonsTrace.java:23)
	at org.aspectj.weaver.tools.CommonsTraceFactory.getTrace(CommonsTraceFactory.java:20)
	at org.aspectj.weaver.tools.WeavingAdaptor.&lt;clinit&gt;(WeavingAdaptor.java:90)
	at org.aspectj.weaver.loadtime.Aj$WeaverContainer.getWeaver(Aj.java:115)
	at org.aspectj.weaver.loadtime.Aj.preProcess(Aj.java:73)
	at org.aspectj.weaver.loadtime.ClassPreProcessorAgentAdapter.transform(ClassPreProcessorAgentAdapter.java:52)
	at org.springframework.instrument.classloading.ShadowingClassLoader.applyTransformers(ShadowingClassLoader.java:172)
	at org.springframework.instrument.classloading.ShadowingClassLoader.doLoadClass(ShadowingClassLoader.java:150)
	at org.springframework.instrument.classloading.ShadowingClassLoader.loadClass(ShadowingClassLoader.java:102)
	at org.springframework.test.jpa.AbstractJpaTests.runBare(AbstractJpaTests.java:194)
	at junit.framework.TestResult$1.protect(TestResult.java:106)
	at junit.framework.TestResult.runProtected(TestResult.java:124)
	at junit.framework.TestResult.run(TestResult.java:109)
	at junit.framework.TestCase.run(TestCase.java:118)
	at junit.framework.TestSuite.runTest(TestSuite.java:208)
	at junit.framework.TestSuite.run(TestSuite.java:203)
	at sun.reflect.NativeMethodAccessorImpl.invoke0(Native Method)
	at sun.reflect.NativeMethodAccessorImpl.invoke(NativeMethodAccessorImpl.java:57)
	at sun.reflect.DelegatingMethodAccessorImpl.invoke(DelegatingMethodAccessorImpl.java:43)
	at java.lang.reflect.Method.invoke(Method.java:606)
	at org.apache.maven.surefire.junit.JUnitTestSet.execute(JUnitTestSet.java:95)
	at org.apache.maven.surefire.junit.JUnit3Provider.executeTestSet(JUnit3Provider.java:121)
	at org.apache.maven.surefire.junit.JUnit3Provider.invoke(JUnit3Provider.java:98)
	at sun.reflect.NativeMethodAccessorImpl.invoke0(Native Method)
	at sun.reflect.NativeMethodAccessorImpl.invoke(NativeMethodAccessorImpl.java:57)
	at sun.reflect.DelegatingMethodAccessorImpl.invoke(DelegatingMethodAccessorImpl.java:43)
	at java.lang.reflect.Method.invoke(Method.java:606)
	at org.apache.maven.surefire.util.ReflectionUtils.invokeMethodWithArray(ReflectionUtils.java:189)
	at org.apache.maven.surefire.booter.ProviderFactory$ProviderProxy.invoke(ProviderFactory.java:165)
	at org.apache.maven.surefire.booter.ProviderFactory.invokeProvider(ProviderFactory.java:85)
	at org.apache.maven.surefire.booter.ForkedBooter.runSuitesInProcess(ForkedBooter.java:115)
	at org.apache.maven.surefire.booter.ForkedBooter.main(ForkedBooter.java:75)
21   [main] DEBUG org.aspectj.weaver.loadtime.Aj  - 16:57:59.541 main &gt; org.aspectj.weaver.loadtime.Aj.preProcess org.aspectj.weaver.loadtime.Aj@58027738 org/apache/log4j/Logger, byte[2567], org.springframework.test.jpa.OrmXmlOverridingShadowingClassLoader@2bbf1be2
21   [main] DEBUG org.aspectj.weaver.loadtime.Aj  - 16:57:59.541 main - org.aspectj.weaver.loadtime.Aj.preProcess org.aspectj.weaver.loadtime.Aj@58027738 sun.misc.Launcher$AppClassLoader@302b2c81, org.springframework.test.jpa.OrmXmlOverridingShadowingClassLoader@2bbf1be2
21   [main] ERROR org.aspectj.weaver.loadtime.Aj  - org/apache/log4j/Logger
java.lang.NullPointerException
	at org.aspectj.weaver.loadtime.ClassLoaderWeavingAdaptor.&lt;init&gt;(ClassLoaderWeavingAdaptor.java:84)
	at org.aspectj.weaver.loadtime.Aj$WeaverContainer.getWeaver(Aj.java:115)
	at org.aspectj.weaver.loadtime.Aj.preProcess(Aj.java:73)
	at org.aspectj.weaver.loadtime.ClassPreProcessorAgentAdapter.transform(ClassPreProcessorAgentAdapter.java:52)
	at org.springframework.instrument.classloading.ShadowingClassLoader.applyTransformers(ShadowingClassLoader.java:172)
	at org.springframework.instrument.classloading.ShadowingClassLoader.doLoadClass(ShadowingClassLoader.java:150)
	at org.springframework.instrument.classloading.ShadowingClassLoader.loadClass(ShadowingClassLoader.java:102)
	at org.apache.commons.logging.impl.LogFactoryImpl$1.run(LogFactoryImpl.java:441)
	at java.security.AccessController.doPrivileged(Native Method)
	at org.apache.commons.logging.impl.LogFactoryImpl.loadClass(LogFactoryImpl.java:435)
	at org.apache.commons.logging.impl.LogFactoryImpl.isLog4JAvailable(LogFactoryImpl.java:505)
	at org.apache.commons.logging.impl.LogFactoryImpl.getLogClassName(LogFactoryImpl.java:327)
	at org.apache.commons.logging.impl.LogFactoryImpl.getLogConstructor(LogFactoryImpl.java:368)
	at org.apache.commons.logging.impl.LogFactoryImpl.newInstance(LogFactoryImpl.java:529)
	at org.apache.commons.logging.impl.LogFactoryImpl.getInstance(LogFactoryImpl.java:235)
	at org.apache.commons.logging.impl.LogFactoryImpl.getInstance(LogFactoryImpl.java:209)
	at org.apache.commons.logging.LogFactory.getLog(LogFactory.java:351)
	at org.aspectj.weaver.tools.CommonsTrace.&lt;init&gt;(CommonsTrace.java:23)
	at org.aspectj.weaver.tools.CommonsTraceFactory.getTrace(CommonsTraceFactory.java:20)
	at org.aspectj.weaver.Dump.&lt;clinit&gt;(Dump.java:73)
	at org.aspectj.weaver.loadtime.Aj.preProcess(Aj.java:87)
	at org.aspectj.weaver.loadtime.ClassPreProcessorAgentAdapter.transform(ClassPreProcessorAgentAdapter.java:52)
	at org.springframework.instrument.classloading.ShadowingClassLoader.applyTransformers(ShadowingClassLoader.java:172)
	at org.springframework.instrument.classloading.ShadowingClassLoader.doLoadClass(ShadowingClassLoader.java:150)
	at org.springframework.instrument.classloading.ShadowingClassLoader.loadClass(ShadowingClassLoader.java:102)
	at org.apache.commons.logging.impl.LogFactoryImpl$1.run(LogFactoryImpl.java:441)
	at java.security.AccessController.doPrivileged(Native Method)
	at org.apache.commons.logging.impl.LogFactoryImpl.loadClass(LogFactoryImpl.java:435)
	at org.apache.commons.logging.impl.LogFactoryImpl.isLog4JAvailable(LogFactoryImpl.java:505)
	at org.apache.commons.logging.impl.LogFactoryImpl.getLogClassName(LogFactoryImpl.java:327)
	at org.apache.commons.logging.impl.LogFactoryImpl.getLogConstructor(LogFactoryImpl.java:368)
	at org.apache.commons.logging.impl.LogFactoryImpl.newInstance(LogFactoryImpl.java:529)
	at org.apache.commons.logging.impl.LogFactoryImpl.getInstance(LogFactoryImpl.java:235)
	at org.apache.commons.logging.impl.LogFactoryImpl.getInstance(LogFactoryImpl.java:209)
	at org.apache.commons.logging.LogFactory.getLog(LogFactory.java:351)
	at org.aspectj.weaver.tools.CommonsTrace.&lt;init&gt;(CommonsTrace.java:23)
	at org.aspectj.weaver.tools.CommonsTraceFactory.getTrace(CommonsTraceFactory.java:20)
	at org.aspectj.weaver.tools.WeavingAdaptor.&lt;clinit&gt;(WeavingAdaptor.java:90)
	at org.aspectj.weaver.loadtime.Aj$WeaverContainer.getWeaver(Aj.java:115)
	at org.aspectj.weaver.loadtime.Aj.preProcess(Aj.java:73)
	at org.aspectj.weaver.loadtime.ClassPreProcessorAgentAdapter.transform(ClassPreProcessorAgentAdapter.java:52)
	at org.springframework.instrument.classloading.ShadowingClassLoader.applyTransformers(ShadowingClassLoader.java:172)
	at org.springframework.instrument.classloading.ShadowingClassLoader.doLoadClass(ShadowingClassLoader.java:150)
	at org.springframework.instrument.classloading.ShadowingClassLoader.loadClass(ShadowingClassLoader.java:102)
	at org.springframework.test.jpa.AbstractJpaTests.runBare(AbstractJpaTests.java:194)
	at junit.framework.TestResult$1.protect(TestResult.java:106)
	at junit.framework.TestResult.runProtected(TestResult.java:124)
	at junit.framework.TestResult.run(TestResult.java:109)
	at junit.framework.TestCase.run(TestCase.java:118)
	at junit.framework.TestSuite.runTest(TestSuite.java:208)
	at junit.framework.TestSuite.run(TestSuite.java:203)
	at sun.reflect.NativeMethodAccessorImpl.invoke0(Native Method)
	at sun.reflect.NativeMethodAccessorImpl.invoke(NativeMethodAccessorImpl.java:57)
	at sun.reflect.DelegatingMethodAccessorImpl.invoke(DelegatingMethodAccessorImpl.java:43)
	at java.lang.reflect.Method.invoke(Method.java:606)
	at org.apache.maven.surefire.junit.JUnitTestSet.execute(JUnitTestSet.java:95)
	at org.apache.maven.surefire.junit.JUnit3Provider.executeTestSet(JUnit3Provider.java:121)
	at org.apache.maven.surefire.junit.JUnit3Provider.invoke(JUnit3Provider.java:98)
	at sun.reflect.NativeMethodAccessorImpl.invoke0(Native Method)
	at sun.reflect.NativeMethodAccessorImpl.invoke(NativeMethodAccessorImpl.java:57)
	at sun.reflect.DelegatingMethodAccessorImpl.invoke(DelegatingMethodAccessorImpl.java:43)
	at java.lang.reflect.Method.invoke(Method.java:606)
	at org.apache.maven.surefire.util.ReflectionUtils.invokeMethodWithArray(ReflectionUtils.java:189)
	at org.apache.maven.surefire.booter.ProviderFactory$ProviderProxy.invoke(ProviderFactory.java:165)
	at org.apache.maven.surefire.booter.ProviderFactory.invokeProvider(ProviderFactory.java:85)
	at org.apache.maven.surefire.booter.ForkedBooter.runSuitesInProcess(ForkedBooter.java:115)
	at org.apache.maven.surefire.booter.ForkedBooter.main(ForkedBooter.java:75)
41   [main] DEBUG org.aspectj.weaver.loadtime.Aj  - 16:57:59.561 main &lt; org.aspectj.weaver.loadtime.Aj.preProcess java.lang.NullPointerException
42   [main] DEBUG org.aspectj.weaver.loadtime.Aj  - 16:57:59.562 main &gt; org.aspectj.weaver.loadtime.Aj.preProcess org.aspectj.weaver.loadtime.Aj@58027738 org/apache/log4j/Category, byte[10711], org.springframework.test.jpa.OrmXmlOverridingShadowingClassLoader@2bbf1be2
42   [main] DEBUG org.aspectj.weaver.loadtime.Aj  - 16:57:59.562 main - org.aspectj.weaver.loadtime.Aj.preProcess org.aspectj.weaver.loadtime.Aj@58027738 sun.misc.Launcher$AppClassLoader@302b2c81, org.springframework.test.jpa.OrmXmlOverridingShadowingClassLoader@2bbf1be2
42   [main] ERROR org.aspectj.weaver.loadtime.Aj  - org/apache/log4j/Category
java.lang.NullPointerException
	at org.aspectj.weaver.loadtime.ClassLoaderWeavingAdaptor.&lt;init&gt;(ClassLoaderWeavingAdaptor.java:84)
	at org.aspectj.weaver.loadtime.Aj$WeaverContainer.getWeaver(Aj.java:115)
	at org.aspectj.weaver.loadtime.Aj.preProcess(Aj.java:73)
	at org.aspectj.weaver.loadtime.ClassPreProcessorAgentAdapter.transform(ClassPreProcessorAgentAdapter.java:52)
	at org.springframework.instrument.classloading.ShadowingClassLoader.applyTransformers(ShadowingClassLoader.java:172)
	at org.springframework.instrument.classloading.ShadowingClassLoader.doLoadClass(ShadowingClassLoader.java:150)
	at org.springframework.instrument.classloading.ShadowingClassLoader.loadClass(ShadowingClassLoader.java:102)
	at java.lang.ClassLoader.defineClass1(Native Method)
	at java.lang.ClassLoader.defineClass(ClassLoader.java:800)
	at java.lang.ClassLoader.defineClass(ClassLoader.java:643)
	at org.springframework.instrument.classloading.ShadowingClassLoader.doLoadClass(ShadowingClassLoader.java:151)
	at org.springframework.instrument.classloading.ShadowingClassLoader.loadClass(ShadowingClassLoader.java:102)
	at org.apache.commons.logging.impl.LogFactoryImpl$1.run(LogFactoryImpl.java:441)
	at java.security.AccessController.doPrivileged(Native Method)
	at org.apache.commons.logging.impl.LogFactoryImpl.loadClass(LogFactoryImpl.java:435)
	at org.apache.commons.logging.impl.LogFactoryImpl.isLog4JAvailable(LogFactoryImpl.java:505)
	at org.apache.commons.logging.impl.LogFactoryImpl.getLogClassName(LogFactoryImpl.java:327)
	at org.apache.commons.logging.impl.LogFactoryImpl.getLogConstructor(LogFactoryImpl.java:368)
	at org.apache.commons.logging.impl.LogFactoryImpl.newInstance(LogFactoryImpl.java:529)
	at org.apache.commons.logging.impl.LogFactoryImpl.getInstance(LogFactoryImpl.java:235)
	at org.apache.commons.logging.impl.LogFactoryImpl.getInstance(LogFactoryImpl.java:209)
	at org.apache.commons.logging.LogFactory.getLog(LogFactory.java:351)
	at org.aspectj.weaver.tools.CommonsTrace.&lt;init&gt;(CommonsTrace.java:23)
	at org.aspectj.weaver.tools.CommonsTraceFactory.getTrace(CommonsTraceFactory.java:20)
	at org.aspectj.weaver.tools.WeavingAdaptor.&lt;clinit&gt;(WeavingAdaptor.java:90)
	at org.aspectj.weaver.loadtime.Aj$WeaverContainer.getWeaver(Aj.java:115)
	at org.aspectj.weaver.loadtime.Aj.preProcess(Aj.java:73)
	at org.aspectj.weaver.loadtime.ClassPreProcessorAgentAdapter.transform(ClassPreProcessorAgentAdapter.java:52)
	at org.springframework.instrument.classloading.ShadowingClassLoader.applyTransformers(ShadowingClassLoader.java:172)
	at org.springframework.instrument.classloading.ShadowingClassLoader.doLoadClass(ShadowingClassLoader.java:150)
	at org.springframework.instrument.classloading.ShadowingClassLoader.loadClass(ShadowingClassLoader.java:102)
	at org.springframework.test.jpa.AbstractJpaTests.runBare(AbstractJpaTests.java:194)
	at junit.framework.TestResult$1.protect(TestResult.java:106)
	at junit.framework.TestResult.runProtected(TestResult.java:124)
	at junit.framework.TestResult.run(TestResult.java:109)
	at junit.framework.TestCase.run(TestCase.java:118)
	at junit.framework.TestSuite.runTest(TestSuite.java:208)
	at junit.framework.TestSuite.run(TestSuite.java:203)
	at sun.reflect.NativeMethodAccessorImpl.invoke0(Native Method)
	at sun.reflect.NativeMethodAccessorImpl.invoke(NativeMethodAccessorImpl.java:57)
	at sun.reflect.DelegatingMethodAccessorImpl.invoke(DelegatingMethodAccessorImpl.java:43)
	at java.lang.reflect.Method.invoke(Method.java:606)
	at org.apache.maven.surefire.junit.JUnitTestSet.execute(JUnitTestSet.java:95)
	at org.apache.maven.surefire.junit.JUnit3Provider.executeTestSet(JUnit3Provider.java:121)
	at org.apache.maven.surefire.junit.JUnit3Provider.invoke(JUnit3Provider.java:98)
	at sun.reflect.NativeMethodAccessorImpl.invoke0(Native Method)
	at sun.reflect.NativeMethodAccessorImpl.invoke(NativeMethodAccessorImpl.java:57)
	at sun.reflect.DelegatingMethodAccessorImpl.invoke(DelegatingMethodAccessorImpl.java:43)
	at java.lang.reflect.Method.invoke(Method.java:606)
	at org.apache.maven.surefire.util.ReflectionUtils.invokeMethodWithArray(ReflectionUtils.java:189)
	at org.apache.maven.surefire.booter.ProviderFactory$ProviderProxy.invoke(ProviderFactory.java:165)
	at org.apache.maven.surefire.booter.ProviderFactory.invokeProvider(ProviderFactory.java:85)
	at org.apache.maven.surefire.booter.ForkedBooter.runSuitesInProcess(ForkedBooter.java:115)
	at org.apache.maven.surefire.booter.ForkedBooter.main(ForkedBooter.java:75)
47   [main] DEBUG org.aspectj.weaver.loadtime.Aj  - 16:57:59.567 main &lt; org.aspectj.weaver.loadtime.Aj.preProcess java.lang.NullPointerException
48   [main] DEBUG org.aspectj.weaver.loadtime.Aj  - 16:57:59.568 main &gt; org.aspectj.weaver.loadtime.Aj.preProcess org.aspectj.weaver.loadtime.Aj@58027738 org/apache/log4j/spi/AppenderAttachable, byte[465], org.springframework.test.jpa.OrmXmlOverridingShadowingClassLoader@2bbf1be2
48   [main] DEBUG org.aspectj.weaver.loadtime.Aj  - 16:57:59.568 main - org.aspectj.weaver.loadtime.Aj.preProcess org.aspectj.weaver.loadtime.Aj@58027738 sun.misc.Launcher$AppClassLoader@302b2c81, org.springframework.test.jpa.OrmXmlOverridingShadowingClassLoader@2bbf1be2
48   [main] ERROR org.aspectj.weaver.loadtime.Aj  - org/apache/log4j/spi/AppenderAttachable
java.lang.NullPointerException
	at org.aspectj.weaver.loadtime.ClassLoaderWeavingAdaptor.&lt;init&gt;(ClassLoaderWeavingAdaptor.java:84)
	at org.aspectj.weaver.loadtime.Aj$WeaverContainer.getWeaver(Aj.java:115)
	at org.aspectj.weaver.loadtime.Aj.preProcess(Aj.java:73)
	at org.aspectj.weaver.loadtime.ClassPreProcessorAgentAdapter.transform(ClassPreProcessorAgentAdapter.java:52)
	at org.springframework.instrument.classloading.ShadowingClassLoader.applyTransformers(ShadowingClassLoader.java:172)
	at org.springframework.instrument.classloading.ShadowingClassLoader.doLoadClass(ShadowingClassLoader.java:150)
	at org.springframework.instrument.classloading.ShadowingClassLoader.loadClass(ShadowingClassLoader.java:102)
	at java.lang.ClassLoader.defineClass1(Native Method)
	at java.lang.ClassLoader.defineClass(ClassLoader.java:800)
	at java.lang.ClassLoader.defineClass(ClassLoader.java:643)
	at org.springframework.instrument.classloading.ShadowingClassLoader.doLoadClass(ShadowingClassLoader.java:151)
	at org.springframework.instrument.classloading.ShadowingClassLoader.loadClass(ShadowingClassLoader.java:102)
	at java.lang.ClassLoader.defineClass1(Native Method)
	at java.lang.ClassLoader.defineClass(ClassLoader.java:800)
	at java.lang.ClassLoader.defineClass(ClassLoader.java:643)
	at org.springframework.instrument.classloading.ShadowingClassLoader.doLoadClass(ShadowingClassLoader.java:151)
	at org.springframework.instrument.classloading.ShadowingClassLoader.loadClass(ShadowingClassLoader.java:102)
	at org.apache.commons.logging.impl.LogFactoryImpl$1.run(LogFactoryImpl.java:441)
	at java.security.AccessController.doPrivileged(Native Method)
	at org.apache.commons.logging.impl.LogFactoryImpl.loadClass(LogFactoryImpl.java:435)
	at org.apache.commons.logging.impl.LogFactoryImpl.isLog4JAvailable(LogFactoryImpl.java:505)
	at org.apache.commons.logging.impl.LogFactoryImpl.getLogClassName(LogFactoryImpl.java:327)
	at org.apache.commons.logging.impl.LogFactoryImpl.getLogConstructor(LogFactoryImpl.java:368)
	at org.apache.commons.logging.impl.LogFactoryImpl.newInstance(LogFactoryImpl.java:529)
	at org.apache.commons.logging.impl.LogFactoryImpl.getInstance(LogFactoryImpl.java:235)
	at org.apache.commons.logging.impl.LogFactoryImpl.getInstance(LogFactoryImpl.java:209)
	at org.apache.commons.logging.LogFactory.getLog(LogFactory.java:351)
	at org.aspectj.weaver.tools.CommonsTrace.&lt;init&gt;(CommonsTrace.java:23)
	at org.aspectj.weaver.tools.CommonsTraceFactory.getTrace(CommonsTraceFactory.java:20)
	at org.aspectj.weaver.tools.WeavingAdaptor.&lt;clinit&gt;(WeavingAdaptor.java:90)
	at org.aspectj.weaver.loadtime.Aj$WeaverContainer.getWeaver(Aj.java:115)
	at org.aspectj.weaver.loadtime.Aj.preProcess(Aj.java:73)
	at org.aspectj.weaver.loadtime.ClassPreProcessorAgentAdapter.transform(ClassPreProcessorAgentAdapter.java:52)
	at org.springframework.instrument.classloading.ShadowingClassLoader.applyTransformers(ShadowingClassLoader.java:172)
	at org.springframework.instrument.classloading.ShadowingClassLoader.doLoadClass(ShadowingClassLoader.java:150)
	at org.springframework.instrument.classloading.ShadowingClassLoader.loadClass(ShadowingClassLoader.java:102)
	at org.springframework.test.jpa.AbstractJpaTests.runBare(AbstractJpaTests.java:194)
	at junit.framework.TestResult$1.protect(TestResult.java:106)
	at junit.framework.TestResult.runProtected(TestResult.java:124)
	at junit.framework.TestResult.run(TestResult.java:109)
	at junit.framework.TestCase.run(TestCase.java:118)
	at junit.framework.TestSuite.runTest(TestSuite.java:208)
	at junit.framework.TestSuite.run(TestSuite.java:203)
	at sun.reflect.NativeMethodAccessorImpl.invoke0(Native Method)
	at sun.reflect.NativeMethodAccessorImpl.invoke(NativeMethodAccessorImpl.java:57)
	at sun.reflect.DelegatingMethodAccessorImpl.invoke(DelegatingMethodAccessorImpl.java:43)
	at java.lang.reflect.Method.invoke(Method.java:606)
	at org.apache.maven.surefire.junit.JUnitTestSet.execute(JUnitTestSet.java:95)
	at org.apache.maven.surefire.junit.JUnit3Provider.executeTestSet(JUnit3Provider.java:121)
	at org.apache.maven.surefire.junit.JUnit3Provider.invoke(JUnit3Provider.java:98)
	at sun.reflect.NativeMethodAccessorImpl.invoke0(Native Method)
	at sun.reflect.NativeMethodAccessorImpl.invoke(NativeMethodAccessorImpl.java:57)
	at sun.reflect.DelegatingMethodAccessorImpl.invoke(DelegatingMethodAccessorImpl.java:43)
	at java.lang.reflect.Method.invoke(Method.java:606)
	at org.apache.maven.surefire.util.ReflectionUtils.invokeMethodWithArray(ReflectionUtils.java:189)
	at org.apache.maven.surefire.booter.ProviderFactory$ProviderProxy.invoke(ProviderFactory.java:165)
	at org.apache.maven.surefire.booter.ProviderFactory.invokeProvider(ProviderFactory.java:85)
	at org.apache.maven.surefire.booter.ForkedBooter.runSuitesInProcess(ForkedBooter.java:115)
	at org.apache.maven.surefire.booter.ForkedBooter.main(ForkedBooter.java:75)
54   [main] DEBUG org.aspectj.weaver.loadtime.Aj  - 16:57:59.574 main &lt; org.aspectj.weaver.loadtime.Aj.preProcess java.lang.NullPointerException
54   [main] DEBUG org.aspectj.weaver.loadtime.ClassLoaderWeavingAdaptor  - 16:57:59.574 main &gt; org.aspectj.weaver.loadtime.ClassLoaderWeavingAdaptor.&lt;init&gt; org.aspectj.weaver.loadtime.ClassLoaderWeavingAdaptor@10b090ac
55   [main] DEBUG org.aspectj.weaver.loadtime.ClassLoaderWeavingAdaptor  - 16:57:59.575 main &lt; org.aspectj.weaver.loadtime.ClassLoaderWeavingAdaptor.&lt;init&gt;
56   [main] DEBUG org.aspectj.weaver.loadtime.ClassLoaderWeavingAdaptor  - 16:57:59.576 main &gt; org.aspectj.weaver.loadtime.ClassLoaderWeavingAdaptor.initialize org.aspectj.weaver.loadtime.ClassLoaderWeavingAdaptor@10b090ac org.springframework.test.jpa.OrmXmlOverridingShadowingClassLoader@2bbf1be2, null
64   [main] DEBUG org.aspectj.weaver.loadtime.DefaultWeavingContext  - 16:57:59.584 main &gt; org.aspectj.weaver.loadtime.DefaultWeavingContext.getDefinitions org.aspectj.weaver.loadtime.DefaultWeavingContext@6bee8099 org.springframework.test.jpa.OrmXmlOverridingShadowingClassLoader@2bbf1be2, org.aspectj.weaver.loadtime.ClassLoaderWeavingAdaptor@10b090ac
64   [main] DEBUG org.aspectj.weaver.loadtime.ClassLoaderWeavingAdaptor  - 16:57:59.584 main &gt; org.aspectj.weaver.loadtime.ClassLoaderWeavingAdaptor.parseDefinitions org.aspectj.weaver.loadtime.ClassLoaderWeavingAdaptor@10b090ac org.springframework.test.jpa.OrmXmlOverridingShadowingClassLoader@2bbf1be2
64   [main] DEBUG org.aspectj.weaver.loadtime.ClassLoaderWeavingAdaptor  - 16:57:59.584 main - org.aspectj.weaver.loadtime.ClassLoaderWeavingAdaptor.parseDefinitions org.aspectj.weaver.loadtime.ClassLoaderWeavingAdaptor@10b090ac META-INF/aop.xml;META-INF/aop-ajc.xml;org/aspectj/aop.xml
65   [main] DEBUG org.aspectj.weaver.loadtime.ClassLoaderWeavingAdaptor  - 16:57:59.585 main &lt; org.aspectj.weaver.loadtime.ClassLoaderWeavingAdaptor.parseDefinitions java.util.ArrayList(0)
65   [main] DEBUG org.aspectj.weaver.loadtime.DefaultWeavingContext  - 16:57:59.585 main &lt; org.aspectj.weaver.loadtime.DefaultWeavingContext.getDefinitions java.util.ArrayList(0)
65   [main] DEBUG org.aspectj.weaver.tools.WeavingAdaptor  - 16:57:59.585 main &gt; org.aspectj.weaver.tools.WeavingAdaptor.disable org.aspectj.weaver.loadtime.ClassLoaderWeavingAdaptor@10b090ac
65   [main] DEBUG org.aspectj.weaver.tools.WeavingAdaptor  - 16:57:59.585 main &lt; org.aspectj.weaver.tools.WeavingAdaptor.disable
65   [main] DEBUG org.aspectj.weaver.loadtime.ClassLoaderWeavingAdaptor  - 16:57:59.585 main &lt; org.aspectj.weaver.loadtime.ClassLoaderWeavingAdaptor.initialize java.util.ArrayList(0)
65   [main] DEBUG org.aspectj.weaver.tools.WeavingAdaptor  - 16:57:59.585 main &gt; org.aspectj.weaver.tools.WeavingAdaptor.weaveClass org.aspectj.weaver.loadtime.ClassLoaderWeavingAdaptor@10b090ac org/springframework/test/jpa/AbstractJpaTests$ShadowingLoadTimeWeaver, byte[2296]
66   [main] DEBUG org.aspectj.weaver.tools.WeavingAdaptor  - 16:57:59.585 main &lt; org.aspectj.weaver.tools.WeavingAdaptor.weaveClass false
66   [main] DEBUG org.aspectj.weaver.loadtime.Aj  - 16:57:59.586 main &lt; org.aspectj.weaver.loadtime.Aj.preProcess byte[2296]
66   [main] DEBUG org.aspectj.weaver.loadtime.Aj  - 16:57:59.586 main &gt; org.aspectj.weaver.loadtime.Aj.preProcess org.aspectj.weaver.loadtime.Aj@58027738 org/springframework/instrument/classloading/LoadTimeWeaver, byte[328], org.springframework.test.jpa.OrmXmlOverridingShadowingClassLoader@2bbf1be2
66   [main] DEBUG org.aspectj.weaver.loadtime.Aj  - 16:57:59.586 main - org.aspectj.weaver.loadtime.Aj.preProcess org.aspectj.weaver.loadtime.Aj@58027738 sun.misc.Launcher$AppClassLoader@302b2c81, org.springframework.test.jpa.OrmXmlOverridingShadowingClassLoader@2bbf1be2
66   [main] DEBUG org.aspectj.weaver.tools.WeavingAdaptor  - 16:57:59.586 main &gt; org.aspectj.weaver.tools.WeavingAdaptor.weaveClass org.aspectj.weaver.loadtime.ClassLoaderWeavingAdaptor@10b090ac org/springframework/instrument/classloading/LoadTimeWeaver, byte[328]
66   [main] DEBUG org.aspectj.weaver.tools.WeavingAdaptor  - 16:57:59.586 main &lt; org.aspectj.weaver.tools.WeavingAdaptor.weaveClass false
66   [main] DEBUG org.aspectj.weaver.loadtime.Aj  - 16:57:59.586 main &lt; org.aspectj.weaver.loadtime.Aj.preProcess byte[328]
67   [main] DEBUG org.aspectj.weaver.loadtime.Aj  - 16:57:59.587 main &gt; org.aspectj.weaver.loadtime.Aj.preProcess org.aspectj.weaver.loadtime.Aj@58027738 org/springframework/beans/factory/support/DefaultListableBeanFactory, byte[20370], org.springframework.test.jpa.OrmXmlOverridingShadowingClassLoader@2bbf1be2
67   [main] DEBUG org.aspectj.weaver.loadtime.Aj  - 16:57:59.587 main - org.aspectj.weaver.loadtime.Aj.preProcess org.aspectj.weaver.loadtime.Aj@58027738 sun.misc.Launcher$AppClassLoader@302b2c81, org.springframework.test.jpa.OrmXmlOverridingShadowingClassLoader@2bbf1be2
67   [main] DEBUG org.aspectj.weaver.tools.WeavingAdaptor  - 16:57:59.587 main &gt; org.aspectj.weaver.tools.WeavingAdaptor.weaveClass org.aspectj.weaver.loadtime.ClassLoaderWeavingAdaptor@10b090ac org/springframework/beans/factory/support/DefaultListableBeanFactory, byte[20370]
67   [main] DEBUG org.aspectj.weaver.tools.WeavingAdaptor  - 16:57:59.587 main &lt; org.aspectj.weaver.tools.WeavingAdaptor.weaveClass false
67   [main] DEBUG org.aspectj.weaver.loadtime.Aj  - 16:57:59.587 main &lt; org.aspectj.weaver.loadtime.Aj.preProcess byte[20370]
68   [main] DEBUG org.aspectj.weaver.loadtime.Aj  - 16:57:59.588 main &gt; org.aspectj.weaver.loadtime.Aj.preProcess org.aspectj.weaver.loadtime.Aj@58027738 org/springframework/beans/factory/config/ConfigurableListableBeanFactory, byte[1054], org.springframework.test.jpa.OrmXmlOverridingShadowingClassLoader@2bbf1be2
68   [main] DEBUG org.aspectj.weaver.loadtime.Aj  - 16:57:59.588 main - org.aspectj.weaver.loadtime.Aj.preProcess org.aspectj.weaver.loadtime.Aj@58027738 sun.misc.Launcher$AppClassLoader@302b2c81, org.springframework.test.jpa.OrmXmlOverridingShadowingClassLoader@2bbf1be2
68   [main] DEBUG org.aspectj.weaver.tools.WeavingAdaptor  - 16:57:59.588 main &gt; org.aspectj.weaver.tools.WeavingAdaptor.weaveClass org.aspectj.weaver.loadtime.ClassLoaderWeavingAdaptor@10b090ac org/springframework/beans/factory/config/ConfigurableListableBeanFactory, byte[1054]
68   [main] DEBUG org.aspectj.weaver.tools.WeavingAdaptor  - 16:57:59.588 main &lt; org.aspectj.weaver.tools.WeavingAdaptor.weaveClass false
68   [main] DEBUG org.aspectj.weaver.loadtime.Aj  - 16:57:59.588 main &lt; org.aspectj.weaver.loadtime.Aj.preProcess byte[1054]
69   [main] DEBUG org.aspectj.weaver.loadtime.Aj  - 16:57:59.589 main &gt; org.aspectj.weaver.loadtime.Aj.preProcess org.aspectj.weaver.loadtime.Aj@58027738 org/springframework/beans/factory/ListableBeanFactory, byte[669], org.springframework.test.jpa.OrmXmlOverridingShadowingClassLoader@2bbf1be2
69   [main] DEBUG org.aspectj.weaver.loadtime.Aj  - 16:57:59.589 main - org.aspectj.weaver.loadtime.Aj.preProcess org.aspectj.weaver.loadtime.Aj@58027738 sun.misc.Launcher$AppClassLoader@302b2c81, org.springframework.test.jpa.OrmXmlOverridingShadowingClassLoader@2bbf1be2
69   [main] DEBUG org.aspectj.weaver.tools.WeavingAdaptor  - 16:57:59.589 main &gt; org.aspectj.weaver.tools.WeavingAdaptor.weaveClass org.aspectj.weaver.loadtime.ClassLoaderWeavingAdaptor@10b090ac org/springframework/beans/factory/ListableBeanFactory, byte[669]
69   [main] DEBUG org.aspectj.weaver.tools.WeavingAdaptor  - 16:57:59.589 main &lt; org.aspectj.weaver.tools.WeavingAdaptor.weaveClass false
69   [main] DEBUG org.aspectj.weaver.loadtime.Aj  - 16:57:59.589 main &lt; org.aspectj.weaver.loadtime.Aj.preProcess byte[669]
69   [main] DEBUG org.aspectj.weaver.loadtime.Aj  - 16:57:59.589 main &gt; org.aspectj.weaver.loadtime.Aj.preProcess org.aspectj.weaver.loadtime.Aj@58027738 org/springframework/beans/factory/BeanFactory, byte[885], org.springframework.test.jpa.OrmXmlOverridingShadowingClassLoader@2bbf1be2
69   [main] DEBUG org.aspectj.weaver.loadtime.Aj  - 16:57:59.589 main - org.aspectj.weaver.loadtime.Aj.preProcess org.aspectj.weaver.loadtime.Aj@58027738 sun.misc.Launcher$AppClassLoader@302b2c81, org.springframework.test.jpa.OrmXmlOverridingShadowingClassLoader@2bbf1be2
69   [main] DEBUG org.aspectj.weaver.tools.WeavingAdaptor  - 16:57:59.589 main &gt; org.aspectj.weaver.tools.WeavingAdaptor.weaveClass org.aspectj.weaver.loadtime.ClassLoaderWeavingAdaptor@10b090ac org/springframework/beans/factory/BeanFactory, byte[885]
69   [main] DEBUG org.aspectj.weaver.tools.WeavingAdaptor  - 16:57:59.589 main &lt; org.aspectj.weaver.tools.WeavingAdaptor.weaveClass false
69   [main] DEBUG org.aspectj.weaver.loadtime.Aj  - 16:57:59.589 main &lt; org.aspectj.weaver.loadtime.Aj.preProcess byte[885]
70   [main] DEBUG org.aspectj.weaver.loadtime.Aj  - 16:57:59.590 main &gt; org.aspectj.weaver.loadtime.Aj.preProcess org.aspectj.weaver.loadtime.Aj@58027738 org/springframework/beans/factory/config/AutowireCapableBeanFactory, byte[1455], org.springframework.test.jpa.OrmXmlOverridingShadowingClassLoader@2bbf1be2
70   [main] DEBUG org.aspectj.weaver.loadtime.Aj  - 16:57:59.590 main - org.aspectj.weaver.loadtime.Aj.preProcess org.aspectj.weaver.loadtime.Aj@58027738 sun.misc.Launcher$AppClassLoader@302b2c81, org.springframework.test.jpa.OrmXmlOverridingShadowingClassLoader@2bbf1be2
70   [main] DEBUG org.aspectj.weaver.tools.WeavingAdaptor  - 16:57:59.590 main &gt; org.aspectj.weaver.tools.WeavingAdaptor.weaveClass org.aspectj.weaver.loadtime.ClassLoaderWeavingAdaptor@10b090ac org/springframework/beans/factory/config/AutowireCapableBeanFactory, byte[1455]
70   [main] DEBUG org.aspectj.weaver.tools.WeavingAdaptor  - 16:57:59.590 main &lt; org.aspectj.weaver.tools.WeavingAdaptor.weaveClass false
70   [main] DEBUG org.aspectj.weaver.loadtime.Aj  - 16:57:59.590 main &lt; org.aspectj.weaver.loadtime.Aj.preProcess byte[1455]
70   [main] DEBUG org.aspectj.weaver.loadtime.Aj  - 16:57:59.590 main &gt; org.aspectj.weaver.loadtime.Aj.preProcess org.aspectj.weaver.loadtime.Aj@58027738 org/springframework/beans/factory/config/ConfigurableBeanFactory, byte[2594], org.springframework.test.jpa.OrmXmlOverridingShadowingClassLoader@2bbf1be2
71   [main] DEBUG org.aspectj.weaver.loadtime.Aj  - 16:57:59.591 main - org.aspectj.weaver.loadtime.Aj.preProcess org.aspectj.weaver.loadtime.Aj@58027738 sun.misc.Launcher$AppClassLoader@302b2c81, org.springframework.test.jpa.OrmXmlOverridingShadowingClassLoader@2bbf1be2
71   [main] DEBUG org.aspectj.weaver.tools.WeavingAdaptor  - 16:57:59.591 main &gt; org.aspectj.weaver.tools.WeavingAdaptor.weaveClass org.aspectj.weaver.loadtime.ClassLoaderWeavingAdaptor@10b090ac org/springframework/beans/factory/config/ConfigurableBeanFactory, byte[2594]
71   [main] DEBUG org.aspectj.weaver.tools.WeavingAdaptor  - 16:57:59.591 main &lt; org.aspectj.weaver.tools.WeavingAdaptor.weaveClass false
71   [main] DEBUG org.aspectj.weaver.loadtime.Aj  - 16:57:59.591 main &lt; org.aspectj.weaver.loadtime.Aj.preProcess byte[2594]
71   [main] DEBUG org.aspectj.weaver.loadtime.Aj  - 16:57:59.591 main &gt; org.aspectj.weaver.loadtime.Aj.preProcess org.aspectj.weaver.loadtime.Aj@58027738 org/springframework/beans/factory/HierarchicalBeanFactory, byte[349], org.springframework.test.jpa.OrmXmlOverridingShadowingClassLoader@2bbf1be2
71   [main] DEBUG org.aspectj.weaver.loadtime.Aj  - 16:57:59.591 main - org.aspectj.weaver.loadtime.Aj.preProcess org.aspectj.weaver.loadtime.Aj@58027738 sun.misc.Launcher$AppClassLoader@302b2c81, org.springframework.test.jpa.OrmXmlOverridingShadowingClassLoader@2bbf1be2
71   [main] DEBUG org.aspectj.weaver.tools.WeavingAdaptor  - 16:57:59.591 main &gt; org.aspectj.weaver.tools.WeavingAdaptor.weaveClass org.aspectj.weaver.loadtime.ClassLoaderWeavingAdaptor@10b090ac org/springframework/beans/factory/HierarchicalBeanFactory, byte[349]
71   [main] DEBUG org.aspectj.weaver.tools.WeavingAdaptor  - 16:57:59.591 main &lt; org.aspectj.weaver.tools.WeavingAdaptor.weaveClass false
71   [main] DEBUG org.aspectj.weaver.loadtime.Aj  - 16:57:59.591 main &lt; org.aspectj.weaver.loadtime.Aj.preProcess byte[349]
72   [main] DEBUG org.aspectj.weaver.loadtime.Aj  - 16:57:59.592 main &gt; org.aspectj.weaver.loadtime.Aj.preProcess org.aspectj.weaver.loadtime.Aj@58027738 org/springframework/beans/factory/config/SingletonBeanRegistry, byte[436], org.springframework.test.jpa.OrmXmlOverridingShadowingClassLoader@2bbf1be2
72   [main] DEBUG org.aspectj.weaver.loadtime.Aj  - 16:57:59.592 main - org.aspectj.weaver.loadtime.Aj.preProcess org.aspectj.weaver.loadtime.Aj@58027738 sun.misc.Launcher$AppClassLoader@302b2c81, org.springframework.test.jpa.OrmXmlOverridingShadowingClassLoader@2bbf1be2
72   [main] DEBUG org.aspectj.weaver.tools.WeavingAdaptor  - 16:57:59.592 main &gt; org.aspectj.weaver.tools.WeavingAdaptor.weaveClass org.aspectj.weaver.loadtime.ClassLoaderWeavingAdaptor@10b090ac org/springframework/beans/factory/config/SingletonBeanRegistry, byte[436]
72   [main] DEBUG org.aspectj.weaver.tools.WeavingAdaptor  - 16:57:59.592 main &lt; org.aspectj.weaver.tools.WeavingAdaptor.weaveClass false
72   [main] DEBUG org.aspectj.weaver.loadtime.Aj  - 16:57:59.592 main &lt; org.aspectj.weaver.loadtime.Aj.preProcess byte[436]
72   [main] DEBUG org.aspectj.weaver.loadtime.Aj  - 16:57:59.592 main &gt; org.aspectj.weaver.loadtime.Aj.preProcess org.aspectj.weaver.loadtime.Aj@58027738 org/springframework/beans/factory/support/BeanDefinitionRegistry, byte[849], org.springframework.test.jpa.OrmXmlOverridingShadowingClassLoader@2bbf1be2
73   [main] DEBUG org.aspectj.weaver.loadtime.Aj  - 16:57:59.593 main - org.aspectj.weaver.loadtime.Aj.preProcess org.aspectj.weaver.loadtime.Aj@58027738 sun.misc.Launcher$AppClassLoader@302b2c81, org.springframework.test.jpa.OrmXmlOverridingShadowingClassLoader@2bbf1be2
73   [main] DEBUG org.aspectj.weaver.tools.WeavingAdaptor  - 16:57:59.593 main &gt; org.aspectj.weaver.tools.WeavingAdaptor.weaveClass org.aspectj.weaver.loadtime.ClassLoaderWeavingAdaptor@10b090ac org/springframework/beans/factory/support/BeanDefinitionRegistry, byte[849]
73   [main] DEBUG org.aspectj.weaver.tools.WeavingAdaptor  - 16:57:59.593 main &lt; org.aspectj.weaver.tools.WeavingAdaptor.weaveClass false
73   [main] DEBUG org.aspectj.weaver.loadtime.Aj  - 16:57:59.593 main &lt; org.aspectj.weaver.loadtime.Aj.preProcess byte[849]
73   [main] DEBUG org.aspectj.weaver.loadtime.Aj  - 16:57:59.593 main &gt; org.aspectj.weaver.loadtime.Aj.preProcess org.aspectj.weaver.loadtime.Aj@58027738 org/springframework/core/AliasRegistry, byte[349], org.springframework.test.jpa.OrmXmlOverridingShadowingClassLoader@2bbf1be2
73   [main] DEBUG org.aspectj.weaver.loadtime.Aj  - 16:57:59.593 main - org.aspectj.weaver.loadtime.Aj.preProcess org.aspectj.weaver.loadtime.Aj@58027738 sun.misc.Launcher$AppClassLoader@302b2c81, org.springframework.test.jpa.OrmXmlOverridingShadowingClassLoader@2bbf1be2
73   [main] DEBUG org.aspectj.weaver.tools.WeavingAdaptor  - 16:57:59.593 main &gt; org.aspectj.weaver.tools.WeavingAdaptor.weaveClass org.aspectj.weaver.loadtime.ClassLoaderWeavingAdaptor@10b090ac org/springframework/core/AliasRegistry, byte[349]
73   [main] DEBUG org.aspectj.weaver.tools.WeavingAdaptor  - 16:57:59.593 main &lt; org.aspectj.weaver.tools.WeavingAdaptor.weaveClass false
74   [main] DEBUG org.aspectj.weaver.loadtime.Aj  - 16:57:59.593 main &lt; org.aspectj.weaver.loadtime.Aj.preProcess byte[349]
74   [main] DEBUG org.aspectj.weaver.loadtime.Aj  - 16:57:59.594 main &gt; org.aspectj.weaver.loadtime.Aj.preProcess org.aspectj.weaver.loadtime.Aj@58027738 org/springframework/beans/factory/support/AbstractAutowireCapableBeanFactory, byte[34654], org.springframework.test.jpa.OrmXmlOverridingShadowingClassLoader@2bbf1be2
74   [main] DEBUG org.aspectj.weaver.loadtime.Aj  - 16:57:59.594 main - org.aspectj.weaver.loadtime.Aj.preProcess org.aspectj.weaver.loadtime.Aj@58027738 sun.misc.Launcher$AppClassLoader@302b2c81, org.springframework.test.jpa.OrmXmlOverridingShadowingClassLoader@2bbf1be2
75   [main] DEBUG org.aspectj.weaver.tools.WeavingAdaptor  - 16:57:59.595 main &gt; org.aspectj.weaver.tools.WeavingAdaptor.weaveClass org.aspectj.weaver.loadtime.ClassLoaderWeavingAdaptor@10b090ac org/springframework/beans/factory/support/AbstractAutowireCapableBeanFactory, byte[34654]
75   [main] DEBUG org.aspectj.weaver.tools.WeavingAdaptor  - 16:57:59.595 main &lt; org.aspectj.weaver.tools.WeavingAdaptor.weaveClass false
75   [main] DEBUG org.aspectj.weaver.loadtime.Aj  - 16:57:59.595 main &lt; org.aspectj.weaver.loadtime.Aj.preProcess byte[34654]
76   [main] DEBUG org.aspectj.weaver.loadtime.Aj  - 16:57:59.596 main &gt; org.aspectj.weaver.loadtime.Aj.preProcess org.aspectj.weaver.loadtime.Aj@58027738 org/springframework/beans/factory/support/AbstractBeanFactory, byte[28655], org.springframework.test.jpa.OrmXmlOverridingShadowingClassLoader@2bbf1be2
76   [main] DEBUG org.aspectj.weaver.loadtime.Aj  - 16:57:59.596 main - org.aspectj.weaver.loadtime.Aj.preProcess org.aspectj.weaver.loadtime.Aj@58027738 sun.misc.Launcher$AppClassLoader@302b2c81, org.springframework.test.jpa.OrmXmlOverridingShadowingClassLoader@2bbf1be2
76   [main] DEBUG org.aspectj.weaver.tools.WeavingAdaptor  - 16:57:59.596 main &gt; org.aspectj.weaver.tools.WeavingAdaptor.weaveClass org.aspectj.weaver.loadtime.ClassLoaderWeavingAdaptor@10b090ac org/springframework/beans/factory/support/AbstractBeanFactory, byte[28655]
76   [main] DEBUG org.aspectj.weaver.tools.WeavingAdaptor  - 16:57:59.596 main &lt; org.aspectj.weaver.tools.WeavingAdaptor.weaveClass false
76   [main] DEBUG org.aspectj.weaver.loadtime.Aj  - 16:57:59.596 main &lt; org.aspectj.weaver.loadtime.Aj.preProcess byte[28655]
77   [main] DEBUG org.aspectj.weaver.loadtime.Aj  - 16:57:59.597 main &gt; org.aspectj.weaver.loadtime.Aj.preProcess org.aspectj.weaver.loadtime.Aj@58027738 org/springframework/beans/factory/support/FactoryBeanRegistrySupport, byte[4091], org.springframework.test.jpa.OrmXmlOverridingShadowingClassLoader@2bbf1be2
77   [main] DEBUG org.aspectj.weaver.loadtime.Aj  - 16:57:59.597 main - org.aspectj.weaver.loadtime.Aj.preProcess org.aspectj.weaver.loadtime.Aj@58027738 sun.misc.Launcher$AppClassLoader@302b2c81, org.springframework.test.jpa.OrmXmlOverridingShadowingClassLoader@2bbf1be2
77   [main] DEBUG org.aspectj.weaver.tools.WeavingAdaptor  - 16:57:59.597 main &gt; org.aspectj.weaver.tools.WeavingAdaptor.weaveClass org.aspectj.weaver.loadtime.ClassLoaderWeavingAdaptor@10b090ac org/springframework/beans/factory/support/FactoryBeanRegistrySupport, byte[4091]
77   [main] DEBUG org.aspectj.weaver.tools.WeavingAdaptor  - 16:57:59.597 main &lt; org.aspectj.weaver.tools.WeavingAdaptor.weaveClass false
77   [main] DEBUG org.aspectj.weaver.loadtime.Aj  - 16:57:59.597 main &lt; org.aspectj.weaver.loadtime.Aj.preProcess byte[4091]
77   [main] DEBUG org.aspectj.weaver.loadtime.Aj  - 16:57:59.597 main &gt; org.aspectj.weaver.loadtime.Aj.preProcess org.aspectj.weaver.loadtime.Aj@58027738 org/springframework/beans/factory/support/DefaultSingletonBeanRegistry, byte[10737], org.springframework.test.jpa.OrmXmlOverridingShadowingClassLoader@2bbf1be2
77   [main] DEBUG org.aspectj.weaver.loadtime.Aj  - 16:57:59.597 main - org.aspectj.weaver.loadtime.Aj.preProcess org.aspectj.weaver.loadtime.Aj@58027738 sun.misc.Launcher$AppClassLoader@302b2c81, org.springframework.test.jpa.OrmXmlOverridingShadowingClassLoader@2bbf1be2
77   [main] DEBUG org.aspectj.weaver.tools.WeavingAdaptor  - 16:57:59.597 main &gt; org.aspectj.weaver.tools.WeavingAdaptor.weaveClass org.aspectj.weaver.loadtime.ClassLoaderWeavingAdaptor@10b090ac org/springframework/beans/factory/support/DefaultSingletonBeanRegistry, byte[10737]
78   [main] DEBUG org.aspectj.weaver.tools.WeavingAdaptor  - 16:57:59.598 main &lt; org.aspectj.weaver.tools.WeavingAdaptor.weaveClass false
78   [main] DEBUG org.aspectj.weaver.loadtime.Aj  - 16:57:59.598 main &lt; org.aspectj.weaver.loadtime.Aj.preProcess byte[10737]
78   [main] DEBUG org.aspectj.weaver.loadtime.Aj  - 16:57:59.598 main &gt; org.aspectj.weaver.loadtime.Aj.preProcess org.aspectj.weaver.loadtime.Aj@58027738 org/springframework/core/SimpleAliasRegistry, byte[4099], org.springframework.test.jpa.OrmXmlOverridingShadowingClassLoader@2bbf1be2
78   [main] DEBUG org.aspectj.weaver.loadtime.Aj  - 16:57:59.598 main - org.aspectj.weaver.loadtime.Aj.preProcess org.aspectj.weaver.loadtime.Aj@58027738 sun.misc.Launcher$AppClassLoader@302b2c81, org.springframework.test.jpa.OrmXmlOverridingShadowingClassLoader@2bbf1be2
78   [main] DEBUG org.aspectj.weaver.tools.WeavingAdaptor  - 16:57:59.598 main &gt; org.aspectj.weaver.tools.WeavingAdaptor.weaveClass org.aspectj.weaver.loadtime.ClassLoaderWeavingAdaptor@10b090ac org/springframework/core/SimpleAliasRegistry, byte[4099]
78   [main] DEBUG org.aspectj.weaver.tools.WeavingAdaptor  - 16:57:59.598 main &lt; org.aspectj.weaver.tools.WeavingAdaptor.weaveClass false
78   [main] DEBUG org.aspectj.weaver.loadtime.Aj  - 16:57:59.598 main &lt; org.aspectj.weaver.loadtime.Aj.preProcess byte[4099]
81   [main] DEBUG org.aspectj.weaver.loadtime.Aj  - 16:57:59.601 main &gt; org.aspectj.weaver.loadtime.Aj.preProcess org.aspectj.weaver.loadtime.Aj@58027738 org/springframework/beans/factory/BeanCurrentlyInCreationException, byte[721], org.springframework.test.jpa.OrmXmlOverridingShadowingClassLoader@2bbf1be2
81   [main] DEBUG org.aspectj.weaver.loadtime.Aj  - 16:57:59.601 main - org.aspectj.weaver.loadtime.Aj.preProcess org.aspectj.weaver.loadtime.Aj@58027738 sun.misc.Launcher$AppClassLoader@302b2c81, org.springframework.test.jpa.OrmXmlOverridingShadowingClassLoader@2bbf1be2
81   [main] DEBUG org.aspectj.weaver.tools.WeavingAdaptor  - 16:57:59.601 main &gt; org.aspectj.weaver.tools.WeavingAdaptor.weaveClass org.aspectj.weaver.loadtime.ClassLoaderWeavingAdaptor@10b090ac org/springframework/beans/factory/BeanCurrentlyInCreationException, byte[721]
81   [main] DEBUG org.aspectj.weaver.tools.WeavingAdaptor  - 16:57:59.601 main &lt; org.aspectj.weaver.tools.WeavingAdaptor.weaveClass false
81   [main] DEBUG org.aspectj.weaver.loadtime.Aj  - 16:57:59.601 main &lt; org.aspectj.weaver.loadtime.Aj.preProcess byte[721]
82   [main] DEBUG org.aspectj.weaver.loadtime.Aj  - 16:57:59.602 main &gt; org.aspectj.weaver.loadtime.Aj.preProcess org.aspectj.weaver.loadtime.Aj@58027738 org/springframework/beans/factory/BeanCreationException, byte[4018], org.springframework.test.jpa.OrmXmlOverridingShadowingClassLoader@2bbf1be2
82   [main] DEBUG org.aspectj.weaver.loadtime.Aj  - 16:57:59.602 main - org.aspectj.weaver.loadtime.Aj.preProcess org.aspectj.weaver.loadtime.Aj@58027738 sun.misc.Launcher$AppClassLoader@302b2c81, org.springframework.test.jpa.OrmXmlOverridingShadowingClassLoader@2bbf1be2
82   [main] DEBUG org.aspectj.weaver.tools.WeavingAdaptor  - 16:57:59.602 main &gt; org.aspectj.weaver.tools.WeavingAdaptor.weaveClass org.aspectj.weaver.loadtime.ClassLoaderWeavingAdaptor@10b090ac org/springframework/beans/factory/BeanCreationException, byte[4018]
82   [main] DEBUG org.aspectj.weaver.tools.WeavingAdaptor  - 16:57:59.602 main &lt; org.aspectj.weaver.tools.WeavingAdaptor.weaveClass false
82   [main] DEBUG org.aspectj.weaver.loadtime.Aj  - 16:57:59.602 main &lt; org.aspectj.weaver.loadtime.Aj.preProcess byte[4018]
82   [main] DEBUG org.aspectj.weaver.loadtime.Aj  - 16:57:59.602 main &gt; org.aspectj.weaver.loadtime.Aj.preProcess org.aspectj.weaver.loadtime.Aj@58027738 org/springframework/beans/FatalBeanException, byte[589], org.springframework.test.jpa.OrmXmlOverridingShadowingClassLoader@2bbf1be2
82   [main] DEBUG org.aspectj.weaver.loadtime.Aj  - 16:57:59.602 main - org.aspectj.weaver.loadtime.Aj.preProcess org.aspectj.weaver.loadtime.Aj@58027738 sun.misc.Launcher$AppClassLoader@302b2c81, org.springframework.test.jpa.OrmXmlOverridingShadowingClassLoader@2bbf1be2
82   [main] DEBUG org.aspectj.weaver.tools.WeavingAdaptor  - 16:57:59.602 main &gt; org.aspectj.weaver.tools.WeavingAdaptor.weaveClass org.aspectj.weaver.loadtime.ClassLoaderWeavingAdaptor@10b090ac org/springframework/beans/FatalBeanException, byte[589]
82   [main] DEBUG org.aspectj.weaver.tools.WeavingAdaptor  - 16:57:59.602 main &lt; org.aspectj.weaver.tools.WeavingAdaptor.weaveClass false
82   [main] DEBUG org.aspectj.weaver.loadtime.Aj  - 16:57:59.602 main &lt; org.aspectj.weaver.loadtime.Aj.preProcess byte[589]
83   [main] DEBUG org.aspectj.weaver.loadtime.Aj  - 16:57:59.603 main &gt; org.aspectj.weaver.loadtime.Aj.preProcess org.aspectj.weaver.loadtime.Aj@58027738 org/springframework/beans/BeansException, byte[1134], org.springframework.test.jpa.OrmXmlOverridingShadowingClassLoader@2bbf1be2
83   [main] DEBUG org.aspectj.weaver.loadtime.Aj  - 16:57:59.603 main - org.aspectj.weaver.loadtime.Aj.preProcess org.aspectj.weaver.loadtime.Aj@58027738 sun.misc.Launcher$AppClassLoader@302b2c81, org.springframework.test.jpa.OrmXmlOverridingShadowingClassLoader@2bbf1be2
83   [main] DEBUG org.aspectj.weaver.tools.WeavingAdaptor  - 16:57:59.603 main &gt; org.aspectj.weaver.tools.WeavingAdaptor.weaveClass org.aspectj.weaver.loadtime.ClassLoaderWeavingAdaptor@10b090ac org/springframework/beans/BeansException, byte[1134]
83   [main] DEBUG org.aspectj.weaver.tools.WeavingAdaptor  - 16:57:59.603 main &lt; org.aspectj.weaver.tools.WeavingAdaptor.weaveClass false
83   [main] DEBUG org.aspectj.weaver.loadtime.Aj  - 16:57:59.603 main &lt; org.aspectj.weaver.loadtime.Aj.preProcess byte[1134]
83   [main] DEBUG org.aspectj.weaver.loadtime.Aj  - 16:57:59.603 main &gt; org.aspectj.weaver.loadtime.Aj.preProcess org.aspectj.weaver.loadtime.Aj@58027738 org/springframework/core/NestedRuntimeException, byte[1603], org.springframework.test.jpa.OrmXmlOverridingShadowingClassLoader@2bbf1be2
84   [main] DEBUG org.aspectj.weaver.loadtime.Aj  - 16:57:59.603 main - org.aspectj.weaver.loadtime.Aj.preProcess org.aspectj.weaver.loadtime.Aj@58027738 sun.misc.Launcher$AppClassLoader@302b2c81, org.springframework.test.jpa.OrmXmlOverridingShadowingClassLoader@2bbf1be2
84   [main] DEBUG org.aspectj.weaver.tools.WeavingAdaptor  - 16:57:59.604 main &gt; org.aspectj.weaver.tools.WeavingAdaptor.weaveClass org.aspectj.weaver.loadtime.ClassLoaderWeavingAdaptor@10b090ac org/springframework/core/NestedRuntimeException, byte[1603]
84   [main] DEBUG org.aspectj.weaver.tools.WeavingAdaptor  - 16:57:59.604 main &lt; org.aspectj.weaver.tools.WeavingAdaptor.weaveClass false
84   [main] DEBUG org.aspectj.weaver.loadtime.Aj  - 16:57:59.604 main &lt; org.aspectj.weaver.loadtime.Aj.preProcess byte[1603]
84   [main] DEBUG org.aspectj.weaver.loadtime.Aj  - 16:57:59.604 main &gt; org.aspectj.weaver.loadtime.Aj.preProcess org.aspectj.weaver.loadtime.Aj@58027738 org/springframework/beans/factory/BeanCreationNotAllowedException, byte[525], org.springframework.test.jpa.OrmXmlOverridingShadowingClassLoader@2bbf1be2
84   [main] DEBUG org.aspectj.weaver.loadtime.Aj  - 16:57:59.604 main - org.aspectj.weaver.loadtime.Aj.preProcess org.aspectj.weaver.loadtime.Aj@58027738 sun.misc.Launcher$AppClassLoader@302b2c81, org.springframework.test.jpa.OrmXmlOverridingShadowingClassLoader@2bbf1be2
84   [main] DEBUG org.aspectj.weaver.tools.WeavingAdaptor  - 16:57:59.604 main &gt; org.aspectj.weaver.tools.WeavingAdaptor.weaveClass org.aspectj.weaver.loadtime.ClassLoaderWeavingAdaptor@10b090ac org/springframework/beans/factory/BeanCreationNotAllowedException, byte[525]
84   [main] DEBUG org.aspectj.weaver.tools.WeavingAdaptor  - 16:57:59.604 main &lt; org.aspectj.weaver.tools.WeavingAdaptor.weaveClass false
85   [main] DEBUG org.aspectj.weaver.loadtime.Aj  - 16:57:59.605 main &lt; org.aspectj.weaver.loadtime.Aj.preProcess byte[525]
85   [main] DEBUG org.aspectj.weaver.loadtime.Aj  - 16:57:59.605 main &gt; org.aspectj.weaver.loadtime.Aj.preProcess org.aspectj.weaver.loadtime.Aj@58027738 org/springframework/beans/factory/NoSuchBeanDefinitionException, byte[1696], org.springframework.test.jpa.OrmXmlOverridingShadowingClassLoader@2bbf1be2
85   [main] DEBUG org.aspectj.weaver.loadtime.Aj  - 16:57:59.605 main - org.aspectj.weaver.loadtime.Aj.preProcess org.aspectj.weaver.loadtime.Aj@58027738 sun.misc.Launcher$AppClassLoader@302b2c81, org.springframework.test.jpa.OrmXmlOverridingShadowingClassLoader@2bbf1be2
86   [main] DEBUG org.aspectj.weaver.tools.WeavingAdaptor  - 16:57:59.606 main &gt; org.aspectj.weaver.tools.WeavingAdaptor.weaveClass org.aspectj.weaver.loadtime.ClassLoaderWeavingAdaptor@10b090ac org/springframework/beans/factory/NoSuchBeanDefinitionException, byte[1696]
86   [main] DEBUG org.aspectj.weaver.tools.WeavingAdaptor  - 16:57:59.606 main &lt; org.aspectj.weaver.tools.WeavingAdaptor.weaveClass false
86   [main] DEBUG org.aspectj.weaver.loadtime.Aj  - 16:57:59.606 main &lt; org.aspectj.weaver.loadtime.Aj.preProcess byte[1696]
86   [main] DEBUG org.aspectj.weaver.loadtime.Aj  - 16:57:59.606 main &gt; org.aspectj.weaver.loadtime.Aj.preProcess org.aspectj.weaver.loadtime.Aj@58027738 org/springframework/beans/factory/BeanDefinitionStoreException, byte[1809], org.springframework.test.jpa.OrmXmlOverridingShadowingClassLoader@2bbf1be2
86   [main] DEBUG org.aspectj.weaver.loadtime.Aj  - 16:57:59.606 main - org.aspectj.weaver.loadtime.Aj.preProcess org.aspectj.weaver.loadtime.Aj@58027738 sun.misc.Launcher$AppClassLoader@302b2c81, org.springframework.test.jpa.OrmXmlOverridingShadowingClassLoader@2bbf1be2
86   [main] DEBUG org.aspectj.weaver.tools.WeavingAdaptor  - 16:57:59.606 main &gt; org.aspectj.weaver.tools.WeavingAdaptor.weaveClass org.aspectj.weaver.loadtime.ClassLoaderWeavingAdaptor@10b090ac org/springframework/beans/factory/BeanDefinitionStoreException, byte[1809]
86   [main] DEBUG org.aspectj.weaver.tools.WeavingAdaptor  - 16:57:59.606 main &lt; org.aspectj.weaver.tools.WeavingAdaptor.weaveClass false
86   [main] DEBUG org.aspectj.weaver.loadtime.Aj  - 16:57:59.606 main &lt; org.aspectj.weaver.loadtime.Aj.preProcess byte[1809]
87   [main] DEBUG org.aspectj.weaver.loadtime.Aj  - 16:57:59.607 main &gt; org.aspectj.weaver.loadtime.Aj.preProcess org.aspectj.weaver.loadtime.Aj@58027738 org/springframework/beans/factory/config/BeanDefinition, byte[1333], org.springframework.test.jpa.OrmXmlOverridingShadowingClassLoader@2bbf1be2
87   [main] DEBUG org.aspectj.weaver.loadtime.Aj  - 16:57:59.607 main - org.aspectj.weaver.loadtime.Aj.preProcess org.aspectj.weaver.loadtime.Aj@58027738 sun.misc.Launcher$AppClassLoader@302b2c81, org.springframework.test.jpa.OrmXmlOverridingShadowingClassLoader@2bbf1be2
87   [main] DEBUG org.aspectj.weaver.tools.WeavingAdaptor  - 16:57:59.607 main &gt; org.aspectj.weaver.tools.WeavingAdaptor.weaveClass org.aspectj.weaver.loadtime.ClassLoaderWeavingAdaptor@10b090ac org/springframework/beans/factory/config/BeanDefinition, byte[1333]
87   [main] DEBUG org.aspectj.weaver.tools.WeavingAdaptor  - 16:57:59.607 main &lt; org.aspectj.weaver.tools.WeavingAdaptor.weaveClass false
87   [main] DEBUG org.aspectj.weaver.loadtime.Aj  - 16:57:59.607 main &lt; org.aspectj.weaver.loadtime.Aj.preProcess byte[1333]
87   [main] DEBUG org.aspectj.weaver.loadtime.Aj  - 16:57:59.607 main &gt; org.aspectj.weaver.loadtime.Aj.preProcess org.aspectj.weaver.loadtime.Aj@58027738 org/springframework/core/AttributeAccessor, byte[391], org.springframework.test.jpa.OrmXmlOverridingShadowingClassLoader@2bbf1be2
87   [main] DEBUG org.aspectj.weaver.loadtime.Aj  - 16:57:59.607 main - org.aspectj.weaver.loadtime.Aj.preProcess org.aspectj.weaver.loadtime.Aj@58027738 sun.misc.Launcher$AppClassLoader@302b2c81, org.springframework.test.jpa.OrmXmlOverridingShadowingClassLoader@2bbf1be2
88   [main] DEBUG org.aspectj.weaver.tools.WeavingAdaptor  - 16:57:59.608 main &gt; org.aspectj.weaver.tools.WeavingAdaptor.weaveClass org.aspectj.weaver.loadtime.ClassLoaderWeavingAdaptor@10b090ac org/springframework/core/AttributeAccessor, byte[391]
88   [main] DEBUG org.aspectj.weaver.tools.WeavingAdaptor  - 16:57:59.608 main &lt; org.aspectj.weaver.tools.WeavingAdaptor.weaveClass false
88   [main] DEBUG org.aspectj.weaver.loadtime.Aj  - 16:57:59.608 main &lt; org.aspectj.weaver.loadtime.Aj.preProcess byte[391]
88   [main] DEBUG org.aspectj.weaver.loadtime.Aj  - 16:57:59.608 main &gt; org.aspectj.weaver.loadtime.Aj.preProcess org.aspectj.weaver.loadtime.Aj@58027738 org/springframework/beans/BeanMetadataElement, byte[188], org.springframework.test.jpa.OrmXmlOverridingShadowingClassLoader@2bbf1be2
88   [main] DEBUG org.aspectj.weaver.loadtime.Aj  - 16:57:59.608 main - org.aspectj.weaver.loadtime.Aj.preProcess org.aspectj.weaver.loadtime.Aj@58027738 sun.misc.Launcher$AppClassLoader@302b2c81, org.springframework.test.jpa.OrmXmlOverridingShadowingClassLoader@2bbf1be2
88   [main] DEBUG org.aspectj.weaver.tools.WeavingAdaptor  - 16:57:59.608 main &gt; org.aspectj.weaver.tools.WeavingAdaptor.weaveClass org.aspectj.weaver.loadtime.ClassLoaderWeavingAdaptor@10b090ac org/springframework/beans/BeanMetadataElement, byte[188]
88   [main] DEBUG org.aspectj.weaver.tools.WeavingAdaptor  - 16:57:59.608 main &lt; org.aspectj.weaver.tools.WeavingAdaptor.weaveClass false
88   [main] DEBUG org.aspectj.weaver.loadtime.Aj  - 16:57:59.608 main &lt; org.aspectj.weaver.loadtime.Aj.preProcess byte[188]
89   [main] DEBUG org.aspectj.weaver.loadtime.Aj  - 16:57:59.609 main &gt; org.aspectj.weaver.loadtime.Aj.preProcess org.aspectj.weaver.loadtime.Aj@58027738 org/springframework/beans/PropertyEditorRegistry, byte[402], org.springframework.test.jpa.OrmXmlOverridingShadowingClassLoader@2bbf1be2
89   [main] DEBUG org.aspectj.weaver.loadtime.Aj  - 16:57:59.609 main - org.aspectj.weaver.loadtime.Aj.preProcess org.aspectj.weaver.loadtime.Aj@58027738 sun.misc.Launcher$AppClassLoader@302b2c81, org.springframework.test.jpa.OrmXmlOverridingShadowingClassLoader@2bbf1be2
89   [main] DEBUG org.aspectj.weaver.tools.WeavingAdaptor  - 16:57:59.609 main &gt; org.aspectj.weaver.tools.WeavingAdaptor.weaveClass org.aspectj.weaver.loadtime.ClassLoaderWeavingAdaptor@10b090ac org/springframework/beans/PropertyEditorRegistry, byte[402]
89   [main] DEBUG org.aspectj.weaver.tools.WeavingAdaptor  - 16:57:59.609 main &lt; org.aspectj.weaver.tools.WeavingAdaptor.weaveClass false
89   [main] DEBUG org.aspectj.weaver.loadtime.Aj  - 16:57:59.609 main &lt; org.aspectj.weaver.loadtime.Aj.preProcess byte[402]
89   [main] DEBUG org.aspectj.weaver.loadtime.Aj  - 16:57:59.609 main &gt; org.aspectj.weaver.loadtime.Aj.preProcess org.aspectj.weaver.loadtime.Aj@58027738 org/springframework/beans/TypeConverter, byte[414], org.springframework.test.jpa.OrmXmlOverridingShadowingClassLoader@2bbf1be2
89   [main] DEBUG org.aspectj.weaver.loadtime.Aj  - 16:57:59.609 main - org.aspectj.weaver.loadtime.Aj.preProcess org.aspectj.weaver.loadtime.Aj@58027738 sun.misc.Launcher$AppClassLoader@302b2c81, org.springframework.test.jpa.OrmXmlOverridingShadowingClassLoader@2bbf1be2
90   [main] DEBUG org.aspectj.weaver.tools.WeavingAdaptor  - 16:57:59.610 main &gt; org.aspectj.weaver.tools.WeavingAdaptor.weaveClass org.aspectj.weaver.loadtime.ClassLoaderWeavingAdaptor@10b090ac org/springframework/beans/TypeConverter, byte[414]
90   [main] DEBUG org.aspectj.weaver.tools.WeavingAdaptor  - 16:57:59.610 main &lt; org.aspectj.weaver.tools.WeavingAdaptor.weaveClass false
90   [main] DEBUG org.aspectj.weaver.loadtime.Aj  - 16:57:59.610 main &lt; org.aspectj.weaver.loadtime.Aj.preProcess byte[414]
90   [main] DEBUG org.aspectj.weaver.loadtime.Aj  - 16:57:59.610 main &gt; org.aspectj.weaver.loadtime.Aj.preProcess org.aspectj.weaver.loadtime.Aj@58027738 org/springframework/beans/factory/CannotLoadBeanClassException, byte[1648], org.springframework.test.jpa.OrmXmlOverridingShadowingClassLoader@2bbf1be2
90   [main] DEBUG org.aspectj.weaver.loadtime.Aj  - 16:57:59.610 main - org.aspectj.weaver.loadtime.Aj.preProcess org.aspectj.weaver.loadtime.Aj@58027738 sun.misc.Launcher$AppClassLoader@302b2c81, org.springframework.test.jpa.OrmXmlOverridingShadowingClassLoader@2bbf1be2
90   [main] DEBUG org.aspectj.weaver.tools.WeavingAdaptor  - 16:57:59.610 main &gt; org.aspectj.weaver.tools.WeavingAdaptor.weaveClass org.aspectj.weaver.loadtime.ClassLoaderWeavingAdaptor@10b090ac org/springframework/beans/factory/CannotLoadBeanClassException, byte[1648]
90   [main] DEBUG org.aspectj.weaver.tools.WeavingAdaptor  - 16:57:59.610 main &lt; org.aspectj.weaver.tools.WeavingAdaptor.weaveClass false
91   [main] DEBUG org.aspectj.weaver.loadtime.Aj  - 16:57:59.610 main &lt; org.aspectj.weaver.loadtime.Aj.preProcess byte[1648]
91   [main] DEBUG org.aspectj.weaver.loadtime.Aj  - 16:57:59.611 main &gt; org.aspectj.weaver.loadtime.Aj.preProcess org.aspectj.weaver.loadtime.Aj@58027738 org/springframework/beans/factory/DisposableBean, byte[215], org.springframework.test.jpa.OrmXmlOverridingShadowingClassLoader@2bbf1be2
91   [main] DEBUG org.aspectj.weaver.loadtime.Aj  - 16:57:59.611 main - org.aspectj.weaver.loadtime.Aj.preProcess org.aspectj.weaver.loadtime.Aj@58027738 sun.misc.Launcher$AppClassLoader@302b2c81, org.springframework.test.jpa.OrmXmlOverridingShadowingClassLoader@2bbf1be2
91   [main] DEBUG org.aspectj.weaver.tools.WeavingAdaptor  - 16:57:59.611 main &gt; org.aspectj.weaver.tools.WeavingAdaptor.weaveClass org.aspectj.weaver.loadtime.ClassLoaderWeavingAdaptor@10b090ac org/springframework/beans/factory/DisposableBean, byte[215]
91   [main] DEBUG org.aspectj.weaver.tools.WeavingAdaptor  - 16:57:59.611 main &lt; org.aspectj.weaver.tools.WeavingAdaptor.weaveClass false
91   [main] DEBUG org.aspectj.weaver.loadtime.Aj  - 16:57:59.611 main &lt; org.aspectj.weaver.loadtime.Aj.preProcess byte[215]
93   [main] DEBUG org.aspectj.weaver.loadtime.Aj  - 16:57:59.612 main &gt; org.aspectj.weaver.loadtime.Aj.preProcess org.aspectj.weaver.loadtime.Aj@58027738 org/springframework/beans/factory/BeanIsNotAFactoryException, byte[1165], org.springframework.test.jpa.OrmXmlOverridingShadowingClassLoader@2bbf1be2
93   [main] DEBUG org.aspectj.weaver.loadtime.Aj  - 16:57:59.613 main - org.aspectj.weaver.loadtime.Aj.preProcess org.aspectj.weaver.loadtime.Aj@58027738 sun.misc.Launcher$AppClassLoader@302b2c81, org.springframework.test.jpa.OrmXmlOverridingShadowingClassLoader@2bbf1be2
93   [main] DEBUG org.aspectj.weaver.tools.WeavingAdaptor  - 16:57:59.613 main &gt; org.aspectj.weaver.tools.WeavingAdaptor.weaveClass org.aspectj.weaver.loadtime.ClassLoaderWeavingAdaptor@10b090ac org/springframework/beans/factory/BeanIsNotAFactoryException, byte[1165]
93   [main] DEBUG org.aspectj.weaver.tools.WeavingAdaptor  - 16:57:59.613 main &lt; org.aspectj.weaver.tools.WeavingAdaptor.weaveClass false
93   [main] DEBUG org.aspectj.weaver.loadtime.Aj  - 16:57:59.613 main &lt; org.aspectj.weaver.loadtime.Aj.preProcess byte[1165]
93   [main] DEBUG org.aspectj.weaver.loadtime.Aj  - 16:57:59.613 main &gt; org.aspectj.weaver.loadtime.Aj.preProcess org.aspectj.weaver.loadtime.Aj@58027738 org/springframework/beans/factory/BeanNotOfRequiredTypeException, byte[1259], org.springframework.test.jpa.OrmXmlOverridingShadowingClassLoader@2bbf1be2
93   [main] DEBUG org.aspectj.weaver.loadtime.Aj  - 16:57:59.613 main - org.aspectj.weaver.loadtime.Aj.preProcess org.aspectj.weaver.loadtime.Aj@58027738 sun.misc.Launcher$AppClassLoader@302b2c81, org.springframework.test.jpa.OrmXmlOverridingShadowingClassLoader@2bbf1be2
93   [main] DEBUG org.aspectj.weaver.tools.WeavingAdaptor  - 16:57:59.613 main &gt; org.aspectj.weaver.tools.WeavingAdaptor.weaveClass org.aspectj.weaver.loadtime.ClassLoaderWeavingAdaptor@10b090ac org/springframework/beans/factory/BeanNotOfRequiredTypeException, byte[1259]
93   [main] DEBUG org.aspectj.weaver.tools.WeavingAdaptor  - 16:57:59.613 main &lt; org.aspectj.weaver.tools.WeavingAdaptor.weaveClass false
94   [main] DEBUG org.aspectj.weaver.loadtime.Aj  - 16:57:59.614 main &lt; org.aspectj.weaver.loadtime.Aj.preProcess byte[1259]
94   [main] DEBUG org.aspectj.weaver.loadtime.Aj  - 16:57:59.614 main &gt; org.aspectj.weaver.loadtime.Aj.preProcess org.aspectj.weaver.loadtime.Aj@58027738 org/springframework/beans/factory/BeanIsAbstractException, byte[543], org.springframework.test.jpa.OrmXmlOverridingShadowingClassLoader@2bbf1be2
94   [main] DEBUG org.aspectj.weaver.loadtime.Aj  - 16:57:59.614 main - org.aspectj.weaver.loadtime.Aj.preProcess org.aspectj.weaver.loadtime.Aj@58027738 sun.misc.Launcher$AppClassLoader@302b2c81, org.springframework.test.jpa.OrmXmlOverridingShadowingClassLoader@2bbf1be2
94   [main] DEBUG org.aspectj.weaver.tools.WeavingAdaptor  - 16:57:59.614 main &gt; org.aspectj.weaver.tools.WeavingAdaptor.weaveClass org.aspectj.weaver.loadtime.ClassLoaderWeavingAdaptor@10b090ac org/springframework/beans/factory/BeanIsAbstractException, byte[543]
94   [main] DEBUG org.aspectj.weaver.tools.WeavingAdaptor  - 16:57:59.614 main &lt; org.aspectj.weaver.tools.WeavingAdaptor.weaveClass false
94   [main] DEBUG org.aspectj.weaver.loadtime.Aj  - 16:57:59.614 main &lt; org.aspectj.weaver.loadtime.Aj.preProcess byte[543]
95   [main] DEBUG org.aspectj.weaver.loadtime.Aj  - 16:57:59.615 main &gt; org.aspectj.weaver.loadtime.Aj.preProcess org.aspectj.weaver.loadtime.Aj@58027738 org/springframework/beans/factory/ObjectFactory, byte[253], org.springframework.test.jpa.OrmXmlOverridingShadowingClassLoader@2bbf1be2
95   [main] DEBUG org.aspectj.weaver.loadtime.Aj  - 16:57:59.615 main - org.aspectj.weaver.loadtime.Aj.preProcess org.aspectj.weaver.loadtime.Aj@58027738 sun.misc.Launcher$AppClassLoader@302b2c81, org.springframework.test.jpa.OrmXmlOverridingShadowingClassLoader@2bbf1be2
95   [main] DEBUG org.aspectj.weaver.tools.WeavingAdaptor  - 16:57:59.615 main &gt; org.aspectj.weaver.tools.WeavingAdaptor.weaveClass org.aspectj.weaver.loadtime.ClassLoaderWeavingAdaptor@10b090ac org/springframework/beans/factory/ObjectFactory, byte[253]
95   [main] DEBUG org.aspectj.weaver.tools.WeavingAdaptor  - 16:57:59.615 main &lt; org.aspectj.weaver.tools.WeavingAdaptor.weaveClass false
95   [main] DEBUG org.aspectj.weaver.loadtime.Aj  - 16:57:59.615 main &lt; org.aspectj.weaver.loadtime.Aj.preProcess byte[253]
96   [main] DEBUG org.aspectj.weaver.loadtime.Aj  - 16:57:59.616 main &gt; org.aspectj.weaver.loadtime.Aj.preProcess org.aspectj.weaver.loadtime.Aj@58027738 org/springframework/core/NamedThreadLocal, byte[653], org.springframework.test.jpa.OrmXmlOverridingShadowingClassLoader@2bbf1be2
96   [main] DEBUG org.aspectj.weaver.loadtime.Aj  - 16:57:59.616 main - org.aspectj.weaver.loadtime.Aj.preProcess org.aspectj.weaver.loadtime.Aj@58027738 sun.misc.Launcher$AppClassLoader@302b2c81, org.springframework.test.jpa.OrmXmlOverridingShadowingClassLoader@2bbf1be2
96   [main] DEBUG org.aspectj.weaver.tools.WeavingAdaptor  - 16:57:59.616 main &gt; org.aspectj.weaver.tools.WeavingAdaptor.weaveClass org.aspectj.weaver.loadtime.ClassLoaderWeavingAdaptor@10b090ac org/springframework/core/NamedThreadLocal, byte[653]
96   [main] DEBUG org.aspectj.weaver.tools.WeavingAdaptor  - 16:57:59.616 main &lt; org.aspectj.weaver.tools.WeavingAdaptor.weaveClass false
96   [main] DEBUG org.aspectj.weaver.loadtime.Aj  - 16:57:59.616 main &lt; org.aspectj.weaver.loadtime.Aj.preProcess byte[653]
97   [main] DEBUG org.aspectj.weaver.loadtime.Aj  - 16:57:59.617 main &gt; org.aspectj.weaver.loadtime.Aj.preProcess org.aspectj.weaver.loadtime.Aj@58027738 org/springframework/beans/BeanWrapper, byte[588], org.springframework.test.jpa.OrmXmlOverridingShadowingClassLoader@2bbf1be2
97   [main] DEBUG org.aspectj.weaver.loadtime.Aj  - 16:57:59.617 main - org.aspectj.weaver.loadtime.Aj.preProcess org.aspectj.weaver.loadtime.Aj@58027738 sun.misc.Launcher$AppClassLoader@302b2c81, org.springframework.test.jpa.OrmXmlOverridingShadowingClassLoader@2bbf1be2
97   [main] DEBUG org.aspectj.weaver.tools.WeavingAdaptor  - 16:57:59.617 main &gt; org.aspectj.weaver.tools.WeavingAdaptor.weaveClass org.aspectj.weaver.loadtime.ClassLoaderWeavingAdaptor@10b090ac org/springframework/beans/BeanWrapper, byte[588]
97   [main] DEBUG org.aspectj.weaver.tools.WeavingAdaptor  - 16:57:59.617 main &lt; org.aspectj.weaver.tools.WeavingAdaptor.weaveClass false
97   [main] DEBUG org.aspectj.weaver.loadtime.Aj  - 16:57:59.617 main &lt; org.aspectj.weaver.loadtime.Aj.preProcess byte[588]
98   [main] DEBUG org.aspectj.weaver.loadtime.Aj  - 16:57:59.618 main &gt; org.aspectj.weaver.loadtime.Aj.preProcess org.aspectj.weaver.loadtime.Aj@58027738 org/springframework/beans/ConfigurablePropertyAccessor, byte[404], org.springframework.test.jpa.OrmXmlOverridingShadowingClassLoader@2bbf1be2
98   [main] DEBUG org.aspectj.weaver.loadtime.Aj  - 16:57:59.618 main - org.aspectj.weaver.loadtime.Aj.preProcess org.aspectj.weaver.loadtime.Aj@58027738 sun.misc.Launcher$AppClassLoader@302b2c81, org.springframework.test.jpa.OrmXmlOverridingShadowingClassLoader@2bbf1be2
98   [main] DEBUG org.aspectj.weaver.tools.WeavingAdaptor  - 16:57:59.618 main &gt; org.aspectj.weaver.tools.WeavingAdaptor.weaveClass org.aspectj.weaver.loadtime.ClassLoaderWeavingAdaptor@10b090ac org/springframework/beans/ConfigurablePropertyAccessor, byte[404]
98   [main] DEBUG org.aspectj.weaver.tools.WeavingAdaptor  - 16:57:59.618 main &lt; org.aspectj.weaver.tools.WeavingAdaptor.weaveClass false
98   [main] DEBUG org.aspectj.weaver.loadtime.Aj  - 16:57:59.618 main &lt; org.aspectj.weaver.loadtime.Aj.preProcess byte[404]
98   [main] DEBUG org.aspectj.weaver.loadtime.Aj  - 16:57:59.618 main &gt; org.aspectj.weaver.loadtime.Aj.preProcess org.aspectj.weaver.loadtime.Aj@58027738 org/springframework/beans/PropertyAccessor, byte[1170], org.springframework.test.jpa.OrmXmlOverridingShadowingClassLoader@2bbf1be2
98   [main] DEBUG org.aspectj.weaver.loadtime.Aj  - 16:57:59.618 main - org.aspectj.weaver.loadtime.Aj.preProcess org.aspectj.weaver.loadtime.Aj@58027738 sun.misc.Launcher$AppClassLoader@302b2c81, org.springframework.test.jpa.OrmXmlOverridingShadowingClassLoader@2bbf1be2
98   [main] DEBUG org.aspectj.weaver.tools.WeavingAdaptor  - 16:57:59.618 main &gt; org.aspectj.weaver.tools.WeavingAdaptor.weaveClass org.aspectj.weaver.loadtime.ClassLoaderWeavingAdaptor@10b090ac org/springframework/beans/PropertyAccessor, byte[1170]
99   [main] DEBUG org.aspectj.weaver.tools.WeavingAdaptor  - 16:57:59.619 main &lt; org.aspectj.weaver.tools.WeavingAdaptor.weaveClass false
99   [main] DEBUG org.aspectj.weaver.loadtime.Aj  - 16:57:59.619 main &lt; org.aspectj.weaver.loadtime.Aj.preProcess byte[1170]
99   [main] DEBUG org.aspectj.weaver.loadtime.Aj  - 16:57:59.619 main &gt; org.aspectj.weaver.loadtime.Aj.preProcess org.aspectj.weaver.loadtime.Aj@58027738 org/springframework/beans/PropertyValues, byte[480], org.springframework.test.jpa.OrmXmlOverridingShadowingClassLoader@2bbf1be2
100  [main] DEBUG org.aspectj.weaver.loadtime.Aj  - 16:57:59.619 main - org.aspectj.weaver.loadtime.Aj.preProcess org.aspectj.weaver.loadtime.Aj@58027738 sun.misc.Launcher$AppClassLoader@302b2c81, org.springframework.test.jpa.OrmXmlOverridingShadowingClassLoader@2bbf1be2
100  [main] DEBUG org.aspectj.weaver.tools.WeavingAdaptor  - 16:57:59.620 main &gt; org.aspectj.weaver.tools.WeavingAdaptor.weaveClass org.aspectj.weaver.loadtime.ClassLoaderWeavingAdaptor@10b090ac org/springframework/beans/PropertyValues, byte[480]
100  [main] DEBUG org.aspectj.weaver.tools.WeavingAdaptor  - 16:57:59.620 main &lt; org.aspectj.weaver.tools.WeavingAdaptor.weaveClass false
100  [main] DEBUG org.aspectj.weaver.loadtime.Aj  - 16:57:59.620 main &lt; org.aspectj.weaver.loadtime.Aj.preProcess byte[480]
100  [main] DEBUG org.aspectj.weaver.loadtime.Aj  - 16:57:59.620 main &gt; org.aspectj.weaver.loadtime.Aj.preProcess org.aspectj.weaver.loadtime.Aj@58027738 org/springframework/beans/factory/UnsatisfiedDependencyException, byte[2267], org.springframework.test.jpa.OrmXmlOverridingShadowingClassLoader@2bbf1be2
100  [main] DEBUG org.aspectj.weaver.loadtime.Aj  - 16:57:59.620 main - org.aspectj.weaver.loadtime.Aj.preProcess org.aspectj.weaver.loadtime.Aj@58027738 sun.misc.Launcher$AppClassLoader@302b2c81, org.springframework.test.jpa.OrmXmlOverridingShadowingClassLoader@2bbf1be2
101  [main] DEBUG org.aspectj.weaver.tools.WeavingAdaptor  - 16:57:59.620 main &gt; org.aspectj.weaver.tools.WeavingAdaptor.weaveClass org.aspectj.weaver.loadtime.ClassLoaderWeavingAdaptor@10b090ac org/springframework/beans/factory/UnsatisfiedDependencyException, byte[2267]
101  [main] DEBUG org.aspectj.weaver.tools.WeavingAdaptor  - 16:57:59.621 main &lt; org.aspectj.weaver.tools.WeavingAdaptor.weaveClass false
101  [main] DEBUG org.aspectj.weaver.loadtime.Aj  - 16:57:59.621 main &lt; org.aspectj.weaver.loadtime.Aj.preProcess byte[2267]
102  [main] DEBUG org.aspectj.weaver.loadtime.Aj  - 16:57:59.622 main &gt; org.aspectj.weaver.loadtime.Aj.preProcess org.aspectj.weaver.loadtime.Aj@58027738 org/springframework/beans/factory/support/AbstractBeanDefinition, byte[17720], org.springframework.test.jpa.OrmXmlOverridingShadowingClassLoader@2bbf1be2
102  [main] DEBUG org.aspectj.weaver.loadtime.Aj  - 16:57:59.622 main - org.aspectj.weaver.loadtime.Aj.preProcess org.aspectj.weaver.loadtime.Aj@58027738 sun.misc.Launcher$AppClassLoader@302b2c81, org.springframework.test.jpa.OrmXmlOverridingShadowingClassLoader@2bbf1be2
102  [main] DEBUG org.aspectj.weaver.tools.WeavingAdaptor  - 16:57:59.622 main &gt; org.aspectj.weaver.tools.WeavingAdaptor.weaveClass org.aspectj.weaver.loadtime.ClassLoaderWeavingAdaptor@10b090ac org/springframework/beans/factory/support/AbstractBeanDefinition, byte[17720]
102  [main] DEBUG org.aspectj.weaver.tools.WeavingAdaptor  - 16:57:59.622 main &lt; org.aspectj.weaver.tools.WeavingAdaptor.weaveClass false
102  [main] DEBUG org.aspectj.weaver.loadtime.Aj  - 16:57:59.622 main &lt; org.aspectj.weaver.loadtime.Aj.preProcess byte[17720]
103  [main] DEBUG org.aspectj.weaver.loadtime.Aj  - 16:57:59.622 main &gt; org.aspectj.weaver.loadtime.Aj.preProcess org.aspectj.weaver.loadtime.Aj@58027738 org/springframework/beans/BeanMetadataAttributeAccessor, byte[1721], org.springframework.test.jpa.OrmXmlOverridingShadowingClassLoader@2bbf1be2
103  [main] DEBUG org.aspectj.weaver.loadtime.Aj  - 16:57:59.623 main - org.aspectj.weaver.loadtime.Aj.preProcess org.aspectj.weaver.loadtime.Aj@58027738 sun.misc.Launcher$AppClassLoader@302b2c81, org.springframework.test.jpa.OrmXmlOverridingShadowingClassLoader@2bbf1be2
103  [main] DEBUG org.aspectj.weaver.tools.WeavingAdaptor  - 16:57:59.623 main &gt; org.aspectj.weaver.tools.WeavingAdaptor.weaveClass org.aspectj.weaver.loadtime.ClassLoaderWeavingAdaptor@10b090ac org/springframework/beans/BeanMetadataAttributeAccessor, byte[1721]
103  [main] DEBUG org.aspectj.weaver.tools.WeavingAdaptor  - 16:57:59.623 main &lt; org.aspectj.weaver.tools.WeavingAdaptor.weaveClass false
103  [main] DEBUG org.aspectj.weaver.loadtime.Aj  - 16:57:59.623 main &lt; org.aspectj.weaver.loadtime.Aj.preProcess byte[1721]
108  [main] DEBUG org.aspectj.weaver.loadtime.Aj  - 16:57:59.628 main &gt; org.aspectj.weaver.loadtime.Aj.preProcess org.aspectj.weaver.loadtime.Aj@58027738 org/springframework/core/AttributeAccessorSupport, byte[2466], org.springframework.test.jpa.OrmXmlOverridingShadowingClassLoader@2bbf1be2
108  [main] DEBUG org.aspectj.weaver.loadtime.Aj  - 16:57:59.628 main - org.aspectj.weaver.loadtime.Aj.preProcess org.aspectj.weaver.loadtime.Aj@58027738 sun.misc.Launcher$AppClassLoader@302b2c81, org.springframework.test.jpa.OrmXmlOverridingShadowingClassLoader@2bbf1be2
108  [main] DEBUG org.aspectj.weaver.tools.WeavingAdaptor  - 16:57:59.628 main &gt; org.aspectj.weaver.tools.WeavingAdaptor.weaveClass org.aspectj.weaver.loadtime.ClassLoaderWeavingAdaptor@10b090ac org/springframework/core/AttributeAccessorSupport, byte[2466]
108  [main] DEBUG org.aspectj.weaver.tools.WeavingAdaptor  - 16:57:59.628 main &lt; org.aspectj.weaver.tools.WeavingAdaptor.weaveClass false
108  [main] DEBUG org.aspectj.weaver.loadtime.Aj  - 16:57:59.628 main &lt; org.aspectj.weaver.loadtime.Aj.preProcess byte[2466]
109  [main] DEBUG org.aspectj.weaver.loadtime.Aj  - 16:57:59.629 main &gt; org.aspectj.weaver.loadtime.Aj.preProcess org.aspectj.weaver.loadtime.Aj@58027738 org/springframework/beans/factory/support/RootBeanDefinition, byte[6191], org.springframework.test.jpa.OrmXmlOverridingShadowingClassLoader@2bbf1be2
109  [main] DEBUG org.aspectj.weaver.loadtime.Aj  - 16:57:59.629 main - org.aspectj.weaver.loadtime.Aj.preProcess org.aspectj.weaver.loadtime.Aj@58027738 sun.misc.Launcher$AppClassLoader@302b2c81, org.springframework.test.jpa.OrmXmlOverridingShadowingClassLoader@2bbf1be2
109  [main] DEBUG org.aspectj.weaver.tools.WeavingAdaptor  - 16:57:59.629 main &gt; org.aspectj.weaver.tools.WeavingAdaptor.weaveClass org.aspectj.weaver.loadtime.ClassLoaderWeavingAdaptor@10b090ac org/springframework/beans/factory/support/RootBeanDefinition, byte[6191]
109  [main] DEBUG org.aspectj.weaver.tools.WeavingAdaptor  - 16:57:59.629 main &lt; org.aspectj.weaver.tools.WeavingAdaptor.weaveClass false
109  [main] DEBUG org.aspectj.weaver.loadtime.Aj  - 16:57:59.629 main &lt; org.aspectj.weaver.loadtime.Aj.preProcess byte[6191]
110  [main] DEBUG org.aspectj.weaver.loadtime.Aj  - 16:57:59.630 main &gt; org.aspectj.weaver.loadtime.Aj.preProcess org.aspectj.weaver.loadtime.Aj@58027738 org/springframework/beans/MutablePropertyValues, byte[6757], org.springframework.test.jpa.OrmXmlOverridingShadowingClassLoader@2bbf1be2
110  [main] DEBUG org.aspectj.weaver.loadtime.Aj  - 16:57:59.630 main - org.aspectj.weaver.loadtime.Aj.preProcess org.aspectj.weaver.loadtime.Aj@58027738 sun.misc.Launcher$AppClassLoader@302b2c81, org.springframework.test.jpa.OrmXmlOverridingShadowingClassLoader@2bbf1be2
110  [main] DEBUG org.aspectj.weaver.tools.WeavingAdaptor  - 16:57:59.630 main &gt; org.aspectj.weaver.tools.WeavingAdaptor.weaveClass org.aspectj.weaver.loadtime.ClassLoaderWeavingAdaptor@10b090ac org/springframework/beans/MutablePropertyValues, byte[6757]
110  [main] DEBUG org.aspectj.weaver.tools.WeavingAdaptor  - 16:57:59.630 main &lt; org.aspectj.weaver.tools.WeavingAdaptor.weaveClass false
110  [main] DEBUG org.aspectj.weaver.loadtime.Aj  - 16:57:59.630 main &lt; org.aspectj.weaver.loadtime.Aj.preProcess byte[6757]
111  [main] DEBUG org.aspectj.weaver.loadtime.Aj  - 16:57:59.631 main &gt; org.aspectj.weaver.loadtime.Aj.preProcess org.aspectj.weaver.loadtime.Aj@58027738 org/springframework/beans/factory/support/InstantiationStrategy, byte[855], org.springframework.test.jpa.OrmXmlOverridingShadowingClassLoader@2bbf1be2
111  [main] DEBUG org.aspectj.weaver.loadtime.Aj  - 16:57:59.631 main - org.aspectj.weaver.loadtime.Aj.preProcess org.aspectj.weaver.loadtime.Aj@58027738 sun.misc.Launcher$AppClassLoader@302b2c81, org.springframework.test.jpa.OrmXmlOverridingShadowingClassLoader@2bbf1be2
111  [main] DEBUG org.aspectj.weaver.tools.WeavingAdaptor  - 16:57:59.631 main &gt; org.aspectj.weaver.tools.WeavingAdaptor.weaveClass org.aspectj.weaver.loadtime.ClassLoaderWeavingAdaptor@10b090ac org/springframework/beans/factory/support/InstantiationStrategy, byte[855]
111  [main] DEBUG org.aspectj.weaver.tools.WeavingAdaptor  - 16:57:59.631 main &lt; org.aspectj.weaver.tools.WeavingAdaptor.weaveClass false
111  [main] DEBUG org.aspectj.weaver.loadtime.Aj  - 16:57:59.631 main &lt; org.aspectj.weaver.loadtime.Aj.preProcess byte[855]
112  [main] DEBUG org.aspectj.weaver.loadtime.Aj  - 16:57:59.632 main &gt; org.aspectj.weaver.loadtime.Aj.preProcess org.aspectj.weaver.loadtime.Aj@58027738 org/springframework/beans/factory/support/BeanDefinitionValidationException, byte[670], org.springframework.test.jpa.OrmXmlOverridingShadowingClassLoader@2bbf1be2
112  [main] DEBUG org.aspectj.weaver.loadtime.Aj  - 16:57:59.632 main - org.aspectj.weaver.loadtime.Aj.preProcess org.aspectj.weaver.loadtime.Aj@58027738 sun.misc.Launcher$AppClassLoader@302b2c81, org.springframework.test.jpa.OrmXmlOverridingShadowingClassLoader@2bbf1be2
112  [main] DEBUG org.aspectj.weaver.tools.WeavingAdaptor  - 16:57:59.632 main &gt; org.aspectj.weaver.tools.WeavingAdaptor.weaveClass org.aspectj.weaver.loadtime.ClassLoaderWeavingAdaptor@10b090ac org/springframework/beans/factory/support/BeanDefinitionValidationException, byte[670]
112  [main] DEBUG org.aspectj.weaver.tools.WeavingAdaptor  - 16:57:59.632 main &lt; org.aspectj.weaver.tools.WeavingAdaptor.weaveClass false
112  [main] DEBUG org.aspectj.weaver.loadtime.Aj  - 16:57:59.632 main &lt; org.aspectj.weaver.loadtime.Aj.preProcess byte[670]
113  [main] DEBUG org.aspectj.weaver.loadtime.Aj  - 16:57:59.633 main &gt; org.aspectj.weaver.loadtime.Aj.preProcess org.aspectj.weaver.loadtime.Aj@58027738 org/springframework/core/CollectionFactory, byte[7656], org.springframework.test.jpa.OrmXmlOverridingShadowingClassLoader@2bbf1be2
113  [main] DEBUG org.aspectj.weaver.loadtime.Aj  - 16:57:59.633 main - org.aspectj.weaver.loadtime.Aj.preProcess org.aspectj.weaver.loadtime.Aj@58027738 sun.misc.Launcher$AppClassLoader@302b2c81, org.springframework.test.jpa.OrmXmlOverridingShadowingClassLoader@2bbf1be2
113  [main] DEBUG org.aspectj.weaver.tools.WeavingAdaptor  - 16:57:59.633 main &gt; org.aspectj.weaver.tools.WeavingAdaptor.weaveClass org.aspectj.weaver.loadtime.ClassLoaderWeavingAdaptor@10b090ac org/springframework/core/CollectionFactory, byte[7656]
113  [main] DEBUG org.aspectj.weaver.tools.WeavingAdaptor  - 16:57:59.633 main &lt; org.aspectj.weaver.tools.WeavingAdaptor.weaveClass false
113  [main] DEBUG org.aspectj.weaver.loadtime.Aj  - 16:57:59.633 main &lt; org.aspectj.weaver.loadtime.Aj.preProcess byte[7656]
114  [main] DEBUG org.aspectj.weaver.loadtime.Aj  - 16:57:59.634 main &gt; org.aspectj.weaver.loadtime.Aj.preProcess org.aspectj.weaver.loadtime.Aj@58027738 org/springframework/core/ConcurrentMap, byte[379], org.springframework.test.jpa.OrmXmlOverridingShadowingClassLoader@2bbf1be2
114  [main] DEBUG org.aspectj.weaver.loadtime.Aj  - 16:57:59.634 main - org.aspectj.weaver.loadtime.Aj.preProcess org.aspectj.weaver.loadtime.Aj@58027738 sun.misc.Launcher$AppClassLoader@302b2c81, org.springframework.test.jpa.OrmXmlOverridingShadowingClassLoader@2bbf1be2
114  [main] DEBUG org.aspectj.weaver.tools.WeavingAdaptor  - 16:57:59.634 main &gt; org.aspectj.weaver.tools.WeavingAdaptor.weaveClass org.aspectj.weaver.loadtime.ClassLoaderWeavingAdaptor@10b090ac org/springframework/core/ConcurrentMap, byte[379]
114  [main] DEBUG org.aspectj.weaver.tools.WeavingAdaptor  - 16:57:59.634 main &lt; org.aspectj.weaver.tools.WeavingAdaptor.weaveClass false
114  [main] DEBUG org.aspectj.weaver.loadtime.Aj  - 16:57:59.634 main &lt; org.aspectj.weaver.loadtime.Aj.preProcess byte[379]
115  [main] DEBUG org.aspectj.weaver.loadtime.Aj  - 16:57:59.635 main &gt; org.aspectj.weaver.loadtime.Aj.preProcess org.aspectj.weaver.loadtime.Aj@58027738 org/springframework/util/ClassUtils, byte[16768], org.springframework.test.jpa.OrmXmlOverridingShadowingClassLoader@2bbf1be2
115  [main] DEBUG org.aspectj.weaver.loadtime.Aj  - 16:57:59.635 main - org.aspectj.weaver.loadtime.Aj.preProcess org.aspectj.weaver.loadtime.Aj@58027738 sun.misc.Launcher$AppClassLoader@302b2c81, org.springframework.test.jpa.OrmXmlOverridingShadowingClassLoader@2bbf1be2
115  [main] DEBUG org.aspectj.weaver.tools.WeavingAdaptor  - 16:57:59.635 main &gt; org.aspectj.weaver.tools.WeavingAdaptor.weaveClass org.aspectj.weaver.loadtime.ClassLoaderWeavingAdaptor@10b090ac org/springframework/util/ClassUtils, byte[16768]
115  [main] DEBUG org.aspectj.weaver.tools.WeavingAdaptor  - 16:57:59.635 main &lt; org.aspectj.weaver.tools.WeavingAdaptor.weaveClass false
115  [main] DEBUG org.aspectj.weaver.loadtime.Aj  - 16:57:59.635 main &lt; org.aspectj.weaver.loadtime.Aj.preProcess byte[16768]
117  [main] DEBUG org.aspectj.weaver.loadtime.Aj  - 16:57:59.637 main &gt; org.aspectj.weaver.loadtime.Aj.preProcess org.aspectj.weaver.loadtime.Aj@58027738 org/springframework/util/Assert, byte[5582], org.springframework.test.jpa.OrmXmlOverridingShadowingClassLoader@2bbf1be2
117  [main] DEBUG org.aspectj.weaver.loadtime.Aj  - 16:57:59.637 main - org.aspectj.weaver.loadtime.Aj.preProcess org.aspectj.weaver.loadtime.Aj@58027738 sun.misc.Launcher$AppClassLoader@302b2c81, org.springframework.test.jpa.OrmXmlOverridingShadowingClassLoader@2bbf1be2
117  [main] DEBUG org.aspectj.weaver.tools.WeavingAdaptor  - 16:57:59.637 main &gt; org.aspectj.weaver.tools.WeavingAdaptor.weaveClass org.aspectj.weaver.loadtime.ClassLoaderWeavingAdaptor@10b090ac org/springframework/util/Assert, byte[5582]
117  [main] DEBUG org.aspectj.weaver.tools.WeavingAdaptor  - 16:57:59.637 main &lt; org.aspectj.weaver.tools.WeavingAdaptor.weaveClass false
117  [main] DEBUG org.aspectj.weaver.loadtime.Aj  - 16:57:59.637 main &lt; org.aspectj.weaver.loadtime.Aj.preProcess byte[5582]
118  [main] DEBUG org.aspectj.weaver.loadtime.Aj  - 16:57:59.638 main &gt; org.aspectj.weaver.loadtime.Aj.preProcess org.aspectj.weaver.loadtime.Aj@58027738 org/apache/commons/collections/map/CaseInsensitiveMap, byte[1905], org.springframework.test.jpa.OrmXmlOverridingShadowingClassLoader@2bbf1be2
118  [main] DEBUG org.aspectj.weaver.loadtime.Aj  - 16:57:59.638 main - org.aspectj.weaver.loadtime.Aj.preProcess org.aspectj.weaver.loadtime.Aj@58027738 sun.misc.Launcher$AppClassLoader@302b2c81, org.springframework.test.jpa.OrmXmlOverridingShadowingClassLoader@2bbf1be2
118  [main] DEBUG org.aspectj.weaver.tools.WeavingAdaptor  - 16:57:59.638 main &gt; org.aspectj.weaver.tools.WeavingAdaptor.weaveClass org.aspectj.weaver.loadtime.ClassLoaderWeavingAdaptor@10b090ac org/apache/commons/collections/map/CaseInsensitiveMap, byte[1905]
118  [main] DEBUG org.aspectj.weaver.tools.WeavingAdaptor  - 16:57:59.638 main &lt; org.aspectj.weaver.tools.WeavingAdaptor.weaveClass false
118  [main] DEBUG org.aspectj.weaver.loadtime.Aj  - 16:57:59.638 main &lt; org.aspectj.weaver.loadtime.Aj.preProcess byte[1905]
119  [main] DEBUG org.aspectj.weaver.loadtime.Aj  - 16:57:59.639 main &gt; org.aspectj.weaver.loadtime.Aj.preProcess org.aspectj.weaver.loadtime.Aj@58027738 org/apache/commons/collections/map/AbstractHashedMap, byte[14171], org.springframework.test.jpa.OrmXmlOverridingShadowingClassLoader@2bbf1be2
119  [main] DEBUG org.aspectj.weaver.loadtime.Aj  - 16:57:59.639 main - org.aspectj.weaver.loadtime.Aj.preProcess org.aspectj.weaver.loadtime.Aj@58027738 sun.misc.Launcher$AppClassLoader@302b2c81, org.springframework.test.jpa.OrmXmlOverridingShadowingClassLoader@2bbf1be2
119  [main] DEBUG org.aspectj.weaver.tools.WeavingAdaptor  - 16:57:59.639 main &gt; org.aspectj.weaver.tools.WeavingAdaptor.weaveClass org.aspectj.weaver.loadtime.ClassLoaderWeavingAdaptor@10b090ac org/apache/commons/collections/map/AbstractHashedMap, byte[14171]
119  [main] DEBUG org.aspectj.weaver.tools.WeavingAdaptor  - 16:57:59.639 main &lt; org.aspectj.weaver.tools.WeavingAdaptor.weaveClass false
119  [main] DEBUG org.aspectj.weaver.loadtime.Aj  - 16:57:59.639 main &lt; org.aspectj.weaver.loadtime.Aj.preProcess byte[14171]
119  [main] DEBUG org.aspectj.weaver.loadtime.Aj  - 16:57:59.639 main &gt; org.aspectj.weaver.loadtime.Aj.preProcess org.aspectj.weaver.loadtime.Aj@58027738 org/apache/commons/collections/IterableMap, byte[226], org.springframework.test.jpa.OrmXmlOverridingShadowingClassLoader@2bbf1be2
119  [main] DEBUG org.aspectj.weaver.loadtime.Aj  - 16:57:59.639 main - org.aspectj.weaver.loadtime.Aj.preProcess org.aspectj.weaver.loadtime.Aj@58027738 sun.misc.Launcher$AppClassLoader@302b2c81, org.springframework.test.jpa.OrmXmlOverridingShadowingClassLoader@2bbf1be2
119  [main] DEBUG org.aspectj.weaver.tools.WeavingAdaptor  - 16:57:59.639 main &gt; org.aspectj.weaver.tools.WeavingAdaptor.weaveClass org.aspectj.weaver.loadtime.ClassLoaderWeavingAdaptor@10b090ac org/apache/commons/collections/IterableMap, byte[226]
119  [main] DEBUG org.aspectj.weaver.tools.WeavingAdaptor  - 16:57:59.639 main &lt; org.aspectj.weaver.tools.WeavingAdaptor.weaveClass false
119  [main] DEBUG org.aspectj.weaver.loadtime.Aj  - 16:57:59.639 main &lt; org.aspectj.weaver.loadtime.Aj.preProcess byte[226]
120  [main] DEBUG org.aspectj.weaver.loadtime.Aj  - 16:57:59.640 main &gt; org.aspectj.weaver.loadtime.Aj.preProcess org.aspectj.weaver.loadtime.Aj@58027738 edu/emory/mathcs/backport/java/util/concurrent/ConcurrentHashMap, byte[9606], org.springframework.test.jpa.OrmXmlOverridingShadowingClassLoader@2bbf1be2
120  [main] DEBUG org.aspectj.weaver.loadtime.Aj  - 16:57:59.640 main - org.aspectj.weaver.loadtime.Aj.preProcess org.aspectj.weaver.loadtime.Aj@58027738 sun.misc.Launcher$AppClassLoader@302b2c81, org.springframework.test.jpa.OrmXmlOverridingShadowingClassLoader@2bbf1be2
120  [main] DEBUG org.aspectj.weaver.tools.WeavingAdaptor  - 16:57:59.640 main &gt; org.aspectj.weaver.tools.WeavingAdaptor.weaveClass org.aspectj.weaver.loadtime.ClassLoaderWeavingAdaptor@10b090ac edu/emory/mathcs/backport/java/util/concurrent/ConcurrentHashMap, byte[9606]
120  [main] DEBUG org.aspectj.weaver.tools.WeavingAdaptor  - 16:57:59.640 main &lt; org.aspectj.weaver.tools.WeavingAdaptor.weaveClass false
120  [main] DEBUG org.aspectj.weaver.loadtime.Aj  - 16:57:59.640 main &lt; org.aspectj.weaver.loadtime.Aj.preProcess byte[9606]
121  [main] DEBUG org.aspectj.weaver.loadtime.Aj  - 16:57:59.641 main &gt; org.aspectj.weaver.loadtime.Aj.preProcess org.aspectj.weaver.loadtime.Aj@58027738 edu/emory/mathcs/backport/java/util/concurrent/ConcurrentMap, byte[401], org.springframework.test.jpa.OrmXmlOverridingShadowingClassLoader@2bbf1be2
121  [main] DEBUG org.aspectj.weaver.loadtime.Aj  - 16:57:59.641 main - org.aspectj.weaver.loadtime.Aj.preProcess org.aspectj.weaver.loadtime.Aj@58027738 sun.misc.Launcher$AppClassLoader@302b2c81, org.springframework.test.jpa.OrmXmlOverridingShadowingClassLoader@2bbf1be2
121  [main] DEBUG org.aspectj.weaver.tools.WeavingAdaptor  - 16:57:59.641 main &gt; org.aspectj.weaver.tools.WeavingAdaptor.weaveClass org.aspectj.weaver.loadtime.ClassLoaderWeavingAdaptor@10b090ac edu/emory/mathcs/backport/java/util/concurrent/ConcurrentMap, byte[401]
121  [main] DEBUG org.aspectj.weaver.tools.WeavingAdaptor  - 16:57:59.641 main &lt; org.aspectj.weaver.tools.WeavingAdaptor.weaveClass false
121  [main] DEBUG org.aspectj.weaver.loadtime.Aj  - 16:57:59.641 main &lt; org.aspectj.weaver.loadtime.Aj.preProcess byte[401]
121  [main] DEBUG org.aspectj.weaver.loadtime.Aj  - 16:57:59.641 main &gt; org.aspectj.weaver.loadtime.Aj.preProcess org.aspectj.weaver.loadtime.Aj@58027738 edu/emory/mathcs/backport/java/util/AbstractMap, byte[1188], org.springframework.test.jpa.OrmXmlOverridingShadowingClassLoader@2bbf1be2
121  [main] DEBUG org.aspectj.weaver.loadtime.Aj  - 16:57:59.641 main - org.aspectj.weaver.loadtime.Aj.preProcess org.aspectj.weaver.loadtime.Aj@58027738 sun.misc.Launcher$AppClassLoader@302b2c81, org.springframework.test.jpa.OrmXmlOverridingShadowingClassLoader@2bbf1be2
121  [main] DEBUG org.aspectj.weaver.tools.WeavingAdaptor  - 16:57:59.641 main &gt; org.aspectj.weaver.tools.WeavingAdaptor.weaveClass org.aspectj.weaver.loadtime.ClassLoaderWeavingAdaptor@10b090ac edu/emory/mathcs/backport/java/util/AbstractMap, byte[1188]
122  [main] DEBUG org.aspectj.weaver.tools.WeavingAdaptor  - 16:57:59.642 main &lt; org.aspectj.weaver.tools.WeavingAdaptor.weaveClass false
122  [main] DEBUG org.aspectj.weaver.loadtime.Aj  - 16:57:59.642 main &lt; org.aspectj.weaver.loadtime.Aj.preProcess byte[1188]
122  [main] DEBUG org.aspectj.weaver.loadtime.Aj  - 16:57:59.642 main &gt; org.aspectj.weaver.loadtime.Aj.preProcess org.aspectj.weaver.loadtime.Aj@58027738 org/springframework/core/JdkVersion, byte[1286], org.springframework.test.jpa.OrmXmlOverridingShadowingClassLoader@2bbf1be2
122  [main] DEBUG org.aspectj.weaver.loadtime.Aj  - 16:57:59.642 main - org.aspectj.weaver.loadtime.Aj.preProcess org.aspectj.weaver.loadtime.Aj@58027738 sun.misc.Launcher$AppClassLoader@302b2c81, org.springframework.test.jpa.OrmXmlOverridingShadowingClassLoader@2bbf1be2
122  [main] DEBUG org.aspectj.weaver.tools.WeavingAdaptor  - 16:57:59.642 main &gt; org.aspectj.weaver.tools.WeavingAdaptor.weaveClass org.aspectj.weaver.loadtime.ClassLoaderWeavingAdaptor@10b090ac org/springframework/core/JdkVersion, byte[1286]
122  [main] DEBUG org.aspectj.weaver.tools.WeavingAdaptor  - 16:57:59.642 main &lt; org.aspectj.weaver.tools.WeavingAdaptor.weaveClass false
122  [main] DEBUG org.aspectj.weaver.loadtime.Aj  - 16:57:59.642 main &lt; org.aspectj.weaver.loadtime.Aj.preProcess byte[1286]
123  [main] DEBUG org.aspectj.weaver.loadtime.Aj  - 16:57:59.643 main &gt; org.aspectj.weaver.loadtime.Aj.preProcess org.aspectj.weaver.loadtime.Aj@58027738 org/springframework/core/CollectionFactory$JdkConcurrentCollectionFactory, byte[1018], org.springframework.test.jpa.OrmXmlOverridingShadowingClassLoader@2bbf1be2
123  [main] DEBUG org.aspectj.weaver.loadtime.Aj  - 16:57:59.643 main - org.aspectj.weaver.loadtime.Aj.preProcess org.aspectj.weaver.loadtime.Aj@58027738 sun.misc.Launcher$AppClassLoader@302b2c81, org.springframework.test.jpa.OrmXmlOverridingShadowingClassLoader@2bbf1be2
123  [main] DEBUG org.aspectj.weaver.tools.WeavingAdaptor  - 16:57:59.643 main &gt; org.aspectj.weaver.tools.WeavingAdaptor.weaveClass org.aspectj.weaver.loadtime.ClassLoaderWeavingAdaptor@10b090ac org/springframework/core/CollectionFactory$JdkConcurrentCollectionFactory, byte[1018]
123  [main] DEBUG org.aspectj.weaver.tools.WeavingAdaptor  - 16:57:59.643 main &lt; org.aspectj.weaver.tools.WeavingAdaptor.weaveClass false
123  [main] DEBUG org.aspectj.weaver.loadtime.Aj  - 16:57:59.643 main &lt; org.aspectj.weaver.loadtime.Aj.preProcess byte[1018]
124  [main] DEBUG org.aspectj.weaver.loadtime.Aj  - 16:57:59.644 main &gt; org.aspectj.weaver.loadtime.Aj.preProcess org.aspectj.weaver.loadtime.Aj@58027738 org/springframework/util/StringUtils, byte[14617], org.springframework.test.jpa.OrmXmlOverridingShadowingClassLoader@2bbf1be2
124  [main] DEBUG org.aspectj.weaver.loadtime.Aj  - 16:57:59.644 main - org.aspectj.weaver.loadtime.Aj.preProcess org.aspectj.weaver.loadtime.Aj@58027738 sun.misc.Launcher$AppClassLoader@302b2c81, org.springframework.test.jpa.OrmXmlOverridingShadowingClassLoader@2bbf1be2
124  [main] DEBUG org.aspectj.weaver.tools.WeavingAdaptor  - 16:57:59.644 main &gt; org.aspectj.weaver.tools.WeavingAdaptor.weaveClass org.aspectj.weaver.loadtime.ClassLoaderWeavingAdaptor@10b090ac org/springframework/util/StringUtils, byte[14617]
124  [main] DEBUG org.aspectj.weaver.tools.WeavingAdaptor  - 16:57:59.644 main &lt; org.aspectj.weaver.tools.WeavingAdaptor.weaveClass false
124  [main] DEBUG org.aspectj.weaver.loadtime.Aj  - 16:57:59.644 main &lt; org.aspectj.weaver.loadtime.Aj.preProcess byte[14617]
125  [main] DEBUG org.aspectj.weaver.loadtime.Aj  - 16:57:59.645 main &gt; org.aspectj.weaver.loadtime.Aj.preProcess org.aspectj.weaver.loadtime.Aj@58027738 org/springframework/beans/factory/support/CglibSubclassingInstantiationStrategy, byte[2477], org.springframework.test.jpa.OrmXmlOverridingShadowingClassLoader@2bbf1be2
125  [main] DEBUG org.aspectj.weaver.loadtime.Aj  - 16:57:59.645 main - org.aspectj.weaver.loadtime.Aj.preProcess org.aspectj.weaver.loadtime.Aj@58027738 sun.misc.Launcher$AppClassLoader@302b2c81, org.springframework.test.jpa.OrmXmlOverridingShadowingClassLoader@2bbf1be2
125  [main] DEBUG org.aspectj.weaver.tools.WeavingAdaptor  - 16:57:59.645 main &gt; org.aspectj.weaver.tools.WeavingAdaptor.weaveClass org.aspectj.weaver.loadtime.ClassLoaderWeavingAdaptor@10b090ac org/springframework/beans/factory/support/CglibSubclassingInstantiationStrategy, byte[2477]
125  [main] DEBUG org.aspectj.weaver.tools.WeavingAdaptor  - 16:57:59.645 main &lt; org.aspectj.weaver.tools.WeavingAdaptor.weaveClass false
125  [main] DEBUG org.aspectj.weaver.loadtime.Aj  - 16:57:59.645 main &lt; org.aspectj.weaver.loadtime.Aj.preProcess byte[2477]
126  [main] DEBUG org.aspectj.weaver.loadtime.Aj  - 16:57:59.646 main &gt; org.aspectj.weaver.loadtime.Aj.preProcess org.aspectj.weaver.loadtime.Aj@58027738 org/springframework/beans/factory/support/SimpleInstantiationStrategy, byte[4698], org.springframework.test.jpa.OrmXmlOverridingShadowingClassLoader@2bbf1be2
126  [main] DEBUG org.aspectj.weaver.loadtime.Aj  - 16:57:59.646 main - org.aspectj.weaver.loadtime.Aj.preProcess org.aspectj.weaver.loadtime.Aj@58027738 sun.misc.Launcher$AppClassLoader@302b2c81, org.springframework.test.jpa.OrmXmlOverridingShadowingClassLoader@2bbf1be2
126  [main] DEBUG org.aspectj.weaver.tools.WeavingAdaptor  - 16:57:59.646 main &gt; org.aspectj.weaver.tools.WeavingAdaptor.weaveClass org.aspectj.weaver.loadtime.ClassLoaderWeavingAdaptor@10b090ac org/springframework/beans/factory/support/SimpleInstantiationStrategy, byte[4698]
126  [main] DEBUG org.aspectj.weaver.tools.WeavingAdaptor  - 16:57:59.646 main &lt; org.aspectj.weaver.tools.WeavingAdaptor.weaveClass false
126  [main] DEBUG org.aspectj.weaver.loadtime.Aj  - 16:57:59.646 main &lt; org.aspectj.weaver.loadtime.Aj.preProcess byte[4698]
126  [main] DEBUG org.aspectj.weaver.loadtime.Aj  - 16:57:59.646 main &gt; org.aspectj.weaver.loadtime.Aj.preProcess org.aspectj.weaver.loadtime.Aj@58027738 org/springframework/beans/BeanInstantiationException, byte[1149], org.springframework.test.jpa.OrmXmlOverridingShadowingClassLoader@2bbf1be2
126  [main] DEBUG org.aspectj.weaver.loadtime.Aj  - 16:57:59.646 main - org.aspectj.weaver.loadtime.Aj.preProcess org.aspectj.weaver.loadtime.Aj@58027738 sun.misc.Launcher$AppClassLoader@302b2c81, org.springframework.test.jpa.OrmXmlOverridingShadowingClassLoader@2bbf1be2
127  [main] DEBUG org.aspectj.weaver.tools.WeavingAdaptor  - 16:57:59.647 main &gt; org.aspectj.weaver.tools.WeavingAdaptor.weaveClass org.aspectj.weaver.loadtime.ClassLoaderWeavingAdaptor@10b090ac org/springframework/beans/BeanInstantiationException, byte[1149]
127  [main] DEBUG org.aspectj.weaver.tools.WeavingAdaptor  - 16:57:59.647 main &lt; org.aspectj.weaver.tools.WeavingAdaptor.weaveClass false
127  [main] DEBUG org.aspectj.weaver.loadtime.Aj  - 16:57:59.647 main &lt; org.aspectj.weaver.loadtime.Aj.preProcess byte[1149]
127  [main] DEBUG org.aspectj.weaver.loadtime.Aj  - 16:57:59.647 main &gt; org.aspectj.weaver.loadtime.Aj.preProcess org.aspectj.weaver.loadtime.Aj@58027738 org/springframework/beans/factory/BeanNameAware, byte[187], org.springframework.test.jpa.OrmXmlOverridingShadowingClassLoader@2bbf1be2
127  [main] DEBUG org.aspectj.weaver.loadtime.Aj  - 16:57:59.647 main - org.aspectj.weaver.loadtime.Aj.preProcess org.aspectj.weaver.loadtime.Aj@58027738 sun.misc.Launcher$AppClassLoader@302b2c81, org.springframework.test.jpa.OrmXmlOverridingShadowingClassLoader@2bbf1be2
127  [main] DEBUG org.aspectj.weaver.tools.WeavingAdaptor  - 16:57:59.647 main &gt; org.aspectj.weaver.tools.WeavingAdaptor.weaveClass org.aspectj.weaver.loadtime.ClassLoaderWeavingAdaptor@10b090ac org/springframework/beans/factory/BeanNameAware, byte[187]
127  [main] DEBUG org.aspectj.weaver.tools.WeavingAdaptor  - 16:57:59.647 main &lt; org.aspectj.weaver.tools.WeavingAdaptor.weaveClass false
127  [main] DEBUG org.aspectj.weaver.loadtime.Aj  - 16:57:59.647 main &lt; org.aspectj.weaver.loadtime.Aj.preProcess byte[187]
128  [main] DEBUG org.aspectj.weaver.loadtime.Aj  - 16:57:59.648 main &gt; org.aspectj.weaver.loadtime.Aj.preProcess org.aspectj.weaver.loadtime.Aj@58027738 org/springframework/beans/factory/BeanFactoryAware, byte[294], org.springframework.test.jpa.OrmXmlOverridingShadowingClassLoader@2bbf1be2
128  [main] DEBUG org.aspectj.weaver.loadtime.Aj  - 16:57:59.648 main - org.aspectj.weaver.loadtime.Aj.preProcess org.aspectj.weaver.loadtime.Aj@58027738 sun.misc.Launcher$AppClassLoader@302b2c81, org.springframework.test.jpa.OrmXmlOverridingShadowingClassLoader@2bbf1be2
128  [main] DEBUG org.aspectj.weaver.tools.WeavingAdaptor  - 16:57:59.648 main &gt; org.aspectj.weaver.tools.WeavingAdaptor.weaveClass org.aspectj.weaver.loadtime.ClassLoaderWeavingAdaptor@10b090ac org/springframework/beans/factory/BeanFactoryAware, byte[294]
128  [main] DEBUG org.aspectj.weaver.tools.WeavingAdaptor  - 16:57:59.648 main &lt; org.aspectj.weaver.tools.WeavingAdaptor.weaveClass false
128  [main] DEBUG org.aspectj.weaver.loadtime.Aj  - 16:57:59.648 main &lt; org.aspectj.weaver.loadtime.Aj.preProcess byte[294]
128  [main] DEBUG org.aspectj.weaver.loadtime.Aj  - 16:57:59.648 main &gt; org.aspectj.weaver.loadtime.Aj.preProcess org.aspectj.weaver.loadtime.Aj@58027738 org/springframework/beans/factory/BeanClassLoaderAware, byte[213], org.springframework.test.jpa.OrmXmlOverridingShadowingClassLoader@2bbf1be2
128  [main] DEBUG org.aspectj.weaver.loadtime.Aj  - 16:57:59.648 main - org.aspectj.weaver.loadtime.Aj.preProcess org.aspectj.weaver.loadtime.Aj@58027738 sun.misc.Launcher$AppClassLoader@302b2c81, org.springframework.test.jpa.OrmXmlOverridingShadowingClassLoader@2bbf1be2
128  [main] DEBUG org.aspectj.weaver.tools.WeavingAdaptor  - 16:57:59.648 main &gt; org.aspectj.weaver.tools.WeavingAdaptor.weaveClass org.aspectj.weaver.loadtime.ClassLoaderWeavingAdaptor@10b090ac org/springframework/beans/factory/BeanClassLoaderAware, byte[213]
128  [main] DEBUG org.aspectj.weaver.tools.WeavingAdaptor  - 16:57:59.648 main &lt; org.aspectj.weaver.tools.WeavingAdaptor.weaveClass false
128  [main] DEBUG org.aspectj.weaver.loadtime.Aj  - 16:57:59.648 main &lt; org.aspectj.weaver.loadtime.Aj.preProcess byte[213]
129  [main] DEBUG org.aspectj.weaver.loadtime.Aj  - 16:57:59.649 main &gt; org.aspectj.weaver.loadtime.Aj.preProcess org.aspectj.weaver.loadtime.Aj@58027738 org/springframework/beans/factory/support/AutowireUtils, byte[3843], org.springframework.test.jpa.OrmXmlOverridingShadowingClassLoader@2bbf1be2
129  [main] DEBUG org.aspectj.weaver.loadtime.Aj  - 16:57:59.649 main - org.aspectj.weaver.loadtime.Aj.preProcess org.aspectj.weaver.loadtime.Aj@58027738 sun.misc.Launcher$AppClassLoader@302b2c81, org.springframework.test.jpa.OrmXmlOverridingShadowingClassLoader@2bbf1be2
129  [main] DEBUG org.aspectj.weaver.tools.WeavingAdaptor  - 16:57:59.649 main &gt; org.aspectj.weaver.tools.WeavingAdaptor.weaveClass org.aspectj.weaver.loadtime.ClassLoaderWeavingAdaptor@10b090ac org/springframework/beans/factory/support/AutowireUtils, byte[3843]
129  [main] DEBUG org.aspectj.weaver.tools.WeavingAdaptor  - 16:57:59.649 main &lt; org.aspectj.weaver.tools.WeavingAdaptor.weaveClass false
129  [main] DEBUG org.aspectj.weaver.loadtime.Aj  - 16:57:59.649 main &lt; org.aspectj.weaver.loadtime.Aj.preProcess byte[3843]
129  [main] DEBUG org.aspectj.weaver.loadtime.Aj  - 16:57:59.649 main &gt; org.aspectj.weaver.loadtime.Aj.preProcess org.aspectj.weaver.loadtime.Aj@58027738 org/springframework/beans/factory/support/AutowireCandidateResolver, byte[335], org.springframework.test.jpa.OrmXmlOverridingShadowingClassLoader@2bbf1be2
130  [main] DEBUG org.aspectj.weaver.loadtime.Aj  - 16:57:59.650 main - org.aspectj.weaver.loadtime.Aj.preProcess org.aspectj.weaver.loadtime.Aj@58027738 sun.misc.Launcher$AppClassLoader@302b2c81, org.springframework.test.jpa.OrmXmlOverridingShadowingClassLoader@2bbf1be2
130  [main] DEBUG org.aspectj.weaver.tools.WeavingAdaptor  - 16:57:59.650 main &gt; org.aspectj.weaver.tools.WeavingAdaptor.weaveClass org.aspectj.weaver.loadtime.ClassLoaderWeavingAdaptor@10b090ac org/springframework/beans/factory/support/AutowireCandidateResolver, byte[335]
130  [main] DEBUG org.aspectj.weaver.tools.WeavingAdaptor  - 16:57:59.650 main &lt; org.aspectj.weaver.tools.WeavingAdaptor.weaveClass false
130  [main] DEBUG org.aspectj.weaver.loadtime.Aj  - 16:57:59.650 main &lt; org.aspectj.weaver.loadtime.Aj.preProcess byte[335]
130  [main] DEBUG org.aspectj.weaver.loadtime.Aj  - 16:57:59.650 main &gt; org.aspectj.weaver.loadtime.Aj.preProcess org.aspectj.weaver.loadtime.Aj@58027738 org/springframework/beans/factory/annotation/QualifierAnnotationAutowireCandidateResolver, byte[6036], org.springframework.test.jpa.OrmXmlOverridingShadowingClassLoader@2bbf1be2
130  [main] DEBUG org.aspectj.weaver.loadtime.Aj  - 16:57:59.650 main - org.aspectj.weaver.loadtime.Aj.preProcess org.aspectj.weaver.loadtime.Aj@58027738 sun.misc.Launcher$AppClassLoader@302b2c81, org.springframework.test.jpa.OrmXmlOverridingShadowingClassLoader@2bbf1be2
130  [main] DEBUG org.aspectj.weaver.tools.WeavingAdaptor  - 16:57:59.650 main &gt; org.aspectj.weaver.tools.WeavingAdaptor.weaveClass org.aspectj.weaver.loadtime.ClassLoaderWeavingAdaptor@10b090ac org/springframework/beans/factory/annotation/QualifierAnnotationAutowireCandidateResolver, byte[6036]
130  [main] DEBUG org.aspectj.weaver.tools.WeavingAdaptor  - 16:57:59.650 main &lt; org.aspectj.weaver.tools.WeavingAdaptor.weaveClass false
130  [main] DEBUG org.aspectj.weaver.loadtime.Aj  - 16:57:59.650 main &lt; org.aspectj.weaver.loadtime.Aj.preProcess byte[6036]
131  [main] DEBUG org.aspectj.weaver.loadtime.Aj  - 16:57:59.651 main &gt; org.aspectj.weaver.loadtime.Aj.preProcess org.aspectj.weaver.loadtime.Aj@58027738 org/springframework/beans/factory/annotation/Qualifier, byte[609], org.springframework.test.jpa.OrmXmlOverridingShadowingClassLoader@2bbf1be2
131  [main] DEBUG org.aspectj.weaver.loadtime.Aj  - 16:57:59.651 main - org.aspectj.weaver.loadtime.Aj.preProcess org.aspectj.weaver.loadtime.Aj@58027738 sun.misc.Launcher$AppClassLoader@302b2c81, org.springframework.test.jpa.OrmXmlOverridingShadowingClassLoader@2bbf1be2
131  [main] DEBUG org.aspectj.weaver.tools.WeavingAdaptor  - 16:57:59.651 main &gt; org.aspectj.weaver.tools.WeavingAdaptor.weaveClass org.aspectj.weaver.loadtime.ClassLoaderWeavingAdaptor@10b090ac org/springframework/beans/factory/annotation/Qualifier, byte[609]
131  [main] DEBUG org.aspectj.weaver.tools.WeavingAdaptor  - 16:57:59.651 main &lt; org.aspectj.weaver.tools.WeavingAdaptor.weaveClass false
131  [main] DEBUG org.aspectj.weaver.loadtime.Aj  - 16:57:59.651 main &lt; org.aspectj.weaver.loadtime.Aj.preProcess byte[609]
132  [main] DEBUG org.aspectj.weaver.loadtime.Aj  - 16:57:59.652 main &gt; org.aspectj.weaver.loadtime.Aj.preProcess org.aspectj.weaver.loadtime.Aj@58027738 org/springframework/beans/factory/xml/XmlBeanDefinitionReader, byte[15000], org.springframework.test.jpa.OrmXmlOverridingShadowingClassLoader@2bbf1be2
132  [main] DEBUG org.aspectj.weaver.loadtime.Aj  - 16:57:59.652 main - org.aspectj.weaver.loadtime.Aj.preProcess org.aspectj.weaver.loadtime.Aj@58027738 sun.misc.Launcher$AppClassLoader@302b2c81, org.springframework.test.jpa.OrmXmlOverridingShadowingClassLoader@2bbf1be2
133  [main] DEBUG org.aspectj.weaver.tools.WeavingAdaptor  - 16:57:59.653 main &gt; org.aspectj.weaver.tools.WeavingAdaptor.weaveClass org.aspectj.weaver.loadtime.ClassLoaderWeavingAdaptor@10b090ac org/springframework/beans/factory/xml/XmlBeanDefinitionReader, byte[15000]
133  [main] DEBUG org.aspectj.weaver.tools.WeavingAdaptor  - 16:57:59.653 main &lt; org.aspectj.weaver.tools.WeavingAdaptor.weaveClass false
133  [main] DEBUG org.aspectj.weaver.loadtime.Aj  - 16:57:59.653 main &lt; org.aspectj.weaver.loadtime.Aj.preProcess byte[15000]
133  [main] DEBUG org.aspectj.weaver.loadtime.Aj  - 16:57:59.653 main &gt; org.aspectj.weaver.loadtime.Aj.preProcess org.aspectj.weaver.loadtime.Aj@58027738 org/springframework/beans/factory/support/AbstractBeanDefinitionReader, byte[5168], org.springframework.test.jpa.OrmXmlOverridingShadowingClassLoader@2bbf1be2
133  [main] DEBUG org.aspectj.weaver.loadtime.Aj  - 16:57:59.653 main - org.aspectj.weaver.loadtime.Aj.preProcess org.aspectj.weaver.loadtime.Aj@58027738 sun.misc.Launcher$AppClassLoader@302b2c81, org.springframework.test.jpa.OrmXmlOverridingShadowingClassLoader@2bbf1be2
133  [main] DEBUG org.aspectj.weaver.tools.WeavingAdaptor  - 16:57:59.653 main &gt; org.aspectj.weaver.tools.WeavingAdaptor.weaveClass org.aspectj.weaver.loadtime.ClassLoaderWeavingAdaptor@10b090ac org/springframework/beans/factory/support/AbstractBeanDefinitionReader, byte[5168]
133  [main] DEBUG org.aspectj.weaver.tools.WeavingAdaptor  - 16:57:59.653 main &lt; org.aspectj.weaver.tools.WeavingAdaptor.weaveClass false
133  [main] DEBUG org.aspectj.weaver.loadtime.Aj  - 16:57:59.653 main &lt; org.aspectj.weaver.loadtime.Aj.preProcess byte[5168]
134  [main] DEBUG org.aspectj.weaver.loadtime.Aj  - 16:57:59.654 main &gt; org.aspectj.weaver.loadtime.Aj.preProcess org.aspectj.weaver.loadtime.Aj@58027738 org/springframework/beans/factory/support/BeanDefinitionReader, byte[844], org.springframework.test.jpa.OrmXmlOverridingShadowingClassLoader@2bbf1be2
134  [main] DEBUG org.aspectj.weaver.loadtime.Aj  - 16:57:59.654 main - org.aspectj.weaver.loadtime.Aj.preProcess org.aspectj.weaver.loadtime.Aj@58027738 sun.misc.Launcher$AppClassLoader@302b2c81, org.springframework.test.jpa.OrmXmlOverridingShadowingClassLoader@2bbf1be2
134  [main] DEBUG org.aspectj.weaver.tools.WeavingAdaptor  - 16:57:59.654 main &gt; org.aspectj.weaver.tools.WeavingAdaptor.weaveClass org.aspectj.weaver.loadtime.ClassLoaderWeavingAdaptor@10b090ac org/springframework/beans/factory/support/BeanDefinitionReader, byte[844]
134  [main] DEBUG org.aspectj.weaver.tools.WeavingAdaptor  - 16:57:59.654 main &lt; org.aspectj.weaver.tools.WeavingAdaptor.weaveClass false
134  [main] DEBUG org.aspectj.weaver.loadtime.Aj  - 16:57:59.654 main &lt; org.aspectj.weaver.loadtime.Aj.preProcess byte[844]
134  [main] DEBUG org.aspectj.weaver.loadtime.Aj  - 16:57:59.654 main &gt; org.aspectj.weaver.loadtime.Aj.preProcess org.aspectj.weaver.loadtime.Aj@58027738 org/springframework/beans/factory/support/BeanNameGenerator, byte[330], org.springframework.test.jpa.OrmXmlOverridingShadowingClassLoader@2bbf1be2
134  [main] DEBUG org.aspectj.weaver.loadtime.Aj  - 16:57:59.654 main - org.aspectj.weaver.loadtime.Aj.preProcess org.aspectj.weaver.loadtime.Aj@58027738 sun.misc.Launcher$AppClassLoader@302b2c81, org.springframework.test.jpa.OrmXmlOverridingShadowingClassLoader@2bbf1be2
134  [main] DEBUG org.aspectj.weaver.tools.WeavingAdaptor  - 16:57:59.654 main &gt; org.aspectj.weaver.tools.WeavingAdaptor.weaveClass org.aspectj.weaver.loadtime.ClassLoaderWeavingAdaptor@10b090ac org/springframework/beans/factory/support/BeanNameGenerator, byte[330]
134  [main] DEBUG org.aspectj.weaver.tools.WeavingAdaptor  - 16:57:59.654 main &lt; org.aspectj.weaver.tools.WeavingAdaptor.weaveClass false
135  [main] DEBUG org.aspectj.weaver.loadtime.Aj  - 16:57:59.655 main &lt; org.aspectj.weaver.loadtime.Aj.preProcess byte[330]
135  [main] DEBUG org.aspectj.weaver.loadtime.Aj  - 16:57:59.655 main &gt; org.aspectj.weaver.loadtime.Aj.preProcess org.aspectj.weaver.loadtime.Aj@58027738 org/springframework/core/io/ResourceLoader, byte[365], org.springframework.test.jpa.OrmXmlOverridingShadowingClassLoader@2bbf1be2
135  [main] DEBUG org.aspectj.weaver.loadtime.Aj  - 16:57:59.655 main - org.aspectj.weaver.loadtime.Aj.preProcess org.aspectj.weaver.loadtime.Aj@58027738 sun.misc.Launcher$AppClassLoader@302b2c81, org.springframework.test.jpa.OrmXmlOverridingShadowingClassLoader@2bbf1be2
135  [main] DEBUG org.aspectj.weaver.tools.WeavingAdaptor  - 16:57:59.655 main &gt; org.aspectj.weaver.tools.WeavingAdaptor.weaveClass org.aspectj.weaver.loadtime.ClassLoaderWeavingAdaptor@10b090ac org/springframework/core/io/ResourceLoader, byte[365]
135  [main] DEBUG org.aspectj.weaver.tools.WeavingAdaptor  - 16:57:59.655 main &lt; org.aspectj.weaver.tools.WeavingAdaptor.weaveClass false
135  [main] DEBUG org.aspectj.weaver.loadtime.Aj  - 16:57:59.655 main &lt; org.aspectj.weaver.loadtime.Aj.preProcess byte[365]
136  [main] DEBUG org.aspectj.weaver.loadtime.Aj  - 16:57:59.656 main &gt; org.aspectj.weaver.loadtime.Aj.preProcess org.aspectj.weaver.loadtime.Aj@58027738 org/springframework/beans/factory/parsing/SourceExtractor, byte[256], org.springframework.test.jpa.OrmXmlOverridingShadowingClassLoader@2bbf1be2
136  [main] DEBUG org.aspectj.weaver.loadtime.Aj  - 16:57:59.656 main - org.aspectj.weaver.loadtime.Aj.preProcess org.aspectj.weaver.loadtime.Aj@58027738 sun.misc.Launcher$AppClassLoader@302b2c81, org.springframework.test.jpa.OrmXmlOverridingShadowingClassLoader@2bbf1be2
136  [main] DEBUG org.aspectj.weaver.tools.WeavingAdaptor  - 16:57:59.656 main &gt; org.aspectj.weaver.tools.WeavingAdaptor.weaveClass org.aspectj.weaver.loadtime.ClassLoaderWeavingAdaptor@10b090ac org/springframework/beans/factory/parsing/SourceExtractor, byte[256]
136  [main] DEBUG org.aspectj.weaver.tools.WeavingAdaptor  - 16:57:59.656 main &lt; org.aspectj.weaver.tools.WeavingAdaptor.weaveClass false
136  [main] DEBUG org.aspectj.weaver.loadtime.Aj  - 16:57:59.656 main &lt; org.aspectj.weaver.loadtime.Aj.preProcess byte[256]
136  [main] DEBUG org.aspectj.weaver.loadtime.Aj  - 16:57:59.656 main &gt; org.aspectj.weaver.loadtime.Aj.preProcess org.aspectj.weaver.loadtime.Aj@58027738 org/springframework/beans/factory/parsing/ReaderEventListener, byte[571], org.springframework.test.jpa.OrmXmlOverridingShadowingClassLoader@2bbf1be2
136  [main] DEBUG org.aspectj.weaver.loadtime.Aj  - 16:57:59.656 main - org.aspectj.weaver.loadtime.Aj.preProcess org.aspectj.weaver.loadtime.Aj@58027738 sun.misc.Launcher$AppClassLoader@302b2c81, org.springframework.test.jpa.OrmXmlOverridingShadowingClassLoader@2bbf1be2
136  [main] DEBUG org.aspectj.weaver.tools.WeavingAdaptor  - 16:57:59.656 main &gt; org.aspectj.weaver.tools.WeavingAdaptor.weaveClass org.aspectj.weaver.loadtime.ClassLoaderWeavingAdaptor@10b090ac org/springframework/beans/factory/parsing/ReaderEventListener, byte[571]
136  [main] DEBUG org.aspectj.weaver.tools.WeavingAdaptor  - 16:57:59.656 main &lt; org.aspectj.weaver.tools.WeavingAdaptor.weaveClass false
136  [main] DEBUG org.aspectj.weaver.loadtime.Aj  - 16:57:59.656 main &lt; org.aspectj.weaver.loadtime.Aj.preProcess byte[571]
137  [main] DEBUG org.aspectj.weaver.loadtime.Aj  - 16:57:59.657 main &gt; org.aspectj.weaver.loadtime.Aj.preProcess org.aspectj.weaver.loadtime.Aj@58027738 org/springframework/beans/factory/xml/DocumentLoader, byte[326], org.springframework.test.jpa.OrmXmlOverridingShadowingClassLoader@2bbf1be2
137  [main] DEBUG org.aspectj.weaver.loadtime.Aj  - 16:57:59.657 main - org.aspectj.weaver.loadtime.Aj.preProcess org.aspectj.weaver.loadtime.Aj@58027738 sun.misc.Launcher$AppClassLoader@302b2c81, org.springframework.test.jpa.OrmXmlOverridingShadowingClassLoader@2bbf1be2
137  [main] DEBUG org.aspectj.weaver.tools.WeavingAdaptor  - 16:57:59.657 main &gt; org.aspectj.weaver.tools.WeavingAdaptor.weaveClass org.aspectj.weaver.loadtime.ClassLoaderWeavingAdaptor@10b090ac org/springframework/beans/factory/xml/DocumentLoader, byte[326]
137  [main] DEBUG org.aspectj.weaver.tools.WeavingAdaptor  - 16:57:59.657 main &lt; org.aspectj.weaver.tools.WeavingAdaptor.weaveClass false
137  [main] DEBUG org.aspectj.weaver.loadtime.Aj  - 16:57:59.657 main &lt; org.aspectj.weaver.loadtime.Aj.preProcess byte[326]
137  [main] DEBUG org.aspectj.weaver.loadtime.Aj  - 16:57:59.657 main &gt; org.aspectj.weaver.loadtime.Aj.preProcess org.aspectj.weaver.loadtime.Aj@58027738 org/springframework/beans/factory/parsing/ProblemReporter, byte[260], org.springframework.test.jpa.OrmXmlOverridingShadowingClassLoader@2bbf1be2
137  [main] DEBUG org.aspectj.weaver.loadtime.Aj  - 16:57:59.657 main - org.aspectj.weaver.loadtime.Aj.preProcess org.aspectj.weaver.loadtime.Aj@58027738 sun.misc.Launcher$AppClassLoader@302b2c81, org.springframework.test.jpa.OrmXmlOverridingShadowingClassLoader@2bbf1be2
137  [main] DEBUG org.aspectj.weaver.tools.WeavingAdaptor  - 16:57:59.657 main &gt; org.aspectj.weaver.tools.WeavingAdaptor.weaveClass org.aspectj.weaver.loadtime.ClassLoaderWeavingAdaptor@10b090ac org/springframework/beans/factory/parsing/ProblemReporter, byte[260]
137  [main] DEBUG org.aspectj.weaver.tools.WeavingAdaptor  - 16:57:59.657 main &lt; org.aspectj.weaver.tools.WeavingAdaptor.weaveClass false
137  [main] DEBUG org.aspectj.weaver.loadtime.Aj  - 16:57:59.657 main &lt; org.aspectj.weaver.loadtime.Aj.preProcess byte[260]
138  [main] DEBUG org.aspectj.weaver.loadtime.Aj  - 16:57:59.658 main &gt; org.aspectj.weaver.loadtime.Aj.preProcess org.aspectj.weaver.loadtime.Aj@58027738 org/springframework/beans/factory/xml/XmlBeanDefinitionStoreException, byte[926], org.springframework.test.jpa.OrmXmlOverridingShadowingClassLoader@2bbf1be2
138  [main] DEBUG org.aspectj.weaver.loadtime.Aj  - 16:57:59.658 main - org.aspectj.weaver.loadtime.Aj.preProcess org.aspectj.weaver.loadtime.Aj@58027738 sun.misc.Launcher$AppClassLoader@302b2c81, org.springframework.test.jpa.OrmXmlOverridingShadowingClassLoader@2bbf1be2
138  [main] DEBUG org.aspectj.weaver.tools.WeavingAdaptor  - 16:57:59.658 main &gt; org.aspectj.weaver.tools.WeavingAdaptor.weaveClass org.aspectj.weaver.loadtime.ClassLoaderWeavingAdaptor@10b090ac org/springframework/beans/factory/xml/XmlBeanDefinitionStoreException, byte[926]
138  [main] DEBUG org.aspectj.weaver.tools.WeavingAdaptor  - 16:57:59.658 main &lt; org.aspectj.weaver.tools.WeavingAdaptor.weaveClass false
138  [main] DEBUG org.aspectj.weaver.loadtime.Aj  - 16:57:59.658 main &lt; org.aspectj.weaver.loadtime.Aj.preProcess byte[926]
139  [main] DEBUG org.aspectj.weaver.loadtime.Aj  - 16:57:59.659 main &gt; org.aspectj.weaver.loadtime.Aj.preProcess org.aspectj.weaver.loadtime.Aj@58027738 org/springframework/beans/factory/xml/NamespaceHandlerResolver, byte[264], org.springframework.test.jpa.OrmXmlOverridingShadowingClassLoader@2bbf1be2
139  [main] DEBUG org.aspectj.weaver.loadtime.Aj  - 16:57:59.659 main - org.aspectj.weaver.loadtime.Aj.preProcess org.aspectj.weaver.loadtime.Aj@58027738 sun.misc.Launcher$AppClassLoader@302b2c81, org.springframework.test.jpa.OrmXmlOverridingShadowingClassLoader@2bbf1be2
139  [main] DEBUG org.aspectj.weaver.tools.WeavingAdaptor  - 16:57:59.659 main &gt; org.aspectj.weaver.tools.WeavingAdaptor.weaveClass org.aspectj.weaver.loadtime.ClassLoaderWeavingAdaptor@10b090ac org/springframework/beans/factory/xml/NamespaceHandlerResolver, byte[264]
139  [main] DEBUG org.aspectj.weaver.tools.WeavingAdaptor  - 16:57:59.659 main &lt; org.aspectj.weaver.tools.WeavingAdaptor.weaveClass false
139  [main] DEBUG org.aspectj.weaver.loadtime.Aj  - 16:57:59.659 main &lt; org.aspectj.weaver.loadtime.Aj.preProcess byte[264]
139  [main] DEBUG org.aspectj.weaver.loadtime.Aj  - 16:57:59.659 main &gt; org.aspectj.weaver.loadtime.Aj.preProcess org.aspectj.weaver.loadtime.Aj@58027738 org/springframework/core/io/Resource, byte[621], org.springframework.test.jpa.OrmXmlOverridingShadowingClassLoader@2bbf1be2
140  [main] DEBUG org.aspectj.weaver.loadtime.Aj  - 16:57:59.659 main - org.aspectj.weaver.loadtime.Aj.preProcess org.aspectj.weaver.loadtime.Aj@58027738 sun.misc.Launcher$AppClassLoader@302b2c81, org.springframework.test.jpa.OrmXmlOverridingShadowingClassLoader@2bbf1be2
140  [main] DEBUG org.aspectj.weaver.tools.WeavingAdaptor  - 16:57:59.660 main &gt; org.aspectj.weaver.tools.WeavingAdaptor.weaveClass org.aspectj.weaver.loadtime.ClassLoaderWeavingAdaptor@10b090ac org/springframework/core/io/Resource, byte[621]
140  [main] DEBUG org.aspectj.weaver.tools.WeavingAdaptor  - 16:57:59.660 main &lt; org.aspectj.weaver.tools.WeavingAdaptor.weaveClass false
140  [main] DEBUG org.aspectj.weaver.loadtime.Aj  - 16:57:59.660 main &lt; org.aspectj.weaver.loadtime.Aj.preProcess byte[621]
140  [main] DEBUG org.aspectj.weaver.loadtime.Aj  - 16:57:59.660 main &gt; org.aspectj.weaver.loadtime.Aj.preProcess org.aspectj.weaver.loadtime.Aj@58027738 org/springframework/core/io/InputStreamSource, byte[242], org.springframework.test.jpa.OrmXmlOverridingShadowingClassLoader@2bbf1be2
140  [main] DEBUG org.aspectj.weaver.loadtime.Aj  - 16:57:59.660 main - org.aspectj.weaver.loadtime.Aj.preProcess org.aspectj.weaver.loadtime.Aj@58027738 sun.misc.Launcher$AppClassLoader@302b2c81, org.springframework.test.jpa.OrmXmlOverridingShadowingClassLoader@2bbf1be2
140  [main] DEBUG org.aspectj.weaver.tools.WeavingAdaptor  - 16:57:59.660 main &gt; org.aspectj.weaver.tools.WeavingAdaptor.weaveClass org.aspectj.weaver.loadtime.ClassLoaderWeavingAdaptor@10b090ac org/springframework/core/io/InputStreamSource, byte[242]
140  [main] DEBUG org.aspectj.weaver.tools.WeavingAdaptor  - 16:57:59.660 main &lt; org.aspectj.weaver.tools.WeavingAdaptor.weaveClass false
140  [main] DEBUG org.aspectj.weaver.loadtime.Aj  - 16:57:59.660 main &lt; org.aspectj.weaver.loadtime.Aj.preProcess byte[242]
141  [main] DEBUG org.aspectj.weaver.loadtime.Aj  - 16:57:59.661 main &gt; org.aspectj.weaver.loadtime.Aj.preProcess org.aspectj.weaver.loadtime.Aj@58027738 org/springframework/core/Constants, byte[5952], org.springframework.test.jpa.OrmXmlOverridingShadowingClassLoader@2bbf1be2
141  [main] DEBUG org.aspectj.weaver.loadtime.Aj  - 16:57:59.661 main - org.aspectj.weaver.loadtime.Aj.preProcess org.aspectj.weaver.loadtime.Aj@58027738 sun.misc.Launcher$AppClassLoader@302b2c81, org.springframework.test.jpa.OrmXmlOverridingShadowingClassLoader@2bbf1be2
141  [main] DEBUG org.aspectj.weaver.tools.WeavingAdaptor  - 16:57:59.661 main &gt; org.aspectj.weaver.tools.WeavingAdaptor.weaveClass org.aspectj.weaver.loadtime.ClassLoaderWeavingAdaptor@10b090ac org/springframework/core/Constants, byte[5952]
141  [main] DEBUG org.aspectj.weaver.tools.WeavingAdaptor  - 16:57:59.661 main &lt; org.aspectj.weaver.tools.WeavingAdaptor.weaveClass false
141  [main] DEBUG org.aspectj.weaver.loadtime.Aj  - 16:57:59.661 main &lt; org.aspectj.weaver.loadtime.Aj.preProcess byte[5952]
141  [main] DEBUG org.aspectj.weaver.loadtime.Aj  - 16:57:59.661 main &gt; org.aspectj.weaver.loadtime.Aj.preProcess org.aspectj.weaver.loadtime.Aj@58027738 org/springframework/core/ConstantException, byte[1104], org.springframework.test.jpa.OrmXmlOverridingShadowingClassLoader@2bbf1be2
142  [main] DEBUG org.aspectj.weaver.loadtime.Aj  - 16:57:59.662 main - org.aspectj.weaver.loadtime.Aj.preProcess org.aspectj.weaver.loadtime.Aj@58027738 sun.misc.Launcher$AppClassLoader@302b2c81, org.springframework.test.jpa.OrmXmlOverridingShadowingClassLoader@2bbf1be2
142  [main] DEBUG org.aspectj.weaver.tools.WeavingAdaptor  - 16:57:59.662 main &gt; org.aspectj.weaver.tools.WeavingAdaptor.weaveClass org.aspectj.weaver.loadtime.ClassLoaderWeavingAdaptor@10b090ac org/springframework/core/ConstantException, byte[1104]
142  [main] DEBUG org.aspectj.weaver.tools.WeavingAdaptor  - 16:57:59.662 main &lt; org.aspectj.weaver.tools.WeavingAdaptor.weaveClass false
142  [main] DEBUG org.aspectj.weaver.loadtime.Aj  - 16:57:59.662 main &lt; org.aspectj.weaver.loadtime.Aj.preProcess byte[1104]
142  [main] DEBUG org.aspectj.weaver.loadtime.Aj  - 16:57:59.662 main &gt; org.aspectj.weaver.loadtime.Aj.preProcess org.aspectj.weaver.loadtime.Aj@58027738 org/springframework/util/ReflectionUtils, byte[11099], org.springframework.test.jpa.OrmXmlOverridingShadowingClassLoader@2bbf1be2
142  [main] DEBUG org.aspectj.weaver.loadtime.Aj  - 16:57:59.662 main - org.aspectj.weaver.loadtime.Aj.preProcess org.aspectj.weaver.loadtime.Aj@58027738 sun.misc.Launcher$AppClassLoader@302b2c81, org.springframework.test.jpa.OrmXmlOverridingShadowingClassLoader@2bbf1be2
142  [main] DEBUG org.aspectj.weaver.tools.WeavingAdaptor  - 16:57:59.662 main &gt; org.aspectj.weaver.tools.WeavingAdaptor.weaveClass org.aspectj.weaver.loadtime.ClassLoaderWeavingAdaptor@10b090ac org/springframework/util/ReflectionUtils, byte[11099]
142  [main] DEBUG org.aspectj.weaver.tools.WeavingAdaptor  - 16:57:59.662 main &lt; org.aspectj.weaver.tools.WeavingAdaptor.weaveClass false
143  [main] DEBUG org.aspectj.weaver.loadtime.Aj  - 16:57:59.663 main &lt; org.aspectj.weaver.loadtime.Aj.preProcess byte[11099]
143  [main] DEBUG org.aspectj.weaver.loadtime.Aj  - 16:57:59.663 main &gt; org.aspectj.weaver.loadtime.Aj.preProcess org.aspectj.weaver.loadtime.Aj@58027738 org/springframework/util/ReflectionUtils$FieldCallback, byte[394], org.springframework.test.jpa.OrmXmlOverridingShadowingClassLoader@2bbf1be2
143  [main] DEBUG org.aspectj.weaver.loadtime.Aj  - 16:57:59.663 main - org.aspectj.weaver.loadtime.Aj.preProcess org.aspectj.weaver.loadtime.Aj@58027738 sun.misc.Launcher$AppClassLoader@302b2c81, org.springframework.test.jpa.OrmXmlOverridingShadowingClassLoader@2bbf1be2
143  [main] DEBUG org.aspectj.weaver.tools.WeavingAdaptor  - 16:57:59.663 main &gt; org.aspectj.weaver.tools.WeavingAdaptor.weaveClass org.aspectj.weaver.loadtime.ClassLoaderWeavingAdaptor@10b090ac org/springframework/util/ReflectionUtils$FieldCallback, byte[394]
143  [main] DEBUG org.aspectj.weaver.tools.WeavingAdaptor  - 16:57:59.663 main &lt; org.aspectj.weaver.tools.WeavingAdaptor.weaveClass false
143  [main] DEBUG org.aspectj.weaver.loadtime.Aj  - 16:57:59.663 main &lt; org.aspectj.weaver.loadtime.Aj.preProcess byte[394]
144  [main] DEBUG org.aspectj.weaver.loadtime.Aj  - 16:57:59.664 main &gt; org.aspectj.weaver.loadtime.Aj.preProcess org.aspectj.weaver.loadtime.Aj@58027738 org/springframework/util/ReflectionUtils$MethodCallback, byte[397], org.springframework.test.jpa.OrmXmlOverridingShadowingClassLoader@2bbf1be2
144  [main] DEBUG org.aspectj.weaver.loadtime.Aj  - 16:57:59.664 main - org.aspectj.weaver.loadtime.Aj.preProcess org.aspectj.weaver.loadtime.Aj@58027738 sun.misc.Launcher$AppClassLoader@302b2c81, org.springframework.test.jpa.OrmXmlOverridingShadowingClassLoader@2bbf1be2
144  [main] DEBUG org.aspectj.weaver.tools.WeavingAdaptor  - 16:57:59.664 main &gt; org.aspectj.weaver.tools.WeavingAdaptor.weaveClass org.aspectj.weaver.loadtime.ClassLoaderWeavingAdaptor@10b090ac org/springframework/util/ReflectionUtils$MethodCallback, byte[397]
144  [main] DEBUG org.aspectj.weaver.tools.WeavingAdaptor  - 16:57:59.664 main &lt; org.aspectj.weaver.tools.WeavingAdaptor.weaveClass false
144  [main] DEBUG org.aspectj.weaver.loadtime.Aj  - 16:57:59.664 main &lt; org.aspectj.weaver.loadtime.Aj.preProcess byte[397]
144  [main] DEBUG org.aspectj.weaver.loadtime.Aj  - 16:57:59.664 main &gt; org.aspectj.weaver.loadtime.Aj.preProcess org.aspectj.weaver.loadtime.Aj@58027738 org/springframework/util/ReflectionUtils$FieldFilter, byte[288], org.springframework.test.jpa.OrmXmlOverridingShadowingClassLoader@2bbf1be2
144  [main] DEBUG org.aspectj.weaver.loadtime.Aj  - 16:57:59.664 main - org.aspectj.weaver.loadtime.Aj.preProcess org.aspectj.weaver.loadtime.Aj@58027738 sun.misc.Launcher$AppClassLoader@302b2c81, org.springframework.test.jpa.OrmXmlOverridingShadowingClassLoader@2bbf1be2
145  [main] DEBUG org.aspectj.weaver.tools.WeavingAdaptor  - 16:57:59.665 main &gt; org.aspectj.weaver.tools.WeavingAdaptor.weaveClass org.aspectj.weaver.loadtime.ClassLoaderWeavingAdaptor@10b090ac org/springframework/util/ReflectionUtils$FieldFilter, byte[288]
145  [main] DEBUG org.aspectj.weaver.tools.WeavingAdaptor  - 16:57:59.665 main &lt; org.aspectj.weaver.tools.WeavingAdaptor.weaveClass false
145  [main] DEBUG org.aspectj.weaver.loadtime.Aj  - 16:57:59.665 main &lt; org.aspectj.weaver.loadtime.Aj.preProcess byte[288]
145  [main] DEBUG org.aspectj.weaver.loadtime.Aj  - 16:57:59.665 main &gt; org.aspectj.weaver.loadtime.Aj.preProcess org.aspectj.weaver.loadtime.Aj@58027738 org/springframework/util/ReflectionUtils$3, byte[792], org.springframework.test.jpa.OrmXmlOverridingShadowingClassLoader@2bbf1be2
145  [main] DEBUG org.aspectj.weaver.loadtime.Aj  - 16:57:59.665 main - org.aspectj.weaver.loadtime.Aj.preProcess org.aspectj.weaver.loadtime.Aj@58027738 sun.misc.Launcher$AppClassLoader@302b2c81, org.springframework.test.jpa.OrmXmlOverridingShadowingClassLoader@2bbf1be2
145  [main] DEBUG org.aspectj.weaver.tools.WeavingAdaptor  - 16:57:59.665 main &gt; org.aspectj.weaver.tools.WeavingAdaptor.weaveClass org.aspectj.weaver.loadtime.ClassLoaderWeavingAdaptor@10b090ac org/springframework/util/ReflectionUtils$3, byte[792]
145  [main] DEBUG org.aspectj.weaver.tools.WeavingAdaptor  - 16:57:59.665 main &lt; org.aspectj.weaver.tools.WeavingAdaptor.weaveClass false
145  [main] DEBUG org.aspectj.weaver.loadtime.Aj  - 16:57:59.665 main &lt; org.aspectj.weaver.loadtime.Aj.preProcess byte[792]
146  [main] DEBUG org.aspectj.weaver.loadtime.Aj  - 16:57:59.666 main &gt; org.aspectj.weaver.loadtime.Aj.preProcess org.aspectj.weaver.loadtime.Aj@58027738 org/springframework/beans/factory/support/DefaultBeanNameGenerator, byte[931], org.springframework.test.jpa.OrmXmlOverridingShadowingClassLoader@2bbf1be2
146  [main] DEBUG org.aspectj.weaver.loadtime.Aj  - 16:57:59.666 main - org.aspectj.weaver.loadtime.Aj.preProcess org.aspectj.weaver.loadtime.Aj@58027738 sun.misc.Launcher$AppClassLoader@302b2c81, org.springframework.test.jpa.OrmXmlOverridingShadowingClassLoader@2bbf1be2
146  [main] DEBUG org.aspectj.weaver.tools.WeavingAdaptor  - 16:57:59.666 main &gt; org.aspectj.weaver.tools.WeavingAdaptor.weaveClass org.aspectj.weaver.loadtime.ClassLoaderWeavingAdaptor@10b090ac org/springframework/beans/factory/support/DefaultBeanNameGenerator, byte[931]
146  [main] DEBUG org.aspectj.weaver.tools.WeavingAdaptor  - 16:57:59.666 main &lt; org.aspectj.weaver.tools.WeavingAdaptor.weaveClass false
146  [main] DEBUG org.aspectj.weaver.loadtime.Aj  - 16:57:59.666 main &lt; org.aspectj.weaver.loadtime.Aj.preProcess byte[931]
146  [main] DEBUG org.aspectj.weaver.loadtime.Aj  - 16:57:59.666 main &gt; org.aspectj.weaver.loadtime.Aj.preProcess org.aspectj.weaver.loadtime.Aj@58027738 org/springframework/core/io/support/PathMatchingResourcePatternResolver, byte[12262], org.springframework.test.jpa.OrmXmlOverridingShadowingClassLoader@2bbf1be2
146  [main] DEBUG org.aspectj.weaver.loadtime.Aj  - 16:57:59.666 main - org.aspectj.weaver.loadtime.Aj.preProcess org.aspectj.weaver.loadtime.Aj@58027738 sun.misc.Launcher$AppClassLoader@302b2c81, org.springframework.test.jpa.OrmXmlOverridingShadowingClassLoader@2bbf1be2
147  [main] DEBUG org.aspectj.weaver.tools.WeavingAdaptor  - 16:57:59.667 main &gt; org.aspectj.weaver.tools.WeavingAdaptor.weaveClass org.aspectj.weaver.loadtime.ClassLoaderWeavingAdaptor@10b090ac org/springframework/core/io/support/PathMatchingResourcePatternResolver, byte[12262]
147  [main] DEBUG org.aspectj.weaver.tools.WeavingAdaptor  - 16:57:59.667 main &lt; org.aspectj.weaver.tools.WeavingAdaptor.weaveClass false
147  [main] DEBUG org.aspectj.weaver.loadtime.Aj  - 16:57:59.667 main &lt; org.aspectj.weaver.loadtime.Aj.preProcess byte[12262]
147  [main] DEBUG org.aspectj.weaver.loadtime.Aj  - 16:57:59.667 main &gt; org.aspectj.weaver.loadtime.Aj.preProcess org.aspectj.weaver.loadtime.Aj@58027738 org/springframework/core/io/support/ResourcePatternResolver, byte[443], org.springframework.test.jpa.OrmXmlOverridingShadowingClassLoader@2bbf1be2
147  [main] DEBUG org.aspectj.weaver.loadtime.Aj  - 16:57:59.667 main - org.aspectj.weaver.loadtime.Aj.preProcess org.aspectj.weaver.loadtime.Aj@58027738 sun.misc.Launcher$AppClassLoader@302b2c81, org.springframework.test.jpa.OrmXmlOverridingShadowingClassLoader@2bbf1be2
147  [main] DEBUG org.aspectj.weaver.tools.WeavingAdaptor  - 16:57:59.667 main &gt; org.aspectj.weaver.tools.WeavingAdaptor.weaveClass org.aspectj.weaver.loadtime.ClassLoaderWeavingAdaptor@10b090ac org/springframework/core/io/support/ResourcePatternResolver, byte[443]
147  [main] DEBUG org.aspectj.weaver.tools.WeavingAdaptor  - 16:57:59.667 main &lt; org.aspectj.weaver.tools.WeavingAdaptor.weaveClass false
147  [main] DEBUG org.aspectj.weaver.loadtime.Aj  - 16:57:59.667 main &lt; org.aspectj.weaver.loadtime.Aj.preProcess byte[443]
148  [main] DEBUG org.aspectj.weaver.loadtime.Aj  - 16:57:59.668 main &gt; org.aspectj.weaver.loadtime.Aj.preProcess org.aspectj.weaver.loadtime.Aj@58027738 org/springframework/util/PathMatcher, byte[345], org.springframework.test.jpa.OrmXmlOverridingShadowingClassLoader@2bbf1be2
148  [main] DEBUG org.aspectj.weaver.loadtime.Aj  - 16:57:59.668 main - org.aspectj.weaver.loadtime.Aj.preProcess org.aspectj.weaver.loadtime.Aj@58027738 sun.misc.Launcher$AppClassLoader@302b2c81, org.springframework.test.jpa.OrmXmlOverridingShadowingClassLoader@2bbf1be2
148  [main] DEBUG org.aspectj.weaver.tools.WeavingAdaptor  - 16:57:59.668 main &gt; org.aspectj.weaver.tools.WeavingAdaptor.weaveClass org.aspectj.weaver.loadtime.ClassLoaderWeavingAdaptor@10b090ac org/springframework/util/PathMatcher, byte[345]
148  [main] DEBUG org.aspectj.weaver.tools.WeavingAdaptor  - 16:57:59.668 main &lt; org.aspectj.weaver.tools.WeavingAdaptor.weaveClass false
148  [main] DEBUG org.aspectj.weaver.loadtime.Aj  - 16:57:59.668 main &lt; org.aspectj.weaver.loadtime.Aj.preProcess byte[345]
149  [main] DEBUG org.aspectj.weaver.loadtime.Aj  - 16:57:59.669 main &gt; org.aspectj.weaver.loadtime.Aj.preProcess org.aspectj.weaver.loadtime.Aj@58027738 org/springframework/util/AntPathMatcher, byte[4755], org.springframework.test.jpa.OrmXmlOverridingShadowingClassLoader@2bbf1be2
149  [main] DEBUG org.aspectj.weaver.loadtime.Aj  - 16:57:59.669 main - org.aspectj.weaver.loadtime.Aj.preProcess org.aspectj.weaver.loadtime.Aj@58027738 sun.misc.Launcher$AppClassLoader@302b2c81, org.springframework.test.jpa.OrmXmlOverridingShadowingClassLoader@2bbf1be2
149  [main] DEBUG org.aspectj.weaver.tools.WeavingAdaptor  - 16:57:59.669 main &gt; org.aspectj.weaver.tools.WeavingAdaptor.weaveClass org.aspectj.weaver.loadtime.ClassLoaderWeavingAdaptor@10b090ac org/springframework/util/AntPathMatcher, byte[4755]
149  [main] DEBUG org.aspectj.weaver.tools.WeavingAdaptor  - 16:57:59.669 main &lt; org.aspectj.weaver.tools.WeavingAdaptor.weaveClass false
149  [main] DEBUG org.aspectj.weaver.loadtime.Aj  - 16:57:59.669 main &lt; org.aspectj.weaver.loadtime.Aj.preProcess byte[4755]
150  [main] DEBUG org.aspectj.weaver.loadtime.Aj  - 16:57:59.670 main &gt; org.aspectj.weaver.loadtime.Aj.preProcess org.aspectj.weaver.loadtime.Aj@58027738 org/springframework/core/io/DefaultResourceLoader, byte[2029], org.springframework.test.jpa.OrmXmlOverridingShadowingClassLoader@2bbf1be2
150  [main] DEBUG org.aspectj.weaver.loadtime.Aj  - 16:57:59.670 main - org.aspectj.weaver.loadtime.Aj.preProcess org.aspectj.weaver.loadtime.Aj@58027738 sun.misc.Launcher$AppClassLoader@302b2c81, org.springframework.test.jpa.OrmXmlOverridingShadowingClassLoader@2bbf1be2
150  [main] DEBUG org.aspectj.weaver.tools.WeavingAdaptor  - 16:57:59.670 main &gt; org.aspectj.weaver.tools.WeavingAdaptor.weaveClass org.aspectj.weaver.loadtime.ClassLoaderWeavingAdaptor@10b090ac org/springframework/core/io/DefaultResourceLoader, byte[2029]
150  [main] DEBUG org.aspectj.weaver.tools.WeavingAdaptor  - 16:57:59.670 main &lt; org.aspectj.weaver.tools.WeavingAdaptor.weaveClass false
150  [main] DEBUG org.aspectj.weaver.loadtime.Aj  - 16:57:59.670 main &lt; org.aspectj.weaver.loadtime.Aj.preProcess byte[2029]
150  [main] DEBUG org.aspectj.weaver.loadtime.Aj  - 16:57:59.670 main &gt; org.aspectj.weaver.loadtime.Aj.preProcess org.aspectj.weaver.loadtime.Aj@58027738 org/springframework/beans/factory/xml/DefaultBeanDefinitionDocumentReader, byte[8931], org.springframework.test.jpa.OrmXmlOverridingShadowingClassLoader@2bbf1be2
151  [main] DEBUG org.aspectj.weaver.loadtime.Aj  - 16:57:59.671 main - org.aspectj.weaver.loadtime.Aj.preProcess org.aspectj.weaver.loadtime.Aj@58027738 sun.misc.Launcher$AppClassLoader@302b2c81, org.springframework.test.jpa.OrmXmlOverridingShadowingClassLoader@2bbf1be2
151  [main] DEBUG org.aspectj.weaver.tools.WeavingAdaptor  - 16:57:59.671 main &gt; org.aspectj.weaver.tools.WeavingAdaptor.weaveClass org.aspectj.weaver.loadtime.ClassLoaderWeavingAdaptor@10b090ac org/springframework/beans/factory/xml/DefaultBeanDefinitionDocumentReader, byte[8931]
151  [main] DEBUG org.aspectj.weaver.tools.WeavingAdaptor  - 16:57:59.671 main &lt; org.aspectj.weaver.tools.WeavingAdaptor.weaveClass false
151  [main] DEBUG org.aspectj.weaver.loadtime.Aj  - 16:57:59.671 main &lt; org.aspectj.weaver.loadtime.Aj.preProcess byte[8931]
151  [main] DEBUG org.aspectj.weaver.loadtime.Aj  - 16:57:59.671 main &gt; org.aspectj.weaver.loadtime.Aj.preProcess org.aspectj.weaver.loadtime.Aj@58027738 org/springframework/beans/factory/xml/BeanDefinitionDocumentReader, byte[384], org.springframework.test.jpa.OrmXmlOverridingShadowingClassLoader@2bbf1be2
151  [main] DEBUG org.aspectj.weaver.loadtime.Aj  - 16:57:59.671 main - org.aspectj.weaver.loadtime.Aj.preProcess org.aspectj.weaver.loadtime.Aj@58027738 sun.misc.Launcher$AppClassLoader@302b2c81, org.springframework.test.jpa.OrmXmlOverridingShadowingClassLoader@2bbf1be2
151  [main] DEBUG org.aspectj.weaver.tools.WeavingAdaptor  - 16:57:59.671 main &gt; org.aspectj.weaver.tools.WeavingAdaptor.weaveClass org.aspectj.weaver.loadtime.ClassLoaderWeavingAdaptor@10b090ac org/springframework/beans/factory/xml/BeanDefinitionDocumentReader, byte[384]
151  [main] DEBUG org.aspectj.weaver.tools.WeavingAdaptor  - 16:57:59.671 main &lt; org.aspectj.weaver.tools.WeavingAdaptor.weaveClass false
151  [main] DEBUG org.aspectj.weaver.loadtime.Aj  - 16:57:59.671 main &lt; org.aspectj.weaver.loadtime.Aj.preProcess byte[384]
152  [main] DEBUG org.aspectj.weaver.loadtime.Aj  - 16:57:59.672 main &gt; org.aspectj.weaver.loadtime.Aj.preProcess org.aspectj.weaver.loadtime.Aj@58027738 org/springframework/beans/factory/parsing/ComponentDefinition, byte[496], org.springframework.test.jpa.OrmXmlOverridingShadowingClassLoader@2bbf1be2
152  [main] DEBUG org.aspectj.weaver.loadtime.Aj  - 16:57:59.672 main - org.aspectj.weaver.loadtime.Aj.preProcess org.aspectj.weaver.loadtime.Aj@58027738 sun.misc.Launcher$AppClassLoader@302b2c81, org.springframework.test.jpa.OrmXmlOverridingShadowingClassLoader@2bbf1be2
152  [main] DEBUG org.aspectj.weaver.tools.WeavingAdaptor  - 16:57:59.672 main &gt; org.aspectj.weaver.tools.WeavingAdaptor.weaveClass org.aspectj.weaver.loadtime.ClassLoaderWeavingAdaptor@10b090ac org/springframework/beans/factory/parsing/ComponentDefinition, byte[496]
152  [main] DEBUG org.aspectj.weaver.tools.WeavingAdaptor  - 16:57:59.672 main &lt; org.aspectj.weaver.tools.WeavingAdaptor.weaveClass false
152  [main] DEBUG org.aspectj.weaver.loadtime.Aj  - 16:57:59.672 main &lt; org.aspectj.weaver.loadtime.Aj.preProcess byte[496]
153  [main] DEBUG org.aspectj.weaver.loadtime.Aj  - 16:57:59.673 main &gt; org.aspectj.weaver.loadtime.Aj.preProcess org.aspectj.weaver.loadtime.Aj@58027738 org/springframework/beans/factory/parsing/FailFastProblemReporter, byte[1493], org.springframework.test.jpa.OrmXmlOverridingShadowingClassLoader@2bbf1be2
153  [main] DEBUG org.aspectj.weaver.loadtime.Aj  - 16:57:59.673 main - org.aspectj.weaver.loadtime.Aj.preProcess org.aspectj.weaver.loadtime.Aj@58027738 sun.misc.Launcher$AppClassLoader@302b2c81, org.springframework.test.jpa.OrmXmlOverridingShadowingClassLoader@2bbf1be2
153  [main] DEBUG org.aspectj.weaver.tools.WeavingAdaptor  - 16:57:59.673 main &gt; org.aspectj.weaver.tools.WeavingAdaptor.weaveClass org.aspectj.weaver.loadtime.ClassLoaderWeavingAdaptor@10b090ac org/springframework/beans/factory/parsing/FailFastProblemReporter, byte[1493]
153  [main] DEBUG org.aspectj.weaver.tools.WeavingAdaptor  - 16:57:59.673 main &lt; org.aspectj.weaver.tools.WeavingAdaptor.weaveClass false
153  [main] DEBUG org.aspectj.weaver.loadtime.Aj  - 16:57:59.673 main &lt; org.aspectj.weaver.loadtime.Aj.preProcess byte[1493]
153  [main] DEBUG org.aspectj.weaver.loadtime.Aj  - 16:57:59.673 main &gt; org.aspectj.weaver.loadtime.Aj.preProcess org.aspectj.weaver.loadtime.Aj@58027738 org/springframework/beans/factory/parsing/BeanDefinitionParsingException, byte[834], org.springframework.test.jpa.OrmXmlOverridingShadowingClassLoader@2bbf1be2
153  [main] DEBUG org.aspectj.weaver.loadtime.Aj  - 16:57:59.673 main - org.aspectj.weaver.loadtime.Aj.preProcess org.aspectj.weaver.loadtime.Aj@58027738 sun.misc.Launcher$AppClassLoader@302b2c81, org.springframework.test.jpa.OrmXmlOverridingShadowingClassLoader@2bbf1be2
153  [main] DEBUG org.aspectj.weaver.tools.WeavingAdaptor  - 16:57:59.673 main &gt; org.aspectj.weaver.tools.WeavingAdaptor.weaveClass org.aspectj.weaver.loadtime.ClassLoaderWeavingAdaptor@10b090ac org/springframework/beans/factory/parsing/BeanDefinitionParsingException, byte[834]
153  [main] DEBUG org.aspectj.weaver.tools.WeavingAdaptor  - 16:57:59.673 main &lt; org.aspectj.weaver.tools.WeavingAdaptor.weaveClass false
153  [main] DEBUG org.aspectj.weaver.loadtime.Aj  - 16:57:59.673 main &lt; org.aspectj.weaver.loadtime.Aj.preProcess byte[834]
154  [main] DEBUG org.aspectj.weaver.loadtime.Aj  - 16:57:59.674 main &gt; org.aspectj.weaver.loadtime.Aj.preProcess org.aspectj.weaver.loadtime.Aj@58027738 org/springframework/beans/factory/parsing/EmptyReaderEventListener, byte[1401], org.springframework.test.jpa.OrmXmlOverridingShadowingClassLoader@2bbf1be2
154  [main] DEBUG org.aspectj.weaver.loadtime.Aj  - 16:57:59.674 main - org.aspectj.weaver.loadtime.Aj.preProcess org.aspectj.weaver.loadtime.Aj@58027738 sun.misc.Launcher$AppClassLoader@302b2c81, org.springframework.test.jpa.OrmXmlOverridingShadowingClassLoader@2bbf1be2
154  [main] DEBUG org.aspectj.weaver.tools.WeavingAdaptor  - 16:57:59.674 main &gt; org.aspectj.weaver.tools.WeavingAdaptor.weaveClass org.aspectj.weaver.loadtime.ClassLoaderWeavingAdaptor@10b090ac org/springframework/beans/factory/parsing/EmptyReaderEventListener, byte[1401]
154  [main] DEBUG org.aspectj.weaver.tools.WeavingAdaptor  - 16:57:59.674 main &lt; org.aspectj.weaver.tools.WeavingAdaptor.weaveClass false
154  [main] DEBUG org.aspectj.weaver.loadtime.Aj  - 16:57:59.674 main &lt; org.aspectj.weaver.loadtime.Aj.preProcess byte[1401]
154  [main] DEBUG org.aspectj.weaver.loadtime.Aj  - 16:57:59.674 main &gt; org.aspectj.weaver.loadtime.Aj.preProcess org.aspectj.weaver.loadtime.Aj@58027738 org/springframework/beans/factory/parsing/NullSourceExtractor, byte[705], org.springframework.test.jpa.OrmXmlOverridingShadowingClassLoader@2bbf1be2
154  [main] DEBUG org.aspectj.weaver.loadtime.Aj  - 16:57:59.674 main - org.aspectj.weaver.loadtime.Aj.preProcess org.aspectj.weaver.loadtime.Aj@58027738 sun.misc.Launcher$AppClassLoader@302b2c81, org.springframework.test.jpa.OrmXmlOverridingShadowingClassLoader@2bbf1be2
155  [main] DEBUG org.aspectj.weaver.tools.WeavingAdaptor  - 16:57:59.675 main &gt; org.aspectj.weaver.tools.WeavingAdaptor.weaveClass org.aspectj.weaver.loadtime.ClassLoaderWeavingAdaptor@10b090ac org/springframework/beans/factory/parsing/NullSourceExtractor, byte[705]
155  [main] DEBUG org.aspectj.weaver.tools.WeavingAdaptor  - 16:57:59.675 main &lt; org.aspectj.weaver.tools.WeavingAdaptor.weaveClass false
155  [main] DEBUG org.aspectj.weaver.loadtime.Aj  - 16:57:59.675 main &lt; org.aspectj.weaver.loadtime.Aj.preProcess byte[705]
155  [main] DEBUG org.aspectj.weaver.loadtime.Aj  - 16:57:59.675 main &gt; org.aspectj.weaver.loadtime.Aj.preProcess org.aspectj.weaver.loadtime.Aj@58027738 org/springframework/beans/factory/xml/DefaultDocumentLoader, byte[4239], org.springframework.test.jpa.OrmXmlOverridingShadowingClassLoader@2bbf1be2
155  [main] DEBUG org.aspectj.weaver.loadtime.Aj  - 16:57:59.675 main - org.aspectj.weaver.loadtime.Aj.preProcess org.aspectj.weaver.loadtime.Aj@58027738 sun.misc.Launcher$AppClassLoader@302b2c81, org.springframework.test.jpa.OrmXmlOverridingShadowingClassLoader@2bbf1be2
155  [main] DEBUG org.aspectj.weaver.tools.WeavingAdaptor  - 16:57:59.675 main &gt; org.aspectj.weaver.tools.WeavingAdaptor.weaveClass org.aspectj.weaver.loadtime.ClassLoaderWeavingAdaptor@10b090ac org/springframework/beans/factory/xml/DefaultDocumentLoader, byte[4239]
155  [main] DEBUG org.aspectj.weaver.tools.WeavingAdaptor  - 16:57:59.675 main &lt; org.aspectj.weaver.tools.WeavingAdaptor.weaveClass false
155  [main] DEBUG org.aspectj.weaver.loadtime.Aj  - 16:57:59.675 main &lt; org.aspectj.weaver.loadtime.Aj.preProcess byte[4239]
156  [main] DEBUG org.aspectj.weaver.loadtime.Aj  - 16:57:59.676 main &gt; org.aspectj.weaver.loadtime.Aj.preProcess org.aspectj.weaver.loadtime.Aj@58027738 org/springframework/util/xml/SimpleSaxErrorHandler, byte[1034], org.springframework.test.jpa.OrmXmlOverridingShadowingClassLoader@2bbf1be2
156  [main] DEBUG org.aspectj.weaver.loadtime.Aj  - 16:57:59.676 main - org.aspectj.weaver.loadtime.Aj.preProcess org.aspectj.weaver.loadtime.Aj@58027738 sun.misc.Launcher$AppClassLoader@302b2c81, org.springframework.test.jpa.OrmXmlOverridingShadowingClassLoader@2bbf1be2
156  [main] DEBUG org.aspectj.weaver.tools.WeavingAdaptor  - 16:57:59.676 main &gt; org.aspectj.weaver.tools.WeavingAdaptor.weaveClass org.aspectj.weaver.loadtime.ClassLoaderWeavingAdaptor@10b090ac org/springframework/util/xml/SimpleSaxErrorHandler, byte[1034]
156  [main] DEBUG org.aspectj.weaver.tools.WeavingAdaptor  - 16:57:59.676 main &lt; org.aspectj.weaver.tools.WeavingAdaptor.weaveClass false
156  [main] DEBUG org.aspectj.weaver.loadtime.Aj  - 16:57:59.676 main &lt; org.aspectj.weaver.loadtime.Aj.preProcess byte[1034]
156  [main] DEBUG org.aspectj.weaver.loadtime.Aj  - 16:57:59.676 main &gt; org.aspectj.weaver.loadtime.Aj.preProcess org.aspectj.weaver.loadtime.Aj@58027738 org/springframework/util/xml/XmlValidationModeDetector, byte[2927], org.springframework.test.jpa.OrmXmlOverridingShadowingClassLoader@2bbf1be2
157  [main] DEBUG org.aspectj.weaver.loadtime.Aj  - 16:57:59.676 main - org.aspectj.weaver.loadtime.Aj.preProcess org.aspectj.weaver.loadtime.Aj@58027738 sun.misc.Launcher$AppClassLoader@302b2c81, org.springframework.test.jpa.OrmXmlOverridingShadowingClassLoader@2bbf1be2
157  [main] DEBUG org.aspectj.weaver.tools.WeavingAdaptor  - 16:57:59.677 main &gt; org.aspectj.weaver.tools.WeavingAdaptor.weaveClass org.aspectj.weaver.loadtime.ClassLoaderWeavingAdaptor@10b090ac org/springframework/util/xml/XmlValidationModeDetector, byte[2927]
157  [main] DEBUG org.aspectj.weaver.tools.WeavingAdaptor  - 16:57:59.677 main &lt; org.aspectj.weaver.tools.WeavingAdaptor.weaveClass false
157  [main] DEBUG org.aspectj.weaver.loadtime.Aj  - 16:57:59.677 main &lt; org.aspectj.weaver.loadtime.Aj.preProcess byte[2927]
157  [main] DEBUG org.aspectj.weaver.loadtime.Aj  - 16:57:59.677 main &gt; org.aspectj.weaver.loadtime.Aj.preProcess org.aspectj.weaver.loadtime.Aj@58027738 org/springframework/core/io/support/EncodedResource, byte[1980], org.springframework.test.jpa.OrmXmlOverridingShadowingClassLoader@2bbf1be2
158  [main] DEBUG org.aspectj.weaver.loadtime.Aj  - 16:57:59.678 main - org.aspectj.weaver.loadtime.Aj.preProcess org.aspectj.weaver.loadtime.Aj@58027738 sun.misc.Launcher$AppClassLoader@302b2c81, org.springframework.test.jpa.OrmXmlOverridingShadowingClassLoader@2bbf1be2
158  [main] DEBUG org.aspectj.weaver.tools.WeavingAdaptor  - 16:57:59.678 main &gt; org.aspectj.weaver.tools.WeavingAdaptor.weaveClass org.aspectj.weaver.loadtime.ClassLoaderWeavingAdaptor@10b090ac org/springframework/core/io/support/EncodedResource, byte[1980]
158  [main] DEBUG org.aspectj.weaver.tools.WeavingAdaptor  - 16:57:59.678 main &lt; org.aspectj.weaver.tools.WeavingAdaptor.weaveClass false
158  [main] DEBUG org.aspectj.weaver.loadtime.Aj  - 16:57:59.678 main &lt; org.aspectj.weaver.loadtime.Aj.preProcess byte[1980]
158  [main] DEBUG org.aspectj.weaver.loadtime.Aj  - 16:57:59.678 main &gt; org.aspectj.weaver.loadtime.Aj.preProcess org.aspectj.weaver.loadtime.Aj@58027738 org/springframework/core/io/ClassPathResource, byte[4283], org.springframework.test.jpa.OrmXmlOverridingShadowingClassLoader@2bbf1be2
158  [main] DEBUG org.aspectj.weaver.loadtime.Aj  - 16:57:59.678 main - org.aspectj.weaver.loadtime.Aj.preProcess org.aspectj.weaver.loadtime.Aj@58027738 sun.misc.Launcher$AppClassLoader@302b2c81, org.springframework.test.jpa.OrmXmlOverridingShadowingClassLoader@2bbf1be2
158  [main] DEBUG org.aspectj.weaver.tools.WeavingAdaptor  - 16:57:59.678 main &gt; org.aspectj.weaver.tools.WeavingAdaptor.weaveClass org.aspectj.weaver.loadtime.ClassLoaderWeavingAdaptor@10b090ac org/springframework/core/io/ClassPathResource, byte[4283]
158  [main] DEBUG org.aspectj.weaver.tools.WeavingAdaptor  - 16:57:59.678 main &lt; org.aspectj.weaver.tools.WeavingAdaptor.weaveClass false
159  [main] DEBUG org.aspectj.weaver.loadtime.Aj  - 16:57:59.679 main &lt; org.aspectj.weaver.loadtime.Aj.preProcess byte[4283]
159  [main] DEBUG org.aspectj.weaver.loadtime.Aj  - 16:57:59.679 main &gt; org.aspectj.weaver.loadtime.Aj.preProcess org.aspectj.weaver.loadtime.Aj@58027738 org/springframework/core/io/AbstractResource, byte[3251], org.springframework.test.jpa.OrmXmlOverridingShadowingClassLoader@2bbf1be2
159  [main] DEBUG org.aspectj.weaver.loadtime.Aj  - 16:57:59.679 main - org.aspectj.weaver.loadtime.Aj.preProcess org.aspectj.weaver.loadtime.Aj@58027738 sun.misc.Launcher$AppClassLoader@302b2c81, org.springframework.test.jpa.OrmXmlOverridingShadowingClassLoader@2bbf1be2
159  [main] DEBUG org.aspectj.weaver.tools.WeavingAdaptor  - 16:57:59.679 main &gt; org.aspectj.weaver.tools.WeavingAdaptor.weaveClass org.aspectj.weaver.loadtime.ClassLoaderWeavingAdaptor@10b090ac org/springframework/core/io/AbstractResource, byte[3251]
159  [main] DEBUG org.aspectj.weaver.tools.WeavingAdaptor  - 16:57:59.679 main &lt; org.aspectj.weaver.tools.WeavingAdaptor.weaveClass false
159  [main] DEBUG org.aspectj.weaver.loadtime.Aj  - 16:57:59.679 main &lt; org.aspectj.weaver.loadtime.Aj.preProcess byte[3251]
160  [main] DEBUG org.aspectj.weaver.loadtime.Aj  - 16:57:59.680 main &gt; org.aspectj.weaver.loadtime.Aj.preProcess org.aspectj.weaver.loadtime.Aj@58027738 org/springframework/core/NestedIOException, byte[930], org.springframework.test.jpa.OrmXmlOverridingShadowingClassLoader@2bbf1be2
160  [main] DEBUG org.aspectj.weaver.loadtime.Aj  - 16:57:59.680 main - org.aspectj.weaver.loadtime.Aj.preProcess org.aspectj.weaver.loadtime.Aj@58027738 sun.misc.Launcher$AppClassLoader@302b2c81, org.springframework.test.jpa.OrmXmlOverridingShadowingClassLoader@2bbf1be2
160  [main] DEBUG org.aspectj.weaver.tools.WeavingAdaptor  - 16:57:59.680 main &gt; org.aspectj.weaver.tools.WeavingAdaptor.weaveClass org.aspectj.weaver.loadtime.ClassLoaderWeavingAdaptor@10b090ac org/springframework/core/NestedIOException, byte[930]
160  [main] DEBUG org.aspectj.weaver.tools.WeavingAdaptor  - 16:57:59.680 main &lt; org.aspectj.weaver.tools.WeavingAdaptor.weaveClass false
160  [main] DEBUG org.aspectj.weaver.loadtime.Aj  - 16:57:59.680 main &lt; org.aspectj.weaver.loadtime.Aj.preProcess byte[930]
160  [main] DEBUG org.aspectj.weaver.loadtime.Aj  - 16:57:59.680 main &gt; org.aspectj.weaver.loadtime.Aj.preProcess org.aspectj.weaver.loadtime.Aj@58027738 org/springframework/util/CollectionUtils, byte[4349], org.springframework.test.jpa.OrmXmlOverridingShadowingClassLoader@2bbf1be2
161  [main] DEBUG org.aspectj.weaver.loadtime.Aj  - 16:57:59.681 main - org.aspectj.weaver.loadtime.Aj.preProcess org.aspectj.weaver.loadtime.Aj@58027738 sun.misc.Launcher$AppClassLoader@302b2c81, org.springframework.test.jpa.OrmXmlOverridingShadowingClassLoader@2bbf1be2
161  [main] DEBUG org.aspectj.weaver.tools.WeavingAdaptor  - 16:57:59.681 main &gt; org.aspectj.weaver.tools.WeavingAdaptor.weaveClass org.aspectj.weaver.loadtime.ClassLoaderWeavingAdaptor@10b090ac org/springframework/util/CollectionUtils, byte[4349]
161  [main] DEBUG org.aspectj.weaver.tools.WeavingAdaptor  - 16:57:59.681 main &lt; org.aspectj.weaver.tools.WeavingAdaptor.weaveClass false
161  [main] DEBUG org.aspectj.weaver.loadtime.Aj  - 16:57:59.681 main &lt; org.aspectj.weaver.loadtime.Aj.preProcess byte[4349]
162  [main] DEBUG org.aspectj.weaver.loadtime.Aj  - 16:57:59.682 main &gt; org.aspectj.weaver.loadtime.Aj.preProcess org.aspectj.weaver.loadtime.Aj@58027738 org/springframework/beans/factory/xml/ResourceEntityResolver, byte[3702], org.springframework.test.jpa.OrmXmlOverridingShadowingClassLoader@2bbf1be2
162  [main] DEBUG org.aspectj.weaver.loadtime.Aj  - 16:57:59.682 main - org.aspectj.weaver.loadtime.Aj.preProcess org.aspectj.weaver.loadtime.Aj@58027738 sun.misc.Launcher$AppClassLoader@302b2c81, org.springframework.test.jpa.OrmXmlOverridingShadowingClassLoader@2bbf1be2
162  [main] DEBUG org.aspectj.weaver.tools.WeavingAdaptor  - 16:57:59.682 main &gt; org.aspectj.weaver.tools.WeavingAdaptor.weaveClass org.aspectj.weaver.loadtime.ClassLoaderWeavingAdaptor@10b090ac org/springframework/beans/factory/xml/ResourceEntityResolver, byte[3702]
162  [main] DEBUG org.aspectj.weaver.tools.WeavingAdaptor  - 16:57:59.682 main &lt; org.aspectj.weaver.tools.WeavingAdaptor.weaveClass false
162  [main] DEBUG org.aspectj.weaver.loadtime.Aj  - 16:57:59.682 main &lt; org.aspectj.weaver.loadtime.Aj.preProcess byte[3702]
163  [main] DEBUG org.aspectj.weaver.loadtime.Aj  - 16:57:59.683 main &gt; org.aspectj.weaver.loadtime.Aj.preProcess org.aspectj.weaver.loadtime.Aj@58027738 org/springframework/beans/factory/xml/DelegatingEntityResolver, byte[1630], org.springframework.test.jpa.OrmXmlOverridingShadowingClassLoader@2bbf1be2
163  [main] DEBUG org.aspectj.weaver.loadtime.Aj  - 16:57:59.683 main - org.aspectj.weaver.loadtime.Aj.preProcess org.aspectj.weaver.loadtime.Aj@58027738 sun.misc.Launcher$AppClassLoader@302b2c81, org.springframework.test.jpa.OrmXmlOverridingShadowingClassLoader@2bbf1be2
163  [main] DEBUG org.aspectj.weaver.tools.WeavingAdaptor  - 16:57:59.683 main &gt; org.aspectj.weaver.tools.WeavingAdaptor.weaveClass org.aspectj.weaver.loadtime.ClassLoaderWeavingAdaptor@10b090ac org/springframework/beans/factory/xml/DelegatingEntityResolver, byte[1630]
163  [main] DEBUG org.aspectj.weaver.tools.WeavingAdaptor  - 16:57:59.683 main &lt; org.aspectj.weaver.tools.WeavingAdaptor.weaveClass false
163  [main] DEBUG org.aspectj.weaver.loadtime.Aj  - 16:57:59.683 main &lt; org.aspectj.weaver.loadtime.Aj.preProcess byte[1630]
164  [main] DEBUG org.aspectj.weaver.loadtime.Aj  - 16:57:59.684 main &gt; org.aspectj.weaver.loadtime.Aj.preProcess org.aspectj.weaver.loadtime.Aj@58027738 org/springframework/beans/factory/xml/BeansDtdResolver, byte[3424], org.springframework.test.jpa.OrmXmlOverridingShadowingClassLoader@2bbf1be2
164  [main] DEBUG org.aspectj.weaver.loadtime.Aj  - 16:57:59.684 main - org.aspectj.weaver.loadtime.Aj.preProcess org.aspectj.weaver.loadtime.Aj@58027738 sun.misc.Launcher$AppClassLoader@302b2c81, org.springframework.test.jpa.OrmXmlOverridingShadowingClassLoader@2bbf1be2
164  [main] DEBUG org.aspectj.weaver.tools.WeavingAdaptor  - 16:57:59.684 main &gt; org.aspectj.weaver.tools.WeavingAdaptor.weaveClass org.aspectj.weaver.loadtime.ClassLoaderWeavingAdaptor@10b090ac org/springframework/beans/factory/xml/BeansDtdResolver, byte[3424]
164  [main] DEBUG org.aspectj.weaver.tools.WeavingAdaptor  - 16:57:59.684 main &lt; org.aspectj.weaver.tools.WeavingAdaptor.weaveClass false
164  [main] DEBUG org.aspectj.weaver.loadtime.Aj  - 16:57:59.684 main &lt; org.aspectj.weaver.loadtime.Aj.preProcess byte[3424]
165  [main] DEBUG org.aspectj.weaver.loadtime.Aj  - 16:57:59.685 main &gt; org.aspectj.weaver.loadtime.Aj.preProcess org.aspectj.weaver.loadtime.Aj@58027738 org/springframework/beans/factory/xml/PluggableSchemaResolver, byte[4101], org.springframework.test.jpa.OrmXmlOverridingShadowingClassLoader@2bbf1be2
165  [main] DEBUG org.aspectj.weaver.loadtime.Aj  - 16:57:59.685 main - org.aspectj.weaver.loadtime.Aj.preProcess org.aspectj.weaver.loadtime.Aj@58027738 sun.misc.Launcher$AppClassLoader@302b2c81, org.springframework.test.jpa.OrmXmlOverridingShadowingClassLoader@2bbf1be2
165  [main] DEBUG org.aspectj.weaver.tools.WeavingAdaptor  - 16:57:59.685 main &gt; org.aspectj.weaver.tools.WeavingAdaptor.weaveClass org.aspectj.weaver.loadtime.ClassLoaderWeavingAdaptor@10b090ac org/springframework/beans/factory/xml/PluggableSchemaResolver, byte[4101]
165  [main] DEBUG org.aspectj.weaver.tools.WeavingAdaptor  - 16:57:59.685 main &lt; org.aspectj.weaver.tools.WeavingAdaptor.weaveClass false
165  [main] DEBUG org.aspectj.weaver.loadtime.Aj  - 16:57:59.685 main &lt; org.aspectj.weaver.loadtime.Aj.preProcess byte[4101]
196  [main] DEBUG org.aspectj.weaver.loadtime.Aj  - 16:57:59.716 main &gt; org.aspectj.weaver.loadtime.Aj.preProcess org.aspectj.weaver.loadtime.Aj@58027738 org/springframework/core/io/support/PropertiesLoaderUtils, byte[2473], org.springframework.test.jpa.OrmXmlOverridingShadowingClassLoader@2bbf1be2
196  [main] DEBUG org.aspectj.weaver.loadtime.Aj  - 16:57:59.716 main - org.aspectj.weaver.loadtime.Aj.preProcess org.aspectj.weaver.loadtime.Aj@58027738 sun.misc.Launcher$AppClassLoader@302b2c81, org.springframework.test.jpa.OrmXmlOverridingShadowingClassLoader@2bbf1be2
196  [main] DEBUG org.aspectj.weaver.tools.WeavingAdaptor  - 16:57:59.716 main &gt; org.aspectj.weaver.tools.WeavingAdaptor.weaveClass org.aspectj.weaver.loadtime.ClassLoaderWeavingAdaptor@10b090ac org/springframework/core/io/support/PropertiesLoaderUtils, byte[2473]
196  [main] DEBUG org.aspectj.weaver.tools.WeavingAdaptor  - 16:57:59.716 main &lt; org.aspectj.weaver.tools.WeavingAdaptor.weaveClass false
196  [main] DEBUG org.aspectj.weaver.loadtime.Aj  - 16:57:59.716 main &lt; org.aspectj.weaver.loadtime.Aj.preProcess byte[2473]
231  [main] DEBUG org.aspectj.weaver.loadtime.Aj  - 16:57:59.751 main &gt; org.aspectj.weaver.loadtime.Aj.preProcess org.aspectj.weaver.loadtime.Aj@58027738 org/springframework/beans/BeanUtils, byte[13927], org.springframework.test.jpa.OrmXmlOverridingShadowingClassLoader@2bbf1be2
231  [main] DEBUG org.aspectj.weaver.loadtime.Aj  - 16:57:59.751 main - org.aspectj.weaver.loadtime.Aj.preProcess org.aspectj.weaver.loadtime.Aj@58027738 sun.misc.Launcher$AppClassLoader@302b2c81, org.springframework.test.jpa.OrmXmlOverridingShadowingClassLoader@2bbf1be2
231  [main] DEBUG org.aspectj.weaver.tools.WeavingAdaptor  - 16:57:59.751 main &gt; org.aspectj.weaver.tools.WeavingAdaptor.weaveClass org.aspectj.weaver.loadtime.ClassLoaderWeavingAdaptor@10b090ac org/springframework/beans/BeanUtils, byte[13927]
231  [main] DEBUG org.aspectj.weaver.tools.WeavingAdaptor  - 16:57:59.751 main &lt; org.aspectj.weaver.tools.WeavingAdaptor.weaveClass false
231  [main] DEBUG org.aspectj.weaver.loadtime.Aj  - 16:57:59.751 main &lt; org.aspectj.weaver.loadtime.Aj.preProcess byte[13927]
233  [main] DEBUG org.aspectj.weaver.loadtime.Aj  - 16:57:59.753 main &gt; org.aspectj.weaver.loadtime.Aj.preProcess org.aspectj.weaver.loadtime.Aj@58027738 org/springframework/beans/factory/xml/DefaultNamespaceHandlerResolver, byte[4879], org.springframework.test.jpa.OrmXmlOverridingShadowingClassLoader@2bbf1be2
233  [main] DEBUG org.aspectj.weaver.loadtime.Aj  - 16:57:59.753 main - org.aspectj.weaver.loadtime.Aj.preProcess org.aspectj.weaver.loadtime.Aj@58027738 sun.misc.Launcher$AppClassLoader@302b2c81, org.springframework.test.jpa.OrmXmlOverridingShadowingClassLoader@2bbf1be2
233  [main] DEBUG org.aspectj.weaver.tools.WeavingAdaptor  - 16:57:59.753 main &gt; org.aspectj.weaver.tools.WeavingAdaptor.weaveClass org.aspectj.weaver.loadtime.ClassLoaderWeavingAdaptor@10b090ac org/springframework/beans/factory/xml/DefaultNamespaceHandlerResolver, byte[4879]
233  [main] DEBUG org.aspectj.weaver.tools.WeavingAdaptor  - 16:57:59.753 main &lt; org.aspectj.weaver.tools.WeavingAdaptor.weaveClass false
233  [main] DEBUG org.aspectj.weaver.loadtime.Aj  - 16:57:59.753 main &lt; org.aspectj.weaver.loadtime.Aj.preProcess byte[4879]
234  [main] DEBUG org.aspectj.weaver.loadtime.Aj  - 16:57:59.754 main &gt; org.aspectj.weaver.loadtime.Aj.preProcess org.aspectj.weaver.loadtime.Aj@58027738 org/springframework/beans/factory/xml/XmlReaderContext, byte[3289], org.springframework.test.jpa.OrmXmlOverridingShadowingClassLoader@2bbf1be2
234  [main] DEBUG org.aspectj.weaver.loadtime.Aj  - 16:57:59.754 main - org.aspectj.weaver.loadtime.Aj.preProcess org.aspectj.weaver.loadtime.Aj@58027738 sun.misc.Launcher$AppClassLoader@302b2c81, org.springframework.test.jpa.OrmXmlOverridingShadowingClassLoader@2bbf1be2
234  [main] DEBUG org.aspectj.weaver.tools.WeavingAdaptor  - 16:57:59.754 main &gt; org.aspectj.weaver.tools.WeavingAdaptor.weaveClass org.aspectj.weaver.loadtime.ClassLoaderWeavingAdaptor@10b090ac org/springframework/beans/factory/xml/XmlReaderContext, byte[3289]
234  [main] DEBUG org.aspectj.weaver.tools.WeavingAdaptor  - 16:57:59.754 main &lt; org.aspectj.weaver.tools.WeavingAdaptor.weaveClass false
234  [main] DEBUG org.aspectj.weaver.loadtime.Aj  - 16:57:59.754 main &lt; org.aspectj.weaver.loadtime.Aj.preProcess byte[3289]
234  [main] DEBUG org.aspectj.weaver.loadtime.Aj  - 16:57:59.754 main &gt; org.aspectj.weaver.loadtime.Aj.preProcess org.aspectj.weaver.loadtime.Aj@58027738 org/springframework/beans/factory/parsing/ReaderContext, byte[5618], org.springframework.test.jpa.OrmXmlOverridingShadowingClassLoader@2bbf1be2
234  [main] DEBUG org.aspectj.weaver.loadtime.Aj  - 16:57:59.754 main - org.aspectj.weaver.loadtime.Aj.preProcess org.aspectj.weaver.loadtime.Aj@58027738 sun.misc.Launcher$AppClassLoader@302b2c81, org.springframework.test.jpa.OrmXmlOverridingShadowingClassLoader@2bbf1be2
234  [main] DEBUG org.aspectj.weaver.tools.WeavingAdaptor  - 16:57:59.754 main &gt; org.aspectj.weaver.tools.WeavingAdaptor.weaveClass org.aspectj.weaver.loadtime.ClassLoaderWeavingAdaptor@10b090ac org/springframework/beans/factory/parsing/ReaderContext, byte[5618]
235  [main] DEBUG org.aspectj.weaver.tools.WeavingAdaptor  - 16:57:59.755 main &lt; org.aspectj.weaver.tools.WeavingAdaptor.weaveClass false
235  [main] DEBUG org.aspectj.weaver.loadtime.Aj  - 16:57:59.755 main &lt; org.aspectj.weaver.loadtime.Aj.preProcess byte[5618]
237  [main] DEBUG org.aspectj.weaver.loadtime.Aj  - 16:57:59.757 main &gt; org.aspectj.weaver.loadtime.Aj.preProcess org.aspectj.weaver.loadtime.Aj@58027738 org/springframework/beans/factory/xml/BeanDefinitionParserDelegate, byte[37907], org.springframework.test.jpa.OrmXmlOverridingShadowingClassLoader@2bbf1be2
237  [main] DEBUG org.aspectj.weaver.loadtime.Aj  - 16:57:59.757 main - org.aspectj.weaver.loadtime.Aj.preProcess org.aspectj.weaver.loadtime.Aj@58027738 sun.misc.Launcher$AppClassLoader@302b2c81, org.springframework.test.jpa.OrmXmlOverridingShadowingClassLoader@2bbf1be2
237  [main] DEBUG org.aspectj.weaver.tools.WeavingAdaptor  - 16:57:59.757 main &gt; org.aspectj.weaver.tools.WeavingAdaptor.weaveClass org.aspectj.weaver.loadtime.ClassLoaderWeavingAdaptor@10b090ac org/springframework/beans/factory/xml/BeanDefinitionParserDelegate, byte[37907]
237  [main] DEBUG org.aspectj.weaver.tools.WeavingAdaptor  - 16:57:59.757 main &lt; org.aspectj.weaver.tools.WeavingAdaptor.weaveClass false
237  [main] DEBUG org.aspectj.weaver.loadtime.Aj  - 16:57:59.757 main &lt; org.aspectj.weaver.loadtime.Aj.preProcess byte[37907]
238  [main] DEBUG org.aspectj.weaver.loadtime.Aj  - 16:57:59.758 main &gt; org.aspectj.weaver.loadtime.Aj.preProcess org.aspectj.weaver.loadtime.Aj@58027738 org/springframework/beans/factory/parsing/ParseState$Entry, byte[246], org.springframework.test.jpa.OrmXmlOverridingShadowingClassLoader@2bbf1be2
238  [main] DEBUG org.aspectj.weaver.loadtime.Aj  - 16:57:59.758 main - org.aspectj.weaver.loadtime.Aj.preProcess org.aspectj.weaver.loadtime.Aj@58027738 sun.misc.Launcher$AppClassLoader@302b2c81, org.springframework.test.jpa.OrmXmlOverridingShadowingClassLoader@2bbf1be2
238  [main] DEBUG org.aspectj.weaver.tools.WeavingAdaptor  - 16:57:59.758 main &gt; org.aspectj.weaver.tools.WeavingAdaptor.weaveClass org.aspectj.weaver.loadtime.ClassLoaderWeavingAdaptor@10b090ac org/springframework/beans/factory/parsing/ParseState$Entry, byte[246]
238  [main] DEBUG org.aspectj.weaver.tools.WeavingAdaptor  - 16:57:59.758 main &lt; org.aspectj.weaver.tools.WeavingAdaptor.weaveClass false
239  [main] DEBUG org.aspectj.weaver.loadtime.Aj  - 16:57:59.759 main &lt; org.aspectj.weaver.loadtime.Aj.preProcess byte[246]
239  [main] DEBUG org.aspectj.weaver.loadtime.Aj  - 16:57:59.759 main &gt; org.aspectj.weaver.loadtime.Aj.preProcess org.aspectj.weaver.loadtime.Aj@58027738 org/springframework/beans/factory/parsing/DefaultsDefinition, byte[212], org.springframework.test.jpa.OrmXmlOverridingShadowingClassLoader@2bbf1be2
239  [main] DEBUG org.aspectj.weaver.loadtime.Aj  - 16:57:59.759 main - org.aspectj.weaver.loadtime.Aj.preProcess org.aspectj.weaver.loadtime.Aj@58027738 sun.misc.Launcher$AppClassLoader@302b2c81, org.springframework.test.jpa.OrmXmlOverridingShadowingClassLoader@2bbf1be2
239  [main] DEBUG org.aspectj.weaver.tools.WeavingAdaptor  - 16:57:59.759 main &gt; org.aspectj.weaver.tools.WeavingAdaptor.weaveClass org.aspectj.weaver.loadtime.ClassLoaderWeavingAdaptor@10b090ac org/springframework/beans/factory/parsing/DefaultsDefinition, byte[212]
239  [main] DEBUG org.aspectj.weaver.tools.WeavingAdaptor  - 16:57:59.759 main &lt; org.aspectj.weaver.tools.WeavingAdaptor.weaveClass false
239  [main] DEBUG org.aspectj.weaver.loadtime.Aj  - 16:57:59.759 main &lt; org.aspectj.weaver.loadtime.Aj.preProcess byte[212]
240  [main] DEBUG org.aspectj.weaver.loadtime.Aj  - 16:57:59.760 main &gt; org.aspectj.weaver.loadtime.Aj.preProcess org.aspectj.weaver.loadtime.Aj@58027738 org/springframework/beans/PropertyValue, byte[2986], org.springframework.test.jpa.OrmXmlOverridingShadowingClassLoader@2bbf1be2
240  [main] DEBUG org.aspectj.weaver.loadtime.Aj  - 16:57:59.760 main - org.aspectj.weaver.loadtime.Aj.preProcess org.aspectj.weaver.loadtime.Aj@58027738 sun.misc.Launcher$AppClassLoader@302b2c81, org.springframework.test.jpa.OrmXmlOverridingShadowingClassLoader@2bbf1be2
240  [main] DEBUG org.aspectj.weaver.tools.WeavingAdaptor  - 16:57:59.760 main &gt; org.aspectj.weaver.tools.WeavingAdaptor.weaveClass org.aspectj.weaver.loadtime.ClassLoaderWeavingAdaptor@10b090ac org/springframework/beans/PropertyValue, byte[2986]
240  [main] DEBUG org.aspectj.weaver.tools.WeavingAdaptor  - 16:57:59.760 main &lt; org.aspectj.weaver.tools.WeavingAdaptor.weaveClass false
241  [main] DEBUG org.aspectj.weaver.loadtime.Aj  - 16:57:59.761 main &lt; org.aspectj.weaver.loadtime.Aj.preProcess byte[2986]
241  [main] DEBUG org.aspectj.weaver.loadtime.Aj  - 16:57:59.761 main &gt; org.aspectj.weaver.loadtime.Aj.preProcess org.aspectj.weaver.loadtime.Aj@58027738 org/springframework/beans/factory/support/ManagedProperties, byte[1780], org.springframework.test.jpa.OrmXmlOverridingShadowingClassLoader@2bbf1be2
241  [main] DEBUG org.aspectj.weaver.loadtime.Aj  - 16:57:59.761 main - org.aspectj.weaver.loadtime.Aj.preProcess org.aspectj.weaver.loadtime.Aj@58027738 sun.misc.Launcher$AppClassLoader@302b2c81, org.springframework.test.jpa.OrmXmlOverridingShadowingClassLoader@2bbf1be2
241  [main] DEBUG org.aspectj.weaver.tools.WeavingAdaptor  - 16:57:59.761 main &gt; org.aspectj.weaver.tools.WeavingAdaptor.weaveClass org.aspectj.weaver.loadtime.ClassLoaderWeavingAdaptor@10b090ac org/springframework/beans/factory/support/ManagedProperties, byte[1780]
241  [main] DEBUG org.aspectj.weaver.tools.WeavingAdaptor  - 16:57:59.761 main &lt; org.aspectj.weaver.tools.WeavingAdaptor.weaveClass false
241  [main] DEBUG org.aspectj.weaver.loadtime.Aj  - 16:57:59.761 main &lt; org.aspectj.weaver.loadtime.Aj.preProcess byte[1780]
242  [main] DEBUG org.aspectj.weaver.loadtime.Aj  - 16:57:59.762 main &gt; org.aspectj.weaver.loadtime.Aj.preProcess org.aspectj.weaver.loadtime.Aj@58027738 org/springframework/beans/Mergeable, byte[213], org.springframework.test.jpa.OrmXmlOverridingShadowingClassLoader@2bbf1be2
242  [main] DEBUG org.aspectj.weaver.loadtime.Aj  - 16:57:59.762 main - org.aspectj.weaver.loadtime.Aj.preProcess org.aspectj.weaver.loadtime.Aj@58027738 sun.misc.Launcher$AppClassLoader@302b2c81, org.springframework.test.jpa.OrmXmlOverridingShadowingClassLoader@2bbf1be2
242  [main] DEBUG org.aspectj.weaver.tools.WeavingAdaptor  - 16:57:59.762 main &gt; org.aspectj.weaver.tools.WeavingAdaptor.weaveClass org.aspectj.weaver.loadtime.ClassLoaderWeavingAdaptor@10b090ac org/springframework/beans/Mergeable, byte[213]
242  [main] DEBUG org.aspectj.weaver.tools.WeavingAdaptor  - 16:57:59.762 main &lt; org.aspectj.weaver.tools.WeavingAdaptor.weaveClass false
242  [main] DEBUG org.aspectj.weaver.loadtime.Aj  - 16:57:59.762 main &lt; org.aspectj.weaver.loadtime.Aj.preProcess byte[213]
243  [main] DEBUG org.aspectj.weaver.loadtime.Aj  - 16:57:59.763 main &gt; org.aspectj.weaver.loadtime.Aj.preProcess org.aspectj.weaver.loadtime.Aj@58027738 org/springframework/beans/factory/support/MethodOverride, byte[1791], org.springframework.test.jpa.OrmXmlOverridingShadowingClassLoader@2bbf1be2
243  [main] DEBUG org.aspectj.weaver.loadtime.Aj  - 16:57:59.763 main - org.aspectj.weaver.loadtime.Aj.preProcess org.aspectj.weaver.loadtime.Aj@58027738 sun.misc.Launcher$AppClassLoader@302b2c81, org.springframework.test.jpa.OrmXmlOverridingShadowingClassLoader@2bbf1be2
243  [main] DEBUG org.aspectj.weaver.tools.WeavingAdaptor  - 16:57:59.763 main &gt; org.aspectj.weaver.tools.WeavingAdaptor.weaveClass org.aspectj.weaver.loadtime.ClassLoaderWeavingAdaptor@10b090ac org/springframework/beans/factory/support/MethodOverride, byte[1791]
243  [main] DEBUG org.aspectj.weaver.tools.WeavingAdaptor  - 16:57:59.763 main &lt; org.aspectj.weaver.tools.WeavingAdaptor.weaveClass false
243  [main] DEBUG org.aspectj.weaver.loadtime.Aj  - 16:57:59.763 main &lt; org.aspectj.weaver.loadtime.Aj.preProcess byte[1791]
243  [main] DEBUG org.aspectj.weaver.loadtime.Aj  - 16:57:59.763 main &gt; org.aspectj.weaver.loadtime.Aj.preProcess org.aspectj.weaver.loadtime.Aj@58027738 org/springframework/beans/factory/support/ReplaceOverride, byte[2536], org.springframework.test.jpa.OrmXmlOverridingShadowingClassLoader@2bbf1be2
243  [main] DEBUG org.aspectj.weaver.loadtime.Aj  - 16:57:59.763 main - org.aspectj.weaver.loadtime.Aj.preProcess org.aspectj.weaver.loadtime.Aj@58027738 sun.misc.Launcher$AppClassLoader@302b2c81, org.springframework.test.jpa.OrmXmlOverridingShadowingClassLoader@2bbf1be2
243  [main] DEBUG org.aspectj.weaver.tools.WeavingAdaptor  - 16:57:59.763 main &gt; org.aspectj.weaver.tools.WeavingAdaptor.weaveClass org.aspectj.weaver.loadtime.ClassLoaderWeavingAdaptor@10b090ac org/springframework/beans/factory/support/ReplaceOverride, byte[2536]
243  [main] DEBUG org.aspectj.weaver.tools.WeavingAdaptor  - 16:57:59.763 main &lt; org.aspectj.weaver.tools.WeavingAdaptor.weaveClass false
243  [main] DEBUG org.aspectj.weaver.loadtime.Aj  - 16:57:59.763 main &lt; org.aspectj.weaver.loadtime.Aj.preProcess byte[2536]
244  [main] DEBUG org.aspectj.weaver.loadtime.Aj  - 16:57:59.764 main &gt; org.aspectj.weaver.loadtime.Aj.preProcess org.aspectj.weaver.loadtime.Aj@58027738 org/springframework/beans/factory/support/LookupOverride, byte[1850], org.springframework.test.jpa.OrmXmlOverridingShadowingClassLoader@2bbf1be2
244  [main] DEBUG org.aspectj.weaver.loadtime.Aj  - 16:57:59.764 main - org.aspectj.weaver.loadtime.Aj.preProcess org.aspectj.weaver.loadtime.Aj@58027738 sun.misc.Launcher$AppClassLoader@302b2c81, org.springframework.test.jpa.OrmXmlOverridingShadowingClassLoader@2bbf1be2
244  [main] DEBUG org.aspectj.weaver.tools.WeavingAdaptor  - 16:57:59.764 main &gt; org.aspectj.weaver.tools.WeavingAdaptor.weaveClass org.aspectj.weaver.loadtime.ClassLoaderWeavingAdaptor@10b090ac org/springframework/beans/factory/support/LookupOverride, byte[1850]
244  [main] DEBUG org.aspectj.weaver.tools.WeavingAdaptor  - 16:57:59.764 main &lt; org.aspectj.weaver.tools.WeavingAdaptor.weaveClass false
244  [main] DEBUG org.aspectj.weaver.loadtime.Aj  - 16:57:59.764 main &lt; org.aspectj.weaver.loadtime.Aj.preProcess byte[1850]
245  [main] DEBUG org.aspectj.weaver.loadtime.Aj  - 16:57:59.765 main &gt; org.aspectj.weaver.loadtime.Aj.preProcess org.aspectj.weaver.loadtime.Aj@58027738 org/springframework/beans/factory/parsing/ParseState, byte[2039], org.springframework.test.jpa.OrmXmlOverridingShadowingClassLoader@2bbf1be2
245  [main] DEBUG org.aspectj.weaver.loadtime.Aj  - 16:57:59.765 main - org.aspectj.weaver.loadtime.Aj.preProcess org.aspectj.weaver.loadtime.Aj@58027738 sun.misc.Launcher$AppClassLoader@302b2c81, org.springframework.test.jpa.OrmXmlOverridingShadowingClassLoader@2bbf1be2
245  [main] DEBUG org.aspectj.weaver.tools.WeavingAdaptor  - 16:57:59.765 main &gt; org.aspectj.weaver.tools.WeavingAdaptor.weaveClass org.aspectj.weaver.loadtime.ClassLoaderWeavingAdaptor@10b090ac org/springframework/beans/factory/parsing/ParseState, byte[2039]
245  [main] DEBUG org.aspectj.weaver.tools.WeavingAdaptor  - 16:57:59.765 main &lt; org.aspectj.weaver.tools.WeavingAdaptor.weaveClass false
245  [main] DEBUG org.aspectj.weaver.loadtime.Aj  - 16:57:59.765 main &lt; org.aspectj.weaver.loadtime.Aj.preProcess byte[2039]
245  [main] DEBUG org.aspectj.weaver.loadtime.Aj  - 16:57:59.765 main &gt; org.aspectj.weaver.loadtime.Aj.preProcess org.aspectj.weaver.loadtime.Aj@58027738 org/springframework/beans/factory/xml/DocumentDefaultsDefinition, byte[2192], org.springframework.test.jpa.OrmXmlOverridingShadowingClassLoader@2bbf1be2
245  [main] DEBUG org.aspectj.weaver.loadtime.Aj  - 16:57:59.765 main - org.aspectj.weaver.loadtime.Aj.preProcess org.aspectj.weaver.loadtime.Aj@58027738 sun.misc.Launcher$AppClassLoader@302b2c81, org.springframework.test.jpa.OrmXmlOverridingShadowingClassLoader@2bbf1be2
245  [main] DEBUG org.aspectj.weaver.tools.WeavingAdaptor  - 16:57:59.765 main &gt; org.aspectj.weaver.tools.WeavingAdaptor.weaveClass org.aspectj.weaver.loadtime.ClassLoaderWeavingAdaptor@10b090ac org/springframework/beans/factory/xml/DocumentDefaultsDefinition, byte[2192]
245  [main] DEBUG org.aspectj.weaver.tools.WeavingAdaptor  - 16:57:59.765 main &lt; org.aspectj.weaver.tools.WeavingAdaptor.weaveClass false
246  [main] DEBUG org.aspectj.weaver.loadtime.Aj  - 16:57:59.766 main &lt; org.aspectj.weaver.loadtime.Aj.preProcess byte[2192]
247  [main] DEBUG org.aspectj.weaver.loadtime.Aj  - 16:57:59.767 main &gt; org.aspectj.weaver.loadtime.Aj.preProcess org.aspectj.weaver.loadtime.Aj@58027738 org/springframework/util/xml/DomUtils, byte[3368], org.springframework.test.jpa.OrmXmlOverridingShadowingClassLoader@2bbf1be2
247  [main] DEBUG org.aspectj.weaver.loadtime.Aj  - 16:57:59.767 main - org.aspectj.weaver.loadtime.Aj.preProcess org.aspectj.weaver.loadtime.Aj@58027738 sun.misc.Launcher$AppClassLoader@302b2c81, org.springframework.test.jpa.OrmXmlOverridingShadowingClassLoader@2bbf1be2
247  [main] DEBUG org.aspectj.weaver.tools.WeavingAdaptor  - 16:57:59.767 main &gt; org.aspectj.weaver.tools.WeavingAdaptor.weaveClass org.aspectj.weaver.loadtime.ClassLoaderWeavingAdaptor@10b090ac org/springframework/util/xml/DomUtils, byte[3368]
247  [main] DEBUG org.aspectj.weaver.tools.WeavingAdaptor  - 16:57:59.767 main &lt; org.aspectj.weaver.tools.WeavingAdaptor.weaveClass false
247  [main] DEBUG org.aspectj.weaver.loadtime.Aj  - 16:57:59.767 main &lt; org.aspectj.weaver.loadtime.Aj.preProcess byte[3368]
248  [main] DEBUG org.aspectj.weaver.loadtime.Aj  - 16:57:59.768 main &gt; org.aspectj.weaver.loadtime.Aj.preProcess org.aspectj.weaver.loadtime.Aj@58027738 org/springframework/beans/factory/parsing/BeanEntry, byte[852], org.springframework.test.jpa.OrmXmlOverridingShadowingClassLoader@2bbf1be2
248  [main] DEBUG org.aspectj.weaver.loadtime.Aj  - 16:57:59.768 main - org.aspectj.weaver.loadtime.Aj.preProcess org.aspectj.weaver.loadtime.Aj@58027738 sun.misc.Launcher$AppClassLoader@302b2c81, org.springframework.test.jpa.OrmXmlOverridingShadowingClassLoader@2bbf1be2
248  [main] DEBUG org.aspectj.weaver.tools.WeavingAdaptor  - 16:57:59.768 main &gt; org.aspectj.weaver.tools.WeavingAdaptor.weaveClass org.aspectj.weaver.loadtime.ClassLoaderWeavingAdaptor@10b090ac org/springframework/beans/factory/parsing/BeanEntry, byte[852]
248  [main] DEBUG org.aspectj.weaver.tools.WeavingAdaptor  - 16:57:59.768 main &lt; org.aspectj.weaver.tools.WeavingAdaptor.weaveClass false
248  [main] DEBUG org.aspectj.weaver.loadtime.Aj  - 16:57:59.768 main &lt; org.aspectj.weaver.loadtime.Aj.preProcess byte[852]
248  [main] DEBUG org.aspectj.weaver.loadtime.Aj  - 16:57:59.768 main &gt; org.aspectj.weaver.loadtime.Aj.preProcess org.aspectj.weaver.loadtime.Aj@58027738 org/springframework/beans/factory/support/BeanDefinitionReaderUtils, byte[5240], org.springframework.test.jpa.OrmXmlOverridingShadowingClassLoader@2bbf1be2
249  [main] DEBUG org.aspectj.weaver.loadtime.Aj  - 16:57:59.769 main - org.aspectj.weaver.loadtime.Aj.preProcess org.aspectj.weaver.loadtime.Aj@58027738 sun.misc.Launcher$AppClassLoader@302b2c81, org.springframework.test.jpa.OrmXmlOverridingShadowingClassLoader@2bbf1be2
249  [main] DEBUG org.aspectj.weaver.tools.WeavingAdaptor  - 16:57:59.769 main &gt; org.aspectj.weaver.tools.WeavingAdaptor.weaveClass org.aspectj.weaver.loadtime.ClassLoaderWeavingAdaptor@10b090ac org/springframework/beans/factory/support/BeanDefinitionReaderUtils, byte[5240]
249  [main] DEBUG org.aspectj.weaver.tools.WeavingAdaptor  - 16:57:59.769 main &lt; org.aspectj.weaver.tools.WeavingAdaptor.weaveClass false
249  [main] DEBUG org.aspectj.weaver.loadtime.Aj  - 16:57:59.769 main &lt; org.aspectj.weaver.loadtime.Aj.preProcess byte[5240]
249  [main] DEBUG org.aspectj.weaver.loadtime.Aj  - 16:57:59.769 main &gt; org.aspectj.weaver.loadtime.Aj.preProcess org.aspectj.weaver.loadtime.Aj@58027738 org/springframework/beans/factory/support/GenericBeanDefinition, byte[1463], org.springframework.test.jpa.OrmXmlOverridingShadowingClassLoader@2bbf1be2
249  [main] DEBUG org.aspectj.weaver.loadtime.Aj  - 16:57:59.769 main - org.aspectj.weaver.loadtime.Aj.preProcess org.aspectj.weaver.loadtime.Aj@58027738 sun.misc.Launcher$AppClassLoader@302b2c81, org.springframework.test.jpa.OrmXmlOverridingShadowingClassLoader@2bbf1be2
249  [main] DEBUG org.aspectj.weaver.tools.WeavingAdaptor  - 16:57:59.769 main &gt; org.aspectj.weaver.tools.WeavingAdaptor.weaveClass org.aspectj.weaver.loadtime.ClassLoaderWeavingAdaptor@10b090ac org/springframework/beans/factory/support/GenericBeanDefinition, byte[1463]
249  [main] DEBUG org.aspectj.weaver.tools.WeavingAdaptor  - 16:57:59.769 main &lt; org.aspectj.weaver.tools.WeavingAdaptor.weaveClass false
249  [main] DEBUG org.aspectj.weaver.loadtime.Aj  - 16:57:59.769 main &lt; org.aspectj.weaver.loadtime.Aj.preProcess byte[1463]
251  [main] DEBUG org.aspectj.weaver.loadtime.Aj  - 16:57:59.771 main &gt; org.aspectj.weaver.loadtime.Aj.preProcess org.aspectj.weaver.loadtime.Aj@58027738 org/springframework/beans/factory/support/MethodOverrides, byte[2179], org.springframework.test.jpa.OrmXmlOverridingShadowingClassLoader@2bbf1be2
251  [main] DEBUG org.aspectj.weaver.loadtime.Aj  - 16:57:59.771 main - org.aspectj.weaver.loadtime.Aj.preProcess org.aspectj.weaver.loadtime.Aj@58027738 sun.misc.Launcher$AppClassLoader@302b2c81, org.springframework.test.jpa.OrmXmlOverridingShadowingClassLoader@2bbf1be2
251  [main] DEBUG org.aspectj.weaver.tools.WeavingAdaptor  - 16:57:59.771 main &gt; org.aspectj.weaver.tools.WeavingAdaptor.weaveClass org.aspectj.weaver.loadtime.ClassLoaderWeavingAdaptor@10b090ac org/springframework/beans/factory/support/MethodOverrides, byte[2179]
251  [main] DEBUG org.aspectj.weaver.tools.WeavingAdaptor  - 16:57:59.771 main &lt; org.aspectj.weaver.tools.WeavingAdaptor.weaveClass false
251  [main] DEBUG org.aspectj.weaver.loadtime.Aj  - 16:57:59.771 main &lt; org.aspectj.weaver.loadtime.Aj.preProcess byte[2179]
251  [main] DEBUG org.aspectj.weaver.loadtime.Aj  - 16:57:59.771 main &gt; org.aspectj.weaver.loadtime.Aj.preProcess org.aspectj.weaver.loadtime.Aj@58027738 org/springframework/beans/factory/config/ConstructorArgumentValues, byte[7298], org.springframework.test.jpa.OrmXmlOverridingShadowingClassLoader@2bbf1be2
251  [main] DEBUG org.aspectj.weaver.loadtime.Aj  - 16:57:59.771 main - org.aspectj.weaver.loadtime.Aj.preProcess org.aspectj.weaver.loadtime.Aj@58027738 sun.misc.Launcher$AppClassLoader@302b2c81, org.springframework.test.jpa.OrmXmlOverridingShadowingClassLoader@2bbf1be2
251  [main] DEBUG org.aspectj.weaver.tools.WeavingAdaptor  - 16:57:59.771 main &gt; org.aspectj.weaver.tools.WeavingAdaptor.weaveClass org.aspectj.weaver.loadtime.ClassLoaderWeavingAdaptor@10b090ac org/springframework/beans/factory/config/ConstructorArgumentValues, byte[7298]
251  [main] DEBUG org.aspectj.weaver.tools.WeavingAdaptor  - 16:57:59.771 main &lt; org.aspectj.weaver.tools.WeavingAdaptor.weaveClass false
251  [main] DEBUG org.aspectj.weaver.loadtime.Aj  - 16:57:59.771 main &lt; org.aspectj.weaver.loadtime.Aj.preProcess byte[7298]
253  [main] DEBUG org.aspectj.weaver.loadtime.Aj  - 16:57:59.773 main &gt; org.aspectj.weaver.loadtime.Aj.preProcess org.aspectj.weaver.loadtime.Aj@58027738 org/springframework/beans/factory/parsing/PropertyEntry, byte[1074], org.springframework.test.jpa.OrmXmlOverridingShadowingClassLoader@2bbf1be2
253  [main] DEBUG org.aspectj.weaver.loadtime.Aj  - 16:57:59.773 main - org.aspectj.weaver.loadtime.Aj.preProcess org.aspectj.weaver.loadtime.Aj@58027738 sun.misc.Launcher$AppClassLoader@302b2c81, org.springframework.test.jpa.OrmXmlOverridingShadowingClassLoader@2bbf1be2
253  [main] DEBUG org.aspectj.weaver.tools.WeavingAdaptor  - 16:57:59.773 main &gt; org.aspectj.weaver.tools.WeavingAdaptor.weaveClass org.aspectj.weaver.loadtime.ClassLoaderWeavingAdaptor@10b090ac org/springframework/beans/factory/parsing/PropertyEntry, byte[1074]
253  [main] DEBUG org.aspectj.weaver.tools.WeavingAdaptor  - 16:57:59.773 main &lt; org.aspectj.weaver.tools.WeavingAdaptor.weaveClass false
253  [main] DEBUG org.aspectj.weaver.loadtime.Aj  - 16:57:59.773 main &lt; org.aspectj.weaver.loadtime.Aj.preProcess byte[1074]
253  [main] DEBUG org.aspectj.weaver.loadtime.Aj  - 16:57:59.773 main &gt; org.aspectj.weaver.loadtime.Aj.preProcess org.aspectj.weaver.loadtime.Aj@58027738 org/springframework/beans/factory/config/TypedStringValue, byte[3459], org.springframework.test.jpa.OrmXmlOverridingShadowingClassLoader@2bbf1be2
253  [main] DEBUG org.aspectj.weaver.loadtime.Aj  - 16:57:59.773 main - org.aspectj.weaver.loadtime.Aj.preProcess org.aspectj.weaver.loadtime.Aj@58027738 sun.misc.Launcher$AppClassLoader@302b2c81, org.springframework.test.jpa.OrmXmlOverridingShadowingClassLoader@2bbf1be2
253  [main] DEBUG org.aspectj.weaver.tools.WeavingAdaptor  - 16:57:59.773 main &gt; org.aspectj.weaver.tools.WeavingAdaptor.weaveClass org.aspectj.weaver.loadtime.ClassLoaderWeavingAdaptor@10b090ac org/springframework/beans/factory/config/TypedStringValue, byte[3459]
253  [main] DEBUG org.aspectj.weaver.tools.WeavingAdaptor  - 16:57:59.773 main &lt; org.aspectj.weaver.tools.WeavingAdaptor.weaveClass false
254  [main] DEBUG org.aspectj.weaver.loadtime.Aj  - 16:57:59.774 main &lt; org.aspectj.weaver.loadtime.Aj.preProcess byte[3459]
254  [main] DEBUG org.aspectj.weaver.loadtime.Aj  - 16:57:59.774 main &gt; org.aspectj.weaver.loadtime.Aj.preProcess org.aspectj.weaver.loadtime.Aj@58027738 org/springframework/beans/factory/config/BeanDefinitionHolder, byte[3347], org.springframework.test.jpa.OrmXmlOverridingShadowingClassLoader@2bbf1be2
254  [main] DEBUG org.aspectj.weaver.loadtime.Aj  - 16:57:59.774 main - org.aspectj.weaver.loadtime.Aj.preProcess org.aspectj.weaver.loadtime.Aj@58027738 sun.misc.Launcher$AppClassLoader@302b2c81, org.springframework.test.jpa.OrmXmlOverridingShadowingClassLoader@2bbf1be2
254  [main] DEBUG org.aspectj.weaver.tools.WeavingAdaptor  - 16:57:59.774 main &gt; org.aspectj.weaver.tools.WeavingAdaptor.weaveClass org.aspectj.weaver.loadtime.ClassLoaderWeavingAdaptor@10b090ac org/springframework/beans/factory/config/BeanDefinitionHolder, byte[3347]
258  [main] DEBUG org.aspectj.weaver.tools.WeavingAdaptor  - 16:57:59.778 main &lt; org.aspectj.weaver.tools.WeavingAdaptor.weaveClass false
258  [main] DEBUG org.aspectj.weaver.loadtime.Aj  - 16:57:59.778 main &lt; org.aspectj.weaver.loadtime.Aj.preProcess byte[3347]
260  [main] DEBUG org.aspectj.weaver.loadtime.Aj  - 16:57:59.780 main &gt; org.aspectj.weaver.loadtime.Aj.preProcess org.aspectj.weaver.loadtime.Aj@58027738 org/springframework/beans/factory/parsing/BeanComponentDefinition, byte[3583], org.springframework.test.jpa.OrmXmlOverridingShadowingClassLoader@2bbf1be2
260  [main] DEBUG org.aspectj.weaver.loadtime.Aj  - 16:57:59.780 main - org.aspectj.weaver.loadtime.Aj.preProcess org.aspectj.weaver.loadtime.Aj@58027738 sun.misc.Launcher$AppClassLoader@302b2c81, org.springframework.test.jpa.OrmXmlOverridingShadowingClassLoader@2bbf1be2
260  [main] DEBUG org.aspectj.weaver.tools.WeavingAdaptor  - 16:57:59.780 main &gt; org.aspectj.weaver.tools.WeavingAdaptor.weaveClass org.aspectj.weaver.loadtime.ClassLoaderWeavingAdaptor@10b090ac org/springframework/beans/factory/parsing/BeanComponentDefinition, byte[3583]
260  [main] DEBUG org.aspectj.weaver.tools.WeavingAdaptor  - 16:57:59.780 main &lt; org.aspectj.weaver.tools.WeavingAdaptor.weaveClass false
260  [main] DEBUG org.aspectj.weaver.loadtime.Aj  - 16:57:59.780 main &lt; org.aspectj.weaver.loadtime.Aj.preProcess byte[3583]
261  [main] DEBUG org.aspectj.weaver.loadtime.Aj  - 16:57:59.780 main &gt; org.aspectj.weaver.loadtime.Aj.preProcess org.aspectj.weaver.loadtime.Aj@58027738 org/springframework/beans/factory/config/BeanReference, byte[246], org.springframework.test.jpa.OrmXmlOverridingShadowingClassLoader@2bbf1be2
261  [main] DEBUG org.aspectj.weaver.loadtime.Aj  - 16:57:59.781 main - org.aspectj.weaver.loadtime.Aj.preProcess org.aspectj.weaver.loadtime.Aj@58027738 sun.misc.Launcher$AppClassLoader@302b2c81, org.springframework.test.jpa.OrmXmlOverridingShadowingClassLoader@2bbf1be2
261  [main] DEBUG org.aspectj.weaver.tools.WeavingAdaptor  - 16:57:59.781 main &gt; org.aspectj.weaver.tools.WeavingAdaptor.weaveClass org.aspectj.weaver.loadtime.ClassLoaderWeavingAdaptor@10b090ac org/springframework/beans/factory/config/BeanReference, byte[246]
261  [main] DEBUG org.aspectj.weaver.tools.WeavingAdaptor  - 16:57:59.781 main &lt; org.aspectj.weaver.tools.WeavingAdaptor.weaveClass false
261  [main] DEBUG org.aspectj.weaver.loadtime.Aj  - 16:57:59.781 main &lt; org.aspectj.weaver.loadtime.Aj.preProcess byte[246]
262  [main] DEBUG org.aspectj.weaver.loadtime.Aj  - 16:57:59.782 main &gt; org.aspectj.weaver.loadtime.Aj.preProcess org.aspectj.weaver.loadtime.Aj@58027738 org/springframework/beans/factory/config/RuntimeBeanReference, byte[1891], org.springframework.test.jpa.OrmXmlOverridingShadowingClassLoader@2bbf1be2
262  [main] DEBUG org.aspectj.weaver.loadtime.Aj  - 16:57:59.782 main - org.aspectj.weaver.loadtime.Aj.preProcess org.aspectj.weaver.loadtime.Aj@58027738 sun.misc.Launcher$AppClassLoader@302b2c81, org.springframework.test.jpa.OrmXmlOverridingShadowingClassLoader@2bbf1be2
262  [main] DEBUG org.aspectj.weaver.tools.WeavingAdaptor  - 16:57:59.782 main &gt; org.aspectj.weaver.tools.WeavingAdaptor.weaveClass org.aspectj.weaver.loadtime.ClassLoaderWeavingAdaptor@10b090ac org/springframework/beans/factory/config/RuntimeBeanReference, byte[1891]
262  [main] DEBUG org.aspectj.weaver.tools.WeavingAdaptor  - 16:57:59.782 main &lt; org.aspectj.weaver.tools.WeavingAdaptor.weaveClass false
262  [main] DEBUG org.aspectj.weaver.loadtime.Aj  - 16:57:59.782 main &lt; org.aspectj.weaver.loadtime.Aj.preProcess byte[1891]
264  [main] DEBUG org.aspectj.weaver.loadtime.Aj  - 16:57:59.784 main &gt; org.aspectj.weaver.loadtime.Aj.preProcess org.aspectj.weaver.loadtime.Aj@58027738 org/springframework/beans/factory/BeanFactoryUtils, byte[7253], org.springframework.test.jpa.OrmXmlOverridingShadowingClassLoader@2bbf1be2
264  [main] DEBUG org.aspectj.weaver.loadtime.Aj  - 16:57:59.784 main - org.aspectj.weaver.loadtime.Aj.preProcess org.aspectj.weaver.loadtime.Aj@58027738 sun.misc.Launcher$AppClassLoader@302b2c81, org.springframework.test.jpa.OrmXmlOverridingShadowingClassLoader@2bbf1be2
264  [main] DEBUG org.aspectj.weaver.tools.WeavingAdaptor  - 16:57:59.784 main &gt; org.aspectj.weaver.tools.WeavingAdaptor.weaveClass org.aspectj.weaver.loadtime.ClassLoaderWeavingAdaptor@10b090ac org/springframework/beans/factory/BeanFactoryUtils, byte[7253]
264  [main] DEBUG org.aspectj.weaver.tools.WeavingAdaptor  - 16:57:59.784 main &lt; org.aspectj.weaver.tools.WeavingAdaptor.weaveClass false
264  [main] DEBUG org.aspectj.weaver.loadtime.Aj  - 16:57:59.784 main &lt; org.aspectj.weaver.loadtime.Aj.preProcess byte[7253]
287  [main] DEBUG org.aspectj.weaver.loadtime.Aj  - 16:57:59.807 main &gt; org.aspectj.weaver.loadtime.Aj.preProcess org.aspectj.weaver.loadtime.Aj@58027738 org/springframework/beans/factory/xml/NamespaceHandler, byte[545], org.springframework.test.jpa.OrmXmlOverridingShadowingClassLoader@2bbf1be2
287  [main] DEBUG org.aspectj.weaver.loadtime.Aj  - 16:57:59.807 main - org.aspectj.weaver.loadtime.Aj.preProcess org.aspectj.weaver.loadtime.Aj@58027738 sun.misc.Launcher$AppClassLoader@302b2c81, org.springframework.test.jpa.OrmXmlOverridingShadowingClassLoader@2bbf1be2
287  [main] DEBUG org.aspectj.weaver.tools.WeavingAdaptor  - 16:57:59.807 main &gt; org.aspectj.weaver.tools.WeavingAdaptor.weaveClass org.aspectj.weaver.loadtime.ClassLoaderWeavingAdaptor@10b090ac org/springframework/beans/factory/xml/NamespaceHandler, byte[545]
287  [main] DEBUG org.aspectj.weaver.tools.WeavingAdaptor  - 16:57:59.807 main &lt; org.aspectj.weaver.tools.WeavingAdaptor.weaveClass false
287  [main] DEBUG org.aspectj.weaver.loadtime.Aj  - 16:57:59.807 main &lt; org.aspectj.weaver.loadtime.Aj.preProcess byte[545]
288  [main] DEBUG org.aspectj.weaver.loadtime.Aj  - 16:57:59.807 main &gt; org.aspectj.weaver.loadtime.Aj.preProcess org.aspectj.weaver.loadtime.Aj@58027738 org/springframework/transaction/config/TxNamespaceHandler, byte[961], org.springframework.test.jpa.OrmXmlOverridingShadowingClassLoader@2bbf1be2
288  [main] DEBUG org.aspectj.weaver.loadtime.Aj  - 16:57:59.808 main - org.aspectj.weaver.loadtime.Aj.preProcess org.aspectj.weaver.loadtime.Aj@58027738 sun.misc.Launcher$AppClassLoader@302b2c81, org.springframework.test.jpa.OrmXmlOverridingShadowingClassLoader@2bbf1be2
288  [main] DEBUG org.aspectj.weaver.tools.WeavingAdaptor  - 16:57:59.808 main &gt; org.aspectj.weaver.tools.WeavingAdaptor.weaveClass org.aspectj.weaver.loadtime.ClassLoaderWeavingAdaptor@10b090ac org/springframework/transaction/config/TxNamespaceHandler, byte[961]
288  [main] DEBUG org.aspectj.weaver.tools.WeavingAdaptor  - 16:57:59.808 main &lt; org.aspectj.weaver.tools.WeavingAdaptor.weaveClass false
288  [main] DEBUG org.aspectj.weaver.loadtime.Aj  - 16:57:59.808 main &lt; org.aspectj.weaver.loadtime.Aj.preProcess byte[961]
288  [main] DEBUG org.aspectj.weaver.loadtime.Aj  - 16:57:59.808 main &gt; org.aspectj.weaver.loadtime.Aj.preProcess org.aspectj.weaver.loadtime.Aj@58027738 org/springframework/beans/factory/xml/NamespaceHandlerSupport, byte[4695], org.springframework.test.jpa.OrmXmlOverridingShadowingClassLoader@2bbf1be2
288  [main] DEBUG org.aspectj.weaver.loadtime.Aj  - 16:57:59.808 main - org.aspectj.weaver.loadtime.Aj.preProcess org.aspectj.weaver.loadtime.Aj@58027738 sun.misc.Launcher$AppClassLoader@302b2c81, org.springframework.test.jpa.OrmXmlOverridingShadowingClassLoader@2bbf1be2
288  [main] DEBUG org.aspectj.weaver.tools.WeavingAdaptor  - 16:57:59.808 main &gt; org.aspectj.weaver.tools.WeavingAdaptor.weaveClass org.aspectj.weaver.loadtime.ClassLoaderWeavingAdaptor@10b090ac org/springframework/beans/factory/xml/NamespaceHandlerSupport, byte[4695]
288  [main] DEBUG org.aspectj.weaver.tools.WeavingAdaptor  - 16:57:59.808 main &lt; org.aspectj.weaver.tools.WeavingAdaptor.weaveClass false
288  [main] DEBUG org.aspectj.weaver.loadtime.Aj  - 16:57:59.808 main &lt; org.aspectj.weaver.loadtime.Aj.preProcess byte[4695]
289  [main] DEBUG org.aspectj.weaver.loadtime.Aj  - 16:57:59.809 main &gt; org.aspectj.weaver.loadtime.Aj.preProcess org.aspectj.weaver.loadtime.Aj@58027738 org/springframework/beans/factory/xml/BeanDefinitionParser, byte[311], org.springframework.test.jpa.OrmXmlOverridingShadowingClassLoader@2bbf1be2
289  [main] DEBUG org.aspectj.weaver.loadtime.Aj  - 16:57:59.809 main - org.aspectj.weaver.loadtime.Aj.preProcess org.aspectj.weaver.loadtime.Aj@58027738 sun.misc.Launcher$AppClassLoader@302b2c81, org.springframework.test.jpa.OrmXmlOverridingShadowingClassLoader@2bbf1be2
289  [main] DEBUG org.aspectj.weaver.tools.WeavingAdaptor  - 16:57:59.809 main &gt; org.aspectj.weaver.tools.WeavingAdaptor.weaveClass org.aspectj.weaver.loadtime.ClassLoaderWeavingAdaptor@10b090ac org/springframework/beans/factory/xml/BeanDefinitionParser, byte[311]
289  [main] DEBUG org.aspectj.weaver.tools.WeavingAdaptor  - 16:57:59.809 main &lt; org.aspectj.weaver.tools.WeavingAdaptor.weaveClass false
290  [main] DEBUG org.aspectj.weaver.loadtime.Aj  - 16:57:59.810 main &lt; org.aspectj.weaver.loadtime.Aj.preProcess byte[311]
290  [main] DEBUG org.aspectj.weaver.loadtime.Aj  - 16:57:59.810 main &gt; org.aspectj.weaver.loadtime.Aj.preProcess org.aspectj.weaver.loadtime.Aj@58027738 org/springframework/transaction/config/TxAdviceBeanDefinitionParser, byte[7567], org.springframework.test.jpa.OrmXmlOverridingShadowingClassLoader@2bbf1be2
290  [main] DEBUG org.aspectj.weaver.loadtime.Aj  - 16:57:59.810 main - org.aspectj.weaver.loadtime.Aj.preProcess org.aspectj.weaver.loadtime.Aj@58027738 sun.misc.Launcher$AppClassLoader@302b2c81, org.springframework.test.jpa.OrmXmlOverridingShadowingClassLoader@2bbf1be2
290  [main] DEBUG org.aspectj.weaver.tools.WeavingAdaptor  - 16:57:59.810 main &gt; org.aspectj.weaver.tools.WeavingAdaptor.weaveClass org.aspectj.weaver.loadtime.ClassLoaderWeavingAdaptor@10b090ac org/springframework/transaction/config/TxAdviceBeanDefinitionParser, byte[7567]
290  [main] DEBUG org.aspectj.weaver.tools.WeavingAdaptor  - 16:57:59.810 main &lt; org.aspectj.weaver.tools.WeavingAdaptor.weaveClass false
290  [main] DEBUG org.aspectj.weaver.loadtime.Aj  - 16:57:59.810 main &lt; org.aspectj.weaver.loadtime.Aj.preProcess byte[7567]
291  [main] DEBUG org.aspectj.weaver.loadtime.Aj  - 16:57:59.811 main &gt; org.aspectj.weaver.loadtime.Aj.preProcess org.aspectj.weaver.loadtime.Aj@58027738 org/springframework/beans/factory/xml/AbstractSingleBeanDefinitionParser, byte[3142], org.springframework.test.jpa.OrmXmlOverridingShadowingClassLoader@2bbf1be2
291  [main] DEBUG org.aspectj.weaver.loadtime.Aj  - 16:57:59.811 main - org.aspectj.weaver.loadtime.Aj.preProcess org.aspectj.weaver.loadtime.Aj@58027738 sun.misc.Launcher$AppClassLoader@302b2c81, org.springframework.test.jpa.OrmXmlOverridingShadowingClassLoader@2bbf1be2
291  [main] DEBUG org.aspectj.weaver.tools.WeavingAdaptor  - 16:57:59.811 main &gt; org.aspectj.weaver.tools.WeavingAdaptor.weaveClass org.aspectj.weaver.loadtime.ClassLoaderWeavingAdaptor@10b090ac org/springframework/beans/factory/xml/AbstractSingleBeanDefinitionParser, byte[3142]
292  [main] DEBUG org.aspectj.weaver.tools.WeavingAdaptor  - 16:57:59.812 main &lt; org.aspectj.weaver.tools.WeavingAdaptor.weaveClass false
292  [main] DEBUG org.aspectj.weaver.loadtime.Aj  - 16:57:59.812 main &lt; org.aspectj.weaver.loadtime.Aj.preProcess byte[3142]
292  [main] DEBUG org.aspectj.weaver.loadtime.Aj  - 16:57:59.812 main &gt; org.aspectj.weaver.loadtime.Aj.preProcess org.aspectj.weaver.loadtime.Aj@58027738 org/springframework/beans/factory/xml/AbstractBeanDefinitionParser, byte[4270], org.springframework.test.jpa.OrmXmlOverridingShadowingClassLoader@2bbf1be2
293  [main] DEBUG org.aspectj.weaver.loadtime.Aj  - 16:57:59.813 main - org.aspectj.weaver.loadtime.Aj.preProcess org.aspectj.weaver.loadtime.Aj@58027738 sun.misc.Launcher$AppClassLoader@302b2c81, org.springframework.test.jpa.OrmXmlOverridingShadowingClassLoader@2bbf1be2
293  [main] DEBUG org.aspectj.weaver.tools.WeavingAdaptor  - 16:57:59.813 main &gt; org.aspectj.weaver.tools.WeavingAdaptor.weaveClass org.aspectj.weaver.loadtime.ClassLoaderWeavingAdaptor@10b090ac org/springframework/beans/factory/xml/AbstractBeanDefinitionParser, byte[4270]
293  [main] DEBUG org.aspectj.weaver.tools.WeavingAdaptor  - 16:57:59.813 main &lt; org.aspectj.weaver.tools.WeavingAdaptor.weaveClass false
293  [main] DEBUG org.aspectj.weaver.loadtime.Aj  - 16:57:59.813 main &lt; org.aspectj.weaver.loadtime.Aj.preProcess byte[4270]
294  [main] DEBUG org.aspectj.weaver.loadtime.Aj  - 16:57:59.814 main &gt; org.aspectj.weaver.loadtime.Aj.preProcess org.aspectj.weaver.loadtime.Aj@58027738 org/springframework/transaction/config/AnnotationDrivenBeanDefinitionParser, byte[4334], org.springframework.test.jpa.OrmXmlOverridingShadowingClassLoader@2bbf1be2
294  [main] DEBUG org.aspectj.weaver.loadtime.Aj  - 16:57:59.814 main - org.aspectj.weaver.loadtime.Aj.preProcess org.aspectj.weaver.loadtime.Aj@58027738 sun.misc.Launcher$AppClassLoader@302b2c81, org.springframework.test.jpa.OrmXmlOverridingShadowingClassLoader@2bbf1be2
294  [main] DEBUG org.aspectj.weaver.tools.WeavingAdaptor  - 16:57:59.814 main &gt; org.aspectj.weaver.tools.WeavingAdaptor.weaveClass org.aspectj.weaver.loadtime.ClassLoaderWeavingAdaptor@10b090ac org/springframework/transaction/config/AnnotationDrivenBeanDefinitionParser, byte[4334]
294  [main] DEBUG org.aspectj.weaver.tools.WeavingAdaptor  - 16:57:59.814 main &lt; org.aspectj.weaver.tools.WeavingAdaptor.weaveClass false
294  [main] DEBUG org.aspectj.weaver.loadtime.Aj  - 16:57:59.814 main &lt; org.aspectj.weaver.loadtime.Aj.preProcess byte[4334]
295  [main] DEBUG org.aspectj.weaver.loadtime.Aj  - 16:57:59.815 main &gt; org.aspectj.weaver.loadtime.Aj.preProcess org.aspectj.weaver.loadtime.Aj@58027738 org/springframework/transaction/config/JtaTransactionManagerBeanDefinitionParser, byte[2915], org.springframework.test.jpa.OrmXmlOverridingShadowingClassLoader@2bbf1be2
295  [main] DEBUG org.aspectj.weaver.loadtime.Aj  - 16:57:59.815 main - org.aspectj.weaver.loadtime.Aj.preProcess org.aspectj.weaver.loadtime.Aj@58027738 sun.misc.Launcher$AppClassLoader@302b2c81, org.springframework.test.jpa.OrmXmlOverridingShadowingClassLoader@2bbf1be2
295  [main] DEBUG org.aspectj.weaver.tools.WeavingAdaptor  - 16:57:59.815 main &gt; org.aspectj.weaver.tools.WeavingAdaptor.weaveClass org.aspectj.weaver.loadtime.ClassLoaderWeavingAdaptor@10b090ac org/springframework/transaction/config/JtaTransactionManagerBeanDefinitionParser, byte[2915]
296  [main] DEBUG org.aspectj.weaver.tools.WeavingAdaptor  - 16:57:59.816 main &lt; org.aspectj.weaver.tools.WeavingAdaptor.weaveClass false
296  [main] DEBUG org.aspectj.weaver.loadtime.Aj  - 16:57:59.816 main &lt; org.aspectj.weaver.loadtime.Aj.preProcess byte[2915]
297  [main] DEBUG org.aspectj.weaver.loadtime.Aj  - 16:57:59.817 main &gt; org.aspectj.weaver.loadtime.Aj.preProcess org.aspectj.weaver.loadtime.Aj@58027738 org/springframework/beans/factory/xml/ParserContext, byte[4337], org.springframework.test.jpa.OrmXmlOverridingShadowingClassLoader@2bbf1be2
297  [main] DEBUG org.aspectj.weaver.loadtime.Aj  - 16:57:59.817 main - org.aspectj.weaver.loadtime.Aj.preProcess org.aspectj.weaver.loadtime.Aj@58027738 sun.misc.Launcher$AppClassLoader@302b2c81, org.springframework.test.jpa.OrmXmlOverridingShadowingClassLoader@2bbf1be2
297  [main] DEBUG org.aspectj.weaver.tools.WeavingAdaptor  - 16:57:59.817 main &gt; org.aspectj.weaver.tools.WeavingAdaptor.weaveClass org.aspectj.weaver.loadtime.ClassLoaderWeavingAdaptor@10b090ac org/springframework/beans/factory/xml/ParserContext, byte[4337]
298  [main] DEBUG org.aspectj.weaver.tools.WeavingAdaptor  - 16:57:59.818 main &lt; org.aspectj.weaver.tools.WeavingAdaptor.weaveClass false
298  [main] DEBUG org.aspectj.weaver.loadtime.Aj  - 16:57:59.818 main &lt; org.aspectj.weaver.loadtime.Aj.preProcess byte[4337]
299  [main] DEBUG org.aspectj.weaver.loadtime.Aj  - 16:57:59.819 main &gt; org.aspectj.weaver.loadtime.Aj.preProcess org.aspectj.weaver.loadtime.Aj@58027738 org/springframework/transaction/config/AnnotationDrivenBeanDefinitionParser$AopAutoProxyConfigurer, byte[4437], org.springframework.test.jpa.OrmXmlOverridingShadowingClassLoader@2bbf1be2
299  [main] DEBUG org.aspectj.weaver.loadtime.Aj  - 16:57:59.819 main - org.aspectj.weaver.loadtime.Aj.preProcess org.aspectj.weaver.loadtime.Aj@58027738 sun.misc.Launcher$AppClassLoader@302b2c81, org.springframework.test.jpa.OrmXmlOverridingShadowingClassLoader@2bbf1be2
299  [main] DEBUG org.aspectj.weaver.tools.WeavingAdaptor  - 16:57:59.819 main &gt; org.aspectj.weaver.tools.WeavingAdaptor.weaveClass org.aspectj.weaver.loadtime.ClassLoaderWeavingAdaptor@10b090ac org/springframework/transaction/config/AnnotationDrivenBeanDefinitionParser$AopAutoProxyConfigurer, byte[4437]
299  [main] DEBUG org.aspectj.weaver.tools.WeavingAdaptor  - 16:57:59.819 main &lt; org.aspectj.weaver.tools.WeavingAdaptor.weaveClass false
299  [main] DEBUG org.aspectj.weaver.loadtime.Aj  - 16:57:59.819 main &lt; org.aspectj.weaver.loadtime.Aj.preProcess byte[4437]
300  [main] DEBUG org.aspectj.weaver.loadtime.Aj  - 16:57:59.820 main &gt; org.aspectj.weaver.loadtime.Aj.preProcess org.aspectj.weaver.loadtime.Aj@58027738 org/springframework/aop/config/AopNamespaceUtils, byte[3307], org.springframework.test.jpa.OrmXmlOverridingShadowingClassLoader@2bbf1be2
300  [main] DEBUG org.aspectj.weaver.loadtime.Aj  - 16:57:59.820 main - org.aspectj.weaver.loadtime.Aj.preProcess org.aspectj.weaver.loadtime.Aj@58027738 sun.misc.Launcher$AppClassLoader@302b2c81, org.springframework.test.jpa.OrmXmlOverridingShadowingClassLoader@2bbf1be2
300  [main] DEBUG org.aspectj.weaver.tools.WeavingAdaptor  - 16:57:59.820 main &gt; org.aspectj.weaver.tools.WeavingAdaptor.weaveClass org.aspectj.weaver.loadtime.ClassLoaderWeavingAdaptor@10b090ac org/springframework/aop/config/AopNamespaceUtils, byte[3307]
300  [main] DEBUG org.aspectj.weaver.tools.WeavingAdaptor  - 16:57:59.820 main &lt; org.aspectj.weaver.tools.WeavingAdaptor.weaveClass false
300  [main] DEBUG org.aspectj.weaver.loadtime.Aj  - 16:57:59.820 main &lt; org.aspectj.weaver.loadtime.Aj.preProcess byte[3307]
302  [main] DEBUG org.aspectj.weaver.loadtime.Aj  - 16:57:59.822 main &gt; org.aspectj.weaver.loadtime.Aj.preProcess org.aspectj.weaver.loadtime.Aj@58027738 org/springframework/aop/config/AopConfigUtils, byte[6511], org.springframework.test.jpa.OrmXmlOverridingShadowingClassLoader@2bbf1be2
302  [main] DEBUG org.aspectj.weaver.loadtime.Aj  - 16:57:59.822 main - org.aspectj.weaver.loadtime.Aj.preProcess org.aspectj.weaver.loadtime.Aj@58027738 sun.misc.Launcher$AppClassLoader@302b2c81, org.springframework.test.jpa.OrmXmlOverridingShadowingClassLoader@2bbf1be2
302  [main] DEBUG org.aspectj.weaver.tools.WeavingAdaptor  - 16:57:59.822 main &gt; org.aspectj.weaver.tools.WeavingAdaptor.weaveClass org.aspectj.weaver.loadtime.ClassLoaderWeavingAdaptor@10b090ac org/springframework/aop/config/AopConfigUtils, byte[6511]
302  [main] DEBUG org.aspectj.weaver.tools.WeavingAdaptor  - 16:57:59.822 main &lt; org.aspectj.weaver.tools.WeavingAdaptor.weaveClass false
302  [main] DEBUG org.aspectj.weaver.loadtime.Aj  - 16:57:59.822 main &lt; org.aspectj.weaver.loadtime.Aj.preProcess byte[6511]
303  [main] DEBUG org.aspectj.weaver.loadtime.Aj  - 16:57:59.823 main &gt; org.aspectj.weaver.loadtime.Aj.preProcess org.aspectj.weaver.loadtime.Aj@58027738 org/springframework/aop/framework/autoproxy/InfrastructureAdvisorAutoProxyCreator, byte[1279], org.springframework.test.jpa.OrmXmlOverridingShadowingClassLoader@2bbf1be2
303  [main] DEBUG org.aspectj.weaver.loadtime.Aj  - 16:57:59.823 main - org.aspectj.weaver.loadtime.Aj.preProcess org.aspectj.weaver.loadtime.Aj@58027738 sun.misc.Launcher$AppClassLoader@302b2c81, org.springframework.test.jpa.OrmXmlOverridingShadowingClassLoader@2bbf1be2
303  [main] DEBUG org.aspectj.weaver.tools.WeavingAdaptor  - 16:57:59.823 main &gt; org.aspectj.weaver.tools.WeavingAdaptor.weaveClass org.aspectj.weaver.loadtime.ClassLoaderWeavingAdaptor@10b090ac org/springframework/aop/framework/autoproxy/InfrastructureAdvisorAutoProxyCreator, byte[1279]
304  [main] DEBUG org.aspectj.weaver.tools.WeavingAdaptor  - 16:57:59.823 main &lt; org.aspectj.weaver.tools.WeavingAdaptor.weaveClass false
304  [main] DEBUG org.aspectj.weaver.loadtime.Aj  - 16:57:59.824 main &lt; org.aspectj.weaver.loadtime.Aj.preProcess byte[1279]
304  [main] DEBUG org.aspectj.weaver.loadtime.Aj  - 16:57:59.824 main &gt; org.aspectj.weaver.loadtime.Aj.preProcess org.aspectj.weaver.loadtime.Aj@58027738 org/springframework/aop/framework/autoproxy/AbstractAdvisorAutoProxyCreator, byte[3842], org.springframework.test.jpa.OrmXmlOverridingShadowingClassLoader@2bbf1be2
304  [main] DEBUG org.aspectj.weaver.loadtime.Aj  - 16:57:59.824 main - org.aspectj.weaver.loadtime.Aj.preProcess org.aspectj.weaver.loadtime.Aj@58027738 sun.misc.Launcher$AppClassLoader@302b2c81, org.springframework.test.jpa.OrmXmlOverridingShadowingClassLoader@2bbf1be2
304  [main] DEBUG org.aspectj.weaver.tools.WeavingAdaptor  - 16:57:59.824 main &gt; org.aspectj.weaver.tools.WeavingAdaptor.weaveClass org.aspectj.weaver.loadtime.ClassLoaderWeavingAdaptor@10b090ac org/springframework/aop/framework/autoproxy/AbstractAdvisorAutoProxyCreator, byte[3842]
305  [main] DEBUG org.aspectj.weaver.tools.WeavingAdaptor  - 16:57:59.824 main &lt; org.aspectj.weaver.tools.WeavingAdaptor.weaveClass false
305  [main] DEBUG org.aspectj.weaver.loadtime.Aj  - 16:57:59.825 main &lt; org.aspectj.weaver.loadtime.Aj.preProcess byte[3842]
305  [main] DEBUG org.aspectj.weaver.loadtime.Aj  - 16:57:59.825 main &gt; org.aspectj.weaver.loadtime.Aj.preProcess org.aspectj.weaver.loadtime.Aj@58027738 org/springframework/aop/framework/autoproxy/AbstractAutoProxyCreator, byte[13480], org.springframework.test.jpa.OrmXmlOverridingShadowingClassLoader@2bbf1be2
305  [main] DEBUG org.aspectj.weaver.loadtime.Aj  - 16:57:59.825 main - org.aspectj.weaver.loadtime.Aj.preProcess org.aspectj.weaver.loadtime.Aj@58027738 sun.misc.Launcher$AppClassLoader@302b2c81, org.springframework.test.jpa.OrmXmlOverridingShadowingClassLoader@2bbf1be2
306  [main] DEBUG org.aspectj.weaver.tools.WeavingAdaptor  - 16:57:59.826 main &gt; org.aspectj.weaver.tools.WeavingAdaptor.weaveClass org.aspectj.weaver.loadtime.ClassLoaderWeavingAdaptor@10b090ac org/springframework/aop/framework/autoproxy/AbstractAutoProxyCreator, byte[13480]
306  [main] DEBUG org.aspectj.weaver.tools.WeavingAdaptor  - 16:57:59.826 main &lt; org.aspectj.weaver.tools.WeavingAdaptor.weaveClass false
306  [main] DEBUG org.aspectj.weaver.loadtime.Aj  - 16:57:59.826 main &lt; org.aspectj.weaver.loadtime.Aj.preProcess byte[13480]
306  [main] DEBUG org.aspectj.weaver.loadtime.Aj  - 16:57:59.826 main &gt; org.aspectj.weaver.loadtime.Aj.preProcess org.aspectj.weaver.loadtime.Aj@58027738 org/springframework/beans/factory/config/SmartInstantiationAwareBeanPostProcessor, byte[662], org.springframework.test.jpa.OrmXmlOverridingShadowingClassLoader@2bbf1be2
307  [main] DEBUG org.aspectj.weaver.loadtime.Aj  - 16:57:59.826 main - org.aspectj.weaver.loadtime.Aj.preProcess org.aspectj.weaver.loadtime.Aj@58027738 sun.misc.Launcher$AppClassLoader@302b2c81, org.springframework.test.jpa.OrmXmlOverridingShadowingClassLoader@2bbf1be2
307  [main] DEBUG org.aspectj.weaver.tools.WeavingAdaptor  - 16:57:59.827 main &gt; org.aspectj.weaver.tools.WeavingAdaptor.weaveClass org.aspectj.weaver.loadtime.ClassLoaderWeavingAdaptor@10b090ac org/springframework/beans/factory/config/SmartInstantiationAwareBeanPostProcessor, byte[662]
307  [main] DEBUG org.aspectj.weaver.tools.WeavingAdaptor  - 16:57:59.827 main &lt; org.aspectj.weaver.tools.WeavingAdaptor.weaveClass false
307  [main] DEBUG org.aspectj.weaver.loadtime.Aj  - 16:57:59.827 main &lt; org.aspectj.weaver.loadtime.Aj.preProcess byte[662]
307  [main] DEBUG org.aspectj.weaver.loadtime.Aj  - 16:57:59.827 main &gt; org.aspectj.weaver.loadtime.Aj.preProcess org.aspectj.weaver.loadtime.Aj@58027738 org/springframework/beans/factory/config/InstantiationAwareBeanPostProcessor, byte[721], org.springframework.test.jpa.OrmXmlOverridingShadowingClassLoader@2bbf1be2
307  [main] DEBUG org.aspectj.weaver.loadtime.Aj  - 16:57:59.827 main - org.aspectj.weaver.loadtime.Aj.preProcess org.aspectj.weaver.loadtime.Aj@58027738 sun.misc.Launcher$AppClassLoader@302b2c81, org.springframework.test.jpa.OrmXmlOverridingShadowingClassLoader@2bbf1be2
307  [main] DEBUG org.aspectj.weaver.tools.WeavingAdaptor  - 16:57:59.827 main &gt; org.aspectj.weaver.tools.WeavingAdaptor.weaveClass org.aspectj.weaver.loadtime.ClassLoaderWeavingAdaptor@10b090ac org/springframework/beans/factory/config/InstantiationAwareBeanPostProcessor, byte[721]
307  [main] DEBUG org.aspectj.weaver.tools.WeavingAdaptor  - 16:57:59.827 main &lt; org.aspectj.weaver.tools.WeavingAdaptor.weaveClass false
308  [main] DEBUG org.aspectj.weaver.loadtime.Aj  - 16:57:59.828 main &lt; org.aspectj.weaver.loadtime.Aj.preProcess byte[721]
308  [main] DEBUG org.aspectj.weaver.loadtime.Aj  - 16:57:59.828 main &gt; org.aspectj.weaver.loadtime.Aj.preProcess org.aspectj.weaver.loadtime.Aj@58027738 org/springframework/beans/factory/config/BeanPostProcessor, byte[377], org.springframework.test.jpa.OrmXmlOverridingShadowingClassLoader@2bbf1be2
308  [main] DEBUG org.aspectj.weaver.loadtime.Aj  - 16:57:59.828 main - org.aspectj.weaver.loadtime.Aj.preProcess org.aspectj.weaver.loadtime.Aj@58027738 sun.misc.Launcher$AppClassLoader@302b2c81, org.springframework.test.jpa.OrmXmlOverridingShadowingClassLoader@2bbf1be2
308  [main] DEBUG org.aspectj.weaver.tools.WeavingAdaptor  - 16:57:59.828 main &gt; org.aspectj.weaver.tools.WeavingAdaptor.weaveClass org.aspectj.weaver.loadtime.ClassLoaderWeavingAdaptor@10b090ac org/springframework/beans/factory/config/BeanPostProcessor, byte[377]
308  [main] DEBUG org.aspectj.weaver.tools.WeavingAdaptor  - 16:57:59.828 main &lt; org.aspectj.weaver.tools.WeavingAdaptor.weaveClass false
308  [main] DEBUG org.aspectj.weaver.loadtime.Aj  - 16:57:59.828 main &lt; org.aspectj.weaver.loadtime.Aj.preProcess byte[377]
309  [main] DEBUG org.aspectj.weaver.loadtime.Aj  - 16:57:59.829 main &gt; org.aspectj.weaver.loadtime.Aj.preProcess org.aspectj.weaver.loadtime.Aj@58027738 org/springframework/core/Ordered, byte[248], org.springframework.test.jpa.OrmXmlOverridingShadowingClassLoader@2bbf1be2
309  [main] DEBUG org.aspectj.weaver.loadtime.Aj  - 16:57:59.829 main - org.aspectj.weaver.loadtime.Aj.preProcess org.aspectj.weaver.loadtime.Aj@58027738 sun.misc.Launcher$AppClassLoader@302b2c81, org.springframework.test.jpa.OrmXmlOverridingShadowingClassLoader@2bbf1be2
309  [main] DEBUG org.aspectj.weaver.tools.WeavingAdaptor  - 16:57:59.829 main &gt; org.aspectj.weaver.tools.WeavingAdaptor.weaveClass org.aspectj.weaver.loadtime.ClassLoaderWeavingAdaptor@10b090ac org/springframework/core/Ordered, byte[248]
309  [main] DEBUG org.aspectj.weaver.tools.WeavingAdaptor  - 16:57:59.829 main &lt; org.aspectj.weaver.tools.WeavingAdaptor.weaveClass false
309  [main] DEBUG org.aspectj.weaver.loadtime.Aj  - 16:57:59.829 main &lt; org.aspectj.weaver.loadtime.Aj.preProcess byte[248]
310  [main] DEBUG org.aspectj.weaver.loadtime.Aj  - 16:57:59.830 main &gt; org.aspectj.weaver.loadtime.Aj.preProcess org.aspectj.weaver.loadtime.Aj@58027738 org/springframework/aop/framework/AopInfrastructureBean, byte[157], org.springframework.test.jpa.OrmXmlOverridingShadowingClassLoader@2bbf1be2
310  [main] DEBUG org.aspectj.weaver.loadtime.Aj  - 16:57:59.830 main - org.aspectj.weaver.loadtime.Aj.preProcess org.aspectj.weaver.loadtime.Aj@58027738 sun.misc.Launcher$AppClassLoader@302b2c81, org.springframework.test.jpa.OrmXmlOverridingShadowingClassLoader@2bbf1be2
310  [main] DEBUG org.aspectj.weaver.tools.WeavingAdaptor  - 16:57:59.830 main &gt; org.aspectj.weaver.tools.WeavingAdaptor.weaveClass org.aspectj.weaver.loadtime.ClassLoaderWeavingAdaptor@10b090ac org/springframework/aop/framework/AopInfrastructureBean, byte[157]
310  [main] DEBUG org.aspectj.weaver.tools.WeavingAdaptor  - 16:57:59.830 main &lt; org.aspectj.weaver.tools.WeavingAdaptor.weaveClass false
310  [main] DEBUG org.aspectj.weaver.loadtime.Aj  - 16:57:59.830 main &lt; org.aspectj.weaver.loadtime.Aj.preProcess byte[157]
311  [main] DEBUG org.aspectj.weaver.loadtime.Aj  - 16:57:59.831 main &gt; org.aspectj.weaver.loadtime.Aj.preProcess org.aspectj.weaver.loadtime.Aj@58027738 org/springframework/aop/framework/ProxyConfig, byte[2319], org.springframework.test.jpa.OrmXmlOverridingShadowingClassLoader@2bbf1be2
311  [main] DEBUG org.aspectj.weaver.loadtime.Aj  - 16:57:59.831 main - org.aspectj.weaver.loadtime.Aj.preProcess org.aspectj.weaver.loadtime.Aj@58027738 sun.misc.Launcher$AppClassLoader@302b2c81, org.springframework.test.jpa.OrmXmlOverridingShadowingClassLoader@2bbf1be2
311  [main] DEBUG org.aspectj.weaver.tools.WeavingAdaptor  - 16:57:59.831 main &gt; org.aspectj.weaver.tools.WeavingAdaptor.weaveClass org.aspectj.weaver.loadtime.ClassLoaderWeavingAdaptor@10b090ac org/springframework/aop/framework/ProxyConfig, byte[2319]
311  [main] DEBUG org.aspectj.weaver.tools.WeavingAdaptor  - 16:57:59.831 main &lt; org.aspectj.weaver.tools.WeavingAdaptor.weaveClass false
311  [main] DEBUG org.aspectj.weaver.loadtime.Aj  - 16:57:59.831 main &lt; org.aspectj.weaver.loadtime.Aj.preProcess byte[2319]
311  [main] DEBUG org.aspectj.weaver.loadtime.Aj  - 16:57:59.831 main &gt; org.aspectj.weaver.loadtime.Aj.preProcess org.aspectj.weaver.loadtime.Aj@58027738 org/springframework/aop/TargetSource, byte[398], org.springframework.test.jpa.OrmXmlOverridingShadowingClassLoader@2bbf1be2
312  [main] DEBUG org.aspectj.weaver.loadtime.Aj  - 16:57:59.832 main - org.aspectj.weaver.loadtime.Aj.preProcess org.aspectj.weaver.loadtime.Aj@58027738 sun.misc.Launcher$AppClassLoader@302b2c81, org.springframework.test.jpa.OrmXmlOverridingShadowingClassLoader@2bbf1be2
312  [main] DEBUG org.aspectj.weaver.tools.WeavingAdaptor  - 16:57:59.832 main &gt; org.aspectj.weaver.tools.WeavingAdaptor.weaveClass org.aspectj.weaver.loadtime.ClassLoaderWeavingAdaptor@10b090ac org/springframework/aop/TargetSource, byte[398]
312  [main] DEBUG org.aspectj.weaver.tools.WeavingAdaptor  - 16:57:59.832 main &lt; org.aspectj.weaver.tools.WeavingAdaptor.weaveClass false
312  [main] DEBUG org.aspectj.weaver.loadtime.Aj  - 16:57:59.832 main &lt; org.aspectj.weaver.loadtime.Aj.preProcess byte[398]
312  [main] DEBUG org.aspectj.weaver.loadtime.Aj  - 16:57:59.832 main &gt; org.aspectj.weaver.loadtime.Aj.preProcess org.aspectj.weaver.loadtime.Aj@58027738 org/springframework/aop/TargetClassAware, byte[184], org.springframework.test.jpa.OrmXmlOverridingShadowingClassLoader@2bbf1be2
312  [main] DEBUG org.aspectj.weaver.loadtime.Aj  - 16:57:59.832 main - org.aspectj.weaver.loadtime.Aj.preProcess org.aspectj.weaver.loadtime.Aj@58027738 sun.misc.Launcher$AppClassLoader@302b2c81, org.springframework.test.jpa.OrmXmlOverridingShadowingClassLoader@2bbf1be2
312  [main] DEBUG org.aspectj.weaver.tools.WeavingAdaptor  - 16:57:59.832 main &gt; org.aspectj.weaver.tools.WeavingAdaptor.weaveClass org.aspectj.weaver.loadtime.ClassLoaderWeavingAdaptor@10b090ac org/springframework/aop/TargetClassAware, byte[184]
312  [main] DEBUG org.aspectj.weaver.tools.WeavingAdaptor  - 16:57:59.832 main &lt; org.aspectj.weaver.tools.WeavingAdaptor.weaveClass false
312  [main] DEBUG org.aspectj.weaver.loadtime.Aj  - 16:57:59.832 main &lt; org.aspectj.weaver.loadtime.Aj.preProcess byte[184]
313  [main] DEBUG org.aspectj.weaver.loadtime.Aj  - 16:57:59.833 main &gt; org.aspectj.weaver.loadtime.Aj.preProcess org.aspectj.weaver.loadtime.Aj@58027738 org/springframework/aop/framework/autoproxy/BeanFactoryAdvisorRetrievalHelper, byte[3677], org.springframework.test.jpa.OrmXmlOverridingShadowingClassLoader@2bbf1be2
313  [main] DEBUG org.aspectj.weaver.loadtime.Aj  - 16:57:59.833 main - org.aspectj.weaver.loadtime.Aj.preProcess org.aspectj.weaver.loadtime.Aj@58027738 sun.misc.Launcher$AppClassLoader@302b2c81, org.springframework.test.jpa.OrmXmlOverridingShadowingClassLoader@2bbf1be2
313  [main] DEBUG org.aspectj.weaver.tools.WeavingAdaptor  - 16:57:59.833 main &gt; org.aspectj.weaver.tools.WeavingAdaptor.weaveClass org.aspectj.weaver.loadtime.ClassLoaderWeavingAdaptor@10b090ac org/springframework/aop/framework/autoproxy/BeanFactoryAdvisorRetrievalHelper, byte[3677]
313  [main] DEBUG org.aspectj.weaver.tools.WeavingAdaptor  - 16:57:59.833 main &lt; org.aspectj.weaver.tools.WeavingAdaptor.weaveClass false
313  [main] DEBUG org.aspectj.weaver.loadtime.Aj  - 16:57:59.833 main &lt; org.aspectj.weaver.loadtime.Aj.preProcess byte[3677]
314  [main] DEBUG org.aspectj.weaver.loadtime.Aj  - 16:57:59.834 main &gt; org.aspectj.weaver.loadtime.Aj.preProcess org.aspectj.weaver.loadtime.Aj@58027738 org/springframework/aop/framework/autoproxy/AbstractAdvisorAutoProxyCreator$BeanFactoryAdvisorRetrievalHelperAdapter, byte[1357], org.springframework.test.jpa.OrmXmlOverridingShadowingClassLoader@2bbf1be2
314  [main] DEBUG org.aspectj.weaver.loadtime.Aj  - 16:57:59.834 main - org.aspectj.weaver.loadtime.Aj.preProcess org.aspectj.weaver.loadtime.Aj@58027738 sun.misc.Launcher$AppClassLoader@302b2c81, org.springframework.test.jpa.OrmXmlOverridingShadowingClassLoader@2bbf1be2
314  [main] DEBUG org.aspectj.weaver.tools.WeavingAdaptor  - 16:57:59.834 main &gt; org.aspectj.weaver.tools.WeavingAdaptor.weaveClass org.aspectj.weaver.loadtime.ClassLoaderWeavingAdaptor@10b090ac org/springframework/aop/framework/autoproxy/AbstractAdvisorAutoProxyCreator$BeanFactoryAdvisorRetrievalHelperAdapter, byte[1357]
314  [main] DEBUG org.aspectj.weaver.tools.WeavingAdaptor  - 16:57:59.834 main &lt; org.aspectj.weaver.tools.WeavingAdaptor.weaveClass false
314  [main] DEBUG org.aspectj.weaver.loadtime.Aj  - 16:57:59.834 main &lt; org.aspectj.weaver.loadtime.Aj.preProcess byte[1357]
315  [main] DEBUG org.aspectj.weaver.loadtime.Aj  - 16:57:59.835 main &gt; org.aspectj.weaver.loadtime.Aj.preProcess org.aspectj.weaver.loadtime.Aj@58027738 org/springframework/aop/aspectj/autoproxy/AspectJAwareAdvisorAutoProxyCreator, byte[3053], org.springframework.test.jpa.OrmXmlOverridingShadowingClassLoader@2bbf1be2
315  [main] DEBUG org.aspectj.weaver.loadtime.Aj  - 16:57:59.835 main - org.aspectj.weaver.loadtime.Aj.preProcess org.aspectj.weaver.loadtime.Aj@58027738 sun.misc.Launcher$AppClassLoader@302b2c81, org.springframework.test.jpa.OrmXmlOverridingShadowingClassLoader@2bbf1be2
315  [main] DEBUG org.aspectj.weaver.tools.WeavingAdaptor  - 16:57:59.835 main &gt; org.aspectj.weaver.tools.WeavingAdaptor.weaveClass org.aspectj.weaver.loadtime.ClassLoaderWeavingAdaptor@10b090ac org/springframework/aop/aspectj/autoproxy/AspectJAwareAdvisorAutoProxyCreator, byte[3053]
315  [main] DEBUG org.aspectj.weaver.tools.WeavingAdaptor  - 16:57:59.835 main &lt; org.aspectj.weaver.tools.WeavingAdaptor.weaveClass false
315  [main] DEBUG org.aspectj.weaver.loadtime.Aj  - 16:57:59.835 main &lt; org.aspectj.weaver.loadtime.Aj.preProcess byte[3053]
315  [main] DEBUG org.aspectj.weaver.loadtime.Aj  - 16:57:59.835 main &gt; org.aspectj.weaver.loadtime.Aj.preProcess org.aspectj.weaver.loadtime.Aj@58027738 org/springframework/aop/aspectj/autoproxy/AspectJPrecedenceComparator, byte[3624], org.springframework.test.jpa.OrmXmlOverridingShadowingClassLoader@2bbf1be2
316  [main] DEBUG org.aspectj.weaver.loadtime.Aj  - 16:57:59.836 main - org.aspectj.weaver.loadtime.Aj.preProcess org.aspectj.weaver.loadtime.Aj@58027738 sun.misc.Launcher$AppClassLoader@302b2c81, org.springframework.test.jpa.OrmXmlOverridingShadowingClassLoader@2bbf1be2
316  [main] DEBUG org.aspectj.weaver.tools.WeavingAdaptor  - 16:57:59.836 main &gt; org.aspectj.weaver.tools.WeavingAdaptor.weaveClass org.aspectj.weaver.loadtime.ClassLoaderWeavingAdaptor@10b090ac org/springframework/aop/aspectj/autoproxy/AspectJPrecedenceComparator, byte[3624]
316  [main] DEBUG org.aspectj.weaver.tools.WeavingAdaptor  - 16:57:59.836 main &lt; org.aspectj.weaver.tools.WeavingAdaptor.weaveClass false
316  [main] DEBUG org.aspectj.weaver.loadtime.Aj  - 16:57:59.836 main &lt; org.aspectj.weaver.loadtime.Aj.preProcess byte[3624]
316  [main] DEBUG org.aspectj.weaver.loadtime.Aj  - 16:57:59.836 main &gt; org.aspectj.weaver.loadtime.Aj.preProcess org.aspectj.weaver.loadtime.Aj@58027738 org/springframework/core/OrderComparator, byte[922], org.springframework.test.jpa.OrmXmlOverridingShadowingClassLoader@2bbf1be2
316  [main] DEBUG org.aspectj.weaver.loadtime.Aj  - 16:57:59.836 main - org.aspectj.weaver.loadtime.Aj.preProcess org.aspectj.weaver.loadtime.Aj@58027738 sun.misc.Launcher$AppClassLoader@302b2c81, org.springframework.test.jpa.OrmXmlOverridingShadowingClassLoader@2bbf1be2
316  [main] DEBUG org.aspectj.weaver.tools.WeavingAdaptor  - 16:57:59.836 main &gt; org.aspectj.weaver.tools.WeavingAdaptor.weaveClass org.aspectj.weaver.loadtime.ClassLoaderWeavingAdaptor@10b090ac org/springframework/core/OrderComparator, byte[922]
316  [main] DEBUG org.aspectj.weaver.tools.WeavingAdaptor  - 16:57:59.836 main &lt; org.aspectj.weaver.tools.WeavingAdaptor.weaveClass false
317  [main] DEBUG org.aspectj.weaver.loadtime.Aj  - 16:57:59.837 main &lt; org.aspectj.weaver.loadtime.Aj.preProcess byte[922]
317  [main] DEBUG org.aspectj.weaver.loadtime.Aj  - 16:57:59.837 main &gt; org.aspectj.weaver.loadtime.Aj.preProcess org.aspectj.weaver.loadtime.Aj@58027738 org/springframework/transaction/config/TxNamespaceUtils, byte[2344], org.springframework.test.jpa.OrmXmlOverridingShadowingClassLoader@2bbf1be2
318  [main] DEBUG org.aspectj.weaver.loadtime.Aj  - 16:57:59.838 main - org.aspectj.weaver.loadtime.Aj.preProcess org.aspectj.weaver.loadtime.Aj@58027738 sun.misc.Launcher$AppClassLoader@302b2c81, org.springframework.test.jpa.OrmXmlOverridingShadowingClassLoader@2bbf1be2
318  [main] DEBUG org.aspectj.weaver.tools.WeavingAdaptor  - 16:57:59.838 main &gt; org.aspectj.weaver.tools.WeavingAdaptor.weaveClass org.aspectj.weaver.loadtime.ClassLoaderWeavingAdaptor@10b090ac org/springframework/transaction/config/TxNamespaceUtils, byte[2344]
318  [main] DEBUG org.aspectj.weaver.tools.WeavingAdaptor  - 16:57:59.838 main &lt; org.aspectj.weaver.tools.WeavingAdaptor.weaveClass false
318  [main] DEBUG org.aspectj.weaver.loadtime.Aj  - 16:57:59.838 main &lt; org.aspectj.weaver.loadtime.Aj.preProcess byte[2344]
318  [main] DEBUG org.aspectj.weaver.loadtime.Aj  - 16:57:59.838 main &gt; org.aspectj.weaver.loadtime.Aj.preProcess org.aspectj.weaver.loadtime.Aj@58027738 org/springframework/core/Conventions, byte[7089], org.springframework.test.jpa.OrmXmlOverridingShadowingClassLoader@2bbf1be2
318  [main] DEBUG org.aspectj.weaver.loadtime.Aj  - 16:57:59.838 main - org.aspectj.weaver.loadtime.Aj.preProcess org.aspectj.weaver.loadtime.Aj@58027738 sun.misc.Launcher$AppClassLoader@302b2c81, org.springframework.test.jpa.OrmXmlOverridingShadowingClassLoader@2bbf1be2
319  [main] DEBUG org.aspectj.weaver.tools.WeavingAdaptor  - 16:57:59.839 main &gt; org.aspectj.weaver.tools.WeavingAdaptor.weaveClass org.aspectj.weaver.loadtime.ClassLoaderWeavingAdaptor@10b090ac org/springframework/core/Conventions, byte[7089]
319  [main] DEBUG org.aspectj.weaver.tools.WeavingAdaptor  - 16:57:59.839 main &lt; org.aspectj.weaver.tools.WeavingAdaptor.weaveClass false
319  [main] DEBUG org.aspectj.weaver.loadtime.Aj  - 16:57:59.839 main &lt; org.aspectj.weaver.loadtime.Aj.preProcess byte[7089]
320  [main] DEBUG org.aspectj.weaver.loadtime.Aj  - 16:57:59.840 main &gt; org.aspectj.weaver.loadtime.Aj.preProcess org.aspectj.weaver.loadtime.Aj@58027738 org/springframework/transaction/annotation/AnnotationTransactionAttributeSource, byte[3872], org.springframework.test.jpa.OrmXmlOverridingShadowingClassLoader@2bbf1be2
320  [main] DEBUG org.aspectj.weaver.loadtime.Aj  - 16:57:59.840 main - org.aspectj.weaver.loadtime.Aj.preProcess org.aspectj.weaver.loadtime.Aj@58027738 sun.misc.Launcher$AppClassLoader@302b2c81, org.springframework.test.jpa.OrmXmlOverridingShadowingClassLoader@2bbf1be2
320  [main] DEBUG org.aspectj.weaver.tools.WeavingAdaptor  - 16:57:59.840 main &gt; org.aspectj.weaver.tools.WeavingAdaptor.weaveClass org.aspectj.weaver.loadtime.ClassLoaderWeavingAdaptor@10b090ac org/springframework/transaction/annotation/AnnotationTransactionAttributeSource, byte[3872]
320  [main] DEBUG org.aspectj.weaver.tools.WeavingAdaptor  - 16:57:59.840 main &lt; org.aspectj.weaver.tools.WeavingAdaptor.weaveClass false
320  [main] DEBUG org.aspectj.weaver.loadtime.Aj  - 16:57:59.840 main &lt; org.aspectj.weaver.loadtime.Aj.preProcess byte[3872]
320  [main] DEBUG org.aspectj.weaver.loadtime.Aj  - 16:57:59.840 main &gt; org.aspectj.weaver.loadtime.Aj.preProcess org.aspectj.weaver.loadtime.Aj@58027738 org/springframework/transaction/interceptor/AbstractFallbackTransactionAttributeSource, byte[3844], org.springframework.test.jpa.OrmXmlOverridingShadowingClassLoader@2bbf1be2
320  [main] DEBUG org.aspectj.weaver.loadtime.Aj  - 16:57:59.840 main - org.aspectj.weaver.loadtime.Aj.preProcess org.aspectj.weaver.loadtime.Aj@58027738 sun.misc.Launcher$AppClassLoader@302b2c81, org.springframework.test.jpa.OrmXmlOverridingShadowingClassLoader@2bbf1be2
320  [main] DEBUG org.aspectj.weaver.tools.WeavingAdaptor  - 16:57:59.840 main &gt; org.aspectj.weaver.tools.WeavingAdaptor.weaveClass org.aspectj.weaver.loadtime.ClassLoaderWeavingAdaptor@10b090ac org/springframework/transaction/interceptor/AbstractFallbackTransactionAttributeSource, byte[3844]
320  [main] DEBUG org.aspectj.weaver.tools.WeavingAdaptor  - 16:57:59.840 main &lt; org.aspectj.weaver.tools.WeavingAdaptor.weaveClass false
320  [main] DEBUG org.aspectj.weaver.loadtime.Aj  - 16:57:59.840 main &lt; org.aspectj.weaver.loadtime.Aj.preProcess byte[3844]
321  [main] DEBUG org.aspectj.weaver.loadtime.Aj  - 16:57:59.841 main &gt; org.aspectj.weaver.loadtime.Aj.preProcess org.aspectj.weaver.loadtime.Aj@58027738 org/springframework/transaction/interceptor/TransactionAttributeSource, byte[325], org.springframework.test.jpa.OrmXmlOverridingShadowingClassLoader@2bbf1be2
321  [main] DEBUG org.aspectj.weaver.loadtime.Aj  - 16:57:59.841 main - org.aspectj.weaver.loadtime.Aj.preProcess org.aspectj.weaver.loadtime.Aj@58027738 sun.misc.Launcher$AppClassLoader@302b2c81, org.springframework.test.jpa.OrmXmlOverridingShadowingClassLoader@2bbf1be2
321  [main] DEBUG org.aspectj.weaver.tools.WeavingAdaptor  - 16:57:59.841 main &gt; org.aspectj.weaver.tools.WeavingAdaptor.weaveClass org.aspectj.weaver.loadtime.ClassLoaderWeavingAdaptor@10b090ac org/springframework/transaction/interceptor/TransactionAttributeSource, byte[325]
321  [main] DEBUG org.aspectj.weaver.tools.WeavingAdaptor  - 16:57:59.841 main &lt; org.aspectj.weaver.tools.WeavingAdaptor.weaveClass false
321  [main] DEBUG org.aspectj.weaver.loadtime.Aj  - 16:57:59.841 main &lt; org.aspectj.weaver.loadtime.Aj.preProcess byte[325]
322  [main] DEBUG org.aspectj.weaver.loadtime.Aj  - 16:57:59.842 main &gt; org.aspectj.weaver.loadtime.Aj.preProcess org.aspectj.weaver.loadtime.Aj@58027738 org/springframework/transaction/interceptor/TransactionInterceptor, byte[5460], org.springframework.test.jpa.OrmXmlOverridingShadowingClassLoader@2bbf1be2
322  [main] DEBUG org.aspectj.weaver.loadtime.Aj  - 16:57:59.842 main - org.aspectj.weaver.loadtime.Aj.preProcess org.aspectj.weaver.loadtime.Aj@58027738 sun.misc.Launcher$AppClassLoader@302b2c81, org.springframework.test.jpa.OrmXmlOverridingShadowingClassLoader@2bbf1be2
322  [main] DEBUG org.aspectj.weaver.tools.WeavingAdaptor  - 16:57:59.842 main &gt; org.aspectj.weaver.tools.WeavingAdaptor.weaveClass org.aspectj.weaver.loadtime.ClassLoaderWeavingAdaptor@10b090ac org/springframework/transaction/interceptor/TransactionInterceptor, byte[5460]
322  [main] DEBUG org.aspectj.weaver.tools.WeavingAdaptor  - 16:57:59.842 main &lt; org.aspectj.weaver.tools.WeavingAdaptor.weaveClass false
322  [main] DEBUG org.aspectj.weaver.loadtime.Aj  - 16:57:59.842 main &lt; org.aspectj.weaver.loadtime.Aj.preProcess byte[5460]
322  [main] DEBUG org.aspectj.weaver.loadtime.Aj  - 16:57:59.842 main &gt; org.aspectj.weaver.loadtime.Aj.preProcess org.aspectj.weaver.loadtime.Aj@58027738 org/aopalliance/intercept/MethodInterceptor, byte[318], org.springframework.test.jpa.OrmXmlOverridingShadowingClassLoader@2bbf1be2
322  [main] DEBUG org.aspectj.weaver.loadtime.Aj  - 16:57:59.842 main - org.aspectj.weaver.loadtime.Aj.preProcess org.aspectj.weaver.loadtime.Aj@58027738 sun.misc.Launcher$AppClassLoader@302b2c81, org.springframework.test.jpa.OrmXmlOverridingShadowingClassLoader@2bbf1be2
322  [main] DEBUG org.aspectj.weaver.tools.WeavingAdaptor  - 16:57:59.842 main &gt; org.aspectj.weaver.tools.WeavingAdaptor.weaveClass org.aspectj.weaver.loadtime.ClassLoaderWeavingAdaptor@10b090ac org/aopalliance/intercept/MethodInterceptor, byte[318]
322  [main] DEBUG org.aspectj.weaver.tools.WeavingAdaptor  - 16:57:59.842 main &lt; org.aspectj.weaver.tools.WeavingAdaptor.weaveClass false
322  [main] DEBUG org.aspectj.weaver.loadtime.Aj  - 16:57:59.842 main &lt; org.aspectj.weaver.loadtime.Aj.preProcess byte[318]
323  [main] DEBUG org.aspectj.weaver.loadtime.Aj  - 16:57:59.843 main &gt; org.aspectj.weaver.loadtime.Aj.preProcess org.aspectj.weaver.loadtime.Aj@58027738 org/aopalliance/intercept/Interceptor, byte[163], org.springframework.test.jpa.OrmXmlOverridingShadowingClassLoader@2bbf1be2
323  [main] DEBUG org.aspectj.weaver.loadtime.Aj  - 16:57:59.843 main - org.aspectj.weaver.loadtime.Aj.preProcess org.aspectj.weaver.loadtime.Aj@58027738 sun.misc.Launcher$AppClassLoader@302b2c81, org.springframework.test.jpa.OrmXmlOverridingShadowingClassLoader@2bbf1be2
323  [main] DEBUG org.aspectj.weaver.tools.WeavingAdaptor  - 16:57:59.843 main &gt; org.aspectj.weaver.tools.WeavingAdaptor.weaveClass org.aspectj.weaver.loadtime.ClassLoaderWeavingAdaptor@10b090ac org/aopalliance/intercept/Interceptor, byte[163]
323  [main] DEBUG org.aspectj.weaver.tools.WeavingAdaptor  - 16:57:59.843 main &lt; org.aspectj.weaver.tools.WeavingAdaptor.weaveClass false
323  [main] DEBUG org.aspectj.weaver.loadtime.Aj  - 16:57:59.843 main &lt; org.aspectj.weaver.loadtime.Aj.preProcess byte[163]
324  [main] DEBUG org.aspectj.weaver.loadtime.Aj  - 16:57:59.844 main &gt; org.aspectj.weaver.loadtime.Aj.preProcess org.aspectj.weaver.loadtime.Aj@58027738 org/aopalliance/aop/Advice, byte[113], org.springframework.test.jpa.OrmXmlOverridingShadowingClassLoader@2bbf1be2
324  [main] DEBUG org.aspectj.weaver.loadtime.Aj  - 16:57:59.844 main - org.aspectj.weaver.loadtime.Aj.preProcess org.aspectj.weaver.loadtime.Aj@58027738 sun.misc.Launcher$AppClassLoader@302b2c81, org.springframework.test.jpa.OrmXmlOverridingShadowingClassLoader@2bbf1be2
324  [main] DEBUG org.aspectj.weaver.tools.WeavingAdaptor  - 16:57:59.844 main &gt; org.aspectj.weaver.tools.WeavingAdaptor.weaveClass org.aspectj.weaver.loadtime.ClassLoaderWeavingAdaptor@10b090ac org/aopalliance/aop/Advice, byte[113]
324  [main] DEBUG org.aspectj.weaver.tools.WeavingAdaptor  - 16:57:59.844 main &lt; org.aspectj.weaver.tools.WeavingAdaptor.weaveClass false
324  [main] DEBUG org.aspectj.weaver.loadtime.Aj  - 16:57:59.844 main &lt; org.aspectj.weaver.loadtime.Aj.preProcess byte[113]
324  [main] DEBUG org.aspectj.weaver.loadtime.Aj  - 16:57:59.844 main &gt; org.aspectj.weaver.loadtime.Aj.preProcess org.aspectj.weaver.loadtime.Aj@58027738 org/springframework/transaction/interceptor/TransactionAspectSupport, byte[9426], org.springframework.test.jpa.OrmXmlOverridingShadowingClassLoader@2bbf1be2
324  [main] DEBUG org.aspectj.weaver.loadtime.Aj  - 16:57:59.844 main - org.aspectj.weaver.loadtime.Aj.preProcess org.aspectj.weaver.loadtime.Aj@58027738 sun.misc.Launcher$AppClassLoader@302b2c81, org.springframework.test.jpa.OrmXmlOverridingShadowingClassLoader@2bbf1be2
325  [main] DEBUG org.aspectj.weaver.tools.WeavingAdaptor  - 16:57:59.845 main &gt; org.aspectj.weaver.tools.WeavingAdaptor.weaveClass org.aspectj.weaver.loadtime.ClassLoaderWeavingAdaptor@10b090ac org/springframework/transaction/interceptor/TransactionAspectSupport, byte[9426]
325  [main] DEBUG org.aspectj.weaver.tools.WeavingAdaptor  - 16:57:59.845 main &lt; org.aspectj.weaver.tools.WeavingAdaptor.weaveClass false
325  [main] DEBUG org.aspectj.weaver.loadtime.Aj  - 16:57:59.845 main &lt; org.aspectj.weaver.loadtime.Aj.preProcess byte[9426]
325  [main] DEBUG org.aspectj.weaver.loadtime.Aj  - 16:57:59.845 main &gt; org.aspectj.weaver.loadtime.Aj.preProcess org.aspectj.weaver.loadtime.Aj@58027738 org/springframework/beans/factory/InitializingBean, byte[230], org.springframework.test.jpa.OrmXmlOverridingShadowingClassLoader@2bbf1be2
325  [main] DEBUG org.aspectj.weaver.loadtime.Aj  - 16:57:59.845 main - org.aspectj.weaver.loadtime.Aj.preProcess org.aspectj.weaver.loadtime.Aj@58027738 sun.misc.Launcher$AppClassLoader@302b2c81, org.springframework.test.jpa.OrmXmlOverridingShadowingClassLoader@2bbf1be2
325  [main] DEBUG org.aspectj.weaver.tools.WeavingAdaptor  - 16:57:59.845 main &gt; org.aspectj.weaver.tools.WeavingAdaptor.weaveClass org.aspectj.weaver.loadtime.ClassLoaderWeavingAdaptor@10b090ac org/springframework/beans/factory/InitializingBean, byte[230]
325  [main] DEBUG org.aspectj.weaver.tools.WeavingAdaptor  - 16:57:59.845 main &lt; org.aspectj.weaver.tools.WeavingAdaptor.weaveClass false
325  [main] DEBUG org.aspectj.weaver.loadtime.Aj  - 16:57:59.845 main &lt; org.aspectj.weaver.loadtime.Aj.preProcess byte[230]
326  [main] DEBUG org.aspectj.weaver.loadtime.Aj  - 16:57:59.846 main &gt; org.aspectj.weaver.loadtime.Aj.preProcess org.aspectj.weaver.loadtime.Aj@58027738 org/springframework/transaction/NoTransactionException, byte[630], org.springframework.test.jpa.OrmXmlOverridingShadowingClassLoader@2bbf1be2
326  [main] DEBUG org.aspectj.weaver.loadtime.Aj  - 16:57:59.846 main - org.aspectj.weaver.loadtime.Aj.preProcess org.aspectj.weaver.loadtime.Aj@58027738 sun.misc.Launcher$AppClassLoader@302b2c81, org.springframework.test.jpa.OrmXmlOverridingShadowingClassLoader@2bbf1be2
326  [main] DEBUG org.aspectj.weaver.tools.WeavingAdaptor  - 16:57:59.846 main &gt; org.aspectj.weaver.tools.WeavingAdaptor.weaveClass org.aspectj.weaver.loadtime.ClassLoaderWeavingAdaptor@10b090ac org/springframework/transaction/NoTransactionException, byte[630]
326  [main] DEBUG org.aspectj.weaver.tools.WeavingAdaptor  - 16:57:59.846 main &lt; org.aspectj.weaver.tools.WeavingAdaptor.weaveClass false
326  [main] DEBUG org.aspectj.weaver.loadtime.Aj  - 16:57:59.846 main &lt; org.aspectj.weaver.loadtime.Aj.preProcess byte[630]
326  [main] DEBUG org.aspectj.weaver.loadtime.Aj  - 16:57:59.846 main &gt; org.aspectj.weaver.loadtime.Aj.preProcess org.aspectj.weaver.loadtime.Aj@58027738 org/springframework/transaction/TransactionUsageException, byte[634], org.springframework.test.jpa.OrmXmlOverridingShadowingClassLoader@2bbf1be2
327  [main] DEBUG org.aspectj.weaver.loadtime.Aj  - 16:57:59.847 main - org.aspectj.weaver.loadtime.Aj.preProcess org.aspectj.weaver.loadtime.Aj@58027738 sun.misc.Launcher$AppClassLoader@302b2c81, org.springframework.test.jpa.OrmXmlOverridingShadowingClassLoader@2bbf1be2
327  [main] DEBUG org.aspectj.weaver.tools.WeavingAdaptor  - 16:57:59.847 main &gt; org.aspectj.weaver.tools.WeavingAdaptor.weaveClass org.aspectj.weaver.loadtime.ClassLoaderWeavingAdaptor@10b090ac org/springframework/transaction/TransactionUsageException, byte[634]
327  [main] DEBUG org.aspectj.weaver.tools.WeavingAdaptor  - 16:57:59.847 main &lt; org.aspectj.weaver.tools.WeavingAdaptor.weaveClass false
327  [main] DEBUG org.aspectj.weaver.loadtime.Aj  - 16:57:59.847 main &lt; org.aspectj.weaver.loadtime.Aj.preProcess byte[634]
327  [main] DEBUG org.aspectj.weaver.loadtime.Aj  - 16:57:59.847 main &gt; org.aspectj.weaver.loadtime.Aj.preProcess org.aspectj.weaver.loadtime.Aj@58027738 org/springframework/transaction/TransactionException, byte[614], org.springframework.test.jpa.OrmXmlOverridingShadowingClassLoader@2bbf1be2
327  [main] DEBUG org.aspectj.weaver.loadtime.Aj  - 16:57:59.847 main - org.aspectj.weaver.loadtime.Aj.preProcess org.aspectj.weaver.loadtime.Aj@58027738 sun.misc.Launcher$AppClassLoader@302b2c81, org.springframework.test.jpa.OrmXmlOverridingShadowingClassLoader@2bbf1be2
327  [main] DEBUG org.aspectj.weaver.tools.WeavingAdaptor  - 16:57:59.847 main &gt; org.aspectj.weaver.tools.WeavingAdaptor.weaveClass org.aspectj.weaver.loadtime.ClassLoaderWeavingAdaptor@10b090ac org/springframework/transaction/TransactionException, byte[614]
327  [main] DEBUG org.aspectj.weaver.tools.WeavingAdaptor  - 16:57:59.847 main &lt; org.aspectj.weaver.tools.WeavingAdaptor.weaveClass false
327  [main] DEBUG org.aspectj.weaver.loadtime.Aj  - 16:57:59.847 main &lt; org.aspectj.weaver.loadtime.Aj.preProcess byte[614]
328  [main] DEBUG org.aspectj.weaver.loadtime.Aj  - 16:57:59.848 main &gt; org.aspectj.weaver.loadtime.Aj.preProcess org.aspectj.weaver.loadtime.Aj@58027738 org/springframework/transaction/interceptor/TransactionAttribute, byte[274], org.springframework.test.jpa.OrmXmlOverridingShadowingClassLoader@2bbf1be2
328  [main] DEBUG org.aspectj.weaver.loadtime.Aj  - 16:57:59.848 main - org.aspectj.weaver.loadtime.Aj.preProcess org.aspectj.weaver.loadtime.Aj@58027738 sun.misc.Launcher$AppClassLoader@302b2c81, org.springframework.test.jpa.OrmXmlOverridingShadowingClassLoader@2bbf1be2
328  [main] DEBUG org.aspectj.weaver.tools.WeavingAdaptor  - 16:57:59.848 main &gt; org.aspectj.weaver.tools.WeavingAdaptor.weaveClass org.aspectj.weaver.loadtime.ClassLoaderWeavingAdaptor@10b090ac org/springframework/transaction/interceptor/TransactionAttribute, byte[274]
328  [main] DEBUG org.aspectj.weaver.tools.WeavingAdaptor  - 16:57:59.848 main &lt; org.aspectj.weaver.tools.WeavingAdaptor.weaveClass false
328  [main] DEBUG org.aspectj.weaver.loadtime.Aj  - 16:57:59.848 main &lt; org.aspectj.weaver.loadtime.Aj.preProcess byte[274]
328  [main] DEBUG org.aspectj.weaver.loadtime.Aj  - 16:57:59.848 main &gt; org.aspectj.weaver.loadtime.Aj.preProcess org.aspectj.weaver.loadtime.Aj@58027738 org/springframework/transaction/TransactionDefinition, byte[897], org.springframework.test.jpa.OrmXmlOverridingShadowingClassLoader@2bbf1be2
328  [main] DEBUG org.aspectj.weaver.loadtime.Aj  - 16:57:59.848 main - org.aspectj.weaver.loadtime.Aj.preProcess org.aspectj.weaver.loadtime.Aj@58027738 sun.misc.Launcher$AppClassLoader@302b2c81, org.springframework.test.jpa.OrmXmlOverridingShadowingClassLoader@2bbf1be2
328  [main] DEBUG org.aspectj.weaver.tools.WeavingAdaptor  - 16:57:59.848 main &gt; org.aspectj.weaver.tools.WeavingAdaptor.weaveClass org.aspectj.weaver.loadtime.ClassLoaderWeavingAdaptor@10b090ac org/springframework/transaction/TransactionDefinition, byte[897]
328  [main] DEBUG org.aspectj.weaver.tools.WeavingAdaptor  - 16:57:59.848 main &lt; org.aspectj.weaver.tools.WeavingAdaptor.weaveClass false
328  [main] DEBUG org.aspectj.weaver.loadtime.Aj  - 16:57:59.848 main &lt; org.aspectj.weaver.loadtime.Aj.preProcess byte[897]
329  [main] DEBUG org.aspectj.weaver.loadtime.Aj  - 16:57:59.849 main &gt; org.aspectj.weaver.loadtime.Aj.preProcess org.aspectj.weaver.loadtime.Aj@58027738 org/springframework/transaction/TransactionSystemException, byte[1780], org.springframework.test.jpa.OrmXmlOverridingShadowingClassLoader@2bbf1be2
329  [main] DEBUG org.aspectj.weaver.loadtime.Aj  - 16:57:59.849 main - org.aspectj.weaver.loadtime.Aj.preProcess org.aspectj.weaver.loadtime.Aj@58027738 sun.misc.Launcher$AppClassLoader@302b2c81, org.springframework.test.jpa.OrmXmlOverridingShadowingClassLoader@2bbf1be2
329  [main] DEBUG org.aspectj.weaver.tools.WeavingAdaptor  - 16:57:59.849 main &gt; org.aspectj.weaver.tools.WeavingAdaptor.weaveClass org.aspectj.weaver.loadtime.ClassLoaderWeavingAdaptor@10b090ac org/springframework/transaction/TransactionSystemException, byte[1780]
329  [main] DEBUG org.aspectj.weaver.tools.WeavingAdaptor  - 16:57:59.849 main &lt; org.aspectj.weaver.tools.WeavingAdaptor.weaveClass false
329  [main] DEBUG org.aspectj.weaver.loadtime.Aj  - 16:57:59.849 main &lt; org.aspectj.weaver.loadtime.Aj.preProcess byte[1780]
330  [main] DEBUG org.aspectj.weaver.loadtime.Aj  - 16:57:59.850 main &gt; org.aspectj.weaver.loadtime.Aj.preProcess org.aspectj.weaver.loadtime.Aj@58027738 org/springframework/transaction/interceptor/TransactionInterceptor$ThrowableHolderException, byte[821], org.springframework.test.jpa.OrmXmlOverridingShadowingClassLoader@2bbf1be2
330  [main] DEBUG org.aspectj.weaver.loadtime.Aj  - 16:57:59.850 main - org.aspectj.weaver.loadtime.Aj.preProcess org.aspectj.weaver.loadtime.Aj@58027738 sun.misc.Launcher$AppClassLoader@302b2c81, org.springframework.test.jpa.OrmXmlOverridingShadowingClassLoader@2bbf1be2
330  [main] DEBUG org.aspectj.weaver.tools.WeavingAdaptor  - 16:57:59.850 main &gt; org.aspectj.weaver.tools.WeavingAdaptor.weaveClass org.aspectj.weaver.loadtime.ClassLoaderWeavingAdaptor@10b090ac org/springframework/transaction/interceptor/TransactionInterceptor$ThrowableHolderException, byte[821]
330  [main] DEBUG org.aspectj.weaver.tools.WeavingAdaptor  - 16:57:59.850 main &lt; org.aspectj.weaver.tools.WeavingAdaptor.weaveClass false
330  [main] DEBUG org.aspectj.weaver.loadtime.Aj  - 16:57:59.850 main &lt; org.aspectj.weaver.loadtime.Aj.preProcess byte[821]
331  [main] DEBUG org.aspectj.weaver.loadtime.Aj  - 16:57:59.851 main &gt; org.aspectj.weaver.loadtime.Aj.preProcess org.aspectj.weaver.loadtime.Aj@58027738 org/springframework/transaction/support/TransactionCallback, byte[259], org.springframework.test.jpa.OrmXmlOverridingShadowingClassLoader@2bbf1be2
331  [main] DEBUG org.aspectj.weaver.loadtime.Aj  - 16:57:59.851 main - org.aspectj.weaver.loadtime.Aj.preProcess org.aspectj.weaver.loadtime.Aj@58027738 sun.misc.Launcher$AppClassLoader@302b2c81, org.springframework.test.jpa.OrmXmlOverridingShadowingClassLoader@2bbf1be2
331  [main] DEBUG org.aspectj.weaver.tools.WeavingAdaptor  - 16:57:59.851 main &gt; org.aspectj.weaver.tools.WeavingAdaptor.weaveClass org.aspectj.weaver.loadtime.ClassLoaderWeavingAdaptor@10b090ac org/springframework/transaction/support/TransactionCallback, byte[259]
331  [main] DEBUG org.aspectj.weaver.tools.WeavingAdaptor  - 16:57:59.851 main &lt; org.aspectj.weaver.tools.WeavingAdaptor.weaveClass false
331  [main] DEBUG org.aspectj.weaver.loadtime.Aj  - 16:57:59.851 main &lt; org.aspectj.weaver.loadtime.Aj.preProcess byte[259]
331  [main] DEBUG org.aspectj.weaver.loadtime.Aj  - 16:57:59.851 main &gt; org.aspectj.weaver.loadtime.Aj.preProcess org.aspectj.weaver.loadtime.Aj@58027738 org/springframework/transaction/interceptor/BeanFactoryTransactionAttributeSourceAdvisor, byte[1832], org.springframework.test.jpa.OrmXmlOverridingShadowingClassLoader@2bbf1be2
332  [main] DEBUG org.aspectj.weaver.loadtime.Aj  - 16:57:59.851 main - org.aspectj.weaver.loadtime.Aj.preProcess org.aspectj.weaver.loadtime.Aj@58027738 sun.misc.Launcher$AppClassLoader@302b2c81, org.springframework.test.jpa.OrmXmlOverridingShadowingClassLoader@2bbf1be2
332  [main] DEBUG org.aspectj.weaver.tools.WeavingAdaptor  - 16:57:59.852 main &gt; org.aspectj.weaver.tools.WeavingAdaptor.weaveClass org.aspectj.weaver.loadtime.ClassLoaderWeavingAdaptor@10b090ac org/springframework/transaction/interceptor/BeanFactoryTransactionAttributeSourceAdvisor, byte[1832]
332  [main] DEBUG org.aspectj.weaver.tools.WeavingAdaptor  - 16:57:59.852 main &lt; org.aspectj.weaver.tools.WeavingAdaptor.weaveClass false
332  [main] DEBUG org.aspectj.weaver.loadtime.Aj  - 16:57:59.852 main &lt; org.aspectj.weaver.loadtime.Aj.preProcess byte[1832]
332  [main] DEBUG org.aspectj.weaver.loadtime.Aj  - 16:57:59.852 main &gt; org.aspectj.weaver.loadtime.Aj.preProcess org.aspectj.weaver.loadtime.Aj@58027738 org/springframework/aop/support/AbstractBeanFactoryPointcutAdvisor, byte[2508], org.springframework.test.jpa.OrmXmlOverridingShadowingClassLoader@2bbf1be2
332  [main] DEBUG org.aspectj.weaver.loadtime.Aj  - 16:57:59.852 main - org.aspectj.weaver.loadtime.Aj.preProcess org.aspectj.weaver.loadtime.Aj@58027738 sun.misc.Launcher$AppClassLoader@302b2c81, org.springframework.test.jpa.OrmXmlOverridingShadowingClassLoader@2bbf1be2
332  [main] DEBUG org.aspectj.weaver.tools.WeavingAdaptor  - 16:57:59.852 main &gt; org.aspectj.weaver.tools.WeavingAdaptor.weaveClass org.aspectj.weaver.loadtime.ClassLoaderWeavingAdaptor@10b090ac org/springframework/aop/support/AbstractBeanFactoryPointcutAdvisor, byte[2508]
332  [main] DEBUG org.aspectj.weaver.tools.WeavingAdaptor  - 16:57:59.852 main &lt; org.aspectj.weaver.tools.WeavingAdaptor.weaveClass false
332  [main] DEBUG org.aspectj.weaver.loadtime.Aj  - 16:57:59.852 main &lt; org.aspectj.weaver.loadtime.Aj.preProcess byte[2508]
333  [main] DEBUG org.aspectj.weaver.loadtime.Aj  - 16:57:59.853 main &gt; org.aspectj.weaver.loadtime.Aj.preProcess org.aspectj.weaver.loadtime.Aj@58027738 org/springframework/aop/support/AbstractPointcutAdvisor, byte[1950], org.springframework.test.jpa.OrmXmlOverridingShadowingClassLoader@2bbf1be2
333  [main] DEBUG org.aspectj.weaver.loadtime.Aj  - 16:57:59.853 main - org.aspectj.weaver.loadtime.Aj.preProcess org.aspectj.weaver.loadtime.Aj@58027738 sun.misc.Launcher$AppClassLoader@302b2c81, org.springframework.test.jpa.OrmXmlOverridingShadowingClassLoader@2bbf1be2
333  [main] DEBUG org.aspectj.weaver.tools.WeavingAdaptor  - 16:57:59.853 main &gt; org.aspectj.weaver.tools.WeavingAdaptor.weaveClass org.aspectj.weaver.loadtime.ClassLoaderWeavingAdaptor@10b090ac org/springframework/aop/support/AbstractPointcutAdvisor, byte[1950]
333  [main] DEBUG org.aspectj.weaver.tools.WeavingAdaptor  - 16:57:59.853 main &lt; org.aspectj.weaver.tools.WeavingAdaptor.weaveClass false
333  [main] DEBUG org.aspectj.weaver.loadtime.Aj  - 16:57:59.853 main &lt; org.aspectj.weaver.loadtime.Aj.preProcess byte[1950]
333  [main] DEBUG org.aspectj.weaver.loadtime.Aj  - 16:57:59.853 main &gt; org.aspectj.weaver.loadtime.Aj.preProcess org.aspectj.weaver.loadtime.Aj@58027738 org/springframework/aop/PointcutAdvisor, byte[235], org.springframework.test.jpa.OrmXmlOverridingShadowingClassLoader@2bbf1be2
333  [main] DEBUG org.aspectj.weaver.loadtime.Aj  - 16:57:59.853 main - org.aspectj.weaver.loadtime.Aj.preProcess org.aspectj.weaver.loadtime.Aj@58027738 sun.misc.Launcher$AppClassLoader@302b2c81, org.springframework.test.jpa.OrmXmlOverridingShadowingClassLoader@2bbf1be2
334  [main] DEBUG org.aspectj.weaver.tools.WeavingAdaptor  - 16:57:59.854 main &gt; org.aspectj.weaver.tools.WeavingAdaptor.weaveClass org.aspectj.weaver.loadtime.ClassLoaderWeavingAdaptor@10b090ac org/springframework/aop/PointcutAdvisor, byte[235]
334  [main] DEBUG org.aspectj.weaver.tools.WeavingAdaptor  - 16:57:59.854 main &lt; org.aspectj.weaver.tools.WeavingAdaptor.weaveClass false
334  [main] DEBUG org.aspectj.weaver.loadtime.Aj  - 16:57:59.854 main &lt; org.aspectj.weaver.loadtime.Aj.preProcess byte[235]
334  [main] DEBUG org.aspectj.weaver.loadtime.Aj  - 16:57:59.854 main &gt; org.aspectj.weaver.loadtime.Aj.preProcess org.aspectj.weaver.loadtime.Aj@58027738 org/springframework/aop/Advisor, byte[202], org.springframework.test.jpa.OrmXmlOverridingShadowingClassLoader@2bbf1be2
334  [main] DEBUG org.aspectj.weaver.loadtime.Aj  - 16:57:59.854 main - org.aspectj.weaver.loadtime.Aj.preProcess org.aspectj.weaver.loadtime.Aj@58027738 sun.misc.Launcher$AppClassLoader@302b2c81, org.springframework.test.jpa.OrmXmlOverridingShadowingClassLoader@2bbf1be2
334  [main] DEBUG org.aspectj.weaver.tools.WeavingAdaptor  - 16:57:59.854 main &gt; org.aspectj.weaver.tools.WeavingAdaptor.weaveClass org.aspectj.weaver.loadtime.ClassLoaderWeavingAdaptor@10b090ac org/springframework/aop/Advisor, byte[202]
334  [main] DEBUG org.aspectj.weaver.tools.WeavingAdaptor  - 16:57:59.854 main &lt; org.aspectj.weaver.tools.WeavingAdaptor.weaveClass false
334  [main] DEBUG org.aspectj.weaver.loadtime.Aj  - 16:57:59.854 main &lt; org.aspectj.weaver.loadtime.Aj.preProcess byte[202]
335  [main] DEBUG org.aspectj.weaver.loadtime.Aj  - 16:57:59.855 main &gt; org.aspectj.weaver.loadtime.Aj.preProcess org.aspectj.weaver.loadtime.Aj@58027738 org/springframework/aop/Pointcut, byte[512], org.springframework.test.jpa.OrmXmlOverridingShadowingClassLoader@2bbf1be2
335  [main] DEBUG org.aspectj.weaver.loadtime.Aj  - 16:57:59.855 main - org.aspectj.weaver.loadtime.Aj.preProcess org.aspectj.weaver.loadtime.Aj@58027738 sun.misc.Launcher$AppClassLoader@302b2c81, org.springframework.test.jpa.OrmXmlOverridingShadowingClassLoader@2bbf1be2
335  [main] DEBUG org.aspectj.weaver.tools.WeavingAdaptor  - 16:57:59.855 main &gt; org.aspectj.weaver.tools.WeavingAdaptor.weaveClass org.aspectj.weaver.loadtime.ClassLoaderWeavingAdaptor@10b090ac org/springframework/aop/Pointcut, byte[512]
335  [main] DEBUG org.aspectj.weaver.tools.WeavingAdaptor  - 16:57:59.855 main &lt; org.aspectj.weaver.tools.WeavingAdaptor.weaveClass false
335  [main] DEBUG org.aspectj.weaver.loadtime.Aj  - 16:57:59.855 main &lt; org.aspectj.weaver.loadtime.Aj.preProcess byte[512]
335  [main] DEBUG org.aspectj.weaver.loadtime.Aj  - 16:57:59.855 main &gt; org.aspectj.weaver.loadtime.Aj.preProcess org.aspectj.weaver.loadtime.Aj@58027738 org/springframework/transaction/interceptor/TransactionAttributeSourcePointcut, byte[2590], org.springframework.test.jpa.OrmXmlOverridingShadowingClassLoader@2bbf1be2
336  [main] DEBUG org.aspectj.weaver.loadtime.Aj  - 16:57:59.856 main - org.aspectj.weaver.loadtime.Aj.preProcess org.aspectj.weaver.loadtime.Aj@58027738 sun.misc.Launcher$AppClassLoader@302b2c81, org.springframework.test.jpa.OrmXmlOverridingShadowingClassLoader@2bbf1be2
336  [main] DEBUG org.aspectj.weaver.tools.WeavingAdaptor  - 16:57:59.856 main &gt; org.aspectj.weaver.tools.WeavingAdaptor.weaveClass org.aspectj.weaver.loadtime.ClassLoaderWeavingAdaptor@10b090ac org/springframework/transaction/interceptor/TransactionAttributeSourcePointcut, byte[2590]
336  [main] DEBUG org.aspectj.weaver.tools.WeavingAdaptor  - 16:57:59.856 main &lt; org.aspectj.weaver.tools.WeavingAdaptor.weaveClass false
336  [main] DEBUG org.aspectj.weaver.loadtime.Aj  - 16:57:59.856 main &lt; org.aspectj.weaver.loadtime.Aj.preProcess byte[2590]
336  [main] DEBUG org.aspectj.weaver.loadtime.Aj  - 16:57:59.856 main &gt; org.aspectj.weaver.loadtime.Aj.preProcess org.aspectj.weaver.loadtime.Aj@58027738 org/springframework/aop/support/StaticMethodMatcherPointcut, byte[963], org.springframework.test.jpa.OrmXmlOverridingShadowingClassLoader@2bbf1be2
336  [main] DEBUG org.aspectj.weaver.loadtime.Aj  - 16:57:59.856 main - org.aspectj.weaver.loadtime.Aj.preProcess org.aspectj.weaver.loadtime.Aj@58027738 sun.misc.Launcher$AppClassLoader@302b2c81, org.springframework.test.jpa.OrmXmlOverridingShadowingClassLoader@2bbf1be2
336  [main] DEBUG org.aspectj.weaver.tools.WeavingAdaptor  - 16:57:59.856 main &gt; org.aspectj.weaver.tools.WeavingAdaptor.weaveClass org.aspectj.weaver.loadtime.ClassLoaderWeavingAdaptor@10b090ac org/springframework/aop/support/StaticMethodMatcherPointcut, byte[963]
336  [main] DEBUG org.aspectj.weaver.tools.WeavingAdaptor  - 16:57:59.856 main &lt; org.aspectj.weaver.tools.WeavingAdaptor.weaveClass false
336  [main] DEBUG org.aspectj.weaver.loadtime.Aj  - 16:57:59.856 main &lt; org.aspectj.weaver.loadtime.Aj.preProcess byte[963]
337  [main] DEBUG org.aspectj.weaver.loadtime.Aj  - 16:57:59.857 main &gt; org.aspectj.weaver.loadtime.Aj.preProcess org.aspectj.weaver.loadtime.Aj@58027738 org/springframework/aop/support/StaticMethodMatcher, byte[854], org.springframework.test.jpa.OrmXmlOverridingShadowingClassLoader@2bbf1be2
337  [main] DEBUG org.aspectj.weaver.loadtime.Aj  - 16:57:59.857 main - org.aspectj.weaver.loadtime.Aj.preProcess org.aspectj.weaver.loadtime.Aj@58027738 sun.misc.Launcher$AppClassLoader@302b2c81, org.springframework.test.jpa.OrmXmlOverridingShadowingClassLoader@2bbf1be2
337  [main] DEBUG org.aspectj.weaver.tools.WeavingAdaptor  - 16:57:59.857 main &gt; org.aspectj.weaver.tools.WeavingAdaptor.weaveClass org.aspectj.weaver.loadtime.ClassLoaderWeavingAdaptor@10b090ac org/springframework/aop/support/StaticMethodMatcher, byte[854]
337  [main] DEBUG org.aspectj.weaver.tools.WeavingAdaptor  - 16:57:59.857 main &lt; org.aspectj.weaver.tools.WeavingAdaptor.weaveClass false
337  [main] DEBUG org.aspectj.weaver.loadtime.Aj  - 16:57:59.857 main &lt; org.aspectj.weaver.loadtime.Aj.preProcess byte[854]
337  [main] DEBUG org.aspectj.weaver.loadtime.Aj  - 16:57:59.857 main &gt; org.aspectj.weaver.loadtime.Aj.preProcess org.aspectj.weaver.loadtime.Aj@58027738 org/springframework/aop/MethodMatcher, byte[568], org.springframework.test.jpa.OrmXmlOverridingShadowingClassLoader@2bbf1be2
337  [main] DEBUG org.aspectj.weaver.loadtime.Aj  - 16:57:59.857 main - org.aspectj.weaver.loadtime.Aj.preProcess org.aspectj.weaver.loadtime.Aj@58027738 sun.misc.Launcher$AppClassLoader@302b2c81, org.springframework.test.jpa.OrmXmlOverridingShadowingClassLoader@2bbf1be2
337  [main] DEBUG org.aspectj.weaver.tools.WeavingAdaptor  - 16:57:59.857 main &gt; org.aspectj.weaver.tools.WeavingAdaptor.weaveClass org.aspectj.weaver.loadtime.ClassLoaderWeavingAdaptor@10b090ac org/springframework/aop/MethodMatcher, byte[568]
337  [main] DEBUG org.aspectj.weaver.tools.WeavingAdaptor  - 16:57:59.857 main &lt; org.aspectj.weaver.tools.WeavingAdaptor.weaveClass false
337  [main] DEBUG org.aspectj.weaver.loadtime.Aj  - 16:57:59.857 main &lt; org.aspectj.weaver.loadtime.Aj.preProcess byte[568]
338  [main] DEBUG org.aspectj.weaver.loadtime.Aj  - 16:57:59.858 main &gt; org.aspectj.weaver.loadtime.Aj.preProcess org.aspectj.weaver.loadtime.Aj@58027738 org/springframework/transaction/interceptor/BeanFactoryTransactionAttributeSourceAdvisor$1, byte[1241], org.springframework.test.jpa.OrmXmlOverridingShadowingClassLoader@2bbf1be2
338  [main] DEBUG org.aspectj.weaver.loadtime.Aj  - 16:57:59.858 main - org.aspectj.weaver.loadtime.Aj.preProcess org.aspectj.weaver.loadtime.Aj@58027738 sun.misc.Launcher$AppClassLoader@302b2c81, org.springframework.test.jpa.OrmXmlOverridingShadowingClassLoader@2bbf1be2
338  [main] DEBUG org.aspectj.weaver.tools.WeavingAdaptor  - 16:57:59.858 main &gt; org.aspectj.weaver.tools.WeavingAdaptor.weaveClass org.aspectj.weaver.loadtime.ClassLoaderWeavingAdaptor@10b090ac org/springframework/transaction/interceptor/BeanFactoryTransactionAttributeSourceAdvisor$1, byte[1241]
338  [main] DEBUG org.aspectj.weaver.tools.WeavingAdaptor  - 16:57:59.858 main &lt; org.aspectj.weaver.tools.WeavingAdaptor.weaveClass false
338  [main] DEBUG org.aspectj.weaver.loadtime.Aj  - 16:57:59.858 main &lt; org.aspectj.weaver.loadtime.Aj.preProcess byte[1241]
339  [main] DEBUG org.aspectj.weaver.loadtime.Aj  - 16:57:59.859 main &gt; org.aspectj.weaver.loadtime.Aj.preProcess org.aspectj.weaver.loadtime.Aj@58027738 org/springframework/beans/factory/parsing/CompositeComponentDefinition, byte[1812], org.springframework.test.jpa.OrmXmlOverridingShadowingClassLoader@2bbf1be2
339  [main] DEBUG org.aspectj.weaver.loadtime.Aj  - 16:57:59.859 main - org.aspectj.weaver.loadtime.Aj.preProcess org.aspectj.weaver.loadtime.Aj@58027738 sun.misc.Launcher$AppClassLoader@302b2c81, org.springframework.test.jpa.OrmXmlOverridingShadowingClassLoader@2bbf1be2
339  [main] DEBUG org.aspectj.weaver.tools.WeavingAdaptor  - 16:57:59.859 main &gt; org.aspectj.weaver.tools.WeavingAdaptor.weaveClass org.aspectj.weaver.loadtime.ClassLoaderWeavingAdaptor@10b090ac org/springframework/beans/factory/parsing/CompositeComponentDefinition, byte[1812]
339  [main] DEBUG org.aspectj.weaver.tools.WeavingAdaptor  - 16:57:59.859 main &lt; org.aspectj.weaver.tools.WeavingAdaptor.weaveClass false
339  [main] DEBUG org.aspectj.weaver.loadtime.Aj  - 16:57:59.859 main &lt; org.aspectj.weaver.loadtime.Aj.preProcess byte[1812]
339  [main] DEBUG org.aspectj.weaver.loadtime.Aj  - 16:57:59.859 main &gt; org.aspectj.weaver.loadtime.Aj.preProcess org.aspectj.weaver.loadtime.Aj@58027738 org/springframework/beans/factory/parsing/AbstractComponentDefinition, byte[1158], org.springframework.test.jpa.OrmXmlOverridingShadowingClassLoader@2bbf1be2
339  [main] DEBUG org.aspectj.weaver.loadtime.Aj  - 16:57:59.859 main - org.aspectj.weaver.loadtime.Aj.preProcess org.aspectj.weaver.loadtime.Aj@58027738 sun.misc.Launcher$AppClassLoader@302b2c81, org.springframework.test.jpa.OrmXmlOverridingShadowingClassLoader@2bbf1be2
339  [main] DEBUG org.aspectj.weaver.tools.WeavingAdaptor  - 16:57:59.859 main &gt; org.aspectj.weaver.tools.WeavingAdaptor.weaveClass org.aspectj.weaver.loadtime.ClassLoaderWeavingAdaptor@10b090ac org/springframework/beans/factory/parsing/AbstractComponentDefinition, byte[1158]
339  [main] DEBUG org.aspectj.weaver.tools.WeavingAdaptor  - 16:57:59.859 main &lt; org.aspectj.weaver.tools.WeavingAdaptor.weaveClass false
339  [main] DEBUG org.aspectj.weaver.loadtime.Aj  - 16:57:59.859 main &lt; org.aspectj.weaver.loadtime.Aj.preProcess byte[1158]
358  [main] DEBUG org.aspectj.weaver.loadtime.Aj  - 16:57:59.878 main &gt; org.aspectj.weaver.loadtime.Aj.preProcess org.aspectj.weaver.loadtime.Aj@58027738 org/springframework/beans/factory/support/ManagedList, byte[1907], org.springframework.test.jpa.OrmXmlOverridingShadowingClassLoader@2bbf1be2
358  [main] DEBUG org.aspectj.weaver.loadtime.Aj  - 16:57:59.878 main - org.aspectj.weaver.loadtime.Aj.preProcess org.aspectj.weaver.loadtime.Aj@58027738 sun.misc.Launcher$AppClassLoader@302b2c81, org.springframework.test.jpa.OrmXmlOverridingShadowingClassLoader@2bbf1be2
358  [main] DEBUG org.aspectj.weaver.tools.WeavingAdaptor  - 16:57:59.878 main &gt; org.aspectj.weaver.tools.WeavingAdaptor.weaveClass org.aspectj.weaver.loadtime.ClassLoaderWeavingAdaptor@10b090ac org/springframework/beans/factory/support/ManagedList, byte[1907]
358  [main] DEBUG org.aspectj.weaver.tools.WeavingAdaptor  - 16:57:59.878 main &lt; org.aspectj.weaver.tools.WeavingAdaptor.weaveClass false
358  [main] DEBUG org.aspectj.weaver.loadtime.Aj  - 16:57:59.878 main &lt; org.aspectj.weaver.loadtime.Aj.preProcess byte[1907]
360  [main] DEBUG org.aspectj.weaver.loadtime.Aj  - 16:57:59.879 main &gt; org.aspectj.weaver.loadtime.Aj.preProcess org.aspectj.weaver.loadtime.Aj@58027738 org/springframework/util/ObjectUtils, byte[10436], org.springframework.test.jpa.OrmXmlOverridingShadowingClassLoader@2bbf1be2
360  [main] DEBUG org.aspectj.weaver.loadtime.Aj  - 16:57:59.880 main - org.aspectj.weaver.loadtime.Aj.preProcess org.aspectj.weaver.loadtime.Aj@58027738 sun.misc.Launcher$AppClassLoader@302b2c81, org.springframework.test.jpa.OrmXmlOverridingShadowingClassLoader@2bbf1be2
360  [main] DEBUG org.aspectj.weaver.tools.WeavingAdaptor  - 16:57:59.880 main &gt; org.aspectj.weaver.tools.WeavingAdaptor.weaveClass org.aspectj.weaver.loadtime.ClassLoaderWeavingAdaptor@10b090ac org/springframework/util/ObjectUtils, byte[10436]
360  [main] DEBUG org.aspectj.weaver.tools.WeavingAdaptor  - 16:57:59.880 main &lt; org.aspectj.weaver.tools.WeavingAdaptor.weaveClass false
360  [main] DEBUG org.aspectj.weaver.loadtime.Aj  - 16:57:59.880 main &lt; org.aspectj.weaver.loadtime.Aj.preProcess byte[10436]
362  [main] DEBUG org.aspectj.weaver.loadtime.Aj  - 16:57:59.882 main &gt; org.aspectj.weaver.loadtime.Aj.preProcess org.aspectj.weaver.loadtime.Aj@58027738 org/springframework/test/jpa/AbstractJpaTests$LoadTimeWeaverInjectingBeanPostProcessor, byte[1319], org.springframework.test.jpa.OrmXmlOverridingShadowingClassLoader@2bbf1be2
362  [main] DEBUG org.aspectj.weaver.loadtime.Aj  - 16:57:59.882 main - org.aspectj.weaver.loadtime.Aj.preProcess org.aspectj.weaver.loadtime.Aj@58027738 sun.misc.Launcher$AppClassLoader@302b2c81, org.springframework.test.jpa.OrmXmlOverridingShadowingClassLoader@2bbf1be2
362  [main] DEBUG org.aspectj.weaver.tools.WeavingAdaptor  - 16:57:59.882 main &gt; org.aspectj.weaver.tools.WeavingAdaptor.weaveClass org.aspectj.weaver.loadtime.ClassLoaderWeavingAdaptor@10b090ac org/springframework/test/jpa/AbstractJpaTests$LoadTimeWeaverInjectingBeanPostProcessor, byte[1319]
362  [main] DEBUG org.aspectj.weaver.tools.WeavingAdaptor  - 16:57:59.882 main &lt; org.aspectj.weaver.tools.WeavingAdaptor.weaveClass false
363  [main] DEBUG org.aspectj.weaver.loadtime.Aj  - 16:57:59.883 main &lt; org.aspectj.weaver.loadtime.Aj.preProcess byte[1319]
363  [main] DEBUG org.aspectj.weaver.loadtime.Aj  - 16:57:59.883 main &gt; org.aspectj.weaver.loadtime.Aj.preProcess org.aspectj.weaver.loadtime.Aj@58027738 org/springframework/beans/factory/config/InstantiationAwareBeanPostProcessorAdapter, byte[2159], org.springframework.test.jpa.OrmXmlOverridingShadowingClassLoader@2bbf1be2
363  [main] DEBUG org.aspectj.weaver.loadtime.Aj  - 16:57:59.883 main - org.aspectj.weaver.loadtime.Aj.preProcess org.aspectj.weaver.loadtime.Aj@58027738 sun.misc.Launcher$AppClassLoader@302b2c81, org.springframework.test.jpa.OrmXmlOverridingShadowingClassLoader@2bbf1be2
363  [main] DEBUG org.aspectj.weaver.tools.WeavingAdaptor  - 16:57:59.883 main &gt; org.aspectj.weaver.tools.WeavingAdaptor.weaveClass org.aspectj.weaver.loadtime.ClassLoaderWeavingAdaptor@10b090ac org/springframework/beans/factory/config/InstantiationAwareBeanPostProcessorAdapter, byte[2159]
363  [main] DEBUG org.aspectj.weaver.tools.WeavingAdaptor  - 16:57:59.883 main &lt; org.aspectj.weaver.tools.WeavingAdaptor.weaveClass false
363  [main] DEBUG org.aspectj.weaver.loadtime.Aj  - 16:57:59.883 main &lt; org.aspectj.weaver.loadtime.Aj.preProcess byte[2159]
364  [main] DEBUG org.aspectj.weaver.loadtime.Aj  - 16:57:59.884 main &gt; org.aspectj.weaver.loadtime.Aj.preProcess org.aspectj.weaver.loadtime.Aj@58027738 org/springframework/beans/factory/config/DependencyDescriptor, byte[3994], org.springframework.test.jpa.OrmXmlOverridingShadowingClassLoader@2bbf1be2
364  [main] DEBUG org.aspectj.weaver.loadtime.Aj  - 16:57:59.884 main - org.aspectj.weaver.loadtime.Aj.preProcess org.aspectj.weaver.loadtime.Aj@58027738 sun.misc.Launcher$AppClassLoader@302b2c81, org.springframework.test.jpa.OrmXmlOverridingShadowingClassLoader@2bbf1be2
364  [main] DEBUG org.aspectj.weaver.tools.WeavingAdaptor  - 16:57:59.884 main &gt; org.aspectj.weaver.tools.WeavingAdaptor.weaveClass org.aspectj.weaver.loadtime.ClassLoaderWeavingAdaptor@10b090ac org/springframework/beans/factory/config/DependencyDescriptor, byte[3994]
364  [main] DEBUG org.aspectj.weaver.tools.WeavingAdaptor  - 16:57:59.884 main &lt; org.aspectj.weaver.tools.WeavingAdaptor.weaveClass false
364  [main] DEBUG org.aspectj.weaver.loadtime.Aj  - 16:57:59.884 main &lt; org.aspectj.weaver.loadtime.Aj.preProcess byte[3994]
364  [main] DEBUG org.aspectj.weaver.loadtime.Aj  - 16:57:59.884 main &gt; org.aspectj.weaver.loadtime.Aj.preProcess org.aspectj.weaver.loadtime.Aj@58027738 org/springframework/beans/factory/config/Scope, byte[427], org.springframework.test.jpa.OrmXmlOverridingShadowingClassLoader@2bbf1be2
364  [main] DEBUG org.aspectj.weaver.loadtime.Aj  - 16:57:59.884 main - org.aspectj.weaver.loadtime.Aj.preProcess org.aspectj.weaver.loadtime.Aj@58027738 sun.misc.Launcher$AppClassLoader@302b2c81, org.springframework.test.jpa.OrmXmlOverridingShadowingClassLoader@2bbf1be2
365  [main] DEBUG org.aspectj.weaver.tools.WeavingAdaptor  - 16:57:59.884 main &gt; org.aspectj.weaver.tools.WeavingAdaptor.weaveClass org.aspectj.weaver.loadtime.ClassLoaderWeavingAdaptor@10b090ac org/springframework/beans/factory/config/Scope, byte[427]
365  [main] DEBUG org.aspectj.weaver.tools.WeavingAdaptor  - 16:57:59.885 main &lt; org.aspectj.weaver.tools.WeavingAdaptor.weaveClass false
365  [main] DEBUG org.aspectj.weaver.loadtime.Aj  - 16:57:59.885 main &lt; org.aspectj.weaver.loadtime.Aj.preProcess byte[427]
365  [main] DEBUG org.aspectj.weaver.loadtime.Aj  - 16:57:59.885 main &gt; org.aspectj.weaver.loadtime.Aj.preProcess org.aspectj.weaver.loadtime.Aj@58027738 org/springframework/beans/PropertyEditorRegistrar, byte[241], org.springframework.test.jpa.OrmXmlOverridingShadowingClassLoader@2bbf1be2
365  [main] DEBUG org.aspectj.weaver.loadtime.Aj  - 16:57:59.885 main - org.aspectj.weaver.loadtime.Aj.preProcess org.aspectj.weaver.loadtime.Aj@58027738 sun.misc.Launcher$AppClassLoader@302b2c81, org.springframework.test.jpa.OrmXmlOverridingShadowingClassLoader@2bbf1be2
365  [main] DEBUG org.aspectj.weaver.tools.WeavingAdaptor  - 16:57:59.885 main &gt; org.aspectj.weaver.tools.WeavingAdaptor.weaveClass org.aspectj.weaver.loadtime.ClassLoaderWeavingAdaptor@10b090ac org/springframework/beans/PropertyEditorRegistrar, byte[241]
365  [main] DEBUG org.aspectj.weaver.tools.WeavingAdaptor  - 16:57:59.885 main &lt; org.aspectj.weaver.tools.WeavingAdaptor.weaveClass false
365  [main] DEBUG org.aspectj.weaver.loadtime.Aj  - 16:57:59.885 main &lt; org.aspectj.weaver.loadtime.Aj.preProcess byte[241]
366  [main] DEBUG org.aspectj.weaver.loadtime.Aj  - 16:57:59.886 main &gt; org.aspectj.weaver.loadtime.Aj.preProcess org.aspectj.weaver.loadtime.Aj@58027738 org/springframework/beans/factory/config/DestructionAwareBeanPostProcessor, byte[404], org.springframework.test.jpa.OrmXmlOverridingShadowingClassLoader@2bbf1be2
366  [main] DEBUG org.aspectj.weaver.loadtime.Aj  - 16:57:59.886 main - org.aspectj.weaver.loadtime.Aj.preProcess org.aspectj.weaver.loadtime.Aj@58027738 sun.misc.Launcher$AppClassLoader@302b2c81, org.springframework.test.jpa.OrmXmlOverridingShadowingClassLoader@2bbf1be2
366  [main] DEBUG org.aspectj.weaver.tools.WeavingAdaptor  - 16:57:59.886 main &gt; org.aspectj.weaver.tools.WeavingAdaptor.weaveClass org.aspectj.weaver.loadtime.ClassLoaderWeavingAdaptor@10b090ac org/springframework/beans/factory/config/DestructionAwareBeanPostProcessor, byte[404]
366  [main] DEBUG org.aspectj.weaver.tools.WeavingAdaptor  - 16:57:59.886 main &lt; org.aspectj.weaver.tools.WeavingAdaptor.weaveClass false
366  [main] DEBUG org.aspectj.weaver.loadtime.Aj  - 16:57:59.886 main &lt; org.aspectj.weaver.loadtime.Aj.preProcess byte[404]
366  [main] DEBUG org.aspectj.weaver.loadtime.Aj  - 16:57:59.886 main &gt; org.aspectj.weaver.loadtime.Aj.preProcess org.aspectj.weaver.loadtime.Aj@58027738 org/springframework/context/support/GenericApplicationContext, byte[4543], org.springframework.test.jpa.OrmXmlOverridingShadowingClassLoader@2bbf1be2
366  [main] DEBUG org.aspectj.weaver.loadtime.Aj  - 16:57:59.886 main - org.aspectj.weaver.loadtime.Aj.preProcess org.aspectj.weaver.loadtime.Aj@58027738 sun.misc.Launcher$AppClassLoader@302b2c81, org.springframework.test.jpa.OrmXmlOverridingShadowingClassLoader@2bbf1be2
366  [main] DEBUG org.aspectj.weaver.tools.WeavingAdaptor  - 16:57:59.886 main &gt; org.aspectj.weaver.tools.WeavingAdaptor.weaveClass org.aspectj.weaver.loadtime.ClassLoaderWeavingAdaptor@10b090ac org/springframework/context/support/GenericApplicationContext, byte[4543]
367  [main] DEBUG org.aspectj.weaver.tools.WeavingAdaptor  - 16:57:59.887 main &lt; org.aspectj.weaver.tools.WeavingAdaptor.weaveClass false
367  [main] DEBUG org.aspectj.weaver.loadtime.Aj  - 16:57:59.887 main &lt; org.aspectj.weaver.loadtime.Aj.preProcess byte[4543]
367  [main] DEBUG org.aspectj.weaver.loadtime.Aj  - 16:57:59.887 main &gt; org.aspectj.weaver.loadtime.Aj.preProcess org.aspectj.weaver.loadtime.Aj@58027738 org/springframework/context/support/AbstractApplicationContext, byte[26013], org.springframework.test.jpa.OrmXmlOverridingShadowingClassLoader@2bbf1be2
367  [main] DEBUG org.aspectj.weaver.loadtime.Aj  - 16:57:59.887 main - org.aspectj.weaver.loadtime.Aj.preProcess org.aspectj.weaver.loadtime.Aj@58027738 sun.misc.Launcher$AppClassLoader@302b2c81, org.springframework.test.jpa.OrmXmlOverridingShadowingClassLoader@2bbf1be2
367  [main] DEBUG org.aspectj.weaver.tools.WeavingAdaptor  - 16:57:59.887 main &gt; org.aspectj.weaver.tools.WeavingAdaptor.weaveClass org.aspectj.weaver.loadtime.ClassLoaderWeavingAdaptor@10b090ac org/springframework/context/support/AbstractApplicationContext, byte[26013]
367  [main] DEBUG org.aspectj.weaver.tools.WeavingAdaptor  - 16:57:59.887 main &lt; org.aspectj.weaver.tools.WeavingAdaptor.weaveClass false
367  [main] DEBUG org.aspectj.weaver.loadtime.Aj  - 16:57:59.887 main &lt; org.aspectj.weaver.loadtime.Aj.preProcess byte[26013]
368  [main] DEBUG org.aspectj.weaver.loadtime.Aj  - 16:57:59.888 main &gt; org.aspectj.weaver.loadtime.Aj.preProcess org.aspectj.weaver.loadtime.Aj@58027738 org/springframework/context/ConfigurableApplicationContext, byte[1017], org.springframework.test.jpa.OrmXmlOverridingShadowingClassLoader@2bbf1be2
368  [main] DEBUG org.aspectj.weaver.loadtime.Aj  - 16:57:59.888 main - org.aspectj.weaver.loadtime.Aj.preProcess org.aspectj.weaver.loadtime.Aj@58027738 sun.misc.Launcher$AppClassLoader@302b2c81, org.springframework.test.jpa.OrmXmlOverridingShadowingClassLoader@2bbf1be2
368  [main] DEBUG org.aspectj.weaver.tools.WeavingAdaptor  - 16:57:59.888 main &gt; org.aspectj.weaver.tools.WeavingAdaptor.weaveClass org.aspectj.weaver.loadtime.ClassLoaderWeavingAdaptor@10b090ac org/springframework/context/ConfigurableApplicationContext, byte[1017]
368  [main] DEBUG org.aspectj.weaver.tools.WeavingAdaptor  - 16:57:59.888 main &lt; org.aspectj.weaver.tools.WeavingAdaptor.weaveClass false
368  [main] DEBUG org.aspectj.weaver.loadtime.Aj  - 16:57:59.888 main &lt; org.aspectj.weaver.loadtime.Aj.preProcess byte[1017]
368  [main] DEBUG org.aspectj.weaver.loadtime.Aj  - 16:57:59.888 main &gt; org.aspectj.weaver.loadtime.Aj.preProcess org.aspectj.weaver.loadtime.Aj@58027738 org/springframework/context/ApplicationContext, byte[790], org.springframework.test.jpa.OrmXmlOverridingShadowingClassLoader@2bbf1be2
368  [main] DEBUG org.aspectj.weaver.loadtime.Aj  - 16:57:59.888 main - org.aspectj.weaver.loadtime.Aj.preProcess org.aspectj.weaver.loadtime.Aj@58027738 sun.misc.Launcher$AppClassLoader@302b2c81, org.springframework.test.jpa.OrmXmlOverridingShadowingClassLoader@2bbf1be2
369  [main] DEBUG org.aspectj.weaver.tools.WeavingAdaptor  - 16:57:59.889 main &gt; org.aspectj.weaver.tools.WeavingAdaptor.weaveClass org.aspectj.weaver.loadtime.ClassLoaderWeavingAdaptor@10b090ac org/springframework/context/ApplicationContext, byte[790]
369  [main] DEBUG org.aspectj.weaver.tools.WeavingAdaptor  - 16:57:59.889 main &lt; org.aspectj.weaver.tools.WeavingAdaptor.weaveClass false
369  [main] DEBUG org.aspectj.weaver.loadtime.Aj  - 16:57:59.889 main &lt; org.aspectj.weaver.loadtime.Aj.preProcess byte[790]
369  [main] DEBUG org.aspectj.weaver.loadtime.Aj  - 16:57:59.889 main &gt; org.aspectj.weaver.loadtime.Aj.preProcess org.aspectj.weaver.loadtime.Aj@58027738 org/springframework/context/MessageSource, byte[529], org.springframework.test.jpa.OrmXmlOverridingShadowingClassLoader@2bbf1be2
369  [main] DEBUG org.aspectj.weaver.loadtime.Aj  - 16:57:59.889 main - org.aspectj.weaver.loadtime.Aj.preProcess org.aspectj.weaver.loadtime.Aj@58027738 sun.misc.Launcher$AppClassLoader@302b2c81, org.springframework.test.jpa.OrmXmlOverridingShadowingClassLoader@2bbf1be2
369  [main] DEBUG org.aspectj.weaver.tools.WeavingAdaptor  - 16:57:59.889 main &gt; org.aspectj.weaver.tools.WeavingAdaptor.weaveClass org.aspectj.weaver.loadtime.ClassLoaderWeavingAdaptor@10b090ac org/springframework/context/MessageSource, byte[529]
369  [main] DEBUG org.aspectj.weaver.tools.WeavingAdaptor  - 16:57:59.889 main &lt; org.aspectj.weaver.tools.WeavingAdaptor.weaveClass false
369  [main] DEBUG org.aspectj.weaver.loadtime.Aj  - 16:57:59.889 main &lt; org.aspectj.weaver.loadtime.Aj.preProcess byte[529]
370  [main] DEBUG org.aspectj.weaver.loadtime.Aj  - 16:57:59.890 main &gt; org.aspectj.weaver.loadtime.Aj.preProcess org.aspectj.weaver.loadtime.Aj@58027738 org/springframework/context/ApplicationEventPublisher, byte[234], org.springframework.test.jpa.OrmXmlOverridingShadowingClassLoader@2bbf1be2
370  [main] DEBUG org.aspectj.weaver.loadtime.Aj  - 16:57:59.890 main - org.aspectj.weaver.loadtime.Aj.preProcess org.aspectj.weaver.loadtime.Aj@58027738 sun.misc.Launcher$AppClassLoader@302b2c81, org.springframework.test.jpa.OrmXmlOverridingShadowingClassLoader@2bbf1be2
370  [main] DEBUG org.aspectj.weaver.tools.WeavingAdaptor  - 16:57:59.890 main &gt; org.aspectj.weaver.tools.WeavingAdaptor.weaveClass org.aspectj.weaver.loadtime.ClassLoaderWeavingAdaptor@10b090ac org/springframework/context/ApplicationEventPublisher, byte[234]
370  [main] DEBUG org.aspectj.weaver.tools.WeavingAdaptor  - 16:57:59.890 main &lt; org.aspectj.weaver.tools.WeavingAdaptor.weaveClass false
370  [main] DEBUG org.aspectj.weaver.loadtime.Aj  - 16:57:59.890 main &lt; org.aspectj.weaver.loadtime.Aj.preProcess byte[234]
370  [main] DEBUG org.aspectj.weaver.loadtime.Aj  - 16:57:59.890 main &gt; org.aspectj.weaver.loadtime.Aj.preProcess org.aspectj.weaver.loadtime.Aj@58027738 org/springframework/context/Lifecycle, byte[190], org.springframework.test.jpa.OrmXmlOverridingShadowingClassLoader@2bbf1be2
370  [main] DEBUG org.aspectj.weaver.loadtime.Aj  - 16:57:59.890 main - org.aspectj.weaver.loadtime.Aj.preProcess org.aspectj.weaver.loadtime.Aj@58027738 sun.misc.Launcher$AppClassLoader@302b2c81, org.springframework.test.jpa.OrmXmlOverridingShadowingClassLoader@2bbf1be2
370  [main] DEBUG org.aspectj.weaver.tools.WeavingAdaptor  - 16:57:59.890 main &gt; org.aspectj.weaver.tools.WeavingAdaptor.weaveClass org.aspectj.weaver.loadtime.ClassLoaderWeavingAdaptor@10b090ac org/springframework/context/Lifecycle, byte[190]
371  [main] DEBUG org.aspectj.weaver.tools.WeavingAdaptor  - 16:57:59.890 main &lt; org.aspectj.weaver.tools.WeavingAdaptor.weaveClass false
371  [main] DEBUG org.aspectj.weaver.loadtime.Aj  - 16:57:59.891 main &lt; org.aspectj.weaver.loadtime.Aj.preProcess byte[190]
371  [main] DEBUG org.aspectj.weaver.loadtime.Aj  - 16:57:59.891 main &gt; org.aspectj.weaver.loadtime.Aj.preProcess org.aspectj.weaver.loadtime.Aj@58027738 org/springframework/context/support/ContextTypeMatchClassLoader, byte[2898], org.springframework.test.jpa.OrmXmlOverridingShadowingClassLoader@2bbf1be2
371  [main] DEBUG org.aspectj.weaver.loadtime.Aj  - 16:57:59.891 main - org.aspectj.weaver.loadtime.Aj.preProcess org.aspectj.weaver.loadtime.Aj@58027738 sun.misc.Launcher$AppClassLoader@302b2c81, org.springframework.test.jpa.OrmXmlOverridingShadowingClassLoader@2bbf1be2
371  [main] DEBUG org.aspectj.weaver.tools.WeavingAdaptor  - 16:57:59.891 main &gt; org.aspectj.weaver.tools.WeavingAdaptor.weaveClass org.aspectj.weaver.loadtime.ClassLoaderWeavingAdaptor@10b090ac org/springframework/context/support/ContextTypeMatchClassLoader, byte[2898]
372  [main] DEBUG org.aspectj.weaver.tools.WeavingAdaptor  - 16:57:59.892 main &lt; org.aspectj.weaver.tools.WeavingAdaptor.weaveClass false
372  [main] DEBUG org.aspectj.weaver.loadtime.Aj  - 16:57:59.892 main &lt; org.aspectj.weaver.loadtime.Aj.preProcess byte[2898]
372  [main] DEBUG org.aspectj.weaver.loadtime.Aj  - 16:57:59.892 main &gt; org.aspectj.weaver.loadtime.Aj.preProcess org.aspectj.weaver.loadtime.Aj@58027738 org/springframework/core/SmartClassLoader, byte[189], org.springframework.test.jpa.OrmXmlOverridingShadowingClassLoader@2bbf1be2
372  [main] DEBUG org.aspectj.weaver.loadtime.Aj  - 16:57:59.892 main - org.aspectj.weaver.loadtime.Aj.preProcess org.aspectj.weaver.loadtime.Aj@58027738 sun.misc.Launcher$AppClassLoader@302b2c81, org.springframework.test.jpa.OrmXmlOverridingShadowingClassLoader@2bbf1be2
372  [main] DEBUG org.aspectj.weaver.tools.WeavingAdaptor  - 16:57:59.892 main &gt; org.aspectj.weaver.tools.WeavingAdaptor.weaveClass org.aspectj.weaver.loadtime.ClassLoaderWeavingAdaptor@10b090ac org/springframework/core/SmartClassLoader, byte[189]
372  [main] DEBUG org.aspectj.weaver.tools.WeavingAdaptor  - 16:57:59.892 main &lt; org.aspectj.weaver.tools.WeavingAdaptor.weaveClass false
372  [main] DEBUG org.aspectj.weaver.loadtime.Aj  - 16:57:59.892 main &lt; org.aspectj.weaver.loadtime.Aj.preProcess byte[189]
372  [main] DEBUG org.aspectj.weaver.loadtime.Aj  - 16:57:59.892 main &gt; org.aspectj.weaver.loadtime.Aj.preProcess org.aspectj.weaver.loadtime.Aj@58027738 org/springframework/core/DecoratingClassLoader, byte[1891], org.springframework.test.jpa.OrmXmlOverridingShadowingClassLoader@2bbf1be2
372  [main] DEBUG org.aspectj.weaver.loadtime.Aj  - 16:57:59.892 main - org.aspectj.weaver.loadtime.Aj.preProcess org.aspectj.weaver.loadtime.Aj@58027738 sun.misc.Launcher$AppClassLoader@302b2c81, org.springframework.test.jpa.OrmXmlOverridingShadowingClassLoader@2bbf1be2
373  [main] DEBUG org.aspectj.weaver.tools.WeavingAdaptor  - 16:57:59.893 main &gt; org.aspectj.weaver.tools.WeavingAdaptor.weaveClass org.aspectj.weaver.loadtime.ClassLoaderWeavingAdaptor@10b090ac org/springframework/core/DecoratingClassLoader, byte[1891]
373  [main] DEBUG org.aspectj.weaver.tools.WeavingAdaptor  - 16:57:59.893 main &lt; org.aspectj.weaver.tools.WeavingAdaptor.weaveClass false
373  [main] DEBUG org.aspectj.weaver.loadtime.Aj  - 16:57:59.893 main &lt; org.aspectj.weaver.loadtime.Aj.preProcess byte[1891]
373  [main] DEBUG org.aspectj.weaver.loadtime.Aj  - 16:57:59.893 main &gt; org.aspectj.weaver.loadtime.Aj.preProcess org.aspectj.weaver.loadtime.Aj@58027738 org/springframework/context/event/ApplicationEventMulticaster, byte[405], org.springframework.test.jpa.OrmXmlOverridingShadowingClassLoader@2bbf1be2
373  [main] DEBUG org.aspectj.weaver.loadtime.Aj  - 16:57:59.893 main - org.aspectj.weaver.loadtime.Aj.preProcess org.aspectj.weaver.loadtime.Aj@58027738 sun.misc.Launcher$AppClassLoader@302b2c81, org.springframework.test.jpa.OrmXmlOverridingShadowingClassLoader@2bbf1be2
374  [main] DEBUG org.aspectj.weaver.tools.WeavingAdaptor  - 16:57:59.893 main &gt; org.aspectj.weaver.tools.WeavingAdaptor.weaveClass org.aspectj.weaver.loadtime.ClassLoaderWeavingAdaptor@10b090ac org/springframework/context/event/ApplicationEventMulticaster, byte[405]
374  [main] DEBUG org.aspectj.weaver.tools.WeavingAdaptor  - 16:57:59.894 main &lt; org.aspectj.weaver.tools.WeavingAdaptor.weaveClass false
374  [main] DEBUG org.aspectj.weaver.loadtime.Aj  - 16:57:59.894 main &lt; org.aspectj.weaver.loadtime.Aj.preProcess byte[405]
374  [main] DEBUG org.aspectj.weaver.loadtime.Aj  - 16:57:59.894 main &gt; org.aspectj.weaver.loadtime.Aj.preProcess org.aspectj.weaver.loadtime.Aj@58027738 org/springframework/context/ApplicationEvent, byte[636], org.springframework.test.jpa.OrmXmlOverridingShadowingClassLoader@2bbf1be2
374  [main] DEBUG org.aspectj.weaver.loadtime.Aj  - 16:57:59.894 main - org.aspectj.weaver.loadtime.Aj.preProcess org.aspectj.weaver.loadtime.Aj@58027738 sun.misc.Launcher$AppClassLoader@302b2c81, org.springframework.test.jpa.OrmXmlOverridingShadowingClassLoader@2bbf1be2
374  [main] DEBUG org.aspectj.weaver.tools.WeavingAdaptor  - 16:57:59.894 main &gt; org.aspectj.weaver.tools.WeavingAdaptor.weaveClass org.aspectj.weaver.loadtime.ClassLoaderWeavingAdaptor@10b090ac org/springframework/context/ApplicationEvent, byte[636]
374  [main] DEBUG org.aspectj.weaver.tools.WeavingAdaptor  - 16:57:59.894 main &lt; org.aspectj.weaver.tools.WeavingAdaptor.weaveClass false
374  [main] DEBUG org.aspectj.weaver.loadtime.Aj  - 16:57:59.894 main &lt; org.aspectj.weaver.loadtime.Aj.preProcess byte[636]
375  [main] DEBUG org.aspectj.weaver.loadtime.Aj  - 16:57:59.895 main &gt; org.aspectj.weaver.loadtime.Aj.preProcess org.aspectj.weaver.loadtime.Aj@58027738 org/springframework/context/event/ContextRefreshedEvent, byte[520], org.springframework.test.jpa.OrmXmlOverridingShadowingClassLoader@2bbf1be2
375  [main] DEBUG org.aspectj.weaver.loadtime.Aj  - 16:57:59.895 main - org.aspectj.weaver.loadtime.Aj.preProcess org.aspectj.weaver.loadtime.Aj@58027738 sun.misc.Launcher$AppClassLoader@302b2c81, org.springframework.test.jpa.OrmXmlOverridingShadowingClassLoader@2bbf1be2
375  [main] DEBUG org.aspectj.weaver.tools.WeavingAdaptor  - 16:57:59.895 main &gt; org.aspectj.weaver.tools.WeavingAdaptor.weaveClass org.aspectj.weaver.loadtime.ClassLoaderWeavingAdaptor@10b090ac org/springframework/context/event/ContextRefreshedEvent, byte[520]
375  [main] DEBUG org.aspectj.weaver.tools.WeavingAdaptor  - 16:57:59.895 main &lt; org.aspectj.weaver.tools.WeavingAdaptor.weaveClass false
375  [main] DEBUG org.aspectj.weaver.loadtime.Aj  - 16:57:59.895 main &lt; org.aspectj.weaver.loadtime.Aj.preProcess byte[520]
375  [main] DEBUG org.aspectj.weaver.loadtime.Aj  - 16:57:59.895 main &gt; org.aspectj.weaver.loadtime.Aj.preProcess org.aspectj.weaver.loadtime.Aj@58027738 org/springframework/context/event/ApplicationContextEvent, byte[775], org.springframework.test.jpa.OrmXmlOverridingShadowingClassLoader@2bbf1be2
375  [main] DEBUG org.aspectj.weaver.loadtime.Aj  - 16:57:59.895 main - org.aspectj.weaver.loadtime.Aj.preProcess org.aspectj.weaver.loadtime.Aj@58027738 sun.misc.Launcher$AppClassLoader@302b2c81, org.springframework.test.jpa.OrmXmlOverridingShadowingClassLoader@2bbf1be2
375  [main] DEBUG org.aspectj.weaver.tools.WeavingAdaptor  - 16:57:59.895 main &gt; org.aspectj.weaver.tools.WeavingAdaptor.weaveClass org.aspectj.weaver.loadtime.ClassLoaderWeavingAdaptor@10b090ac org/springframework/context/event/ApplicationContextEvent, byte[775]
375  [main] DEBUG org.aspectj.weaver.tools.WeavingAdaptor  - 16:57:59.895 main &lt; org.aspectj.weaver.tools.WeavingAdaptor.weaveClass false
375  [main] DEBUG org.aspectj.weaver.loadtime.Aj  - 16:57:59.895 main &lt; org.aspectj.weaver.loadtime.Aj.preProcess byte[775]
376  [main] DEBUG org.aspectj.weaver.loadtime.Aj  - 16:57:59.896 main &gt; org.aspectj.weaver.loadtime.Aj.preProcess org.aspectj.weaver.loadtime.Aj@58027738 org/springframework/context/event/ContextClosedEvent, byte[511], org.springframework.test.jpa.OrmXmlOverridingShadowingClassLoader@2bbf1be2
376  [main] DEBUG org.aspectj.weaver.loadtime.Aj  - 16:57:59.896 main - org.aspectj.weaver.loadtime.Aj.preProcess org.aspectj.weaver.loadtime.Aj@58027738 sun.misc.Launcher$AppClassLoader@302b2c81, org.springframework.test.jpa.OrmXmlOverridingShadowingClassLoader@2bbf1be2
376  [main] DEBUG org.aspectj.weaver.tools.WeavingAdaptor  - 16:57:59.896 main &gt; org.aspectj.weaver.tools.WeavingAdaptor.weaveClass org.aspectj.weaver.loadtime.ClassLoaderWeavingAdaptor@10b090ac org/springframework/context/event/ContextClosedEvent, byte[511]
376  [main] DEBUG org.aspectj.weaver.tools.WeavingAdaptor  - 16:57:59.896 main &lt; org.aspectj.weaver.tools.WeavingAdaptor.weaveClass false
376  [main] DEBUG org.aspectj.weaver.loadtime.Aj  - 16:57:59.896 main &lt; org.aspectj.weaver.loadtime.Aj.preProcess byte[511]
376  [main] DEBUG org.aspectj.weaver.loadtime.Aj  - 16:57:59.896 main &gt; org.aspectj.weaver.loadtime.Aj.preProcess org.aspectj.weaver.loadtime.Aj@58027738 org/springframework/context/support/AbstractApplicationContext$1, byte[762], org.springframework.test.jpa.OrmXmlOverridingShadowingClassLoader@2bbf1be2
377  [main] DEBUG org.aspectj.weaver.loadtime.Aj  - 16:57:59.897 main - org.aspectj.weaver.loadtime.Aj.preProcess org.aspectj.weaver.loadtime.Aj@58027738 sun.misc.Launcher$AppClassLoader@302b2c81, org.springframework.test.jpa.OrmXmlOverridingShadowingClassLoader@2bbf1be2
377  [main] DEBUG org.aspectj.weaver.tools.WeavingAdaptor  - 16:57:59.897 main &gt; org.aspectj.weaver.tools.WeavingAdaptor.weaveClass org.aspectj.weaver.loadtime.ClassLoaderWeavingAdaptor@10b090ac org/springframework/context/support/AbstractApplicationContext$1, byte[762]
377  [main] DEBUG org.aspectj.weaver.tools.WeavingAdaptor  - 16:57:59.897 main &lt; org.aspectj.weaver.tools.WeavingAdaptor.weaveClass false
377  [main] DEBUG org.aspectj.weaver.loadtime.Aj  - 16:57:59.897 main &lt; org.aspectj.weaver.loadtime.Aj.preProcess byte[762]
377  [main] DEBUG org.aspectj.weaver.loadtime.Aj  - 16:57:59.897 main &gt; org.aspectj.weaver.loadtime.Aj.preProcess org.aspectj.weaver.loadtime.Aj@58027738 org/springframework/context/event/ContextStoppedEvent, byte[514], org.springframework.test.jpa.OrmXmlOverridingShadowingClassLoader@2bbf1be2
377  [main] DEBUG org.aspectj.weaver.loadtime.Aj  - 16:57:59.897 main - org.aspectj.weaver.loadtime.Aj.preProcess org.aspectj.weaver.loadtime.Aj@58027738 sun.misc.Launcher$AppClassLoader@302b2c81, org.springframework.test.jpa.OrmXmlOverridingShadowingClassLoader@2bbf1be2
377  [main] DEBUG org.aspectj.weaver.tools.WeavingAdaptor  - 16:57:59.897 main &gt; org.aspectj.weaver.tools.WeavingAdaptor.weaveClass org.aspectj.weaver.loadtime.ClassLoaderWeavingAdaptor@10b090ac org/springframework/context/event/ContextStoppedEvent, byte[514]
377  [main] DEBUG org.aspectj.weaver.tools.WeavingAdaptor  - 16:57:59.897 main &lt; org.aspectj.weaver.tools.WeavingAdaptor.weaveClass false
377  [main] DEBUG org.aspectj.weaver.loadtime.Aj  - 16:57:59.897 main &lt; org.aspectj.weaver.loadtime.Aj.preProcess byte[514]
378  [main] DEBUG org.aspectj.weaver.loadtime.Aj  - 16:57:59.898 main &gt; org.aspectj.weaver.loadtime.Aj.preProcess org.aspectj.weaver.loadtime.Aj@58027738 org/springframework/context/event/ContextStartedEvent, byte[514], org.springframework.test.jpa.OrmXmlOverridingShadowingClassLoader@2bbf1be2
378  [main] DEBUG org.aspectj.weaver.loadtime.Aj  - 16:57:59.898 main - org.aspectj.weaver.loadtime.Aj.preProcess org.aspectj.weaver.loadtime.Aj@58027738 sun.misc.Launcher$AppClassLoader@302b2c81, org.springframework.test.jpa.OrmXmlOverridingShadowingClassLoader@2bbf1be2
378  [main] DEBUG org.aspectj.weaver.tools.WeavingAdaptor  - 16:57:59.898 main &gt; org.aspectj.weaver.tools.WeavingAdaptor.weaveClass org.aspectj.weaver.loadtime.ClassLoaderWeavingAdaptor@10b090ac org/springframework/context/event/ContextStartedEvent, byte[514]
378  [main] DEBUG org.aspectj.weaver.tools.WeavingAdaptor  - 16:57:59.898 main &lt; org.aspectj.weaver.tools.WeavingAdaptor.weaveClass false
378  [main] DEBUG org.aspectj.weaver.loadtime.Aj  - 16:57:59.898 main &lt; org.aspectj.weaver.loadtime.Aj.preProcess byte[514]
379  [main] DEBUG org.aspectj.weaver.loadtime.Aj  - 16:57:59.899 main &gt; org.aspectj.weaver.loadtime.Aj.preProcess org.aspectj.weaver.loadtime.Aj@58027738 org/springframework/context/NoSuchMessageException, byte[984], org.springframework.test.jpa.OrmXmlOverridingShadowingClassLoader@2bbf1be2
379  [main] DEBUG org.aspectj.weaver.loadtime.Aj  - 16:57:59.899 main - org.aspectj.weaver.loadtime.Aj.preProcess org.aspectj.weaver.loadtime.Aj@58027738 sun.misc.Launcher$AppClassLoader@302b2c81, org.springframework.test.jpa.OrmXmlOverridingShadowingClassLoader@2bbf1be2
379  [main] DEBUG org.aspectj.weaver.tools.WeavingAdaptor  - 16:57:59.899 main &gt; org.aspectj.weaver.tools.WeavingAdaptor.weaveClass org.aspectj.weaver.loadtime.ClassLoaderWeavingAdaptor@10b090ac org/springframework/context/NoSuchMessageException, byte[984]
379  [main] DEBUG org.aspectj.weaver.tools.WeavingAdaptor  - 16:57:59.899 main &lt; org.aspectj.weaver.tools.WeavingAdaptor.weaveClass false
379  [main] DEBUG org.aspectj.weaver.loadtime.Aj  - 16:57:59.899 main &lt; org.aspectj.weaver.loadtime.Aj.preProcess byte[984]
379  [main] DEBUG org.aspectj.weaver.loadtime.Aj  - 16:57:59.899 main &gt; org.aspectj.weaver.loadtime.Aj.preProcess org.aspectj.weaver.loadtime.Aj@58027738 org/springframework/context/MessageSourceResolvable, byte[296], org.springframework.test.jpa.OrmXmlOverridingShadowingClassLoader@2bbf1be2
379  [main] DEBUG org.aspectj.weaver.loadtime.Aj  - 16:57:59.899 main - org.aspectj.weaver.loadtime.Aj.preProcess org.aspectj.weaver.loadtime.Aj@58027738 sun.misc.Launcher$AppClassLoader@302b2c81, org.springframework.test.jpa.OrmXmlOverridingShadowingClassLoader@2bbf1be2
379  [main] DEBUG org.aspectj.weaver.tools.WeavingAdaptor  - 16:57:59.899 main &gt; org.aspectj.weaver.tools.WeavingAdaptor.weaveClass org.aspectj.weaver.loadtime.ClassLoaderWeavingAdaptor@10b090ac org/springframework/context/MessageSourceResolvable, byte[296]
379  [main] DEBUG org.aspectj.weaver.tools.WeavingAdaptor  - 16:57:59.899 main &lt; org.aspectj.weaver.tools.WeavingAdaptor.weaveClass false
379  [main] DEBUG org.aspectj.weaver.loadtime.Aj  - 16:57:59.899 main &lt; org.aspectj.weaver.loadtime.Aj.preProcess byte[296]
380  [main] DEBUG org.aspectj.weaver.loadtime.Aj  - 16:57:59.900 main &gt; org.aspectj.weaver.loadtime.Aj.preProcess org.aspectj.weaver.loadtime.Aj@58027738 org/springframework/beans/factory/config/BeanFactoryPostProcessor, byte[352], org.springframework.test.jpa.OrmXmlOverridingShadowingClassLoader@2bbf1be2
380  [main] DEBUG org.aspectj.weaver.loadtime.Aj  - 16:57:59.900 main - org.aspectj.weaver.loadtime.Aj.preProcess org.aspectj.weaver.loadtime.Aj@58027738 sun.misc.Launcher$AppClassLoader@302b2c81, org.springframework.test.jpa.OrmXmlOverridingShadowingClassLoader@2bbf1be2
380  [main] DEBUG org.aspectj.weaver.tools.WeavingAdaptor  - 16:57:59.900 main &gt; org.aspectj.weaver.tools.WeavingAdaptor.weaveClass org.aspectj.weaver.loadtime.ClassLoaderWeavingAdaptor@10b090ac org/springframework/beans/factory/config/BeanFactoryPostProcessor, byte[352]
380  [main] DEBUG org.aspectj.weaver.tools.WeavingAdaptor  - 16:57:59.900 main &lt; org.aspectj.weaver.tools.WeavingAdaptor.weaveClass false
380  [main] DEBUG org.aspectj.weaver.loadtime.Aj  - 16:57:59.900 main &lt; org.aspectj.weaver.loadtime.Aj.preProcess byte[352]
380  [main] DEBUG org.aspectj.weaver.loadtime.Aj  - 16:57:59.900 main &gt; org.aspectj.weaver.loadtime.Aj.preProcess org.aspectj.weaver.loadtime.Aj@58027738 org/springframework/context/ApplicationListener, byte[259], org.springframework.test.jpa.OrmXmlOverridingShadowingClassLoader@2bbf1be2
380  [main] DEBUG org.aspectj.weaver.loadtime.Aj  - 16:57:59.900 main - org.aspectj.weaver.loadtime.Aj.preProcess org.aspectj.weaver.loadtime.Aj@58027738 sun.misc.Launcher$AppClassLoader@302b2c81, org.springframework.test.jpa.OrmXmlOverridingShadowingClassLoader@2bbf1be2
380  [main] DEBUG org.aspectj.weaver.tools.WeavingAdaptor  - 16:57:59.900 main &gt; org.aspectj.weaver.tools.WeavingAdaptor.weaveClass org.aspectj.weaver.loadtime.ClassLoaderWeavingAdaptor@10b090ac org/springframework/context/ApplicationListener, byte[259]
380  [main] DEBUG org.aspectj.weaver.tools.WeavingAdaptor  - 16:57:59.900 main &lt; org.aspectj.weaver.tools.WeavingAdaptor.weaveClass false
380  [main] DEBUG org.aspectj.weaver.loadtime.Aj  - 16:57:59.900 main &lt; org.aspectj.weaver.loadtime.Aj.preProcess byte[259]
381  [main] DEBUG org.aspectj.weaver.loadtime.Aj  - 16:57:59.901 main &gt; org.aspectj.weaver.loadtime.Aj.preProcess org.aspectj.weaver.loadtime.Aj@58027738 org/springframework/beans/support/ResourceEditorRegistrar, byte[3147], org.springframework.test.jpa.OrmXmlOverridingShadowingClassLoader@2bbf1be2
381  [main] DEBUG org.aspectj.weaver.loadtime.Aj  - 16:57:59.901 main - org.aspectj.weaver.loadtime.Aj.preProcess org.aspectj.weaver.loadtime.Aj@58027738 sun.misc.Launcher$AppClassLoader@302b2c81, org.springframework.test.jpa.OrmXmlOverridingShadowingClassLoader@2bbf1be2
381  [main] DEBUG org.aspectj.weaver.tools.WeavingAdaptor  - 16:57:59.901 main &gt; org.aspectj.weaver.tools.WeavingAdaptor.weaveClass org.aspectj.weaver.loadtime.ClassLoaderWeavingAdaptor@10b090ac org/springframework/beans/support/ResourceEditorRegistrar, byte[3147]
381  [main] DEBUG org.aspectj.weaver.tools.WeavingAdaptor  - 16:57:59.901 main &lt; org.aspectj.weaver.tools.WeavingAdaptor.weaveClass false
381  [main] DEBUG org.aspectj.weaver.loadtime.Aj  - 16:57:59.901 main &lt; org.aspectj.weaver.loadtime.Aj.preProcess byte[3147]
381  [main] DEBUG org.aspectj.weaver.loadtime.Aj  - 16:57:59.901 main &gt; org.aspectj.weaver.loadtime.Aj.preProcess org.aspectj.weaver.loadtime.Aj@58027738 org/springframework/context/support/ApplicationContextAwareProcessor, byte[1676], org.springframework.test.jpa.OrmXmlOverridingShadowingClassLoader@2bbf1be2
382  [main] DEBUG org.aspectj.weaver.loadtime.Aj  - 16:57:59.902 main - org.aspectj.weaver.loadtime.Aj.preProcess org.aspectj.weaver.loadtime.Aj@58027738 sun.misc.Launcher$AppClassLoader@302b2c81, org.springframework.test.jpa.OrmXmlOverridingShadowingClassLoader@2bbf1be2
382  [main] DEBUG org.aspectj.weaver.tools.WeavingAdaptor  - 16:57:59.902 main &gt; org.aspectj.weaver.tools.WeavingAdaptor.weaveClass org.aspectj.weaver.loadtime.ClassLoaderWeavingAdaptor@10b090ac org/springframework/context/support/ApplicationContextAwareProcessor, byte[1676]
382  [main] DEBUG org.aspectj.weaver.tools.WeavingAdaptor  - 16:57:59.902 main &lt; org.aspectj.weaver.tools.WeavingAdaptor.weaveClass false
382  [main] DEBUG org.aspectj.weaver.loadtime.Aj  - 16:57:59.902 main &lt; org.aspectj.weaver.loadtime.Aj.preProcess byte[1676]
382  [main] DEBUG org.aspectj.weaver.loadtime.Aj  - 16:57:59.902 main &gt; org.aspectj.weaver.loadtime.Aj.preProcess org.aspectj.weaver.loadtime.Aj@58027738 org/springframework/context/ResourceLoaderAware, byte[225], org.springframework.test.jpa.OrmXmlOverridingShadowingClassLoader@2bbf1be2
382  [main] DEBUG org.aspectj.weaver.loadtime.Aj  - 16:57:59.902 main - org.aspectj.weaver.loadtime.Aj.preProcess org.aspectj.weaver.loadtime.Aj@58027738 sun.misc.Launcher$AppClassLoader@302b2c81, org.springframework.test.jpa.OrmXmlOverridingShadowingClassLoader@2bbf1be2
382  [main] DEBUG org.aspectj.weaver.tools.WeavingAdaptor  - 16:57:59.902 main &gt; org.aspectj.weaver.tools.WeavingAdaptor.weaveClass org.aspectj.weaver.loadtime.ClassLoaderWeavingAdaptor@10b090ac org/springframework/context/ResourceLoaderAware, byte[225]
382  [main] DEBUG org.aspectj.weaver.tools.WeavingAdaptor  - 16:57:59.902 main &lt; org.aspectj.weaver.tools.WeavingAdaptor.weaveClass false
382  [main] DEBUG org.aspectj.weaver.loadtime.Aj  - 16:57:59.902 main &lt; org.aspectj.weaver.loadtime.Aj.preProcess byte[225]
383  [main] DEBUG org.aspectj.weaver.loadtime.Aj  - 16:57:59.903 main &gt; org.aspectj.weaver.loadtime.Aj.preProcess org.aspectj.weaver.loadtime.Aj@58027738 org/springframework/context/ApplicationEventPublisherAware, byte[269], org.springframework.test.jpa.OrmXmlOverridingShadowingClassLoader@2bbf1be2
383  [main] DEBUG org.aspectj.weaver.loadtime.Aj  - 16:57:59.903 main - org.aspectj.weaver.loadtime.Aj.preProcess org.aspectj.weaver.loadtime.Aj@58027738 sun.misc.Launcher$AppClassLoader@302b2c81, org.springframework.test.jpa.OrmXmlOverridingShadowingClassLoader@2bbf1be2
383  [main] DEBUG org.aspectj.weaver.tools.WeavingAdaptor  - 16:57:59.903 main &gt; org.aspectj.weaver.tools.WeavingAdaptor.weaveClass org.aspectj.weaver.loadtime.ClassLoaderWeavingAdaptor@10b090ac org/springframework/context/ApplicationEventPublisherAware, byte[269]
383  [main] DEBUG org.aspectj.weaver.tools.WeavingAdaptor  - 16:57:59.903 main &lt; org.aspectj.weaver.tools.WeavingAdaptor.weaveClass false
383  [main] DEBUG org.aspectj.weaver.loadtime.Aj  - 16:57:59.903 main &lt; org.aspectj.weaver.loadtime.Aj.preProcess byte[269]
383  [main] DEBUG org.aspectj.weaver.loadtime.Aj  - 16:57:59.903 main &gt; org.aspectj.weaver.loadtime.Aj.preProcess org.aspectj.weaver.loadtime.Aj@58027738 org/springframework/context/MessageSourceAware, byte[221], org.springframework.test.jpa.OrmXmlOverridingShadowingClassLoader@2bbf1be2
383  [main] DEBUG org.aspectj.weaver.loadtime.Aj  - 16:57:59.903 main - org.aspectj.weaver.loadtime.Aj.preProcess org.aspectj.weaver.loadtime.Aj@58027738 sun.misc.Launcher$AppClassLoader@302b2c81, org.springframework.test.jpa.OrmXmlOverridingShadowingClassLoader@2bbf1be2
383  [main] DEBUG org.aspectj.weaver.tools.WeavingAdaptor  - 16:57:59.903 main &gt; org.aspectj.weaver.tools.WeavingAdaptor.weaveClass org.aspectj.weaver.loadtime.ClassLoaderWeavingAdaptor@10b090ac org/springframework/context/MessageSourceAware, byte[221]
383  [main] DEBUG org.aspectj.weaver.tools.WeavingAdaptor  - 16:57:59.903 main &lt; org.aspectj.weaver.tools.WeavingAdaptor.weaveClass false
383  [main] DEBUG org.aspectj.weaver.loadtime.Aj  - 16:57:59.903 main &lt; org.aspectj.weaver.loadtime.Aj.preProcess byte[221]
384  [main] DEBUG org.aspectj.weaver.loadtime.Aj  - 16:57:59.904 main &gt; org.aspectj.weaver.loadtime.Aj.preProcess org.aspectj.weaver.loadtime.Aj@58027738 org/springframework/context/ApplicationContextAware, byte[310], org.springframework.test.jpa.OrmXmlOverridingShadowingClassLoader@2bbf1be2
384  [main] DEBUG org.aspectj.weaver.loadtime.Aj  - 16:57:59.904 main - org.aspectj.weaver.loadtime.Aj.preProcess org.aspectj.weaver.loadtime.Aj@58027738 sun.misc.Launcher$AppClassLoader@302b2c81, org.springframework.test.jpa.OrmXmlOverridingShadowingClassLoader@2bbf1be2
384  [main] DEBUG org.aspectj.weaver.tools.WeavingAdaptor  - 16:57:59.904 main &gt; org.aspectj.weaver.tools.WeavingAdaptor.weaveClass org.aspectj.weaver.loadtime.ClassLoaderWeavingAdaptor@10b090ac org/springframework/context/ApplicationContextAware, byte[310]
384  [main] DEBUG org.aspectj.weaver.tools.WeavingAdaptor  - 16:57:59.904 main &lt; org.aspectj.weaver.tools.WeavingAdaptor.weaveClass false
384  [main] DEBUG org.aspectj.weaver.loadtime.Aj  - 16:57:59.904 main &lt; org.aspectj.weaver.loadtime.Aj.preProcess byte[310]
387  [main] DEBUG org.aspectj.weaver.loadtime.Aj  - 16:57:59.907 main &gt; org.aspectj.weaver.loadtime.Aj.preProcess org.aspectj.weaver.loadtime.Aj@58027738 org/springframework/beans/factory/FactoryBean, byte[302], org.springframework.test.jpa.OrmXmlOverridingShadowingClassLoader@2bbf1be2
387  [main] DEBUG org.aspectj.weaver.loadtime.Aj  - 16:57:59.907 main - org.aspectj.weaver.loadtime.Aj.preProcess org.aspectj.weaver.loadtime.Aj@58027738 sun.misc.Launcher$AppClassLoader@302b2c81, org.springframework.test.jpa.OrmXmlOverridingShadowingClassLoader@2bbf1be2
387  [main] DEBUG org.aspectj.weaver.tools.WeavingAdaptor  - 16:57:59.907 main &gt; org.aspectj.weaver.tools.WeavingAdaptor.weaveClass org.aspectj.weaver.loadtime.ClassLoaderWeavingAdaptor@10b090ac org/springframework/beans/factory/FactoryBean, byte[302]
387  [main] DEBUG org.aspectj.weaver.tools.WeavingAdaptor  - 16:57:59.907 main &lt; org.aspectj.weaver.tools.WeavingAdaptor.weaveClass false
387  [main] DEBUG org.aspectj.weaver.loadtime.Aj  - 16:57:59.907 main &lt; org.aspectj.weaver.loadtime.Aj.preProcess byte[302]
387  [main] DEBUG org.aspectj.weaver.loadtime.Aj  - 16:57:59.907 main &gt; org.aspectj.weaver.loadtime.Aj.preProcess org.aspectj.weaver.loadtime.Aj@58027738 org/apache/commons/dbcp/BasicDataSource, byte[14209], org.springframework.test.jpa.OrmXmlOverridingShadowingClassLoader@2bbf1be2
387  [main] DEBUG org.aspectj.weaver.loadtime.Aj  - 16:57:59.907 main - org.aspectj.weaver.loadtime.Aj.preProcess org.aspectj.weaver.loadtime.Aj@58027738 sun.misc.Launcher$AppClassLoader@302b2c81, org.springframework.test.jpa.OrmXmlOverridingShadowingClassLoader@2bbf1be2
387  [main] DEBUG org.aspectj.weaver.tools.WeavingAdaptor  - 16:57:59.907 main &gt; org.aspectj.weaver.tools.WeavingAdaptor.weaveClass org.aspectj.weaver.loadtime.ClassLoaderWeavingAdaptor@10b090ac org/apache/commons/dbcp/BasicDataSource, byte[14209]
388  [main] DEBUG org.aspectj.weaver.tools.WeavingAdaptor  - 16:57:59.908 main &lt; org.aspectj.weaver.tools.WeavingAdaptor.weaveClass false
388  [main] DEBUG org.aspectj.weaver.loadtime.Aj  - 16:57:59.908 main &lt; org.aspectj.weaver.loadtime.Aj.preProcess byte[14209]
388  [main] DEBUG org.aspectj.weaver.loadtime.Aj  - 16:57:59.908 main &gt; org.aspectj.weaver.loadtime.Aj.preProcess org.aspectj.weaver.loadtime.Aj@58027738 tudu/domain/configuration/DataSourceFactory, byte[3799], org.springframework.test.jpa.OrmXmlOverridingShadowingClassLoader@2bbf1be2
389  [main] DEBUG org.aspectj.weaver.loadtime.Aj  - 16:57:59.909 main - org.aspectj.weaver.loadtime.Aj.preProcess org.aspectj.weaver.loadtime.Aj@58027738 sun.misc.Launcher$AppClassLoader@302b2c81, org.springframework.test.jpa.OrmXmlOverridingShadowingClassLoader@2bbf1be2
389  [main] DEBUG org.aspectj.weaver.tools.WeavingAdaptor  - 16:57:59.909 main &gt; org.aspectj.weaver.tools.WeavingAdaptor.weaveClass org.aspectj.weaver.loadtime.ClassLoaderWeavingAdaptor@10b090ac tudu/domain/configuration/DataSourceFactory, byte[3799]
389  [main] DEBUG org.aspectj.weaver.tools.WeavingAdaptor  - 16:57:59.909 main &lt; org.aspectj.weaver.tools.WeavingAdaptor.weaveClass false
389  [main] DEBUG org.aspectj.weaver.loadtime.Aj  - 16:57:59.909 main &lt; org.aspectj.weaver.loadtime.Aj.preProcess byte[3799]
389  [main] DEBUG org.aspectj.weaver.loadtime.Aj  - 16:57:59.909 main &gt; org.aspectj.weaver.loadtime.Aj.preProcess org.aspectj.weaver.loadtime.Aj@58027738 org/springframework/util/ReflectionUtils$1, byte[803], org.springframework.test.jpa.OrmXmlOverridingShadowingClassLoader@2bbf1be2
389  [main] DEBUG org.aspectj.weaver.loadtime.Aj  - 16:57:59.909 main - org.aspectj.weaver.loadtime.Aj.preProcess org.aspectj.weaver.loadtime.Aj@58027738 sun.misc.Launcher$AppClassLoader@302b2c81, org.springframework.test.jpa.OrmXmlOverridingShadowingClassLoader@2bbf1be2
389  [main] DEBUG org.aspectj.weaver.tools.WeavingAdaptor  - 16:57:59.909 main &gt; org.aspectj.weaver.tools.WeavingAdaptor.weaveClass org.aspectj.weaver.loadtime.ClassLoaderWeavingAdaptor@10b090ac org/springframework/util/ReflectionUtils$1, byte[803]
389  [main] DEBUG org.aspectj.weaver.tools.WeavingAdaptor  - 16:57:59.909 main &lt; org.aspectj.weaver.tools.WeavingAdaptor.weaveClass false
390  [main] DEBUG org.aspectj.weaver.loadtime.Aj  - 16:57:59.910 main &lt; org.aspectj.weaver.loadtime.Aj.preProcess byte[803]
391  [main] DEBUG org.aspectj.weaver.loadtime.Aj  - 16:57:59.911 main &gt; org.aspectj.weaver.loadtime.Aj.preProcess org.aspectj.weaver.loadtime.Aj@58027738 org/springframework/orm/jpa/vendor/HibernateJpaVendorAdapter, byte[3357], org.springframework.test.jpa.OrmXmlOverridingShadowingClassLoader@2bbf1be2
391  [main] DEBUG org.aspectj.weaver.loadtime.Aj  - 16:57:59.911 main - org.aspectj.weaver.loadtime.Aj.preProcess org.aspectj.weaver.loadtime.Aj@58027738 sun.misc.Launcher$AppClassLoader@302b2c81, org.springframework.test.jpa.OrmXmlOverridingShadowingClassLoader@2bbf1be2
391  [main] DEBUG org.aspectj.weaver.tools.WeavingAdaptor  - 16:57:59.911 main &gt; org.aspectj.weaver.tools.WeavingAdaptor.weaveClass org.aspectj.weaver.loadtime.ClassLoaderWeavingAdaptor@10b090ac org/springframework/orm/jpa/vendor/HibernateJpaVendorAdapter, byte[3357]
391  [main] DEBUG org.aspectj.weaver.tools.WeavingAdaptor  - 16:57:59.911 main &lt; org.aspectj.weaver.tools.WeavingAdaptor.weaveClass false
391  [main] DEBUG org.aspectj.weaver.loadtime.Aj  - 16:57:59.911 main &lt; org.aspectj.weaver.loadtime.Aj.preProcess byte[3357]
391  [main] DEBUG org.aspectj.weaver.loadtime.Aj  - 16:57:59.911 main &gt; org.aspectj.weaver.loadtime.Aj.preProcess org.aspectj.weaver.loadtime.Aj@58027738 org/springframework/orm/jpa/vendor/AbstractJpaVendorAdapter, byte[2499], org.springframework.test.jpa.OrmXmlOverridingShadowingClassLoader@2bbf1be2
391  [main] DEBUG org.aspectj.weaver.loadtime.Aj  - 16:57:59.911 main - org.aspectj.weaver.loadtime.Aj.preProcess org.aspectj.weaver.loadtime.Aj@58027738 sun.misc.Launcher$AppClassLoader@302b2c81, org.springframework.test.jpa.OrmXmlOverridingShadowingClassLoader@2bbf1be2
392  [main] DEBUG org.aspectj.weaver.tools.WeavingAdaptor  - 16:57:59.911 main &gt; org.aspectj.weaver.tools.WeavingAdaptor.weaveClass org.aspectj.weaver.loadtime.ClassLoaderWeavingAdaptor@10b090ac org/springframework/orm/jpa/vendor/AbstractJpaVendorAdapter, byte[2499]
392  [main] DEBUG org.aspectj.weaver.tools.WeavingAdaptor  - 16:57:59.912 main &lt; org.aspectj.weaver.tools.WeavingAdaptor.weaveClass false
392  [main] DEBUG org.aspectj.weaver.loadtime.Aj  - 16:57:59.912 main &lt; org.aspectj.weaver.loadtime.Aj.preProcess byte[2499]
392  [main] DEBUG org.aspectj.weaver.loadtime.Aj  - 16:57:59.912 main &gt; org.aspectj.weaver.loadtime.Aj.preProcess org.aspectj.weaver.loadtime.Aj@58027738 org/springframework/orm/jpa/JpaVendorAdapter, byte[746], org.springframework.test.jpa.OrmXmlOverridingShadowingClassLoader@2bbf1be2
392  [main] DEBUG org.aspectj.weaver.loadtime.Aj  - 16:57:59.912 main - org.aspectj.weaver.loadtime.Aj.preProcess org.aspectj.weaver.loadtime.Aj@58027738 sun.misc.Launcher$AppClassLoader@302b2c81, org.springframework.test.jpa.OrmXmlOverridingShadowingClassLoader@2bbf1be2
392  [main] DEBUG org.aspectj.weaver.tools.WeavingAdaptor  - 16:57:59.912 main &gt; org.aspectj.weaver.tools.WeavingAdaptor.weaveClass org.aspectj.weaver.loadtime.ClassLoaderWeavingAdaptor@10b090ac org/springframework/orm/jpa/JpaVendorAdapter, byte[746]
392  [main] DEBUG org.aspectj.weaver.tools.WeavingAdaptor  - 16:57:59.912 main &lt; org.aspectj.weaver.tools.WeavingAdaptor.weaveClass false
392  [main] DEBUG org.aspectj.weaver.loadtime.Aj  - 16:57:59.912 main &lt; org.aspectj.weaver.loadtime.Aj.preProcess byte[746]
393  [main] DEBUG org.aspectj.weaver.loadtime.Aj  - 16:57:59.913 main &gt; org.aspectj.weaver.loadtime.Aj.preProcess org.aspectj.weaver.loadtime.Aj@58027738 org/springframework/orm/jpa/LocalContainerEntityManagerFactoryBean, byte[6598], org.springframework.test.jpa.OrmXmlOverridingShadowingClassLoader@2bbf1be2
393  [main] DEBUG org.aspectj.weaver.loadtime.Aj  - 16:57:59.913 main - org.aspectj.weaver.loadtime.Aj.preProcess org.aspectj.weaver.loadtime.Aj@58027738 sun.misc.Launcher$AppClassLoader@302b2c81, org.springframework.test.jpa.OrmXmlOverridingShadowingClassLoader@2bbf1be2
393  [main] DEBUG org.aspectj.weaver.tools.WeavingAdaptor  - 16:57:59.913 main &gt; org.aspectj.weaver.tools.WeavingAdaptor.weaveClass org.aspectj.weaver.loadtime.ClassLoaderWeavingAdaptor@10b090ac org/springframework/orm/jpa/LocalContainerEntityManagerFactoryBean, byte[6598]
393  [main] DEBUG org.aspectj.weaver.tools.WeavingAdaptor  - 16:57:59.913 main &lt; org.aspectj.weaver.tools.WeavingAdaptor.weaveClass false
394  [main] DEBUG org.aspectj.weaver.loadtime.Aj  - 16:57:59.914 main &lt; org.aspectj.weaver.loadtime.Aj.preProcess byte[6598]
394  [main] DEBUG org.aspectj.weaver.loadtime.Aj  - 16:57:59.914 main &gt; org.aspectj.weaver.loadtime.Aj.preProcess org.aspectj.weaver.loadtime.Aj@58027738 org/springframework/context/weaving/LoadTimeWeaverAware, byte[249], org.springframework.test.jpa.OrmXmlOverridingShadowingClassLoader@2bbf1be2
394  [main] DEBUG org.aspectj.weaver.loadtime.Aj  - 16:57:59.914 main - org.aspectj.weaver.loadtime.Aj.preProcess org.aspectj.weaver.loadtime.Aj@58027738 sun.misc.Launcher$AppClassLoader@302b2c81, org.springframework.test.jpa.OrmXmlOverridingShadowingClassLoader@2bbf1be2
394  [main] DEBUG org.aspectj.weaver.tools.WeavingAdaptor  - 16:57:59.914 main &gt; org.aspectj.weaver.tools.WeavingAdaptor.weaveClass org.aspectj.weaver.loadtime.ClassLoaderWeavingAdaptor@10b090ac org/springframework/context/weaving/LoadTimeWeaverAware, byte[249]
394  [main] DEBUG org.aspectj.weaver.tools.WeavingAdaptor  - 16:57:59.914 main &lt; org.aspectj.weaver.tools.WeavingAdaptor.weaveClass false
394  [main] DEBUG org.aspectj.weaver.loadtime.Aj  - 16:57:59.914 main &lt; org.aspectj.weaver.loadtime.Aj.preProcess byte[249]
395  [main] DEBUG org.aspectj.weaver.loadtime.Aj  - 16:57:59.915 main &gt; org.aspectj.weaver.loadtime.Aj.preProcess org.aspectj.weaver.loadtime.Aj@58027738 org/springframework/orm/jpa/AbstractEntityManagerFactoryBean, byte[9883], org.springframework.test.jpa.OrmXmlOverridingShadowingClassLoader@2bbf1be2
395  [main] DEBUG org.aspectj.weaver.loadtime.Aj  - 16:57:59.915 main - org.aspectj.weaver.loadtime.Aj.preProcess org.aspectj.weaver.loadtime.Aj@58027738 sun.misc.Launcher$AppClassLoader@302b2c81, org.springframework.test.jpa.OrmXmlOverridingShadowingClassLoader@2bbf1be2
395  [main] DEBUG org.aspectj.weaver.tools.WeavingAdaptor  - 16:57:59.915 main &gt; org.aspectj.weaver.tools.WeavingAdaptor.weaveClass org.aspectj.weaver.loadtime.ClassLoaderWeavingAdaptor@10b090ac org/springframework/orm/jpa/AbstractEntityManagerFactoryBean, byte[9883]
395  [main] DEBUG org.aspectj.weaver.tools.WeavingAdaptor  - 16:57:59.915 main &lt; org.aspectj.weaver.tools.WeavingAdaptor.weaveClass false
395  [main] DEBUG org.aspectj.weaver.loadtime.Aj  - 16:57:59.915 main &lt; org.aspectj.weaver.loadtime.Aj.preProcess byte[9883]
395  [main] DEBUG org.aspectj.weaver.loadtime.Aj  - 16:57:59.915 main &gt; org.aspectj.weaver.loadtime.Aj.preProcess org.aspectj.weaver.loadtime.Aj@58027738 org/springframework/orm/jpa/EntityManagerFactoryInfo, byte[773], org.springframework.test.jpa.OrmXmlOverridingShadowingClassLoader@2bbf1be2
395  [main] DEBUG org.aspectj.weaver.loadtime.Aj  - 16:57:59.915 main - org.aspectj.weaver.loadtime.Aj.preProcess org.aspectj.weaver.loadtime.Aj@58027738 sun.misc.Launcher$AppClassLoader@302b2c81, org.springframework.test.jpa.OrmXmlOverridingShadowingClassLoader@2bbf1be2
396  [main] DEBUG org.aspectj.weaver.tools.WeavingAdaptor  - 16:57:59.915 main &gt; org.aspectj.weaver.tools.WeavingAdaptor.weaveClass org.aspectj.weaver.loadtime.ClassLoaderWeavingAdaptor@10b090ac org/springframework/orm/jpa/EntityManagerFactoryInfo, byte[773]
396  [main] DEBUG org.aspectj.weaver.tools.WeavingAdaptor  - 16:57:59.916 main &lt; org.aspectj.weaver.tools.WeavingAdaptor.weaveClass false
396  [main] DEBUG org.aspectj.weaver.loadtime.Aj  - 16:57:59.916 main &lt; org.aspectj.weaver.loadtime.Aj.preProcess byte[773]
396  [main] DEBUG org.aspectj.weaver.loadtime.Aj  - 16:57:59.916 main &gt; org.aspectj.weaver.loadtime.Aj.preProcess org.aspectj.weaver.loadtime.Aj@58027738 org/springframework/dao/support/PersistenceExceptionTranslator, byte[290], org.springframework.test.jpa.OrmXmlOverridingShadowingClassLoader@2bbf1be2
396  [main] DEBUG org.aspectj.weaver.loadtime.Aj  - 16:57:59.916 main - org.aspectj.weaver.loadtime.Aj.preProcess org.aspectj.weaver.loadtime.Aj@58027738 sun.misc.Launcher$AppClassLoader@302b2c81, org.springframework.test.jpa.OrmXmlOverridingShadowingClassLoader@2bbf1be2
396  [main] DEBUG org.aspectj.weaver.tools.WeavingAdaptor  - 16:57:59.916 main &gt; org.aspectj.weaver.tools.WeavingAdaptor.weaveClass org.aspectj.weaver.loadtime.ClassLoaderWeavingAdaptor@10b090ac org/springframework/dao/support/PersistenceExceptionTranslator, byte[290]
396  [main] DEBUG org.aspectj.weaver.tools.WeavingAdaptor  - 16:57:59.916 main &lt; org.aspectj.weaver.tools.WeavingAdaptor.weaveClass false
396  [main] DEBUG org.aspectj.weaver.loadtime.Aj  - 16:57:59.916 main &lt; org.aspectj.weaver.loadtime.Aj.preProcess byte[290]
397  [main] DEBUG org.aspectj.weaver.loadtime.Aj  - 16:57:59.917 main &gt; org.aspectj.weaver.loadtime.Aj.preProcess org.aspectj.weaver.loadtime.Aj@58027738 org/springframework/orm/jpa/JpaTransactionManager, byte[13742], org.springframework.test.jpa.OrmXmlOverridingShadowingClassLoader@2bbf1be2
397  [main] DEBUG org.aspectj.weaver.loadtime.Aj  - 16:57:59.917 main - org.aspectj.weaver.loadtime.Aj.preProcess org.aspectj.weaver.loadtime.Aj@58027738 sun.misc.Launcher$AppClassLoader@302b2c81, org.springframework.test.jpa.OrmXmlOverridingShadowingClassLoader@2bbf1be2
397  [main] DEBUG org.aspectj.weaver.tools.WeavingAdaptor  - 16:57:59.917 main &gt; org.aspectj.weaver.tools.WeavingAdaptor.weaveClass org.aspectj.weaver.loadtime.ClassLoaderWeavingAdaptor@10b090ac org/springframework/orm/jpa/JpaTransactionManager, byte[13742]
397  [main] DEBUG org.aspectj.weaver.tools.WeavingAdaptor  - 16:57:59.917 main &lt; org.aspectj.weaver.tools.WeavingAdaptor.weaveClass false
397  [main] DEBUG org.aspectj.weaver.loadtime.Aj  - 16:57:59.917 main &lt; org.aspectj.weaver.loadtime.Aj.preProcess byte[13742]
398  [main] DEBUG org.aspectj.weaver.loadtime.Aj  - 16:57:59.918 main &gt; org.aspectj.weaver.loadtime.Aj.preProcess org.aspectj.weaver.loadtime.Aj@58027738 org/springframework/transaction/support/ResourceTransactionManager, byte[291], org.springframework.test.jpa.OrmXmlOverridingShadowingClassLoader@2bbf1be2
398  [main] DEBUG org.aspectj.weaver.loadtime.Aj  - 16:57:59.918 main - org.aspectj.weaver.loadtime.Aj.preProcess org.aspectj.weaver.loadtime.Aj@58027738 sun.misc.Launcher$AppClassLoader@302b2c81, org.springframework.test.jpa.OrmXmlOverridingShadowingClassLoader@2bbf1be2
398  [main] DEBUG org.aspectj.weaver.tools.WeavingAdaptor  - 16:57:59.918 main &gt; org.aspectj.weaver.tools.WeavingAdaptor.weaveClass org.aspectj.weaver.loadtime.ClassLoaderWeavingAdaptor@10b090ac org/springframework/transaction/support/ResourceTransactionManager, byte[291]
398  [main] DEBUG org.aspectj.weaver.tools.WeavingAdaptor  - 16:57:59.918 main &lt; org.aspectj.weaver.tools.WeavingAdaptor.weaveClass false
398  [main] DEBUG org.aspectj.weaver.loadtime.Aj  - 16:57:59.918 main &lt; org.aspectj.weaver.loadtime.Aj.preProcess byte[291]
398  [main] DEBUG org.aspectj.weaver.loadtime.Aj  - 16:57:59.918 main &gt; org.aspectj.weaver.loadtime.Aj.preProcess org.aspectj.weaver.loadtime.Aj@58027738 org/springframework/transaction/PlatformTransactionManager, byte[495], org.springframework.test.jpa.OrmXmlOverridingShadowingClassLoader@2bbf1be2
398  [main] DEBUG org.aspectj.weaver.loadtime.Aj  - 16:57:59.918 main - org.aspectj.weaver.loadtime.Aj.preProcess org.aspectj.weaver.loadtime.Aj@58027738 sun.misc.Launcher$AppClassLoader@302b2c81, org.springframework.test.jpa.OrmXmlOverridingShadowingClassLoader@2bbf1be2
398  [main] DEBUG org.aspectj.weaver.tools.WeavingAdaptor  - 16:57:59.918 main &gt; org.aspectj.weaver.tools.WeavingAdaptor.weaveClass org.aspectj.weaver.loadtime.ClassLoaderWeavingAdaptor@10b090ac org/springframework/transaction/PlatformTransactionManager, byte[495]
398  [main] DEBUG org.aspectj.weaver.tools.WeavingAdaptor  - 16:57:59.918 main &lt; org.aspectj.weaver.tools.WeavingAdaptor.weaveClass false
398  [main] DEBUG org.aspectj.weaver.loadtime.Aj  - 16:57:59.918 main &lt; org.aspectj.weaver.loadtime.Aj.preProcess byte[495]
399  [main] DEBUG org.aspectj.weaver.loadtime.Aj  - 16:57:59.919 main &gt; org.aspectj.weaver.loadtime.Aj.preProcess org.aspectj.weaver.loadtime.Aj@58027738 org/springframework/transaction/support/AbstractPlatformTransactionManager, byte[20856], org.springframework.test.jpa.OrmXmlOverridingShadowingClassLoader@2bbf1be2
399  [main] DEBUG org.aspectj.weaver.loadtime.Aj  - 16:57:59.919 main - org.aspectj.weaver.loadtime.Aj.preProcess org.aspectj.weaver.loadtime.Aj@58027738 sun.misc.Launcher$AppClassLoader@302b2c81, org.springframework.test.jpa.OrmXmlOverridingShadowingClassLoader@2bbf1be2
399  [main] DEBUG org.aspectj.weaver.tools.WeavingAdaptor  - 16:57:59.919 main &gt; org.aspectj.weaver.tools.WeavingAdaptor.weaveClass org.aspectj.weaver.loadtime.ClassLoaderWeavingAdaptor@10b090ac org/springframework/transaction/support/AbstractPlatformTransactionManager, byte[20856]
399  [main] DEBUG org.aspectj.weaver.tools.WeavingAdaptor  - 16:57:59.919 main &lt; org.aspectj.weaver.tools.WeavingAdaptor.weaveClass false
399  [main] DEBUG org.aspectj.weaver.loadtime.Aj  - 16:57:59.919 main &lt; org.aspectj.weaver.loadtime.Aj.preProcess byte[20856]
400  [main] DEBUG org.aspectj.weaver.loadtime.Aj  - 16:57:59.920 main &gt; org.aspectj.weaver.loadtime.Aj.preProcess org.aspectj.weaver.loadtime.Aj@58027738 org/springframework/orm/jpa/support/PersistenceAnnotationBeanPostProcessor, byte[10989], org.springframework.test.jpa.OrmXmlOverridingShadowingClassLoader@2bbf1be2
400  [main] DEBUG org.aspectj.weaver.loadtime.Aj  - 16:57:59.920 main - org.aspectj.weaver.loadtime.Aj.preProcess org.aspectj.weaver.loadtime.Aj@58027738 sun.misc.Launcher$AppClassLoader@302b2c81, org.springframework.test.jpa.OrmXmlOverridingShadowingClassLoader@2bbf1be2
400  [main] DEBUG org.aspectj.weaver.tools.WeavingAdaptor  - 16:57:59.920 main &gt; org.aspectj.weaver.tools.WeavingAdaptor.weaveClass org.aspectj.weaver.loadtime.ClassLoaderWeavingAdaptor@10b090ac org/springframework/orm/jpa/support/PersistenceAnnotationBeanPostProcessor, byte[10989]
400  [main] DEBUG org.aspectj.weaver.tools.WeavingAdaptor  - 16:57:59.920 main &lt; org.aspectj.weaver.tools.WeavingAdaptor.weaveClass false
400  [main] DEBUG org.aspectj.weaver.loadtime.Aj  - 16:57:59.920 main &lt; org.aspectj.weaver.loadtime.Aj.preProcess byte[10989]
401  [main] DEBUG org.aspectj.weaver.loadtime.Aj  - 16:57:59.921 main &gt; org.aspectj.weaver.loadtime.Aj.preProcess org.aspectj.weaver.loadtime.Aj@58027738 org/springframework/beans/factory/support/MergedBeanDefinitionPostProcessor, byte[400], org.springframework.test.jpa.OrmXmlOverridingShadowingClassLoader@2bbf1be2
401  [main] DEBUG org.aspectj.weaver.loadtime.Aj  - 16:57:59.921 main - org.aspectj.weaver.loadtime.Aj.preProcess org.aspectj.weaver.loadtime.Aj@58027738 sun.misc.Launcher$AppClassLoader@302b2c81, org.springframework.test.jpa.OrmXmlOverridingShadowingClassLoader@2bbf1be2
401  [main] DEBUG org.aspectj.weaver.tools.WeavingAdaptor  - 16:57:59.921 main &gt; org.aspectj.weaver.tools.WeavingAdaptor.weaveClass org.aspectj.weaver.loadtime.ClassLoaderWeavingAdaptor@10b090ac org/springframework/beans/factory/support/MergedBeanDefinitionPostProcessor, byte[400]
401  [main] DEBUG org.aspectj.weaver.tools.WeavingAdaptor  - 16:57:59.921 main &lt; org.aspectj.weaver.tools.WeavingAdaptor.weaveClass false
401  [main] DEBUG org.aspectj.weaver.loadtime.Aj  - 16:57:59.921 main &lt; org.aspectj.weaver.loadtime.Aj.preProcess byte[400]
401  [main] DEBUG org.aspectj.weaver.loadtime.Aj  - 16:57:59.921 main &gt; org.aspectj.weaver.loadtime.Aj.preProcess org.aspectj.weaver.loadtime.Aj@58027738 org/springframework/core/PriorityOrdered, byte[176], org.springframework.test.jpa.OrmXmlOverridingShadowingClassLoader@2bbf1be2
401  [main] DEBUG org.aspectj.weaver.loadtime.Aj  - 16:57:59.921 main - org.aspectj.weaver.loadtime.Aj.preProcess org.aspectj.weaver.loadtime.Aj@58027738 sun.misc.Launcher$AppClassLoader@302b2c81, org.springframework.test.jpa.OrmXmlOverridingShadowingClassLoader@2bbf1be2
401  [main] DEBUG org.aspectj.weaver.tools.WeavingAdaptor  - 16:57:59.921 main &gt; org.aspectj.weaver.tools.WeavingAdaptor.weaveClass org.aspectj.weaver.loadtime.ClassLoaderWeavingAdaptor@10b090ac org/springframework/core/PriorityOrdered, byte[176]
401  [main] DEBUG org.aspectj.weaver.tools.WeavingAdaptor  - 16:57:59.921 main &lt; org.aspectj.weaver.tools.WeavingAdaptor.weaveClass false
401  [main] DEBUG org.aspectj.weaver.loadtime.Aj  - 16:57:59.921 main &lt; org.aspectj.weaver.loadtime.Aj.preProcess byte[176]
402  [main] DEBUG org.aspectj.weaver.loadtime.Aj  - 16:57:59.922 main &gt; org.aspectj.weaver.loadtime.Aj.preProcess org.aspectj.weaver.loadtime.Aj@58027738 org/springframework/jndi/JndiLocatorSupport, byte[2464], org.springframework.test.jpa.OrmXmlOverridingShadowingClassLoader@2bbf1be2
402  [main] DEBUG org.aspectj.weaver.loadtime.Aj  - 16:57:59.922 main - org.aspectj.weaver.loadtime.Aj.preProcess org.aspectj.weaver.loadtime.Aj@58027738 sun.misc.Launcher$AppClassLoader@302b2c81, org.springframework.test.jpa.OrmXmlOverridingShadowingClassLoader@2bbf1be2
402  [main] DEBUG org.aspectj.weaver.tools.WeavingAdaptor  - 16:57:59.922 main &gt; org.aspectj.weaver.tools.WeavingAdaptor.weaveClass org.aspectj.weaver.loadtime.ClassLoaderWeavingAdaptor@10b090ac org/springframework/jndi/JndiLocatorSupport, byte[2464]
402  [main] DEBUG org.aspectj.weaver.tools.WeavingAdaptor  - 16:57:59.922 main &lt; org.aspectj.weaver.tools.WeavingAdaptor.weaveClass false
402  [main] DEBUG org.aspectj.weaver.loadtime.Aj  - 16:57:59.922 main &lt; org.aspectj.weaver.loadtime.Aj.preProcess byte[2464]
402  [main] DEBUG org.aspectj.weaver.loadtime.Aj  - 16:57:59.922 main &gt; org.aspectj.weaver.loadtime.Aj.preProcess org.aspectj.weaver.loadtime.Aj@58027738 org/springframework/jndi/JndiAccessor, byte[1285], org.springframework.test.jpa.OrmXmlOverridingShadowingClassLoader@2bbf1be2
403  [main] DEBUG org.aspectj.weaver.loadtime.Aj  - 16:57:59.923 main - org.aspectj.weaver.loadtime.Aj.preProcess org.aspectj.weaver.loadtime.Aj@58027738 sun.misc.Launcher$AppClassLoader@302b2c81, org.springframework.test.jpa.OrmXmlOverridingShadowingClassLoader@2bbf1be2
403  [main] DEBUG org.aspectj.weaver.tools.WeavingAdaptor  - 16:57:59.923 main &gt; org.aspectj.weaver.tools.WeavingAdaptor.weaveClass org.aspectj.weaver.loadtime.ClassLoaderWeavingAdaptor@10b090ac org/springframework/jndi/JndiAccessor, byte[1285]
403  [main] DEBUG org.aspectj.weaver.tools.WeavingAdaptor  - 16:57:59.923 main &lt; org.aspectj.weaver.tools.WeavingAdaptor.weaveClass false
403  [main] DEBUG org.aspectj.weaver.loadtime.Aj  - 16:57:59.923 main &lt; org.aspectj.weaver.loadtime.Aj.preProcess byte[1285]
403  [main] DEBUG org.aspectj.weaver.loadtime.Aj  - 16:57:59.923 main &gt; org.aspectj.weaver.loadtime.Aj.preProcess org.aspectj.weaver.loadtime.Aj@58027738 org/springframework/dao/annotation/PersistenceExceptionTranslationPostProcessor, byte[3836], org.springframework.test.jpa.OrmXmlOverridingShadowingClassLoader@2bbf1be2
403  [main] DEBUG org.aspectj.weaver.loadtime.Aj  - 16:57:59.923 main - org.aspectj.weaver.loadtime.Aj.preProcess org.aspectj.weaver.loadtime.Aj@58027738 sun.misc.Launcher$AppClassLoader@302b2c81, org.springframework.test.jpa.OrmXmlOverridingShadowingClassLoader@2bbf1be2
403  [main] DEBUG org.aspectj.weaver.tools.WeavingAdaptor  - 16:57:59.923 main &gt; org.aspectj.weaver.tools.WeavingAdaptor.weaveClass org.aspectj.weaver.loadtime.ClassLoaderWeavingAdaptor@10b090ac org/springframework/dao/annotation/PersistenceExceptionTranslationPostProcessor, byte[3836]
403  [main] DEBUG org.aspectj.weaver.tools.WeavingAdaptor  - 16:57:59.923 main &lt; org.aspectj.weaver.tools.WeavingAdaptor.weaveClass false
403  [main] DEBUG org.aspectj.weaver.loadtime.Aj  - 16:57:59.923 main &lt; org.aspectj.weaver.loadtime.Aj.preProcess byte[3836]
404  [main] DEBUG org.aspectj.weaver.loadtime.Aj  - 16:57:59.924 main &gt; org.aspectj.weaver.loadtime.Aj.preProcess org.aspectj.weaver.loadtime.Aj@58027738 tudu/domain/dao/jpa/UserDAOJpa, byte[2512], org.springframework.test.jpa.OrmXmlOverridingShadowingClassLoader@2bbf1be2
404  [main] DEBUG org.aspectj.weaver.loadtime.Aj  - 16:57:59.924 main - org.aspectj.weaver.loadtime.Aj.preProcess org.aspectj.weaver.loadtime.Aj@58027738 sun.misc.Launcher$AppClassLoader@302b2c81, org.springframework.test.jpa.OrmXmlOverridingShadowingClassLoader@2bbf1be2
404  [main] DEBUG org.aspectj.weaver.tools.WeavingAdaptor  - 16:57:59.924 main &gt; org.aspectj.weaver.tools.WeavingAdaptor.weaveClass org.aspectj.weaver.loadtime.ClassLoaderWeavingAdaptor@10b090ac tudu/domain/dao/jpa/UserDAOJpa, byte[2512]
404  [main] DEBUG org.aspectj.weaver.tools.WeavingAdaptor  - 16:57:59.924 main &lt; org.aspectj.weaver.tools.WeavingAdaptor.weaveClass false
404  [main] DEBUG org.aspectj.weaver.loadtime.Aj  - 16:57:59.924 main &lt; org.aspectj.weaver.loadtime.Aj.preProcess byte[2512]
405  [main] DEBUG org.aspectj.weaver.loadtime.Aj  - 16:57:59.925 main &gt; org.aspectj.weaver.loadtime.Aj.preProcess org.aspectj.weaver.loadtime.Aj@58027738 tudu/domain/dao/UserDAO, byte[430], org.springframework.test.jpa.OrmXmlOverridingShadowingClassLoader@2bbf1be2
405  [main] DEBUG org.aspectj.weaver.loadtime.Aj  - 16:57:59.925 main - org.aspectj.weaver.loadtime.Aj.preProcess org.aspectj.weaver.loadtime.Aj@58027738 sun.misc.Launcher$AppClassLoader@302b2c81, org.springframework.test.jpa.OrmXmlOverridingShadowingClassLoader@2bbf1be2
405  [main] DEBUG org.aspectj.weaver.tools.WeavingAdaptor  - 16:57:59.925 main &gt; org.aspectj.weaver.tools.WeavingAdaptor.weaveClass org.aspectj.weaver.loadtime.ClassLoaderWeavingAdaptor@10b090ac tudu/domain/dao/UserDAO, byte[430]
405  [main] DEBUG org.aspectj.weaver.tools.WeavingAdaptor  - 16:57:59.925 main &lt; org.aspectj.weaver.tools.WeavingAdaptor.weaveClass false
405  [main] DEBUG org.aspectj.weaver.loadtime.Aj  - 16:57:59.925 main &lt; org.aspectj.weaver.loadtime.Aj.preProcess byte[430]
405  [main] DEBUG org.aspectj.weaver.loadtime.Aj  - 16:57:59.925 main &gt; org.aspectj.weaver.loadtime.Aj.preProcess org.aspectj.weaver.loadtime.Aj@58027738 tudu/domain/dao/jpa/RoleDAOJpa, byte[1353], org.springframework.test.jpa.OrmXmlOverridingShadowingClassLoader@2bbf1be2
405  [main] DEBUG org.aspectj.weaver.loadtime.Aj  - 16:57:59.925 main - org.aspectj.weaver.loadtime.Aj.preProcess org.aspectj.weaver.loadtime.Aj@58027738 sun.misc.Launcher$AppClassLoader@302b2c81, org.springframework.test.jpa.OrmXmlOverridingShadowingClassLoader@2bbf1be2
405  [main] DEBUG org.aspectj.weaver.tools.WeavingAdaptor  - 16:57:59.925 main &gt; org.aspectj.weaver.tools.WeavingAdaptor.weaveClass org.aspectj.weaver.loadtime.ClassLoaderWeavingAdaptor@10b090ac tudu/domain/dao/jpa/RoleDAOJpa, byte[1353]
405  [main] DEBUG org.aspectj.weaver.tools.WeavingAdaptor  - 16:57:59.925 main &lt; org.aspectj.weaver.tools.WeavingAdaptor.weaveClass false
405  [main] DEBUG org.aspectj.weaver.loadtime.Aj  - 16:57:59.925 main &lt; org.aspectj.weaver.loadtime.Aj.preProcess byte[1353]
406  [main] DEBUG org.aspectj.weaver.loadtime.Aj  - 16:57:59.926 main &gt; org.aspectj.weaver.loadtime.Aj.preProcess org.aspectj.weaver.loadtime.Aj@58027738 tudu/domain/dao/RoleDAO, byte[225], org.springframework.test.jpa.OrmXmlOverridingShadowingClassLoader@2bbf1be2
406  [main] DEBUG org.aspectj.weaver.loadtime.Aj  - 16:57:59.926 main - org.aspectj.weaver.loadtime.Aj.preProcess org.aspectj.weaver.loadtime.Aj@58027738 sun.misc.Launcher$AppClassLoader@302b2c81, org.springframework.test.jpa.OrmXmlOverridingShadowingClassLoader@2bbf1be2
406  [main] DEBUG org.aspectj.weaver.tools.WeavingAdaptor  - 16:57:59.926 main &gt; org.aspectj.weaver.tools.WeavingAdaptor.weaveClass org.aspectj.weaver.loadtime.ClassLoaderWeavingAdaptor@10b090ac tudu/domain/dao/RoleDAO, byte[225]
406  [main] DEBUG org.aspectj.weaver.tools.WeavingAdaptor  - 16:57:59.926 main &lt; org.aspectj.weaver.tools.WeavingAdaptor.weaveClass false
406  [main] DEBUG org.aspectj.weaver.loadtime.Aj  - 16:57:59.926 main &lt; org.aspectj.weaver.loadtime.Aj.preProcess byte[225]
407  [main] DEBUG org.aspectj.weaver.loadtime.Aj  - 16:57:59.926 main &gt; org.aspectj.weaver.loadtime.Aj.preProcess org.aspectj.weaver.loadtime.Aj@58027738 tudu/domain/dao/jpa/TodoListDAOJpa, byte[1693], org.springframework.test.jpa.OrmXmlOverridingShadowingClassLoader@2bbf1be2
407  [main] DEBUG org.aspectj.weaver.loadtime.Aj  - 16:57:59.927 main - org.aspectj.weaver.loadtime.Aj.preProcess org.aspectj.weaver.loadtime.Aj@58027738 sun.misc.Launcher$AppClassLoader@302b2c81, org.springframework.test.jpa.OrmXmlOverridingShadowingClassLoader@2bbf1be2
407  [main] DEBUG org.aspectj.weaver.tools.WeavingAdaptor  - 16:57:59.927 main &gt; org.aspectj.weaver.tools.WeavingAdaptor.weaveClass org.aspectj.weaver.loadtime.ClassLoaderWeavingAdaptor@10b090ac tudu/domain/dao/jpa/TodoListDAOJpa, byte[1693]
407  [main] DEBUG org.aspectj.weaver.tools.WeavingAdaptor  - 16:57:59.927 main &lt; org.aspectj.weaver.tools.WeavingAdaptor.weaveClass false
407  [main] DEBUG org.aspectj.weaver.loadtime.Aj  - 16:57:59.927 main &lt; org.aspectj.weaver.loadtime.Aj.preProcess byte[1693]
407  [main] DEBUG org.aspectj.weaver.loadtime.Aj  - 16:57:59.927 main &gt; org.aspectj.weaver.loadtime.Aj.preProcess org.aspectj.weaver.loadtime.Aj@58027738 tudu/domain/dao/TodoListDAO, byte[323], org.springframework.test.jpa.OrmXmlOverridingShadowingClassLoader@2bbf1be2
407  [main] DEBUG org.aspectj.weaver.loadtime.Aj  - 16:57:59.927 main - org.aspectj.weaver.loadtime.Aj.preProcess org.aspectj.weaver.loadtime.Aj@58027738 sun.misc.Launcher$AppClassLoader@302b2c81, org.springframework.test.jpa.OrmXmlOverridingShadowingClassLoader@2bbf1be2
407  [main] DEBUG org.aspectj.weaver.tools.WeavingAdaptor  - 16:57:59.927 main &gt; org.aspectj.weaver.tools.WeavingAdaptor.weaveClass org.aspectj.weaver.loadtime.ClassLoaderWeavingAdaptor@10b090ac tudu/domain/dao/TodoListDAO, byte[323]
407  [main] DEBUG org.aspectj.weaver.tools.WeavingAdaptor  - 16:57:59.927 main &lt; org.aspectj.weaver.tools.WeavingAdaptor.weaveClass false
407  [main] DEBUG org.aspectj.weaver.loadtime.Aj  - 16:57:59.927 main &lt; org.aspectj.weaver.loadtime.Aj.preProcess byte[323]
408  [main] DEBUG org.aspectj.weaver.loadtime.Aj  - 16:57:59.928 main &gt; org.aspectj.weaver.loadtime.Aj.preProcess org.aspectj.weaver.loadtime.Aj@58027738 tudu/domain/dao/jpa/TodoDAOJpa, byte[1625], org.springframework.test.jpa.OrmXmlOverridingShadowingClassLoader@2bbf1be2
408  [main] DEBUG org.aspectj.weaver.loadtime.Aj  - 16:57:59.928 main - org.aspectj.weaver.loadtime.Aj.preProcess org.aspectj.weaver.loadtime.Aj@58027738 sun.misc.Launcher$AppClassLoader@302b2c81, org.springframework.test.jpa.OrmXmlOverridingShadowingClassLoader@2bbf1be2
408  [main] DEBUG org.aspectj.weaver.tools.WeavingAdaptor  - 16:57:59.928 main &gt; org.aspectj.weaver.tools.WeavingAdaptor.weaveClass org.aspectj.weaver.loadtime.ClassLoaderWeavingAdaptor@10b090ac tudu/domain/dao/jpa/TodoDAOJpa, byte[1625]
408  [main] DEBUG org.aspectj.weaver.tools.WeavingAdaptor  - 16:57:59.928 main &lt; org.aspectj.weaver.tools.WeavingAdaptor.weaveClass false
408  [main] DEBUG org.aspectj.weaver.loadtime.Aj  - 16:57:59.928 main &lt; org.aspectj.weaver.loadtime.Aj.preProcess byte[1625]
408  [main] DEBUG org.aspectj.weaver.loadtime.Aj  - 16:57:59.928 main &gt; org.aspectj.weaver.loadtime.Aj.preProcess org.aspectj.weaver.loadtime.Aj@58027738 tudu/domain/dao/TodoDAO, byte[291], org.springframework.test.jpa.OrmXmlOverridingShadowingClassLoader@2bbf1be2
409  [main] DEBUG org.aspectj.weaver.loadtime.Aj  - 16:57:59.929 main - org.aspectj.weaver.loadtime.Aj.preProcess org.aspectj.weaver.loadtime.Aj@58027738 sun.misc.Launcher$AppClassLoader@302b2c81, org.springframework.test.jpa.OrmXmlOverridingShadowingClassLoader@2bbf1be2
409  [main] DEBUG org.aspectj.weaver.tools.WeavingAdaptor  - 16:57:59.929 main &gt; org.aspectj.weaver.tools.WeavingAdaptor.weaveClass org.aspectj.weaver.loadtime.ClassLoaderWeavingAdaptor@10b090ac tudu/domain/dao/TodoDAO, byte[291]
409  [main] DEBUG org.aspectj.weaver.tools.WeavingAdaptor  - 16:57:59.929 main &lt; org.aspectj.weaver.tools.WeavingAdaptor.weaveClass false
409  [main] DEBUG org.aspectj.weaver.loadtime.Aj  - 16:57:59.929 main &lt; org.aspectj.weaver.loadtime.Aj.preProcess byte[291]
409  [main] DEBUG org.aspectj.weaver.loadtime.Aj  - 16:57:59.929 main &gt; org.aspectj.weaver.loadtime.Aj.preProcess org.aspectj.weaver.loadtime.Aj@58027738 tudu/domain/dao/jpa/PropertyDAOJpa, byte[1367], org.springframework.test.jpa.OrmXmlOverridingShadowingClassLoader@2bbf1be2
409  [main] DEBUG org.aspectj.weaver.loadtime.Aj  - 16:57:59.929 main - org.aspectj.weaver.loadtime.Aj.preProcess org.aspectj.weaver.loadtime.Aj@58027738 sun.misc.Launcher$AppClassLoader@302b2c81, org.springframework.test.jpa.OrmXmlOverridingShadowingClassLoader@2bbf1be2
409  [main] DEBUG org.aspectj.weaver.tools.WeavingAdaptor  - 16:57:59.929 main &gt; org.aspectj.weaver.tools.WeavingAdaptor.weaveClass org.aspectj.weaver.loadtime.ClassLoaderWeavingAdaptor@10b090ac tudu/domain/dao/jpa/PropertyDAOJpa, byte[1367]
409  [main] DEBUG org.aspectj.weaver.tools.WeavingAdaptor  - 16:57:59.929 main &lt; org.aspectj.weaver.tools.WeavingAdaptor.weaveClass false
409  [main] DEBUG org.aspectj.weaver.loadtime.Aj  - 16:57:59.929 main &lt; org.aspectj.weaver.loadtime.Aj.preProcess byte[1367]
410  [main] DEBUG org.aspectj.weaver.loadtime.Aj  - 16:57:59.930 main &gt; org.aspectj.weaver.loadtime.Aj.preProcess org.aspectj.weaver.loadtime.Aj@58027738 tudu/domain/dao/PropertyDAO, byte[274], org.springframework.test.jpa.OrmXmlOverridingShadowingClassLoader@2bbf1be2
410  [main] DEBUG org.aspectj.weaver.loadtime.Aj  - 16:57:59.930 main - org.aspectj.weaver.loadtime.Aj.preProcess org.aspectj.weaver.loadtime.Aj@58027738 sun.misc.Launcher$AppClassLoader@302b2c81, org.springframework.test.jpa.OrmXmlOverridingShadowingClassLoader@2bbf1be2
410  [main] DEBUG org.aspectj.weaver.tools.WeavingAdaptor  - 16:57:59.930 main &gt; org.aspectj.weaver.tools.WeavingAdaptor.weaveClass org.aspectj.weaver.loadtime.ClassLoaderWeavingAdaptor@10b090ac tudu/domain/dao/PropertyDAO, byte[274]
410  [main] DEBUG org.aspectj.weaver.tools.WeavingAdaptor  - 16:57:59.930 main &lt; org.aspectj.weaver.tools.WeavingAdaptor.weaveClass false
410  [main] DEBUG org.aspectj.weaver.loadtime.Aj  - 16:57:59.930 main &lt; org.aspectj.weaver.loadtime.Aj.preProcess byte[274]
411  [main] DEBUG org.aspectj.weaver.loadtime.Aj  - 16:57:59.931 main &gt; org.aspectj.weaver.loadtime.Aj.preProcess org.aspectj.weaver.loadtime.Aj@58027738 tudu/service/impl/UserManagerImpl, byte[8377], org.springframework.test.jpa.OrmXmlOverridingShadowingClassLoader@2bbf1be2
411  [main] DEBUG org.aspectj.weaver.loadtime.Aj  - 16:57:59.931 main - org.aspectj.weaver.loadtime.Aj.preProcess org.aspectj.weaver.loadtime.Aj@58027738 sun.misc.Launcher$AppClassLoader@302b2c81, org.springframework.test.jpa.OrmXmlOverridingShadowingClassLoader@2bbf1be2
411  [main] DEBUG org.aspectj.weaver.tools.WeavingAdaptor  - 16:57:59.931 main &gt; org.aspectj.weaver.tools.WeavingAdaptor.weaveClass org.aspectj.weaver.loadtime.ClassLoaderWeavingAdaptor@10b090ac tudu/service/impl/UserManagerImpl, byte[8377]
411  [main] DEBUG org.aspectj.weaver.tools.WeavingAdaptor  - 16:57:59.931 main &lt; org.aspectj.weaver.tools.WeavingAdaptor.weaveClass false
411  [main] DEBUG org.aspectj.weaver.loadtime.Aj  - 16:57:59.931 main &lt; org.aspectj.weaver.loadtime.Aj.preProcess byte[8377]
411  [main] DEBUG org.aspectj.weaver.loadtime.Aj  - 16:57:59.931 main &gt; org.aspectj.weaver.loadtime.Aj.preProcess org.aspectj.weaver.loadtime.Aj@58027738 tudu/service/UserManager, byte[650], org.springframework.test.jpa.OrmXmlOverridingShadowingClassLoader@2bbf1be2
411  [main] DEBUG org.aspectj.weaver.loadtime.Aj  - 16:57:59.931 main - org.aspectj.weaver.loadtime.Aj.preProcess org.aspectj.weaver.loadtime.Aj@58027738 sun.misc.Launcher$AppClassLoader@302b2c81, org.springframework.test.jpa.OrmXmlOverridingShadowingClassLoader@2bbf1be2
412  [main] DEBUG org.aspectj.weaver.tools.WeavingAdaptor  - 16:57:59.932 main &gt; org.aspectj.weaver.tools.WeavingAdaptor.weaveClass org.aspectj.weaver.loadtime.ClassLoaderWeavingAdaptor@10b090ac tudu/service/UserManager, byte[650]
412  [main] DEBUG org.aspectj.weaver.tools.WeavingAdaptor  - 16:57:59.932 main &lt; org.aspectj.weaver.tools.WeavingAdaptor.weaveClass false
412  [main] DEBUG org.aspectj.weaver.loadtime.Aj  - 16:57:59.932 main &lt; org.aspectj.weaver.loadtime.Aj.preProcess byte[650]
412  [main] DEBUG org.aspectj.weaver.loadtime.Aj  - 16:57:59.932 main &gt; org.aspectj.weaver.loadtime.Aj.preProcess org.aspectj.weaver.loadtime.Aj@58027738 tudu/service/impl/TodoListsManagerImpl, byte[8829], org.springframework.test.jpa.OrmXmlOverridingShadowingClassLoader@2bbf1be2
412  [main] DEBUG org.aspectj.weaver.loadtime.Aj  - 16:57:59.932 main - org.aspectj.weaver.loadtime.Aj.preProcess org.aspectj.weaver.loadtime.Aj@58027738 sun.misc.Launcher$AppClassLoader@302b2c81, org.springframework.test.jpa.OrmXmlOverridingShadowingClassLoader@2bbf1be2
412  [main] DEBUG org.aspectj.weaver.tools.WeavingAdaptor  - 16:57:59.932 main &gt; org.aspectj.weaver.tools.WeavingAdaptor.weaveClass org.aspectj.weaver.loadtime.ClassLoaderWeavingAdaptor@10b090ac tudu/service/impl/TodoListsManagerImpl, byte[8829]
412  [main] DEBUG org.aspectj.weaver.tools.WeavingAdaptor  - 16:57:59.932 main &lt; org.aspectj.weaver.tools.WeavingAdaptor.weaveClass false
412  [main] DEBUG org.aspectj.weaver.loadtime.Aj  - 16:57:59.932 main &lt; org.aspectj.weaver.loadtime.Aj.preProcess byte[8829]
413  [main] DEBUG org.aspectj.weaver.loadtime.Aj  - 16:57:59.933 main &gt; org.aspectj.weaver.loadtime.Aj.preProcess org.aspectj.weaver.loadtime.Aj@58027738 tudu/service/TodoListsManager, byte[706], org.springframework.test.jpa.OrmXmlOverridingShadowingClassLoader@2bbf1be2
413  [main] DEBUG org.aspectj.weaver.loadtime.Aj  - 16:57:59.933 main - org.aspectj.weaver.loadtime.Aj.preProcess org.aspectj.weaver.loadtime.Aj@58027738 sun.misc.Launcher$AppClassLoader@302b2c81, org.springframework.test.jpa.OrmXmlOverridingShadowingClassLoader@2bbf1be2
413  [main] DEBUG org.aspectj.weaver.tools.WeavingAdaptor  - 16:57:59.933 main &gt; org.aspectj.weaver.tools.WeavingAdaptor.weaveClass org.aspectj.weaver.loadtime.ClassLoaderWeavingAdaptor@10b090ac tudu/service/TodoListsManager, byte[706]
413  [main] DEBUG org.aspectj.weaver.tools.WeavingAdaptor  - 16:57:59.933 main &lt; org.aspectj.weaver.tools.WeavingAdaptor.weaveClass false
413  [main] DEBUG org.aspectj.weaver.loadtime.Aj  - 16:57:59.933 main &lt; org.aspectj.weaver.loadtime.Aj.preProcess byte[706]
413  [main] DEBUG org.aspectj.weaver.loadtime.Aj  - 16:57:59.933 main &gt; org.aspectj.weaver.loadtime.Aj.preProcess org.aspectj.weaver.loadtime.Aj@58027738 tudu/service/impl/TodosManagerImpl, byte[6096], org.springframework.test.jpa.OrmXmlOverridingShadowingClassLoader@2bbf1be2
414  [main] DEBUG org.aspectj.weaver.loadtime.Aj  - 16:57:59.934 main - org.aspectj.weaver.loadtime.Aj.preProcess org.aspectj.weaver.loadtime.Aj@58027738 sun.misc.Launcher$AppClassLoader@302b2c81, org.springframework.test.jpa.OrmXmlOverridingShadowingClassLoader@2bbf1be2
414  [main] DEBUG org.aspectj.weaver.tools.WeavingAdaptor  - 16:57:59.934 main &gt; org.aspectj.weaver.tools.WeavingAdaptor.weaveClass org.aspectj.weaver.loadtime.ClassLoaderWeavingAdaptor@10b090ac tudu/service/impl/TodosManagerImpl, byte[6096]
414  [main] DEBUG org.aspectj.weaver.tools.WeavingAdaptor  - 16:57:59.934 main &lt; org.aspectj.weaver.tools.WeavingAdaptor.weaveClass false
414  [main] DEBUG org.aspectj.weaver.loadtime.Aj  - 16:57:59.934 main &lt; org.aspectj.weaver.loadtime.Aj.preProcess byte[6096]
414  [main] DEBUG org.aspectj.weaver.loadtime.Aj  - 16:57:59.934 main &gt; org.aspectj.weaver.loadtime.Aj.preProcess org.aspectj.weaver.loadtime.Aj@58027738 tudu/service/TodosManager, byte[589], org.springframework.test.jpa.OrmXmlOverridingShadowingClassLoader@2bbf1be2
414  [main] DEBUG org.aspectj.weaver.loadtime.Aj  - 16:57:59.934 main - org.aspectj.weaver.loadtime.Aj.preProcess org.aspectj.weaver.loadtime.Aj@58027738 sun.misc.Launcher$AppClassLoader@302b2c81, org.springframework.test.jpa.OrmXmlOverridingShadowingClassLoader@2bbf1be2
414  [main] DEBUG org.aspectj.weaver.tools.WeavingAdaptor  - 16:57:59.934 main &gt; org.aspectj.weaver.tools.WeavingAdaptor.weaveClass org.aspectj.weaver.loadtime.ClassLoaderWeavingAdaptor@10b090ac tudu/service/TodosManager, byte[589]
414  [main] DEBUG org.aspectj.weaver.tools.WeavingAdaptor  - 16:57:59.934 main &lt; org.aspectj.weaver.tools.WeavingAdaptor.weaveClass false
414  [main] DEBUG org.aspectj.weaver.loadtime.Aj  - 16:57:59.934 main &lt; org.aspectj.weaver.loadtime.Aj.preProcess byte[589]
415  [main] DEBUG org.aspectj.weaver.loadtime.Aj  - 16:57:59.935 main &gt; org.aspectj.weaver.loadtime.Aj.preProcess org.aspectj.weaver.loadtime.Aj@58027738 tudu/service/impl/ConfigurationManagerImpl, byte[6419], org.springframework.test.jpa.OrmXmlOverridingShadowingClassLoader@2bbf1be2
415  [main] DEBUG org.aspectj.weaver.loadtime.Aj  - 16:57:59.935 main - org.aspectj.weaver.loadtime.Aj.preProcess org.aspectj.weaver.loadtime.Aj@58027738 sun.misc.Launcher$AppClassLoader@302b2c81, org.springframework.test.jpa.OrmXmlOverridingShadowingClassLoader@2bbf1be2
415  [main] DEBUG org.aspectj.weaver.tools.WeavingAdaptor  - 16:57:59.935 main &gt; org.aspectj.weaver.tools.WeavingAdaptor.weaveClass org.aspectj.weaver.loadtime.ClassLoaderWeavingAdaptor@10b090ac tudu/service/impl/ConfigurationManagerImpl, byte[6419]
415  [main] DEBUG org.aspectj.weaver.tools.WeavingAdaptor  - 16:57:59.935 main &lt; org.aspectj.weaver.tools.WeavingAdaptor.weaveClass false
415  [main] DEBUG org.aspectj.weaver.loadtime.Aj  - 16:57:59.935 main &lt; org.aspectj.weaver.loadtime.Aj.preProcess byte[6419]
415  [main] DEBUG org.aspectj.weaver.loadtime.Aj  - 16:57:59.935 main &gt; org.aspectj.weaver.loadtime.Aj.preProcess org.aspectj.weaver.loadtime.Aj@58027738 tudu/service/ConfigurationManager, byte[480], org.springframework.test.jpa.OrmXmlOverridingShadowingClassLoader@2bbf1be2
415  [main] DEBUG org.aspectj.weaver.loadtime.Aj  - 16:57:59.935 main - org.aspectj.weaver.loadtime.Aj.preProcess org.aspectj.weaver.loadtime.Aj@58027738 sun.misc.Launcher$AppClassLoader@302b2c81, org.springframework.test.jpa.OrmXmlOverridingShadowingClassLoader@2bbf1be2
416  [main] DEBUG org.aspectj.weaver.tools.WeavingAdaptor  - 16:57:59.935 main &gt; org.aspectj.weaver.tools.WeavingAdaptor.weaveClass org.aspectj.weaver.loadtime.ClassLoaderWeavingAdaptor@10b090ac tudu/service/ConfigurationManager, byte[480]
416  [main] DEBUG org.aspectj.weaver.tools.WeavingAdaptor  - 16:57:59.936 main &lt; org.aspectj.weaver.tools.WeavingAdaptor.weaveClass false
416  [main] DEBUG org.aspectj.weaver.loadtime.Aj  - 16:57:59.936 main &lt; org.aspectj.weaver.loadtime.Aj.preProcess byte[480]
416  [main] DEBUG org.aspectj.weaver.loadtime.Aj  - 16:57:59.936 main &gt; org.aspectj.weaver.loadtime.Aj.preProcess org.aspectj.weaver.loadtime.Aj@58027738 org/acegisecurity/event/authentication/LoggerListener, byte[3094], org.springframework.test.jpa.OrmXmlOverridingShadowingClassLoader@2bbf1be2
416  [main] DEBUG org.aspectj.weaver.loadtime.Aj  - 16:57:59.936 main - org.aspectj.weaver.loadtime.Aj.preProcess org.aspectj.weaver.loadtime.Aj@58027738 sun.misc.Launcher$AppClassLoader@302b2c81, org.springframework.test.jpa.OrmXmlOverridingShadowingClassLoader@2bbf1be2
416  [main] DEBUG org.aspectj.weaver.tools.WeavingAdaptor  - 16:57:59.936 main &gt; org.aspectj.weaver.tools.WeavingAdaptor.weaveClass org.aspectj.weaver.loadtime.ClassLoaderWeavingAdaptor@10b090ac org/acegisecurity/event/authentication/LoggerListener, byte[3094]
416  [main] DEBUG org.aspectj.weaver.tools.WeavingAdaptor  - 16:57:59.936 main &lt; org.aspectj.weaver.tools.WeavingAdaptor.weaveClass false
417  [main] DEBUG org.aspectj.weaver.loadtime.Aj  - 16:57:59.937 main &lt; org.aspectj.weaver.loadtime.Aj.preProcess byte[3094]
417  [main] DEBUG org.aspectj.weaver.loadtime.Aj  - 16:57:59.937 main &gt; org.aspectj.weaver.loadtime.Aj.preProcess org.aspectj.weaver.loadtime.Aj@58027738 org/acegisecurity/providers/ProviderManager, byte[12511], org.springframework.test.jpa.OrmXmlOverridingShadowingClassLoader@2bbf1be2
417  [main] DEBUG org.aspectj.weaver.loadtime.Aj  - 16:57:59.937 main - org.aspectj.weaver.loadtime.Aj.preProcess org.aspectj.weaver.loadtime.Aj@58027738 sun.misc.Launcher$AppClassLoader@302b2c81, org.springframework.test.jpa.OrmXmlOverridingShadowingClassLoader@2bbf1be2
417  [main] DEBUG org.aspectj.weaver.tools.WeavingAdaptor  - 16:57:59.937 main &gt; org.aspectj.weaver.tools.WeavingAdaptor.weaveClass org.aspectj.weaver.loadtime.ClassLoaderWeavingAdaptor@10b090ac org/acegisecurity/providers/ProviderManager, byte[12511]
417  [main] DEBUG org.aspectj.weaver.tools.WeavingAdaptor  - 16:57:59.937 main &lt; org.aspectj.weaver.tools.WeavingAdaptor.weaveClass false
417  [main] DEBUG org.aspectj.weaver.loadtime.Aj  - 16:57:59.937 main &lt; org.aspectj.weaver.loadtime.Aj.preProcess byte[12511]
418  [main] DEBUG org.aspectj.weaver.loadtime.Aj  - 16:57:59.938 main &gt; org.aspectj.weaver.loadtime.Aj.preProcess org.aspectj.weaver.loadtime.Aj@58027738 org/acegisecurity/AbstractAuthenticationManager, byte[881], org.springframework.test.jpa.OrmXmlOverridingShadowingClassLoader@2bbf1be2
418  [main] DEBUG org.aspectj.weaver.loadtime.Aj  - 16:57:59.938 main - org.aspectj.weaver.loadtime.Aj.preProcess org.aspectj.weaver.loadtime.Aj@58027738 sun.misc.Launcher$AppClassLoader@302b2c81, org.springframework.test.jpa.OrmXmlOverridingShadowingClassLoader@2bbf1be2
418  [main] DEBUG org.aspectj.weaver.tools.WeavingAdaptor  - 16:57:59.938 main &gt; org.aspectj.weaver.tools.WeavingAdaptor.weaveClass org.aspectj.weaver.loadtime.ClassLoaderWeavingAdaptor@10b090ac org/acegisecurity/AbstractAuthenticationManager, byte[881]
418  [main] DEBUG org.aspectj.weaver.tools.WeavingAdaptor  - 16:57:59.938 main &lt; org.aspectj.weaver.tools.WeavingAdaptor.weaveClass false
418  [main] DEBUG org.aspectj.weaver.loadtime.Aj  - 16:57:59.938 main &lt; org.aspectj.weaver.loadtime.Aj.preProcess byte[881]
418  [main] DEBUG org.aspectj.weaver.loadtime.Aj  - 16:57:59.938 main &gt; org.aspectj.weaver.loadtime.Aj.preProcess org.aspectj.weaver.loadtime.Aj@58027738 org/acegisecurity/AuthenticationManager, byte[307], org.springframework.test.jpa.OrmXmlOverridingShadowingClassLoader@2bbf1be2
418  [main] DEBUG org.aspectj.weaver.loadtime.Aj  - 16:57:59.938 main - org.aspectj.weaver.loadtime.Aj.preProcess org.aspectj.weaver.loadtime.Aj@58027738 sun.misc.Launcher$AppClassLoader@302b2c81, org.springframework.test.jpa.OrmXmlOverridingShadowingClassLoader@2bbf1be2
418  [main] DEBUG org.aspectj.weaver.tools.WeavingAdaptor  - 16:57:59.938 main &gt; org.aspectj.weaver.tools.WeavingAdaptor.weaveClass org.aspectj.weaver.loadtime.ClassLoaderWeavingAdaptor@10b090ac org/acegisecurity/AuthenticationManager, byte[307]
419  [main] DEBUG org.aspectj.weaver.tools.WeavingAdaptor  - 16:57:59.939 main &lt; org.aspectj.weaver.tools.WeavingAdaptor.weaveClass false
419  [main] DEBUG org.aspectj.weaver.loadtime.Aj  - 16:57:59.939 main &lt; org.aspectj.weaver.loadtime.Aj.preProcess byte[307]
419  [main] DEBUG org.aspectj.weaver.loadtime.Aj  - 16:57:59.939 main &gt; org.aspectj.weaver.loadtime.Aj.preProcess org.aspectj.weaver.loadtime.Aj@58027738 org/acegisecurity/providers/dao/DaoAuthenticationProvider, byte[6034], org.springframework.test.jpa.OrmXmlOverridingShadowingClassLoader@2bbf1be2
419  [main] DEBUG org.aspectj.weaver.loadtime.Aj  - 16:57:59.939 main - org.aspectj.weaver.loadtime.Aj.preProcess org.aspectj.weaver.loadtime.Aj@58027738 sun.misc.Launcher$AppClassLoader@302b2c81, org.springframework.test.jpa.OrmXmlOverridingShadowingClassLoader@2bbf1be2
419  [main] DEBUG org.aspectj.weaver.tools.WeavingAdaptor  - 16:57:59.939 main &gt; org.aspectj.weaver.tools.WeavingAdaptor.weaveClass org.aspectj.weaver.loadtime.ClassLoaderWeavingAdaptor@10b090ac org/acegisecurity/providers/dao/DaoAuthenticationProvider, byte[6034]
419  [main] DEBUG org.aspectj.weaver.tools.WeavingAdaptor  - 16:57:59.939 main &lt; org.aspectj.weaver.tools.WeavingAdaptor.weaveClass false
419  [main] DEBUG org.aspectj.weaver.loadtime.Aj  - 16:57:59.939 main &lt; org.aspectj.weaver.loadtime.Aj.preProcess byte[6034]
420  [main] DEBUG org.aspectj.weaver.loadtime.Aj  - 16:57:59.940 main &gt; org.aspectj.weaver.loadtime.Aj.preProcess org.aspectj.weaver.loadtime.Aj@58027738 org/acegisecurity/providers/dao/AbstractUserDetailsAuthenticationProvider, byte[6989], org.springframework.test.jpa.OrmXmlOverridingShadowingClassLoader@2bbf1be2
420  [main] DEBUG org.aspectj.weaver.loadtime.Aj  - 16:57:59.940 main - org.aspectj.weaver.loadtime.Aj.preProcess org.aspectj.weaver.loadtime.Aj@58027738 sun.misc.Launcher$AppClassLoader@302b2c81, org.springframework.test.jpa.OrmXmlOverridingShadowingClassLoader@2bbf1be2
420  [main] DEBUG org.aspectj.weaver.tools.WeavingAdaptor  - 16:57:59.940 main &gt; org.aspectj.weaver.tools.WeavingAdaptor.weaveClass org.aspectj.weaver.loadtime.ClassLoaderWeavingAdaptor@10b090ac org/acegisecurity/providers/dao/AbstractUserDetailsAuthenticationProvider, byte[6989]
420  [main] DEBUG org.aspectj.weaver.tools.WeavingAdaptor  - 16:57:59.940 main &lt; org.aspectj.weaver.tools.WeavingAdaptor.weaveClass false
420  [main] DEBUG org.aspectj.weaver.loadtime.Aj  - 16:57:59.940 main &lt; org.aspectj.weaver.loadtime.Aj.preProcess byte[6989]
420  [main] DEBUG org.aspectj.weaver.loadtime.Aj  - 16:57:59.940 main &gt; org.aspectj.weaver.loadtime.Aj.preProcess org.aspectj.weaver.loadtime.Aj@58027738 org/acegisecurity/providers/AuthenticationProvider, byte[361], org.springframework.test.jpa.OrmXmlOverridingShadowingClassLoader@2bbf1be2
420  [main] DEBUG org.aspectj.weaver.loadtime.Aj  - 16:57:59.940 main - org.aspectj.weaver.loadtime.Aj.preProcess org.aspectj.weaver.loadtime.Aj@58027738 sun.misc.Launcher$AppClassLoader@302b2c81, org.springframework.test.jpa.OrmXmlOverridingShadowingClassLoader@2bbf1be2
420  [main] DEBUG org.aspectj.weaver.tools.WeavingAdaptor  - 16:57:59.940 main &gt; org.aspectj.weaver.tools.WeavingAdaptor.weaveClass org.aspectj.weaver.loadtime.ClassLoaderWeavingAdaptor@10b090ac org/acegisecurity/providers/AuthenticationProvider, byte[361]
421  [main] DEBUG org.aspectj.weaver.tools.WeavingAdaptor  - 16:57:59.941 main &lt; org.aspectj.weaver.tools.WeavingAdaptor.weaveClass false
421  [main] DEBUG org.aspectj.weaver.loadtime.Aj  - 16:57:59.941 main &lt; org.aspectj.weaver.loadtime.Aj.preProcess byte[361]
421  [main] DEBUG org.aspectj.weaver.loadtime.Aj  - 16:57:59.941 main &gt; org.aspectj.weaver.loadtime.Aj.preProcess org.aspectj.weaver.loadtime.Aj@58027738 tudu/security/UserDetailsServiceImpl, byte[3331], org.springframework.test.jpa.OrmXmlOverridingShadowingClassLoader@2bbf1be2
421  [main] DEBUG org.aspectj.weaver.loadtime.Aj  - 16:57:59.941 main - org.aspectj.weaver.loadtime.Aj.preProcess org.aspectj.weaver.loadtime.Aj@58027738 sun.misc.Launcher$AppClassLoader@302b2c81, org.springframework.test.jpa.OrmXmlOverridingShadowingClassLoader@2bbf1be2
421  [main] DEBUG org.aspectj.weaver.tools.WeavingAdaptor  - 16:57:59.941 main &gt; org.aspectj.weaver.tools.WeavingAdaptor.weaveClass org.aspectj.weaver.loadtime.ClassLoaderWeavingAdaptor@10b090ac tudu/security/UserDetailsServiceImpl, byte[3331]
421  [main] DEBUG org.aspectj.weaver.tools.WeavingAdaptor  - 16:57:59.941 main &lt; org.aspectj.weaver.tools.WeavingAdaptor.weaveClass false
421  [main] DEBUG org.aspectj.weaver.loadtime.Aj  - 16:57:59.941 main &lt; org.aspectj.weaver.loadtime.Aj.preProcess byte[3331]
422  [main] DEBUG org.aspectj.weaver.loadtime.Aj  - 16:57:59.942 main &gt; org.aspectj.weaver.loadtime.Aj.preProcess org.aspectj.weaver.loadtime.Aj@58027738 org/acegisecurity/userdetails/UserDetailsService, byte[377], org.springframework.test.jpa.OrmXmlOverridingShadowingClassLoader@2bbf1be2
422  [main] DEBUG org.aspectj.weaver.loadtime.Aj  - 16:57:59.942 main - org.aspectj.weaver.loadtime.Aj.preProcess org.aspectj.weaver.loadtime.Aj@58027738 sun.misc.Launcher$AppClassLoader@302b2c81, org.springframework.test.jpa.OrmXmlOverridingShadowingClassLoader@2bbf1be2
422  [main] DEBUG org.aspectj.weaver.tools.WeavingAdaptor  - 16:57:59.942 main &gt; org.aspectj.weaver.tools.WeavingAdaptor.weaveClass org.aspectj.weaver.loadtime.ClassLoaderWeavingAdaptor@10b090ac org/acegisecurity/userdetails/UserDetailsService, byte[377]
422  [main] DEBUG org.aspectj.weaver.tools.WeavingAdaptor  - 16:57:59.942 main &lt; org.aspectj.weaver.tools.WeavingAdaptor.weaveClass false
422  [main] DEBUG org.aspectj.weaver.loadtime.Aj  - 16:57:59.942 main &lt; org.aspectj.weaver.loadtime.Aj.preProcess byte[377]
422  [main] DEBUG org.aspectj.weaver.loadtime.Aj  - 16:57:59.942 main &gt; org.aspectj.weaver.loadtime.Aj.preProcess org.aspectj.weaver.loadtime.Aj@58027738 org/acegisecurity/providers/dao/cache/EhCacheBasedUserCache, byte[3758], org.springframework.test.jpa.OrmXmlOverridingShadowingClassLoader@2bbf1be2
422  [main] DEBUG org.aspectj.weaver.loadtime.Aj  - 16:57:59.942 main - org.aspectj.weaver.loadtime.Aj.preProcess org.aspectj.weaver.loadtime.Aj@58027738 sun.misc.Launcher$AppClassLoader@302b2c81, org.springframework.test.jpa.OrmXmlOverridingShadowingClassLoader@2bbf1be2
423  [main] DEBUG org.aspectj.weaver.tools.WeavingAdaptor  - 16:57:59.943 main &gt; org.aspectj.weaver.tools.WeavingAdaptor.weaveClass org.aspectj.weaver.loadtime.ClassLoaderWeavingAdaptor@10b090ac org/acegisecurity/providers/dao/cache/EhCacheBasedUserCache, byte[3758]
423  [main] DEBUG org.aspectj.weaver.tools.WeavingAdaptor  - 16:57:59.943 main &lt; org.aspectj.weaver.tools.WeavingAdaptor.weaveClass false
423  [main] DEBUG org.aspectj.weaver.loadtime.Aj  - 16:57:59.943 main &lt; org.aspectj.weaver.loadtime.Aj.preProcess byte[3758]
423  [main] DEBUG org.aspectj.weaver.loadtime.Aj  - 16:57:59.943 main &gt; org.aspectj.weaver.loadtime.Aj.preProcess org.aspectj.weaver.loadtime.Aj@58027738 org/acegisecurity/providers/dao/UserCache, byte[352], org.springframework.test.jpa.OrmXmlOverridingShadowingClassLoader@2bbf1be2
423  [main] DEBUG org.aspectj.weaver.loadtime.Aj  - 16:57:59.943 main - org.aspectj.weaver.loadtime.Aj.preProcess org.aspectj.weaver.loadtime.Aj@58027738 sun.misc.Launcher$AppClassLoader@302b2c81, org.springframework.test.jpa.OrmXmlOverridingShadowingClassLoader@2bbf1be2
423  [main] DEBUG org.aspectj.weaver.tools.WeavingAdaptor  - 16:57:59.943 main &gt; org.aspectj.weaver.tools.WeavingAdaptor.weaveClass org.aspectj.weaver.loadtime.ClassLoaderWeavingAdaptor@10b090ac org/acegisecurity/providers/dao/UserCache, byte[352]
423  [main] DEBUG org.aspectj.weaver.tools.WeavingAdaptor  - 16:57:59.943 main &lt; org.aspectj.weaver.tools.WeavingAdaptor.weaveClass false
423  [main] DEBUG org.aspectj.weaver.loadtime.Aj  - 16:57:59.943 main &lt; org.aspectj.weaver.loadtime.Aj.preProcess byte[352]
424  [main] DEBUG org.aspectj.weaver.loadtime.Aj  - 16:57:59.944 main &gt; org.aspectj.weaver.loadtime.Aj.preProcess org.aspectj.weaver.loadtime.Aj@58027738 org/acegisecurity/vote/AffirmativeBased, byte[1825], org.springframework.test.jpa.OrmXmlOverridingShadowingClassLoader@2bbf1be2
424  [main] DEBUG org.aspectj.weaver.loadtime.Aj  - 16:57:59.944 main - org.aspectj.weaver.loadtime.Aj.preProcess org.aspectj.weaver.loadtime.Aj@58027738 sun.misc.Launcher$AppClassLoader@302b2c81, org.springframework.test.jpa.OrmXmlOverridingShadowingClassLoader@2bbf1be2
424  [main] DEBUG org.aspectj.weaver.tools.WeavingAdaptor  - 16:57:59.944 main &gt; org.aspectj.weaver.tools.WeavingAdaptor.weaveClass org.aspectj.weaver.loadtime.ClassLoaderWeavingAdaptor@10b090ac org/acegisecurity/vote/AffirmativeBased, byte[1825]
424  [main] DEBUG org.aspectj.weaver.tools.WeavingAdaptor  - 16:57:59.944 main &lt; org.aspectj.weaver.tools.WeavingAdaptor.weaveClass false
424  [main] DEBUG org.aspectj.weaver.loadtime.Aj  - 16:57:59.944 main &lt; org.aspectj.weaver.loadtime.Aj.preProcess byte[1825]
425  [main] DEBUG org.aspectj.weaver.loadtime.Aj  - 16:57:59.945 main &gt; org.aspectj.weaver.loadtime.Aj.preProcess org.aspectj.weaver.loadtime.Aj@58027738 org/acegisecurity/vote/AbstractAccessDecisionManager, byte[4177], org.springframework.test.jpa.OrmXmlOverridingShadowingClassLoader@2bbf1be2
425  [main] DEBUG org.aspectj.weaver.loadtime.Aj  - 16:57:59.945 main - org.aspectj.weaver.loadtime.Aj.preProcess org.aspectj.weaver.loadtime.Aj@58027738 sun.misc.Launcher$AppClassLoader@302b2c81, org.springframework.test.jpa.OrmXmlOverridingShadowingClassLoader@2bbf1be2
425  [main] DEBUG org.aspectj.weaver.tools.WeavingAdaptor  - 16:57:59.945 main &gt; org.aspectj.weaver.tools.WeavingAdaptor.weaveClass org.aspectj.weaver.loadtime.ClassLoaderWeavingAdaptor@10b090ac org/acegisecurity/vote/AbstractAccessDecisionManager, byte[4177]
425  [main] DEBUG org.aspectj.weaver.tools.WeavingAdaptor  - 16:57:59.945 main &lt; org.aspectj.weaver.tools.WeavingAdaptor.weaveClass false
425  [main] DEBUG org.aspectj.weaver.loadtime.Aj  - 16:57:59.945 main &lt; org.aspectj.weaver.loadtime.Aj.preProcess byte[4177]
425  [main] DEBUG org.aspectj.weaver.loadtime.Aj  - 16:57:59.945 main &gt; org.aspectj.weaver.loadtime.Aj.preProcess org.aspectj.weaver.loadtime.Aj@58027738 org/acegisecurity/AccessDecisionManager, byte[481], org.springframework.test.jpa.OrmXmlOverridingShadowingClassLoader@2bbf1be2
425  [main] DEBUG org.aspectj.weaver.loadtime.Aj  - 16:57:59.945 main - org.aspectj.weaver.loadtime.Aj.preProcess org.aspectj.weaver.loadtime.Aj@58027738 sun.misc.Launcher$AppClassLoader@302b2c81, org.springframework.test.jpa.OrmXmlOverridingShadowingClassLoader@2bbf1be2
425  [main] DEBUG org.aspectj.weaver.tools.WeavingAdaptor  - 16:57:59.945 main &gt; org.aspectj.weaver.tools.WeavingAdaptor.weaveClass org.aspectj.weaver.loadtime.ClassLoaderWeavingAdaptor@10b090ac org/acegisecurity/AccessDecisionManager, byte[481]
425  [main] DEBUG org.aspectj.weaver.tools.WeavingAdaptor  - 16:57:59.945 main &lt; org.aspectj.weaver.tools.WeavingAdaptor.weaveClass false
425  [main] DEBUG org.aspectj.weaver.loadtime.Aj  - 16:57:59.945 main &lt; org.aspectj.weaver.loadtime.Aj.preProcess byte[481]
426  [main] DEBUG org.aspectj.weaver.loadtime.Aj  - 16:57:59.946 main &gt; org.aspectj.weaver.loadtime.Aj.preProcess org.aspectj.weaver.loadtime.Aj@58027738 org/acegisecurity/vote/RoleVoter, byte[2092], org.springframework.test.jpa.OrmXmlOverridingShadowingClassLoader@2bbf1be2
426  [main] DEBUG org.aspectj.weaver.loadtime.Aj  - 16:57:59.946 main - org.aspectj.weaver.loadtime.Aj.preProcess org.aspectj.weaver.loadtime.Aj@58027738 sun.misc.Launcher$AppClassLoader@302b2c81, org.springframework.test.jpa.OrmXmlOverridingShadowingClassLoader@2bbf1be2
426  [main] DEBUG org.aspectj.weaver.tools.WeavingAdaptor  - 16:57:59.946 main &gt; org.aspectj.weaver.tools.WeavingAdaptor.weaveClass org.aspectj.weaver.loadtime.ClassLoaderWeavingAdaptor@10b090ac org/acegisecurity/vote/RoleVoter, byte[2092]
426  [main] DEBUG org.aspectj.weaver.tools.WeavingAdaptor  - 16:57:59.946 main &lt; org.aspectj.weaver.tools.WeavingAdaptor.weaveClass false
426  [main] DEBUG org.aspectj.weaver.loadtime.Aj  - 16:57:59.946 main &lt; org.aspectj.weaver.loadtime.Aj.preProcess byte[2092]
427  [main] DEBUG org.aspectj.weaver.loadtime.Aj  - 16:57:59.947 main &gt; org.aspectj.weaver.loadtime.Aj.preProcess org.aspectj.weaver.loadtime.Aj@58027738 org/acegisecurity/vote/AccessDecisionVoter, byte[484], org.springframework.test.jpa.OrmXmlOverridingShadowingClassLoader@2bbf1be2
427  [main] DEBUG org.aspectj.weaver.loadtime.Aj  - 16:57:59.947 main - org.aspectj.weaver.loadtime.Aj.preProcess org.aspectj.weaver.loadtime.Aj@58027738 sun.misc.Launcher$AppClassLoader@302b2c81, org.springframework.test.jpa.OrmXmlOverridingShadowingClassLoader@2bbf1be2
427  [main] DEBUG org.aspectj.weaver.tools.WeavingAdaptor  - 16:57:59.947 main &gt; org.aspectj.weaver.tools.WeavingAdaptor.weaveClass org.aspectj.weaver.loadtime.ClassLoaderWeavingAdaptor@10b090ac org/acegisecurity/vote/AccessDecisionVoter, byte[484]
427  [main] DEBUG org.aspectj.weaver.tools.WeavingAdaptor  - 16:57:59.947 main &lt; org.aspectj.weaver.tools.WeavingAdaptor.weaveClass false
427  [main] DEBUG org.aspectj.weaver.loadtime.Aj  - 16:57:59.947 main &lt; org.aspectj.weaver.loadtime.Aj.preProcess byte[484]
429  [main] DEBUG org.aspectj.weaver.loadtime.Aj  - 16:57:59.949 main &gt; org.aspectj.weaver.loadtime.Aj.preProcess org.aspectj.weaver.loadtime.Aj@58027738 org/springframework/context/support/AbstractApplicationContext$BeanPostProcessorChecker, byte[2079], org.springframework.test.jpa.OrmXmlOverridingShadowingClassLoader@2bbf1be2
429  [main] DEBUG org.aspectj.weaver.loadtime.Aj  - 16:57:59.949 main - org.aspectj.weaver.loadtime.Aj.preProcess org.aspectj.weaver.loadtime.Aj@58027738 sun.misc.Launcher$AppClassLoader@302b2c81, org.springframework.test.jpa.OrmXmlOverridingShadowingClassLoader@2bbf1be2
430  [main] DEBUG org.aspectj.weaver.tools.WeavingAdaptor  - 16:57:59.950 main &gt; org.aspectj.weaver.tools.WeavingAdaptor.weaveClass org.aspectj.weaver.loadtime.ClassLoaderWeavingAdaptor@10b090ac org/springframework/context/support/AbstractApplicationContext$BeanPostProcessorChecker, byte[2079]
430  [main] DEBUG org.aspectj.weaver.tools.WeavingAdaptor  - 16:57:59.950 main &lt; org.aspectj.weaver.tools.WeavingAdaptor.weaveClass false
430  [main] DEBUG org.aspectj.weaver.loadtime.Aj  - 16:57:59.950 main &lt; org.aspectj.weaver.loadtime.Aj.preProcess byte[2079]
430  [main] DEBUG org.aspectj.weaver.loadtime.Aj  - 16:57:59.950 main &gt; org.aspectj.weaver.loadtime.Aj.preProcess org.aspectj.weaver.loadtime.Aj@58027738 org/springframework/beans/factory/support/AbstractBeanFactory$1, byte[1514], org.springframework.test.jpa.OrmXmlOverridingShadowingClassLoader@2bbf1be2
430  [main] DEBUG org.aspectj.weaver.loadtime.Aj  - 16:57:59.950 main - org.aspectj.weaver.loadtime.Aj.preProcess org.aspectj.weaver.loadtime.Aj@58027738 sun.misc.Launcher$AppClassLoader@302b2c81, org.springframework.test.jpa.OrmXmlOverridingShadowingClassLoader@2bbf1be2
430  [main] DEBUG org.aspectj.weaver.tools.WeavingAdaptor  - 16:57:59.950 main &gt; org.aspectj.weaver.tools.WeavingAdaptor.weaveClass org.aspectj.weaver.loadtime.ClassLoaderWeavingAdaptor@10b090ac org/springframework/beans/factory/support/AbstractBeanFactory$1, byte[1514]
431  [main] DEBUG org.aspectj.weaver.tools.WeavingAdaptor  - 16:57:59.950 main &lt; org.aspectj.weaver.tools.WeavingAdaptor.weaveClass false
431  [main] DEBUG org.aspectj.weaver.loadtime.Aj  - 16:57:59.951 main &lt; org.aspectj.weaver.loadtime.Aj.preProcess byte[1514]
431  [main] DEBUG org.aspectj.weaver.loadtime.Aj  - 16:57:59.951 main &gt; org.aspectj.weaver.loadtime.Aj.preProcess org.aspectj.weaver.loadtime.Aj@58027738 org/springframework/beans/factory/support/AbstractAutowireCapableBeanFactory$1, byte[3078], org.springframework.test.jpa.OrmXmlOverridingShadowingClassLoader@2bbf1be2
431  [main] DEBUG org.aspectj.weaver.loadtime.Aj  - 16:57:59.951 main - org.aspectj.weaver.loadtime.Aj.preProcess org.aspectj.weaver.loadtime.Aj@58027738 sun.misc.Launcher$AppClassLoader@302b2c81, org.springframework.test.jpa.OrmXmlOverridingShadowingClassLoader@2bbf1be2
431  [main] DEBUG org.aspectj.weaver.tools.WeavingAdaptor  - 16:57:59.951 main &gt; org.aspectj.weaver.tools.WeavingAdaptor.weaveClass org.aspectj.weaver.loadtime.ClassLoaderWeavingAdaptor@10b090ac org/springframework/beans/factory/support/AbstractAutowireCapableBeanFactory$1, byte[3078]
431  [main] DEBUG org.aspectj.weaver.tools.WeavingAdaptor  - 16:57:59.951 main &lt; org.aspectj.weaver.tools.WeavingAdaptor.weaveClass false
431  [main] DEBUG org.aspectj.weaver.loadtime.Aj  - 16:57:59.951 main &lt; org.aspectj.weaver.loadtime.Aj.preProcess byte[3078]
432  [main] DEBUG org.aspectj.weaver.loadtime.Aj  - 16:57:59.952 main &gt; org.aspectj.weaver.loadtime.Aj.preProcess org.aspectj.weaver.loadtime.Aj@58027738 org/springframework/jndi/JndiTemplate, byte[4495], org.springframework.test.jpa.OrmXmlOverridingShadowingClassLoader@2bbf1be2
432  [main] DEBUG org.aspectj.weaver.loadtime.Aj  - 16:57:59.952 main - org.aspectj.weaver.loadtime.Aj.preProcess org.aspectj.weaver.loadtime.Aj@58027738 sun.misc.Launcher$AppClassLoader@302b2c81, org.springframework.test.jpa.OrmXmlOverridingShadowingClassLoader@2bbf1be2
433  [main] DEBUG org.aspectj.weaver.tools.WeavingAdaptor  - 16:57:59.953 main &gt; org.aspectj.weaver.tools.WeavingAdaptor.weaveClass org.aspectj.weaver.loadtime.ClassLoaderWeavingAdaptor@10b090ac org/springframework/jndi/JndiTemplate, byte[4495]
433  [main] DEBUG org.aspectj.weaver.tools.WeavingAdaptor  - 16:57:59.953 main &lt; org.aspectj.weaver.tools.WeavingAdaptor.weaveClass false
433  [main] DEBUG org.aspectj.weaver.loadtime.Aj  - 16:57:59.953 main &lt; org.aspectj.weaver.loadtime.Aj.preProcess byte[4495]
433  [main] DEBUG org.aspectj.weaver.loadtime.Aj  - 16:57:59.953 main &gt; org.aspectj.weaver.loadtime.Aj.preProcess org.aspectj.weaver.loadtime.Aj@58027738 org/springframework/jndi/JndiCallback, byte[254], org.springframework.test.jpa.OrmXmlOverridingShadowingClassLoader@2bbf1be2
433  [main] DEBUG org.aspectj.weaver.loadtime.Aj  - 16:57:59.953 main - org.aspectj.weaver.loadtime.Aj.preProcess org.aspectj.weaver.loadtime.Aj@58027738 sun.misc.Launcher$AppClassLoader@302b2c81, org.springframework.test.jpa.OrmXmlOverridingShadowingClassLoader@2bbf1be2
433  [main] DEBUG org.aspectj.weaver.tools.WeavingAdaptor  - 16:57:59.953 main &gt; org.aspectj.weaver.tools.WeavingAdaptor.weaveClass org.aspectj.weaver.loadtime.ClassLoaderWeavingAdaptor@10b090ac org/springframework/jndi/JndiCallback, byte[254]
433  [main] DEBUG org.aspectj.weaver.tools.WeavingAdaptor  - 16:57:59.953 main &lt; org.aspectj.weaver.tools.WeavingAdaptor.weaveClass false
433  [main] DEBUG org.aspectj.weaver.loadtime.Aj  - 16:57:59.953 main &lt; org.aspectj.weaver.loadtime.Aj.preProcess byte[254]
434  [main] DEBUG org.aspectj.weaver.loadtime.Aj  - 16:57:59.954 main &gt; org.aspectj.weaver.loadtime.Aj.preProcess org.aspectj.weaver.loadtime.Aj@58027738 org/springframework/jndi/TypeMismatchNamingException, byte[1272], org.springframework.test.jpa.OrmXmlOverridingShadowingClassLoader@2bbf1be2
434  [main] DEBUG org.aspectj.weaver.loadtime.Aj  - 16:57:59.954 main - org.aspectj.weaver.loadtime.Aj.preProcess org.aspectj.weaver.loadtime.Aj@58027738 sun.misc.Launcher$AppClassLoader@302b2c81, org.springframework.test.jpa.OrmXmlOverridingShadowingClassLoader@2bbf1be2
434  [main] DEBUG org.aspectj.weaver.tools.WeavingAdaptor  - 16:57:59.954 main &gt; org.aspectj.weaver.tools.WeavingAdaptor.weaveClass org.aspectj.weaver.loadtime.ClassLoaderWeavingAdaptor@10b090ac org/springframework/jndi/TypeMismatchNamingException, byte[1272]
434  [main] DEBUG org.aspectj.weaver.tools.WeavingAdaptor  - 16:57:59.954 main &lt; org.aspectj.weaver.tools.WeavingAdaptor.weaveClass false
434  [main] DEBUG org.aspectj.weaver.loadtime.Aj  - 16:57:59.954 main &lt; org.aspectj.weaver.loadtime.Aj.preProcess byte[1272]
435  [main] DEBUG org.aspectj.weaver.loadtime.Aj  - 16:57:59.955 main &gt; org.aspectj.weaver.loadtime.Aj.preProcess org.aspectj.weaver.loadtime.Aj@58027738 org/springframework/beans/BeanWrapperImpl, byte[22071], org.springframework.test.jpa.OrmXmlOverridingShadowingClassLoader@2bbf1be2
435  [main] DEBUG org.aspectj.weaver.loadtime.Aj  - 16:57:59.955 main - org.aspectj.weaver.loadtime.Aj.preProcess org.aspectj.weaver.loadtime.Aj@58027738 sun.misc.Launcher$AppClassLoader@302b2c81, org.springframework.test.jpa.OrmXmlOverridingShadowingClassLoader@2bbf1be2
435  [main] DEBUG org.aspectj.weaver.tools.WeavingAdaptor  - 16:57:59.955 main &gt; org.aspectj.weaver.tools.WeavingAdaptor.weaveClass org.aspectj.weaver.loadtime.ClassLoaderWeavingAdaptor@10b090ac org/springframework/beans/BeanWrapperImpl, byte[22071]
435  [main] DEBUG org.aspectj.weaver.tools.WeavingAdaptor  - 16:57:59.955 main &lt; org.aspectj.weaver.tools.WeavingAdaptor.weaveClass false
435  [main] DEBUG org.aspectj.weaver.loadtime.Aj  - 16:57:59.955 main &lt; org.aspectj.weaver.loadtime.Aj.preProcess byte[22071]
436  [main] DEBUG org.aspectj.weaver.loadtime.Aj  - 16:57:59.955 main &gt; org.aspectj.weaver.loadtime.Aj.preProcess org.aspectj.weaver.loadtime.Aj@58027738 org/springframework/beans/AbstractPropertyAccessor, byte[4132], org.springframework.test.jpa.OrmXmlOverridingShadowingClassLoader@2bbf1be2
436  [main] DEBUG org.aspectj.weaver.loadtime.Aj  - 16:57:59.956 main - org.aspectj.weaver.loadtime.Aj.preProcess org.aspectj.weaver.loadtime.Aj@58027738 sun.misc.Launcher$AppClassLoader@302b2c81, org.springframework.test.jpa.OrmXmlOverridingShadowingClassLoader@2bbf1be2
436  [main] DEBUG org.aspectj.weaver.tools.WeavingAdaptor  - 16:57:59.956 main &gt; org.aspectj.weaver.tools.WeavingAdaptor.weaveClass org.aspectj.weaver.loadtime.ClassLoaderWeavingAdaptor@10b090ac org/springframework/beans/AbstractPropertyAccessor, byte[4132]
436  [main] DEBUG org.aspectj.weaver.tools.WeavingAdaptor  - 16:57:59.956 main &lt; org.aspectj.weaver.tools.WeavingAdaptor.weaveClass false
436  [main] DEBUG org.aspectj.weaver.loadtime.Aj  - 16:57:59.956 main &lt; org.aspectj.weaver.loadtime.Aj.preProcess byte[4132]
436  [main] DEBUG org.aspectj.weaver.loadtime.Aj  - 16:57:59.956 main &gt; org.aspectj.weaver.loadtime.Aj.preProcess org.aspectj.weaver.loadtime.Aj@58027738 org/springframework/beans/PropertyEditorRegistrySupport, byte[14069], org.springframework.test.jpa.OrmXmlOverridingShadowingClassLoader@2bbf1be2
436  [main] DEBUG org.aspectj.weaver.loadtime.Aj  - 16:57:59.956 main - org.aspectj.weaver.loadtime.Aj.preProcess org.aspectj.weaver.loadtime.Aj@58027738 sun.misc.Launcher$AppClassLoader@302b2c81, org.springframework.test.jpa.OrmXmlOverridingShadowingClassLoader@2bbf1be2
436  [main] DEBUG org.aspectj.weaver.tools.WeavingAdaptor  - 16:57:59.956 main &gt; org.aspectj.weaver.tools.WeavingAdaptor.weaveClass org.aspectj.weaver.loadtime.ClassLoaderWeavingAdaptor@10b090ac org/springframework/beans/PropertyEditorRegistrySupport, byte[14069]
437  [main] DEBUG org.aspectj.weaver.tools.WeavingAdaptor  - 16:57:59.957 main &lt; org.aspectj.weaver.tools.WeavingAdaptor.weaveClass false
437  [main] DEBUG org.aspectj.weaver.loadtime.Aj  - 16:57:59.957 main &lt; org.aspectj.weaver.loadtime.Aj.preProcess byte[14069]
438  [main] DEBUG org.aspectj.weaver.loadtime.Aj  - 16:57:59.958 main &gt; org.aspectj.weaver.loadtime.Aj.preProcess org.aspectj.weaver.loadtime.Aj@58027738 org/springframework/beans/PropertyAccessException, byte[918], org.springframework.test.jpa.OrmXmlOverridingShadowingClassLoader@2bbf1be2
438  [main] DEBUG org.aspectj.weaver.loadtime.Aj  - 16:57:59.958 main - org.aspectj.weaver.loadtime.Aj.preProcess org.aspectj.weaver.loadtime.Aj@58027738 sun.misc.Launcher$AppClassLoader@302b2c81, org.springframework.test.jpa.OrmXmlOverridingShadowingClassLoader@2bbf1be2
438  [main] DEBUG org.aspectj.weaver.tools.WeavingAdaptor  - 16:57:59.958 main &gt; org.aspectj.weaver.tools.WeavingAdaptor.weaveClass org.aspectj.weaver.loadtime.ClassLoaderWeavingAdaptor@10b090ac org/springframework/beans/PropertyAccessException, byte[918]
438  [main] DEBUG org.aspectj.weaver.tools.WeavingAdaptor  - 16:57:59.958 main &lt; org.aspectj.weaver.tools.WeavingAdaptor.weaveClass false
438  [main] DEBUG org.aspectj.weaver.loadtime.Aj  - 16:57:59.958 main &lt; org.aspectj.weaver.loadtime.Aj.preProcess byte[918]
438  [main] DEBUG org.aspectj.weaver.loadtime.Aj  - 16:57:59.958 main &gt; org.aspectj.weaver.loadtime.Aj.preProcess org.aspectj.weaver.loadtime.Aj@58027738 org/springframework/core/ErrorCoded, byte[172], org.springframework.test.jpa.OrmXmlOverridingShadowingClassLoader@2bbf1be2
438  [main] DEBUG org.aspectj.weaver.loadtime.Aj  - 16:57:59.958 main - org.aspectj.weaver.loadtime.Aj.preProcess org.aspectj.weaver.loadtime.Aj@58027738 sun.misc.Launcher$AppClassLoader@302b2c81, org.springframework.test.jpa.OrmXmlOverridingShadowingClassLoader@2bbf1be2
438  [main] DEBUG org.aspectj.weaver.tools.WeavingAdaptor  - 16:57:59.958 main &gt; org.aspectj.weaver.tools.WeavingAdaptor.weaveClass org.aspectj.weaver.loadtime.ClassLoaderWeavingAdaptor@10b090ac org/springframework/core/ErrorCoded, byte[172]
439  [main] DEBUG org.aspectj.weaver.tools.WeavingAdaptor  - 16:57:59.959 main &lt; org.aspectj.weaver.tools.WeavingAdaptor.weaveClass false
439  [main] DEBUG org.aspectj.weaver.loadtime.Aj  - 16:57:59.959 main &lt; org.aspectj.weaver.loadtime.Aj.preProcess byte[172]
439  [main] DEBUG org.aspectj.weaver.loadtime.Aj  - 16:57:59.959 main &gt; org.aspectj.weaver.loadtime.Aj.preProcess org.aspectj.weaver.loadtime.Aj@58027738 org/springframework/beans/NullValueInNestedPathException, byte[918], org.springframework.test.jpa.OrmXmlOverridingShadowingClassLoader@2bbf1be2
439  [main] DEBUG org.aspectj.weaver.loadtime.Aj  - 16:57:59.959 main - org.aspectj.weaver.loadtime.Aj.preProcess org.aspectj.weaver.loadtime.Aj@58027738 sun.misc.Launcher$AppClassLoader@302b2c81, org.springframework.test.jpa.OrmXmlOverridingShadowingClassLoader@2bbf1be2
439  [main] DEBUG org.aspectj.weaver.tools.WeavingAdaptor  - 16:57:59.959 main &gt; org.aspectj.weaver.tools.WeavingAdaptor.weaveClass org.aspectj.weaver.loadtime.ClassLoaderWeavingAdaptor@10b090ac org/springframework/beans/NullValueInNestedPathException, byte[918]
439  [main] DEBUG org.aspectj.weaver.tools.WeavingAdaptor  - 16:57:59.959 main &lt; org.aspectj.weaver.tools.WeavingAdaptor.weaveClass false
439  [main] DEBUG org.aspectj.weaver.loadtime.Aj  - 16:57:59.959 main &lt; org.aspectj.weaver.loadtime.Aj.preProcess byte[918]
440  [main] DEBUG org.aspectj.weaver.loadtime.Aj  - 16:57:59.959 main &gt; org.aspectj.weaver.loadtime.Aj.preProcess org.aspectj.weaver.loadtime.Aj@58027738 org/springframework/beans/InvalidPropertyException, byte[1338], org.springframework.test.jpa.OrmXmlOverridingShadowingClassLoader@2bbf1be2
440  [main] DEBUG org.aspectj.weaver.loadtime.Aj  - 16:57:59.960 main - org.aspectj.weaver.loadtime.Aj.preProcess org.aspectj.weaver.loadtime.Aj@58027738 sun.misc.Launcher$AppClassLoader@302b2c81, org.springframework.test.jpa.OrmXmlOverridingShadowingClassLoader@2bbf1be2
440  [main] DEBUG org.aspectj.weaver.tools.WeavingAdaptor  - 16:57:59.960 main &gt; org.aspectj.weaver.tools.WeavingAdaptor.weaveClass org.aspectj.weaver.loadtime.ClassLoaderWeavingAdaptor@10b090ac org/springframework/beans/InvalidPropertyException, byte[1338]
440  [main] DEBUG org.aspectj.weaver.tools.WeavingAdaptor  - 16:57:59.960 main &lt; org.aspectj.weaver.tools.WeavingAdaptor.weaveClass false
440  [main] DEBUG org.aspectj.weaver.loadtime.Aj  - 16:57:59.960 main &lt; org.aspectj.weaver.loadtime.Aj.preProcess byte[1338]
440  [main] DEBUG org.aspectj.weaver.loadtime.Aj  - 16:57:59.960 main &gt; org.aspectj.weaver.loadtime.Aj.preProcess org.aspectj.weaver.loadtime.Aj@58027738 org/springframework/beans/NotWritablePropertyException, byte[1656], org.springframework.test.jpa.OrmXmlOverridingShadowingClassLoader@2bbf1be2
440  [main] DEBUG org.aspectj.weaver.loadtime.Aj  - 16:57:59.960 main - org.aspectj.weaver.loadtime.Aj.preProcess org.aspectj.weaver.loadtime.Aj@58027738 sun.misc.Launcher$AppClassLoader@302b2c81, org.springframework.test.jpa.OrmXmlOverridingShadowingClassLoader@2bbf1be2
440  [main] DEBUG org.aspectj.weaver.tools.WeavingAdaptor  - 16:57:59.960 main &gt; org.aspectj.weaver.tools.WeavingAdaptor.weaveClass org.aspectj.weaver.loadtime.ClassLoaderWeavingAdaptor@10b090ac org/springframework/beans/NotWritablePropertyException, byte[1656]
440  [main] DEBUG org.aspectj.weaver.tools.WeavingAdaptor  - 16:57:59.960 main &lt; org.aspectj.weaver.tools.WeavingAdaptor.weaveClass false
441  [main] DEBUG org.aspectj.weaver.loadtime.Aj  - 16:57:59.961 main &lt; org.aspectj.weaver.loadtime.Aj.preProcess byte[1656]
441  [main] DEBUG org.aspectj.weaver.loadtime.Aj  - 16:57:59.961 main &gt; org.aspectj.weaver.loadtime.Aj.preProcess org.aspectj.weaver.loadtime.Aj@58027738 org/springframework/beans/PropertyBatchUpdateException, byte[3566], org.springframework.test.jpa.OrmXmlOverridingShadowingClassLoader@2bbf1be2
441  [main] DEBUG org.aspectj.weaver.loadtime.Aj  - 16:57:59.961 main - org.aspectj.weaver.loadtime.Aj.preProcess org.aspectj.weaver.loadtime.Aj@58027738 sun.misc.Launcher$AppClassLoader@302b2c81, org.springframework.test.jpa.OrmXmlOverridingShadowingClassLoader@2bbf1be2
441  [main] DEBUG org.aspectj.weaver.tools.WeavingAdaptor  - 16:57:59.961 main &gt; org.aspectj.weaver.tools.WeavingAdaptor.weaveClass org.aspectj.weaver.loadtime.ClassLoaderWeavingAdaptor@10b090ac org/springframework/beans/PropertyBatchUpdateException, byte[3566]
441  [main] DEBUG org.aspectj.weaver.tools.WeavingAdaptor  - 16:57:59.961 main &lt; org.aspectj.weaver.tools.WeavingAdaptor.weaveClass false
441  [main] DEBUG org.aspectj.weaver.loadtime.Aj  - 16:57:59.961 main &lt; org.aspectj.weaver.loadtime.Aj.preProcess byte[3566]
442  [main] DEBUG org.aspectj.weaver.loadtime.Aj  - 16:57:59.962 main &gt; org.aspectj.weaver.loadtime.Aj.preProcess org.aspectj.weaver.loadtime.Aj@58027738 org/springframework/beans/NotReadablePropertyException, byte[1028], org.springframework.test.jpa.OrmXmlOverridingShadowingClassLoader@2bbf1be2
442  [main] DEBUG org.aspectj.weaver.loadtime.Aj  - 16:57:59.962 main - org.aspectj.weaver.loadtime.Aj.preProcess org.aspectj.weaver.loadtime.Aj@58027738 sun.misc.Launcher$AppClassLoader@302b2c81, org.springframework.test.jpa.OrmXmlOverridingShadowingClassLoader@2bbf1be2
442  [main] DEBUG org.aspectj.weaver.tools.WeavingAdaptor  - 16:57:59.962 main &gt; org.aspectj.weaver.tools.WeavingAdaptor.weaveClass org.aspectj.weaver.loadtime.ClassLoaderWeavingAdaptor@10b090ac org/springframework/beans/NotReadablePropertyException, byte[1028]
442  [main] DEBUG org.aspectj.weaver.tools.WeavingAdaptor  - 16:57:59.962 main &lt; org.aspectj.weaver.tools.WeavingAdaptor.weaveClass false
442  [main] DEBUG org.aspectj.weaver.loadtime.Aj  - 16:57:59.962 main &lt; org.aspectj.weaver.loadtime.Aj.preProcess byte[1028]
443  [main] DEBUG org.aspectj.weaver.loadtime.Aj  - 16:57:59.963 main &gt; org.aspectj.weaver.loadtime.Aj.preProcess org.aspectj.weaver.loadtime.Aj@58027738 org/springframework/beans/TypeMismatchException, byte[2397], org.springframework.test.jpa.OrmXmlOverridingShadowingClassLoader@2bbf1be2
443  [main] DEBUG org.aspectj.weaver.loadtime.Aj  - 16:57:59.963 main - org.aspectj.weaver.loadtime.Aj.preProcess org.aspectj.weaver.loadtime.Aj@58027738 sun.misc.Launcher$AppClassLoader@302b2c81, org.springframework.test.jpa.OrmXmlOverridingShadowingClassLoader@2bbf1be2
443  [main] DEBUG org.aspectj.weaver.tools.WeavingAdaptor  - 16:57:59.963 main &gt; org.aspectj.weaver.tools.WeavingAdaptor.weaveClass org.aspectj.weaver.loadtime.ClassLoaderWeavingAdaptor@10b090ac org/springframework/beans/TypeMismatchException, byte[2397]
443  [main] DEBUG org.aspectj.weaver.tools.WeavingAdaptor  - 16:57:59.963 main &lt; org.aspectj.weaver.tools.WeavingAdaptor.weaveClass false
443  [main] DEBUG org.aspectj.weaver.loadtime.Aj  - 16:57:59.963 main &lt; org.aspectj.weaver.loadtime.Aj.preProcess byte[2397]
444  [main] DEBUG org.aspectj.weaver.loadtime.Aj  - 16:57:59.964 main &gt; org.aspectj.weaver.loadtime.Aj.preProcess org.aspectj.weaver.loadtime.Aj@58027738 org/springframework/beans/BeanWrapperImpl$PropertyTokenHolder, byte[823], org.springframework.test.jpa.OrmXmlOverridingShadowingClassLoader@2bbf1be2
444  [main] DEBUG org.aspectj.weaver.loadtime.Aj  - 16:57:59.964 main - org.aspectj.weaver.loadtime.Aj.preProcess org.aspectj.weaver.loadtime.Aj@58027738 sun.misc.Launcher$AppClassLoader@302b2c81, org.springframework.test.jpa.OrmXmlOverridingShadowingClassLoader@2bbf1be2
444  [main] DEBUG org.aspectj.weaver.tools.WeavingAdaptor  - 16:57:59.964 main &gt; org.aspectj.weaver.tools.WeavingAdaptor.weaveClass org.aspectj.weaver.loadtime.ClassLoaderWeavingAdaptor@10b090ac org/springframework/beans/BeanWrapperImpl$PropertyTokenHolder, byte[823]
444  [main] DEBUG org.aspectj.weaver.tools.WeavingAdaptor  - 16:57:59.964 main &lt; org.aspectj.weaver.tools.WeavingAdaptor.weaveClass false
444  [main] DEBUG org.aspectj.weaver.loadtime.Aj  - 16:57:59.964 main &lt; org.aspectj.weaver.loadtime.Aj.preProcess byte[823]
444  [main] DEBUG org.aspectj.weaver.loadtime.Aj  - 16:57:59.964 main &gt; org.aspectj.weaver.loadtime.Aj.preProcess org.aspectj.weaver.loadtime.Aj@58027738 org/springframework/beans/MethodInvocationException, byte[1076], org.springframework.test.jpa.OrmXmlOverridingShadowingClassLoader@2bbf1be2
444  [main] DEBUG org.aspectj.weaver.loadtime.Aj  - 16:57:59.964 main - org.aspectj.weaver.loadtime.Aj.preProcess org.aspectj.weaver.loadtime.Aj@58027738 sun.misc.Launcher$AppClassLoader@302b2c81, org.springframework.test.jpa.OrmXmlOverridingShadowingClassLoader@2bbf1be2
444  [main] DEBUG org.aspectj.weaver.tools.WeavingAdaptor  - 16:57:59.964 main &gt; org.aspectj.weaver.tools.WeavingAdaptor.weaveClass org.aspectj.weaver.loadtime.ClassLoaderWeavingAdaptor@10b090ac org/springframework/beans/MethodInvocationException, byte[1076]
444  [main] DEBUG org.aspectj.weaver.tools.WeavingAdaptor  - 16:57:59.964 main &lt; org.aspectj.weaver.tools.WeavingAdaptor.weaveClass false
445  [main] DEBUG org.aspectj.weaver.loadtime.Aj  - 16:57:59.964 main &lt; org.aspectj.weaver.loadtime.Aj.preProcess byte[1076]
446  [main] DEBUG org.aspectj.weaver.loadtime.Aj  - 16:57:59.966 main &gt; org.aspectj.weaver.loadtime.Aj.preProcess org.aspectj.weaver.loadtime.Aj@58027738 org/springframework/beans/TypeConverterDelegate, byte[13560], org.springframework.test.jpa.OrmXmlOverridingShadowingClassLoader@2bbf1be2
446  [main] DEBUG org.aspectj.weaver.loadtime.Aj  - 16:57:59.966 main - org.aspectj.weaver.loadtime.Aj.preProcess org.aspectj.weaver.loadtime.Aj@58027738 sun.misc.Launcher$AppClassLoader@302b2c81, org.springframework.test.jpa.OrmXmlOverridingShadowingClassLoader@2bbf1be2
446  [main] DEBUG org.aspectj.weaver.tools.WeavingAdaptor  - 16:57:59.966 main &gt; org.aspectj.weaver.tools.WeavingAdaptor.weaveClass org.aspectj.weaver.loadtime.ClassLoaderWeavingAdaptor@10b090ac org/springframework/beans/TypeConverterDelegate, byte[13560]
446  [main] DEBUG org.aspectj.weaver.tools.WeavingAdaptor  - 16:57:59.966 main &lt; org.aspectj.weaver.tools.WeavingAdaptor.weaveClass false
446  [main] DEBUG org.aspectj.weaver.loadtime.Aj  - 16:57:59.966 main &lt; org.aspectj.weaver.loadtime.Aj.preProcess byte[13560]
447  [main] DEBUG org.aspectj.weaver.loadtime.Aj  - 16:57:59.967 main &gt; org.aspectj.weaver.loadtime.Aj.preProcess org.aspectj.weaver.loadtime.Aj@58027738 org/springframework/core/io/ResourceEditor, byte[1964], org.springframework.test.jpa.OrmXmlOverridingShadowingClassLoader@2bbf1be2
447  [main] DEBUG org.aspectj.weaver.loadtime.Aj  - 16:57:59.967 main - org.aspectj.weaver.loadtime.Aj.preProcess org.aspectj.weaver.loadtime.Aj@58027738 sun.misc.Launcher$AppClassLoader@302b2c81, org.springframework.test.jpa.OrmXmlOverridingShadowingClassLoader@2bbf1be2
447  [main] DEBUG org.aspectj.weaver.tools.WeavingAdaptor  - 16:57:59.967 main &gt; org.aspectj.weaver.tools.WeavingAdaptor.weaveClass org.aspectj.weaver.loadtime.ClassLoaderWeavingAdaptor@10b090ac org/springframework/core/io/ResourceEditor, byte[1964]
447  [main] DEBUG org.aspectj.weaver.tools.WeavingAdaptor  - 16:57:59.967 main &lt; org.aspectj.weaver.tools.WeavingAdaptor.weaveClass false
447  [main] DEBUG org.aspectj.weaver.loadtime.Aj  - 16:57:59.967 main &lt; org.aspectj.weaver.loadtime.Aj.preProcess byte[1964]
448  [main] DEBUG org.aspectj.weaver.loadtime.Aj  - 16:57:59.968 main &gt; org.aspectj.weaver.loadtime.Aj.preProcess org.aspectj.weaver.loadtime.Aj@58027738 org/springframework/beans/propertyeditors/InputStreamEditor, byte[1788], org.springframework.test.jpa.OrmXmlOverridingShadowingClassLoader@2bbf1be2
448  [main] DEBUG org.aspectj.weaver.loadtime.Aj  - 16:57:59.968 main - org.aspectj.weaver.loadtime.Aj.preProcess org.aspectj.weaver.loadtime.Aj@58027738 sun.misc.Launcher$AppClassLoader@302b2c81, org.springframework.test.jpa.OrmXmlOverridingShadowingClassLoader@2bbf1be2
448  [main] DEBUG org.aspectj.weaver.tools.WeavingAdaptor  - 16:57:59.968 main &gt; org.aspectj.weaver.tools.WeavingAdaptor.weaveClass org.aspectj.weaver.loadtime.ClassLoaderWeavingAdaptor@10b090ac org/springframework/beans/propertyeditors/InputStreamEditor, byte[1788]
448  [main] DEBUG org.aspectj.weaver.tools.WeavingAdaptor  - 16:57:59.968 main &lt; org.aspectj.weaver.tools.WeavingAdaptor.weaveClass false
448  [main] DEBUG org.aspectj.weaver.loadtime.Aj  - 16:57:59.968 main &lt; org.aspectj.weaver.loadtime.Aj.preProcess byte[1788]
448  [main] DEBUG org.aspectj.weaver.loadtime.Aj  - 16:57:59.968 main &gt; org.aspectj.weaver.loadtime.Aj.preProcess org.aspectj.weaver.loadtime.Aj@58027738 org/springframework/beans/propertyeditors/FileEditor, byte[2180], org.springframework.test.jpa.OrmXmlOverridingShadowingClassLoader@2bbf1be2
449  [main] DEBUG org.aspectj.weaver.loadtime.Aj  - 16:57:59.969 main - org.aspectj.weaver.loadtime.Aj.preProcess org.aspectj.weaver.loadtime.Aj@58027738 sun.misc.Launcher$AppClassLoader@302b2c81, org.springframework.test.jpa.OrmXmlOverridingShadowingClassLoader@2bbf1be2
449  [main] DEBUG org.aspectj.weaver.tools.WeavingAdaptor  - 16:57:59.969 main &gt; org.aspectj.weaver.tools.WeavingAdaptor.weaveClass org.aspectj.weaver.loadtime.ClassLoaderWeavingAdaptor@10b090ac org/springframework/beans/propertyeditors/FileEditor, byte[2180]
449  [main] DEBUG org.aspectj.weaver.tools.WeavingAdaptor  - 16:57:59.969 main &lt; org.aspectj.weaver.tools.WeavingAdaptor.weaveClass false
449  [main] DEBUG org.aspectj.weaver.loadtime.Aj  - 16:57:59.969 main &lt; org.aspectj.weaver.loadtime.Aj.preProcess byte[2180]
449  [main] DEBUG org.aspectj.weaver.loadtime.Aj  - 16:57:59.969 main &gt; org.aspectj.weaver.loadtime.Aj.preProcess org.aspectj.weaver.loadtime.Aj@58027738 org/springframework/beans/propertyeditors/URLEditor, byte[1856], org.springframework.test.jpa.OrmXmlOverridingShadowingClassLoader@2bbf1be2
449  [main] DEBUG org.aspectj.weaver.loadtime.Aj  - 16:57:59.969 main - org.aspectj.weaver.loadtime.Aj.preProcess org.aspectj.weaver.loadtime.Aj@58027738 sun.misc.Launcher$AppClassLoader@302b2c81, org.springframework.test.jpa.OrmXmlOverridingShadowingClassLoader@2bbf1be2
449  [main] DEBUG org.aspectj.weaver.tools.WeavingAdaptor  - 16:57:59.969 main &gt; org.aspectj.weaver.tools.WeavingAdaptor.weaveClass org.aspectj.weaver.loadtime.ClassLoaderWeavingAdaptor@10b090ac org/springframework/beans/propertyeditors/URLEditor, byte[1856]
449  [main] DEBUG org.aspectj.weaver.tools.WeavingAdaptor  - 16:57:59.969 main &lt; org.aspectj.weaver.tools.WeavingAdaptor.weaveClass false
449  [main] DEBUG org.aspectj.weaver.loadtime.Aj  - 16:57:59.969 main &lt; org.aspectj.weaver.loadtime.Aj.preProcess byte[1856]
450  [main] DEBUG org.aspectj.weaver.loadtime.Aj  - 16:57:59.970 main &gt; org.aspectj.weaver.loadtime.Aj.preProcess org.aspectj.weaver.loadtime.Aj@58027738 org/springframework/beans/propertyeditors/ClassEditor, byte[1456], org.springframework.test.jpa.OrmXmlOverridingShadowingClassLoader@2bbf1be2
450  [main] DEBUG org.aspectj.weaver.loadtime.Aj  - 16:57:59.970 main - org.aspectj.weaver.loadtime.Aj.preProcess org.aspectj.weaver.loadtime.Aj@58027738 sun.misc.Launcher$AppClassLoader@302b2c81, org.springframework.test.jpa.OrmXmlOverridingShadowingClassLoader@2bbf1be2
450  [main] DEBUG org.aspectj.weaver.tools.WeavingAdaptor  - 16:57:59.970 main &gt; org.aspectj.weaver.tools.WeavingAdaptor.weaveClass org.aspectj.weaver.loadtime.ClassLoaderWeavingAdaptor@10b090ac org/springframework/beans/propertyeditors/ClassEditor, byte[1456]
450  [main] DEBUG org.aspectj.weaver.tools.WeavingAdaptor  - 16:57:59.970 main &lt; org.aspectj.weaver.tools.WeavingAdaptor.weaveClass false
450  [main] DEBUG org.aspectj.weaver.loadtime.Aj  - 16:57:59.970 main &lt; org.aspectj.weaver.loadtime.Aj.preProcess byte[1456]
451  [main] DEBUG org.aspectj.weaver.loadtime.Aj  - 16:57:59.970 main &gt; org.aspectj.weaver.loadtime.Aj.preProcess org.aspectj.weaver.loadtime.Aj@58027738 org/springframework/beans/propertyeditors/URIEditor, byte[2605], org.springframework.test.jpa.OrmXmlOverridingShadowingClassLoader@2bbf1be2
451  [main] DEBUG org.aspectj.weaver.loadtime.Aj  - 16:57:59.971 main - org.aspectj.weaver.loadtime.Aj.preProcess org.aspectj.weaver.loadtime.Aj@58027738 sun.misc.Launcher$AppClassLoader@302b2c81, org.springframework.test.jpa.OrmXmlOverridingShadowingClassLoader@2bbf1be2
451  [main] DEBUG org.aspectj.weaver.tools.WeavingAdaptor  - 16:57:59.971 main &gt; org.aspectj.weaver.tools.WeavingAdaptor.weaveClass org.aspectj.weaver.loadtime.ClassLoaderWeavingAdaptor@10b090ac org/springframework/beans/propertyeditors/URIEditor, byte[2605]
451  [main] DEBUG org.aspectj.weaver.tools.WeavingAdaptor  - 16:57:59.971 main &lt; org.aspectj.weaver.tools.WeavingAdaptor.weaveClass false
451  [main] DEBUG org.aspectj.weaver.loadtime.Aj  - 16:57:59.971 main &lt; org.aspectj.weaver.loadtime.Aj.preProcess byte[2605]
451  [main] DEBUG org.aspectj.weaver.loadtime.Aj  - 16:57:59.971 main &gt; org.aspectj.weaver.loadtime.Aj.preProcess org.aspectj.weaver.loadtime.Aj@58027738 org/springframework/core/io/support/ResourceArrayPropertyEditor, byte[3894], org.springframework.test.jpa.OrmXmlOverridingShadowingClassLoader@2bbf1be2
451  [main] DEBUG org.aspectj.weaver.loadtime.Aj  - 16:57:59.971 main - org.aspectj.weaver.loadtime.Aj.preProcess org.aspectj.weaver.loadtime.Aj@58027738 sun.misc.Launcher$AppClassLoader@302b2c81, org.springframework.test.jpa.OrmXmlOverridingShadowingClassLoader@2bbf1be2
451  [main] DEBUG org.aspectj.weaver.tools.WeavingAdaptor  - 16:57:59.971 main &gt; org.aspectj.weaver.tools.WeavingAdaptor.weaveClass org.aspectj.weaver.loadtime.ClassLoaderWeavingAdaptor@10b090ac org/springframework/core/io/support/ResourceArrayPropertyEditor, byte[3894]
451  [main] DEBUG org.aspectj.weaver.tools.WeavingAdaptor  - 16:57:59.971 main &lt; org.aspectj.weaver.tools.WeavingAdaptor.weaveClass false
452  [main] DEBUG org.aspectj.weaver.loadtime.Aj  - 16:57:59.971 main &lt; org.aspectj.weaver.loadtime.Aj.preProcess byte[3894]
452  [main] DEBUG org.aspectj.weaver.loadtime.Aj  - 16:57:59.972 main &gt; org.aspectj.weaver.loadtime.Aj.preProcess org.aspectj.weaver.loadtime.Aj@58027738 org/springframework/beans/factory/support/AbstractAutowireCapableBeanFactory$2, byte[1465], org.springframework.test.jpa.OrmXmlOverridingShadowingClassLoader@2bbf1be2
452  [main] DEBUG org.aspectj.weaver.loadtime.Aj  - 16:57:59.972 main - org.aspectj.weaver.loadtime.Aj.preProcess org.aspectj.weaver.loadtime.Aj@58027738 sun.misc.Launcher$AppClassLoader@302b2c81, org.springframework.test.jpa.OrmXmlOverridingShadowingClassLoader@2bbf1be2
452  [main] DEBUG org.aspectj.weaver.tools.WeavingAdaptor  - 16:57:59.972 main &gt; org.aspectj.weaver.tools.WeavingAdaptor.weaveClass org.aspectj.weaver.loadtime.ClassLoaderWeavingAdaptor@10b090ac org/springframework/beans/factory/support/AbstractAutowireCapableBeanFactory$2, byte[1465]
452  [main] DEBUG org.aspectj.weaver.tools.WeavingAdaptor  - 16:57:59.972 main &lt; org.aspectj.weaver.tools.WeavingAdaptor.weaveClass false
452  [main] DEBUG org.aspectj.weaver.loadtime.Aj  - 16:57:59.972 main &lt; org.aspectj.weaver.loadtime.Aj.preProcess byte[1465]
453  [main] DEBUG org.aspectj.weaver.loadtime.Aj  - 16:57:59.973 main &gt; org.aspectj.weaver.loadtime.Aj.preProcess org.aspectj.weaver.loadtime.Aj@58027738 org/springframework/beans/CachedIntrospectionResults, byte[6712], org.springframework.test.jpa.OrmXmlOverridingShadowingClassLoader@2bbf1be2
453  [main] DEBUG org.aspectj.weaver.loadtime.Aj  - 16:57:59.973 main - org.aspectj.weaver.loadtime.Aj.preProcess org.aspectj.weaver.loadtime.Aj@58027738 sun.misc.Launcher$AppClassLoader@302b2c81, org.springframework.test.jpa.OrmXmlOverridingShadowingClassLoader@2bbf1be2
453  [main] DEBUG org.aspectj.weaver.tools.WeavingAdaptor  - 16:57:59.973 main &gt; org.aspectj.weaver.tools.WeavingAdaptor.weaveClass org.aspectj.weaver.loadtime.ClassLoaderWeavingAdaptor@10b090ac org/springframework/beans/CachedIntrospectionResults, byte[6712]
453  [main] DEBUG org.aspectj.weaver.tools.WeavingAdaptor  - 16:57:59.973 main &lt; org.aspectj.weaver.tools.WeavingAdaptor.weaveClass false
453  [main] DEBUG org.aspectj.weaver.loadtime.Aj  - 16:57:59.973 main &lt; org.aspectj.weaver.loadtime.Aj.preProcess byte[6712]
454  [main] DEBUG org.aspectj.weaver.loadtime.Aj  - 16:57:59.974 main &gt; org.aspectj.weaver.loadtime.Aj.preProcess org.aspectj.weaver.loadtime.Aj@58027738 org/springframework/beans/GenericTypeAwarePropertyDescriptor, byte[2956], org.springframework.test.jpa.OrmXmlOverridingShadowingClassLoader@2bbf1be2
454  [main] DEBUG org.aspectj.weaver.loadtime.Aj  - 16:57:59.974 main - org.aspectj.weaver.loadtime.Aj.preProcess org.aspectj.weaver.loadtime.Aj@58027738 sun.misc.Launcher$AppClassLoader@302b2c81, org.springframework.test.jpa.OrmXmlOverridingShadowingClassLoader@2bbf1be2
454  [main] DEBUG org.aspectj.weaver.tools.WeavingAdaptor  - 16:57:59.974 main &gt; org.aspectj.weaver.tools.WeavingAdaptor.weaveClass org.aspectj.weaver.loadtime.ClassLoaderWeavingAdaptor@10b090ac org/springframework/beans/GenericTypeAwarePropertyDescriptor, byte[2956]
454  [main] DEBUG org.aspectj.weaver.tools.WeavingAdaptor  - 16:57:59.974 main &lt; org.aspectj.weaver.tools.WeavingAdaptor.weaveClass false
454  [main] DEBUG org.aspectj.weaver.loadtime.Aj  - 16:57:59.974 main &lt; org.aspectj.weaver.loadtime.Aj.preProcess byte[2956]
458  [main] DEBUG org.aspectj.weaver.loadtime.Aj  - 16:57:59.978 main &gt; org.aspectj.weaver.loadtime.Aj.preProcess org.aspectj.weaver.loadtime.Aj@58027738 org/springframework/core/BridgeMethodResolver, byte[4870], org.springframework.test.jpa.OrmXmlOverridingShadowingClassLoader@2bbf1be2
458  [main] DEBUG org.aspectj.weaver.loadtime.Aj  - 16:57:59.978 main - org.aspectj.weaver.loadtime.Aj.preProcess org.aspectj.weaver.loadtime.Aj@58027738 sun.misc.Launcher$AppClassLoader@302b2c81, org.springframework.test.jpa.OrmXmlOverridingShadowingClassLoader@2bbf1be2
458  [main] DEBUG org.aspectj.weaver.tools.WeavingAdaptor  - 16:57:59.978 main &gt; org.aspectj.weaver.tools.WeavingAdaptor.weaveClass org.aspectj.weaver.loadtime.ClassLoaderWeavingAdaptor@10b090ac org/springframework/core/BridgeMethodResolver, byte[4870]
458  [main] DEBUG org.aspectj.weaver.tools.WeavingAdaptor  - 16:57:59.978 main &lt; org.aspectj.weaver.tools.WeavingAdaptor.weaveClass false
459  [main] DEBUG org.aspectj.weaver.loadtime.Aj  - 16:57:59.979 main &lt; org.aspectj.weaver.loadtime.Aj.preProcess byte[4870]
460  [main] DEBUG org.aspectj.weaver.loadtime.Aj  - 16:57:59.979 main &gt; org.aspectj.weaver.loadtime.Aj.preProcess org.aspectj.weaver.loadtime.Aj@58027738 org/springframework/orm/jpa/persistenceunit/DefaultPersistenceUnitManager, byte[9755], org.springframework.test.jpa.OrmXmlOverridingShadowingClassLoader@2bbf1be2
460  [main] DEBUG org.aspectj.weaver.loadtime.Aj  - 16:57:59.980 main - org.aspectj.weaver.loadtime.Aj.preProcess org.aspectj.weaver.loadtime.Aj@58027738 sun.misc.Launcher$AppClassLoader@302b2c81, org.springframework.test.jpa.OrmXmlOverridingShadowingClassLoader@2bbf1be2
460  [main] DEBUG org.aspectj.weaver.tools.WeavingAdaptor  - 16:57:59.980 main &gt; org.aspectj.weaver.tools.WeavingAdaptor.weaveClass org.aspectj.weaver.loadtime.ClassLoaderWeavingAdaptor@10b090ac org/springframework/orm/jpa/persistenceunit/DefaultPersistenceUnitManager, byte[9755]
460  [main] DEBUG org.aspectj.weaver.tools.WeavingAdaptor  - 16:57:59.980 main &lt; org.aspectj.weaver.tools.WeavingAdaptor.weaveClass false
460  [main] DEBUG org.aspectj.weaver.loadtime.Aj  - 16:57:59.980 main &lt; org.aspectj.weaver.loadtime.Aj.preProcess byte[9755]
460  [main] DEBUG org.aspectj.weaver.loadtime.Aj  - 16:57:59.980 main &gt; org.aspectj.weaver.loadtime.Aj.preProcess org.aspectj.weaver.loadtime.Aj@58027738 org/springframework/orm/jpa/persistenceunit/PersistenceUnitManager, byte[474], org.springframework.test.jpa.OrmXmlOverridingShadowingClassLoader@2bbf1be2
460  [main] DEBUG org.aspectj.weaver.loadtime.Aj  - 16:57:59.980 main - org.aspectj.weaver.loadtime.Aj.preProcess org.aspectj.weaver.loadtime.Aj@58027738 sun.misc.Launcher$AppClassLoader@302b2c81, org.springframework.test.jpa.OrmXmlOverridingShadowingClassLoader@2bbf1be2
460  [main] DEBUG org.aspectj.weaver.tools.WeavingAdaptor  - 16:57:59.980 main &gt; org.aspectj.weaver.tools.WeavingAdaptor.weaveClass org.aspectj.weaver.loadtime.ClassLoaderWeavingAdaptor@10b090ac org/springframework/orm/jpa/persistenceunit/PersistenceUnitManager, byte[474]
460  [main] DEBUG org.aspectj.weaver.tools.WeavingAdaptor  - 16:57:59.980 main &lt; org.aspectj.weaver.tools.WeavingAdaptor.weaveClass false
461  [main] DEBUG org.aspectj.weaver.loadtime.Aj  - 16:57:59.980 main &lt; org.aspectj.weaver.loadtime.Aj.preProcess byte[474]
461  [main] DEBUG org.aspectj.weaver.loadtime.Aj  - 16:57:59.981 main &gt; org.aspectj.weaver.loadtime.Aj.preProcess org.aspectj.weaver.loadtime.Aj@58027738 org/springframework/stereotype/Repository, byte[554], org.springframework.test.jpa.OrmXmlOverridingShadowingClassLoader@2bbf1be2
461  [main] DEBUG org.aspectj.weaver.loadtime.Aj  - 16:57:59.981 main - org.aspectj.weaver.loadtime.Aj.preProcess org.aspectj.weaver.loadtime.Aj@58027738 sun.misc.Launcher$AppClassLoader@302b2c81, org.springframework.test.jpa.OrmXmlOverridingShadowingClassLoader@2bbf1be2
462  [main] DEBUG org.aspectj.weaver.tools.WeavingAdaptor  - 16:57:59.981 main &gt; org.aspectj.weaver.tools.WeavingAdaptor.weaveClass org.aspectj.weaver.loadtime.ClassLoaderWeavingAdaptor@10b090ac org/springframework/stereotype/Repository, byte[554]
462  [main] DEBUG org.aspectj.weaver.tools.WeavingAdaptor  - 16:57:59.982 main &lt; org.aspectj.weaver.tools.WeavingAdaptor.weaveClass false
462  [main] DEBUG org.aspectj.weaver.loadtime.Aj  - 16:57:59.982 main &lt; org.aspectj.weaver.loadtime.Aj.preProcess byte[554]
462  [main] DEBUG org.aspectj.weaver.loadtime.Aj  - 16:57:59.982 main &gt; org.aspectj.weaver.loadtime.Aj.preProcess org.aspectj.weaver.loadtime.Aj@58027738 org/springframework/beans/factory/annotation/InjectionMetadata, byte[4557], org.springframework.test.jpa.OrmXmlOverridingShadowingClassLoader@2bbf1be2
462  [main] DEBUG org.aspectj.weaver.loadtime.Aj  - 16:57:59.982 main - org.aspectj.weaver.loadtime.Aj.preProcess org.aspectj.weaver.loadtime.Aj@58027738 sun.misc.Launcher$AppClassLoader@302b2c81, org.springframework.test.jpa.OrmXmlOverridingShadowingClassLoader@2bbf1be2
462  [main] DEBUG org.aspectj.weaver.tools.WeavingAdaptor  - 16:57:59.982 main &gt; org.aspectj.weaver.tools.WeavingAdaptor.weaveClass org.aspectj.weaver.loadtime.ClassLoaderWeavingAdaptor@10b090ac org/springframework/beans/factory/annotation/InjectionMetadata, byte[4557]
462  [main] DEBUG org.aspectj.weaver.tools.WeavingAdaptor  - 16:57:59.982 main &lt; org.aspectj.weaver.tools.WeavingAdaptor.weaveClass false
462  [main] DEBUG org.aspectj.weaver.loadtime.Aj  - 16:57:59.982 main &lt; org.aspectj.weaver.loadtime.Aj.preProcess byte[4557]
463  [main] DEBUG org.aspectj.weaver.loadtime.Aj  - 16:57:59.983 main &gt; org.aspectj.weaver.loadtime.Aj.preProcess org.aspectj.weaver.loadtime.Aj@58027738 org/springframework/orm/jpa/support/PersistenceAnnotationBeanPostProcessor$1, byte[2504], org.springframework.test.jpa.OrmXmlOverridingShadowingClassLoader@2bbf1be2
463  [main] DEBUG org.aspectj.weaver.loadtime.Aj  - 16:57:59.983 main - org.aspectj.weaver.loadtime.Aj.preProcess org.aspectj.weaver.loadtime.Aj@58027738 sun.misc.Launcher$AppClassLoader@302b2c81, org.springframework.test.jpa.OrmXmlOverridingShadowingClassLoader@2bbf1be2
463  [main] DEBUG org.aspectj.weaver.tools.WeavingAdaptor  - 16:57:59.983 main &gt; org.aspectj.weaver.tools.WeavingAdaptor.weaveClass org.aspectj.weaver.loadtime.ClassLoaderWeavingAdaptor@10b090ac org/springframework/orm/jpa/support/PersistenceAnnotationBeanPostProcessor$1, byte[2504]
463  [main] DEBUG org.aspectj.weaver.tools.WeavingAdaptor  - 16:57:59.983 main &lt; org.aspectj.weaver.tools.WeavingAdaptor.weaveClass false
463  [main] DEBUG org.aspectj.weaver.loadtime.Aj  - 16:57:59.983 main &lt; org.aspectj.weaver.loadtime.Aj.preProcess byte[2504]
464  [main] DEBUG org.aspectj.weaver.loadtime.Aj  - 16:57:59.984 main &gt; org.aspectj.weaver.loadtime.Aj.preProcess org.aspectj.weaver.loadtime.Aj@58027738 org/springframework/beans/factory/annotation/InjectionMetadata$InjectedElement, byte[4578], org.springframework.test.jpa.OrmXmlOverridingShadowingClassLoader@2bbf1be2
464  [main] DEBUG org.aspectj.weaver.loadtime.Aj  - 16:57:59.984 main - org.aspectj.weaver.loadtime.Aj.preProcess org.aspectj.weaver.loadtime.Aj@58027738 sun.misc.Launcher$AppClassLoader@302b2c81, org.springframework.test.jpa.OrmXmlOverridingShadowingClassLoader@2bbf1be2
464  [main] DEBUG org.aspectj.weaver.tools.WeavingAdaptor  - 16:57:59.984 main &gt; org.aspectj.weaver.tools.WeavingAdaptor.weaveClass org.aspectj.weaver.loadtime.ClassLoaderWeavingAdaptor@10b090ac org/springframework/beans/factory/annotation/InjectionMetadata$InjectedElement, byte[4578]
464  [main] DEBUG org.aspectj.weaver.tools.WeavingAdaptor  - 16:57:59.984 main &lt; org.aspectj.weaver.tools.WeavingAdaptor.weaveClass false
464  [main] DEBUG org.aspectj.weaver.loadtime.Aj  - 16:57:59.984 main &lt; org.aspectj.weaver.loadtime.Aj.preProcess byte[4578]
464  [main] DEBUG org.aspectj.weaver.loadtime.Aj  - 16:57:59.984 main &gt; org.aspectj.weaver.loadtime.Aj.preProcess org.aspectj.weaver.loadtime.Aj@58027738 org/springframework/orm/jpa/support/PersistenceAnnotationBeanPostProcessor$PersistenceElement, byte[5828], org.springframework.test.jpa.OrmXmlOverridingShadowingClassLoader@2bbf1be2
465  [main] DEBUG org.aspectj.weaver.loadtime.Aj  - 16:57:59.985 main - org.aspectj.weaver.loadtime.Aj.preProcess org.aspectj.weaver.loadtime.Aj@58027738 sun.misc.Launcher$AppClassLoader@302b2c81, org.springframework.test.jpa.OrmXmlOverridingShadowingClassLoader@2bbf1be2
465  [main] DEBUG org.aspectj.weaver.tools.WeavingAdaptor  - 16:57:59.985 main &gt; org.aspectj.weaver.tools.WeavingAdaptor.weaveClass org.aspectj.weaver.loadtime.ClassLoaderWeavingAdaptor@10b090ac org/springframework/orm/jpa/support/PersistenceAnnotationBeanPostProcessor$PersistenceElement, byte[5828]
465  [main] DEBUG org.aspectj.weaver.tools.WeavingAdaptor  - 16:57:59.985 main &lt; org.aspectj.weaver.tools.WeavingAdaptor.weaveClass false
465  [main] DEBUG org.aspectj.weaver.loadtime.Aj  - 16:57:59.985 main &lt; org.aspectj.weaver.loadtime.Aj.preProcess byte[5828]
465  [main] DEBUG org.aspectj.weaver.loadtime.Aj  - 16:57:59.985 main &gt; org.aspectj.weaver.loadtime.Aj.preProcess org.aspectj.weaver.loadtime.Aj@58027738 org/springframework/dao/annotation/PersistenceExceptionTranslationAdvisor, byte[2158], org.springframework.test.jpa.OrmXmlOverridingShadowingClassLoader@2bbf1be2
465  [main] DEBUG org.aspectj.weaver.loadtime.Aj  - 16:57:59.985 main - org.aspectj.weaver.loadtime.Aj.preProcess org.aspectj.weaver.loadtime.Aj@58027738 sun.misc.Launcher$AppClassLoader@302b2c81, org.springframework.test.jpa.OrmXmlOverridingShadowingClassLoader@2bbf1be2
465  [main] DEBUG org.aspectj.weaver.tools.WeavingAdaptor  - 16:57:59.985 main &gt; org.aspectj.weaver.tools.WeavingAdaptor.weaveClass org.aspectj.weaver.loadtime.ClassLoaderWeavingAdaptor@10b090ac org/springframework/dao/annotation/PersistenceExceptionTranslationAdvisor, byte[2158]
466  [main] DEBUG org.aspectj.weaver.tools.WeavingAdaptor  - 16:57:59.986 main &lt; org.aspectj.weaver.tools.WeavingAdaptor.weaveClass false
466  [main] DEBUG org.aspectj.weaver.loadtime.Aj  - 16:57:59.986 main &lt; org.aspectj.weaver.loadtime.Aj.preProcess byte[2158]
467  [main] DEBUG org.aspectj.weaver.loadtime.Aj  - 16:57:59.987 main &gt; org.aspectj.weaver.loadtime.Aj.preProcess org.aspectj.weaver.loadtime.Aj@58027738 org/springframework/orm/jpa/support/PersistenceAnnotationBeanPostProcessor$2, byte[3347], org.springframework.test.jpa.OrmXmlOverridingShadowingClassLoader@2bbf1be2
467  [main] DEBUG org.aspectj.weaver.loadtime.Aj  - 16:57:59.987 main - org.aspectj.weaver.loadtime.Aj.preProcess org.aspectj.weaver.loadtime.Aj@58027738 sun.misc.Launcher$AppClassLoader@302b2c81, org.springframework.test.jpa.OrmXmlOverridingShadowingClassLoader@2bbf1be2
467  [main] DEBUG org.aspectj.weaver.tools.WeavingAdaptor  - 16:57:59.987 main &gt; org.aspectj.weaver.tools.WeavingAdaptor.weaveClass org.aspectj.weaver.loadtime.ClassLoaderWeavingAdaptor@10b090ac org/springframework/orm/jpa/support/PersistenceAnnotationBeanPostProcessor$2, byte[3347]
467  [main] DEBUG org.aspectj.weaver.tools.WeavingAdaptor  - 16:57:59.987 main &lt; org.aspectj.weaver.tools.WeavingAdaptor.weaveClass false
467  [main] DEBUG org.aspectj.weaver.loadtime.Aj  - 16:57:59.987 main &lt; org.aspectj.weaver.loadtime.Aj.preProcess byte[3347]
470  [main] DEBUG org.aspectj.weaver.loadtime.Aj  - 16:57:59.990 main &gt; org.aspectj.weaver.loadtime.Aj.preProcess org.aspectj.weaver.loadtime.Aj@58027738 org/springframework/dao/support/PersistenceExceptionTranslationInterceptor, byte[4817], org.springframework.test.jpa.OrmXmlOverridingShadowingClassLoader@2bbf1be2
470  [main] DEBUG org.aspectj.weaver.loadtime.Aj  - 16:57:59.990 main - org.aspectj.weaver.loadtime.Aj.preProcess org.aspectj.weaver.loadtime.Aj@58027738 sun.misc.Launcher$AppClassLoader@302b2c81, org.springframework.test.jpa.OrmXmlOverridingShadowingClassLoader@2bbf1be2
470  [main] DEBUG org.aspectj.weaver.tools.WeavingAdaptor  - 16:57:59.990 main &gt; org.aspectj.weaver.tools.WeavingAdaptor.weaveClass org.aspectj.weaver.loadtime.ClassLoaderWeavingAdaptor@10b090ac org/springframework/dao/support/PersistenceExceptionTranslationInterceptor, byte[4817]
470  [main] DEBUG org.aspectj.weaver.tools.WeavingAdaptor  - 16:57:59.990 main &lt; org.aspectj.weaver.tools.WeavingAdaptor.weaveClass false
476  [main] DEBUG org.aspectj.weaver.loadtime.Aj  - 16:57:59.996 main &lt; org.aspectj.weaver.loadtime.Aj.preProcess byte[4817]
482  [main] DEBUG org.aspectj.weaver.loadtime.Aj  - 16:58:00.002 main &gt; org.aspectj.weaver.loadtime.Aj.preProcess org.aspectj.weaver.loadtime.Aj@58027738 org/springframework/jdbc/datasource/lookup/DataSourceLookup, byte[329], org.springframework.test.jpa.OrmXmlOverridingShadowingClassLoader@2bbf1be2
482  [main] DEBUG org.aspectj.weaver.loadtime.Aj  - 16:58:00.002 main - org.aspectj.weaver.loadtime.Aj.preProcess org.aspectj.weaver.loadtime.Aj@58027738 sun.misc.Launcher$AppClassLoader@302b2c81, org.springframework.test.jpa.OrmXmlOverridingShadowingClassLoader@2bbf1be2
482  [main] DEBUG org.aspectj.weaver.tools.WeavingAdaptor  - 16:58:00.002 main &gt; org.aspectj.weaver.tools.WeavingAdaptor.weaveClass org.aspectj.weaver.loadtime.ClassLoaderWeavingAdaptor@10b090ac org/springframework/jdbc/datasource/lookup/DataSourceLookup, byte[329]
482  [main] DEBUG org.aspectj.weaver.tools.WeavingAdaptor  - 16:58:00.002 main &lt; org.aspectj.weaver.tools.WeavingAdaptor.weaveClass false
483  [main] DEBUG org.aspectj.weaver.loadtime.Aj  - 16:58:00.003 main &lt; org.aspectj.weaver.loadtime.Aj.preProcess byte[329]
484  [main] DEBUG org.aspectj.weaver.loadtime.Aj  - 16:58:00.004 main &gt; org.aspectj.weaver.loadtime.Aj.preProcess org.aspectj.weaver.loadtime.Aj@58027738 org/springframework/orm/jpa/persistenceunit/MutablePersistenceUnitInfo, byte[5518], org.springframework.test.jpa.OrmXmlOverridingShadowingClassLoader@2bbf1be2
484  [main] DEBUG org.aspectj.weaver.loadtime.Aj  - 16:58:00.004 main - org.aspectj.weaver.loadtime.Aj.preProcess org.aspectj.weaver.loadtime.Aj@58027738 sun.misc.Launcher$AppClassLoader@302b2c81, org.springframework.test.jpa.OrmXmlOverridingShadowingClassLoader@2bbf1be2
484  [main] DEBUG org.aspectj.weaver.tools.WeavingAdaptor  - 16:58:00.004 main &gt; org.aspectj.weaver.tools.WeavingAdaptor.weaveClass org.aspectj.weaver.loadtime.ClassLoaderWeavingAdaptor@10b090ac org/springframework/orm/jpa/persistenceunit/MutablePersistenceUnitInfo, byte[5518]
484  [main] DEBUG org.aspectj.weaver.tools.WeavingAdaptor  - 16:58:00.004 main &lt; org.aspectj.weaver.tools.WeavingAdaptor.weaveClass false
484  [main] DEBUG org.aspectj.weaver.loadtime.Aj  - 16:58:00.004 main &lt; org.aspectj.weaver.loadtime.Aj.preProcess byte[5518]
485  [main] DEBUG org.aspectj.weaver.loadtime.Aj  - 16:58:00.005 main &gt; org.aspectj.weaver.loadtime.Aj.preProcess org.aspectj.weaver.loadtime.Aj@58027738 org/springframework/orm/jpa/persistenceunit/SpringPersistenceUnitInfo, byte[2280], org.springframework.test.jpa.OrmXmlOverridingShadowingClassLoader@2bbf1be2
485  [main] DEBUG org.aspectj.weaver.loadtime.Aj  - 16:58:00.005 main - org.aspectj.weaver.loadtime.Aj.preProcess org.aspectj.weaver.loadtime.Aj@58027738 sun.misc.Launcher$AppClassLoader@302b2c81, org.springframework.test.jpa.OrmXmlOverridingShadowingClassLoader@2bbf1be2
485  [main] DEBUG org.aspectj.weaver.tools.WeavingAdaptor  - 16:58:00.005 main &gt; org.aspectj.weaver.tools.WeavingAdaptor.weaveClass org.aspectj.weaver.loadtime.ClassLoaderWeavingAdaptor@10b090ac org/springframework/orm/jpa/persistenceunit/SpringPersistenceUnitInfo, byte[2280]
485  [main] DEBUG org.aspectj.weaver.tools.WeavingAdaptor  - 16:58:00.005 main &lt; org.aspectj.weaver.tools.WeavingAdaptor.weaveClass false
485  [main] DEBUG org.aspectj.weaver.loadtime.Aj  - 16:58:00.005 main &lt; org.aspectj.weaver.loadtime.Aj.preProcess byte[2280]
486  [main] DEBUG org.aspectj.weaver.loadtime.Aj  - 16:58:00.006 main &gt; org.aspectj.weaver.loadtime.Aj.preProcess org.aspectj.weaver.loadtime.Aj@58027738 org/springframework/jdbc/datasource/lookup/JndiDataSourceLookup, byte[1806], org.springframework.test.jpa.OrmXmlOverridingShadowingClassLoader@2bbf1be2
486  [main] DEBUG org.aspectj.weaver.loadtime.Aj  - 16:58:00.006 main - org.aspectj.weaver.loadtime.Aj.preProcess org.aspectj.weaver.loadtime.Aj@58027738 sun.misc.Launcher$AppClassLoader@302b2c81, org.springframework.test.jpa.OrmXmlOverridingShadowingClassLoader@2bbf1be2
486  [main] DEBUG org.aspectj.weaver.tools.WeavingAdaptor  - 16:58:00.006 main &gt; org.aspectj.weaver.tools.WeavingAdaptor.weaveClass org.aspectj.weaver.loadtime.ClassLoaderWeavingAdaptor@10b090ac org/springframework/jdbc/datasource/lookup/JndiDataSourceLookup, byte[1806]
486  [main] DEBUG org.aspectj.weaver.tools.WeavingAdaptor  - 16:58:00.006 main &lt; org.aspectj.weaver.tools.WeavingAdaptor.weaveClass false
486  [main] DEBUG org.aspectj.weaver.loadtime.Aj  - 16:58:00.006 main &lt; org.aspectj.weaver.loadtime.Aj.preProcess byte[1806]
487  [main] DEBUG org.aspectj.weaver.loadtime.Aj  - 16:58:00.007 main &gt; org.aspectj.weaver.loadtime.Aj.preProcess org.aspectj.weaver.loadtime.Aj@58027738 org/springframework/jdbc/datasource/lookup/DataSourceLookupFailureException, byte[680], org.springframework.test.jpa.OrmXmlOverridingShadowingClassLoader@2bbf1be2
487  [main] DEBUG org.aspectj.weaver.loadtime.Aj  - 16:58:00.007 main - org.aspectj.weaver.loadtime.Aj.preProcess org.aspectj.weaver.loadtime.Aj@58027738 sun.misc.Launcher$AppClassLoader@302b2c81, org.springframework.test.jpa.OrmXmlOverridingShadowingClassLoader@2bbf1be2
487  [main] DEBUG org.aspectj.weaver.tools.WeavingAdaptor  - 16:58:00.007 main &gt; org.aspectj.weaver.tools.WeavingAdaptor.weaveClass org.aspectj.weaver.loadtime.ClassLoaderWeavingAdaptor@10b090ac org/springframework/jdbc/datasource/lookup/DataSourceLookupFailureException, byte[680]
487  [main] DEBUG org.aspectj.weaver.tools.WeavingAdaptor  - 16:58:00.007 main &lt; org.aspectj.weaver.tools.WeavingAdaptor.weaveClass false
487  [main] DEBUG org.aspectj.weaver.loadtime.Aj  - 16:58:00.007 main &lt; org.aspectj.weaver.loadtime.Aj.preProcess byte[680]
487  [main] DEBUG org.aspectj.weaver.loadtime.Aj  - 16:58:00.007 main &gt; org.aspectj.weaver.loadtime.Aj.preProcess org.aspectj.weaver.loadtime.Aj@58027738 org/springframework/dao/NonTransientDataAccessException, byte[627], org.springframework.test.jpa.OrmXmlOverridingShadowingClassLoader@2bbf1be2
487  [main] DEBUG org.aspectj.weaver.loadtime.Aj  - 16:58:00.007 main - org.aspectj.weaver.loadtime.Aj.preProcess org.aspectj.weaver.loadtime.Aj@58027738 sun.misc.Launcher$AppClassLoader@302b2c81, org.springframework.test.jpa.OrmXmlOverridingShadowingClassLoader@2bbf1be2
487  [main] DEBUG org.aspectj.weaver.tools.WeavingAdaptor  - 16:58:00.007 main &gt; org.aspectj.weaver.tools.WeavingAdaptor.weaveClass org.aspectj.weaver.loadtime.ClassLoaderWeavingAdaptor@10b090ac org/springframework/dao/NonTransientDataAccessException, byte[627]
488  [main] DEBUG org.aspectj.weaver.tools.WeavingAdaptor  - 16:58:00.008 main &lt; org.aspectj.weaver.tools.WeavingAdaptor.weaveClass false
488  [main] DEBUG org.aspectj.weaver.loadtime.Aj  - 16:58:00.008 main &lt; org.aspectj.weaver.loadtime.Aj.preProcess byte[627]
488  [main] DEBUG org.aspectj.weaver.loadtime.Aj  - 16:58:00.008 main &gt; org.aspectj.weaver.loadtime.Aj.preProcess org.aspectj.weaver.loadtime.Aj@58027738 org/springframework/dao/DataAccessException, byte[595], org.springframework.test.jpa.OrmXmlOverridingShadowingClassLoader@2bbf1be2
488  [main] DEBUG org.aspectj.weaver.loadtime.Aj  - 16:58:00.008 main - org.aspectj.weaver.loadtime.Aj.preProcess org.aspectj.weaver.loadtime.Aj@58027738 sun.misc.Launcher$AppClassLoader@302b2c81, org.springframework.test.jpa.OrmXmlOverridingShadowingClassLoader@2bbf1be2
488  [main] DEBUG org.aspectj.weaver.tools.WeavingAdaptor  - 16:58:00.008 main &gt; org.aspectj.weaver.tools.WeavingAdaptor.weaveClass org.aspectj.weaver.loadtime.ClassLoaderWeavingAdaptor@10b090ac org/springframework/dao/DataAccessException, byte[595]
488  [main] DEBUG org.aspectj.weaver.tools.WeavingAdaptor  - 16:58:00.008 main &lt; org.aspectj.weaver.tools.WeavingAdaptor.weaveClass false
488  [main] DEBUG org.aspectj.weaver.loadtime.Aj  - 16:58:00.008 main &lt; org.aspectj.weaver.loadtime.Aj.preProcess byte[595]
489  [main] DEBUG org.aspectj.weaver.loadtime.Aj  - 16:58:00.009 main &gt; org.aspectj.weaver.loadtime.Aj.preProcess org.aspectj.weaver.loadtime.Aj@58027738 org/springframework/orm/jpa/JpaDialect, byte[1328], org.springframework.test.jpa.OrmXmlOverridingShadowingClassLoader@2bbf1be2
489  [main] DEBUG org.aspectj.weaver.loadtime.Aj  - 16:58:00.009 main - org.aspectj.weaver.loadtime.Aj.preProcess org.aspectj.weaver.loadtime.Aj@58027738 sun.misc.Launcher$AppClassLoader@302b2c81, org.springframework.test.jpa.OrmXmlOverridingShadowingClassLoader@2bbf1be2
489  [main] DEBUG org.aspectj.weaver.tools.WeavingAdaptor  - 16:58:00.009 main &gt; org.aspectj.weaver.tools.WeavingAdaptor.weaveClass org.aspectj.weaver.loadtime.ClassLoaderWeavingAdaptor@10b090ac org/springframework/orm/jpa/JpaDialect, byte[1328]
489  [main] DEBUG org.aspectj.weaver.tools.WeavingAdaptor  - 16:58:00.009 main &lt; org.aspectj.weaver.tools.WeavingAdaptor.weaveClass false
489  [main] DEBUG org.aspectj.weaver.loadtime.Aj  - 16:58:00.009 main &lt; org.aspectj.weaver.loadtime.Aj.preProcess byte[1328]
490  [main] DEBUG org.aspectj.weaver.loadtime.Aj  - 16:58:00.010 main &gt; org.aspectj.weaver.loadtime.Aj.preProcess org.aspectj.weaver.loadtime.Aj@58027738 org/springframework/orm/jpa/persistenceunit/PersistenceUnitPostProcessor, byte[300], org.springframework.test.jpa.OrmXmlOverridingShadowingClassLoader@2bbf1be2
490  [main] DEBUG org.aspectj.weaver.loadtime.Aj  - 16:58:00.010 main - org.aspectj.weaver.loadtime.Aj.preProcess org.aspectj.weaver.loadtime.Aj@58027738 sun.misc.Launcher$AppClassLoader@302b2c81, org.springframework.test.jpa.OrmXmlOverridingShadowingClassLoader@2bbf1be2
490  [main] DEBUG org.aspectj.weaver.tools.WeavingAdaptor  - 16:58:00.010 main &gt; org.aspectj.weaver.tools.WeavingAdaptor.weaveClass org.aspectj.weaver.loadtime.ClassLoaderWeavingAdaptor@10b090ac org/springframework/orm/jpa/persistenceunit/PersistenceUnitPostProcessor, byte[300]
490  [main] DEBUG org.aspectj.weaver.tools.WeavingAdaptor  - 16:58:00.010 main &lt; org.aspectj.weaver.tools.WeavingAdaptor.weaveClass false
490  [main] DEBUG org.aspectj.weaver.loadtime.Aj  - 16:58:00.010 main &lt; org.aspectj.weaver.loadtime.Aj.preProcess byte[300]
494  [main] DEBUG org.aspectj.weaver.loadtime.Aj  - 16:58:00.014 main &gt; org.aspectj.weaver.loadtime.Aj.preProcess org.aspectj.weaver.loadtime.Aj@58027738 org/springframework/beans/factory/support/BeanDefinitionValueResolver, byte[9252], org.springframework.test.jpa.OrmXmlOverridingShadowingClassLoader@2bbf1be2
494  [main] DEBUG org.aspectj.weaver.loadtime.Aj  - 16:58:00.014 main - org.aspectj.weaver.loadtime.Aj.preProcess org.aspectj.weaver.loadtime.Aj@58027738 sun.misc.Launcher$AppClassLoader@302b2c81, org.springframework.test.jpa.OrmXmlOverridingShadowingClassLoader@2bbf1be2
494  [main] DEBUG org.aspectj.weaver.tools.WeavingAdaptor  - 16:58:00.014 main &gt; org.aspectj.weaver.tools.WeavingAdaptor.weaveClass org.aspectj.weaver.loadtime.ClassLoaderWeavingAdaptor@10b090ac org/springframework/beans/factory/support/BeanDefinitionValueResolver, byte[9252]
494  [main] DEBUG org.aspectj.weaver.tools.WeavingAdaptor  - 16:58:00.014 main &lt; org.aspectj.weaver.tools.WeavingAdaptor.weaveClass false
494  [main] DEBUG org.aspectj.weaver.loadtime.Aj  - 16:58:00.014 main &lt; org.aspectj.weaver.loadtime.Aj.preProcess byte[9252]
495  [main] DEBUG org.aspectj.weaver.loadtime.Aj  - 16:58:00.015 main &gt; org.aspectj.weaver.loadtime.Aj.preProcess org.aspectj.weaver.loadtime.Aj@58027738 org/springframework/beans/factory/support/ConstructorResolver, byte[17479], org.springframework.test.jpa.OrmXmlOverridingShadowingClassLoader@2bbf1be2
495  [main] DEBUG org.aspectj.weaver.loadtime.Aj  - 16:58:00.015 main - org.aspectj.weaver.loadtime.Aj.preProcess org.aspectj.weaver.loadtime.Aj@58027738 sun.misc.Launcher$AppClassLoader@302b2c81, org.springframework.test.jpa.OrmXmlOverridingShadowingClassLoader@2bbf1be2
496  [main] DEBUG org.aspectj.weaver.tools.WeavingAdaptor  - 16:58:00.015 main &gt; org.aspectj.weaver.tools.WeavingAdaptor.weaveClass org.aspectj.weaver.loadtime.ClassLoaderWeavingAdaptor@10b090ac org/springframework/beans/factory/support/ConstructorResolver, byte[17479]
496  [main] DEBUG org.aspectj.weaver.tools.WeavingAdaptor  - 16:58:00.016 main &lt; org.aspectj.weaver.tools.WeavingAdaptor.weaveClass false
496  [main] DEBUG org.aspectj.weaver.loadtime.Aj  - 16:58:00.016 main &lt; org.aspectj.weaver.loadtime.Aj.preProcess byte[17479]
497  [main] DEBUG org.aspectj.weaver.loadtime.Aj  - 16:58:00.017 main &gt; org.aspectj.weaver.loadtime.Aj.preProcess org.aspectj.weaver.loadtime.Aj@58027738 org/springframework/orm/jpa/vendor/Database, byte[1570], org.springframework.test.jpa.OrmXmlOverridingShadowingClassLoader@2bbf1be2
497  [main] DEBUG org.aspectj.weaver.loadtime.Aj  - 16:58:00.017 main - org.aspectj.weaver.loadtime.Aj.preProcess org.aspectj.weaver.loadtime.Aj@58027738 sun.misc.Launcher$AppClassLoader@302b2c81, org.springframework.test.jpa.OrmXmlOverridingShadowingClassLoader@2bbf1be2
497  [main] DEBUG org.aspectj.weaver.tools.WeavingAdaptor  - 16:58:00.017 main &gt; org.aspectj.weaver.tools.WeavingAdaptor.weaveClass org.aspectj.weaver.loadtime.ClassLoaderWeavingAdaptor@10b090ac org/springframework/orm/jpa/vendor/Database, byte[1570]
497  [main] DEBUG org.aspectj.weaver.tools.WeavingAdaptor  - 16:58:00.017 main &lt; org.aspectj.weaver.tools.WeavingAdaptor.weaveClass false
497  [main] DEBUG org.aspectj.weaver.loadtime.Aj  - 16:58:00.017 main &lt; org.aspectj.weaver.loadtime.Aj.preProcess byte[1570]
498  [main] DEBUG org.aspectj.weaver.loadtime.Aj  - 16:58:00.018 main &gt; org.aspectj.weaver.loadtime.Aj.preProcess org.aspectj.weaver.loadtime.Aj@58027738 org/hibernate/ejb/HibernatePersistence, byte[3253], org.springframework.test.jpa.OrmXmlOverridingShadowingClassLoader@2bbf1be2
498  [main] DEBUG org.aspectj.weaver.loadtime.Aj  - 16:58:00.018 main - org.aspectj.weaver.loadtime.Aj.preProcess org.aspectj.weaver.loadtime.Aj@58027738 sun.misc.Launcher$AppClassLoader@302b2c81, org.springframework.test.jpa.OrmXmlOverridingShadowingClassLoader@2bbf1be2
498  [main] DEBUG org.aspectj.weaver.tools.WeavingAdaptor  - 16:58:00.018 main &gt; org.aspectj.weaver.tools.WeavingAdaptor.weaveClass org.aspectj.weaver.loadtime.ClassLoaderWeavingAdaptor@10b090ac org/hibernate/ejb/HibernatePersistence, byte[3253]
498  [main] DEBUG org.aspectj.weaver.tools.WeavingAdaptor  - 16:58:00.018 main &lt; org.aspectj.weaver.tools.WeavingAdaptor.weaveClass false
498  [main] DEBUG org.aspectj.weaver.loadtime.Aj  - 16:58:00.018 main &lt; org.aspectj.weaver.loadtime.Aj.preProcess byte[3253]
499  [main] DEBUG org.aspectj.weaver.loadtime.Aj  - 16:58:00.019 main &gt; org.aspectj.weaver.loadtime.Aj.preProcess org.aspectj.weaver.loadtime.Aj@58027738 org/springframework/orm/jpa/vendor/HibernateJpaDialect, byte[4140], org.springframework.test.jpa.OrmXmlOverridingShadowingClassLoader@2bbf1be2
499  [main] DEBUG org.aspectj.weaver.loadtime.Aj  - 16:58:00.019 main - org.aspectj.weaver.loadtime.Aj.preProcess org.aspectj.weaver.loadtime.Aj@58027738 sun.misc.Launcher$AppClassLoader@302b2c81, org.springframework.test.jpa.OrmXmlOverridingShadowingClassLoader@2bbf1be2
499  [main] DEBUG org.aspectj.weaver.tools.WeavingAdaptor  - 16:58:00.019 main &gt; org.aspectj.weaver.tools.WeavingAdaptor.weaveClass org.aspectj.weaver.loadtime.ClassLoaderWeavingAdaptor@10b090ac org/springframework/orm/jpa/vendor/HibernateJpaDialect, byte[4140]
499  [main] DEBUG org.aspectj.weaver.tools.WeavingAdaptor  - 16:58:00.019 main &lt; org.aspectj.weaver.tools.WeavingAdaptor.weaveClass false
499  [main] DEBUG org.aspectj.weaver.loadtime.Aj  - 16:58:00.019 main &lt; org.aspectj.weaver.loadtime.Aj.preProcess byte[4140]
500  [main] DEBUG org.aspectj.weaver.loadtime.Aj  - 16:58:00.020 main &gt; org.aspectj.weaver.loadtime.Aj.preProcess org.aspectj.weaver.loadtime.Aj@58027738 org/springframework/orm/jpa/DefaultJpaDialect, byte[3736], org.springframework.test.jpa.OrmXmlOverridingShadowingClassLoader@2bbf1be2
500  [main] DEBUG org.aspectj.weaver.loadtime.Aj  - 16:58:00.020 main - org.aspectj.weaver.loadtime.Aj.preProcess org.aspectj.weaver.loadtime.Aj@58027738 sun.misc.Launcher$AppClassLoader@302b2c81, org.springframework.test.jpa.OrmXmlOverridingShadowingClassLoader@2bbf1be2
500  [main] DEBUG org.aspectj.weaver.tools.WeavingAdaptor  - 16:58:00.020 main &gt; org.aspectj.weaver.tools.WeavingAdaptor.weaveClass org.aspectj.weaver.loadtime.ClassLoaderWeavingAdaptor@10b090ac org/springframework/orm/jpa/DefaultJpaDialect, byte[3736]
500  [main] DEBUG org.aspectj.weaver.tools.WeavingAdaptor  - 16:58:00.020 main &lt; org.aspectj.weaver.tools.WeavingAdaptor.weaveClass false
500  [main] DEBUG org.aspectj.weaver.loadtime.Aj  - 16:58:00.020 main &lt; org.aspectj.weaver.loadtime.Aj.preProcess byte[3736]
501  [main] DEBUG org.aspectj.weaver.loadtime.Aj  - 16:58:00.021 main &gt; org.aspectj.weaver.loadtime.Aj.preProcess org.aspectj.weaver.loadtime.Aj@58027738 org/springframework/transaction/InvalidIsolationLevelException, byte[480], org.springframework.test.jpa.OrmXmlOverridingShadowingClassLoader@2bbf1be2
501  [main] DEBUG org.aspectj.weaver.loadtime.Aj  - 16:58:00.021 main - org.aspectj.weaver.loadtime.Aj.preProcess org.aspectj.weaver.loadtime.Aj@58027738 sun.misc.Launcher$AppClassLoader@302b2c81, org.springframework.test.jpa.OrmXmlOverridingShadowingClassLoader@2bbf1be2
501  [main] DEBUG org.aspectj.weaver.tools.WeavingAdaptor  - 16:58:00.021 main &gt; org.aspectj.weaver.tools.WeavingAdaptor.weaveClass org.aspectj.weaver.loadtime.ClassLoaderWeavingAdaptor@10b090ac org/springframework/transaction/InvalidIsolationLevelException, byte[480]
501  [main] DEBUG org.aspectj.weaver.tools.WeavingAdaptor  - 16:58:00.021 main &lt; org.aspectj.weaver.tools.WeavingAdaptor.weaveClass false
501  [main] DEBUG org.aspectj.weaver.loadtime.Aj  - 16:58:00.021 main &lt; org.aspectj.weaver.loadtime.Aj.preProcess byte[480]
501  [main] DEBUG org.aspectj.weaver.loadtime.Aj  - 16:58:00.021 main &gt; org.aspectj.weaver.loadtime.Aj.preProcess org.aspectj.weaver.loadtime.Aj@58027738 org/springframework/jdbc/datasource/ConnectionHandle, byte[254], org.springframework.test.jpa.OrmXmlOverridingShadowingClassLoader@2bbf1be2
502  [main] DEBUG org.aspectj.weaver.loadtime.Aj  - 16:58:00.021 main - org.aspectj.weaver.loadtime.Aj.preProcess org.aspectj.weaver.loadtime.Aj@58027738 sun.misc.Launcher$AppClassLoader@302b2c81, org.springframework.test.jpa.OrmXmlOverridingShadowingClassLoader@2bbf1be2
502  [main] DEBUG org.aspectj.weaver.tools.WeavingAdaptor  - 16:58:00.022 main &gt; org.aspectj.weaver.tools.WeavingAdaptor.weaveClass org.aspectj.weaver.loadtime.ClassLoaderWeavingAdaptor@10b090ac org/springframework/jdbc/datasource/ConnectionHandle, byte[254]
502  [main] DEBUG org.aspectj.weaver.tools.WeavingAdaptor  - 16:58:00.022 main &lt; org.aspectj.weaver.tools.WeavingAdaptor.weaveClass false
502  [main] DEBUG org.aspectj.weaver.loadtime.Aj  - 16:58:00.022 main &lt; org.aspectj.weaver.loadtime.Aj.preProcess byte[254]
504  [main] DEBUG org.aspectj.weaver.loadtime.Aj  - 16:58:00.024 main &gt; org.aspectj.weaver.loadtime.Aj.preProcess org.aspectj.weaver.loadtime.Aj@58027738 org/springframework/beans/factory/config/RuntimeBeanNameReference, byte[1589], org.springframework.test.jpa.OrmXmlOverridingShadowingClassLoader@2bbf1be2
504  [main] DEBUG org.aspectj.weaver.loadtime.Aj  - 16:58:00.024 main - org.aspectj.weaver.loadtime.Aj.preProcess org.aspectj.weaver.loadtime.Aj@58027738 sun.misc.Launcher$AppClassLoader@302b2c81, org.springframework.test.jpa.OrmXmlOverridingShadowingClassLoader@2bbf1be2
504  [main] DEBUG org.aspectj.weaver.tools.WeavingAdaptor  - 16:58:00.024 main &gt; org.aspectj.weaver.tools.WeavingAdaptor.weaveClass org.aspectj.weaver.loadtime.ClassLoaderWeavingAdaptor@10b090ac org/springframework/beans/factory/config/RuntimeBeanNameReference, byte[1589]
504  [main] DEBUG org.aspectj.weaver.tools.WeavingAdaptor  - 16:58:00.024 main &lt; org.aspectj.weaver.tools.WeavingAdaptor.weaveClass false
504  [main] DEBUG org.aspectj.weaver.loadtime.Aj  - 16:58:00.024 main &lt; org.aspectj.weaver.loadtime.Aj.preProcess byte[1589]
504  [main] DEBUG org.aspectj.weaver.loadtime.Aj  - 16:58:00.024 main &gt; org.aspectj.weaver.loadtime.Aj.preProcess org.aspectj.weaver.loadtime.Aj@58027738 org/springframework/beans/factory/support/ManagedSet, byte[1906], org.springframework.test.jpa.OrmXmlOverridingShadowingClassLoader@2bbf1be2
504  [main] DEBUG org.aspectj.weaver.loadtime.Aj  - 16:58:00.024 main - org.aspectj.weaver.loadtime.Aj.preProcess org.aspectj.weaver.loadtime.Aj@58027738 sun.misc.Launcher$AppClassLoader@302b2c81, org.springframework.test.jpa.OrmXmlOverridingShadowingClassLoader@2bbf1be2
505  [main] DEBUG org.aspectj.weaver.tools.WeavingAdaptor  - 16:58:00.025 main &gt; org.aspectj.weaver.tools.WeavingAdaptor.weaveClass org.aspectj.weaver.loadtime.ClassLoaderWeavingAdaptor@10b090ac org/springframework/beans/factory/support/ManagedSet, byte[1906]
505  [main] DEBUG org.aspectj.weaver.tools.WeavingAdaptor  - 16:58:00.025 main &lt; org.aspectj.weaver.tools.WeavingAdaptor.weaveClass false
505  [main] DEBUG org.aspectj.weaver.loadtime.Aj  - 16:58:00.025 main &lt; org.aspectj.weaver.loadtime.Aj.preProcess byte[1906]
505  [main] DEBUG org.aspectj.weaver.loadtime.Aj  - 16:58:00.025 main &gt; org.aspectj.weaver.loadtime.Aj.preProcess org.aspectj.weaver.loadtime.Aj@58027738 org/springframework/beans/factory/support/ManagedMap, byte[1897], org.springframework.test.jpa.OrmXmlOverridingShadowingClassLoader@2bbf1be2
505  [main] DEBUG org.aspectj.weaver.loadtime.Aj  - 16:58:00.025 main - org.aspectj.weaver.loadtime.Aj.preProcess org.aspectj.weaver.loadtime.Aj@58027738 sun.misc.Launcher$AppClassLoader@302b2c81, org.springframework.test.jpa.OrmXmlOverridingShadowingClassLoader@2bbf1be2
505  [main] DEBUG org.aspectj.weaver.tools.WeavingAdaptor  - 16:58:00.025 main &gt; org.aspectj.weaver.tools.WeavingAdaptor.weaveClass org.aspectj.weaver.loadtime.ClassLoaderWeavingAdaptor@10b090ac org/springframework/beans/factory/support/ManagedMap, byte[1897]
505  [main] DEBUG org.aspectj.weaver.tools.WeavingAdaptor  - 16:58:00.025 main &lt; org.aspectj.weaver.tools.WeavingAdaptor.weaveClass false
505  [main] DEBUG org.aspectj.weaver.loadtime.Aj  - 16:58:00.025 main &lt; org.aspectj.weaver.loadtime.Aj.preProcess byte[1897]
506  [main] DEBUG org.aspectj.weaver.loadtime.Aj  - 16:58:00.026 main &gt; org.aspectj.weaver.loadtime.Aj.preProcess org.aspectj.weaver.loadtime.Aj@58027738 org/springframework/beans/PropertyAccessorUtils, byte[2717], org.springframework.test.jpa.OrmXmlOverridingShadowingClassLoader@2bbf1be2
506  [main] DEBUG org.aspectj.weaver.loadtime.Aj  - 16:58:00.026 main - org.aspectj.weaver.loadtime.Aj.preProcess org.aspectj.weaver.loadtime.Aj@58027738 sun.misc.Launcher$AppClassLoader@302b2c81, org.springframework.test.jpa.OrmXmlOverridingShadowingClassLoader@2bbf1be2
506  [main] DEBUG org.aspectj.weaver.tools.WeavingAdaptor  - 16:58:00.026 main &gt; org.aspectj.weaver.tools.WeavingAdaptor.weaveClass org.aspectj.weaver.loadtime.ClassLoaderWeavingAdaptor@10b090ac org/springframework/beans/PropertyAccessorUtils, byte[2717]
506  [main] DEBUG org.aspectj.weaver.tools.WeavingAdaptor  - 16:58:00.026 main &lt; org.aspectj.weaver.tools.WeavingAdaptor.weaveClass false
506  [main] DEBUG org.aspectj.weaver.loadtime.Aj  - 16:58:00.026 main &lt; org.aspectj.weaver.loadtime.Aj.preProcess byte[2717]
506  [main] DEBUG org.aspectj.weaver.loadtime.Aj  - 16:58:00.026 main &gt; org.aspectj.weaver.loadtime.Aj.preProcess org.aspectj.weaver.loadtime.Aj@58027738 org/springframework/core/MethodParameter, byte[6236], org.springframework.test.jpa.OrmXmlOverridingShadowingClassLoader@2bbf1be2
506  [main] DEBUG org.aspectj.weaver.loadtime.Aj  - 16:58:00.026 main - org.aspectj.weaver.loadtime.Aj.preProcess org.aspectj.weaver.loadtime.Aj@58027738 sun.misc.Launcher$AppClassLoader@302b2c81, org.springframework.test.jpa.OrmXmlOverridingShadowingClassLoader@2bbf1be2
507  [main] DEBUG org.aspectj.weaver.tools.WeavingAdaptor  - 16:58:00.027 main &gt; org.aspectj.weaver.tools.WeavingAdaptor.weaveClass org.aspectj.weaver.loadtime.ClassLoaderWeavingAdaptor@10b090ac org/springframework/core/MethodParameter, byte[6236]
507  [main] DEBUG org.aspectj.weaver.tools.WeavingAdaptor  - 16:58:00.027 main &lt; org.aspectj.weaver.tools.WeavingAdaptor.weaveClass false
507  [main] DEBUG org.aspectj.weaver.loadtime.Aj  - 16:58:00.027 main &lt; org.aspectj.weaver.loadtime.Aj.preProcess byte[6236]
507  [main] DEBUG org.aspectj.weaver.loadtime.Aj  - 16:58:00.027 main &gt; org.aspectj.weaver.loadtime.Aj.preProcess org.aspectj.weaver.loadtime.Aj@58027738 org/springframework/core/GenericTypeResolver, byte[5745], org.springframework.test.jpa.OrmXmlOverridingShadowingClassLoader@2bbf1be2
507  [main] DEBUG org.aspectj.weaver.loadtime.Aj  - 16:58:00.027 main - org.aspectj.weaver.loadtime.Aj.preProcess org.aspectj.weaver.loadtime.Aj@58027738 sun.misc.Launcher$AppClassLoader@302b2c81, org.springframework.test.jpa.OrmXmlOverridingShadowingClassLoader@2bbf1be2
508  [main] DEBUG org.aspectj.weaver.tools.WeavingAdaptor  - 16:58:00.028 main &gt; org.aspectj.weaver.tools.WeavingAdaptor.weaveClass org.aspectj.weaver.loadtime.ClassLoaderWeavingAdaptor@10b090ac org/springframework/core/GenericTypeResolver, byte[5745]
508  [main] DEBUG org.aspectj.weaver.tools.WeavingAdaptor  - 16:58:00.028 main &lt; org.aspectj.weaver.tools.WeavingAdaptor.weaveClass false
508  [main] DEBUG org.aspectj.weaver.loadtime.Aj  - 16:58:00.028 main &lt; org.aspectj.weaver.loadtime.Aj.preProcess byte[5745]
509  [main] DEBUG org.aspectj.weaver.loadtime.Aj  - 16:58:00.029 main &gt; org.aspectj.weaver.loadtime.Aj.preProcess org.aspectj.weaver.loadtime.Aj@58027738 org/apache/commons/dbcp/SQLNestedException, byte[2220], org.springframework.test.jpa.OrmXmlOverridingShadowingClassLoader@2bbf1be2
509  [main] DEBUG org.aspectj.weaver.loadtime.Aj  - 16:58:00.029 main - org.aspectj.weaver.loadtime.Aj.preProcess org.aspectj.weaver.loadtime.Aj@58027738 sun.misc.Launcher$AppClassLoader@302b2c81, org.springframework.test.jpa.OrmXmlOverridingShadowingClassLoader@2bbf1be2
509  [main] DEBUG org.aspectj.weaver.tools.WeavingAdaptor  - 16:58:00.029 main &gt; org.aspectj.weaver.tools.WeavingAdaptor.weaveClass org.aspectj.weaver.loadtime.ClassLoaderWeavingAdaptor@10b090ac org/apache/commons/dbcp/SQLNestedException, byte[2220]
509  [main] DEBUG org.aspectj.weaver.tools.WeavingAdaptor  - 16:58:00.029 main &lt; org.aspectj.weaver.tools.WeavingAdaptor.weaveClass false
509  [main] DEBUG org.aspectj.weaver.loadtime.Aj  - 16:58:00.029 main &lt; org.aspectj.weaver.loadtime.Aj.preProcess byte[2220]
510  [main] DEBUG org.aspectj.weaver.loadtime.Aj  - 16:58:00.030 main &gt; org.aspectj.weaver.loadtime.Aj.preProcess org.aspectj.weaver.loadtime.Aj@58027738 org/apache/commons/pool/impl/GenericObjectPool, byte[14804], org.springframework.test.jpa.OrmXmlOverridingShadowingClassLoader@2bbf1be2
510  [main] DEBUG org.aspectj.weaver.loadtime.Aj  - 16:58:00.030 main - org.aspectj.weaver.loadtime.Aj.preProcess org.aspectj.weaver.loadtime.Aj@58027738 sun.misc.Launcher$AppClassLoader@302b2c81, org.springframework.test.jpa.OrmXmlOverridingShadowingClassLoader@2bbf1be2
510  [main] DEBUG org.aspectj.weaver.tools.WeavingAdaptor  - 16:58:00.030 main &gt; org.aspectj.weaver.tools.WeavingAdaptor.weaveClass org.aspectj.weaver.loadtime.ClassLoaderWeavingAdaptor@10b090ac org/apache/commons/pool/impl/GenericObjectPool, byte[14804]
510  [main] DEBUG org.aspectj.weaver.tools.WeavingAdaptor  - 16:58:00.030 main &lt; org.aspectj.weaver.tools.WeavingAdaptor.weaveClass false
510  [main] DEBUG org.aspectj.weaver.loadtime.Aj  - 16:58:00.030 main &lt; org.aspectj.weaver.loadtime.Aj.preProcess byte[14804]
511  [main] DEBUG org.aspectj.weaver.loadtime.Aj  - 16:58:00.031 main &gt; org.aspectj.weaver.loadtime.Aj.preProcess org.aspectj.weaver.loadtime.Aj@58027738 org/apache/commons/pool/ObjectPool, byte[641], org.springframework.test.jpa.OrmXmlOverridingShadowingClassLoader@2bbf1be2
511  [main] DEBUG org.aspectj.weaver.loadtime.Aj  - 16:58:00.031 main - org.aspectj.weaver.loadtime.Aj.preProcess org.aspectj.weaver.loadtime.Aj@58027738 sun.misc.Launcher$AppClassLoader@302b2c81, org.springframework.test.jpa.OrmXmlOverridingShadowingClassLoader@2bbf1be2
511  [main] DEBUG org.aspectj.weaver.tools.WeavingAdaptor  - 16:58:00.031 main &gt; org.aspectj.weaver.tools.WeavingAdaptor.weaveClass org.aspectj.weaver.loadtime.ClassLoaderWeavingAdaptor@10b090ac org/apache/commons/pool/ObjectPool, byte[641]
511  [main] DEBUG org.aspectj.weaver.tools.WeavingAdaptor  - 16:58:00.031 main &lt; org.aspectj.weaver.tools.WeavingAdaptor.weaveClass false
511  [main] DEBUG org.aspectj.weaver.loadtime.Aj  - 16:58:00.031 main &lt; org.aspectj.weaver.loadtime.Aj.preProcess byte[641]
511  [main] DEBUG org.aspectj.weaver.loadtime.Aj  - 16:58:00.031 main &gt; org.aspectj.weaver.loadtime.Aj.preProcess org.aspectj.weaver.loadtime.Aj@58027738 org/apache/commons/pool/BaseObjectPool, byte[1586], org.springframework.test.jpa.OrmXmlOverridingShadowingClassLoader@2bbf1be2
511  [main] DEBUG org.aspectj.weaver.loadtime.Aj  - 16:58:00.031 main - org.aspectj.weaver.loadtime.Aj.preProcess org.aspectj.weaver.loadtime.Aj@58027738 sun.misc.Launcher$AppClassLoader@302b2c81, org.springframework.test.jpa.OrmXmlOverridingShadowingClassLoader@2bbf1be2
511  [main] DEBUG org.aspectj.weaver.tools.WeavingAdaptor  - 16:58:00.031 main &gt; org.aspectj.weaver.tools.WeavingAdaptor.weaveClass org.aspectj.weaver.loadtime.ClassLoaderWeavingAdaptor@10b090ac org/apache/commons/pool/BaseObjectPool, byte[1586]
511  [main] DEBUG org.aspectj.weaver.tools.WeavingAdaptor  - 16:58:00.031 main &lt; org.aspectj.weaver.tools.WeavingAdaptor.weaveClass false
512  [main] DEBUG org.aspectj.weaver.loadtime.Aj  - 16:58:00.032 main &lt; org.aspectj.weaver.loadtime.Aj.preProcess byte[1586]
512  [main] DEBUG org.aspectj.weaver.loadtime.Aj  - 16:58:00.032 main &gt; org.aspectj.weaver.loadtime.Aj.preProcess org.aspectj.weaver.loadtime.Aj@58027738 org/apache/commons/dbcp/AbandonedObjectPool, byte[3501], org.springframework.test.jpa.OrmXmlOverridingShadowingClassLoader@2bbf1be2
512  [main] DEBUG org.aspectj.weaver.loadtime.Aj  - 16:58:00.032 main - org.aspectj.weaver.loadtime.Aj.preProcess org.aspectj.weaver.loadtime.Aj@58027738 sun.misc.Launcher$AppClassLoader@302b2c81, org.springframework.test.jpa.OrmXmlOverridingShadowingClassLoader@2bbf1be2
512  [main] DEBUG org.aspectj.weaver.tools.WeavingAdaptor  - 16:58:00.032 main &gt; org.aspectj.weaver.tools.WeavingAdaptor.weaveClass org.aspectj.weaver.loadtime.ClassLoaderWeavingAdaptor@10b090ac org/apache/commons/dbcp/AbandonedObjectPool, byte[3501]
512  [main] DEBUG org.aspectj.weaver.tools.WeavingAdaptor  - 16:58:00.032 main &lt; org.aspectj.weaver.tools.WeavingAdaptor.weaveClass false
512  [main] DEBUG org.aspectj.weaver.loadtime.Aj  - 16:58:00.032 main &lt; org.aspectj.weaver.loadtime.Aj.preProcess byte[3501]
512  [main] DEBUG org.aspectj.weaver.loadtime.Aj  - 16:58:00.032 main &gt; org.aspectj.weaver.loadtime.Aj.preProcess org.aspectj.weaver.loadtime.Aj@58027738 org/apache/commons/dbcp/ConnectionFactory, byte[242], org.springframework.test.jpa.OrmXmlOverridingShadowingClassLoader@2bbf1be2
513  [main] DEBUG org.aspectj.weaver.loadtime.Aj  - 16:58:00.032 main - org.aspectj.weaver.loadtime.Aj.preProcess org.aspectj.weaver.loadtime.Aj@58027738 sun.misc.Launcher$AppClassLoader@302b2c81, org.springframework.test.jpa.OrmXmlOverridingShadowingClassLoader@2bbf1be2
513  [main] DEBUG org.aspectj.weaver.tools.WeavingAdaptor  - 16:58:00.033 main &gt; org.aspectj.weaver.tools.WeavingAdaptor.weaveClass org.aspectj.weaver.loadtime.ClassLoaderWeavingAdaptor@10b090ac org/apache/commons/dbcp/ConnectionFactory, byte[242]
513  [main] DEBUG org.aspectj.weaver.tools.WeavingAdaptor  - 16:58:00.033 main &lt; org.aspectj.weaver.tools.WeavingAdaptor.weaveClass false
513  [main] DEBUG org.aspectj.weaver.loadtime.Aj  - 16:58:00.033 main &lt; org.aspectj.weaver.loadtime.Aj.preProcess byte[242]
513  [main] DEBUG org.aspectj.weaver.loadtime.Aj  - 16:58:00.033 main &gt; org.aspectj.weaver.loadtime.Aj.preProcess org.aspectj.weaver.loadtime.Aj@58027738 org/apache/commons/pool/KeyedObjectPoolFactory, byte[216], org.springframework.test.jpa.OrmXmlOverridingShadowingClassLoader@2bbf1be2
513  [main] DEBUG org.aspectj.weaver.loadtime.Aj  - 16:58:00.033 main - org.aspectj.weaver.loadtime.Aj.preProcess org.aspectj.weaver.loadtime.Aj@58027738 sun.misc.Launcher$AppClassLoader@302b2c81, org.springframework.test.jpa.OrmXmlOverridingShadowingClassLoader@2bbf1be2
513  [main] DEBUG org.aspectj.weaver.tools.WeavingAdaptor  - 16:58:00.033 main &gt; org.aspectj.weaver.tools.WeavingAdaptor.weaveClass org.aspectj.weaver.loadtime.ClassLoaderWeavingAdaptor@10b090ac org/apache/commons/pool/KeyedObjectPoolFactory, byte[216]
513  [main] DEBUG org.aspectj.weaver.tools.WeavingAdaptor  - 16:58:00.033 main &lt; org.aspectj.weaver.tools.WeavingAdaptor.weaveClass false
513  [main] DEBUG org.aspectj.weaver.loadtime.Aj  - 16:58:00.033 main &lt; org.aspectj.weaver.loadtime.Aj.preProcess byte[216]
514  [main] DEBUG org.aspectj.weaver.loadtime.Aj  - 16:58:00.034 main &gt; org.aspectj.weaver.loadtime.Aj.preProcess org.aspectj.weaver.loadtime.Aj@58027738 org/apache/commons/dbcp/AbandonedConfig, byte[1057], org.springframework.test.jpa.OrmXmlOverridingShadowingClassLoader@2bbf1be2
514  [main] DEBUG org.aspectj.weaver.loadtime.Aj  - 16:58:00.034 main - org.aspectj.weaver.loadtime.Aj.preProcess org.aspectj.weaver.loadtime.Aj@58027738 sun.misc.Launcher$AppClassLoader@302b2c81, org.springframework.test.jpa.OrmXmlOverridingShadowingClassLoader@2bbf1be2
514  [main] DEBUG org.aspectj.weaver.tools.WeavingAdaptor  - 16:58:00.034 main &gt; org.aspectj.weaver.tools.WeavingAdaptor.weaveClass org.aspectj.weaver.loadtime.ClassLoaderWeavingAdaptor@10b090ac org/apache/commons/dbcp/AbandonedConfig, byte[1057]
514  [main] DEBUG org.aspectj.weaver.tools.WeavingAdaptor  - 16:58:00.034 main &lt; org.aspectj.weaver.tools.WeavingAdaptor.weaveClass false
514  [main] DEBUG org.aspectj.weaver.loadtime.Aj  - 16:58:00.034 main &lt; org.aspectj.weaver.loadtime.Aj.preProcess byte[1057]
514  [main] DEBUG org.aspectj.weaver.loadtime.Aj  - 16:58:00.034 main &gt; org.aspectj.weaver.loadtime.Aj.preProcess org.aspectj.weaver.loadtime.Aj@58027738 org/apache/commons/dbcp/PoolableConnectionFactory, byte[8671], org.springframework.test.jpa.OrmXmlOverridingShadowingClassLoader@2bbf1be2
514  [main] DEBUG org.aspectj.weaver.loadtime.Aj  - 16:58:00.034 main - org.aspectj.weaver.loadtime.Aj.preProcess org.aspectj.weaver.loadtime.Aj@58027738 sun.misc.Launcher$AppClassLoader@302b2c81, org.springframework.test.jpa.OrmXmlOverridingShadowingClassLoader@2bbf1be2
515  [main] DEBUG org.aspectj.weaver.tools.WeavingAdaptor  - 16:58:00.035 main &gt; org.aspectj.weaver.tools.WeavingAdaptor.weaveClass org.aspectj.weaver.loadtime.ClassLoaderWeavingAdaptor@10b090ac org/apache/commons/dbcp/PoolableConnectionFactory, byte[8671]
515  [main] DEBUG org.aspectj.weaver.tools.WeavingAdaptor  - 16:58:00.035 main &lt; org.aspectj.weaver.tools.WeavingAdaptor.weaveClass false
515  [main] DEBUG org.aspectj.weaver.loadtime.Aj  - 16:58:00.035 main &lt; org.aspectj.weaver.loadtime.Aj.preProcess byte[8671]
515  [main] DEBUG org.aspectj.weaver.loadtime.Aj  - 16:58:00.035 main &gt; org.aspectj.weaver.loadtime.Aj.preProcess org.aspectj.weaver.loadtime.Aj@58027738 org/apache/commons/pool/PoolableObjectFactory, byte[417], org.springframework.test.jpa.OrmXmlOverridingShadowingClassLoader@2bbf1be2
515  [main] DEBUG org.aspectj.weaver.loadtime.Aj  - 16:58:00.035 main - org.aspectj.weaver.loadtime.Aj.preProcess org.aspectj.weaver.loadtime.Aj@58027738 sun.misc.Launcher$AppClassLoader@302b2c81, org.springframework.test.jpa.OrmXmlOverridingShadowingClassLoader@2bbf1be2
515  [main] DEBUG org.aspectj.weaver.tools.WeavingAdaptor  - 16:58:00.035 main &gt; org.aspectj.weaver.tools.WeavingAdaptor.weaveClass org.aspectj.weaver.loadtime.ClassLoaderWeavingAdaptor@10b090ac org/apache/commons/pool/PoolableObjectFactory, byte[417]
515  [main] DEBUG org.aspectj.weaver.tools.WeavingAdaptor  - 16:58:00.035 main &lt; org.aspectj.weaver.tools.WeavingAdaptor.weaveClass false
515  [main] DEBUG org.aspectj.weaver.loadtime.Aj  - 16:58:00.035 main &lt; org.aspectj.weaver.loadtime.Aj.preProcess byte[417]
519  [main] DEBUG org.aspectj.weaver.loadtime.Aj  - 16:58:00.039 main &gt; org.aspectj.weaver.loadtime.Aj.preProcess org.aspectj.weaver.loadtime.Aj@58027738 org/springframework/beans/propertyeditors/CharsetEditor, byte[1054], org.springframework.test.jpa.OrmXmlOverridingShadowingClassLoader@2bbf1be2
519  [main] DEBUG org.aspectj.weaver.loadtime.Aj  - 16:58:00.039 main - org.aspectj.weaver.loadtime.Aj.preProcess org.aspectj.weaver.loadtime.Aj@58027738 sun.misc.Launcher$AppClassLoader@302b2c81, org.springframework.test.jpa.OrmXmlOverridingShadowingClassLoader@2bbf1be2
519  [main] DEBUG org.aspectj.weaver.tools.WeavingAdaptor  - 16:58:00.039 main &gt; org.aspectj.weaver.tools.WeavingAdaptor.weaveClass org.aspectj.weaver.loadtime.ClassLoaderWeavingAdaptor@10b090ac org/springframework/beans/propertyeditors/CharsetEditor, byte[1054]
519  [main] DEBUG org.aspectj.weaver.tools.WeavingAdaptor  - 16:58:00.039 main &lt; org.aspectj.weaver.tools.WeavingAdaptor.weaveClass false
519  [main] DEBUG org.aspectj.weaver.loadtime.Aj  - 16:58:00.039 main &lt; org.aspectj.weaver.loadtime.Aj.preProcess byte[1054]
520  [main] DEBUG org.aspectj.weaver.loadtime.Aj  - 16:58:00.040 main &gt; org.aspectj.weaver.loadtime.Aj.preProcess org.aspectj.weaver.loadtime.Aj@58027738 org/springframework/beans/propertyeditors/ClassArrayEditor, byte[2121], org.springframework.test.jpa.OrmXmlOverridingShadowingClassLoader@2bbf1be2
520  [main] DEBUG org.aspectj.weaver.loadtime.Aj  - 16:58:00.040 main - org.aspectj.weaver.loadtime.Aj.preProcess org.aspectj.weaver.loadtime.Aj@58027738 sun.misc.Launcher$AppClassLoader@302b2c81, org.springframework.test.jpa.OrmXmlOverridingShadowingClassLoader@2bbf1be2
520  [main] DEBUG org.aspectj.weaver.tools.WeavingAdaptor  - 16:58:00.040 main &gt; org.aspectj.weaver.tools.WeavingAdaptor.weaveClass org.aspectj.weaver.loadtime.ClassLoaderWeavingAdaptor@10b090ac org/springframework/beans/propertyeditors/ClassArrayEditor, byte[2121]
520  [main] DEBUG org.aspectj.weaver.tools.WeavingAdaptor  - 16:58:00.040 main &lt; org.aspectj.weaver.tools.WeavingAdaptor.weaveClass false
520  [main] DEBUG org.aspectj.weaver.loadtime.Aj  - 16:58:00.040 main &lt; org.aspectj.weaver.loadtime.Aj.preProcess byte[2121]
520  [main] DEBUG org.aspectj.weaver.loadtime.Aj  - 16:58:00.040 main &gt; org.aspectj.weaver.loadtime.Aj.preProcess org.aspectj.weaver.loadtime.Aj@58027738 org/springframework/beans/propertyeditors/LocaleEditor, byte[908], org.springframework.test.jpa.OrmXmlOverridingShadowingClassLoader@2bbf1be2
520  [main] DEBUG org.aspectj.weaver.loadtime.Aj  - 16:58:00.040 main - org.aspectj.weaver.loadtime.Aj.preProcess org.aspectj.weaver.loadtime.Aj@58027738 sun.misc.Launcher$AppClassLoader@302b2c81, org.springframework.test.jpa.OrmXmlOverridingShadowingClassLoader@2bbf1be2
520  [main] DEBUG org.aspectj.weaver.tools.WeavingAdaptor  - 16:58:00.040 main &gt; org.aspectj.weaver.tools.WeavingAdaptor.weaveClass org.aspectj.weaver.loadtime.ClassLoaderWeavingAdaptor@10b090ac org/springframework/beans/propertyeditors/LocaleEditor, byte[908]
521  [main] DEBUG org.aspectj.weaver.tools.WeavingAdaptor  - 16:58:00.041 main &lt; org.aspectj.weaver.tools.WeavingAdaptor.weaveClass false
521  [main] DEBUG org.aspectj.weaver.loadtime.Aj  - 16:58:00.041 main &lt; org.aspectj.weaver.loadtime.Aj.preProcess byte[908]
521  [main] DEBUG org.aspectj.weaver.loadtime.Aj  - 16:58:00.041 main &gt; org.aspectj.weaver.loadtime.Aj.preProcess org.aspectj.weaver.loadtime.Aj@58027738 org/springframework/beans/propertyeditors/PatternEditor, byte[1029], org.springframework.test.jpa.OrmXmlOverridingShadowingClassLoader@2bbf1be2
521  [main] DEBUG org.aspectj.weaver.loadtime.Aj  - 16:58:00.041 main - org.aspectj.weaver.loadtime.Aj.preProcess org.aspectj.weaver.loadtime.Aj@58027738 sun.misc.Launcher$AppClassLoader@302b2c81, org.springframework.test.jpa.OrmXmlOverridingShadowingClassLoader@2bbf1be2
521  [main] DEBUG org.aspectj.weaver.tools.WeavingAdaptor  - 16:58:00.041 main &gt; org.aspectj.weaver.tools.WeavingAdaptor.weaveClass org.aspectj.weaver.loadtime.ClassLoaderWeavingAdaptor@10b090ac org/springframework/beans/propertyeditors/PatternEditor, byte[1029]
521  [main] DEBUG org.aspectj.weaver.tools.WeavingAdaptor  - 16:58:00.041 main &lt; org.aspectj.weaver.tools.WeavingAdaptor.weaveClass false
521  [main] DEBUG org.aspectj.weaver.loadtime.Aj  - 16:58:00.041 main &lt; org.aspectj.weaver.loadtime.Aj.preProcess byte[1029]
522  [main] DEBUG org.aspectj.weaver.loadtime.Aj  - 16:58:00.041 main &gt; org.aspectj.weaver.loadtime.Aj.preProcess org.aspectj.weaver.loadtime.Aj@58027738 org/springframework/beans/propertyeditors/PropertiesEditor, byte[1562], org.springframework.test.jpa.OrmXmlOverridingShadowingClassLoader@2bbf1be2
522  [main] DEBUG org.aspectj.weaver.loadtime.Aj  - 16:58:00.042 main - org.aspectj.weaver.loadtime.Aj.preProcess org.aspectj.weaver.loadtime.Aj@58027738 sun.misc.Launcher$AppClassLoader@302b2c81, org.springframework.test.jpa.OrmXmlOverridingShadowingClassLoader@2bbf1be2
522  [main] DEBUG org.aspectj.weaver.tools.WeavingAdaptor  - 16:58:00.042 main &gt; org.aspectj.weaver.tools.WeavingAdaptor.weaveClass org.aspectj.weaver.loadtime.ClassLoaderWeavingAdaptor@10b090ac org/springframework/beans/propertyeditors/PropertiesEditor, byte[1562]
522  [main] DEBUG org.aspectj.weaver.tools.WeavingAdaptor  - 16:58:00.042 main &lt; org.aspectj.weaver.tools.WeavingAdaptor.weaveClass false
522  [main] DEBUG org.aspectj.weaver.loadtime.Aj  - 16:58:00.042 main &lt; org.aspectj.weaver.loadtime.Aj.preProcess byte[1562]
522  [main] DEBUG org.aspectj.weaver.loadtime.Aj  - 16:58:00.042 main &gt; org.aspectj.weaver.loadtime.Aj.preProcess org.aspectj.weaver.loadtime.Aj@58027738 org/springframework/beans/propertyeditors/CustomCollectionEditor, byte[3976], org.springframework.test.jpa.OrmXmlOverridingShadowingClassLoader@2bbf1be2
522  [main] DEBUG org.aspectj.weaver.loadtime.Aj  - 16:58:00.042 main - org.aspectj.weaver.loadtime.Aj.preProcess org.aspectj.weaver.loadtime.Aj@58027738 sun.misc.Launcher$AppClassLoader@302b2c81, org.springframework.test.jpa.OrmXmlOverridingShadowingClassLoader@2bbf1be2
522  [main] DEBUG org.aspectj.weaver.tools.WeavingAdaptor  - 16:58:00.042 main &gt; org.aspectj.weaver.tools.WeavingAdaptor.weaveClass org.aspectj.weaver.loadtime.ClassLoaderWeavingAdaptor@10b090ac org/springframework/beans/propertyeditors/CustomCollectionEditor, byte[3976]
522  [main] DEBUG org.aspectj.weaver.tools.WeavingAdaptor  - 16:58:00.042 main &lt; org.aspectj.weaver.tools.WeavingAdaptor.weaveClass false
522  [main] DEBUG org.aspectj.weaver.loadtime.Aj  - 16:58:00.042 main &lt; org.aspectj.weaver.loadtime.Aj.preProcess byte[3976]
523  [main] DEBUG org.aspectj.weaver.loadtime.Aj  - 16:58:00.043 main &gt; org.aspectj.weaver.loadtime.Aj.preProcess org.aspectj.weaver.loadtime.Aj@58027738 org/springframework/beans/propertyeditors/CustomMapEditor, byte[3851], org.springframework.test.jpa.OrmXmlOverridingShadowingClassLoader@2bbf1be2
523  [main] DEBUG org.aspectj.weaver.loadtime.Aj  - 16:58:00.043 main - org.aspectj.weaver.loadtime.Aj.preProcess org.aspectj.weaver.loadtime.Aj@58027738 sun.misc.Launcher$AppClassLoader@302b2c81, org.springframework.test.jpa.OrmXmlOverridingShadowingClassLoader@2bbf1be2
523  [main] DEBUG org.aspectj.weaver.tools.WeavingAdaptor  - 16:58:00.043 main &gt; org.aspectj.weaver.tools.WeavingAdaptor.weaveClass org.aspectj.weaver.loadtime.ClassLoaderWeavingAdaptor@10b090ac org/springframework/beans/propertyeditors/CustomMapEditor, byte[3851]
523  [main] DEBUG org.aspectj.weaver.tools.WeavingAdaptor  - 16:58:00.043 main &lt; org.aspectj.weaver.tools.WeavingAdaptor.weaveClass false
523  [main] DEBUG org.aspectj.weaver.loadtime.Aj  - 16:58:00.043 main &lt; org.aspectj.weaver.loadtime.Aj.preProcess byte[3851]
524  [main] DEBUG org.aspectj.weaver.loadtime.Aj  - 16:58:00.044 main &gt; org.aspectj.weaver.loadtime.Aj.preProcess org.aspectj.weaver.loadtime.Aj@58027738 org/springframework/beans/propertyeditors/ByteArrayPropertyEditor, byte[858], org.springframework.test.jpa.OrmXmlOverridingShadowingClassLoader@2bbf1be2
524  [main] DEBUG org.aspectj.weaver.loadtime.Aj  - 16:58:00.044 main - org.aspectj.weaver.loadtime.Aj.preProcess org.aspectj.weaver.loadtime.Aj@58027738 sun.misc.Launcher$AppClassLoader@302b2c81, org.springframework.test.jpa.OrmXmlOverridingShadowingClassLoader@2bbf1be2
524  [main] DEBUG org.aspectj.weaver.tools.WeavingAdaptor  - 16:58:00.044 main &gt; org.aspectj.weaver.tools.WeavingAdaptor.weaveClass org.aspectj.weaver.loadtime.ClassLoaderWeavingAdaptor@10b090ac org/springframework/beans/propertyeditors/ByteArrayPropertyEditor, byte[858]
524  [main] DEBUG org.aspectj.weaver.tools.WeavingAdaptor  - 16:58:00.044 main &lt; org.aspectj.weaver.tools.WeavingAdaptor.weaveClass false
524  [main] DEBUG org.aspectj.weaver.loadtime.Aj  - 16:58:00.044 main &lt; org.aspectj.weaver.loadtime.Aj.preProcess byte[858]
524  [main] DEBUG org.aspectj.weaver.loadtime.Aj  - 16:58:00.044 main &gt; org.aspectj.weaver.loadtime.Aj.preProcess org.aspectj.weaver.loadtime.Aj@58027738 org/springframework/beans/propertyeditors/CharArrayPropertyEditor, byte[861], org.springframework.test.jpa.OrmXmlOverridingShadowingClassLoader@2bbf1be2
524  [main] DEBUG org.aspectj.weaver.loadtime.Aj  - 16:58:00.044 main - org.aspectj.weaver.loadtime.Aj.preProcess org.aspectj.weaver.loadtime.Aj@58027738 sun.misc.Launcher$AppClassLoader@302b2c81, org.springframework.test.jpa.OrmXmlOverridingShadowingClassLoader@2bbf1be2
524  [main] DEBUG org.aspectj.weaver.tools.WeavingAdaptor  - 16:58:00.044 main &gt; org.aspectj.weaver.tools.WeavingAdaptor.weaveClass org.aspectj.weaver.loadtime.ClassLoaderWeavingAdaptor@10b090ac org/springframework/beans/propertyeditors/CharArrayPropertyEditor, byte[861]
525  [main] DEBUG org.aspectj.weaver.tools.WeavingAdaptor  - 16:58:00.045 main &lt; org.aspectj.weaver.tools.WeavingAdaptor.weaveClass false
525  [main] DEBUG org.aspectj.weaver.loadtime.Aj  - 16:58:00.045 main &lt; org.aspectj.weaver.loadtime.Aj.preProcess byte[861]
525  [main] DEBUG org.aspectj.weaver.loadtime.Aj  - 16:58:00.045 main &gt; org.aspectj.weaver.loadtime.Aj.preProcess org.aspectj.weaver.loadtime.Aj@58027738 org/springframework/beans/propertyeditors/CharacterEditor, byte[2078], org.springframework.test.jpa.OrmXmlOverridingShadowingClassLoader@2bbf1be2
525  [main] DEBUG org.aspectj.weaver.loadtime.Aj  - 16:58:00.045 main - org.aspectj.weaver.loadtime.Aj.preProcess org.aspectj.weaver.loadtime.Aj@58027738 sun.misc.Launcher$AppClassLoader@302b2c81, org.springframework.test.jpa.OrmXmlOverridingShadowingClassLoader@2bbf1be2
525  [main] DEBUG org.aspectj.weaver.tools.WeavingAdaptor  - 16:58:00.045 main &gt; org.aspectj.weaver.tools.WeavingAdaptor.weaveClass org.aspectj.weaver.loadtime.ClassLoaderWeavingAdaptor@10b090ac org/springframework/beans/propertyeditors/CharacterEditor, byte[2078]
525  [main] DEBUG org.aspectj.weaver.tools.WeavingAdaptor  - 16:58:00.045 main &lt; org.aspectj.weaver.tools.WeavingAdaptor.weaveClass false
525  [main] DEBUG org.aspectj.weaver.loadtime.Aj  - 16:58:00.045 main &lt; org.aspectj.weaver.loadtime.Aj.preProcess byte[2078]
526  [main] DEBUG org.aspectj.weaver.loadtime.Aj  - 16:58:00.046 main &gt; org.aspectj.weaver.loadtime.Aj.preProcess org.aspectj.weaver.loadtime.Aj@58027738 org/springframework/beans/propertyeditors/CustomBooleanEditor, byte[2189], org.springframework.test.jpa.OrmXmlOverridingShadowingClassLoader@2bbf1be2
526  [main] DEBUG org.aspectj.weaver.loadtime.Aj  - 16:58:00.046 main - org.aspectj.weaver.loadtime.Aj.preProcess org.aspectj.weaver.loadtime.Aj@58027738 sun.misc.Launcher$AppClassLoader@302b2c81, org.springframework.test.jpa.OrmXmlOverridingShadowingClassLoader@2bbf1be2
526  [main] DEBUG org.aspectj.weaver.tools.WeavingAdaptor  - 16:58:00.046 main &gt; org.aspectj.weaver.tools.WeavingAdaptor.weaveClass org.aspectj.weaver.loadtime.ClassLoaderWeavingAdaptor@10b090ac org/springframework/beans/propertyeditors/CustomBooleanEditor, byte[2189]
526  [main] DEBUG org.aspectj.weaver.tools.WeavingAdaptor  - 16:58:00.046 main &lt; org.aspectj.weaver.tools.WeavingAdaptor.weaveClass false
526  [main] DEBUG org.aspectj.weaver.loadtime.Aj  - 16:58:00.046 main &lt; org.aspectj.weaver.loadtime.Aj.preProcess byte[2189]
526  [main] DEBUG org.aspectj.weaver.loadtime.Aj  - 16:58:00.046 main &gt; org.aspectj.weaver.loadtime.Aj.preProcess org.aspectj.weaver.loadtime.Aj@58027738 org/springframework/beans/propertyeditors/CustomNumberEditor, byte[2632], org.springframework.test.jpa.OrmXmlOverridingShadowingClassLoader@2bbf1be2
526  [main] DEBUG org.aspectj.weaver.loadtime.Aj  - 16:58:00.046 main - org.aspectj.weaver.loadtime.Aj.preProcess org.aspectj.weaver.loadtime.Aj@58027738 sun.misc.Launcher$AppClassLoader@302b2c81, org.springframework.test.jpa.OrmXmlOverridingShadowingClassLoader@2bbf1be2
526  [main] DEBUG org.aspectj.weaver.tools.WeavingAdaptor  - 16:58:00.046 main &gt; org.aspectj.weaver.tools.WeavingAdaptor.weaveClass org.aspectj.weaver.loadtime.ClassLoaderWeavingAdaptor@10b090ac org/springframework/beans/propertyeditors/CustomNumberEditor, byte[2632]
527  [main] DEBUG org.aspectj.weaver.tools.WeavingAdaptor  - 16:58:00.047 main &lt; org.aspectj.weaver.tools.WeavingAdaptor.weaveClass false
527  [main] DEBUG org.aspectj.weaver.loadtime.Aj  - 16:58:00.047 main &lt; org.aspectj.weaver.loadtime.Aj.preProcess byte[2632]
528  [main] DEBUG org.aspectj.weaver.loadtime.Aj  - 16:58:00.048 main &gt; org.aspectj.weaver.loadtime.Aj.preProcess org.aspectj.weaver.loadtime.Aj@58027738 org/springframework/beans/propertyeditors/StringArrayPropertyEditor, byte[1785], org.springframework.test.jpa.OrmXmlOverridingShadowingClassLoader@2bbf1be2
528  [main] DEBUG org.aspectj.weaver.loadtime.Aj  - 16:58:00.048 main - org.aspectj.weaver.loadtime.Aj.preProcess org.aspectj.weaver.loadtime.Aj@58027738 sun.misc.Launcher$AppClassLoader@302b2c81, org.springframework.test.jpa.OrmXmlOverridingShadowingClassLoader@2bbf1be2
528  [main] DEBUG org.aspectj.weaver.tools.WeavingAdaptor  - 16:58:00.048 main &gt; org.aspectj.weaver.tools.WeavingAdaptor.weaveClass org.aspectj.weaver.loadtime.ClassLoaderWeavingAdaptor@10b090ac org/springframework/beans/propertyeditors/StringArrayPropertyEditor, byte[1785]
528  [main] DEBUG org.aspectj.weaver.tools.WeavingAdaptor  - 16:58:00.048 main &lt; org.aspectj.weaver.tools.WeavingAdaptor.weaveClass false
528  [main] DEBUG org.aspectj.weaver.loadtime.Aj  - 16:58:00.048 main &lt; org.aspectj.weaver.loadtime.Aj.preProcess byte[1785]
529  [main] DEBUG org.aspectj.weaver.loadtime.Aj  - 16:58:00.049 main &gt; org.aspectj.weaver.loadtime.Aj.preProcess org.aspectj.weaver.loadtime.Aj@58027738 org/springframework/util/NumberUtils, byte[7209], org.springframework.test.jpa.OrmXmlOverridingShadowingClassLoader@2bbf1be2
529  [main] DEBUG org.aspectj.weaver.loadtime.Aj  - 16:58:00.049 main - org.aspectj.weaver.loadtime.Aj.preProcess org.aspectj.weaver.loadtime.Aj@58027738 sun.misc.Launcher$AppClassLoader@302b2c81, org.springframework.test.jpa.OrmXmlOverridingShadowingClassLoader@2bbf1be2
529  [main] DEBUG org.aspectj.weaver.tools.WeavingAdaptor  - 16:58:00.049 main &gt; org.aspectj.weaver.tools.WeavingAdaptor.weaveClass org.aspectj.weaver.loadtime.ClassLoaderWeavingAdaptor@10b090ac org/springframework/util/NumberUtils, byte[7209]
529  [main] DEBUG org.aspectj.weaver.tools.WeavingAdaptor  - 16:58:00.049 main &lt; org.aspectj.weaver.tools.WeavingAdaptor.weaveClass false
529  [main] DEBUG org.aspectj.weaver.loadtime.Aj  - 16:58:00.049 main &lt; org.aspectj.weaver.loadtime.Aj.preProcess byte[7209]
530  [main] DEBUG org.aspectj.weaver.loadtime.Aj  - 16:58:00.050 main &gt; org.aspectj.weaver.loadtime.Aj.preProcess org.aspectj.weaver.loadtime.Aj@58027738 org/springframework/beans/factory/support/DisposableBeanAdapter, byte[6952], org.springframework.test.jpa.OrmXmlOverridingShadowingClassLoader@2bbf1be2
530  [main] DEBUG org.aspectj.weaver.loadtime.Aj  - 16:58:00.050 main - org.aspectj.weaver.loadtime.Aj.preProcess org.aspectj.weaver.loadtime.Aj@58027738 sun.misc.Launcher$AppClassLoader@302b2c81, org.springframework.test.jpa.OrmXmlOverridingShadowingClassLoader@2bbf1be2
530  [main] DEBUG org.aspectj.weaver.tools.WeavingAdaptor  - 16:58:00.050 main &gt; org.aspectj.weaver.tools.WeavingAdaptor.weaveClass org.aspectj.weaver.loadtime.ClassLoaderWeavingAdaptor@10b090ac org/springframework/beans/factory/support/DisposableBeanAdapter, byte[6952]
530  [main] DEBUG org.aspectj.weaver.tools.WeavingAdaptor  - 16:58:00.050 main &lt; org.aspectj.weaver.tools.WeavingAdaptor.weaveClass false
530  [main] DEBUG org.aspectj.weaver.loadtime.Aj  - 16:58:00.050 main &lt; org.aspectj.weaver.loadtime.Aj.preProcess byte[6952]
531  [main] WARN  tudu.domain.configuration.DataSourceFactory  - Initializing database connection pool.
533  [main] WARN  tudu.domain.configuration.DataSourceFactory  - No database configured in JNDI at &quot;java:/comp/envjdbc/tudu&quot;
533  [main] DEBUG org.aspectj.weaver.loadtime.Aj  - 16:58:00.053 main &gt; org.aspectj.weaver.loadtime.Aj.preProcess org.aspectj.weaver.loadtime.Aj@58027738 com/mysql/jdbc/Driver, byte[692], org.springframework.test.jpa.OrmXmlOverridingShadowingClassLoader@2bbf1be2
533  [main] DEBUG org.aspectj.weaver.loadtime.Aj  - 16:58:00.053 main - org.aspectj.weaver.loadtime.Aj.preProcess org.aspectj.weaver.loadtime.Aj@58027738 sun.misc.Launcher$AppClassLoader@302b2c81, org.springframework.test.jpa.OrmXmlOverridingShadowingClassLoader@2bbf1be2
533  [main] DEBUG org.aspectj.weaver.tools.WeavingAdaptor  - 16:58:00.053 main &gt; org.aspectj.weaver.tools.WeavingAdaptor.weaveClass org.aspectj.weaver.loadtime.ClassLoaderWeavingAdaptor@10b090ac com/mysql/jdbc/Driver, byte[692]
533  [main] DEBUG org.aspectj.weaver.tools.WeavingAdaptor  - 16:58:00.053 main &lt; org.aspectj.weaver.tools.WeavingAdaptor.weaveClass false
533  [main] DEBUG org.aspectj.weaver.loadtime.Aj  - 16:58:00.053 main &lt; org.aspectj.weaver.loadtime.Aj.preProcess byte[692]
534  [main] DEBUG org.aspectj.weaver.loadtime.Aj  - 16:58:00.054 main &gt; org.aspectj.weaver.loadtime.Aj.preProcess org.aspectj.weaver.loadtime.Aj@58027738 com/mysql/jdbc/NonRegisteringDriver, byte[12368], org.springframework.test.jpa.OrmXmlOverridingShadowingClassLoader@2bbf1be2
534  [main] DEBUG org.aspectj.weaver.loadtime.Aj  - 16:58:00.054 main - org.aspectj.weaver.loadtime.Aj.preProcess org.aspectj.weaver.loadtime.Aj@58027738 sun.misc.Launcher$AppClassLoader@302b2c81, org.springframework.test.jpa.OrmXmlOverridingShadowingClassLoader@2bbf1be2
534  [main] DEBUG org.aspectj.weaver.tools.WeavingAdaptor  - 16:58:00.054 main &gt; org.aspectj.weaver.tools.WeavingAdaptor.weaveClass org.aspectj.weaver.loadtime.ClassLoaderWeavingAdaptor@10b090ac com/mysql/jdbc/NonRegisteringDriver, byte[12368]
534  [main] DEBUG org.aspectj.weaver.tools.WeavingAdaptor  - 16:58:00.054 main &lt; org.aspectj.weaver.tools.WeavingAdaptor.weaveClass false
534  [main] DEBUG org.aspectj.weaver.loadtime.Aj  - 16:58:00.054 main &lt; org.aspectj.weaver.loadtime.Aj.preProcess byte[12368]
536  [main] DEBUG org.aspectj.weaver.loadtime.Aj  - 16:58:00.056 main &gt; org.aspectj.weaver.loadtime.Aj.preProcess org.aspectj.weaver.loadtime.Aj@58027738 com/mysql/jdbc/StringUtils, byte[20802], org.springframework.test.jpa.OrmXmlOverridingShadowingClassLoader@2bbf1be2
536  [main] DEBUG org.aspectj.weaver.loadtime.Aj  - 16:58:00.056 main - org.aspectj.weaver.loadtime.Aj.preProcess org.aspectj.weaver.loadtime.Aj@58027738 sun.misc.Launcher$AppClassLoader@302b2c81, org.springframework.test.jpa.OrmXmlOverridingShadowingClassLoader@2bbf1be2
537  [main] DEBUG org.aspectj.weaver.tools.WeavingAdaptor  - 16:58:00.057 main &gt; org.aspectj.weaver.tools.WeavingAdaptor.weaveClass org.aspectj.weaver.loadtime.ClassLoaderWeavingAdaptor@10b090ac com/mysql/jdbc/StringUtils, byte[20802]
537  [main] DEBUG org.aspectj.weaver.tools.WeavingAdaptor  - 16:58:00.057 main &lt; org.aspectj.weaver.tools.WeavingAdaptor.weaveClass false
537  [main] DEBUG org.aspectj.weaver.loadtime.Aj  - 16:58:00.057 main &lt; org.aspectj.weaver.loadtime.Aj.preProcess byte[20802]
539  [main] DEBUG org.aspectj.weaver.loadtime.Aj  - 16:58:00.059 main &gt; org.aspectj.weaver.loadtime.Aj.preProcess org.aspectj.weaver.loadtime.Aj@58027738 com/mysql/jdbc/Util, byte[13114], org.springframework.test.jpa.OrmXmlOverridingShadowingClassLoader@2bbf1be2
539  [main] DEBUG org.aspectj.weaver.loadtime.Aj  - 16:58:00.059 main - org.aspectj.weaver.loadtime.Aj.preProcess org.aspectj.weaver.loadtime.Aj@58027738 sun.misc.Launcher$AppClassLoader@302b2c81, org.springframework.test.jpa.OrmXmlOverridingShadowingClassLoader@2bbf1be2
539  [main] DEBUG org.aspectj.weaver.tools.WeavingAdaptor  - 16:58:00.059 main &gt; org.aspectj.weaver.tools.WeavingAdaptor.weaveClass org.aspectj.weaver.loadtime.ClassLoaderWeavingAdaptor@10b090ac com/mysql/jdbc/Util, byte[13114]
539  [main] DEBUG org.aspectj.weaver.tools.WeavingAdaptor  - 16:58:00.059 main &lt; org.aspectj.weaver.tools.WeavingAdaptor.weaveClass false
539  [main] DEBUG org.aspectj.weaver.loadtime.Aj  - 16:58:00.059 main &lt; org.aspectj.weaver.loadtime.Aj.preProcess byte[13114]
540  [main] DEBUG org.aspectj.weaver.loadtime.Aj  - 16:58:00.060 main &gt; org.aspectj.weaver.loadtime.Aj.preProcess org.aspectj.weaver.loadtime.Aj@58027738 com/mysql/jdbc/Messages, byte[2744], org.springframework.test.jpa.OrmXmlOverridingShadowingClassLoader@2bbf1be2
540  [main] DEBUG org.aspectj.weaver.loadtime.Aj  - 16:58:00.060 main - org.aspectj.weaver.loadtime.Aj.preProcess org.aspectj.weaver.loadtime.Aj@58027738 sun.misc.Launcher$AppClassLoader@302b2c81, org.springframework.test.jpa.OrmXmlOverridingShadowingClassLoader@2bbf1be2
540  [main] DEBUG org.aspectj.weaver.tools.WeavingAdaptor  - 16:58:00.060 main &gt; org.aspectj.weaver.tools.WeavingAdaptor.weaveClass org.aspectj.weaver.loadtime.ClassLoaderWeavingAdaptor@10b090ac com/mysql/jdbc/Messages, byte[2744]
540  [main] DEBUG org.aspectj.weaver.tools.WeavingAdaptor  - 16:58:00.060 main &lt; org.aspectj.weaver.tools.WeavingAdaptor.weaveClass false
540  [main] DEBUG org.aspectj.weaver.loadtime.Aj  - 16:58:00.060 main &lt; org.aspectj.weaver.loadtime.Aj.preProcess byte[2744]
548  [main] DEBUG org.aspectj.weaver.loadtime.Aj  - 16:58:00.067 main &gt; org.aspectj.weaver.loadtime.Aj.preProcess org.aspectj.weaver.loadtime.Aj@58027738 org/apache/commons/pool/impl/GenericObjectPool$Evictor, byte[1170], org.springframework.test.jpa.OrmXmlOverridingShadowingClassLoader@2bbf1be2
548  [main] DEBUG org.aspectj.weaver.loadtime.Aj  - 16:58:00.068 main - org.aspectj.weaver.loadtime.Aj.preProcess org.aspectj.weaver.loadtime.Aj@58027738 sun.misc.Launcher$AppClassLoader@302b2c81, org.springframework.test.jpa.OrmXmlOverridingShadowingClassLoader@2bbf1be2
548  [main] DEBUG org.aspectj.weaver.tools.WeavingAdaptor  - 16:58:00.068 main &gt; org.aspectj.weaver.tools.WeavingAdaptor.weaveClass org.aspectj.weaver.loadtime.ClassLoaderWeavingAdaptor@10b090ac org/apache/commons/pool/impl/GenericObjectPool$Evictor, byte[1170]
548  [main] DEBUG org.aspectj.weaver.tools.WeavingAdaptor  - 16:58:00.068 main &lt; org.aspectj.weaver.tools.WeavingAdaptor.weaveClass false
548  [main] DEBUG org.aspectj.weaver.loadtime.Aj  - 16:58:00.068 main &lt; org.aspectj.weaver.loadtime.Aj.preProcess byte[1170]
549  [main] DEBUG org.aspectj.weaver.loadtime.Aj  - 16:58:00.069 main &gt; org.aspectj.weaver.loadtime.Aj.preProcess org.aspectj.weaver.loadtime.Aj@58027738 org/apache/commons/pool/impl/GenericKeyedObjectPoolFactory, byte[4304], org.springframework.test.jpa.OrmXmlOverridingShadowingClassLoader@2bbf1be2
549  [main] DEBUG org.aspectj.weaver.loadtime.Aj  - 16:58:00.069 main - org.aspectj.weaver.loadtime.Aj.preProcess org.aspectj.weaver.loadtime.Aj@58027738 sun.misc.Launcher$AppClassLoader@302b2c81, org.springframework.test.jpa.OrmXmlOverridingShadowingClassLoader@2bbf1be2
549  [main] DEBUG org.aspectj.weaver.tools.WeavingAdaptor  - 16:58:00.069 main &gt; org.aspectj.weaver.tools.WeavingAdaptor.weaveClass org.aspectj.weaver.loadtime.ClassLoaderWeavingAdaptor@10b090ac org/apache/commons/pool/impl/GenericKeyedObjectPoolFactory, byte[4304]
549  [main] DEBUG org.aspectj.weaver.tools.WeavingAdaptor  - 16:58:00.069 main &lt; org.aspectj.weaver.tools.WeavingAdaptor.weaveClass false
549  [main] DEBUG org.aspectj.weaver.loadtime.Aj  - 16:58:00.069 main &lt; org.aspectj.weaver.loadtime.Aj.preProcess byte[4304]
549  [main] DEBUG org.aspectj.weaver.loadtime.Aj  - 16:58:00.069 main &gt; org.aspectj.weaver.loadtime.Aj.preProcess org.aspectj.weaver.loadtime.Aj@58027738 org/apache/commons/pool/KeyedObjectPool, byte[796], org.springframework.test.jpa.OrmXmlOverridingShadowingClassLoader@2bbf1be2
549  [main] DEBUG org.aspectj.weaver.loadtime.Aj  - 16:58:00.069 main - org.aspectj.weaver.loadtime.Aj.preProcess org.aspectj.weaver.loadtime.Aj@58027738 sun.misc.Launcher$AppClassLoader@302b2c81, org.springframework.test.jpa.OrmXmlOverridingShadowingClassLoader@2bbf1be2
550  [main] DEBUG org.aspectj.weaver.tools.WeavingAdaptor  - 16:58:00.069 main &gt; org.aspectj.weaver.tools.WeavingAdaptor.weaveClass org.aspectj.weaver.loadtime.ClassLoaderWeavingAdaptor@10b090ac org/apache/commons/pool/KeyedObjectPool, byte[796]
550  [main] DEBUG org.aspectj.weaver.tools.WeavingAdaptor  - 16:58:00.070 main &lt; org.aspectj.weaver.tools.WeavingAdaptor.weaveClass false
550  [main] DEBUG org.aspectj.weaver.loadtime.Aj  - 16:58:00.070 main &lt; org.aspectj.weaver.loadtime.Aj.preProcess byte[796]
550  [main] DEBUG org.aspectj.weaver.loadtime.Aj  - 16:58:00.070 main &gt; org.aspectj.weaver.loadtime.Aj.preProcess org.aspectj.weaver.loadtime.Aj@58027738 org/apache/commons/dbcp/DriverConnectionFactory, byte[1460], org.springframework.test.jpa.OrmXmlOverridingShadowingClassLoader@2bbf1be2
550  [main] DEBUG org.aspectj.weaver.loadtime.Aj  - 16:58:00.070 main - org.aspectj.weaver.loadtime.Aj.preProcess org.aspectj.weaver.loadtime.Aj@58027738 sun.misc.Launcher$AppClassLoader@302b2c81, org.springframework.test.jpa.OrmXmlOverridingShadowingClassLoader@2bbf1be2
550  [main] DEBUG org.aspectj.weaver.tools.WeavingAdaptor  - 16:58:00.070 main &gt; org.aspectj.weaver.tools.WeavingAdaptor.weaveClass org.aspectj.weaver.loadtime.ClassLoaderWeavingAdaptor@10b090ac org/apache/commons/dbcp/DriverConnectionFactory, byte[1460]
550  [main] DEBUG org.aspectj.weaver.tools.WeavingAdaptor  - 16:58:00.070 main &lt; org.aspectj.weaver.tools.WeavingAdaptor.weaveClass false
550  [main] DEBUG org.aspectj.weaver.loadtime.Aj  - 16:58:00.070 main &lt; org.aspectj.weaver.loadtime.Aj.preProcess byte[1460]
551  [main] DEBUG org.aspectj.weaver.loadtime.Aj  - 16:58:00.071 main &gt; org.aspectj.weaver.loadtime.Aj.preProcess org.aspectj.weaver.loadtime.Aj@58027738 org/apache/commons/pool/KeyedPoolableObjectFactory, byte[481], org.springframework.test.jpa.OrmXmlOverridingShadowingClassLoader@2bbf1be2
551  [main] DEBUG org.aspectj.weaver.loadtime.Aj  - 16:58:00.071 main - org.aspectj.weaver.loadtime.Aj.preProcess org.aspectj.weaver.loadtime.Aj@58027738 sun.misc.Launcher$AppClassLoader@302b2c81, org.springframework.test.jpa.OrmXmlOverridingShadowingClassLoader@2bbf1be2
551  [main] DEBUG org.aspectj.weaver.tools.WeavingAdaptor  - 16:58:00.071 main &gt; org.aspectj.weaver.tools.WeavingAdaptor.weaveClass org.aspectj.weaver.loadtime.ClassLoaderWeavingAdaptor@10b090ac org/apache/commons/pool/KeyedPoolableObjectFactory, byte[481]
551  [main] DEBUG org.aspectj.weaver.tools.WeavingAdaptor  - 16:58:00.071 main &lt; org.aspectj.weaver.tools.WeavingAdaptor.weaveClass false
551  [main] DEBUG org.aspectj.weaver.loadtime.Aj  - 16:58:00.071 main &lt; org.aspectj.weaver.loadtime.Aj.preProcess byte[481]
552  [main] DEBUG org.aspectj.weaver.loadtime.Aj  - 16:58:00.072 main &gt; org.aspectj.weaver.loadtime.Aj.preProcess org.aspectj.weaver.loadtime.Aj@58027738 com/mysql/jdbc/ConnectionImpl, byte[77610], org.springframework.test.jpa.OrmXmlOverridingShadowingClassLoader@2bbf1be2
552  [main] DEBUG org.aspectj.weaver.loadtime.Aj  - 16:58:00.072 main - org.aspectj.weaver.loadtime.Aj.preProcess org.aspectj.weaver.loadtime.Aj@58027738 sun.misc.Launcher$AppClassLoader@302b2c81, org.springframework.test.jpa.OrmXmlOverridingShadowingClassLoader@2bbf1be2
552  [main] DEBUG org.aspectj.weaver.tools.WeavingAdaptor  - 16:58:00.072 main &gt; org.aspectj.weaver.tools.WeavingAdaptor.weaveClass org.aspectj.weaver.loadtime.ClassLoaderWeavingAdaptor@10b090ac com/mysql/jdbc/ConnectionImpl, byte[77610]
552  [main] DEBUG org.aspectj.weaver.tools.WeavingAdaptor  - 16:58:00.072 main &lt; org.aspectj.weaver.tools.WeavingAdaptor.weaveClass false
552  [main] DEBUG org.aspectj.weaver.loadtime.Aj  - 16:58:00.072 main &lt; org.aspectj.weaver.loadtime.Aj.preProcess byte[77610]
553  [main] DEBUG org.aspectj.weaver.loadtime.Aj  - 16:58:00.073 main &gt; org.aspectj.weaver.loadtime.Aj.preProcess org.aspectj.weaver.loadtime.Aj@58027738 com/mysql/jdbc/Connection, byte[1821], org.springframework.test.jpa.OrmXmlOverridingShadowingClassLoader@2bbf1be2
553  [main] DEBUG org.aspectj.weaver.loadtime.Aj  - 16:58:00.073 main - org.aspectj.weaver.loadtime.Aj.preProcess org.aspectj.weaver.loadtime.Aj@58027738 sun.misc.Launcher$AppClassLoader@302b2c81, org.springframework.test.jpa.OrmXmlOverridingShadowingClassLoader@2bbf1be2
553  [main] DEBUG org.aspectj.weaver.tools.WeavingAdaptor  - 16:58:00.073 main &gt; org.aspectj.weaver.tools.WeavingAdaptor.weaveClass org.aspectj.weaver.loadtime.ClassLoaderWeavingAdaptor@10b090ac com/mysql/jdbc/Connection, byte[1821]
554  [main] DEBUG org.aspectj.weaver.tools.WeavingAdaptor  - 16:58:00.073 main &lt; org.aspectj.weaver.tools.WeavingAdaptor.weaveClass false
554  [main] DEBUG org.aspectj.weaver.loadtime.Aj  - 16:58:00.074 main &lt; org.aspectj.weaver.loadtime.Aj.preProcess byte[1821]
554  [main] DEBUG org.aspectj.weaver.loadtime.Aj  - 16:58:00.074 main &gt; org.aspectj.weaver.loadtime.Aj.preProcess org.aspectj.weaver.loadtime.Aj@58027738 com/mysql/jdbc/ConnectionProperties, byte[11592], org.springframework.test.jpa.OrmXmlOverridingShadowingClassLoader@2bbf1be2
554  [main] DEBUG org.aspectj.weaver.loadtime.Aj  - 16:58:00.074 main - org.aspectj.weaver.loadtime.Aj.preProcess org.aspectj.weaver.loadtime.Aj@58027738 sun.misc.Launcher$AppClassLoader@302b2c81, org.springframework.test.jpa.OrmXmlOverridingShadowingClassLoader@2bbf1be2
554  [main] DEBUG org.aspectj.weaver.tools.WeavingAdaptor  - 16:58:00.074 main &gt; org.aspectj.weaver.tools.WeavingAdaptor.weaveClass org.aspectj.weaver.loadtime.ClassLoaderWeavingAdaptor@10b090ac com/mysql/jdbc/ConnectionProperties, byte[11592]
554  [main] DEBUG org.aspectj.weaver.tools.WeavingAdaptor  - 16:58:00.074 main &lt; org.aspectj.weaver.tools.WeavingAdaptor.weaveClass false
554  [main] DEBUG org.aspectj.weaver.loadtime.Aj  - 16:58:00.074 main &lt; org.aspectj.weaver.loadtime.Aj.preProcess byte[11592]
556  [main] DEBUG org.aspectj.weaver.loadtime.Aj  - 16:58:00.076 main &gt; org.aspectj.weaver.loadtime.Aj.preProcess org.aspectj.weaver.loadtime.Aj@58027738 com/mysql/jdbc/ConnectionPropertiesImpl, byte[68194], org.springframework.test.jpa.OrmXmlOverridingShadowingClassLoader@2bbf1be2
556  [main] DEBUG org.aspectj.weaver.loadtime.Aj  - 16:58:00.076 main - org.aspectj.weaver.loadtime.Aj.preProcess org.aspectj.weaver.loadtime.Aj@58027738 sun.misc.Launcher$AppClassLoader@302b2c81, org.springframework.test.jpa.OrmXmlOverridingShadowingClassLoader@2bbf1be2
556  [main] DEBUG org.aspectj.weaver.tools.WeavingAdaptor  - 16:58:00.076 main &gt; org.aspectj.weaver.tools.WeavingAdaptor.weaveClass org.aspectj.weaver.loadtime.ClassLoaderWeavingAdaptor@10b090ac com/mysql/jdbc/ConnectionPropertiesImpl, byte[68194]
556  [main] DEBUG org.aspectj.weaver.tools.WeavingAdaptor  - 16:58:00.076 main &lt; org.aspectj.weaver.tools.WeavingAdaptor.weaveClass false
556  [main] DEBUG org.aspectj.weaver.loadtime.Aj  - 16:58:00.076 main &lt; org.aspectj.weaver.loadtime.Aj.preProcess byte[68194]
561  [main] DEBUG org.aspectj.weaver.loadtime.Aj  - 16:58:00.081 main &gt; org.aspectj.weaver.loadtime.Aj.preProcess org.aspectj.weaver.loadtime.Aj@58027738 com/mysql/jdbc/PreparedStatement, byte[59593], org.springframework.test.jpa.OrmXmlOverridingShadowingClassLoader@2bbf1be2
561  [main] DEBUG org.aspectj.weaver.loadtime.Aj  - 16:58:00.081 main - org.aspectj.weaver.loadtime.Aj.preProcess org.aspectj.weaver.loadtime.Aj@58027738 sun.misc.Launcher$AppClassLoader@302b2c81, org.springframework.test.jpa.OrmXmlOverridingShadowingClassLoader@2bbf1be2
561  [main] DEBUG org.aspectj.weaver.tools.WeavingAdaptor  - 16:58:00.081 main &gt; org.aspectj.weaver.tools.WeavingAdaptor.weaveClass org.aspectj.weaver.loadtime.ClassLoaderWeavingAdaptor@10b090ac com/mysql/jdbc/PreparedStatement, byte[59593]
561  [main] DEBUG org.aspectj.weaver.tools.WeavingAdaptor  - 16:58:00.081 main &lt; org.aspectj.weaver.tools.WeavingAdaptor.weaveClass false
561  [main] DEBUG org.aspectj.weaver.loadtime.Aj  - 16:58:00.081 main &lt; org.aspectj.weaver.loadtime.Aj.preProcess byte[59593]
563  [main] DEBUG org.aspectj.weaver.loadtime.Aj  - 16:58:00.082 main &gt; org.aspectj.weaver.loadtime.Aj.preProcess org.aspectj.weaver.loadtime.Aj@58027738 com/mysql/jdbc/StatementImpl, byte[31569], org.springframework.test.jpa.OrmXmlOverridingShadowingClassLoader@2bbf1be2
563  [main] DEBUG org.aspectj.weaver.loadtime.Aj  - 16:58:00.083 main - org.aspectj.weaver.loadtime.Aj.preProcess org.aspectj.weaver.loadtime.Aj@58027738 sun.misc.Launcher$AppClassLoader@302b2c81, org.springframework.test.jpa.OrmXmlOverridingShadowingClassLoader@2bbf1be2
563  [main] DEBUG org.aspectj.weaver.tools.WeavingAdaptor  - 16:58:00.083 main &gt; org.aspectj.weaver.tools.WeavingAdaptor.weaveClass org.aspectj.weaver.loadtime.ClassLoaderWeavingAdaptor@10b090ac com/mysql/jdbc/StatementImpl, byte[31569]
563  [main] DEBUG org.aspectj.weaver.tools.WeavingAdaptor  - 16:58:00.083 main &lt; org.aspectj.weaver.tools.WeavingAdaptor.weaveClass false
563  [main] DEBUG org.aspectj.weaver.loadtime.Aj  - 16:58:00.083 main &lt; org.aspectj.weaver.loadtime.Aj.preProcess byte[31569]
563  [main] DEBUG org.aspectj.weaver.loadtime.Aj  - 16:58:00.083 main &gt; org.aspectj.weaver.loadtime.Aj.preProcess org.aspectj.weaver.loadtime.Aj@58027738 com/mysql/jdbc/Statement, byte[455], org.springframework.test.jpa.OrmXmlOverridingShadowingClassLoader@2bbf1be2
563  [main] DEBUG org.aspectj.weaver.loadtime.Aj  - 16:58:00.083 main - org.aspectj.weaver.loadtime.Aj.preProcess org.aspectj.weaver.loadtime.Aj@58027738 sun.misc.Launcher$AppClassLoader@302b2c81, org.springframework.test.jpa.OrmXmlOverridingShadowingClassLoader@2bbf1be2
564  [main] DEBUG org.aspectj.weaver.tools.WeavingAdaptor  - 16:58:00.084 main &gt; org.aspectj.weaver.tools.WeavingAdaptor.weaveClass org.aspectj.weaver.loadtime.ClassLoaderWeavingAdaptor@10b090ac com/mysql/jdbc/Statement, byte[455]
564  [main] DEBUG org.aspectj.weaver.tools.WeavingAdaptor  - 16:58:00.084 main &lt; org.aspectj.weaver.tools.WeavingAdaptor.weaveClass false
564  [main] DEBUG org.aspectj.weaver.loadtime.Aj  - 16:58:00.084 main &lt; org.aspectj.weaver.loadtime.Aj.preProcess byte[455]
565  [main] DEBUG org.aspectj.weaver.loadtime.Aj  - 16:58:00.085 main &gt; org.aspectj.weaver.loadtime.Aj.preProcess org.aspectj.weaver.loadtime.Aj@58027738 com/mysql/jdbc/ServerPreparedStatement, byte[39069], org.springframework.test.jpa.OrmXmlOverridingShadowingClassLoader@2bbf1be2
565  [main] DEBUG org.aspectj.weaver.loadtime.Aj  - 16:58:00.085 main - org.aspectj.weaver.loadtime.Aj.preProcess org.aspectj.weaver.loadtime.Aj@58027738 sun.misc.Launcher$AppClassLoader@302b2c81, org.springframework.test.jpa.OrmXmlOverridingShadowingClassLoader@2bbf1be2
565  [main] DEBUG org.aspectj.weaver.tools.WeavingAdaptor  - 16:58:00.085 main &gt; org.aspectj.weaver.tools.WeavingAdaptor.weaveClass org.aspectj.weaver.loadtime.ClassLoaderWeavingAdaptor@10b090ac com/mysql/jdbc/ServerPreparedStatement, byte[39069]
565  [main] DEBUG org.aspectj.weaver.tools.WeavingAdaptor  - 16:58:00.085 main &lt; org.aspectj.weaver.tools.WeavingAdaptor.weaveClass false
565  [main] DEBUG org.aspectj.weaver.loadtime.Aj  - 16:58:00.085 main &lt; org.aspectj.weaver.loadtime.Aj.preProcess byte[39069]
566  [main] DEBUG org.aspectj.weaver.loadtime.Aj  - 16:58:00.086 main &gt; org.aspectj.weaver.loadtime.Aj.preProcess org.aspectj.weaver.loadtime.Aj@58027738 com/mysql/jdbc/util/LRUCache, byte[700], org.springframework.test.jpa.OrmXmlOverridingShadowingClassLoader@2bbf1be2
566  [main] DEBUG org.aspectj.weaver.loadtime.Aj  - 16:58:00.086 main - org.aspectj.weaver.loadtime.Aj.preProcess org.aspectj.weaver.loadtime.Aj@58027738 sun.misc.Launcher$AppClassLoader@302b2c81, org.springframework.test.jpa.OrmXmlOverridingShadowingClassLoader@2bbf1be2
566  [main] DEBUG org.aspectj.weaver.tools.WeavingAdaptor  - 16:58:00.086 main &gt; org.aspectj.weaver.tools.WeavingAdaptor.weaveClass org.aspectj.weaver.loadtime.ClassLoaderWeavingAdaptor@10b090ac com/mysql/jdbc/util/LRUCache, byte[700]
566  [main] DEBUG org.aspectj.weaver.tools.WeavingAdaptor  - 16:58:00.086 main &lt; org.aspectj.weaver.tools.WeavingAdaptor.weaveClass false
566  [main] DEBUG org.aspectj.weaver.loadtime.Aj  - 16:58:00.086 main &lt; org.aspectj.weaver.loadtime.Aj.preProcess byte[700]
567  [main] DEBUG org.aspectj.weaver.loadtime.Aj  - 16:58:00.087 main &gt; org.aspectj.weaver.loadtime.Aj.preProcess org.aspectj.weaver.loadtime.Aj@58027738 com/mysql/jdbc/ConnectionImpl$3, byte[1155], org.springframework.test.jpa.OrmXmlOverridingShadowingClassLoader@2bbf1be2
567  [main] DEBUG org.aspectj.weaver.loadtime.Aj  - 16:58:00.087 main - org.aspectj.weaver.loadtime.Aj.preProcess org.aspectj.weaver.loadtime.Aj@58027738 sun.misc.Launcher$AppClassLoader@302b2c81, org.springframework.test.jpa.OrmXmlOverridingShadowingClassLoader@2bbf1be2
567  [main] DEBUG org.aspectj.weaver.tools.WeavingAdaptor  - 16:58:00.087 main &gt; org.aspectj.weaver.tools.WeavingAdaptor.weaveClass org.aspectj.weaver.loadtime.ClassLoaderWeavingAdaptor@10b090ac com/mysql/jdbc/ConnectionImpl$3, byte[1155]
567  [main] DEBUG org.aspectj.weaver.tools.WeavingAdaptor  - 16:58:00.087 main &lt; org.aspectj.weaver.tools.WeavingAdaptor.weaveClass false
567  [main] DEBUG org.aspectj.weaver.loadtime.Aj  - 16:58:00.087 main &lt; org.aspectj.weaver.loadtime.Aj.preProcess byte[1155]
568  [main] DEBUG org.aspectj.weaver.loadtime.Aj  - 16:58:00.088 main &gt; org.aspectj.weaver.loadtime.Aj.preProcess org.aspectj.weaver.loadtime.Aj@58027738 com/mysql/jdbc/ResultSetInternalMethods, byte[1310], org.springframework.test.jpa.OrmXmlOverridingShadowingClassLoader@2bbf1be2
568  [main] DEBUG org.aspectj.weaver.loadtime.Aj  - 16:58:00.088 main - org.aspectj.weaver.loadtime.Aj.preProcess org.aspectj.weaver.loadtime.Aj@58027738 sun.misc.Launcher$AppClassLoader@302b2c81, org.springframework.test.jpa.OrmXmlOverridingShadowingClassLoader@2bbf1be2
568  [main] DEBUG org.aspectj.weaver.tools.WeavingAdaptor  - 16:58:00.088 main &gt; org.aspectj.weaver.tools.WeavingAdaptor.weaveClass org.aspectj.weaver.loadtime.ClassLoaderWeavingAdaptor@10b090ac com/mysql/jdbc/ResultSetInternalMethods, byte[1310]
569  [main] DEBUG org.aspectj.weaver.tools.WeavingAdaptor  - 16:58:00.088 main &lt; org.aspectj.weaver.tools.WeavingAdaptor.weaveClass false
569  [main] DEBUG org.aspectj.weaver.loadtime.Aj  - 16:58:00.089 main &lt; org.aspectj.weaver.loadtime.Aj.preProcess byte[1310]
569  [main] DEBUG org.aspectj.weaver.loadtime.Aj  - 16:58:00.089 main &gt; org.aspectj.weaver.loadtime.Aj.preProcess org.aspectj.weaver.loadtime.Aj@58027738 com/mysql/jdbc/IterateBlock, byte[1400], org.springframework.test.jpa.OrmXmlOverridingShadowingClassLoader@2bbf1be2
569  [main] DEBUG org.aspectj.weaver.loadtime.Aj  - 16:58:00.089 main - org.aspectj.weaver.loadtime.Aj.preProcess org.aspectj.weaver.loadtime.Aj@58027738 sun.misc.Launcher$AppClassLoader@302b2c81, org.springframework.test.jpa.OrmXmlOverridingShadowingClassLoader@2bbf1be2
570  [main] DEBUG org.aspectj.weaver.tools.WeavingAdaptor  - 16:58:00.090 main &gt; org.aspectj.weaver.tools.WeavingAdaptor.weaveClass org.aspectj.weaver.loadtime.ClassLoaderWeavingAdaptor@10b090ac com/mysql/jdbc/IterateBlock, byte[1400]
570  [main] DEBUG org.aspectj.weaver.tools.WeavingAdaptor  - 16:58:00.090 main &lt; org.aspectj.weaver.tools.WeavingAdaptor.weaveClass false
570  [main] DEBUG org.aspectj.weaver.loadtime.Aj  - 16:58:00.090 main &lt; org.aspectj.weaver.loadtime.Aj.preProcess byte[1400]
570  [main] DEBUG org.aspectj.weaver.loadtime.Aj  - 16:58:00.090 main &gt; org.aspectj.weaver.loadtime.Aj.preProcess org.aspectj.weaver.loadtime.Aj@58027738 com/mysql/jdbc/ConnectionImpl$5, byte[878], org.springframework.test.jpa.OrmXmlOverridingShadowingClassLoader@2bbf1be2
570  [main] DEBUG org.aspectj.weaver.loadtime.Aj  - 16:58:00.090 main - org.aspectj.weaver.loadtime.Aj.preProcess org.aspectj.weaver.loadtime.Aj@58027738 sun.misc.Launcher$AppClassLoader@302b2c81, org.springframework.test.jpa.OrmXmlOverridingShadowingClassLoader@2bbf1be2
570  [main] DEBUG org.aspectj.weaver.tools.WeavingAdaptor  - 16:58:00.090 main &gt; org.aspectj.weaver.tools.WeavingAdaptor.weaveClass org.aspectj.weaver.loadtime.ClassLoaderWeavingAdaptor@10b090ac com/mysql/jdbc/ConnectionImpl$5, byte[878]
570  [main] DEBUG org.aspectj.weaver.tools.WeavingAdaptor  - 16:58:00.090 main &lt; org.aspectj.weaver.tools.WeavingAdaptor.weaveClass false
570  [main] DEBUG org.aspectj.weaver.loadtime.Aj  - 16:58:00.090 main &lt; org.aspectj.weaver.loadtime.Aj.preProcess byte[878]
570  [main] DEBUG org.aspectj.weaver.loadtime.Aj  - 16:58:00.090 main &gt; org.aspectj.weaver.loadtime.Aj.preProcess org.aspectj.weaver.loadtime.Aj@58027738 com/mysql/jdbc/ConnectionImpl$6, byte[1000], org.springframework.test.jpa.OrmXmlOverridingShadowingClassLoader@2bbf1be2
570  [main] DEBUG org.aspectj.weaver.loadtime.Aj  - 16:58:00.090 main - org.aspectj.weaver.loadtime.Aj.preProcess org.aspectj.weaver.loadtime.Aj@58027738 sun.misc.Launcher$AppClassLoader@302b2c81, org.springframework.test.jpa.OrmXmlOverridingShadowingClassLoader@2bbf1be2
571  [main] DEBUG org.aspectj.weaver.tools.WeavingAdaptor  - 16:58:00.091 main &gt; org.aspectj.weaver.tools.WeavingAdaptor.weaveClass org.aspectj.weaver.loadtime.ClassLoaderWeavingAdaptor@10b090ac com/mysql/jdbc/ConnectionImpl$6, byte[1000]
571  [main] DEBUG org.aspectj.weaver.tools.WeavingAdaptor  - 16:58:00.091 main &lt; org.aspectj.weaver.tools.WeavingAdaptor.weaveClass false
571  [main] DEBUG org.aspectj.weaver.loadtime.Aj  - 16:58:00.091 main &lt; org.aspectj.weaver.loadtime.Aj.preProcess byte[1000]
571  [main] DEBUG org.aspectj.weaver.loadtime.Aj  - 16:58:00.091 main &gt; org.aspectj.weaver.loadtime.Aj.preProcess org.aspectj.weaver.loadtime.Aj@58027738 com/mysql/jdbc/NotImplemented, byte[480], org.springframework.test.jpa.OrmXmlOverridingShadowingClassLoader@2bbf1be2
571  [main] DEBUG org.aspectj.weaver.loadtime.Aj  - 16:58:00.091 main - org.aspectj.weaver.loadtime.Aj.preProcess org.aspectj.weaver.loadtime.Aj@58027738 sun.misc.Launcher$AppClassLoader@302b2c81, org.springframework.test.jpa.OrmXmlOverridingShadowingClassLoader@2bbf1be2
571  [main] DEBUG org.aspectj.weaver.tools.WeavingAdaptor  - 16:58:00.091 main &gt; org.aspectj.weaver.tools.WeavingAdaptor.weaveClass org.aspectj.weaver.loadtime.ClassLoaderWeavingAdaptor@10b090ac com/mysql/jdbc/NotImplemented, byte[480]
571  [main] DEBUG org.aspectj.weaver.tools.WeavingAdaptor  - 16:58:00.091 main &lt; org.aspectj.weaver.tools.WeavingAdaptor.weaveClass false
571  [main] DEBUG org.aspectj.weaver.loadtime.Aj  - 16:58:00.091 main &lt; org.aspectj.weaver.loadtime.Aj.preProcess byte[480]
571  [main] DEBUG org.aspectj.weaver.loadtime.Aj  - 16:58:00.091 main &gt; org.aspectj.weaver.loadtime.Aj.preProcess org.aspectj.weaver.loadtime.Aj@58027738 com/mysql/jdbc/ConnectionImpl$2, byte[876], org.springframework.test.jpa.OrmXmlOverridingShadowingClassLoader@2bbf1be2
572  [main] DEBUG org.aspectj.weaver.loadtime.Aj  - 16:58:00.092 main - org.aspectj.weaver.loadtime.Aj.preProcess org.aspectj.weaver.loadtime.Aj@58027738 sun.misc.Launcher$AppClassLoader@302b2c81, org.springframework.test.jpa.OrmXmlOverridingShadowingClassLoader@2bbf1be2
572  [main] DEBUG org.aspectj.weaver.tools.WeavingAdaptor  - 16:58:00.092 main &gt; org.aspectj.weaver.tools.WeavingAdaptor.weaveClass org.aspectj.weaver.loadtime.ClassLoaderWeavingAdaptor@10b090ac com/mysql/jdbc/ConnectionImpl$2, byte[876]
572  [main] DEBUG org.aspectj.weaver.tools.WeavingAdaptor  - 16:58:00.092 main &lt; org.aspectj.weaver.tools.WeavingAdaptor.weaveClass false
572  [main] DEBUG org.aspectj.weaver.loadtime.Aj  - 16:58:00.092 main &lt; org.aspectj.weaver.loadtime.Aj.preProcess byte[876]
572  [main] DEBUG org.aspectj.weaver.loadtime.Aj  - 16:58:00.092 main &gt; org.aspectj.weaver.loadtime.Aj.preProcess org.aspectj.weaver.loadtime.Aj@58027738 com/mysql/jdbc/ConnectionImpl$8, byte[994], org.springframework.test.jpa.OrmXmlOverridingShadowingClassLoader@2bbf1be2
572  [main] DEBUG org.aspectj.weaver.loadtime.Aj  - 16:58:00.092 main - org.aspectj.weaver.loadtime.Aj.preProcess org.aspectj.weaver.loadtime.Aj@58027738 sun.misc.Launcher$AppClassLoader@302b2c81, org.springframework.test.jpa.OrmXmlOverridingShadowingClassLoader@2bbf1be2
572  [main] DEBUG org.aspectj.weaver.tools.WeavingAdaptor  - 16:58:00.092 main &gt; org.aspectj.weaver.tools.WeavingAdaptor.weaveClass org.aspectj.weaver.loadtime.ClassLoaderWeavingAdaptor@10b090ac com/mysql/jdbc/ConnectionImpl$8, byte[994]
572  [main] DEBUG org.aspectj.weaver.tools.WeavingAdaptor  - 16:58:00.092 main &lt; org.aspectj.weaver.tools.WeavingAdaptor.weaveClass false
572  [main] DEBUG org.aspectj.weaver.loadtime.Aj  - 16:58:00.092 main &lt; org.aspectj.weaver.loadtime.Aj.preProcess byte[994]
573  [main] DEBUG org.aspectj.weaver.loadtime.Aj  - 16:58:00.093 main &gt; org.aspectj.weaver.loadtime.Aj.preProcess org.aspectj.weaver.loadtime.Aj@58027738 com/mysql/jdbc/ConnectionImpl$7, byte[949], org.springframework.test.jpa.OrmXmlOverridingShadowingClassLoader@2bbf1be2
573  [main] DEBUG org.aspectj.weaver.loadtime.Aj  - 16:58:00.093 main - org.aspectj.weaver.loadtime.Aj.preProcess org.aspectj.weaver.loadtime.Aj@58027738 sun.misc.Launcher$AppClassLoader@302b2c81, org.springframework.test.jpa.OrmXmlOverridingShadowingClassLoader@2bbf1be2
573  [main] DEBUG org.aspectj.weaver.tools.WeavingAdaptor  - 16:58:00.093 main &gt; org.aspectj.weaver.tools.WeavingAdaptor.weaveClass org.aspectj.weaver.loadtime.ClassLoaderWeavingAdaptor@10b090ac com/mysql/jdbc/ConnectionImpl$7, byte[949]
573  [main] DEBUG org.aspectj.weaver.tools.WeavingAdaptor  - 16:58:00.093 main &lt; org.aspectj.weaver.tools.WeavingAdaptor.weaveClass false
573  [main] DEBUG org.aspectj.weaver.loadtime.Aj  - 16:58:00.093 main &lt; org.aspectj.weaver.loadtime.Aj.preProcess byte[949]
574  [main] DEBUG org.aspectj.weaver.loadtime.Aj  - 16:58:00.094 main &gt; org.aspectj.weaver.loadtime.Aj.preProcess org.aspectj.weaver.loadtime.Aj@58027738 com/mysql/jdbc/log/Log, byte[489], org.springframework.test.jpa.OrmXmlOverridingShadowingClassLoader@2bbf1be2
574  [main] DEBUG org.aspectj.weaver.loadtime.Aj  - 16:58:00.094 main - org.aspectj.weaver.loadtime.Aj.preProcess org.aspectj.weaver.loadtime.Aj@58027738 sun.misc.Launcher$AppClassLoader@302b2c81, org.springframework.test.jpa.OrmXmlOverridingShadowingClassLoader@2bbf1be2
574  [main] DEBUG org.aspectj.weaver.tools.WeavingAdaptor  - 16:58:00.094 main &gt; org.aspectj.weaver.tools.WeavingAdaptor.weaveClass org.aspectj.weaver.loadtime.ClassLoaderWeavingAdaptor@10b090ac com/mysql/jdbc/log/Log, byte[489]
574  [main] DEBUG org.aspectj.weaver.tools.WeavingAdaptor  - 16:58:00.094 main &lt; org.aspectj.weaver.tools.WeavingAdaptor.weaveClass false
574  [main] DEBUG org.aspectj.weaver.loadtime.Aj  - 16:58:00.094 main &lt; org.aspectj.weaver.loadtime.Aj.preProcess byte[489]
576  [main] DEBUG org.aspectj.weaver.loadtime.Aj  - 16:58:00.096 main &gt; org.aspectj.weaver.loadtime.Aj.preProcess org.aspectj.weaver.loadtime.Aj@58027738 com/mysql/jdbc/log/StandardLogger, byte[4161], org.springframework.test.jpa.OrmXmlOverridingShadowingClassLoader@2bbf1be2
576  [main] DEBUG org.aspectj.weaver.loadtime.Aj  - 16:58:00.096 main - org.aspectj.weaver.loadtime.Aj.preProcess org.aspectj.weaver.loadtime.Aj@58027738 sun.misc.Launcher$AppClassLoader@302b2c81, org.springframework.test.jpa.OrmXmlOverridingShadowingClassLoader@2bbf1be2
576  [main] DEBUG org.aspectj.weaver.tools.WeavingAdaptor  - 16:58:00.096 main &gt; org.aspectj.weaver.tools.WeavingAdaptor.weaveClass org.aspectj.weaver.loadtime.ClassLoaderWeavingAdaptor@10b090ac com/mysql/jdbc/log/StandardLogger, byte[4161]
576  [main] DEBUG org.aspectj.weaver.tools.WeavingAdaptor  - 16:58:00.096 main &lt; org.aspectj.weaver.tools.WeavingAdaptor.weaveClass false
576  [main] DEBUG org.aspectj.weaver.loadtime.Aj  - 16:58:00.096 main &lt; org.aspectj.weaver.loadtime.Aj.preProcess byte[4161]
577  [main] DEBUG org.aspectj.weaver.loadtime.Aj  - 16:58:00.097 main &gt; org.aspectj.weaver.loadtime.Aj.preProcess org.aspectj.weaver.loadtime.Aj@58027738 com/mysql/jdbc/ConnectionPropertiesImpl$BooleanConnectionProperty, byte[2298], org.springframework.test.jpa.OrmXmlOverridingShadowingClassLoader@2bbf1be2
577  [main] DEBUG org.aspectj.weaver.loadtime.Aj  - 16:58:00.097 main - org.aspectj.weaver.loadtime.Aj.preProcess org.aspectj.weaver.loadtime.Aj@58027738 sun.misc.Launcher$AppClassLoader@302b2c81, org.springframework.test.jpa.OrmXmlOverridingShadowingClassLoader@2bbf1be2
577  [main] DEBUG org.aspectj.weaver.tools.WeavingAdaptor  - 16:58:00.097 main &gt; org.aspectj.weaver.tools.WeavingAdaptor.weaveClass org.aspectj.weaver.loadtime.ClassLoaderWeavingAdaptor@10b090ac com/mysql/jdbc/ConnectionPropertiesImpl$BooleanConnectionProperty, byte[2298]
577  [main] DEBUG org.aspectj.weaver.tools.WeavingAdaptor  - 16:58:00.097 main &lt; org.aspectj.weaver.tools.WeavingAdaptor.weaveClass false
577  [main] DEBUG org.aspectj.weaver.loadtime.Aj  - 16:58:00.097 main &lt; org.aspectj.weaver.loadtime.Aj.preProcess byte[2298]
577  [main] DEBUG org.aspectj.weaver.loadtime.Aj  - 16:58:00.097 main &gt; org.aspectj.weaver.loadtime.Aj.preProcess org.aspectj.weaver.loadtime.Aj@58027738 com/mysql/jdbc/ConnectionPropertiesImpl$ConnectionProperty, byte[5289], org.springframework.test.jpa.OrmXmlOverridingShadowingClassLoader@2bbf1be2
577  [main] DEBUG org.aspectj.weaver.loadtime.Aj  - 16:58:00.097 main - org.aspectj.weaver.loadtime.Aj.preProcess org.aspectj.weaver.loadtime.Aj@58027738 sun.misc.Launcher$AppClassLoader@302b2c81, org.springframework.test.jpa.OrmXmlOverridingShadowingClassLoader@2bbf1be2
578  [main] DEBUG org.aspectj.weaver.tools.WeavingAdaptor  - 16:58:00.097 main &gt; org.aspectj.weaver.tools.WeavingAdaptor.weaveClass org.aspectj.weaver.loadtime.ClassLoaderWeavingAdaptor@10b090ac com/mysql/jdbc/ConnectionPropertiesImpl$ConnectionProperty, byte[5289]
578  [main] DEBUG org.aspectj.weaver.tools.WeavingAdaptor  - 16:58:00.098 main &lt; org.aspectj.weaver.tools.WeavingAdaptor.weaveClass false
578  [main] DEBUG org.aspectj.weaver.loadtime.Aj  - 16:58:00.098 main &lt; org.aspectj.weaver.loadtime.Aj.preProcess byte[5289]
578  [main] DEBUG org.aspectj.weaver.loadtime.Aj  - 16:58:00.098 main &gt; org.aspectj.weaver.loadtime.Aj.preProcess org.aspectj.weaver.loadtime.Aj@58027738 com/mysql/jdbc/ConnectionPropertiesImpl$MemorySizeConnectionProperty, byte[2307], org.springframework.test.jpa.OrmXmlOverridingShadowingClassLoader@2bbf1be2
578  [main] DEBUG org.aspectj.weaver.loadtime.Aj  - 16:58:00.098 main - org.aspectj.weaver.loadtime.Aj.preProcess org.aspectj.weaver.loadtime.Aj@58027738 sun.misc.Launcher$AppClassLoader@302b2c81, org.springframework.test.jpa.OrmXmlOverridingShadowingClassLoader@2bbf1be2
578  [main] DEBUG org.aspectj.weaver.tools.WeavingAdaptor  - 16:58:00.098 main &gt; org.aspectj.weaver.tools.WeavingAdaptor.weaveClass org.aspectj.weaver.loadtime.ClassLoaderWeavingAdaptor@10b090ac com/mysql/jdbc/ConnectionPropertiesImpl$MemorySizeConnectionProperty, byte[2307]
578  [main] DEBUG org.aspectj.weaver.tools.WeavingAdaptor  - 16:58:00.098 main &lt; org.aspectj.weaver.tools.WeavingAdaptor.weaveClass false
578  [main] DEBUG org.aspectj.weaver.loadtime.Aj  - 16:58:00.098 main &lt; org.aspectj.weaver.loadtime.Aj.preProcess byte[2307]
578  [main] DEBUG org.aspectj.weaver.loadtime.Aj  - 16:58:00.098 main &gt; org.aspectj.weaver.loadtime.Aj.preProcess org.aspectj.weaver.loadtime.Aj@58027738 com/mysql/jdbc/ConnectionPropertiesImpl$IntegerConnectionProperty, byte[3615], org.springframework.test.jpa.OrmXmlOverridingShadowingClassLoader@2bbf1be2
579  [main] DEBUG org.aspectj.weaver.loadtime.Aj  - 16:58:00.099 main - org.aspectj.weaver.loadtime.Aj.preProcess org.aspectj.weaver.loadtime.Aj@58027738 sun.misc.Launcher$AppClassLoader@302b2c81, org.springframework.test.jpa.OrmXmlOverridingShadowingClassLoader@2bbf1be2
579  [main] DEBUG org.aspectj.weaver.tools.WeavingAdaptor  - 16:58:00.099 main &gt; org.aspectj.weaver.tools.WeavingAdaptor.weaveClass org.aspectj.weaver.loadtime.ClassLoaderWeavingAdaptor@10b090ac com/mysql/jdbc/ConnectionPropertiesImpl$IntegerConnectionProperty, byte[3615]
579  [main] DEBUG org.aspectj.weaver.tools.WeavingAdaptor  - 16:58:00.099 main &lt; org.aspectj.weaver.tools.WeavingAdaptor.weaveClass false
579  [main] DEBUG org.aspectj.weaver.loadtime.Aj  - 16:58:00.099 main &lt; org.aspectj.weaver.loadtime.Aj.preProcess byte[3615]
579  [main] DEBUG org.aspectj.weaver.loadtime.Aj  - 16:58:00.099 main &gt; org.aspectj.weaver.loadtime.Aj.preProcess org.aspectj.weaver.loadtime.Aj@58027738 com/mysql/jdbc/ConnectionPropertiesImpl$StringConnectionProperty, byte[2377], org.springframework.test.jpa.OrmXmlOverridingShadowingClassLoader@2bbf1be2
579  [main] DEBUG org.aspectj.weaver.loadtime.Aj  - 16:58:00.099 main - org.aspectj.weaver.loadtime.Aj.preProcess org.aspectj.weaver.loadtime.Aj@58027738 sun.misc.Launcher$AppClassLoader@302b2c81, org.springframework.test.jpa.OrmXmlOverridingShadowingClassLoader@2bbf1be2
579  [main] DEBUG org.aspectj.weaver.tools.WeavingAdaptor  - 16:58:00.099 main &gt; org.aspectj.weaver.tools.WeavingAdaptor.weaveClass org.aspectj.weaver.loadtime.ClassLoaderWeavingAdaptor@10b090ac com/mysql/jdbc/ConnectionPropertiesImpl$StringConnectionProperty, byte[2377]
579  [main] DEBUG org.aspectj.weaver.tools.WeavingAdaptor  - 16:58:00.099 main &lt; org.aspectj.weaver.tools.WeavingAdaptor.weaveClass false
579  [main] DEBUG org.aspectj.weaver.loadtime.Aj  - 16:58:00.099 main &lt; org.aspectj.weaver.loadtime.Aj.preProcess byte[2377]
580  [main] DEBUG org.aspectj.weaver.loadtime.Aj  - 16:58:00.100 main &gt; org.aspectj.weaver.loadtime.Aj.preProcess org.aspectj.weaver.loadtime.Aj@58027738 com/mysql/jdbc/ConnectionPropertiesImpl$LongConnectionProperty, byte[2811], org.springframework.test.jpa.OrmXmlOverridingShadowingClassLoader@2bbf1be2
580  [main] DEBUG org.aspectj.weaver.loadtime.Aj  - 16:58:00.100 main - org.aspectj.weaver.loadtime.Aj.preProcess org.aspectj.weaver.loadtime.Aj@58027738 sun.misc.Launcher$AppClassLoader@302b2c81, org.springframework.test.jpa.OrmXmlOverridingShadowingClassLoader@2bbf1be2
580  [main] DEBUG org.aspectj.weaver.tools.WeavingAdaptor  - 16:58:00.100 main &gt; org.aspectj.weaver.tools.WeavingAdaptor.weaveClass org.aspectj.weaver.loadtime.ClassLoaderWeavingAdaptor@10b090ac com/mysql/jdbc/ConnectionPropertiesImpl$LongConnectionProperty, byte[2811]
580  [main] DEBUG org.aspectj.weaver.tools.WeavingAdaptor  - 16:58:00.100 main &lt; org.aspectj.weaver.tools.WeavingAdaptor.weaveClass false
580  [main] DEBUG org.aspectj.weaver.loadtime.Aj  - 16:58:00.100 main &lt; org.aspectj.weaver.loadtime.Aj.preProcess byte[2811]
581  [main] DEBUG org.aspectj.weaver.loadtime.Aj  - 16:58:00.101 main &gt; org.aspectj.weaver.loadtime.Aj.preProcess org.aspectj.weaver.loadtime.Aj@58027738 com/mysql/jdbc/log/NullLogger, byte[1908], org.springframework.test.jpa.OrmXmlOverridingShadowingClassLoader@2bbf1be2
582  [main] DEBUG org.aspectj.weaver.loadtime.Aj  - 16:58:00.102 main - org.aspectj.weaver.loadtime.Aj.preProcess org.aspectj.weaver.loadtime.Aj@58027738 sun.misc.Launcher$AppClassLoader@302b2c81, org.springframework.test.jpa.OrmXmlOverridingShadowingClassLoader@2bbf1be2
582  [main] DEBUG org.aspectj.weaver.tools.WeavingAdaptor  - 16:58:00.102 main &gt; org.aspectj.weaver.tools.WeavingAdaptor.weaveClass org.aspectj.weaver.loadtime.ClassLoaderWeavingAdaptor@10b090ac com/mysql/jdbc/log/NullLogger, byte[1908]
582  [main] DEBUG org.aspectj.weaver.tools.WeavingAdaptor  - 16:58:00.102 main &lt; org.aspectj.weaver.tools.WeavingAdaptor.weaveClass false
582  [main] DEBUG org.aspectj.weaver.loadtime.Aj  - 16:58:00.102 main &lt; org.aspectj.weaver.loadtime.Aj.preProcess byte[1908]
582  [main] DEBUG org.aspectj.weaver.loadtime.Aj  - 16:58:00.102 main &gt; org.aspectj.weaver.loadtime.Aj.preProcess org.aspectj.weaver.loadtime.Aj@58027738 com/mysql/jdbc/Constants, byte[2397], org.springframework.test.jpa.OrmXmlOverridingShadowingClassLoader@2bbf1be2
582  [main] DEBUG org.aspectj.weaver.loadtime.Aj  - 16:58:00.102 main - org.aspectj.weaver.loadtime.Aj.preProcess org.aspectj.weaver.loadtime.Aj@58027738 sun.misc.Launcher$AppClassLoader@302b2c81, org.springframework.test.jpa.OrmXmlOverridingShadowingClassLoader@2bbf1be2
582  [main] DEBUG org.aspectj.weaver.tools.WeavingAdaptor  - 16:58:00.102 main &gt; org.aspectj.weaver.tools.WeavingAdaptor.weaveClass org.aspectj.weaver.loadtime.ClassLoaderWeavingAdaptor@10b090ac com/mysql/jdbc/Constants, byte[2397]
582  [main] DEBUG org.aspectj.weaver.tools.WeavingAdaptor  - 16:58:00.102 main &lt; org.aspectj.weaver.tools.WeavingAdaptor.weaveClass false
582  [main] DEBUG org.aspectj.weaver.loadtime.Aj  - 16:58:00.102 main &lt; org.aspectj.weaver.loadtime.Aj.preProcess byte[2397]
584  [main] DEBUG org.aspectj.weaver.loadtime.Aj  - 16:58:00.104 main &gt; org.aspectj.weaver.loadtime.Aj.preProcess org.aspectj.weaver.loadtime.Aj@58027738 com/mysql/jdbc/JDBC4Connection, byte[6038], org.springframework.test.jpa.OrmXmlOverridingShadowingClassLoader@2bbf1be2
584  [main] DEBUG org.aspectj.weaver.loadtime.Aj  - 16:58:00.104 main - org.aspectj.weaver.loadtime.Aj.preProcess org.aspectj.weaver.loadtime.Aj@58027738 sun.misc.Launcher$AppClassLoader@302b2c81, org.springframework.test.jpa.OrmXmlOverridingShadowingClassLoader@2bbf1be2
584  [main] DEBUG org.aspectj.weaver.tools.WeavingAdaptor  - 16:58:00.104 main &gt; org.aspectj.weaver.tools.WeavingAdaptor.weaveClass org.aspectj.weaver.loadtime.ClassLoaderWeavingAdaptor@10b090ac com/mysql/jdbc/JDBC4Connection, byte[6038]
584  [main] DEBUG org.aspectj.weaver.tools.WeavingAdaptor  - 16:58:00.104 main &lt; org.aspectj.weaver.tools.WeavingAdaptor.weaveClass false
584  [main] DEBUG org.aspectj.weaver.loadtime.Aj  - 16:58:00.104 main &lt; org.aspectj.weaver.loadtime.Aj.preProcess byte[6038]
585  [main] DEBUG org.aspectj.weaver.loadtime.Aj  - 16:58:00.105 main &gt; org.aspectj.weaver.loadtime.Aj.preProcess org.aspectj.weaver.loadtime.Aj@58027738 com/mysql/jdbc/JDBC4Connection$1, byte[726], org.springframework.test.jpa.OrmXmlOverridingShadowingClassLoader@2bbf1be2
585  [main] DEBUG org.aspectj.weaver.loadtime.Aj  - 16:58:00.105 main - org.aspectj.weaver.loadtime.Aj.preProcess org.aspectj.weaver.loadtime.Aj@58027738 sun.misc.Launcher$AppClassLoader@302b2c81, org.springframework.test.jpa.OrmXmlOverridingShadowingClassLoader@2bbf1be2
585  [main] DEBUG org.aspectj.weaver.tools.WeavingAdaptor  - 16:58:00.105 main &gt; org.aspectj.weaver.tools.WeavingAdaptor.weaveClass org.aspectj.weaver.loadtime.ClassLoaderWeavingAdaptor@10b090ac com/mysql/jdbc/JDBC4Connection$1, byte[726]
585  [main] DEBUG org.aspectj.weaver.tools.WeavingAdaptor  - 16:58:00.105 main &lt; org.aspectj.weaver.tools.WeavingAdaptor.weaveClass false
585  [main] DEBUG org.aspectj.weaver.loadtime.Aj  - 16:58:00.105 main &lt; org.aspectj.weaver.loadtime.Aj.preProcess byte[726]
585  [main] DEBUG org.aspectj.weaver.loadtime.Aj  - 16:58:00.105 main &gt; org.aspectj.weaver.loadtime.Aj.preProcess org.aspectj.weaver.loadtime.Aj@58027738 com/mysql/jdbc/exceptions/NotYetImplementedException, byte[654], org.springframework.test.jpa.OrmXmlOverridingShadowingClassLoader@2bbf1be2
585  [main] DEBUG org.aspectj.weaver.loadtime.Aj  - 16:58:00.105 main - org.aspectj.weaver.loadtime.Aj.preProcess org.aspectj.weaver.loadtime.Aj@58027738 sun.misc.Launcher$AppClassLoader@302b2c81, org.springframework.test.jpa.OrmXmlOverridingShadowingClassLoader@2bbf1be2
585  [main] DEBUG org.aspectj.weaver.tools.WeavingAdaptor  - 16:58:00.105 main &gt; org.aspectj.weaver.tools.WeavingAdaptor.weaveClass org.aspectj.weaver.loadtime.ClassLoaderWeavingAdaptor@10b090ac com/mysql/jdbc/exceptions/NotYetImplementedException, byte[654]
585  [main] DEBUG org.aspectj.weaver.tools.WeavingAdaptor  - 16:58:00.105 main &lt; org.aspectj.weaver.tools.WeavingAdaptor.weaveClass false
585  [main] DEBUG org.aspectj.weaver.loadtime.Aj  - 16:58:00.105 main &lt; org.aspectj.weaver.loadtime.Aj.preProcess byte[654]
587  [main] DEBUG org.aspectj.weaver.loadtime.Aj  - 16:58:00.107 main &gt; org.aspectj.weaver.loadtime.Aj.preProcess org.aspectj.weaver.loadtime.Aj@58027738 com/mysql/jdbc/StandardSocketFactory, byte[7307], org.springframework.test.jpa.OrmXmlOverridingShadowingClassLoader@2bbf1be2
587  [main] DEBUG org.aspectj.weaver.loadtime.Aj  - 16:58:00.107 main - org.aspectj.weaver.loadtime.Aj.preProcess org.aspectj.weaver.loadtime.Aj@58027738 sun.misc.Launcher$AppClassLoader@302b2c81, org.springframework.test.jpa.OrmXmlOverridingShadowingClassLoader@2bbf1be2
587  [main] DEBUG org.aspectj.weaver.tools.WeavingAdaptor  - 16:58:00.107 main &gt; org.aspectj.weaver.tools.WeavingAdaptor.weaveClass org.aspectj.weaver.loadtime.ClassLoaderWeavingAdaptor@10b090ac com/mysql/jdbc/StandardSocketFactory, byte[7307]
587  [main] DEBUG org.aspectj.weaver.tools.WeavingAdaptor  - 16:58:00.107 main &lt; org.aspectj.weaver.tools.WeavingAdaptor.weaveClass false
587  [main] DEBUG org.aspectj.weaver.loadtime.Aj  - 16:58:00.107 main &lt; org.aspectj.weaver.loadtime.Aj.preProcess byte[7307]
588  [main] DEBUG org.aspectj.weaver.loadtime.Aj  - 16:58:00.108 main &gt; org.aspectj.weaver.loadtime.Aj.preProcess org.aspectj.weaver.loadtime.Aj@58027738 com/mysql/jdbc/SocketFactory, byte[380], org.springframework.test.jpa.OrmXmlOverridingShadowingClassLoader@2bbf1be2
588  [main] DEBUG org.aspectj.weaver.loadtime.Aj  - 16:58:00.108 main - org.aspectj.weaver.loadtime.Aj.preProcess org.aspectj.weaver.loadtime.Aj@58027738 sun.misc.Launcher$AppClassLoader@302b2c81, org.springframework.test.jpa.OrmXmlOverridingShadowingClassLoader@2bbf1be2
588  [main] DEBUG org.aspectj.weaver.tools.WeavingAdaptor  - 16:58:00.108 main &gt; org.aspectj.weaver.tools.WeavingAdaptor.weaveClass org.aspectj.weaver.loadtime.ClassLoaderWeavingAdaptor@10b090ac com/mysql/jdbc/SocketFactory, byte[380]
588  [main] DEBUG org.aspectj.weaver.tools.WeavingAdaptor  - 16:58:00.108 main &lt; org.aspectj.weaver.tools.WeavingAdaptor.weaveClass false
588  [main] DEBUG org.aspectj.weaver.loadtime.Aj  - 16:58:00.108 main &lt; org.aspectj.weaver.loadtime.Aj.preProcess byte[380]
590  [main] DEBUG org.aspectj.weaver.loadtime.Aj  - 16:58:00.110 main &gt; org.aspectj.weaver.loadtime.Aj.preProcess org.aspectj.weaver.loadtime.Aj@58027738 com/mysql/jdbc/CharsetMapping, byte[20851], org.springframework.test.jpa.OrmXmlOverridingShadowingClassLoader@2bbf1be2
590  [main] DEBUG org.aspectj.weaver.loadtime.Aj  - 16:58:00.110 main - org.aspectj.weaver.loadtime.Aj.preProcess org.aspectj.weaver.loadtime.Aj@58027738 sun.misc.Launcher$AppClassLoader@302b2c81, org.springframework.test.jpa.OrmXmlOverridingShadowingClassLoader@2bbf1be2
590  [main] DEBUG org.aspectj.weaver.tools.WeavingAdaptor  - 16:58:00.110 main &gt; org.aspectj.weaver.tools.WeavingAdaptor.weaveClass org.aspectj.weaver.loadtime.ClassLoaderWeavingAdaptor@10b090ac com/mysql/jdbc/CharsetMapping, byte[20851]
590  [main] DEBUG org.aspectj.weaver.tools.WeavingAdaptor  - 16:58:00.110 main &lt; org.aspectj.weaver.tools.WeavingAdaptor.weaveClass false
590  [main] DEBUG org.aspectj.weaver.loadtime.Aj  - 16:58:00.110 main &lt; org.aspectj.weaver.loadtime.Aj.preProcess byte[20851]
591  [main] DEBUG org.aspectj.weaver.loadtime.Aj  - 16:58:00.111 main &gt; org.aspectj.weaver.loadtime.Aj.preProcess org.aspectj.weaver.loadtime.Aj@58027738 com/mysql/jdbc/VersionedStringProperty, byte[2176], org.springframework.test.jpa.OrmXmlOverridingShadowingClassLoader@2bbf1be2
591  [main] DEBUG org.aspectj.weaver.loadtime.Aj  - 16:58:00.111 main - org.aspectj.weaver.loadtime.Aj.preProcess org.aspectj.weaver.loadtime.Aj@58027738 sun.misc.Launcher$AppClassLoader@302b2c81, org.springframework.test.jpa.OrmXmlOverridingShadowingClassLoader@2bbf1be2
591  [main] DEBUG org.aspectj.weaver.tools.WeavingAdaptor  - 16:58:00.111 main &gt; org.aspectj.weaver.tools.WeavingAdaptor.weaveClass org.aspectj.weaver.loadtime.ClassLoaderWeavingAdaptor@10b090ac com/mysql/jdbc/VersionedStringProperty, byte[2176]
592  [main] DEBUG org.aspectj.weaver.tools.WeavingAdaptor  - 16:58:00.112 main &lt; org.aspectj.weaver.tools.WeavingAdaptor.weaveClass false
592  [main] DEBUG org.aspectj.weaver.loadtime.Aj  - 16:58:00.112 main &lt; org.aspectj.weaver.loadtime.Aj.preProcess byte[2176]
595  [main] DEBUG org.aspectj.weaver.loadtime.Aj  - 16:58:00.115 main &gt; org.aspectj.weaver.loadtime.Aj.preProcess org.aspectj.weaver.loadtime.Aj@58027738 com/mysql/jdbc/log/LogFactory, byte[3130], org.springframework.test.jpa.OrmXmlOverridingShadowingClassLoader@2bbf1be2
595  [main] DEBUG org.aspectj.weaver.loadtime.Aj  - 16:58:00.115 main - org.aspectj.weaver.loadtime.Aj.preProcess org.aspectj.weaver.loadtime.Aj@58027738 sun.misc.Launcher$AppClassLoader@302b2c81, org.springframework.test.jpa.OrmXmlOverridingShadowingClassLoader@2bbf1be2
595  [main] DEBUG org.aspectj.weaver.tools.WeavingAdaptor  - 16:58:00.115 main &gt; org.aspectj.weaver.tools.WeavingAdaptor.weaveClass org.aspectj.weaver.loadtime.ClassLoaderWeavingAdaptor@10b090ac com/mysql/jdbc/log/LogFactory, byte[3130]
595  [main] DEBUG org.aspectj.weaver.tools.WeavingAdaptor  - 16:58:00.115 main &lt; org.aspectj.weaver.tools.WeavingAdaptor.weaveClass false
595  [main] DEBUG org.aspectj.weaver.loadtime.Aj  - 16:58:00.115 main &lt; org.aspectj.weaver.loadtime.Aj.preProcess byte[3130]
597  [main] DEBUG org.aspectj.weaver.loadtime.Aj  - 16:58:00.117 main &gt; org.aspectj.weaver.loadtime.Aj.preProcess org.aspectj.weaver.loadtime.Aj@58027738 com/mysql/jdbc/MysqlIO, byte[62340], org.springframework.test.jpa.OrmXmlOverridingShadowingClassLoader@2bbf1be2
597  [main] DEBUG org.aspectj.weaver.loadtime.Aj  - 16:58:00.117 main - org.aspectj.weaver.loadtime.Aj.preProcess org.aspectj.weaver.loadtime.Aj@58027738 sun.misc.Launcher$AppClassLoader@302b2c81, org.springframework.test.jpa.OrmXmlOverridingShadowingClassLoader@2bbf1be2
597  [main] DEBUG org.aspectj.weaver.tools.WeavingAdaptor  - 16:58:00.117 main &gt; org.aspectj.weaver.tools.WeavingAdaptor.weaveClass org.aspectj.weaver.loadtime.ClassLoaderWeavingAdaptor@10b090ac com/mysql/jdbc/MysqlIO, byte[62340]
597  [main] DEBUG org.aspectj.weaver.tools.WeavingAdaptor  - 16:58:00.117 main &lt; org.aspectj.weaver.tools.WeavingAdaptor.weaveClass false
597  [main] DEBUG org.aspectj.weaver.loadtime.Aj  - 16:58:00.117 main &lt; org.aspectj.weaver.loadtime.Aj.preProcess byte[62340]
599  [main] DEBUG org.aspectj.weaver.loadtime.Aj  - 16:58:00.119 main &gt; org.aspectj.weaver.loadtime.Aj.preProcess org.aspectj.weaver.loadtime.Aj@58027738 com/mysql/jdbc/PacketTooBigException, byte[930], org.springframework.test.jpa.OrmXmlOverridingShadowingClassLoader@2bbf1be2
599  [main] DEBUG org.aspectj.weaver.loadtime.Aj  - 16:58:00.119 main - org.aspectj.weaver.loadtime.Aj.preProcess org.aspectj.weaver.loadtime.Aj@58027738 sun.misc.Launcher$AppClassLoader@302b2c81, org.springframework.test.jpa.OrmXmlOverridingShadowingClassLoader@2bbf1be2
599  [main] DEBUG org.aspectj.weaver.tools.WeavingAdaptor  - 16:58:00.119 main &gt; org.aspectj.weaver.tools.WeavingAdaptor.weaveClass org.aspectj.weaver.loadtime.ClassLoaderWeavingAdaptor@10b090ac com/mysql/jdbc/PacketTooBigException, byte[930]
599  [main] DEBUG org.aspectj.weaver.tools.WeavingAdaptor  - 16:58:00.119 main &lt; org.aspectj.weaver.tools.WeavingAdaptor.weaveClass false
599  [main] DEBUG org.aspectj.weaver.loadtime.Aj  - 16:58:00.119 main &lt; org.aspectj.weaver.loadtime.Aj.preProcess byte[930]
600  [main] DEBUG org.aspectj.weaver.loadtime.Aj  - 16:58:00.120 main &gt; org.aspectj.weaver.loadtime.Aj.preProcess org.aspectj.weaver.loadtime.Aj@58027738 com/mysql/jdbc/ResultSetRow, byte[17395], org.springframework.test.jpa.OrmXmlOverridingShadowingClassLoader@2bbf1be2
600  [main] DEBUG org.aspectj.weaver.loadtime.Aj  - 16:58:00.120 main - org.aspectj.weaver.loadtime.Aj.preProcess org.aspectj.weaver.loadtime.Aj@58027738 sun.misc.Launcher$AppClassLoader@302b2c81, org.springframework.test.jpa.OrmXmlOverridingShadowingClassLoader@2bbf1be2
600  [main] DEBUG org.aspectj.weaver.tools.WeavingAdaptor  - 16:58:00.120 main &gt; org.aspectj.weaver.tools.WeavingAdaptor.weaveClass org.aspectj.weaver.loadtime.ClassLoaderWeavingAdaptor@10b090ac com/mysql/jdbc/ResultSetRow, byte[17395]
600  [main] DEBUG org.aspectj.weaver.tools.WeavingAdaptor  - 16:58:00.120 main &lt; org.aspectj.weaver.tools.WeavingAdaptor.weaveClass false
600  [main] DEBUG org.aspectj.weaver.loadtime.Aj  - 16:58:00.120 main &lt; org.aspectj.weaver.loadtime.Aj.preProcess byte[17395]
601  [main] DEBUG org.aspectj.weaver.loadtime.Aj  - 16:58:00.121 main &gt; org.aspectj.weaver.loadtime.Aj.preProcess org.aspectj.weaver.loadtime.Aj@58027738 com/mysql/jdbc/ByteArrayRow, byte[6306], org.springframework.test.jpa.OrmXmlOverridingShadowingClassLoader@2bbf1be2
601  [main] DEBUG org.aspectj.weaver.loadtime.Aj  - 16:58:00.121 main - org.aspectj.weaver.loadtime.Aj.preProcess org.aspectj.weaver.loadtime.Aj@58027738 sun.misc.Launcher$AppClassLoader@302b2c81, org.springframework.test.jpa.OrmXmlOverridingShadowingClassLoader@2bbf1be2
601  [main] DEBUG org.aspectj.weaver.tools.WeavingAdaptor  - 16:58:00.121 main &gt; org.aspectj.weaver.tools.WeavingAdaptor.weaveClass org.aspectj.weaver.loadtime.ClassLoaderWeavingAdaptor@10b090ac com/mysql/jdbc/ByteArrayRow, byte[6306]
601  [main] DEBUG org.aspectj.weaver.tools.WeavingAdaptor  - 16:58:00.121 main &lt; org.aspectj.weaver.tools.WeavingAdaptor.weaveClass false
601  [main] DEBUG org.aspectj.weaver.loadtime.Aj  - 16:58:00.121 main &lt; org.aspectj.weaver.loadtime.Aj.preProcess byte[6306]
602  [main] DEBUG org.aspectj.weaver.loadtime.Aj  - 16:58:00.121 main &gt; org.aspectj.weaver.loadtime.Aj.preProcess org.aspectj.weaver.loadtime.Aj@58027738 com/mysql/jdbc/BufferRow, byte[11299], org.springframework.test.jpa.OrmXmlOverridingShadowingClassLoader@2bbf1be2
602  [main] DEBUG org.aspectj.weaver.loadtime.Aj  - 16:58:00.122 main - org.aspectj.weaver.loadtime.Aj.preProcess org.aspectj.weaver.loadtime.Aj@58027738 sun.misc.Launcher$AppClassLoader@302b2c81, org.springframework.test.jpa.OrmXmlOverridingShadowingClassLoader@2bbf1be2
602  [main] DEBUG org.aspectj.weaver.tools.WeavingAdaptor  - 16:58:00.122 main &gt; org.aspectj.weaver.tools.WeavingAdaptor.weaveClass org.aspectj.weaver.loadtime.ClassLoaderWeavingAdaptor@10b090ac com/mysql/jdbc/BufferRow, byte[11299]
602  [main] DEBUG org.aspectj.weaver.tools.WeavingAdaptor  - 16:58:00.122 main &lt; org.aspectj.weaver.tools.WeavingAdaptor.weaveClass false
602  [main] DEBUG org.aspectj.weaver.loadtime.Aj  - 16:58:00.122 main &lt; org.aspectj.weaver.loadtime.Aj.preProcess byte[11299]
603  [main] DEBUG org.aspectj.weaver.loadtime.Aj  - 16:58:00.123 main &gt; org.aspectj.weaver.loadtime.Aj.preProcess org.aspectj.weaver.loadtime.Aj@58027738 com/mysql/jdbc/ResultSetImpl, byte[86798], org.springframework.test.jpa.OrmXmlOverridingShadowingClassLoader@2bbf1be2
604  [main] DEBUG org.aspectj.weaver.loadtime.Aj  - 16:58:00.123 main - org.aspectj.weaver.loadtime.Aj.preProcess org.aspectj.weaver.loadtime.Aj@58027738 sun.misc.Launcher$AppClassLoader@302b2c81, org.springframework.test.jpa.OrmXmlOverridingShadowingClassLoader@2bbf1be2
604  [main] DEBUG org.aspectj.weaver.tools.WeavingAdaptor  - 16:58:00.124 main &gt; org.aspectj.weaver.tools.WeavingAdaptor.weaveClass org.aspectj.weaver.loadtime.ClassLoaderWeavingAdaptor@10b090ac com/mysql/jdbc/ResultSetImpl, byte[86798]
604  [main] DEBUG org.aspectj.weaver.tools.WeavingAdaptor  - 16:58:00.124 main &lt; org.aspectj.weaver.tools.WeavingAdaptor.weaveClass false
604  [main] DEBUG org.aspectj.weaver.loadtime.Aj  - 16:58:00.124 main &lt; org.aspectj.weaver.loadtime.Aj.preProcess byte[86798]
606  [main] DEBUG org.aspectj.weaver.loadtime.Aj  - 16:58:00.126 main &gt; org.aspectj.weaver.loadtime.Aj.preProcess org.aspectj.weaver.loadtime.Aj@58027738 com/mysql/jdbc/CompressedInputStream, byte[4700], org.springframework.test.jpa.OrmXmlOverridingShadowingClassLoader@2bbf1be2
606  [main] DEBUG org.aspectj.weaver.loadtime.Aj  - 16:58:00.126 main - org.aspectj.weaver.loadtime.Aj.preProcess org.aspectj.weaver.loadtime.Aj@58027738 sun.misc.Launcher$AppClassLoader@302b2c81, org.springframework.test.jpa.OrmXmlOverridingShadowingClassLoader@2bbf1be2
606  [main] DEBUG org.aspectj.weaver.tools.WeavingAdaptor  - 16:58:00.126 main &gt; org.aspectj.weaver.tools.WeavingAdaptor.weaveClass org.aspectj.weaver.loadtime.ClassLoaderWeavingAdaptor@10b090ac com/mysql/jdbc/CompressedInputStream, byte[4700]
606  [main] DEBUG org.aspectj.weaver.tools.WeavingAdaptor  - 16:58:00.126 main &lt; org.aspectj.weaver.tools.WeavingAdaptor.weaveClass false
606  [main] DEBUG org.aspectj.weaver.loadtime.Aj  - 16:58:00.126 main &lt; org.aspectj.weaver.loadtime.Aj.preProcess byte[4700]
606  [main] DEBUG org.aspectj.weaver.loadtime.Aj  - 16:58:00.126 main &gt; org.aspectj.weaver.loadtime.Aj.preProcess org.aspectj.weaver.loadtime.Aj@58027738 com/mysql/jdbc/RowData, byte[1105], org.springframework.test.jpa.OrmXmlOverridingShadowingClassLoader@2bbf1be2
607  [main] DEBUG org.aspectj.weaver.loadtime.Aj  - 16:58:00.126 main - org.aspectj.weaver.loadtime.Aj.preProcess org.aspectj.weaver.loadtime.Aj@58027738 sun.misc.Launcher$AppClassLoader@302b2c81, org.springframework.test.jpa.OrmXmlOverridingShadowingClassLoader@2bbf1be2
607  [main] DEBUG org.aspectj.weaver.tools.WeavingAdaptor  - 16:58:00.127 main &gt; org.aspectj.weaver.tools.WeavingAdaptor.weaveClass org.aspectj.weaver.loadtime.ClassLoaderWeavingAdaptor@10b090ac com/mysql/jdbc/RowData, byte[1105]
607  [main] DEBUG org.aspectj.weaver.tools.WeavingAdaptor  - 16:58:00.127 main &lt; org.aspectj.weaver.tools.WeavingAdaptor.weaveClass false
607  [main] DEBUG org.aspectj.weaver.loadtime.Aj  - 16:58:00.127 main &lt; org.aspectj.weaver.loadtime.Aj.preProcess byte[1105]
607  [main] DEBUG org.aspectj.weaver.loadtime.Aj  - 16:58:00.127 main &gt; org.aspectj.weaver.loadtime.Aj.preProcess org.aspectj.weaver.loadtime.Aj@58027738 com/mysql/jdbc/Buffer, byte[11936], org.springframework.test.jpa.OrmXmlOverridingShadowingClassLoader@2bbf1be2
608  [main] DEBUG org.aspectj.weaver.loadtime.Aj  - 16:58:00.128 main - org.aspectj.weaver.loadtime.Aj.preProcess org.aspectj.weaver.loadtime.Aj@58027738 sun.misc.Launcher$AppClassLoader@302b2c81, org.springframework.test.jpa.OrmXmlOverridingShadowingClassLoader@2bbf1be2
608  [main] DEBUG org.aspectj.weaver.tools.WeavingAdaptor  - 16:58:00.128 main &gt; org.aspectj.weaver.tools.WeavingAdaptor.weaveClass org.aspectj.weaver.loadtime.ClassLoaderWeavingAdaptor@10b090ac com/mysql/jdbc/Buffer, byte[11936]
608  [main] DEBUG org.aspectj.weaver.tools.WeavingAdaptor  - 16:58:00.128 main &lt; org.aspectj.weaver.tools.WeavingAdaptor.weaveClass false
608  [main] DEBUG org.aspectj.weaver.loadtime.Aj  - 16:58:00.128 main &lt; org.aspectj.weaver.loadtime.Aj.preProcess byte[11936]
608  [main] DEBUG org.aspectj.weaver.loadtime.Aj  - 16:58:00.128 main &gt; org.aspectj.weaver.loadtime.Aj.preProcess org.aspectj.weaver.loadtime.Aj@58027738 com/mysql/jdbc/ConnectionFeatureNotAvailableException, byte[838], org.springframework.test.jpa.OrmXmlOverridingShadowingClassLoader@2bbf1be2
608  [main] DEBUG org.aspectj.weaver.loadtime.Aj  - 16:58:00.128 main - org.aspectj.weaver.loadtime.Aj.preProcess org.aspectj.weaver.loadtime.Aj@58027738 sun.misc.Launcher$AppClassLoader@302b2c81, org.springframework.test.jpa.OrmXmlOverridingShadowingClassLoader@2bbf1be2
608  [main] DEBUG org.aspectj.weaver.tools.WeavingAdaptor  - 16:58:00.128 main &gt; org.aspectj.weaver.tools.WeavingAdaptor.weaveClass org.aspectj.weaver.loadtime.ClassLoaderWeavingAdaptor@10b090ac com/mysql/jdbc/ConnectionFeatureNotAvailableException, byte[838]
609  [main] DEBUG org.aspectj.weaver.tools.WeavingAdaptor  - 16:58:00.129 main &lt; org.aspectj.weaver.tools.WeavingAdaptor.weaveClass false
609  [main] DEBUG org.aspectj.weaver.loadtime.Aj  - 16:58:00.129 main &lt; org.aspectj.weaver.loadtime.Aj.preProcess byte[838]
609  [main] DEBUG org.aspectj.weaver.loadtime.Aj  - 16:58:00.129 main &gt; org.aspectj.weaver.loadtime.Aj.preProcess org.aspectj.weaver.loadtime.Aj@58027738 com/mysql/jdbc/CommunicationsException, byte[1145], org.springframework.test.jpa.OrmXmlOverridingShadowingClassLoader@2bbf1be2
609  [main] DEBUG org.aspectj.weaver.loadtime.Aj  - 16:58:00.129 main - org.aspectj.weaver.loadtime.Aj.preProcess org.aspectj.weaver.loadtime.Aj@58027738 sun.misc.Launcher$AppClassLoader@302b2c81, org.springframework.test.jpa.OrmXmlOverridingShadowingClassLoader@2bbf1be2
609  [main] DEBUG org.aspectj.weaver.tools.WeavingAdaptor  - 16:58:00.129 main &gt; org.aspectj.weaver.tools.WeavingAdaptor.weaveClass org.aspectj.weaver.loadtime.ClassLoaderWeavingAdaptor@10b090ac com/mysql/jdbc/CommunicationsException, byte[1145]
609  [main] DEBUG org.aspectj.weaver.tools.WeavingAdaptor  - 16:58:00.129 main &lt; org.aspectj.weaver.tools.WeavingAdaptor.weaveClass false
609  [main] DEBUG org.aspectj.weaver.loadtime.Aj  - 16:58:00.129 main &lt; org.aspectj.weaver.loadtime.Aj.preProcess byte[1145]
609  [main] DEBUG org.aspectj.weaver.loadtime.Aj  - 16:58:00.129 main &gt; org.aspectj.weaver.loadtime.Aj.preProcess org.aspectj.weaver.loadtime.Aj@58027738 com/mysql/jdbc/StreamingNotifiable, byte[173], org.springframework.test.jpa.OrmXmlOverridingShadowingClassLoader@2bbf1be2
609  [main] DEBUG org.aspectj.weaver.loadtime.Aj  - 16:58:00.129 main - org.aspectj.weaver.loadtime.Aj.preProcess org.aspectj.weaver.loadtime.Aj@58027738 sun.misc.Launcher$AppClassLoader@302b2c81, org.springframework.test.jpa.OrmXmlOverridingShadowingClassLoader@2bbf1be2
609  [main] DEBUG org.aspectj.weaver.tools.WeavingAdaptor  - 16:58:00.129 main &gt; org.aspectj.weaver.tools.WeavingAdaptor.weaveClass org.aspectj.weaver.loadtime.ClassLoaderWeavingAdaptor@10b090ac com/mysql/jdbc/StreamingNotifiable, byte[173]
609  [main] DEBUG org.aspectj.weaver.tools.WeavingAdaptor  - 16:58:00.129 main &lt; org.aspectj.weaver.tools.WeavingAdaptor.weaveClass false
609  [main] DEBUG org.aspectj.weaver.loadtime.Aj  - 16:58:00.129 main &lt; org.aspectj.weaver.loadtime.Aj.preProcess byte[173]
610  [main] DEBUG org.aspectj.weaver.loadtime.Aj  - 16:58:00.130 main &gt; org.aspectj.weaver.loadtime.Aj.preProcess org.aspectj.weaver.loadtime.Aj@58027738 com/mysql/jdbc/MysqlDataTruncation, byte[815], org.springframework.test.jpa.OrmXmlOverridingShadowingClassLoader@2bbf1be2
610  [main] DEBUG org.aspectj.weaver.loadtime.Aj  - 16:58:00.130 main - org.aspectj.weaver.loadtime.Aj.preProcess org.aspectj.weaver.loadtime.Aj@58027738 sun.misc.Launcher$AppClassLoader@302b2c81, org.springframework.test.jpa.OrmXmlOverridingShadowingClassLoader@2bbf1be2
610  [main] DEBUG org.aspectj.weaver.tools.WeavingAdaptor  - 16:58:00.130 main &gt; org.aspectj.weaver.tools.WeavingAdaptor.weaveClass org.aspectj.weaver.loadtime.ClassLoaderWeavingAdaptor@10b090ac com/mysql/jdbc/MysqlDataTruncation, byte[815]
610  [main] DEBUG org.aspectj.weaver.tools.WeavingAdaptor  - 16:58:00.130 main &lt; org.aspectj.weaver.tools.WeavingAdaptor.weaveClass false
610  [main] DEBUG org.aspectj.weaver.loadtime.Aj  - 16:58:00.130 main &lt; org.aspectj.weaver.loadtime.Aj.preProcess byte[815]
611  [main] DEBUG org.aspectj.weaver.loadtime.Aj  - 16:58:00.131 main &gt; org.aspectj.weaver.loadtime.Aj.preProcess org.aspectj.weaver.loadtime.Aj@58027738 com/mysql/jdbc/util/ReadAheadInputStream, byte[4549], org.springframework.test.jpa.OrmXmlOverridingShadowingClassLoader@2bbf1be2
611  [main] DEBUG org.aspectj.weaver.loadtime.Aj  - 16:58:00.131 main - org.aspectj.weaver.loadtime.Aj.preProcess org.aspectj.weaver.loadtime.Aj@58027738 sun.misc.Launcher$AppClassLoader@302b2c81, org.springframework.test.jpa.OrmXmlOverridingShadowingClassLoader@2bbf1be2
611  [main] DEBUG org.aspectj.weaver.tools.WeavingAdaptor  - 16:58:00.131 main &gt; org.aspectj.weaver.tools.WeavingAdaptor.weaveClass org.aspectj.weaver.loadtime.ClassLoaderWeavingAdaptor@10b090ac com/mysql/jdbc/util/ReadAheadInputStream, byte[4549]
611  [main] DEBUG org.aspectj.weaver.tools.WeavingAdaptor  - 16:58:00.131 main &lt; org.aspectj.weaver.tools.WeavingAdaptor.weaveClass false
611  [main] DEBUG org.aspectj.weaver.loadtime.Aj  - 16:58:00.131 main &lt; org.aspectj.weaver.loadtime.Aj.preProcess byte[4549]
2625 [main] DEBUG org.aspectj.weaver.loadtime.Aj  - 16:58:02.145 main &gt; org.aspectj.weaver.loadtime.Aj.preProcess org.aspectj.weaver.loadtime.Aj@58027738 com/mysql/jdbc/SQLError, byte[21451], org.springframework.test.jpa.OrmXmlOverridingShadowingClassLoader@2bbf1be2
2625 [main] DEBUG org.aspectj.weaver.loadtime.Aj  - 16:58:02.145 main - org.aspectj.weaver.loadtime.Aj.preProcess org.aspectj.weaver.loadtime.Aj@58027738 sun.misc.Launcher$AppClassLoader@302b2c81, org.springframework.test.jpa.OrmXmlOverridingShadowingClassLoader@2bbf1be2
2625 [main] DEBUG org.aspectj.weaver.tools.WeavingAdaptor  - 16:58:02.145 main &gt; org.aspectj.weaver.tools.WeavingAdaptor.weaveClass org.aspectj.weaver.loadtime.ClassLoaderWeavingAdaptor@10b090ac com/mysql/jdbc/SQLError, byte[21451]
2625 [main] DEBUG org.aspectj.weaver.tools.WeavingAdaptor  - 16:58:02.145 main &lt; org.aspectj.weaver.tools.WeavingAdaptor.weaveClass false
2626 [main] DEBUG org.aspectj.weaver.loadtime.Aj  - 16:58:02.146 main &lt; org.aspectj.weaver.loadtime.Aj.preProcess byte[21451]
2629 [main] DEBUG org.aspectj.weaver.loadtime.Aj  - 16:58:02.149 main &gt; org.aspectj.weaver.loadtime.Aj.preProcess org.aspectj.weaver.loadtime.Aj@58027738 com/mysql/jdbc/exceptions/MySQLTransientConnectionException, byte[871], org.springframework.test.jpa.OrmXmlOverridingShadowingClassLoader@2bbf1be2
2629 [main] DEBUG org.aspectj.weaver.loadtime.Aj  - 16:58:02.149 main - org.aspectj.weaver.loadtime.Aj.preProcess org.aspectj.weaver.loadtime.Aj@58027738 sun.misc.Launcher$AppClassLoader@302b2c81, org.springframework.test.jpa.OrmXmlOverridingShadowingClassLoader@2bbf1be2
2630 [main] DEBUG org.aspectj.weaver.tools.WeavingAdaptor  - 16:58:02.150 main &gt; org.aspectj.weaver.tools.WeavingAdaptor.weaveClass org.aspectj.weaver.loadtime.ClassLoaderWeavingAdaptor@10b090ac com/mysql/jdbc/exceptions/MySQLTransientConnectionException, byte[871]
2630 [main] DEBUG org.aspectj.weaver.tools.WeavingAdaptor  - 16:58:02.150 main &lt; org.aspectj.weaver.tools.WeavingAdaptor.weaveClass false
2630 [main] DEBUG org.aspectj.weaver.loadtime.Aj  - 16:58:02.150 main &lt; org.aspectj.weaver.loadtime.Aj.preProcess byte[871]
2631 [main] DEBUG org.aspectj.weaver.loadtime.Aj  - 16:58:02.151 main &gt; org.aspectj.weaver.loadtime.Aj.preProcess org.aspectj.weaver.loadtime.Aj@58027738 com/mysql/jdbc/exceptions/MySQLTransientException, byte[813], org.springframework.test.jpa.OrmXmlOverridingShadowingClassLoader@2bbf1be2
2631 [main] DEBUG org.aspectj.weaver.loadtime.Aj  - 16:58:02.151 main - org.aspectj.weaver.loadtime.Aj.preProcess org.aspectj.weaver.loadtime.Aj@58027738 sun.misc.Launcher$AppClassLoader@302b2c81, org.springframework.test.jpa.OrmXmlOverridingShadowingClassLoader@2bbf1be2
2632 [main] DEBUG org.aspectj.weaver.tools.WeavingAdaptor  - 16:58:02.151 main &gt; org.aspectj.weaver.tools.WeavingAdaptor.weaveClass org.aspectj.weaver.loadtime.ClassLoaderWeavingAdaptor@10b090ac com/mysql/jdbc/exceptions/MySQLTransientException, byte[813]
2632 [main] DEBUG org.aspectj.weaver.tools.WeavingAdaptor  - 16:58:02.152 main &lt; org.aspectj.weaver.tools.WeavingAdaptor.weaveClass false
2632 [main] DEBUG org.aspectj.weaver.loadtime.Aj  - 16:58:02.152 main &lt; org.aspectj.weaver.loadtime.Aj.preProcess byte[813]
2633 [main] DEBUG org.aspectj.weaver.loadtime.Aj  - 16:58:02.153 main &gt; org.aspectj.weaver.loadtime.Aj.preProcess org.aspectj.weaver.loadtime.Aj@58027738 com/mysql/jdbc/exceptions/MySQLNonTransientConnectionException, byte[883], org.springframework.test.jpa.OrmXmlOverridingShadowingClassLoader@2bbf1be2
2634 [main] DEBUG org.aspectj.weaver.loadtime.Aj  - 16:58:02.153 main - org.aspectj.weaver.loadtime.Aj.preProcess org.aspectj.weaver.loadtime.Aj@58027738 sun.misc.Launcher$AppClassLoader@302b2c81, org.springframework.test.jpa.OrmXmlOverridingShadowingClassLoader@2bbf1be2
2634 [main] DEBUG org.aspectj.weaver.tools.WeavingAdaptor  - 16:58:02.154 main &gt; org.aspectj.weaver.tools.WeavingAdaptor.weaveClass org.aspectj.weaver.loadtime.ClassLoaderWeavingAdaptor@10b090ac com/mysql/jdbc/exceptions/MySQLNonTransientConnectionException, byte[883]
2634 [main] DEBUG org.aspectj.weaver.tools.WeavingAdaptor  - 16:58:02.154 main &lt; org.aspectj.weaver.tools.WeavingAdaptor.weaveClass false
2634 [main] DEBUG org.aspectj.weaver.loadtime.Aj  - 16:58:02.154 main &lt; org.aspectj.weaver.loadtime.Aj.preProcess byte[883]
2635 [main] DEBUG org.aspectj.weaver.loadtime.Aj  - 16:58:02.155 main &gt; org.aspectj.weaver.loadtime.Aj.preProcess org.aspectj.weaver.loadtime.Aj@58027738 com/mysql/jdbc/exceptions/MySQLNonTransientException, byte[822], org.springframework.test.jpa.OrmXmlOverridingShadowingClassLoader@2bbf1be2
2635 [main] DEBUG org.aspectj.weaver.loadtime.Aj  - 16:58:02.155 main - org.aspectj.weaver.loadtime.Aj.preProcess org.aspectj.weaver.loadtime.Aj@58027738 sun.misc.Launcher$AppClassLoader@302b2c81, org.springframework.test.jpa.OrmXmlOverridingShadowingClassLoader@2bbf1be2
2636 [main] DEBUG org.aspectj.weaver.tools.WeavingAdaptor  - 16:58:02.156 main &gt; org.aspectj.weaver.tools.WeavingAdaptor.weaveClass org.aspectj.weaver.loadtime.ClassLoaderWeavingAdaptor@10b090ac com/mysql/jdbc/exceptions/MySQLNonTransientException, byte[822]
2636 [main] DEBUG org.aspectj.weaver.tools.WeavingAdaptor  - 16:58:02.156 main &lt; org.aspectj.weaver.tools.WeavingAdaptor.weaveClass false
2636 [main] DEBUG org.aspectj.weaver.loadtime.Aj  - 16:58:02.156 main &lt; org.aspectj.weaver.loadtime.Aj.preProcess byte[822]
2637 [main] DEBUG org.aspectj.weaver.loadtime.Aj  - 16:58:02.157 main &gt; org.aspectj.weaver.loadtime.Aj.preProcess org.aspectj.weaver.loadtime.Aj@58027738 com/mysql/jdbc/exceptions/MySQLDataException, byte[829], org.springframework.test.jpa.OrmXmlOverridingShadowingClassLoader@2bbf1be2
2638 [main] DEBUG org.aspectj.weaver.loadtime.Aj  - 16:58:02.157 main - org.aspectj.weaver.loadtime.Aj.preProcess org.aspectj.weaver.loadtime.Aj@58027738 sun.misc.Launcher$AppClassLoader@302b2c81, org.springframework.test.jpa.OrmXmlOverridingShadowingClassLoader@2bbf1be2
2638 [main] DEBUG org.aspectj.weaver.tools.WeavingAdaptor  - 16:58:02.158 main &gt; org.aspectj.weaver.tools.WeavingAdaptor.weaveClass org.aspectj.weaver.loadtime.ClassLoaderWeavingAdaptor@10b090ac com/mysql/jdbc/exceptions/MySQLDataException, byte[829]
2638 [main] DEBUG org.aspectj.weaver.tools.WeavingAdaptor  - 16:58:02.158 main &lt; org.aspectj.weaver.tools.WeavingAdaptor.weaveClass false
2638 [main] DEBUG org.aspectj.weaver.loadtime.Aj  - 16:58:02.158 main &lt; org.aspectj.weaver.loadtime.Aj.preProcess byte[829]
2639 [main] DEBUG org.aspectj.weaver.loadtime.Aj  - 16:58:02.159 main &gt; org.aspectj.weaver.loadtime.Aj.preProcess org.aspectj.weaver.loadtime.Aj@58027738 com/mysql/jdbc/exceptions/MySQLIntegrityConstraintViolationException, byte[901], org.springframework.test.jpa.OrmXmlOverridingShadowingClassLoader@2bbf1be2
2640 [main] DEBUG org.aspectj.weaver.loadtime.Aj  - 16:58:02.160 main - org.aspectj.weaver.loadtime.Aj.preProcess org.aspectj.weaver.loadtime.Aj@58027738 sun.misc.Launcher$AppClassLoader@302b2c81, org.springframework.test.jpa.OrmXmlOverridingShadowingClassLoader@2bbf1be2
2640 [main] DEBUG org.aspectj.weaver.tools.WeavingAdaptor  - 16:58:02.160 main &gt; org.aspectj.weaver.tools.WeavingAdaptor.weaveClass org.aspectj.weaver.loadtime.ClassLoaderWeavingAdaptor@10b090ac com/mysql/jdbc/exceptions/MySQLIntegrityConstraintViolationException, byte[901]
2640 [main] DEBUG org.aspectj.weaver.tools.WeavingAdaptor  - 16:58:02.160 main &lt; org.aspectj.weaver.tools.WeavingAdaptor.weaveClass false
2640 [main] DEBUG org.aspectj.weaver.loadtime.Aj  - 16:58:02.160 main &lt; org.aspectj.weaver.loadtime.Aj.preProcess byte[901]
2641 [main] DEBUG org.aspectj.weaver.loadtime.Aj  - 16:58:02.161 main &gt; org.aspectj.weaver.loadtime.Aj.preProcess org.aspectj.weaver.loadtime.Aj@58027738 com/mysql/jdbc/exceptions/MySQLSyntaxErrorException, byte[850], org.springframework.test.jpa.OrmXmlOverridingShadowingClassLoader@2bbf1be2
2642 [main] DEBUG org.aspectj.weaver.loadtime.Aj  - 16:58:02.162 main - org.aspectj.weaver.loadtime.Aj.preProcess org.aspectj.weaver.loadtime.Aj@58027738 sun.misc.Launcher$AppClassLoader@302b2c81, org.springframework.test.jpa.OrmXmlOverridingShadowingClassLoader@2bbf1be2
2642 [main] DEBUG org.aspectj.weaver.tools.WeavingAdaptor  - 16:58:02.162 main &gt; org.aspectj.weaver.tools.WeavingAdaptor.weaveClass org.aspectj.weaver.loadtime.ClassLoaderWeavingAdaptor@10b090ac com/mysql/jdbc/exceptions/MySQLSyntaxErrorException, byte[850]
2642 [main] DEBUG org.aspectj.weaver.tools.WeavingAdaptor  - 16:58:02.162 main &lt; org.aspectj.weaver.tools.WeavingAdaptor.weaveClass false
2642 [main] DEBUG org.aspectj.weaver.loadtime.Aj  - 16:58:02.162 main &lt; org.aspectj.weaver.loadtime.Aj.preProcess byte[850]
2644 [main] DEBUG org.aspectj.weaver.loadtime.Aj  - 16:58:02.163 main &gt; org.aspectj.weaver.loadtime.Aj.preProcess org.aspectj.weaver.loadtime.Aj@58027738 com/mysql/jdbc/exceptions/MySQLTransactionRollbackException, byte[871], org.springframework.test.jpa.OrmXmlOverridingShadowingClassLoader@2bbf1be2
2644 [main] DEBUG org.aspectj.weaver.loadtime.Aj  - 16:58:02.164 main - org.aspectj.weaver.loadtime.Aj.preProcess org.aspectj.weaver.loadtime.Aj@58027738 sun.misc.Launcher$AppClassLoader@302b2c81, org.springframework.test.jpa.OrmXmlOverridingShadowingClassLoader@2bbf1be2
2644 [main] DEBUG org.aspectj.weaver.tools.WeavingAdaptor  - 16:58:02.164 main &gt; org.aspectj.weaver.tools.WeavingAdaptor.weaveClass org.aspectj.weaver.loadtime.ClassLoaderWeavingAdaptor@10b090ac com/mysql/jdbc/exceptions/MySQLTransactionRollbackException, byte[871]
2644 [main] DEBUG org.aspectj.weaver.tools.WeavingAdaptor  - 16:58:02.164 main &lt; org.aspectj.weaver.tools.WeavingAdaptor.weaveClass false
2644 [main] DEBUG org.aspectj.weaver.loadtime.Aj  - 16:58:02.164 main &lt; org.aspectj.weaver.loadtime.Aj.preProcess byte[871]
2649 [main] DEBUG org.aspectj.weaver.loadtime.Aj  - 16:58:02.169 main &gt; org.aspectj.weaver.loadtime.Aj.preProcess org.aspectj.weaver.loadtime.Aj@58027738 com/mysql/jdbc/exceptions/jdbc4/CommunicationsException, byte[1190], org.springframework.test.jpa.OrmXmlOverridingShadowingClassLoader@2bbf1be2
2650 [main] DEBUG org.aspectj.weaver.loadtime.Aj  - 16:58:02.169 main - org.aspectj.weaver.loadtime.Aj.preProcess org.aspectj.weaver.loadtime.Aj@58027738 sun.misc.Launcher$AppClassLoader@302b2c81, org.springframework.test.jpa.OrmXmlOverridingShadowingClassLoader@2bbf1be2
2650 [main] DEBUG org.aspectj.weaver.tools.WeavingAdaptor  - 16:58:02.170 main &gt; org.aspectj.weaver.tools.WeavingAdaptor.weaveClass org.aspectj.weaver.loadtime.ClassLoaderWeavingAdaptor@10b090ac com/mysql/jdbc/exceptions/jdbc4/CommunicationsException, byte[1190]
2650 [main] DEBUG org.aspectj.weaver.tools.WeavingAdaptor  - 16:58:02.170 main &lt; org.aspectj.weaver.tools.WeavingAdaptor.weaveClass false
2650 [main] DEBUG org.aspectj.weaver.loadtime.Aj  - 16:58:02.170 main &lt; org.aspectj.weaver.loadtime.Aj.preProcess byte[1190]
2654 [main] WARN  tudu.domain.configuration.DataSourceFactory  - MySQL database could not be found
2655 [main] DEBUG org.aspectj.weaver.loadtime.Aj  - 16:58:02.175 main &gt; org.aspectj.weaver.loadtime.Aj.preProcess org.aspectj.weaver.loadtime.Aj@58027738 org/hsqldb/jdbcDriver, byte[2201], org.springframework.test.jpa.OrmXmlOverridingShadowingClassLoader@2bbf1be2
2656 [main] DEBUG org.aspectj.weaver.loadtime.Aj  - 16:58:02.176 main - org.aspectj.weaver.loadtime.Aj.preProcess org.aspectj.weaver.loadtime.Aj@58027738 sun.misc.Launcher$AppClassLoader@302b2c81, org.springframework.test.jpa.OrmXmlOverridingShadowingClassLoader@2bbf1be2
2656 [main] DEBUG org.aspectj.weaver.tools.WeavingAdaptor  - 16:58:02.176 main &gt; org.aspectj.weaver.tools.WeavingAdaptor.weaveClass org.aspectj.weaver.loadtime.ClassLoaderWeavingAdaptor@10b090ac org/hsqldb/jdbcDriver, byte[2201]
2656 [main] DEBUG org.aspectj.weaver.tools.WeavingAdaptor  - 16:58:02.176 main &lt; org.aspectj.weaver.tools.WeavingAdaptor.weaveClass false
2656 [main] DEBUG org.aspectj.weaver.loadtime.Aj  - 16:58:02.176 main &lt; org.aspectj.weaver.loadtime.Aj.preProcess byte[2201]
2660 [main] DEBUG org.aspectj.weaver.loadtime.Aj  - 16:58:02.179 main &gt; org.aspectj.weaver.loadtime.Aj.preProcess org.aspectj.weaver.loadtime.Aj@58027738 org/hsqldb/DatabaseURL, byte[2767], org.springframework.test.jpa.OrmXmlOverridingShadowingClassLoader@2bbf1be2
2660 [main] DEBUG org.aspectj.weaver.loadtime.Aj  - 16:58:02.180 main - org.aspectj.weaver.loadtime.Aj.preProcess org.aspectj.weaver.loadtime.Aj@58027738 sun.misc.Launcher$AppClassLoader@302b2c81, org.springframework.test.jpa.OrmXmlOverridingShadowingClassLoader@2bbf1be2
2660 [main] DEBUG org.aspectj.weaver.tools.WeavingAdaptor  - 16:58:02.180 main &gt; org.aspectj.weaver.tools.WeavingAdaptor.weaveClass org.aspectj.weaver.loadtime.ClassLoaderWeavingAdaptor@10b090ac org/hsqldb/DatabaseURL, byte[2767]
2660 [main] DEBUG org.aspectj.weaver.tools.WeavingAdaptor  - 16:58:02.180 main &lt; org.aspectj.weaver.tools.WeavingAdaptor.weaveClass false
2660 [main] DEBUG org.aspectj.weaver.loadtime.Aj  - 16:58:02.180 main &lt; org.aspectj.weaver.loadtime.Aj.preProcess byte[2767]
2662 [main] DEBUG org.aspectj.weaver.loadtime.Aj  - 16:58:02.182 main &gt; org.aspectj.weaver.loadtime.Aj.preProcess org.aspectj.weaver.loadtime.Aj@58027738 org/hsqldb/persist/HsqlProperties, byte[5471], org.springframework.test.jpa.OrmXmlOverridingShadowingClassLoader@2bbf1be2
2663 [main] DEBUG org.aspectj.weaver.loadtime.Aj  - 16:58:02.183 main - org.aspectj.weaver.loadtime.Aj.preProcess org.aspectj.weaver.loadtime.Aj@58027738 sun.misc.Launcher$AppClassLoader@302b2c81, org.springframework.test.jpa.OrmXmlOverridingShadowingClassLoader@2bbf1be2
2663 [main] DEBUG org.aspectj.weaver.tools.WeavingAdaptor  - 16:58:02.183 main &gt; org.aspectj.weaver.tools.WeavingAdaptor.weaveClass org.aspectj.weaver.loadtime.ClassLoaderWeavingAdaptor@10b090ac org/hsqldb/persist/HsqlProperties, byte[5471]
2663 [main] DEBUG org.aspectj.weaver.tools.WeavingAdaptor  - 16:58:02.183 main &lt; org.aspectj.weaver.tools.WeavingAdaptor.weaveClass false
2663 [main] DEBUG org.aspectj.weaver.loadtime.Aj  - 16:58:02.183 main &lt; org.aspectj.weaver.loadtime.Aj.preProcess byte[5471]
2666 [main] DEBUG org.aspectj.weaver.loadtime.Aj  - 16:58:02.186 main &gt; org.aspectj.weaver.loadtime.Aj.preProcess org.aspectj.weaver.loadtime.Aj@58027738 org/hsqldb/lib/FileAccess, byte[877], org.springframework.test.jpa.OrmXmlOverridingShadowingClassLoader@2bbf1be2
2666 [main] DEBUG org.aspectj.weaver.loadtime.Aj  - 16:58:02.186 main - org.aspectj.weaver.loadtime.Aj.preProcess org.aspectj.weaver.loadtime.Aj@58027738 sun.misc.Launcher$AppClassLoader@302b2c81, org.springframework.test.jpa.OrmXmlOverridingShadowingClassLoader@2bbf1be2
2666 [main] DEBUG org.aspectj.weaver.tools.WeavingAdaptor  - 16:58:02.186 main &gt; org.aspectj.weaver.tools.WeavingAdaptor.weaveClass org.aspectj.weaver.loadtime.ClassLoaderWeavingAdaptor@10b090ac org/hsqldb/lib/FileAccess, byte[877]
2667 [main] DEBUG org.aspectj.weaver.tools.WeavingAdaptor  - 16:58:02.186 main &lt; org.aspectj.weaver.tools.WeavingAdaptor.weaveClass false
2667 [main] DEBUG org.aspectj.weaver.loadtime.Aj  - 16:58:02.187 main &lt; org.aspectj.weaver.loadtime.Aj.preProcess byte[877]
2668 [main] DEBUG org.aspectj.weaver.loadtime.Aj  - 16:58:02.188 main &gt; org.aspectj.weaver.loadtime.Aj.preProcess org.aspectj.weaver.loadtime.Aj@58027738 org/hsqldb/jdbc/jdbcConnection, byte[9935], org.springframework.test.jpa.OrmXmlOverridingShadowingClassLoader@2bbf1be2
2668 [main] DEBUG org.aspectj.weaver.loadtime.Aj  - 16:58:02.188 main - org.aspectj.weaver.loadtime.Aj.preProcess org.aspectj.weaver.loadtime.Aj@58027738 sun.misc.Launcher$AppClassLoader@302b2c81, org.springframework.test.jpa.OrmXmlOverridingShadowingClassLoader@2bbf1be2
2668 [main] DEBUG org.aspectj.weaver.tools.WeavingAdaptor  - 16:58:02.188 main &gt; org.aspectj.weaver.tools.WeavingAdaptor.weaveClass org.aspectj.weaver.loadtime.ClassLoaderWeavingAdaptor@10b090ac org/hsqldb/jdbc/jdbcConnection, byte[9935]
2668 [main] DEBUG org.aspectj.weaver.tools.WeavingAdaptor  - 16:58:02.188 main &lt; org.aspectj.weaver.tools.WeavingAdaptor.weaveClass false
2668 [main] DEBUG org.aspectj.weaver.loadtime.Aj  - 16:58:02.188 main &lt; org.aspectj.weaver.loadtime.Aj.preProcess byte[9935]
2669 [main] DEBUG org.aspectj.weaver.loadtime.Aj  - 16:58:02.189 main &gt; org.aspectj.weaver.loadtime.Aj.preProcess org.aspectj.weaver.loadtime.Aj@58027738 org/hsqldb/HsqlException, byte[790], org.springframework.test.jpa.OrmXmlOverridingShadowingClassLoader@2bbf1be2
2669 [main] DEBUG org.aspectj.weaver.loadtime.Aj  - 16:58:02.189 main - org.aspectj.weaver.loadtime.Aj.preProcess org.aspectj.weaver.loadtime.Aj@58027738 sun.misc.Launcher$AppClassLoader@302b2c81, org.springframework.test.jpa.OrmXmlOverridingShadowingClassLoader@2bbf1be2
2669 [main] DEBUG org.aspectj.weaver.tools.WeavingAdaptor  - 16:58:02.189 main &gt; org.aspectj.weaver.tools.WeavingAdaptor.weaveClass org.aspectj.weaver.loadtime.ClassLoaderWeavingAdaptor@10b090ac org/hsqldb/HsqlException, byte[790]
2669 [main] DEBUG org.aspectj.weaver.tools.WeavingAdaptor  - 16:58:02.189 main &lt; org.aspectj.weaver.tools.WeavingAdaptor.weaveClass false
2669 [main] DEBUG org.aspectj.weaver.loadtime.Aj  - 16:58:02.189 main &lt; org.aspectj.weaver.loadtime.Aj.preProcess byte[790]
2670 [main] DEBUG org.aspectj.weaver.loadtime.Aj  - 16:58:02.190 main &gt; org.aspectj.weaver.loadtime.Aj.preProcess org.aspectj.weaver.loadtime.Aj@58027738 org/hsqldb/Result, byte[10744], org.springframework.test.jpa.OrmXmlOverridingShadowingClassLoader@2bbf1be2
2670 [main] DEBUG org.aspectj.weaver.loadtime.Aj  - 16:58:02.190 main - org.aspectj.weaver.loadtime.Aj.preProcess org.aspectj.weaver.loadtime.Aj@58027738 sun.misc.Launcher$AppClassLoader@302b2c81, org.springframework.test.jpa.OrmXmlOverridingShadowingClassLoader@2bbf1be2
2670 [main] DEBUG org.aspectj.weaver.tools.WeavingAdaptor  - 16:58:02.190 main &gt; org.aspectj.weaver.tools.WeavingAdaptor.weaveClass org.aspectj.weaver.loadtime.ClassLoaderWeavingAdaptor@10b090ac org/hsqldb/Result, byte[10744]
2670 [main] DEBUG org.aspectj.weaver.tools.WeavingAdaptor  - 16:58:02.190 main &lt; org.aspectj.weaver.tools.WeavingAdaptor.weaveClass false
2670 [main] DEBUG org.aspectj.weaver.loadtime.Aj  - 16:58:02.190 main &lt; org.aspectj.weaver.loadtime.Aj.preProcess byte[10744]
2672 [main] DEBUG org.aspectj.weaver.loadtime.Aj  - 16:58:02.192 main &gt; org.aspectj.weaver.loadtime.Aj.preProcess org.aspectj.weaver.loadtime.Aj@58027738 org/hsqldb/SessionInterface, byte[1088], org.springframework.test.jpa.OrmXmlOverridingShadowingClassLoader@2bbf1be2
2672 [main] DEBUG org.aspectj.weaver.loadtime.Aj  - 16:58:02.192 main - org.aspectj.weaver.loadtime.Aj.preProcess org.aspectj.weaver.loadtime.Aj@58027738 sun.misc.Launcher$AppClassLoader@302b2c81, org.springframework.test.jpa.OrmXmlOverridingShadowingClassLoader@2bbf1be2
2672 [main] DEBUG org.aspectj.weaver.tools.WeavingAdaptor  - 16:58:02.192 main &gt; org.aspectj.weaver.tools.WeavingAdaptor.weaveClass org.aspectj.weaver.loadtime.ClassLoaderWeavingAdaptor@10b090ac org/hsqldb/SessionInterface, byte[1088]
2672 [main] DEBUG org.aspectj.weaver.tools.WeavingAdaptor  - 16:58:02.192 main &lt; org.aspectj.weaver.tools.WeavingAdaptor.weaveClass false
2672 [main] DEBUG org.aspectj.weaver.loadtime.Aj  - 16:58:02.192 main &lt; org.aspectj.weaver.loadtime.Aj.preProcess byte[1088]
2673 [main] DEBUG org.aspectj.weaver.loadtime.Aj  - 16:58:02.193 main &gt; org.aspectj.weaver.loadtime.Aj.preProcess org.aspectj.weaver.loadtime.Aj@58027738 org/hsqldb/DatabaseManager, byte[5355], org.springframework.test.jpa.OrmXmlOverridingShadowingClassLoader@2bbf1be2
2673 [main] DEBUG org.aspectj.weaver.loadtime.Aj  - 16:58:02.193 main - org.aspectj.weaver.loadtime.Aj.preProcess org.aspectj.weaver.loadtime.Aj@58027738 sun.misc.Launcher$AppClassLoader@302b2c81, org.springframework.test.jpa.OrmXmlOverridingShadowingClassLoader@2bbf1be2
2673 [main] DEBUG org.aspectj.weaver.tools.WeavingAdaptor  - 16:58:02.193 main &gt; org.aspectj.weaver.tools.WeavingAdaptor.weaveClass org.aspectj.weaver.loadtime.ClassLoaderWeavingAdaptor@10b090ac org/hsqldb/DatabaseManager, byte[5355]
2673 [main] DEBUG org.aspectj.weaver.tools.WeavingAdaptor  - 16:58:02.193 main &lt; org.aspectj.weaver.tools.WeavingAdaptor.weaveClass false
2673 [main] DEBUG org.aspectj.weaver.loadtime.Aj  - 16:58:02.193 main &lt; org.aspectj.weaver.loadtime.Aj.preProcess byte[5355]
2674 [main] DEBUG org.aspectj.weaver.loadtime.Aj  - 16:58:02.194 main &gt; org.aspectj.weaver.loadtime.Aj.preProcess org.aspectj.weaver.loadtime.Aj@58027738 org/hsqldb/lib/HashMap, byte[1914], org.springframework.test.jpa.OrmXmlOverridingShadowingClassLoader@2bbf1be2
2674 [main] DEBUG org.aspectj.weaver.loadtime.Aj  - 16:58:02.194 main - org.aspectj.weaver.loadtime.Aj.preProcess org.aspectj.weaver.loadtime.Aj@58027738 sun.misc.Launcher$AppClassLoader@302b2c81, org.springframework.test.jpa.OrmXmlOverridingShadowingClassLoader@2bbf1be2
2674 [main] DEBUG org.aspectj.weaver.tools.WeavingAdaptor  - 16:58:02.194 main &gt; org.aspectj.weaver.tools.WeavingAdaptor.weaveClass org.aspectj.weaver.loadtime.ClassLoaderWeavingAdaptor@10b090ac org/hsqldb/lib/HashMap, byte[1914]
2675 [main] DEBUG org.aspectj.weaver.tools.WeavingAdaptor  - 16:58:02.195 main &lt; org.aspectj.weaver.tools.WeavingAdaptor.weaveClass false
2675 [main] DEBUG org.aspectj.weaver.loadtime.Aj  - 16:58:02.195 main &lt; org.aspectj.weaver.loadtime.Aj.preProcess byte[1914]
2675 [main] DEBUG org.aspectj.weaver.loadtime.Aj  - 16:58:02.195 main &gt; org.aspectj.weaver.loadtime.Aj.preProcess org.aspectj.weaver.loadtime.Aj@58027738 org/hsqldb/store/BaseHashMap, byte[6505], org.springframework.test.jpa.OrmXmlOverridingShadowingClassLoader@2bbf1be2
2675 [main] DEBUG org.aspectj.weaver.loadtime.Aj  - 16:58:02.195 main - org.aspectj.weaver.loadtime.Aj.preProcess org.aspectj.weaver.loadtime.Aj@58027738 sun.misc.Launcher$AppClassLoader@302b2c81, org.springframework.test.jpa.OrmXmlOverridingShadowingClassLoader@2bbf1be2
2675 [main] DEBUG org.aspectj.weaver.tools.WeavingAdaptor  - 16:58:02.195 main &gt; org.aspectj.weaver.tools.WeavingAdaptor.weaveClass org.aspectj.weaver.loadtime.ClassLoaderWeavingAdaptor@10b090ac org/hsqldb/store/BaseHashMap, byte[6505]
2675 [main] DEBUG org.aspectj.weaver.tools.WeavingAdaptor  - 16:58:02.195 main &lt; org.aspectj.weaver.tools.WeavingAdaptor.weaveClass false
2676 [main] DEBUG org.aspectj.weaver.loadtime.Aj  - 16:58:02.196 main &lt; org.aspectj.weaver.loadtime.Aj.preProcess byte[6505]
2677 [main] DEBUG org.aspectj.weaver.loadtime.Aj  - 16:58:02.197 main &gt; org.aspectj.weaver.loadtime.Aj.preProcess org.aspectj.weaver.loadtime.Aj@58027738 org/hsqldb/lib/Set, byte[384], org.springframework.test.jpa.OrmXmlOverridingShadowingClassLoader@2bbf1be2
2677 [main] DEBUG org.aspectj.weaver.loadtime.Aj  - 16:58:02.197 main - org.aspectj.weaver.loadtime.Aj.preProcess org.aspectj.weaver.loadtime.Aj@58027738 sun.misc.Launcher$AppClassLoader@302b2c81, org.springframework.test.jpa.OrmXmlOverridingShadowingClassLoader@2bbf1be2
2677 [main] DEBUG org.aspectj.weaver.tools.WeavingAdaptor  - 16:58:02.197 main &gt; org.aspectj.weaver.tools.WeavingAdaptor.weaveClass org.aspectj.weaver.loadtime.ClassLoaderWeavingAdaptor@10b090ac org/hsqldb/lib/Set, byte[384]
2677 [main] DEBUG org.aspectj.weaver.tools.WeavingAdaptor  - 16:58:02.197 main &lt; org.aspectj.weaver.tools.WeavingAdaptor.weaveClass false
2677 [main] DEBUG org.aspectj.weaver.loadtime.Aj  - 16:58:02.197 main &lt; org.aspectj.weaver.loadtime.Aj.preProcess byte[384]
2678 [main] DEBUG org.aspectj.weaver.loadtime.Aj  - 16:58:02.198 main &gt; org.aspectj.weaver.loadtime.Aj.preProcess org.aspectj.weaver.loadtime.Aj@58027738 org/hsqldb/lib/Collection, byte[336], org.springframework.test.jpa.OrmXmlOverridingShadowingClassLoader@2bbf1be2
2678 [main] DEBUG org.aspectj.weaver.loadtime.Aj  - 16:58:02.198 main - org.aspectj.weaver.loadtime.Aj.preProcess org.aspectj.weaver.loadtime.Aj@58027738 sun.misc.Launcher$AppClassLoader@302b2c81, org.springframework.test.jpa.OrmXmlOverridingShadowingClassLoader@2bbf1be2
2678 [main] DEBUG org.aspectj.weaver.tools.WeavingAdaptor  - 16:58:02.198 main &gt; org.aspectj.weaver.tools.WeavingAdaptor.weaveClass org.aspectj.weaver.loadtime.ClassLoaderWeavingAdaptor@10b090ac org/hsqldb/lib/Collection, byte[336]
2678 [main] DEBUG org.aspectj.weaver.tools.WeavingAdaptor  - 16:58:02.198 main &lt; org.aspectj.weaver.tools.WeavingAdaptor.weaveClass false
2678 [main] DEBUG org.aspectj.weaver.loadtime.Aj  - 16:58:02.198 main &lt; org.aspectj.weaver.loadtime.Aj.preProcess byte[336]
2679 [main] DEBUG org.aspectj.weaver.loadtime.Aj  - 16:58:02.199 main &gt; org.aspectj.weaver.loadtime.Aj.preProcess org.aspectj.weaver.loadtime.Aj@58027738 org/hsqldb/store/HashIndex, byte[1351], org.springframework.test.jpa.OrmXmlOverridingShadowingClassLoader@2bbf1be2
2679 [main] DEBUG org.aspectj.weaver.loadtime.Aj  - 16:58:02.199 main - org.aspectj.weaver.loadtime.Aj.preProcess org.aspectj.weaver.loadtime.Aj@58027738 sun.misc.Launcher$AppClassLoader@302b2c81, org.springframework.test.jpa.OrmXmlOverridingShadowingClassLoader@2bbf1be2
2679 [main] DEBUG org.aspectj.weaver.tools.WeavingAdaptor  - 16:58:02.199 main &gt; org.aspectj.weaver.tools.WeavingAdaptor.weaveClass org.aspectj.weaver.loadtime.ClassLoaderWeavingAdaptor@10b090ac org/hsqldb/store/HashIndex, byte[1351]
2679 [main] DEBUG org.aspectj.weaver.tools.WeavingAdaptor  - 16:58:02.199 main &lt; org.aspectj.weaver.tools.WeavingAdaptor.weaveClass false
2679 [main] DEBUG org.aspectj.weaver.loadtime.Aj  - 16:58:02.199 main &lt; org.aspectj.weaver.loadtime.Aj.preProcess byte[1351]
2680 [main] DEBUG org.aspectj.weaver.loadtime.Aj  - 16:58:02.200 main &gt; org.aspectj.weaver.loadtime.Aj.preProcess org.aspectj.weaver.loadtime.Aj@58027738 org/hsqldb/lib/IntKeyHashMap, byte[1252], org.springframework.test.jpa.OrmXmlOverridingShadowingClassLoader@2bbf1be2
2680 [main] DEBUG org.aspectj.weaver.loadtime.Aj  - 16:58:02.200 main - org.aspectj.weaver.loadtime.Aj.preProcess org.aspectj.weaver.loadtime.Aj@58027738 sun.misc.Launcher$AppClassLoader@302b2c81, org.springframework.test.jpa.OrmXmlOverridingShadowingClassLoader@2bbf1be2
2680 [main] DEBUG org.aspectj.weaver.tools.WeavingAdaptor  - 16:58:02.200 main &gt; org.aspectj.weaver.tools.WeavingAdaptor.weaveClass org.aspectj.weaver.loadtime.ClassLoaderWeavingAdaptor@10b090ac org/hsqldb/lib/IntKeyHashMap, byte[1252]
2680 [main] DEBUG org.aspectj.weaver.tools.WeavingAdaptor  - 16:58:02.200 main &lt; org.aspectj.weaver.tools.WeavingAdaptor.weaveClass false
2680 [main] DEBUG org.aspectj.weaver.loadtime.Aj  - 16:58:02.200 main &lt; org.aspectj.weaver.loadtime.Aj.preProcess byte[1252]
2681 [main] DEBUG org.aspectj.weaver.loadtime.Aj  - 16:58:02.201 main &gt; org.aspectj.weaver.loadtime.Aj.preProcess org.aspectj.weaver.loadtime.Aj@58027738 org/hsqldb/lib/HsqlTimer, byte[4191], org.springframework.test.jpa.OrmXmlOverridingShadowingClassLoader@2bbf1be2
2681 [main] DEBUG org.aspectj.weaver.loadtime.Aj  - 16:58:02.201 main - org.aspectj.weaver.loadtime.Aj.preProcess org.aspectj.weaver.loadtime.Aj@58027738 sun.misc.Launcher$AppClassLoader@302b2c81, org.springframework.test.jpa.OrmXmlOverridingShadowingClassLoader@2bbf1be2
2681 [main] DEBUG org.aspectj.weaver.tools.WeavingAdaptor  - 16:58:02.201 main &gt; org.aspectj.weaver.tools.WeavingAdaptor.weaveClass org.aspectj.weaver.loadtime.ClassLoaderWeavingAdaptor@10b090ac org/hsqldb/lib/HsqlTimer, byte[4191]
2681 [main] DEBUG org.aspectj.weaver.tools.WeavingAdaptor  - 16:58:02.201 main &lt; org.aspectj.weaver.tools.WeavingAdaptor.weaveClass false
2681 [main] DEBUG org.aspectj.weaver.loadtime.Aj  - 16:58:02.201 main &lt; org.aspectj.weaver.loadtime.Aj.preProcess byte[4191]
2682 [main] DEBUG org.aspectj.weaver.loadtime.Aj  - 16:58:02.202 main &gt; org.aspectj.weaver.loadtime.Aj.preProcess org.aspectj.weaver.loadtime.Aj@58027738 org/hsqldb/lib/ObjectComparator, byte[143], org.springframework.test.jpa.OrmXmlOverridingShadowingClassLoader@2bbf1be2
2682 [main] DEBUG org.aspectj.weaver.loadtime.Aj  - 16:58:02.202 main - org.aspectj.weaver.loadtime.Aj.preProcess org.aspectj.weaver.loadtime.Aj@58027738 sun.misc.Launcher$AppClassLoader@302b2c81, org.springframework.test.jpa.OrmXmlOverridingShadowingClassLoader@2bbf1be2
2682 [main] DEBUG org.aspectj.weaver.tools.WeavingAdaptor  - 16:58:02.202 main &gt; org.aspectj.weaver.tools.WeavingAdaptor.weaveClass org.aspectj.weaver.loadtime.ClassLoaderWeavingAdaptor@10b090ac org/hsqldb/lib/ObjectComparator, byte[143]
2682 [main] DEBUG org.aspectj.weaver.tools.WeavingAdaptor  - 16:58:02.202 main &lt; org.aspectj.weaver.tools.WeavingAdaptor.weaveClass false
2682 [main] DEBUG org.aspectj.weaver.loadtime.Aj  - 16:58:02.202 main &lt; org.aspectj.weaver.loadtime.Aj.preProcess byte[143]
2683 [main] DEBUG org.aspectj.weaver.loadtime.Aj  - 16:58:02.203 main &gt; org.aspectj.weaver.loadtime.Aj.preProcess org.aspectj.weaver.loadtime.Aj@58027738 org/hsqldb/lib/ThreadFactory, byte[143], org.springframework.test.jpa.OrmXmlOverridingShadowingClassLoader@2bbf1be2
2683 [main] DEBUG org.aspectj.weaver.loadtime.Aj  - 16:58:02.203 main - org.aspectj.weaver.loadtime.Aj.preProcess org.aspectj.weaver.loadtime.Aj@58027738 sun.misc.Launcher$AppClassLoader@302b2c81, org.springframework.test.jpa.OrmXmlOverridingShadowingClassLoader@2bbf1be2
2683 [main] DEBUG org.aspectj.weaver.tools.WeavingAdaptor  - 16:58:02.203 main &gt; org.aspectj.weaver.tools.WeavingAdaptor.weaveClass org.aspectj.weaver.loadtime.ClassLoaderWeavingAdaptor@10b090ac org/hsqldb/lib/ThreadFactory, byte[143]
2683 [main] DEBUG org.aspectj.weaver.tools.WeavingAdaptor  - 16:58:02.203 main &lt; org.aspectj.weaver.tools.WeavingAdaptor.weaveClass false
2683 [main] DEBUG org.aspectj.weaver.loadtime.Aj  - 16:58:02.203 main &lt; org.aspectj.weaver.loadtime.Aj.preProcess byte[143]
2684 [main] DEBUG org.aspectj.weaver.loadtime.Aj  - 16:58:02.204 main &gt; org.aspectj.weaver.loadtime.Aj.preProcess org.aspectj.weaver.loadtime.Aj@58027738 org/hsqldb/lib/HsqlTimer$TaskQueue, byte[626], org.springframework.test.jpa.OrmXmlOverridingShadowingClassLoader@2bbf1be2
2684 [main] DEBUG org.aspectj.weaver.loadtime.Aj  - 16:58:02.204 main - org.aspectj.weaver.loadtime.Aj.preProcess org.aspectj.weaver.loadtime.Aj@58027738 sun.misc.Launcher$AppClassLoader@302b2c81, org.springframework.test.jpa.OrmXmlOverridingShadowingClassLoader@2bbf1be2
2684 [main] DEBUG org.aspectj.weaver.tools.WeavingAdaptor  - 16:58:02.204 main &gt; org.aspectj.weaver.tools.WeavingAdaptor.weaveClass org.aspectj.weaver.loadtime.ClassLoaderWeavingAdaptor@10b090ac org/hsqldb/lib/HsqlTimer$TaskQueue, byte[626]
2684 [main] DEBUG org.aspectj.weaver.tools.WeavingAdaptor  - 16:58:02.204 main &lt; org.aspectj.weaver.tools.WeavingAdaptor.weaveClass false
2684 [main] DEBUG org.aspectj.weaver.loadtime.Aj  - 16:58:02.204 main &lt; org.aspectj.weaver.loadtime.Aj.preProcess byte[626]
2684 [main] DEBUG org.aspectj.weaver.loadtime.Aj  - 16:58:02.204 main &gt; org.aspectj.weaver.loadtime.Aj.preProcess org.aspectj.weaver.loadtime.Aj@58027738 org/hsqldb/lib/HsqlArrayHeap, byte[2067], org.springframework.test.jpa.OrmXmlOverridingShadowingClassLoader@2bbf1be2
2684 [main] DEBUG org.aspectj.weaver.loadtime.Aj  - 16:58:02.204 main - org.aspectj.weaver.loadtime.Aj.preProcess org.aspectj.weaver.loadtime.Aj@58027738 sun.misc.Launcher$AppClassLoader@302b2c81, org.springframework.test.jpa.OrmXmlOverridingShadowingClassLoader@2bbf1be2
2685 [main] DEBUG org.aspectj.weaver.tools.WeavingAdaptor  - 16:58:02.205 main &gt; org.aspectj.weaver.tools.WeavingAdaptor.weaveClass org.aspectj.weaver.loadtime.ClassLoaderWeavingAdaptor@10b090ac org/hsqldb/lib/HsqlArrayHeap, byte[2067]
2685 [main] DEBUG org.aspectj.weaver.tools.WeavingAdaptor  - 16:58:02.205 main &lt; org.aspectj.weaver.tools.WeavingAdaptor.weaveClass false
2685 [main] DEBUG org.aspectj.weaver.loadtime.Aj  - 16:58:02.205 main &lt; org.aspectj.weaver.loadtime.Aj.preProcess byte[2067]
2685 [main] DEBUG org.aspectj.weaver.loadtime.Aj  - 16:58:02.205 main &gt; org.aspectj.weaver.loadtime.Aj.preProcess org.aspectj.weaver.loadtime.Aj@58027738 org/hsqldb/lib/HsqlHeap, byte[349], org.springframework.test.jpa.OrmXmlOverridingShadowingClassLoader@2bbf1be2
2685 [main] DEBUG org.aspectj.weaver.loadtime.Aj  - 16:58:02.205 main - org.aspectj.weaver.loadtime.Aj.preProcess org.aspectj.weaver.loadtime.Aj@58027738 sun.misc.Launcher$AppClassLoader@302b2c81, org.springframework.test.jpa.OrmXmlOverridingShadowingClassLoader@2bbf1be2
2685 [main] DEBUG org.aspectj.weaver.tools.WeavingAdaptor  - 16:58:02.205 main &gt; org.aspectj.weaver.tools.WeavingAdaptor.weaveClass org.aspectj.weaver.loadtime.ClassLoaderWeavingAdaptor@10b090ac org/hsqldb/lib/HsqlHeap, byte[349]
2685 [main] DEBUG org.aspectj.weaver.tools.WeavingAdaptor  - 16:58:02.205 main &lt; org.aspectj.weaver.tools.WeavingAdaptor.weaveClass false
2685 [main] DEBUG org.aspectj.weaver.loadtime.Aj  - 16:58:02.205 main &lt; org.aspectj.weaver.loadtime.Aj.preProcess byte[349]
2686 [main] DEBUG org.aspectj.weaver.loadtime.Aj  - 16:58:02.206 main &gt; org.aspectj.weaver.loadtime.Aj.preProcess org.aspectj.weaver.loadtime.Aj@58027738 org/hsqldb/lib/HsqlTimer$TaskRunner, byte[714], org.springframework.test.jpa.OrmXmlOverridingShadowingClassLoader@2bbf1be2
2686 [main] DEBUG org.aspectj.weaver.loadtime.Aj  - 16:58:02.206 main - org.aspectj.weaver.loadtime.Aj.preProcess org.aspectj.weaver.loadtime.Aj@58027738 sun.misc.Launcher$AppClassLoader@302b2c81, org.springframework.test.jpa.OrmXmlOverridingShadowingClassLoader@2bbf1be2
2686 [main] DEBUG org.aspectj.weaver.tools.WeavingAdaptor  - 16:58:02.206 main &gt; org.aspectj.weaver.tools.WeavingAdaptor.weaveClass org.aspectj.weaver.loadtime.ClassLoaderWeavingAdaptor@10b090ac org/hsqldb/lib/HsqlTimer$TaskRunner, byte[714]
2687 [main] DEBUG org.aspectj.weaver.tools.WeavingAdaptor  - 16:58:02.207 main &lt; org.aspectj.weaver.tools.WeavingAdaptor.weaveClass false
2687 [main] DEBUG org.aspectj.weaver.loadtime.Aj  - 16:58:02.207 main &lt; org.aspectj.weaver.loadtime.Aj.preProcess byte[714]
2687 [main] DEBUG org.aspectj.weaver.loadtime.Aj  - 16:58:02.207 main &gt; org.aspectj.weaver.loadtime.Aj.preProcess org.aspectj.weaver.loadtime.Aj@58027738 org/hsqldb/lib/HsqlThreadFactory, byte[714], org.springframework.test.jpa.OrmXmlOverridingShadowingClassLoader@2bbf1be2
2687 [main] DEBUG org.aspectj.weaver.loadtime.Aj  - 16:58:02.207 main - org.aspectj.weaver.loadtime.Aj.preProcess org.aspectj.weaver.loadtime.Aj@58027738 sun.misc.Launcher$AppClassLoader@302b2c81, org.springframework.test.jpa.OrmXmlOverridingShadowingClassLoader@2bbf1be2
2687 [main] DEBUG org.aspectj.weaver.tools.WeavingAdaptor  - 16:58:02.207 main &gt; org.aspectj.weaver.tools.WeavingAdaptor.weaveClass org.aspectj.weaver.loadtime.ClassLoaderWeavingAdaptor@10b090ac org/hsqldb/lib/HsqlThreadFactory, byte[714]
2687 [main] DEBUG org.aspectj.weaver.tools.WeavingAdaptor  - 16:58:02.207 main &lt; org.aspectj.weaver.tools.WeavingAdaptor.weaveClass false
2687 [main] DEBUG org.aspectj.weaver.loadtime.Aj  - 16:58:02.207 main &lt; org.aspectj.weaver.loadtime.Aj.preProcess byte[714]
2688 [main] DEBUG org.aspectj.weaver.loadtime.Aj  - 16:58:02.208 main &gt; org.aspectj.weaver.loadtime.Aj.preProcess org.aspectj.weaver.loadtime.Aj@58027738 org/hsqldb/Database, byte[8407], org.springframework.test.jpa.OrmXmlOverridingShadowingClassLoader@2bbf1be2
2688 [main] DEBUG org.aspectj.weaver.loadtime.Aj  - 16:58:02.208 main - org.aspectj.weaver.loadtime.Aj.preProcess org.aspectj.weaver.loadtime.Aj@58027738 sun.misc.Launcher$AppClassLoader@302b2c81, org.springframework.test.jpa.OrmXmlOverridingShadowingClassLoader@2bbf1be2
2688 [main] DEBUG org.aspectj.weaver.tools.WeavingAdaptor  - 16:58:02.208 main &gt; org.aspectj.weaver.tools.WeavingAdaptor.weaveClass org.aspectj.weaver.loadtime.ClassLoaderWeavingAdaptor@10b090ac org/hsqldb/Database, byte[8407]
2688 [main] DEBUG org.aspectj.weaver.tools.WeavingAdaptor  - 16:58:02.208 main &lt; org.aspectj.weaver.tools.WeavingAdaptor.weaveClass false
2688 [main] DEBUG org.aspectj.weaver.loadtime.Aj  - 16:58:02.208 main &lt; org.aspectj.weaver.loadtime.Aj.preProcess byte[8407]
2690 [main] DEBUG org.aspectj.weaver.loadtime.Aj  - 16:58:02.210 main &gt; org.aspectj.weaver.loadtime.Aj.preProcess org.aspectj.weaver.loadtime.Aj@58027738 org/hsqldb/lib/FileUtil, byte[3492], org.springframework.test.jpa.OrmXmlOverridingShadowingClassLoader@2bbf1be2
2690 [main] DEBUG org.aspectj.weaver.loadtime.Aj  - 16:58:02.210 main - org.aspectj.weaver.loadtime.Aj.preProcess org.aspectj.weaver.loadtime.Aj@58027738 sun.misc.Launcher$AppClassLoader@302b2c81, org.springframework.test.jpa.OrmXmlOverridingShadowingClassLoader@2bbf1be2
2690 [main] DEBUG org.aspectj.weaver.tools.WeavingAdaptor  - 16:58:02.210 main &gt; org.aspectj.weaver.tools.WeavingAdaptor.weaveClass org.aspectj.weaver.loadtime.ClassLoaderWeavingAdaptor@10b090ac org/hsqldb/lib/FileUtil, byte[3492]
2690 [main] DEBUG org.aspectj.weaver.tools.WeavingAdaptor  - 16:58:02.210 main &lt; org.aspectj.weaver.tools.WeavingAdaptor.weaveClass false
2690 [main] DEBUG org.aspectj.weaver.loadtime.Aj  - 16:58:02.210 main &lt; org.aspectj.weaver.loadtime.Aj.preProcess byte[3492]
2691 [main] DEBUG org.aspectj.weaver.loadtime.Aj  - 16:58:02.211 main &gt; org.aspectj.weaver.loadtime.Aj.preProcess org.aspectj.weaver.loadtime.Aj@58027738 org/hsqldb/lib/FileAccess$FileSync, byte[228], org.springframework.test.jpa.OrmXmlOverridingShadowingClassLoader@2bbf1be2
2691 [main] DEBUG org.aspectj.weaver.loadtime.Aj  - 16:58:02.211 main - org.aspectj.weaver.loadtime.Aj.preProcess org.aspectj.weaver.loadtime.Aj@58027738 sun.misc.Launcher$AppClassLoader@302b2c81, org.springframework.test.jpa.OrmXmlOverridingShadowingClassLoader@2bbf1be2
2691 [main] DEBUG org.aspectj.weaver.tools.WeavingAdaptor  - 16:58:02.211 main &gt; org.aspectj.weaver.tools.WeavingAdaptor.weaveClass org.aspectj.weaver.loadtime.ClassLoaderWeavingAdaptor@10b090ac org/hsqldb/lib/FileAccess$FileSync, byte[228]
2691 [main] DEBUG org.aspectj.weaver.tools.WeavingAdaptor  - 16:58:02.211 main &lt; org.aspectj.weaver.tools.WeavingAdaptor.weaveClass false
2691 [main] DEBUG org.aspectj.weaver.loadtime.Aj  - 16:58:02.211 main &lt; org.aspectj.weaver.loadtime.Aj.preProcess byte[228]
2692 [main] DEBUG org.aspectj.weaver.loadtime.Aj  - 16:58:02.212 main &gt; org.aspectj.weaver.loadtime.Aj.preProcess org.aspectj.weaver.loadtime.Aj@58027738 org/hsqldb/persist/Logger, byte[4245], org.springframework.test.jpa.OrmXmlOverridingShadowingClassLoader@2bbf1be2
2692 [main] DEBUG org.aspectj.weaver.loadtime.Aj  - 16:58:02.212 main - org.aspectj.weaver.loadtime.Aj.preProcess org.aspectj.weaver.loadtime.Aj@58027738 sun.misc.Launcher$AppClassLoader@302b2c81, org.springframework.test.jpa.OrmXmlOverridingShadowingClassLoader@2bbf1be2
2692 [main] DEBUG org.aspectj.weaver.tools.WeavingAdaptor  - 16:58:02.212 main &gt; org.aspectj.weaver.tools.WeavingAdaptor.weaveClass org.aspectj.weaver.loadtime.ClassLoaderWeavingAdaptor@10b090ac org/hsqldb/persist/Logger, byte[4245]
2692 [main] DEBUG org.aspectj.weaver.tools.WeavingAdaptor  - 16:58:02.212 main &lt; org.aspectj.weaver.tools.WeavingAdaptor.weaveClass false
2692 [main] DEBUG org.aspectj.weaver.loadtime.Aj  - 16:58:02.212 main &lt; org.aspectj.weaver.loadtime.Aj.preProcess byte[4245]
2693 [main] DEBUG org.aspectj.weaver.loadtime.Aj  - 16:58:02.213 main &gt; org.aspectj.weaver.loadtime.Aj.preProcess org.aspectj.weaver.loadtime.Aj@58027738 org/hsqldb/lib/SimpleLog, byte[2111], org.springframework.test.jpa.OrmXmlOverridingShadowingClassLoader@2bbf1be2
2693 [main] DEBUG org.aspectj.weaver.loadtime.Aj  - 16:58:02.213 main - org.aspectj.weaver.loadtime.Aj.preProcess org.aspectj.weaver.loadtime.Aj@58027738 sun.misc.Launcher$AppClassLoader@302b2c81, org.springframework.test.jpa.OrmXmlOverridingShadowingClassLoader@2bbf1be2
2694 [main] DEBUG org.aspectj.weaver.tools.WeavingAdaptor  - 16:58:02.214 main &gt; org.aspectj.weaver.tools.WeavingAdaptor.weaveClass org.aspectj.weaver.loadtime.ClassLoaderWeavingAdaptor@10b090ac org/hsqldb/lib/SimpleLog, byte[2111]
2694 [main] DEBUG org.aspectj.weaver.tools.WeavingAdaptor  - 16:58:02.214 main &lt; org.aspectj.weaver.tools.WeavingAdaptor.weaveClass false
2694 [main] DEBUG org.aspectj.weaver.loadtime.Aj  - 16:58:02.214 main &lt; org.aspectj.weaver.loadtime.Aj.preProcess byte[2111]
2695 [main] DEBUG org.aspectj.weaver.loadtime.Aj  - 16:58:02.215 main &gt; org.aspectj.weaver.loadtime.Aj.preProcess org.aspectj.weaver.loadtime.Aj@58027738 org/hsqldb/CompiledStatementManager, byte[3835], org.springframework.test.jpa.OrmXmlOverridingShadowingClassLoader@2bbf1be2
2695 [main] DEBUG org.aspectj.weaver.loadtime.Aj  - 16:58:02.215 main - org.aspectj.weaver.loadtime.Aj.preProcess org.aspectj.weaver.loadtime.Aj@58027738 sun.misc.Launcher$AppClassLoader@302b2c81, org.springframework.test.jpa.OrmXmlOverridingShadowingClassLoader@2bbf1be2
2695 [main] DEBUG org.aspectj.weaver.tools.WeavingAdaptor  - 16:58:02.215 main &gt; org.aspectj.weaver.tools.WeavingAdaptor.weaveClass org.aspectj.weaver.loadtime.ClassLoaderWeavingAdaptor@10b090ac org/hsqldb/CompiledStatementManager, byte[3835]
2695 [main] DEBUG org.aspectj.weaver.tools.WeavingAdaptor  - 16:58:02.215 main &lt; org.aspectj.weaver.tools.WeavingAdaptor.weaveClass false
2695 [main] DEBUG org.aspectj.weaver.loadtime.Aj  - 16:58:02.215 main &lt; org.aspectj.weaver.loadtime.Aj.preProcess byte[3835]
2696 [main] DEBUG org.aspectj.weaver.loadtime.Aj  - 16:58:02.216 main &gt; org.aspectj.weaver.loadtime.Aj.preProcess org.aspectj.weaver.loadtime.Aj@58027738 org/hsqldb/lib/IntKeyIntValueHashMap, byte[1370], org.springframework.test.jpa.OrmXmlOverridingShadowingClassLoader@2bbf1be2
2696 [main] DEBUG org.aspectj.weaver.loadtime.Aj  - 16:58:02.216 main - org.aspectj.weaver.loadtime.Aj.preProcess org.aspectj.weaver.loadtime.Aj@58027738 sun.misc.Launcher$AppClassLoader@302b2c81, org.springframework.test.jpa.OrmXmlOverridingShadowingClassLoader@2bbf1be2
2696 [main] DEBUG org.aspectj.weaver.tools.WeavingAdaptor  - 16:58:02.216 main &gt; org.aspectj.weaver.tools.WeavingAdaptor.weaveClass org.aspectj.weaver.loadtime.ClassLoaderWeavingAdaptor@10b090ac org/hsqldb/lib/IntKeyIntValueHashMap, byte[1370]
2696 [main] DEBUG org.aspectj.weaver.tools.WeavingAdaptor  - 16:58:02.216 main &lt; org.aspectj.weaver.tools.WeavingAdaptor.weaveClass false
2696 [main] DEBUG org.aspectj.weaver.loadtime.Aj  - 16:58:02.216 main &lt; org.aspectj.weaver.loadtime.Aj.preProcess byte[1370]
2697 [main] DEBUG org.aspectj.weaver.loadtime.Aj  - 16:58:02.217 main &gt; org.aspectj.weaver.loadtime.Aj.preProcess org.aspectj.weaver.loadtime.Aj@58027738 org/hsqldb/persist/HsqlDatabaseProperties, byte[9609], org.springframework.test.jpa.OrmXmlOverridingShadowingClassLoader@2bbf1be2
2697 [main] DEBUG org.aspectj.weaver.loadtime.Aj  - 16:58:02.217 main - org.aspectj.weaver.loadtime.Aj.preProcess org.aspectj.weaver.loadtime.Aj@58027738 sun.misc.Launcher$AppClassLoader@302b2c81, org.springframework.test.jpa.OrmXmlOverridingShadowingClassLoader@2bbf1be2
2697 [main] DEBUG org.aspectj.weaver.tools.WeavingAdaptor  - 16:58:02.217 main &gt; org.aspectj.weaver.tools.WeavingAdaptor.weaveClass org.aspectj.weaver.loadtime.ClassLoaderWeavingAdaptor@10b090ac org/hsqldb/persist/HsqlDatabaseProperties, byte[9609]
2697 [main] DEBUG org.aspectj.weaver.tools.WeavingAdaptor  - 16:58:02.217 main &lt; org.aspectj.weaver.tools.WeavingAdaptor.weaveClass false
2697 [main] DEBUG org.aspectj.weaver.loadtime.Aj  - 16:58:02.217 main &lt; org.aspectj.weaver.loadtime.Aj.preProcess byte[9609]
2698 [main] DEBUG org.aspectj.weaver.loadtime.Aj  - 16:58:02.218 main &gt; org.aspectj.weaver.loadtime.Aj.preProcess org.aspectj.weaver.loadtime.Aj@58027738 org/hsqldb/store/ValuePool, byte[3003], org.springframework.test.jpa.OrmXmlOverridingShadowingClassLoader@2bbf1be2
2698 [main] DEBUG org.aspectj.weaver.loadtime.Aj  - 16:58:02.218 main - org.aspectj.weaver.loadtime.Aj.preProcess org.aspectj.weaver.loadtime.Aj@58027738 sun.misc.Launcher$AppClassLoader@302b2c81, org.springframework.test.jpa.OrmXmlOverridingShadowingClassLoader@2bbf1be2
2698 [main] DEBUG org.aspectj.weaver.tools.WeavingAdaptor  - 16:58:02.218 main &gt; org.aspectj.weaver.tools.WeavingAdaptor.weaveClass org.aspectj.weaver.loadtime.ClassLoaderWeavingAdaptor@10b090ac org/hsqldb/store/ValuePool, byte[3003]
2698 [main] DEBUG org.aspectj.weaver.tools.WeavingAdaptor  - 16:58:02.218 main &lt; org.aspectj.weaver.tools.WeavingAdaptor.weaveClass false
2698 [main] DEBUG org.aspectj.weaver.loadtime.Aj  - 16:58:02.218 main &lt; org.aspectj.weaver.loadtime.Aj.preProcess byte[3003]
2699 [main] DEBUG org.aspectj.weaver.loadtime.Aj  - 16:58:02.219 main &gt; org.aspectj.weaver.loadtime.Aj.preProcess org.aspectj.weaver.loadtime.Aj@58027738 org/hsqldb/store/ValuePoolHashMap, byte[3010], org.springframework.test.jpa.OrmXmlOverridingShadowingClassLoader@2bbf1be2
2699 [main] DEBUG org.aspectj.weaver.loadtime.Aj  - 16:58:02.219 main - org.aspectj.weaver.loadtime.Aj.preProcess org.aspectj.weaver.loadtime.Aj@58027738 sun.misc.Launcher$AppClassLoader@302b2c81, org.springframework.test.jpa.OrmXmlOverridingShadowingClassLoader@2bbf1be2
2699 [main] DEBUG org.aspectj.weaver.tools.WeavingAdaptor  - 16:58:02.219 main &gt; org.aspectj.weaver.tools.WeavingAdaptor.weaveClass org.aspectj.weaver.loadtime.ClassLoaderWeavingAdaptor@10b090ac org/hsqldb/store/ValuePoolHashMap, byte[3010]
2699 [main] DEBUG org.aspectj.weaver.tools.WeavingAdaptor  - 16:58:02.219 main &lt; org.aspectj.weaver.tools.WeavingAdaptor.weaveClass false
2699 [main] DEBUG org.aspectj.weaver.loadtime.Aj  - 16:58:02.219 main &lt; org.aspectj.weaver.loadtime.Aj.preProcess byte[3010]
2701 [main] DEBUG org.aspectj.weaver.loadtime.Aj  - 16:58:02.221 main &gt; org.aspectj.weaver.loadtime.Aj.preProcess org.aspectj.weaver.loadtime.Aj@58027738 org/hsqldb/HsqlNameManager, byte[1996], org.springframework.test.jpa.OrmXmlOverridingShadowingClassLoader@2bbf1be2
2701 [main] DEBUG org.aspectj.weaver.loadtime.Aj  - 16:58:02.221 main - org.aspectj.weaver.loadtime.Aj.preProcess org.aspectj.weaver.loadtime.Aj@58027738 sun.misc.Launcher$AppClassLoader@302b2c81, org.springframework.test.jpa.OrmXmlOverridingShadowingClassLoader@2bbf1be2
2701 [main] DEBUG org.aspectj.weaver.tools.WeavingAdaptor  - 16:58:02.221 main &gt; org.aspectj.weaver.tools.WeavingAdaptor.weaveClass org.aspectj.weaver.loadtime.ClassLoaderWeavingAdaptor@10b090ac org/hsqldb/HsqlNameManager, byte[1996]
2701 [main] DEBUG org.aspectj.weaver.tools.WeavingAdaptor  - 16:58:02.221 main &lt; org.aspectj.weaver.tools.WeavingAdaptor.weaveClass false
2701 [main] DEBUG org.aspectj.weaver.loadtime.Aj  - 16:58:02.221 main &lt; org.aspectj.weaver.loadtime.Aj.preProcess byte[1996]
2701 [main] DEBUG org.aspectj.weaver.loadtime.Aj  - 16:58:02.221 main &gt; org.aspectj.weaver.loadtime.Aj.preProcess org.aspectj.weaver.loadtime.Aj@58027738 org/hsqldb/GranteeManager, byte[5775], org.springframework.test.jpa.OrmXmlOverridingShadowingClassLoader@2bbf1be2
2701 [main] DEBUG org.aspectj.weaver.loadtime.Aj  - 16:58:02.221 main - org.aspectj.weaver.loadtime.Aj.preProcess org.aspectj.weaver.loadtime.Aj@58027738 sun.misc.Launcher$AppClassLoader@302b2c81, org.springframework.test.jpa.OrmXmlOverridingShadowingClassLoader@2bbf1be2
2701 [main] DEBUG org.aspectj.weaver.tools.WeavingAdaptor  - 16:58:02.221 main &gt; org.aspectj.weaver.tools.WeavingAdaptor.weaveClass org.aspectj.weaver.loadtime.ClassLoaderWeavingAdaptor@10b090ac org/hsqldb/GranteeManager, byte[5775]
2701 [main] DEBUG org.aspectj.weaver.tools.WeavingAdaptor  - 16:58:02.221 main &lt; org.aspectj.weaver.tools.WeavingAdaptor.weaveClass false
2702 [main] DEBUG org.aspectj.weaver.loadtime.Aj  - 16:58:02.222 main &lt; org.aspectj.weaver.loadtime.Aj.preProcess byte[5775]
2702 [main] DEBUG org.aspectj.weaver.loadtime.Aj  - 16:58:02.222 main &gt; org.aspectj.weaver.loadtime.Aj.preProcess org.aspectj.weaver.loadtime.Aj@58027738 org/hsqldb/GrantConstants, byte[735], org.springframework.test.jpa.OrmXmlOverridingShadowingClassLoader@2bbf1be2
2702 [main] DEBUG org.aspectj.weaver.loadtime.Aj  - 16:58:02.222 main - org.aspectj.weaver.loadtime.Aj.preProcess org.aspectj.weaver.loadtime.Aj@58027738 sun.misc.Launcher$AppClassLoader@302b2c81, org.springframework.test.jpa.OrmXmlOverridingShadowingClassLoader@2bbf1be2
2702 [main] DEBUG org.aspectj.weaver.tools.WeavingAdaptor  - 16:58:02.222 main &gt; org.aspectj.weaver.tools.WeavingAdaptor.weaveClass org.aspectj.weaver.loadtime.ClassLoaderWeavingAdaptor@10b090ac org/hsqldb/GrantConstants, byte[735]
2702 [main] DEBUG org.aspectj.weaver.tools.WeavingAdaptor  - 16:58:02.222 main &lt; org.aspectj.weaver.tools.WeavingAdaptor.weaveClass false
2702 [main] DEBUG org.aspectj.weaver.loadtime.Aj  - 16:58:02.222 main &lt; org.aspectj.weaver.loadtime.Aj.preProcess byte[735]
2703 [main] DEBUG org.aspectj.weaver.loadtime.Aj  - 16:58:02.223 main &gt; org.aspectj.weaver.loadtime.Aj.preProcess org.aspectj.weaver.loadtime.Aj@58027738 org/hsqldb/lib/IntValueHashMap, byte[2042], org.springframework.test.jpa.OrmXmlOverridingShadowingClassLoader@2bbf1be2
2703 [main] DEBUG org.aspectj.weaver.loadtime.Aj  - 16:58:02.223 main - org.aspectj.weaver.loadtime.Aj.preProcess org.aspectj.weaver.loadtime.Aj@58027738 sun.misc.Launcher$AppClassLoader@302b2c81, org.springframework.test.jpa.OrmXmlOverridingShadowingClassLoader@2bbf1be2
2703 [main] DEBUG org.aspectj.weaver.tools.WeavingAdaptor  - 16:58:02.223 main &gt; org.aspectj.weaver.tools.WeavingAdaptor.weaveClass org.aspectj.weaver.loadtime.ClassLoaderWeavingAdaptor@10b090ac org/hsqldb/lib/IntValueHashMap, byte[2042]
2703 [main] DEBUG org.aspectj.weaver.tools.WeavingAdaptor  - 16:58:02.223 main &lt; org.aspectj.weaver.tools.WeavingAdaptor.weaveClass false
2703 [main] DEBUG org.aspectj.weaver.loadtime.Aj  - 16:58:02.223 main &lt; org.aspectj.weaver.loadtime.Aj.preProcess byte[2042]
2703 [main] DEBUG org.aspectj.weaver.loadtime.Aj  - 16:58:02.223 main &gt; org.aspectj.weaver.loadtime.Aj.preProcess org.aspectj.weaver.loadtime.Aj@58027738 org/hsqldb/lib/HashMappedList, byte[1954], org.springframework.test.jpa.OrmXmlOverridingShadowingClassLoader@2bbf1be2
2703 [main] DEBUG org.aspectj.weaver.loadtime.Aj  - 16:58:02.223 main - org.aspectj.weaver.loadtime.Aj.preProcess org.aspectj.weaver.loadtime.Aj@58027738 sun.misc.Launcher$AppClassLoader@302b2c81, org.springframework.test.jpa.OrmXmlOverridingShadowingClassLoader@2bbf1be2
2704 [main] DEBUG org.aspectj.weaver.tools.WeavingAdaptor  - 16:58:02.224 main &gt; org.aspectj.weaver.tools.WeavingAdaptor.weaveClass org.aspectj.weaver.loadtime.ClassLoaderWeavingAdaptor@10b090ac org/hsqldb/lib/HashMappedList, byte[1954]
2704 [main] DEBUG org.aspectj.weaver.tools.WeavingAdaptor  - 16:58:02.224 main &lt; org.aspectj.weaver.tools.WeavingAdaptor.weaveClass false
2704 [main] DEBUG org.aspectj.weaver.loadtime.Aj  - 16:58:02.224 main &lt; org.aspectj.weaver.loadtime.Aj.preProcess byte[1954]
2704 [main] DEBUG org.aspectj.weaver.loadtime.Aj  - 16:58:02.224 main &gt; org.aspectj.weaver.loadtime.Aj.preProcess org.aspectj.weaver.loadtime.Aj@58027738 org/hsqldb/Grantee, byte[5234], org.springframework.test.jpa.OrmXmlOverridingShadowingClassLoader@2bbf1be2
2704 [main] DEBUG org.aspectj.weaver.loadtime.Aj  - 16:58:02.224 main - org.aspectj.weaver.loadtime.Aj.preProcess org.aspectj.weaver.loadtime.Aj@58027738 sun.misc.Launcher$AppClassLoader@302b2c81, org.springframework.test.jpa.OrmXmlOverridingShadowingClassLoader@2bbf1be2
2704 [main] DEBUG org.aspectj.weaver.tools.WeavingAdaptor  - 16:58:02.224 main &gt; org.aspectj.weaver.tools.WeavingAdaptor.weaveClass org.aspectj.weaver.loadtime.ClassLoaderWeavingAdaptor@10b090ac org/hsqldb/Grantee, byte[5234]
2704 [main] DEBUG org.aspectj.weaver.tools.WeavingAdaptor  - 16:58:02.224 main &lt; org.aspectj.weaver.tools.WeavingAdaptor.weaveClass false
2704 [main] DEBUG org.aspectj.weaver.loadtime.Aj  - 16:58:02.224 main &lt; org.aspectj.weaver.loadtime.Aj.preProcess byte[5234]
2705 [main] DEBUG org.aspectj.weaver.loadtime.Aj  - 16:58:02.225 main &gt; org.aspectj.weaver.loadtime.Aj.preProcess org.aspectj.weaver.loadtime.Aj@58027738 org/hsqldb/lib/HashSet, byte[2032], org.springframework.test.jpa.OrmXmlOverridingShadowingClassLoader@2bbf1be2
2705 [main] DEBUG org.aspectj.weaver.loadtime.Aj  - 16:58:02.225 main - org.aspectj.weaver.loadtime.Aj.preProcess org.aspectj.weaver.loadtime.Aj@58027738 sun.misc.Launcher$AppClassLoader@302b2c81, org.springframework.test.jpa.OrmXmlOverridingShadowingClassLoader@2bbf1be2
2705 [main] DEBUG org.aspectj.weaver.tools.WeavingAdaptor  - 16:58:02.225 main &gt; org.aspectj.weaver.tools.WeavingAdaptor.weaveClass org.aspectj.weaver.loadtime.ClassLoaderWeavingAdaptor@10b090ac org/hsqldb/lib/HashSet, byte[2032]
2705 [main] DEBUG org.aspectj.weaver.tools.WeavingAdaptor  - 16:58:02.225 main &lt; org.aspectj.weaver.tools.WeavingAdaptor.weaveClass false
2705 [main] DEBUG org.aspectj.weaver.loadtime.Aj  - 16:58:02.225 main &lt; org.aspectj.weaver.loadtime.Aj.preProcess byte[2032]
2706 [main] DEBUG org.aspectj.weaver.loadtime.Aj  - 16:58:02.226 main &gt; org.aspectj.weaver.loadtime.Aj.preProcess org.aspectj.weaver.loadtime.Aj@58027738 org/hsqldb/lib/Iterator, byte[300], org.springframework.test.jpa.OrmXmlOverridingShadowingClassLoader@2bbf1be2
2706 [main] DEBUG org.aspectj.weaver.loadtime.Aj  - 16:58:02.226 main - org.aspectj.weaver.loadtime.Aj.preProcess org.aspectj.weaver.loadtime.Aj@58027738 sun.misc.Launcher$AppClassLoader@302b2c81, org.springframework.test.jpa.OrmXmlOverridingShadowingClassLoader@2bbf1be2
2706 [main] DEBUG org.aspectj.weaver.tools.WeavingAdaptor  - 16:58:02.226 main &gt; org.aspectj.weaver.tools.WeavingAdaptor.weaveClass org.aspectj.weaver.loadtime.ClassLoaderWeavingAdaptor@10b090ac org/hsqldb/lib/Iterator, byte[300]
2706 [main] DEBUG org.aspectj.weaver.tools.WeavingAdaptor  - 16:58:02.226 main &lt; org.aspectj.weaver.tools.WeavingAdaptor.weaveClass false
2706 [main] DEBUG org.aspectj.weaver.loadtime.Aj  - 16:58:02.226 main &lt; org.aspectj.weaver.loadtime.Aj.preProcess byte[300]
2706 [main] DEBUG org.aspectj.weaver.loadtime.Aj  - 16:58:02.226 main &gt; org.aspectj.weaver.loadtime.Aj.preProcess org.aspectj.weaver.loadtime.Aj@58027738 org/hsqldb/lib/HashMap$KeySet, byte[1387], org.springframework.test.jpa.OrmXmlOverridingShadowingClassLoader@2bbf1be2
2706 [main] DEBUG org.aspectj.weaver.loadtime.Aj  - 16:58:02.226 main - org.aspectj.weaver.loadtime.Aj.preProcess org.aspectj.weaver.loadtime.Aj@58027738 sun.misc.Launcher$AppClassLoader@302b2c81, org.springframework.test.jpa.OrmXmlOverridingShadowingClassLoader@2bbf1be2
2706 [main] DEBUG org.aspectj.weaver.tools.WeavingAdaptor  - 16:58:02.226 main &gt; org.aspectj.weaver.tools.WeavingAdaptor.weaveClass org.aspectj.weaver.loadtime.ClassLoaderWeavingAdaptor@10b090ac org/hsqldb/lib/HashMap$KeySet, byte[1387]
2706 [main] DEBUG org.aspectj.weaver.tools.WeavingAdaptor  - 16:58:02.226 main &lt; org.aspectj.weaver.tools.WeavingAdaptor.weaveClass false
2706 [main] DEBUG org.aspectj.weaver.loadtime.Aj  - 16:58:02.226 main &lt; org.aspectj.weaver.loadtime.Aj.preProcess byte[1387]
2707 [main] DEBUG org.aspectj.weaver.loadtime.Aj  - 16:58:02.227 main &gt; org.aspectj.weaver.loadtime.Aj.preProcess org.aspectj.weaver.loadtime.Aj@58027738 org/hsqldb/UserManager, byte[3428], org.springframework.test.jpa.OrmXmlOverridingShadowingClassLoader@2bbf1be2
2707 [main] DEBUG org.aspectj.weaver.loadtime.Aj  - 16:58:02.227 main - org.aspectj.weaver.loadtime.Aj.preProcess org.aspectj.weaver.loadtime.Aj@58027738 sun.misc.Launcher$AppClassLoader@302b2c81, org.springframework.test.jpa.OrmXmlOverridingShadowingClassLoader@2bbf1be2
2707 [main] DEBUG org.aspectj.weaver.tools.WeavingAdaptor  - 16:58:02.227 main &gt; org.aspectj.weaver.tools.WeavingAdaptor.weaveClass org.aspectj.weaver.loadtime.ClassLoaderWeavingAdaptor@10b090ac org/hsqldb/UserManager, byte[3428]
2707 [main] DEBUG org.aspectj.weaver.tools.WeavingAdaptor  - 16:58:02.227 main &lt; org.aspectj.weaver.tools.WeavingAdaptor.weaveClass false
2707 [main] DEBUG org.aspectj.weaver.loadtime.Aj  - 16:58:02.227 main &lt; org.aspectj.weaver.loadtime.Aj.preProcess byte[3428]
2708 [main] DEBUG org.aspectj.weaver.loadtime.Aj  - 16:58:02.228 main &gt; org.aspectj.weaver.loadtime.Aj.preProcess org.aspectj.weaver.loadtime.Aj@58027738 org/hsqldb/User, byte[3213], org.springframework.test.jpa.OrmXmlOverridingShadowingClassLoader@2bbf1be2
2708 [main] DEBUG org.aspectj.weaver.loadtime.Aj  - 16:58:02.228 main - org.aspectj.weaver.loadtime.Aj.preProcess org.aspectj.weaver.loadtime.Aj@58027738 sun.misc.Launcher$AppClassLoader@302b2c81, org.springframework.test.jpa.OrmXmlOverridingShadowingClassLoader@2bbf1be2
2708 [main] DEBUG org.aspectj.weaver.tools.WeavingAdaptor  - 16:58:02.228 main &gt; org.aspectj.weaver.tools.WeavingAdaptor.weaveClass org.aspectj.weaver.loadtime.ClassLoaderWeavingAdaptor@10b090ac org/hsqldb/User, byte[3213]
2708 [main] DEBUG org.aspectj.weaver.tools.WeavingAdaptor  - 16:58:02.228 main &lt; org.aspectj.weaver.tools.WeavingAdaptor.weaveClass false
2708 [main] DEBUG org.aspectj.weaver.loadtime.Aj  - 16:58:02.228 main &lt; org.aspectj.weaver.loadtime.Aj.preProcess byte[3213]
2709 [main] DEBUG org.aspectj.weaver.loadtime.Aj  - 16:58:02.229 main &gt; org.aspectj.weaver.loadtime.Aj.preProcess org.aspectj.weaver.loadtime.Aj@58027738 org/hsqldb/Library, byte[20011], org.springframework.test.jpa.OrmXmlOverridingShadowingClassLoader@2bbf1be2
2709 [main] DEBUG org.aspectj.weaver.loadtime.Aj  - 16:58:02.229 main - org.aspectj.weaver.loadtime.Aj.preProcess org.aspectj.weaver.loadtime.Aj@58027738 sun.misc.Launcher$AppClassLoader@302b2c81, org.springframework.test.jpa.OrmXmlOverridingShadowingClassLoader@2bbf1be2
2709 [main] DEBUG org.aspectj.weaver.tools.WeavingAdaptor  - 16:58:02.229 main &gt; org.aspectj.weaver.tools.WeavingAdaptor.weaveClass org.aspectj.weaver.loadtime.ClassLoaderWeavingAdaptor@10b090ac org/hsqldb/Library, byte[20011]
2709 [main] DEBUG org.aspectj.weaver.tools.WeavingAdaptor  - 16:58:02.229 main &lt; org.aspectj.weaver.tools.WeavingAdaptor.weaveClass false
2709 [main] DEBUG org.aspectj.weaver.loadtime.Aj  - 16:58:02.229 main &lt; org.aspectj.weaver.loadtime.Aj.preProcess byte[20011]
2713 [main] DEBUG org.aspectj.weaver.loadtime.Aj  - 16:58:02.233 main &gt; org.aspectj.weaver.loadtime.Aj.preProcess org.aspectj.weaver.loadtime.Aj@58027738 org/hsqldb/SchemaManager, byte[13424], org.springframework.test.jpa.OrmXmlOverridingShadowingClassLoader@2bbf1be2
2713 [main] DEBUG org.aspectj.weaver.loadtime.Aj  - 16:58:02.233 main - org.aspectj.weaver.loadtime.Aj.preProcess org.aspectj.weaver.loadtime.Aj@58027738 sun.misc.Launcher$AppClassLoader@302b2c81, org.springframework.test.jpa.OrmXmlOverridingShadowingClassLoader@2bbf1be2
2713 [main] DEBUG org.aspectj.weaver.tools.WeavingAdaptor  - 16:58:02.233 main &gt; org.aspectj.weaver.tools.WeavingAdaptor.weaveClass org.aspectj.weaver.loadtime.ClassLoaderWeavingAdaptor@10b090ac org/hsqldb/SchemaManager, byte[13424]
2713 [main] DEBUG org.aspectj.weaver.tools.WeavingAdaptor  - 16:58:02.233 main &lt; org.aspectj.weaver.tools.WeavingAdaptor.weaveClass false
2713 [main] DEBUG org.aspectj.weaver.loadtime.Aj  - 16:58:02.233 main &lt; org.aspectj.weaver.loadtime.Aj.preProcess byte[13424]
2714 [main] DEBUG org.aspectj.weaver.loadtime.Aj  - 16:58:02.234 main &gt; org.aspectj.weaver.loadtime.Aj.preProcess org.aspectj.weaver.loadtime.Aj@58027738 org/hsqldb/Table, byte[33434], org.springframework.test.jpa.OrmXmlOverridingShadowingClassLoader@2bbf1be2
2714 [main] DEBUG org.aspectj.weaver.loadtime.Aj  - 16:58:02.234 main - org.aspectj.weaver.loadtime.Aj.preProcess org.aspectj.weaver.loadtime.Aj@58027738 sun.misc.Launcher$AppClassLoader@302b2c81, org.springframework.test.jpa.OrmXmlOverridingShadowingClassLoader@2bbf1be2
2714 [main] DEBUG org.aspectj.weaver.tools.WeavingAdaptor  - 16:58:02.234 main &gt; org.aspectj.weaver.tools.WeavingAdaptor.weaveClass org.aspectj.weaver.loadtime.ClassLoaderWeavingAdaptor@10b090ac org/hsqldb/Table, byte[33434]
2714 [main] DEBUG org.aspectj.weaver.tools.WeavingAdaptor  - 16:58:02.234 main &lt; org.aspectj.weaver.tools.WeavingAdaptor.weaveClass false
2715 [main] DEBUG org.aspectj.weaver.loadtime.Aj  - 16:58:02.235 main &lt; org.aspectj.weaver.loadtime.Aj.preProcess byte[33434]
2715 [main] DEBUG org.aspectj.weaver.loadtime.Aj  - 16:58:02.235 main &gt; org.aspectj.weaver.loadtime.Aj.preProcess org.aspectj.weaver.loadtime.Aj@58027738 org/hsqldb/BaseTable, byte[394], org.springframework.test.jpa.OrmXmlOverridingShadowingClassLoader@2bbf1be2
2716 [main] DEBUG org.aspectj.weaver.loadtime.Aj  - 16:58:02.236 main - org.aspectj.weaver.loadtime.Aj.preProcess org.aspectj.weaver.loadtime.Aj@58027738 sun.misc.Launcher$AppClassLoader@302b2c81, org.springframework.test.jpa.OrmXmlOverridingShadowingClassLoader@2bbf1be2
2716 [main] DEBUG org.aspectj.weaver.tools.WeavingAdaptor  - 16:58:02.236 main &gt; org.aspectj.weaver.tools.WeavingAdaptor.weaveClass org.aspectj.weaver.loadtime.ClassLoaderWeavingAdaptor@10b090ac org/hsqldb/BaseTable, byte[394]
2716 [main] DEBUG org.aspectj.weaver.tools.WeavingAdaptor  - 16:58:02.236 main &lt; org.aspectj.weaver.tools.WeavingAdaptor.weaveClass false
2716 [main] DEBUG org.aspectj.weaver.loadtime.Aj  - 16:58:02.236 main &lt; org.aspectj.weaver.loadtime.Aj.preProcess byte[394]
2716 [main] DEBUG org.aspectj.weaver.loadtime.Aj  - 16:58:02.236 main &gt; org.aspectj.weaver.loadtime.Aj.preProcess org.aspectj.weaver.loadtime.Aj@58027738 org/hsqldb/View, byte[4425], org.springframework.test.jpa.OrmXmlOverridingShadowingClassLoader@2bbf1be2
2716 [main] DEBUG org.aspectj.weaver.loadtime.Aj  - 16:58:02.236 main - org.aspectj.weaver.loadtime.Aj.preProcess org.aspectj.weaver.loadtime.Aj@58027738 sun.misc.Launcher$AppClassLoader@302b2c81, org.springframework.test.jpa.OrmXmlOverridingShadowingClassLoader@2bbf1be2
2716 [main] DEBUG org.aspectj.weaver.tools.WeavingAdaptor  - 16:58:02.236 main &gt; org.aspectj.weaver.tools.WeavingAdaptor.weaveClass org.aspectj.weaver.loadtime.ClassLoaderWeavingAdaptor@10b090ac org/hsqldb/View, byte[4425]
2716 [main] DEBUG org.aspectj.weaver.tools.WeavingAdaptor  - 16:58:02.236 main &lt; org.aspectj.weaver.tools.WeavingAdaptor.weaveClass false
2716 [main] DEBUG org.aspectj.weaver.loadtime.Aj  - 16:58:02.236 main &lt; org.aspectj.weaver.loadtime.Aj.preProcess byte[4425]
2717 [main] DEBUG org.aspectj.weaver.loadtime.Aj  - 16:58:02.237 main &gt; org.aspectj.weaver.loadtime.Aj.preProcess org.aspectj.weaver.loadtime.Aj@58027738 org/hsqldb/HsqlNameManager$HsqlName, byte[3289], org.springframework.test.jpa.OrmXmlOverridingShadowingClassLoader@2bbf1be2
2717 [main] DEBUG org.aspectj.weaver.loadtime.Aj  - 16:58:02.237 main - org.aspectj.weaver.loadtime.Aj.preProcess org.aspectj.weaver.loadtime.Aj@58027738 sun.misc.Launcher$AppClassLoader@302b2c81, org.springframework.test.jpa.OrmXmlOverridingShadowingClassLoader@2bbf1be2
2717 [main] DEBUG org.aspectj.weaver.tools.WeavingAdaptor  - 16:58:02.237 main &gt; org.aspectj.weaver.tools.WeavingAdaptor.weaveClass org.aspectj.weaver.loadtime.ClassLoaderWeavingAdaptor@10b090ac org/hsqldb/HsqlNameManager$HsqlName, byte[3289]
2717 [main] DEBUG org.aspectj.weaver.tools.WeavingAdaptor  - 16:58:02.237 main &lt; org.aspectj.weaver.tools.WeavingAdaptor.weaveClass false
2717 [main] DEBUG org.aspectj.weaver.loadtime.Aj  - 16:58:02.237 main &lt; org.aspectj.weaver.loadtime.Aj.preProcess byte[3289]
2718 [main] DEBUG org.aspectj.weaver.loadtime.Aj  - 16:58:02.238 main &gt; org.aspectj.weaver.loadtime.Aj.preProcess org.aspectj.weaver.loadtime.Aj@58027738 org/hsqldb/SchemaManager$Schema, byte[1755], org.springframework.test.jpa.OrmXmlOverridingShadowingClassLoader@2bbf1be2
2718 [main] DEBUG org.aspectj.weaver.loadtime.Aj  - 16:58:02.238 main - org.aspectj.weaver.loadtime.Aj.preProcess org.aspectj.weaver.loadtime.Aj@58027738 sun.misc.Launcher$AppClassLoader@302b2c81, org.springframework.test.jpa.OrmXmlOverridingShadowingClassLoader@2bbf1be2
2718 [main] DEBUG org.aspectj.weaver.tools.WeavingAdaptor  - 16:58:02.238 main &gt; org.aspectj.weaver.tools.WeavingAdaptor.weaveClass org.aspectj.weaver.loadtime.ClassLoaderWeavingAdaptor@10b090ac org/hsqldb/SchemaManager$Schema, byte[1755]
2718 [main] DEBUG org.aspectj.weaver.tools.WeavingAdaptor  - 16:58:02.238 main &lt; org.aspectj.weaver.tools.WeavingAdaptor.weaveClass false
2718 [main] DEBUG org.aspectj.weaver.loadtime.Aj  - 16:58:02.238 main &lt; org.aspectj.weaver.loadtime.Aj.preProcess byte[1755]
2719 [main] DEBUG org.aspectj.weaver.loadtime.Aj  - 16:58:02.239 main &gt; org.aspectj.weaver.loadtime.Aj.preProcess org.aspectj.weaver.loadtime.Aj@58027738 org/hsqldb/DatabaseObjectNames, byte[1687], org.springframework.test.jpa.OrmXmlOverridingShadowingClassLoader@2bbf1be2
2719 [main] DEBUG org.aspectj.weaver.loadtime.Aj  - 16:58:02.239 main - org.aspectj.weaver.loadtime.Aj.preProcess org.aspectj.weaver.loadtime.Aj@58027738 sun.misc.Launcher$AppClassLoader@302b2c81, org.springframework.test.jpa.OrmXmlOverridingShadowingClassLoader@2bbf1be2
2719 [main] DEBUG org.aspectj.weaver.tools.WeavingAdaptor  - 16:58:02.239 main &gt; org.aspectj.weaver.tools.WeavingAdaptor.weaveClass org.aspectj.weaver.loadtime.ClassLoaderWeavingAdaptor@10b090ac org/hsqldb/DatabaseObjectNames, byte[1687]
2719 [main] DEBUG org.aspectj.weaver.tools.WeavingAdaptor  - 16:58:02.239 main &lt; org.aspectj.weaver.tools.WeavingAdaptor.weaveClass false
2719 [main] DEBUG org.aspectj.weaver.loadtime.Aj  - 16:58:02.239 main &lt; org.aspectj.weaver.loadtime.Aj.preProcess byte[1687]
2719 [main] DEBUG org.aspectj.weaver.loadtime.Aj  - 16:58:02.239 main &gt; org.aspectj.weaver.loadtime.Aj.preProcess org.aspectj.weaver.loadtime.Aj@58027738 org/hsqldb/SequenceManager, byte[1612], org.springframework.test.jpa.OrmXmlOverridingShadowingClassLoader@2bbf1be2
2719 [main] DEBUG org.aspectj.weaver.loadtime.Aj  - 16:58:02.239 main - org.aspectj.weaver.loadtime.Aj.preProcess org.aspectj.weaver.loadtime.Aj@58027738 sun.misc.Launcher$AppClassLoader@302b2c81, org.springframework.test.jpa.OrmXmlOverridingShadowingClassLoader@2bbf1be2
2720 [main] DEBUG org.aspectj.weaver.tools.WeavingAdaptor  - 16:58:02.239 main &gt; org.aspectj.weaver.tools.WeavingAdaptor.weaveClass org.aspectj.weaver.loadtime.ClassLoaderWeavingAdaptor@10b090ac org/hsqldb/SequenceManager, byte[1612]
2720 [main] DEBUG org.aspectj.weaver.tools.WeavingAdaptor  - 16:58:02.240 main &lt; org.aspectj.weaver.tools.WeavingAdaptor.weaveClass false
2720 [main] DEBUG org.aspectj.weaver.loadtime.Aj  - 16:58:02.240 main &lt; org.aspectj.weaver.loadtime.Aj.preProcess byte[1612]
2720 [main] DEBUG org.aspectj.weaver.loadtime.Aj  - 16:58:02.240 main &gt; org.aspectj.weaver.loadtime.Aj.preProcess org.aspectj.weaver.loadtime.Aj@58027738 org/hsqldb/SessionManager, byte[3330], org.springframework.test.jpa.OrmXmlOverridingShadowingClassLoader@2bbf1be2
2720 [main] DEBUG org.aspectj.weaver.loadtime.Aj  - 16:58:02.240 main - org.aspectj.weaver.loadtime.Aj.preProcess org.aspectj.weaver.loadtime.Aj@58027738 sun.misc.Launcher$AppClassLoader@302b2c81, org.springframework.test.jpa.OrmXmlOverridingShadowingClassLoader@2bbf1be2
2720 [main] DEBUG org.aspectj.weaver.tools.WeavingAdaptor  - 16:58:02.240 main &gt; org.aspectj.weaver.tools.WeavingAdaptor.weaveClass org.aspectj.weaver.loadtime.ClassLoaderWeavingAdaptor@10b090ac org/hsqldb/SessionManager, byte[3330]
2720 [main] DEBUG org.aspectj.weaver.tools.WeavingAdaptor  - 16:58:02.240 main &lt; org.aspectj.weaver.tools.WeavingAdaptor.weaveClass false
2720 [main] DEBUG org.aspectj.weaver.loadtime.Aj  - 16:58:02.240 main &lt; org.aspectj.weaver.loadtime.Aj.preProcess byte[3330]
2721 [main] DEBUG org.aspectj.weaver.loadtime.Aj  - 16:58:02.241 main &gt; org.aspectj.weaver.loadtime.Aj.preProcess org.aspectj.weaver.loadtime.Aj@58027738 org/hsqldb/Session, byte[16113], org.springframework.test.jpa.OrmXmlOverridingShadowingClassLoader@2bbf1be2
2721 [main] DEBUG org.aspectj.weaver.loadtime.Aj  - 16:58:02.241 main - org.aspectj.weaver.loadtime.Aj.preProcess org.aspectj.weaver.loadtime.Aj@58027738 sun.misc.Launcher$AppClassLoader@302b2c81, org.springframework.test.jpa.OrmXmlOverridingShadowingClassLoader@2bbf1be2
2721 [main] DEBUG org.aspectj.weaver.tools.WeavingAdaptor  - 16:58:02.241 main &gt; org.aspectj.weaver.tools.WeavingAdaptor.weaveClass org.aspectj.weaver.loadtime.ClassLoaderWeavingAdaptor@10b090ac org/hsqldb/Session, byte[16113]
2721 [main] DEBUG org.aspectj.weaver.tools.WeavingAdaptor  - 16:58:02.241 main &lt; org.aspectj.weaver.tools.WeavingAdaptor.weaveClass false
2721 [main] DEBUG org.aspectj.weaver.loadtime.Aj  - 16:58:02.241 main &lt; org.aspectj.weaver.loadtime.Aj.preProcess byte[16113]
2723 [main] DEBUG org.aspectj.weaver.loadtime.Aj  - 16:58:02.243 main &gt; org.aspectj.weaver.loadtime.Aj.preProcess org.aspectj.weaver.loadtime.Aj@58027738 org/hsqldb/lib/HsqlArrayList, byte[3135], org.springframework.test.jpa.OrmXmlOverridingShadowingClassLoader@2bbf1be2
2724 [main] DEBUG org.aspectj.weaver.loadtime.Aj  - 16:58:02.244 main - org.aspectj.weaver.loadtime.Aj.preProcess org.aspectj.weaver.loadtime.Aj@58027738 sun.misc.Launcher$AppClassLoader@302b2c81, org.springframework.test.jpa.OrmXmlOverridingShadowingClassLoader@2bbf1be2
2724 [main] DEBUG org.aspectj.weaver.tools.WeavingAdaptor  - 16:58:02.244 main &gt; org.aspectj.weaver.tools.WeavingAdaptor.weaveClass org.aspectj.weaver.loadtime.ClassLoaderWeavingAdaptor@10b090ac org/hsqldb/lib/HsqlArrayList, byte[3135]
2724 [main] DEBUG org.aspectj.weaver.tools.WeavingAdaptor  - 16:58:02.244 main &lt; org.aspectj.weaver.tools.WeavingAdaptor.weaveClass false
2724 [main] DEBUG org.aspectj.weaver.loadtime.Aj  - 16:58:02.244 main &lt; org.aspectj.weaver.loadtime.Aj.preProcess byte[3135]
2724 [main] DEBUG org.aspectj.weaver.loadtime.Aj  - 16:58:02.244 main &gt; org.aspectj.weaver.loadtime.Aj.preProcess org.aspectj.weaver.loadtime.Aj@58027738 org/hsqldb/lib/HsqlList, byte[384], org.springframework.test.jpa.OrmXmlOverridingShadowingClassLoader@2bbf1be2
2724 [main] DEBUG org.aspectj.weaver.loadtime.Aj  - 16:58:02.244 main - org.aspectj.weaver.loadtime.Aj.preProcess org.aspectj.weaver.loadtime.Aj@58027738 sun.misc.Launcher$AppClassLoader@302b2c81, org.springframework.test.jpa.OrmXmlOverridingShadowingClassLoader@2bbf1be2
2724 [main] DEBUG org.aspectj.weaver.tools.WeavingAdaptor  - 16:58:02.244 main &gt; org.aspectj.weaver.tools.WeavingAdaptor.weaveClass org.aspectj.weaver.loadtime.ClassLoaderWeavingAdaptor@10b090ac org/hsqldb/lib/HsqlList, byte[384]
2724 [main] DEBUG org.aspectj.weaver.tools.WeavingAdaptor  - 16:58:02.244 main &lt; org.aspectj.weaver.tools.WeavingAdaptor.weaveClass false
2724 [main] DEBUG org.aspectj.weaver.loadtime.Aj  - 16:58:02.244 main &lt; org.aspectj.weaver.loadtime.Aj.preProcess byte[384]
2725 [main] DEBUG org.aspectj.weaver.loadtime.Aj  - 16:58:02.245 main &gt; org.aspectj.weaver.loadtime.Aj.preProcess org.aspectj.weaver.loadtime.Aj@58027738 org/hsqldb/lib/BaseList, byte[1586], org.springframework.test.jpa.OrmXmlOverridingShadowingClassLoader@2bbf1be2
2725 [main] DEBUG org.aspectj.weaver.loadtime.Aj  - 16:58:02.245 main - org.aspectj.weaver.loadtime.Aj.preProcess org.aspectj.weaver.loadtime.Aj@58027738 sun.misc.Launcher$AppClassLoader@302b2c81, org.springframework.test.jpa.OrmXmlOverridingShadowingClassLoader@2bbf1be2
2725 [main] DEBUG org.aspectj.weaver.tools.WeavingAdaptor  - 16:58:02.245 main &gt; org.aspectj.weaver.tools.WeavingAdaptor.weaveClass org.aspectj.weaver.loadtime.ClassLoaderWeavingAdaptor@10b090ac org/hsqldb/lib/BaseList, byte[1586]
2725 [main] DEBUG org.aspectj.weaver.tools.WeavingAdaptor  - 16:58:02.245 main &lt; org.aspectj.weaver.tools.WeavingAdaptor.weaveClass false
2725 [main] DEBUG org.aspectj.weaver.loadtime.Aj  - 16:58:02.245 main &lt; org.aspectj.weaver.loadtime.Aj.preProcess byte[1586]
2726 [main] DEBUG org.aspectj.weaver.loadtime.Aj  - 16:58:02.246 main &gt; org.aspectj.weaver.loadtime.Aj.preProcess org.aspectj.weaver.loadtime.Aj@58027738 org/hsqldb/DatabaseCommandInterpreter, byte[33324], org.springframework.test.jpa.OrmXmlOverridingShadowingClassLoader@2bbf1be2
2726 [main] DEBUG org.aspectj.weaver.loadtime.Aj  - 16:58:02.246 main - org.aspectj.weaver.loadtime.Aj.preProcess org.aspectj.weaver.loadtime.Aj@58027738 sun.misc.Launcher$AppClassLoader@302b2c81, org.springframework.test.jpa.OrmXmlOverridingShadowingClassLoader@2bbf1be2
2726 [main] DEBUG org.aspectj.weaver.tools.WeavingAdaptor  - 16:58:02.246 main &gt; org.aspectj.weaver.tools.WeavingAdaptor.weaveClass org.aspectj.weaver.loadtime.ClassLoaderWeavingAdaptor@10b090ac org/hsqldb/DatabaseCommandInterpreter, byte[33324]
2726 [main] DEBUG org.aspectj.weaver.tools.WeavingAdaptor  - 16:58:02.246 main &lt; org.aspectj.weaver.tools.WeavingAdaptor.weaveClass false
2726 [main] DEBUG org.aspectj.weaver.loadtime.Aj  - 16:58:02.246 main &lt; org.aspectj.weaver.loadtime.Aj.preProcess byte[33324]
2729 [main] DEBUG org.aspectj.weaver.loadtime.Aj  - 16:58:02.249 main &gt; org.aspectj.weaver.loadtime.Aj.preProcess org.aspectj.weaver.loadtime.Aj@58027738 org/hsqldb/TextTable, byte[3421], org.springframework.test.jpa.OrmXmlOverridingShadowingClassLoader@2bbf1be2
2729 [main] DEBUG org.aspectj.weaver.loadtime.Aj  - 16:58:02.249 main - org.aspectj.weaver.loadtime.Aj.preProcess org.aspectj.weaver.loadtime.Aj@58027738 sun.misc.Launcher$AppClassLoader@302b2c81, org.springframework.test.jpa.OrmXmlOverridingShadowingClassLoader@2bbf1be2
2729 [main] DEBUG org.aspectj.weaver.tools.WeavingAdaptor  - 16:58:02.249 main &gt; org.aspectj.weaver.tools.WeavingAdaptor.weaveClass org.aspectj.weaver.loadtime.ClassLoaderWeavingAdaptor@10b090ac org/hsqldb/TextTable, byte[3421]
2729 [main] DEBUG org.aspectj.weaver.tools.WeavingAdaptor  - 16:58:02.249 main &lt; org.aspectj.weaver.tools.WeavingAdaptor.weaveClass false
2729 [main] DEBUG org.aspectj.weaver.loadtime.Aj  - 16:58:02.249 main &lt; org.aspectj.weaver.loadtime.Aj.preProcess byte[3421]
2731 [main] DEBUG org.aspectj.weaver.loadtime.Aj  - 16:58:02.251 main &gt; org.aspectj.weaver.loadtime.Aj.preProcess org.aspectj.weaver.loadtime.Aj@58027738 org/hsqldb/Tokenizer, byte[8891], org.springframework.test.jpa.OrmXmlOverridingShadowingClassLoader@2bbf1be2
2731 [main] DEBUG org.aspectj.weaver.loadtime.Aj  - 16:58:02.251 main - org.aspectj.weaver.loadtime.Aj.preProcess org.aspectj.weaver.loadtime.Aj@58027738 sun.misc.Launcher$AppClassLoader@302b2c81, org.springframework.test.jpa.OrmXmlOverridingShadowingClassLoader@2bbf1be2
2731 [main] DEBUG org.aspectj.weaver.tools.WeavingAdaptor  - 16:58:02.251 main &gt; org.aspectj.weaver.tools.WeavingAdaptor.weaveClass org.aspectj.weaver.loadtime.ClassLoaderWeavingAdaptor@10b090ac org/hsqldb/Tokenizer, byte[8891]
2731 [main] DEBUG org.aspectj.weaver.tools.WeavingAdaptor  - 16:58:02.251 main &lt; org.aspectj.weaver.tools.WeavingAdaptor.weaveClass false
2731 [main] DEBUG org.aspectj.weaver.loadtime.Aj  - 16:58:02.251 main &lt; org.aspectj.weaver.loadtime.Aj.preProcess byte[8891]
2732 [main] DEBUG org.aspectj.weaver.loadtime.Aj  - 16:58:02.252 main &gt; org.aspectj.weaver.loadtime.Aj.preProcess org.aspectj.weaver.loadtime.Aj@58027738 org/hsqldb/CompiledStatementExecutor, byte[6259], org.springframework.test.jpa.OrmXmlOverridingShadowingClassLoader@2bbf1be2
2733 [main] DEBUG org.aspectj.weaver.loadtime.Aj  - 16:58:02.252 main - org.aspectj.weaver.loadtime.Aj.preProcess org.aspectj.weaver.loadtime.Aj@58027738 sun.misc.Launcher$AppClassLoader@302b2c81, org.springframework.test.jpa.OrmXmlOverridingShadowingClassLoader@2bbf1be2
2733 [main] DEBUG org.aspectj.weaver.tools.WeavingAdaptor  - 16:58:02.253 main &gt; org.aspectj.weaver.tools.WeavingAdaptor.weaveClass org.aspectj.weaver.loadtime.ClassLoaderWeavingAdaptor@10b090ac org/hsqldb/CompiledStatementExecutor, byte[6259]
2733 [main] DEBUG org.aspectj.weaver.tools.WeavingAdaptor  - 16:58:02.253 main &lt; org.aspectj.weaver.tools.WeavingAdaptor.weaveClass false
2733 [main] DEBUG org.aspectj.weaver.loadtime.Aj  - 16:58:02.253 main &lt; org.aspectj.weaver.loadtime.Aj.preProcess byte[6259]
2733 [main] DEBUG org.aspectj.weaver.loadtime.Aj  - 16:58:02.253 main &gt; org.aspectj.weaver.loadtime.Aj.preProcess org.aspectj.weaver.loadtime.Aj@58027738 org/hsqldb/HsqlInternalException, byte[337], org.springframework.test.jpa.OrmXmlOverridingShadowingClassLoader@2bbf1be2
2733 [main] DEBUG org.aspectj.weaver.loadtime.Aj  - 16:58:02.253 main - org.aspectj.weaver.loadtime.Aj.preProcess org.aspectj.weaver.loadtime.Aj@58027738 sun.misc.Launcher$AppClassLoader@302b2c81, org.springframework.test.jpa.OrmXmlOverridingShadowingClassLoader@2bbf1be2
2733 [main] DEBUG org.aspectj.weaver.tools.WeavingAdaptor  - 16:58:02.253 main &gt; org.aspectj.weaver.tools.WeavingAdaptor.weaveClass org.aspectj.weaver.loadtime.ClassLoaderWeavingAdaptor@10b090ac org/hsqldb/HsqlInternalException, byte[337]
2734 [main] DEBUG org.aspectj.weaver.tools.WeavingAdaptor  - 16:58:02.254 main &lt; org.aspectj.weaver.tools.WeavingAdaptor.weaveClass false
2734 [main] DEBUG org.aspectj.weaver.loadtime.Aj  - 16:58:02.254 main &lt; org.aspectj.weaver.loadtime.Aj.preProcess byte[337]
2734 [main] DEBUG org.aspectj.weaver.loadtime.Aj  - 16:58:02.254 main &gt; org.aspectj.weaver.loadtime.Aj.preProcess org.aspectj.weaver.loadtime.Aj@58027738 org/hsqldb/Parser, byte[26230], org.springframework.test.jpa.OrmXmlOverridingShadowingClassLoader@2bbf1be2
2734 [main] DEBUG org.aspectj.weaver.loadtime.Aj  - 16:58:02.254 main - org.aspectj.weaver.loadtime.Aj.preProcess org.aspectj.weaver.loadtime.Aj@58027738 sun.misc.Launcher$AppClassLoader@302b2c81, org.springframework.test.jpa.OrmXmlOverridingShadowingClassLoader@2bbf1be2
2734 [main] DEBUG org.aspectj.weaver.tools.WeavingAdaptor  - 16:58:02.254 main &gt; org.aspectj.weaver.tools.WeavingAdaptor.weaveClass org.aspectj.weaver.loadtime.ClassLoaderWeavingAdaptor@10b090ac org/hsqldb/Parser, byte[26230]
2734 [main] DEBUG org.aspectj.weaver.tools.WeavingAdaptor  - 16:58:02.254 main &lt; org.aspectj.weaver.tools.WeavingAdaptor.weaveClass false
2735 [main] DEBUG org.aspectj.weaver.loadtime.Aj  - 16:58:02.255 main &lt; org.aspectj.weaver.loadtime.Aj.preProcess byte[26230]
2737 [main] DEBUG org.aspectj.weaver.loadtime.Aj  - 16:58:02.257 main &gt; org.aspectj.weaver.loadtime.Aj.preProcess org.aspectj.weaver.loadtime.Aj@58027738 org/hsqldb/SubQuery, byte[1610], org.springframework.test.jpa.OrmXmlOverridingShadowingClassLoader@2bbf1be2
2737 [main] DEBUG org.aspectj.weaver.loadtime.Aj  - 16:58:02.257 main - org.aspectj.weaver.loadtime.Aj.preProcess org.aspectj.weaver.loadtime.Aj@58027738 sun.misc.Launcher$AppClassLoader@302b2c81, org.springframework.test.jpa.OrmXmlOverridingShadowingClassLoader@2bbf1be2
2737 [main] DEBUG org.aspectj.weaver.tools.WeavingAdaptor  - 16:58:02.257 main &gt; org.aspectj.weaver.tools.WeavingAdaptor.weaveClass org.aspectj.weaver.loadtime.ClassLoaderWeavingAdaptor@10b090ac org/hsqldb/SubQuery, byte[1610]
2737 [main] DEBUG org.aspectj.weaver.tools.WeavingAdaptor  - 16:58:02.257 main &lt; org.aspectj.weaver.tools.WeavingAdaptor.weaveClass false
2737 [main] DEBUG org.aspectj.weaver.loadtime.Aj  - 16:58:02.257 main &lt; org.aspectj.weaver.loadtime.Aj.preProcess byte[1610]
2738 [main] DEBUG org.aspectj.weaver.loadtime.Aj  - 16:58:02.258 main &gt; org.aspectj.weaver.loadtime.Aj.preProcess org.aspectj.weaver.loadtime.Aj@58027738 org/hsqldb/Expression, byte[32775], org.springframework.test.jpa.OrmXmlOverridingShadowingClassLoader@2bbf1be2
2738 [main] DEBUG org.aspectj.weaver.loadtime.Aj  - 16:58:02.258 main - org.aspectj.weaver.loadtime.Aj.preProcess org.aspectj.weaver.loadtime.Aj@58027738 sun.misc.Launcher$AppClassLoader@302b2c81, org.springframework.test.jpa.OrmXmlOverridingShadowingClassLoader@2bbf1be2
2738 [main] DEBUG org.aspectj.weaver.tools.WeavingAdaptor  - 16:58:02.258 main &gt; org.aspectj.weaver.tools.WeavingAdaptor.weaveClass org.aspectj.weaver.loadtime.ClassLoaderWeavingAdaptor@10b090ac org/hsqldb/Expression, byte[32775]
2738 [main] DEBUG org.aspectj.weaver.tools.WeavingAdaptor  - 16:58:02.258 main &lt; org.aspectj.weaver.tools.WeavingAdaptor.weaveClass false
2738 [main] DEBUG org.aspectj.weaver.loadtime.Aj  - 16:58:02.258 main &lt; org.aspectj.weaver.loadtime.Aj.preProcess byte[32775]
2739 [main] DEBUG org.aspectj.weaver.loadtime.Aj  - 16:58:02.259 main &gt; org.aspectj.weaver.loadtime.Aj.preProcess org.aspectj.weaver.loadtime.Aj@58027738 org/hsqldb/TransactionManager, byte[3810], org.springframework.test.jpa.OrmXmlOverridingShadowingClassLoader@2bbf1be2
2739 [main] DEBUG org.aspectj.weaver.loadtime.Aj  - 16:58:02.259 main - org.aspectj.weaver.loadtime.Aj.preProcess org.aspectj.weaver.loadtime.Aj@58027738 sun.misc.Launcher$AppClassLoader@302b2c81, org.springframework.test.jpa.OrmXmlOverridingShadowingClassLoader@2bbf1be2
2739 [main] DEBUG org.aspectj.weaver.tools.WeavingAdaptor  - 16:58:02.259 main &gt; org.aspectj.weaver.tools.WeavingAdaptor.weaveClass org.aspectj.weaver.loadtime.ClassLoaderWeavingAdaptor@10b090ac org/hsqldb/TransactionManager, byte[3810]
2739 [main] DEBUG org.aspectj.weaver.tools.WeavingAdaptor  - 16:58:02.259 main &lt; org.aspectj.weaver.tools.WeavingAdaptor.weaveClass false
2739 [main] DEBUG org.aspectj.weaver.loadtime.Aj  - 16:58:02.259 main &lt; org.aspectj.weaver.loadtime.Aj.preProcess byte[3810]
2740 [main] DEBUG org.aspectj.weaver.loadtime.Aj  - 16:58:02.260 main &gt; org.aspectj.weaver.loadtime.Aj.preProcess org.aspectj.weaver.loadtime.Aj@58027738 org/hsqldb/lib/LongKeyIntValueHashMap, byte[1459], org.springframework.test.jpa.OrmXmlOverridingShadowingClassLoader@2bbf1be2
2740 [main] DEBUG org.aspectj.weaver.loadtime.Aj  - 16:58:02.260 main - org.aspectj.weaver.loadtime.Aj.preProcess org.aspectj.weaver.loadtime.Aj@58027738 sun.misc.Launcher$AppClassLoader@302b2c81, org.springframework.test.jpa.OrmXmlOverridingShadowingClassLoader@2bbf1be2
2740 [main] DEBUG org.aspectj.weaver.tools.WeavingAdaptor  - 16:58:02.260 main &gt; org.aspectj.weaver.tools.WeavingAdaptor.weaveClass org.aspectj.weaver.loadtime.ClassLoaderWeavingAdaptor@10b090ac org/hsqldb/lib/LongKeyIntValueHashMap, byte[1459]
2740 [main] DEBUG org.aspectj.weaver.tools.WeavingAdaptor  - 16:58:02.260 main &lt; org.aspectj.weaver.tools.WeavingAdaptor.weaveClass false
2741 [main] DEBUG org.aspectj.weaver.loadtime.Aj  - 16:58:02.261 main &lt; org.aspectj.weaver.loadtime.Aj.preProcess byte[1459]
2741 [main] DEBUG org.aspectj.weaver.loadtime.Aj  - 16:58:02.261 main &gt; org.aspectj.weaver.loadtime.Aj.preProcess org.aspectj.weaver.loadtime.Aj@58027738 org/hsqldb/Collation, byte[5502], org.springframework.test.jpa.OrmXmlOverridingShadowingClassLoader@2bbf1be2
2741 [main] DEBUG org.aspectj.weaver.loadtime.Aj  - 16:58:02.261 main - org.aspectj.weaver.loadtime.Aj.preProcess org.aspectj.weaver.loadtime.Aj@58027738 sun.misc.Launcher$AppClassLoader@302b2c81, org.springframework.test.jpa.OrmXmlOverridingShadowingClassLoader@2bbf1be2
2741 [main] DEBUG org.aspectj.weaver.tools.WeavingAdaptor  - 16:58:02.261 main &gt; org.aspectj.weaver.tools.WeavingAdaptor.weaveClass org.aspectj.weaver.loadtime.ClassLoaderWeavingAdaptor@10b090ac org/hsqldb/Collation, byte[5502]
2741 [main] DEBUG org.aspectj.weaver.tools.WeavingAdaptor  - 16:58:02.261 main &lt; org.aspectj.weaver.tools.WeavingAdaptor.weaveClass false
2741 [main] DEBUG org.aspectj.weaver.loadtime.Aj  - 16:58:02.261 main &lt; org.aspectj.weaver.loadtime.Aj.preProcess byte[5502]
2742 [main] DEBUG org.aspectj.weaver.loadtime.Aj  - 16:58:02.262 main &gt; org.aspectj.weaver.loadtime.Aj.preProcess org.aspectj.weaver.loadtime.Aj@58027738 org/hsqldb/DatabaseInformation, byte[4504], org.springframework.test.jpa.OrmXmlOverridingShadowingClassLoader@2bbf1be2
2742 [main] DEBUG org.aspectj.weaver.loadtime.Aj  - 16:58:02.262 main - org.aspectj.weaver.loadtime.Aj.preProcess org.aspectj.weaver.loadtime.Aj@58027738 sun.misc.Launcher$AppClassLoader@302b2c81, org.springframework.test.jpa.OrmXmlOverridingShadowingClassLoader@2bbf1be2
2742 [main] DEBUG org.aspectj.weaver.tools.WeavingAdaptor  - 16:58:02.262 main &gt; org.aspectj.weaver.tools.WeavingAdaptor.weaveClass org.aspectj.weaver.loadtime.ClassLoaderWeavingAdaptor@10b090ac org/hsqldb/DatabaseInformation, byte[4504]
2742 [main] DEBUG org.aspectj.weaver.tools.WeavingAdaptor  - 16:58:02.262 main &lt; org.aspectj.weaver.tools.WeavingAdaptor.weaveClass false
2742 [main] DEBUG org.aspectj.weaver.loadtime.Aj  - 16:58:02.262 main &lt; org.aspectj.weaver.loadtime.Aj.preProcess byte[4504]
2743 [main] DEBUG org.aspectj.weaver.loadtime.Aj  - 16:58:02.263 main &gt; org.aspectj.weaver.loadtime.Aj.preProcess org.aspectj.weaver.loadtime.Aj@58027738 org/hsqldb/DatabaseInformationFull, byte[25044], org.springframework.test.jpa.OrmXmlOverridingShadowingClassLoader@2bbf1be2
2743 [main] DEBUG org.aspectj.weaver.loadtime.Aj  - 16:58:02.263 main - org.aspectj.weaver.loadtime.Aj.preProcess org.aspectj.weaver.loadtime.Aj@58027738 sun.misc.Launcher$AppClassLoader@302b2c81, org.springframework.test.jpa.OrmXmlOverridingShadowingClassLoader@2bbf1be2
2743 [main] DEBUG org.aspectj.weaver.tools.WeavingAdaptor  - 16:58:02.263 main &gt; org.aspectj.weaver.tools.WeavingAdaptor.weaveClass org.aspectj.weaver.loadtime.ClassLoaderWeavingAdaptor@10b090ac org/hsqldb/DatabaseInformationFull, byte[25044]
2743 [main] DEBUG org.aspectj.weaver.tools.WeavingAdaptor  - 16:58:02.263 main &lt; org.aspectj.weaver.tools.WeavingAdaptor.weaveClass false
2743 [main] DEBUG org.aspectj.weaver.loadtime.Aj  - 16:58:02.263 main &lt; org.aspectj.weaver.loadtime.Aj.preProcess byte[25044]
2744 [main] DEBUG org.aspectj.weaver.loadtime.Aj  - 16:58:02.264 main &gt; org.aspectj.weaver.loadtime.Aj.preProcess org.aspectj.weaver.loadtime.Aj@58027738 org/hsqldb/DatabaseInformationMain, byte[19704], org.springframework.test.jpa.OrmXmlOverridingShadowingClassLoader@2bbf1be2
2744 [main] DEBUG org.aspectj.weaver.loadtime.Aj  - 16:58:02.264 main - org.aspectj.weaver.loadtime.Aj.preProcess org.aspectj.weaver.loadtime.Aj@58027738 sun.misc.Launcher$AppClassLoader@302b2c81, org.springframework.test.jpa.OrmXmlOverridingShadowingClassLoader@2bbf1be2
2744 [main] DEBUG org.aspectj.weaver.tools.WeavingAdaptor  - 16:58:02.264 main &gt; org.aspectj.weaver.tools.WeavingAdaptor.weaveClass org.aspectj.weaver.loadtime.ClassLoaderWeavingAdaptor@10b090ac org/hsqldb/DatabaseInformationMain, byte[19704]
2744 [main] DEBUG org.aspectj.weaver.tools.WeavingAdaptor  - 16:58:02.264 main &lt; org.aspectj.weaver.tools.WeavingAdaptor.weaveClass false
2744 [main] DEBUG org.aspectj.weaver.loadtime.Aj  - 16:58:02.264 main &lt; org.aspectj.weaver.loadtime.Aj.preProcess byte[19704]
2747 [main] DEBUG org.aspectj.weaver.loadtime.Aj  - 16:58:02.267 main &gt; org.aspectj.weaver.loadtime.Aj.preProcess org.aspectj.weaver.loadtime.Aj@58027738 org/hsqldb/DINameSpace, byte[5928], org.springframework.test.jpa.OrmXmlOverridingShadowingClassLoader@2bbf1be2
2748 [main] DEBUG org.aspectj.weaver.loadtime.Aj  - 16:58:02.268 main - org.aspectj.weaver.loadtime.Aj.preProcess org.aspectj.weaver.loadtime.Aj@58027738 sun.misc.Launcher$AppClassLoader@302b2c81, org.springframework.test.jpa.OrmXmlOverridingShadowingClassLoader@2bbf1be2
2748 [main] DEBUG org.aspectj.weaver.tools.WeavingAdaptor  - 16:58:02.268 main &gt; org.aspectj.weaver.tools.WeavingAdaptor.weaveClass org.aspectj.weaver.loadtime.ClassLoaderWeavingAdaptor@10b090ac org/hsqldb/DINameSpace, byte[5928]
2748 [main] DEBUG org.aspectj.weaver.tools.WeavingAdaptor  - 16:58:02.268 main &lt; org.aspectj.weaver.tools.WeavingAdaptor.weaveClass false
2748 [main] DEBUG org.aspectj.weaver.loadtime.Aj  - 16:58:02.268 main &lt; org.aspectj.weaver.loadtime.Aj.preProcess byte[5928]
2748 [main] DEBUG org.aspectj.weaver.loadtime.Aj  - 16:58:02.268 main &gt; org.aspectj.weaver.loadtime.Aj.preProcess org.aspectj.weaver.loadtime.Aj@58027738 org/hsqldb/CachedRow, byte[3333], org.springframework.test.jpa.OrmXmlOverridingShadowingClassLoader@2bbf1be2
2748 [main] DEBUG org.aspectj.weaver.loadtime.Aj  - 16:58:02.268 main - org.aspectj.weaver.loadtime.Aj.preProcess org.aspectj.weaver.loadtime.Aj@58027738 sun.misc.Launcher$AppClassLoader@302b2c81, org.springframework.test.jpa.OrmXmlOverridingShadowingClassLoader@2bbf1be2
2749 [main] DEBUG org.aspectj.weaver.tools.WeavingAdaptor  - 16:58:02.269 main &gt; org.aspectj.weaver.tools.WeavingAdaptor.weaveClass org.aspectj.weaver.loadtime.ClassLoaderWeavingAdaptor@10b090ac org/hsqldb/CachedRow, byte[3333]
2749 [main] DEBUG org.aspectj.weaver.tools.WeavingAdaptor  - 16:58:02.269 main &lt; org.aspectj.weaver.tools.WeavingAdaptor.weaveClass false
2749 [main] DEBUG org.aspectj.weaver.loadtime.Aj  - 16:58:02.269 main &lt; org.aspectj.weaver.loadtime.Aj.preProcess byte[3333]
2749 [main] DEBUG org.aspectj.weaver.loadtime.Aj  - 16:58:02.269 main &gt; org.aspectj.weaver.loadtime.Aj.preProcess org.aspectj.weaver.loadtime.Aj@58027738 org/hsqldb/Row, byte[2190], org.springframework.test.jpa.OrmXmlOverridingShadowingClassLoader@2bbf1be2
2749 [main] DEBUG org.aspectj.weaver.loadtime.Aj  - 16:58:02.269 main - org.aspectj.weaver.loadtime.Aj.preProcess org.aspectj.weaver.loadtime.Aj@58027738 sun.misc.Launcher$AppClassLoader@302b2c81, org.springframework.test.jpa.OrmXmlOverridingShadowingClassLoader@2bbf1be2
2749 [main] DEBUG org.aspectj.weaver.tools.WeavingAdaptor  - 16:58:02.269 main &gt; org.aspectj.weaver.tools.WeavingAdaptor.weaveClass org.aspectj.weaver.loadtime.ClassLoaderWeavingAdaptor@10b090ac org/hsqldb/Row, byte[2190]
2749 [main] DEBUG org.aspectj.weaver.tools.WeavingAdaptor  - 16:58:02.269 main &lt; org.aspectj.weaver.tools.WeavingAdaptor.weaveClass false
2749 [main] DEBUG org.aspectj.weaver.loadtime.Aj  - 16:58:02.269 main &lt; org.aspectj.weaver.loadtime.Aj.preProcess byte[2190]
2749 [main] DEBUG org.aspectj.weaver.loadtime.Aj  - 16:58:02.269 main &gt; org.aspectj.weaver.loadtime.Aj.preProcess org.aspectj.weaver.loadtime.Aj@58027738 org/hsqldb/persist/CachedObject, byte[506], org.springframework.test.jpa.OrmXmlOverridingShadowingClassLoader@2bbf1be2
2749 [main] DEBUG org.aspectj.weaver.loadtime.Aj  - 16:58:02.269 main - org.aspectj.weaver.loadtime.Aj.preProcess org.aspectj.weaver.loadtime.Aj@58027738 sun.misc.Launcher$AppClassLoader@302b2c81, org.springframework.test.jpa.OrmXmlOverridingShadowingClassLoader@2bbf1be2
2749 [main] DEBUG org.aspectj.weaver.tools.WeavingAdaptor  - 16:58:02.269 main &gt; org.aspectj.weaver.tools.WeavingAdaptor.weaveClass org.aspectj.weaver.loadtime.ClassLoaderWeavingAdaptor@10b090ac org/hsqldb/persist/CachedObject, byte[506]
2749 [main] DEBUG org.aspectj.weaver.tools.WeavingAdaptor  - 16:58:02.269 main &lt; org.aspectj.weaver.tools.WeavingAdaptor.weaveClass false
2750 [main] DEBUG org.aspectj.weaver.loadtime.Aj  - 16:58:02.270 main &lt; org.aspectj.weaver.loadtime.Aj.preProcess byte[506]
2750 [main] DEBUG org.aspectj.weaver.loadtime.Aj  - 16:58:02.270 main &gt; org.aspectj.weaver.loadtime.Aj.preProcess org.aspectj.weaver.loadtime.Aj@58027738 org/hsqldb/CachedDataRow, byte[1957], org.springframework.test.jpa.OrmXmlOverridingShadowingClassLoader@2bbf1be2
2750 [main] DEBUG org.aspectj.weaver.loadtime.Aj  - 16:58:02.270 main - org.aspectj.weaver.loadtime.Aj.preProcess org.aspectj.weaver.loadtime.Aj@58027738 sun.misc.Launcher$AppClassLoader@302b2c81, org.springframework.test.jpa.OrmXmlOverridingShadowingClassLoader@2bbf1be2
2750 [main] DEBUG org.aspectj.weaver.tools.WeavingAdaptor  - 16:58:02.270 main &gt; org.aspectj.weaver.tools.WeavingAdaptor.weaveClass org.aspectj.weaver.loadtime.ClassLoaderWeavingAdaptor@10b090ac org/hsqldb/CachedDataRow, byte[1957]
2750 [main] DEBUG org.aspectj.weaver.tools.WeavingAdaptor  - 16:58:02.270 main &lt; org.aspectj.weaver.tools.WeavingAdaptor.weaveClass false
2750 [main] DEBUG org.aspectj.weaver.loadtime.Aj  - 16:58:02.270 main &lt; org.aspectj.weaver.loadtime.Aj.preProcess byte[1957]
2757 [main] DEBUG org.aspectj.weaver.loadtime.Aj  - 16:58:02.277 main &gt; org.aspectj.weaver.loadtime.Aj.preProcess org.aspectj.weaver.loadtime.Aj@58027738 org/hsqldb/persist/PersistentStore, byte[629], org.springframework.test.jpa.OrmXmlOverridingShadowingClassLoader@2bbf1be2
2758 [main] DEBUG org.aspectj.weaver.loadtime.Aj  - 16:58:02.277 main - org.aspectj.weaver.loadtime.Aj.preProcess org.aspectj.weaver.loadtime.Aj@58027738 sun.misc.Launcher$AppClassLoader@302b2c81, org.springframework.test.jpa.OrmXmlOverridingShadowingClassLoader@2bbf1be2
2758 [main] DEBUG org.aspectj.weaver.tools.WeavingAdaptor  - 16:58:02.278 main &gt; org.aspectj.weaver.tools.WeavingAdaptor.weaveClass org.aspectj.weaver.loadtime.ClassLoaderWeavingAdaptor@10b090ac org/hsqldb/persist/PersistentStore, byte[629]
2758 [main] DEBUG org.aspectj.weaver.tools.WeavingAdaptor  - 16:58:02.278 main &lt; org.aspectj.weaver.tools.WeavingAdaptor.weaveClass false
2758 [main] DEBUG org.aspectj.weaver.loadtime.Aj  - 16:58:02.278 main &lt; org.aspectj.weaver.loadtime.Aj.preProcess byte[629]
2758 [main] DEBUG org.aspectj.weaver.loadtime.Aj  - 16:58:02.278 main &gt; org.aspectj.weaver.loadtime.Aj.preProcess org.aspectj.weaver.loadtime.Aj@58027738 org/hsqldb/NumberSequence, byte[1471], org.springframework.test.jpa.OrmXmlOverridingShadowingClassLoader@2bbf1be2
2758 [main] DEBUG org.aspectj.weaver.loadtime.Aj  - 16:58:02.278 main - org.aspectj.weaver.loadtime.Aj.preProcess org.aspectj.weaver.loadtime.Aj@58027738 sun.misc.Launcher$AppClassLoader@302b2c81, org.springframework.test.jpa.OrmXmlOverridingShadowingClassLoader@2bbf1be2
2758 [main] DEBUG org.aspectj.weaver.tools.WeavingAdaptor  - 16:58:02.278 main &gt; org.aspectj.weaver.tools.WeavingAdaptor.weaveClass org.aspectj.weaver.loadtime.ClassLoaderWeavingAdaptor@10b090ac org/hsqldb/NumberSequence, byte[1471]
2759 [main] DEBUG org.aspectj.weaver.tools.WeavingAdaptor  - 16:58:02.278 main &lt; org.aspectj.weaver.tools.WeavingAdaptor.weaveClass false
2759 [main] DEBUG org.aspectj.weaver.loadtime.Aj  - 16:58:02.279 main &lt; org.aspectj.weaver.loadtime.Aj.preProcess byte[1471]
2759 [main] DEBUG org.aspectj.weaver.loadtime.Aj  - 16:58:02.279 main &gt; org.aspectj.weaver.loadtime.Aj.preProcess org.aspectj.weaver.loadtime.Aj@58027738 org/hsqldb/Index, byte[9959], org.springframework.test.jpa.OrmXmlOverridingShadowingClassLoader@2bbf1be2
2759 [main] DEBUG org.aspectj.weaver.loadtime.Aj  - 16:58:02.279 main - org.aspectj.weaver.loadtime.Aj.preProcess org.aspectj.weaver.loadtime.Aj@58027738 sun.misc.Launcher$AppClassLoader@302b2c81, org.springframework.test.jpa.OrmXmlOverridingShadowingClassLoader@2bbf1be2
2759 [main] DEBUG org.aspectj.weaver.tools.WeavingAdaptor  - 16:58:02.279 main &gt; org.aspectj.weaver.tools.WeavingAdaptor.weaveClass org.aspectj.weaver.loadtime.ClassLoaderWeavingAdaptor@10b090ac org/hsqldb/Index, byte[9959]
2759 [main] DEBUG org.aspectj.weaver.tools.WeavingAdaptor  - 16:58:02.279 main &lt; org.aspectj.weaver.tools.WeavingAdaptor.weaveClass false
2759 [main] DEBUG org.aspectj.weaver.loadtime.Aj  - 16:58:02.279 main &lt; org.aspectj.weaver.loadtime.Aj.preProcess byte[9959]
2760 [main] DEBUG org.aspectj.weaver.loadtime.Aj  - 16:58:02.280 main &gt; org.aspectj.weaver.loadtime.Aj.preProcess org.aspectj.weaver.loadtime.Aj@58027738 org/hsqldb/Constraint, byte[6934], org.springframework.test.jpa.OrmXmlOverridingShadowingClassLoader@2bbf1be2
2760 [main] DEBUG org.aspectj.weaver.loadtime.Aj  - 16:58:02.280 main - org.aspectj.weaver.loadtime.Aj.preProcess org.aspectj.weaver.loadtime.Aj@58027738 sun.misc.Launcher$AppClassLoader@302b2c81, org.springframework.test.jpa.OrmXmlOverridingShadowingClassLoader@2bbf1be2
2760 [main] DEBUG org.aspectj.weaver.tools.WeavingAdaptor  - 16:58:02.280 main &gt; org.aspectj.weaver.tools.WeavingAdaptor.weaveClass org.aspectj.weaver.loadtime.ClassLoaderWeavingAdaptor@10b090ac org/hsqldb/Constraint, byte[6934]
2760 [main] DEBUG org.aspectj.weaver.tools.WeavingAdaptor  - 16:58:02.280 main &lt; org.aspectj.weaver.tools.WeavingAdaptor.weaveClass false
2760 [main] DEBUG org.aspectj.weaver.loadtime.Aj  - 16:58:02.280 main &lt; org.aspectj.weaver.loadtime.Aj.preProcess byte[6934]
2760 [main] DEBUG org.aspectj.weaver.loadtime.Aj  - 16:58:02.280 main &gt; org.aspectj.weaver.loadtime.Aj.preProcess org.aspectj.weaver.loadtime.Aj@58027738 org/hsqldb/Column, byte[14911], org.springframework.test.jpa.OrmXmlOverridingShadowingClassLoader@2bbf1be2
2760 [main] DEBUG org.aspectj.weaver.loadtime.Aj  - 16:58:02.280 main - org.aspectj.weaver.loadtime.Aj.preProcess org.aspectj.weaver.loadtime.Aj@58027738 sun.misc.Launcher$AppClassLoader@302b2c81, org.springframework.test.jpa.OrmXmlOverridingShadowingClassLoader@2bbf1be2
2761 [main] DEBUG org.aspectj.weaver.tools.WeavingAdaptor  - 16:58:02.280 main &gt; org.aspectj.weaver.tools.WeavingAdaptor.weaveClass org.aspectj.weaver.loadtime.ClassLoaderWeavingAdaptor@10b090ac org/hsqldb/Column, byte[14911]
2761 [main] DEBUG org.aspectj.weaver.tools.WeavingAdaptor  - 16:58:02.281 main &lt; org.aspectj.weaver.tools.WeavingAdaptor.weaveClass false
2761 [main] DEBUG org.aspectj.weaver.loadtime.Aj  - 16:58:02.281 main &lt; org.aspectj.weaver.loadtime.Aj.preProcess byte[14911]
2762 [main] DEBUG org.aspectj.weaver.loadtime.Aj  - 16:58:02.282 main &gt; org.aspectj.weaver.loadtime.Aj.preProcess org.aspectj.weaver.loadtime.Aj@58027738 org/hsqldb/lib/ArrayUtil, byte[6253], org.springframework.test.jpa.OrmXmlOverridingShadowingClassLoader@2bbf1be2
2762 [main] DEBUG org.aspectj.weaver.loadtime.Aj  - 16:58:02.282 main - org.aspectj.weaver.loadtime.Aj.preProcess org.aspectj.weaver.loadtime.Aj@58027738 sun.misc.Launcher$AppClassLoader@302b2c81, org.springframework.test.jpa.OrmXmlOverridingShadowingClassLoader@2bbf1be2
2762 [main] DEBUG org.aspectj.weaver.tools.WeavingAdaptor  - 16:58:02.282 main &gt; org.aspectj.weaver.tools.WeavingAdaptor.weaveClass org.aspectj.weaver.loadtime.ClassLoaderWeavingAdaptor@10b090ac org/hsqldb/lib/ArrayUtil, byte[6253]
2762 [main] DEBUG org.aspectj.weaver.tools.WeavingAdaptor  - 16:58:02.282 main &lt; org.aspectj.weaver.tools.WeavingAdaptor.weaveClass false
2762 [main] DEBUG org.aspectj.weaver.loadtime.Aj  - 16:58:02.282 main &lt; org.aspectj.weaver.loadtime.Aj.preProcess byte[6253]
2763 [main] DEBUG org.aspectj.weaver.loadtime.Aj  - 16:58:02.283 main &gt; org.aspectj.weaver.loadtime.Aj.preProcess org.aspectj.weaver.loadtime.Aj@58027738 org/hsqldb/index/RowIterator, byte[164], org.springframework.test.jpa.OrmXmlOverridingShadowingClassLoader@2bbf1be2
2763 [main] DEBUG org.aspectj.weaver.loadtime.Aj  - 16:58:02.283 main - org.aspectj.weaver.loadtime.Aj.preProcess org.aspectj.weaver.loadtime.Aj@58027738 sun.misc.Launcher$AppClassLoader@302b2c81, org.springframework.test.jpa.OrmXmlOverridingShadowingClassLoader@2bbf1be2
2763 [main] DEBUG org.aspectj.weaver.tools.WeavingAdaptor  - 16:58:02.283 main &gt; org.aspectj.weaver.tools.WeavingAdaptor.weaveClass org.aspectj.weaver.loadtime.ClassLoaderWeavingAdaptor@10b090ac org/hsqldb/index/RowIterator, byte[164]
2763 [main] DEBUG org.aspectj.weaver.tools.WeavingAdaptor  - 16:58:02.283 main &lt; org.aspectj.weaver.tools.WeavingAdaptor.weaveClass false
2763 [main] DEBUG org.aspectj.weaver.loadtime.Aj  - 16:58:02.283 main &lt; org.aspectj.weaver.loadtime.Aj.preProcess byte[164]
2764 [main] DEBUG org.aspectj.weaver.loadtime.Aj  - 16:58:02.284 main &gt; org.aspectj.weaver.loadtime.Aj.preProcess org.aspectj.weaver.loadtime.Aj@58027738 org/hsqldb/Index$IndexRowIterator, byte[1468], org.springframework.test.jpa.OrmXmlOverridingShadowingClassLoader@2bbf1be2
2764 [main] DEBUG org.aspectj.weaver.loadtime.Aj  - 16:58:02.284 main - org.aspectj.weaver.loadtime.Aj.preProcess org.aspectj.weaver.loadtime.Aj@58027738 sun.misc.Launcher$AppClassLoader@302b2c81, org.springframework.test.jpa.OrmXmlOverridingShadowingClassLoader@2bbf1be2
2764 [main] DEBUG org.aspectj.weaver.tools.WeavingAdaptor  - 16:58:02.284 main &gt; org.aspectj.weaver.tools.WeavingAdaptor.weaveClass org.aspectj.weaver.loadtime.ClassLoaderWeavingAdaptor@10b090ac org/hsqldb/Index$IndexRowIterator, byte[1468]
2764 [main] DEBUG org.aspectj.weaver.tools.WeavingAdaptor  - 16:58:02.284 main &lt; org.aspectj.weaver.tools.WeavingAdaptor.weaveClass false
2764 [main] DEBUG org.aspectj.weaver.loadtime.Aj  - 16:58:02.284 main &lt; org.aspectj.weaver.loadtime.Aj.preProcess byte[1468]
2766 [main] DEBUG org.aspectj.weaver.loadtime.Aj  - 16:58:02.286 main &gt; org.aspectj.weaver.loadtime.Aj.preProcess org.aspectj.weaver.loadtime.Aj@58027738 org/hsqldb/store/BaseHashMap$BaseHashIterator, byte[1998], org.springframework.test.jpa.OrmXmlOverridingShadowingClassLoader@2bbf1be2
2766 [main] DEBUG org.aspectj.weaver.loadtime.Aj  - 16:58:02.286 main - org.aspectj.weaver.loadtime.Aj.preProcess org.aspectj.weaver.loadtime.Aj@58027738 sun.misc.Launcher$AppClassLoader@302b2c81, org.springframework.test.jpa.OrmXmlOverridingShadowingClassLoader@2bbf1be2
2766 [main] DEBUG org.aspectj.weaver.tools.WeavingAdaptor  - 16:58:02.286 main &gt; org.aspectj.weaver.tools.WeavingAdaptor.weaveClass org.aspectj.weaver.loadtime.ClassLoaderWeavingAdaptor@10b090ac org/hsqldb/store/BaseHashMap$BaseHashIterator, byte[1998]
2766 [main] DEBUG org.aspectj.weaver.tools.WeavingAdaptor  - 16:58:02.286 main &lt; org.aspectj.weaver.tools.WeavingAdaptor.weaveClass false
2766 [main] DEBUG org.aspectj.weaver.loadtime.Aj  - 16:58:02.286 main &lt; org.aspectj.weaver.loadtime.Aj.preProcess byte[1998]
2767 [main] DEBUG org.aspectj.weaver.loadtime.Aj  - 16:58:02.287 main &gt; org.aspectj.weaver.loadtime.Aj.preProcess org.aspectj.weaver.loadtime.Aj@58027738 org/hsqldb/lib/IntValueHashMap$KeySet, byte[1435], org.springframework.test.jpa.OrmXmlOverridingShadowingClassLoader@2bbf1be2
2767 [main] DEBUG org.aspectj.weaver.loadtime.Aj  - 16:58:02.287 main - org.aspectj.weaver.loadtime.Aj.preProcess org.aspectj.weaver.loadtime.Aj@58027738 sun.misc.Launcher$AppClassLoader@302b2c81, org.springframework.test.jpa.OrmXmlOverridingShadowingClassLoader@2bbf1be2
2767 [main] DEBUG org.aspectj.weaver.tools.WeavingAdaptor  - 16:58:02.287 main &gt; org.aspectj.weaver.tools.WeavingAdaptor.weaveClass org.aspectj.weaver.loadtime.ClassLoaderWeavingAdaptor@10b090ac org/hsqldb/lib/IntValueHashMap$KeySet, byte[1435]
2767 [main] DEBUG org.aspectj.weaver.tools.WeavingAdaptor  - 16:58:02.287 main &lt; org.aspectj.weaver.tools.WeavingAdaptor.weaveClass false
2767 [main] DEBUG org.aspectj.weaver.loadtime.Aj  - 16:58:02.287 main &lt; org.aspectj.weaver.loadtime.Aj.preProcess byte[1435]
2768 [main] DEBUG org.aspectj.weaver.loadtime.Aj  - 16:58:02.288 main &gt; org.aspectj.weaver.loadtime.Aj.preProcess org.aspectj.weaver.loadtime.Aj@58027738 org/hsqldb/DIProcedureInfo, byte[9297], org.springframework.test.jpa.OrmXmlOverridingShadowingClassLoader@2bbf1be2
2768 [main] DEBUG org.aspectj.weaver.loadtime.Aj  - 16:58:02.288 main - org.aspectj.weaver.loadtime.Aj.preProcess org.aspectj.weaver.loadtime.Aj@58027738 sun.misc.Launcher$AppClassLoader@302b2c81, org.springframework.test.jpa.OrmXmlOverridingShadowingClassLoader@2bbf1be2
2768 [main] DEBUG org.aspectj.weaver.tools.WeavingAdaptor  - 16:58:02.288 main &gt; org.aspectj.weaver.tools.WeavingAdaptor.weaveClass org.aspectj.weaver.loadtime.ClassLoaderWeavingAdaptor@10b090ac org/hsqldb/DIProcedureInfo, byte[9297]
2768 [main] DEBUG org.aspectj.weaver.tools.WeavingAdaptor  - 16:58:02.288 main &lt; org.aspectj.weaver.tools.WeavingAdaptor.weaveClass false
2768 [main] DEBUG org.aspectj.weaver.loadtime.Aj  - 16:58:02.288 main &lt; org.aspectj.weaver.loadtime.Aj.preProcess byte[9297]
2769 [main] DEBUG org.aspectj.weaver.loadtime.Aj  - 16:58:02.289 main &gt; org.aspectj.weaver.loadtime.Aj.preProcess org.aspectj.weaver.loadtime.Aj@58027738 org/hsqldb/jdbc/jdbcBlob, byte[2007], org.springframework.test.jpa.OrmXmlOverridingShadowingClassLoader@2bbf1be2
2769 [main] DEBUG org.aspectj.weaver.loadtime.Aj  - 16:58:02.289 main - org.aspectj.weaver.loadtime.Aj.preProcess org.aspectj.weaver.loadtime.Aj@58027738 sun.misc.Launcher$AppClassLoader@302b2c81, org.springframework.test.jpa.OrmXmlOverridingShadowingClassLoader@2bbf1be2
2769 [main] DEBUG org.aspectj.weaver.tools.WeavingAdaptor  - 16:58:02.289 main &gt; org.aspectj.weaver.tools.WeavingAdaptor.weaveClass org.aspectj.weaver.loadtime.ClassLoaderWeavingAdaptor@10b090ac org/hsqldb/jdbc/jdbcBlob, byte[2007]
2769 [main] DEBUG org.aspectj.weaver.tools.WeavingAdaptor  - 16:58:02.289 main &lt; org.aspectj.weaver.tools.WeavingAdaptor.weaveClass false
2769 [main] DEBUG org.aspectj.weaver.loadtime.Aj  - 16:58:02.289 main &lt; org.aspectj.weaver.loadtime.Aj.preProcess byte[2007]
2770 [main] DEBUG org.aspectj.weaver.loadtime.Aj  - 16:58:02.290 main &gt; org.aspectj.weaver.loadtime.Aj.preProcess org.aspectj.weaver.loadtime.Aj@58027738 org/hsqldb/jdbc/jdbcClob, byte[2193], org.springframework.test.jpa.OrmXmlOverridingShadowingClassLoader@2bbf1be2
2770 [main] DEBUG org.aspectj.weaver.loadtime.Aj  - 16:58:02.290 main - org.aspectj.weaver.loadtime.Aj.preProcess org.aspectj.weaver.loadtime.Aj@58027738 sun.misc.Launcher$AppClassLoader@302b2c81, org.springframework.test.jpa.OrmXmlOverridingShadowingClassLoader@2bbf1be2
2770 [main] DEBUG org.aspectj.weaver.tools.WeavingAdaptor  - 16:58:02.290 main &gt; org.aspectj.weaver.tools.WeavingAdaptor.weaveClass org.aspectj.weaver.loadtime.ClassLoaderWeavingAdaptor@10b090ac org/hsqldb/jdbc/jdbcClob, byte[2193]
2770 [main] DEBUG org.aspectj.weaver.tools.WeavingAdaptor  - 16:58:02.290 main &lt; org.aspectj.weaver.tools.WeavingAdaptor.weaveClass false
2770 [main] DEBUG org.aspectj.weaver.loadtime.Aj  - 16:58:02.290 main &lt; org.aspectj.weaver.loadtime.Aj.preProcess byte[2193]
2771 [main] DEBUG org.aspectj.weaver.loadtime.Aj  - 16:58:02.290 main &gt; org.aspectj.weaver.loadtime.Aj.preProcess org.aspectj.weaver.loadtime.Aj@58027738 org/hsqldb/types/Binary, byte[902], org.springframework.test.jpa.OrmXmlOverridingShadowingClassLoader@2bbf1be2
2771 [main] DEBUG org.aspectj.weaver.loadtime.Aj  - 16:58:02.291 main - org.aspectj.weaver.loadtime.Aj.preProcess org.aspectj.weaver.loadtime.Aj@58027738 sun.misc.Launcher$AppClassLoader@302b2c81, org.springframework.test.jpa.OrmXmlOverridingShadowingClassLoader@2bbf1be2
2771 [main] DEBUG org.aspectj.weaver.tools.WeavingAdaptor  - 16:58:02.291 main &gt; org.aspectj.weaver.tools.WeavingAdaptor.weaveClass org.aspectj.weaver.loadtime.ClassLoaderWeavingAdaptor@10b090ac org/hsqldb/types/Binary, byte[902]
2771 [main] DEBUG org.aspectj.weaver.tools.WeavingAdaptor  - 16:58:02.291 main &lt; org.aspectj.weaver.tools.WeavingAdaptor.weaveClass false
2771 [main] DEBUG org.aspectj.weaver.loadtime.Aj  - 16:58:02.291 main &lt; org.aspectj.weaver.loadtime.Aj.preProcess byte[902]
2771 [main] DEBUG org.aspectj.weaver.loadtime.Aj  - 16:58:02.291 main &gt; org.aspectj.weaver.loadtime.Aj.preProcess org.aspectj.weaver.loadtime.Aj@58027738 org/hsqldb/lib/java/JavaSystem, byte[1686], org.springframework.test.jpa.OrmXmlOverridingShadowingClassLoader@2bbf1be2
2771 [main] DEBUG org.aspectj.weaver.loadtime.Aj  - 16:58:02.291 main - org.aspectj.weaver.loadtime.Aj.preProcess org.aspectj.weaver.loadtime.Aj@58027738 sun.misc.Launcher$AppClassLoader@302b2c81, org.springframework.test.jpa.OrmXmlOverridingShadowingClassLoader@2bbf1be2
2772 [main] DEBUG org.aspectj.weaver.tools.WeavingAdaptor  - 16:58:02.292 main &gt; org.aspectj.weaver.tools.WeavingAdaptor.weaveClass org.aspectj.weaver.loadtime.ClassLoaderWeavingAdaptor@10b090ac org/hsqldb/lib/java/JavaSystem, byte[1686]
2772 [main] DEBUG org.aspectj.weaver.tools.WeavingAdaptor  - 16:58:02.292 main &lt; org.aspectj.weaver.tools.WeavingAdaptor.weaveClass false
2772 [main] DEBUG org.aspectj.weaver.loadtime.Aj  - 16:58:02.292 main &lt; org.aspectj.weaver.loadtime.Aj.preProcess byte[1686]
2772 [main] DEBUG org.aspectj.weaver.loadtime.Aj  - 16:58:02.292 main &gt; org.aspectj.weaver.loadtime.Aj.preProcess org.aspectj.weaver.loadtime.Aj@58027738 org/hsqldb/Token, byte[21842], org.springframework.test.jpa.OrmXmlOverridingShadowingClassLoader@2bbf1be2
2772 [main] DEBUG org.aspectj.weaver.loadtime.Aj  - 16:58:02.292 main - org.aspectj.weaver.loadtime.Aj.preProcess org.aspectj.weaver.loadtime.Aj@58027738 sun.misc.Launcher$AppClassLoader@302b2c81, org.springframework.test.jpa.OrmXmlOverridingShadowingClassLoader@2bbf1be2
2772 [main] DEBUG org.aspectj.weaver.tools.WeavingAdaptor  - 16:58:02.292 main &gt; org.aspectj.weaver.tools.WeavingAdaptor.weaveClass org.aspectj.weaver.loadtime.ClassLoaderWeavingAdaptor@10b090ac org/hsqldb/Token, byte[21842]
2772 [main] DEBUG org.aspectj.weaver.tools.WeavingAdaptor  - 16:58:02.292 main &lt; org.aspectj.weaver.tools.WeavingAdaptor.weaveClass false
2772 [main] DEBUG org.aspectj.weaver.loadtime.Aj  - 16:58:02.292 main &lt; org.aspectj.weaver.loadtime.Aj.preProcess byte[21842]
2774 [main] DEBUG org.aspectj.weaver.loadtime.Aj  - 16:58:02.294 main &gt; org.aspectj.weaver.loadtime.Aj.preProcess org.aspectj.weaver.loadtime.Aj@58027738 org/hsqldb/Trace, byte[15769], org.springframework.test.jpa.OrmXmlOverridingShadowingClassLoader@2bbf1be2
2774 [main] DEBUG org.aspectj.weaver.loadtime.Aj  - 16:58:02.294 main - org.aspectj.weaver.loadtime.Aj.preProcess org.aspectj.weaver.loadtime.Aj@58027738 sun.misc.Launcher$AppClassLoader@302b2c81, org.springframework.test.jpa.OrmXmlOverridingShadowingClassLoader@2bbf1be2
2774 [main] DEBUG org.aspectj.weaver.tools.WeavingAdaptor  - 16:58:02.294 main &gt; org.aspectj.weaver.tools.WeavingAdaptor.weaveClass org.aspectj.weaver.loadtime.ClassLoaderWeavingAdaptor@10b090ac org/hsqldb/Trace, byte[15769]
2774 [main] DEBUG org.aspectj.weaver.tools.WeavingAdaptor  - 16:58:02.294 main &lt; org.aspectj.weaver.tools.WeavingAdaptor.weaveClass false
2774 [main] DEBUG org.aspectj.weaver.loadtime.Aj  - 16:58:02.294 main &lt; org.aspectj.weaver.loadtime.Aj.preProcess byte[15769]
2775 [main] DEBUG org.aspectj.weaver.loadtime.Aj  - 16:58:02.295 main &gt; org.aspectj.weaver.loadtime.Aj.preProcess org.aspectj.weaver.loadtime.Aj@58027738 org/hsqldb/lib/HsqlByteArrayOutputStream, byte[2931], org.springframework.test.jpa.OrmXmlOverridingShadowingClassLoader@2bbf1be2
2775 [main] DEBUG org.aspectj.weaver.loadtime.Aj  - 16:58:02.295 main - org.aspectj.weaver.loadtime.Aj.preProcess org.aspectj.weaver.loadtime.Aj@58027738 sun.misc.Launcher$AppClassLoader@302b2c81, org.springframework.test.jpa.OrmXmlOverridingShadowingClassLoader@2bbf1be2
2775 [main] DEBUG org.aspectj.weaver.tools.WeavingAdaptor  - 16:58:02.295 main &gt; org.aspectj.weaver.tools.WeavingAdaptor.weaveClass org.aspectj.weaver.loadtime.ClassLoaderWeavingAdaptor@10b090ac org/hsqldb/lib/HsqlByteArrayOutputStream, byte[2931]
2775 [main] DEBUG org.aspectj.weaver.tools.WeavingAdaptor  - 16:58:02.295 main &lt; org.aspectj.weaver.tools.WeavingAdaptor.weaveClass false
2775 [main] DEBUG org.aspectj.weaver.loadtime.Aj  - 16:58:02.295 main &lt; org.aspectj.weaver.loadtime.Aj.preProcess byte[2931]
2776 [main] DEBUG org.aspectj.weaver.loadtime.Aj  - 16:58:02.295 main &gt; org.aspectj.weaver.loadtime.Aj.preProcess org.aspectj.weaver.loadtime.Aj@58027738 org/hsqldb/resources/BundleHandler, byte[3413], org.springframework.test.jpa.OrmXmlOverridingShadowingClassLoader@2bbf1be2
2776 [main] DEBUG org.aspectj.weaver.loadtime.Aj  - 16:58:02.296 main - org.aspectj.weaver.loadtime.Aj.preProcess org.aspectj.weaver.loadtime.Aj@58027738 sun.misc.Launcher$AppClassLoader@302b2c81, org.springframework.test.jpa.OrmXmlOverridingShadowingClassLoader@2bbf1be2
2776 [main] DEBUG org.aspectj.weaver.tools.WeavingAdaptor  - 16:58:02.296 main &gt; org.aspectj.weaver.tools.WeavingAdaptor.weaveClass org.aspectj.weaver.loadtime.ClassLoaderWeavingAdaptor@10b090ac org/hsqldb/resources/BundleHandler, byte[3413]
2776 [main] DEBUG org.aspectj.weaver.tools.WeavingAdaptor  - 16:58:02.296 main &lt; org.aspectj.weaver.tools.WeavingAdaptor.weaveClass false
2776 [main] DEBUG org.aspectj.weaver.loadtime.Aj  - 16:58:02.296 main &lt; org.aspectj.weaver.loadtime.Aj.preProcess byte[3413]
2777 [main] DEBUG org.aspectj.weaver.loadtime.Aj  - 16:58:02.297 main &gt; org.aspectj.weaver.loadtime.Aj.preProcess org.aspectj.weaver.loadtime.Aj@58027738 org/apache/commons/pool/impl/GenericKeyedObjectPool, byte[17926], org.springframework.test.jpa.OrmXmlOverridingShadowingClassLoader@2bbf1be2
2778 [main] DEBUG org.aspectj.weaver.loadtime.Aj  - 16:58:02.298 main - org.aspectj.weaver.loadtime.Aj.preProcess org.aspectj.weaver.loadtime.Aj@58027738 sun.misc.Launcher$AppClassLoader@302b2c81, org.springframework.test.jpa.OrmXmlOverridingShadowingClassLoader@2bbf1be2
2778 [main] DEBUG org.aspectj.weaver.tools.WeavingAdaptor  - 16:58:02.298 main &gt; org.aspectj.weaver.tools.WeavingAdaptor.weaveClass org.aspectj.weaver.loadtime.ClassLoaderWeavingAdaptor@10b090ac org/apache/commons/pool/impl/GenericKeyedObjectPool, byte[17926]
2778 [main] DEBUG org.aspectj.weaver.tools.WeavingAdaptor  - 16:58:02.298 main &lt; org.aspectj.weaver.tools.WeavingAdaptor.weaveClass false
2778 [main] DEBUG org.aspectj.weaver.loadtime.Aj  - 16:58:02.298 main &lt; org.aspectj.weaver.loadtime.Aj.preProcess byte[17926]
2778 [main] DEBUG org.aspectj.weaver.loadtime.Aj  - 16:58:02.298 main &gt; org.aspectj.weaver.loadtime.Aj.preProcess org.aspectj.weaver.loadtime.Aj@58027738 org/apache/commons/pool/BaseKeyedObjectPool, byte[1678], org.springframework.test.jpa.OrmXmlOverridingShadowingClassLoader@2bbf1be2
2778 [main] DEBUG org.aspectj.weaver.loadtime.Aj  - 16:58:02.298 main - org.aspectj.weaver.loadtime.Aj.preProcess org.aspectj.weaver.loadtime.Aj@58027738 sun.misc.Launcher$AppClassLoader@302b2c81, org.springframework.test.jpa.OrmXmlOverridingShadowingClassLoader@2bbf1be2
2778 [main] DEBUG org.aspectj.weaver.tools.WeavingAdaptor  - 16:58:02.298 main &gt; org.aspectj.weaver.tools.WeavingAdaptor.weaveClass org.aspectj.weaver.loadtime.ClassLoaderWeavingAdaptor@10b090ac org/apache/commons/pool/BaseKeyedObjectPool, byte[1678]
2778 [main] DEBUG org.aspectj.weaver.tools.WeavingAdaptor  - 16:58:02.298 main &lt; org.aspectj.weaver.tools.WeavingAdaptor.weaveClass false
2779 [main] DEBUG org.aspectj.weaver.loadtime.Aj  - 16:58:02.298 main &lt; org.aspectj.weaver.loadtime.Aj.preProcess byte[1678]
2779 [main] DEBUG org.aspectj.weaver.loadtime.Aj  - 16:58:02.299 main &gt; org.aspectj.weaver.loadtime.Aj.preProcess org.aspectj.weaver.loadtime.Aj@58027738 org/apache/commons/pool/impl/GenericKeyedObjectPool$Evictor, byte[1220], org.springframework.test.jpa.OrmXmlOverridingShadowingClassLoader@2bbf1be2
2779 [main] DEBUG org.aspectj.weaver.loadtime.Aj  - 16:58:02.299 main - org.aspectj.weaver.loadtime.Aj.preProcess org.aspectj.weaver.loadtime.Aj@58027738 sun.misc.Launcher$AppClassLoader@302b2c81, org.springframework.test.jpa.OrmXmlOverridingShadowingClassLoader@2bbf1be2
2779 [main] DEBUG org.aspectj.weaver.tools.WeavingAdaptor  - 16:58:02.299 main &gt; org.aspectj.weaver.tools.WeavingAdaptor.weaveClass org.aspectj.weaver.loadtime.ClassLoaderWeavingAdaptor@10b090ac org/apache/commons/pool/impl/GenericKeyedObjectPool$Evictor, byte[1220]
2780 [main] DEBUG org.aspectj.weaver.tools.WeavingAdaptor  - 16:58:02.299 main &lt; org.aspectj.weaver.tools.WeavingAdaptor.weaveClass false
2780 [main] DEBUG org.aspectj.weaver.loadtime.Aj  - 16:58:02.300 main &lt; org.aspectj.weaver.loadtime.Aj.preProcess byte[1220]
2780 [main] DEBUG org.aspectj.weaver.loadtime.Aj  - 16:58:02.300 main &gt; org.aspectj.weaver.loadtime.Aj.preProcess org.aspectj.weaver.loadtime.Aj@58027738 org/apache/commons/dbcp/PoolingConnection, byte[5024], org.springframework.test.jpa.OrmXmlOverridingShadowingClassLoader@2bbf1be2
2780 [main] DEBUG org.aspectj.weaver.loadtime.Aj  - 16:58:02.300 main - org.aspectj.weaver.loadtime.Aj.preProcess org.aspectj.weaver.loadtime.Aj@58027738 sun.misc.Launcher$AppClassLoader@302b2c81, org.springframework.test.jpa.OrmXmlOverridingShadowingClassLoader@2bbf1be2
2780 [main] DEBUG org.aspectj.weaver.tools.WeavingAdaptor  - 16:58:02.300 main &gt; org.aspectj.weaver.tools.WeavingAdaptor.weaveClass org.aspectj.weaver.loadtime.ClassLoaderWeavingAdaptor@10b090ac org/apache/commons/dbcp/PoolingConnection, byte[5024]
2780 [main] DEBUG org.aspectj.weaver.tools.WeavingAdaptor  - 16:58:02.300 main &lt; org.aspectj.weaver.tools.WeavingAdaptor.weaveClass false
2780 [main] DEBUG org.aspectj.weaver.loadtime.Aj  - 16:58:02.300 main &lt; org.aspectj.weaver.loadtime.Aj.preProcess byte[5024]
2781 [main] DEBUG org.aspectj.weaver.loadtime.Aj  - 16:58:02.301 main &gt; org.aspectj.weaver.loadtime.Aj.preProcess org.aspectj.weaver.loadtime.Aj@58027738 org/apache/commons/dbcp/DelegatingConnection, byte[10438], org.springframework.test.jpa.OrmXmlOverridingShadowingClassLoader@2bbf1be2
2781 [main] DEBUG org.aspectj.weaver.loadtime.Aj  - 16:58:02.301 main - org.aspectj.weaver.loadtime.Aj.preProcess org.aspectj.weaver.loadtime.Aj@58027738 sun.misc.Launcher$AppClassLoader@302b2c81, org.springframework.test.jpa.OrmXmlOverridingShadowingClassLoader@2bbf1be2
2781 [main] DEBUG org.aspectj.weaver.tools.WeavingAdaptor  - 16:58:02.301 main &gt; org.aspectj.weaver.tools.WeavingAdaptor.weaveClass org.aspectj.weaver.loadtime.ClassLoaderWeavingAdaptor@10b090ac org/apache/commons/dbcp/DelegatingConnection, byte[10438]
2781 [main] DEBUG org.aspectj.weaver.tools.WeavingAdaptor  - 16:58:02.301 main &lt; org.aspectj.weaver.tools.WeavingAdaptor.weaveClass false
2781 [main] DEBUG org.aspectj.weaver.loadtime.Aj  - 16:58:02.301 main &lt; org.aspectj.weaver.loadtime.Aj.preProcess byte[10438]
2781 [main] DEBUG org.aspectj.weaver.loadtime.Aj  - 16:58:02.301 main &gt; org.aspectj.weaver.loadtime.Aj.preProcess org.aspectj.weaver.loadtime.Aj@58027738 org/apache/commons/dbcp/AbandonedTrace, byte[3410], org.springframework.test.jpa.OrmXmlOverridingShadowingClassLoader@2bbf1be2
2781 [main] DEBUG org.aspectj.weaver.loadtime.Aj  - 16:58:02.301 main - org.aspectj.weaver.loadtime.Aj.preProcess org.aspectj.weaver.loadtime.Aj@58027738 sun.misc.Launcher$AppClassLoader@302b2c81, org.springframework.test.jpa.OrmXmlOverridingShadowingClassLoader@2bbf1be2
2782 [main] DEBUG org.aspectj.weaver.tools.WeavingAdaptor  - 16:58:02.302 main &gt; org.aspectj.weaver.tools.WeavingAdaptor.weaveClass org.aspectj.weaver.loadtime.ClassLoaderWeavingAdaptor@10b090ac org/apache/commons/dbcp/AbandonedTrace, byte[3410]
2782 [main] DEBUG org.aspectj.weaver.tools.WeavingAdaptor  - 16:58:02.302 main &lt; org.aspectj.weaver.tools.WeavingAdaptor.weaveClass false
2782 [main] DEBUG org.aspectj.weaver.loadtime.Aj  - 16:58:02.302 main &lt; org.aspectj.weaver.loadtime.Aj.preProcess byte[3410]
2783 [main] DEBUG org.aspectj.weaver.loadtime.Aj  - 16:58:02.303 main &gt; org.aspectj.weaver.loadtime.Aj.preProcess org.aspectj.weaver.loadtime.Aj@58027738 org/apache/commons/dbcp/PoolableConnection, byte[2031], org.springframework.test.jpa.OrmXmlOverridingShadowingClassLoader@2bbf1be2
2783 [main] DEBUG org.aspectj.weaver.loadtime.Aj  - 16:58:02.303 main - org.aspectj.weaver.loadtime.Aj.preProcess org.aspectj.weaver.loadtime.Aj@58027738 sun.misc.Launcher$AppClassLoader@302b2c81, org.springframework.test.jpa.OrmXmlOverridingShadowingClassLoader@2bbf1be2
2783 [main] DEBUG org.aspectj.weaver.tools.WeavingAdaptor  - 16:58:02.303 main &gt; org.aspectj.weaver.tools.WeavingAdaptor.weaveClass org.aspectj.weaver.loadtime.ClassLoaderWeavingAdaptor@10b090ac org/apache/commons/dbcp/PoolableConnection, byte[2031]
2783 [main] DEBUG org.aspectj.weaver.tools.WeavingAdaptor  - 16:58:02.303 main &lt; org.aspectj.weaver.tools.WeavingAdaptor.weaveClass false
2783 [main] DEBUG org.aspectj.weaver.loadtime.Aj  - 16:58:02.303 main &lt; org.aspectj.weaver.loadtime.Aj.preProcess byte[2031]
2784 [main] DEBUG org.aspectj.weaver.loadtime.Aj  - 16:58:02.304 main &gt; org.aspectj.weaver.loadtime.Aj.preProcess org.aspectj.weaver.loadtime.Aj@58027738 org/apache/commons/dbcp/PoolingDataSource, byte[3255], org.springframework.test.jpa.OrmXmlOverridingShadowingClassLoader@2bbf1be2
2784 [main] DEBUG org.aspectj.weaver.loadtime.Aj  - 16:58:02.304 main - org.aspectj.weaver.loadtime.Aj.preProcess org.aspectj.weaver.loadtime.Aj@58027738 sun.misc.Launcher$AppClassLoader@302b2c81, org.springframework.test.jpa.OrmXmlOverridingShadowingClassLoader@2bbf1be2
2784 [main] DEBUG org.aspectj.weaver.tools.WeavingAdaptor  - 16:58:02.304 main &gt; org.aspectj.weaver.tools.WeavingAdaptor.weaveClass org.aspectj.weaver.loadtime.ClassLoaderWeavingAdaptor@10b090ac org/apache/commons/dbcp/PoolingDataSource, byte[3255]
2784 [main] DEBUG org.aspectj.weaver.tools.WeavingAdaptor  - 16:58:02.304 main &lt; org.aspectj.weaver.tools.WeavingAdaptor.weaveClass false
2784 [main] DEBUG org.aspectj.weaver.loadtime.Aj  - 16:58:02.304 main &lt; org.aspectj.weaver.loadtime.Aj.preProcess byte[3255]
2784 [main] DEBUG org.aspectj.weaver.loadtime.Aj  - 16:58:02.304 main &gt; org.aspectj.weaver.loadtime.Aj.preProcess org.aspectj.weaver.loadtime.Aj@58027738 org/apache/commons/pool/impl/GenericKeyedObjectPool$ObjectTimestampPair, byte[1480], org.springframework.test.jpa.OrmXmlOverridingShadowingClassLoader@2bbf1be2
2785 [main] DEBUG org.aspectj.weaver.loadtime.Aj  - 16:58:02.305 main - org.aspectj.weaver.loadtime.Aj.preProcess org.aspectj.weaver.loadtime.Aj@58027738 sun.misc.Launcher$AppClassLoader@302b2c81, org.springframework.test.jpa.OrmXmlOverridingShadowingClassLoader@2bbf1be2
2785 [main] DEBUG org.aspectj.weaver.tools.WeavingAdaptor  - 16:58:02.305 main &gt; org.aspectj.weaver.tools.WeavingAdaptor.weaveClass org.aspectj.weaver.loadtime.ClassLoaderWeavingAdaptor@10b090ac org/apache/commons/pool/impl/GenericKeyedObjectPool$ObjectTimestampPair, byte[1480]
2785 [main] DEBUG org.aspectj.weaver.tools.WeavingAdaptor  - 16:58:02.305 main &lt; org.aspectj.weaver.tools.WeavingAdaptor.weaveClass false
2785 [main] DEBUG org.aspectj.weaver.loadtime.Aj  - 16:58:02.305 main &lt; org.aspectj.weaver.loadtime.Aj.preProcess byte[1480]
2785 [main] DEBUG org.aspectj.weaver.loadtime.Aj  - 16:58:02.305 main &gt; org.aspectj.weaver.loadtime.Aj.preProcess org.aspectj.weaver.loadtime.Aj@58027738 org/apache/commons/dbcp/PoolingDataSource$PoolGuardConnectionWrapper, byte[7461], org.springframework.test.jpa.OrmXmlOverridingShadowingClassLoader@2bbf1be2
2785 [main] DEBUG org.aspectj.weaver.loadtime.Aj  - 16:58:02.305 main - org.aspectj.weaver.loadtime.Aj.preProcess org.aspectj.weaver.loadtime.Aj@58027738 sun.misc.Launcher$AppClassLoader@302b2c81, org.springframework.test.jpa.OrmXmlOverridingShadowingClassLoader@2bbf1be2
2785 [main] DEBUG org.aspectj.weaver.tools.WeavingAdaptor  - 16:58:02.305 main &gt; org.aspectj.weaver.tools.WeavingAdaptor.weaveClass org.aspectj.weaver.loadtime.ClassLoaderWeavingAdaptor@10b090ac org/apache/commons/dbcp/PoolingDataSource$PoolGuardConnectionWrapper, byte[7461]
2785 [main] DEBUG org.aspectj.weaver.tools.WeavingAdaptor  - 16:58:02.305 main &lt; org.aspectj.weaver.tools.WeavingAdaptor.weaveClass false
2785 [main] DEBUG org.aspectj.weaver.loadtime.Aj  - 16:58:02.305 main &lt; org.aspectj.weaver.loadtime.Aj.preProcess byte[7461]
2786 [main] WARN  tudu.domain.configuration.DataSourceFactory  - HSQLDB database started.
2787 [main] DEBUG org.aspectj.weaver.loadtime.Aj  - 16:58:02.307 main &gt; org.aspectj.weaver.loadtime.Aj.preProcess org.aspectj.weaver.loadtime.Aj@58027738 org/springframework/beans/factory/support/ConstructorResolver$ArgumentsHolder, byte[1184], org.springframework.test.jpa.OrmXmlOverridingShadowingClassLoader@2bbf1be2
2787 [main] DEBUG org.aspectj.weaver.loadtime.Aj  - 16:58:02.307 main - org.aspectj.weaver.loadtime.Aj.preProcess org.aspectj.weaver.loadtime.Aj@58027738 sun.misc.Launcher$AppClassLoader@302b2c81, org.springframework.test.jpa.OrmXmlOverridingShadowingClassLoader@2bbf1be2
2787 [main] DEBUG org.aspectj.weaver.tools.WeavingAdaptor  - 16:58:02.307 main &gt; org.aspectj.weaver.tools.WeavingAdaptor.weaveClass org.aspectj.weaver.loadtime.ClassLoaderWeavingAdaptor@10b090ac org/springframework/beans/factory/support/ConstructorResolver$ArgumentsHolder, byte[1184]
2787 [main] DEBUG org.aspectj.weaver.tools.WeavingAdaptor  - 16:58:02.307 main &lt; org.aspectj.weaver.tools.WeavingAdaptor.weaveClass false
2787 [main] DEBUG org.aspectj.weaver.loadtime.Aj  - 16:58:02.307 main &lt; org.aspectj.weaver.loadtime.Aj.preProcess byte[1184]
2787 [main] DEBUG org.aspectj.weaver.loadtime.Aj  - 16:58:02.307 main &gt; org.aspectj.weaver.loadtime.Aj.preProcess org.aspectj.weaver.loadtime.Aj@58027738 org/springframework/util/MethodInvoker, byte[5775], org.springframework.test.jpa.OrmXmlOverridingShadowingClassLoader@2bbf1be2
2787 [main] DEBUG org.aspectj.weaver.loadtime.Aj  - 16:58:02.307 main - org.aspectj.weaver.loadtime.Aj.preProcess org.aspectj.weaver.loadtime.Aj@58027738 sun.misc.Launcher$AppClassLoader@302b2c81, org.springframework.test.jpa.OrmXmlOverridingShadowingClassLoader@2bbf1be2
2787 [main] DEBUG org.aspectj.weaver.tools.WeavingAdaptor  - 16:58:02.307 main &gt; org.aspectj.weaver.tools.WeavingAdaptor.weaveClass org.aspectj.weaver.loadtime.ClassLoaderWeavingAdaptor@10b090ac org/springframework/util/MethodInvoker, byte[5775]
2787 [main] DEBUG org.aspectj.weaver.tools.WeavingAdaptor  - 16:58:02.307 main &lt; org.aspectj.weaver.tools.WeavingAdaptor.weaveClass false
2787 [main] DEBUG org.aspectj.weaver.loadtime.Aj  - 16:58:02.307 main &lt; org.aspectj.weaver.loadtime.Aj.preProcess byte[5775]
2792 [main] DEBUG org.aspectj.weaver.loadtime.Aj  - 16:58:02.312 main &gt; org.aspectj.weaver.loadtime.Aj.preProcess org.aspectj.weaver.loadtime.Aj@58027738 org/springframework/jdbc/datasource/lookup/SingleDataSourceLookup, byte[863], org.springframework.test.jpa.OrmXmlOverridingShadowingClassLoader@2bbf1be2
2792 [main] DEBUG org.aspectj.weaver.loadtime.Aj  - 16:58:02.312 main - org.aspectj.weaver.loadtime.Aj.preProcess org.aspectj.weaver.loadtime.Aj@58027738 sun.misc.Launcher$AppClassLoader@302b2c81, org.springframework.test.jpa.OrmXmlOverridingShadowingClassLoader@2bbf1be2
2792 [main] DEBUG org.aspectj.weaver.tools.WeavingAdaptor  - 16:58:02.312 main &gt; org.aspectj.weaver.tools.WeavingAdaptor.weaveClass org.aspectj.weaver.loadtime.ClassLoaderWeavingAdaptor@10b090ac org/springframework/jdbc/datasource/lookup/SingleDataSourceLookup, byte[863]
2792 [main] DEBUG org.aspectj.weaver.tools.WeavingAdaptor  - 16:58:02.312 main &lt; org.aspectj.weaver.tools.WeavingAdaptor.weaveClass false
2792 [main] DEBUG org.aspectj.weaver.loadtime.Aj  - 16:58:02.312 main &lt; org.aspectj.weaver.loadtime.Aj.preProcess byte[863]
2792 [main] DEBUG org.aspectj.weaver.loadtime.Aj  - 16:58:02.312 main &gt; org.aspectj.weaver.loadtime.Aj.preProcess org.aspectj.weaver.loadtime.Aj@58027738 org/springframework/core/io/support/ResourcePatternUtils, byte[1263], org.springframework.test.jpa.OrmXmlOverridingShadowingClassLoader@2bbf1be2
2792 [main] DEBUG org.aspectj.weaver.loadtime.Aj  - 16:58:02.312 main - org.aspectj.weaver.loadtime.Aj.preProcess org.aspectj.weaver.loadtime.Aj@58027738 sun.misc.Launcher$AppClassLoader@302b2c81, org.springframework.test.jpa.OrmXmlOverridingShadowingClassLoader@2bbf1be2
2792 [main] DEBUG org.aspectj.weaver.tools.WeavingAdaptor  - 16:58:02.312 main &gt; org.aspectj.weaver.tools.WeavingAdaptor.weaveClass org.aspectj.weaver.loadtime.ClassLoaderWeavingAdaptor@10b090ac org/springframework/core/io/support/ResourcePatternUtils, byte[1263]
2792 [main] DEBUG org.aspectj.weaver.tools.WeavingAdaptor  - 16:58:02.312 main &lt; org.aspectj.weaver.tools.WeavingAdaptor.weaveClass false
2793 [main] DEBUG org.aspectj.weaver.loadtime.Aj  - 16:58:02.312 main &lt; org.aspectj.weaver.loadtime.Aj.preProcess byte[1263]
2793 [main] DEBUG org.aspectj.weaver.loadtime.Aj  - 16:58:02.313 main &gt; org.aspectj.weaver.loadtime.Aj.preProcess org.aspectj.weaver.loadtime.Aj@58027738 org/springframework/orm/jpa/vendor/HibernateJpaVendorAdapter$1, byte[1280], org.springframework.test.jpa.OrmXmlOverridingShadowingClassLoader@2bbf1be2
2793 [main] DEBUG org.aspectj.weaver.loadtime.Aj  - 16:58:02.313 main - org.aspectj.weaver.loadtime.Aj.preProcess org.aspectj.weaver.loadtime.Aj@58027738 sun.misc.Launcher$AppClassLoader@302b2c81, org.springframework.test.jpa.OrmXmlOverridingShadowingClassLoader@2bbf1be2
2793 [main] DEBUG org.aspectj.weaver.tools.WeavingAdaptor  - 16:58:02.313 main &gt; org.aspectj.weaver.tools.WeavingAdaptor.weaveClass org.aspectj.weaver.loadtime.ClassLoaderWeavingAdaptor@10b090ac org/springframework/orm/jpa/vendor/HibernateJpaVendorAdapter$1, byte[1280]
2793 [main] DEBUG org.aspectj.weaver.tools.WeavingAdaptor  - 16:58:02.313 main &lt; org.aspectj.weaver.tools.WeavingAdaptor.weaveClass false
2793 [main] DEBUG org.aspectj.weaver.loadtime.Aj  - 16:58:02.313 main &lt; org.aspectj.weaver.loadtime.Aj.preProcess byte[1280]
2794 [main] DEBUG org.aspectj.weaver.loadtime.Aj  - 16:58:02.314 main &gt; org.aspectj.weaver.loadtime.Aj.preProcess org.aspectj.weaver.loadtime.Aj@58027738 org/hibernate/dialect/HSQLDialect, byte[8342], org.springframework.test.jpa.OrmXmlOverridingShadowingClassLoader@2bbf1be2
2794 [main] DEBUG org.aspectj.weaver.loadtime.Aj  - 16:58:02.314 main - org.aspectj.weaver.loadtime.Aj.preProcess org.aspectj.weaver.loadtime.Aj@58027738 sun.misc.Launcher$AppClassLoader@302b2c81, org.springframework.test.jpa.OrmXmlOverridingShadowingClassLoader@2bbf1be2
2794 [main] DEBUG org.aspectj.weaver.tools.WeavingAdaptor  - 16:58:02.314 main &gt; org.aspectj.weaver.tools.WeavingAdaptor.weaveClass org.aspectj.weaver.loadtime.ClassLoaderWeavingAdaptor@10b090ac org/hibernate/dialect/HSQLDialect, byte[8342]
2794 [main] DEBUG org.aspectj.weaver.tools.WeavingAdaptor  - 16:58:02.314 main &lt; org.aspectj.weaver.tools.WeavingAdaptor.weaveClass false
2794 [main] DEBUG org.aspectj.weaver.loadtime.Aj  - 16:58:02.314 main &lt; org.aspectj.weaver.loadtime.Aj.preProcess byte[8342]
2795 [main] DEBUG org.aspectj.weaver.loadtime.Aj  - 16:58:02.315 main &gt; org.aspectj.weaver.loadtime.Aj.preProcess org.aspectj.weaver.loadtime.Aj@58027738 org/hibernate/dialect/Dialect, byte[22410], org.springframework.test.jpa.OrmXmlOverridingShadowingClassLoader@2bbf1be2
2795 [main] DEBUG org.aspectj.weaver.loadtime.Aj  - 16:58:02.315 main - org.aspectj.weaver.loadtime.Aj.preProcess org.aspectj.weaver.loadtime.Aj@58027738 sun.misc.Launcher$AppClassLoader@302b2c81, org.springframework.test.jpa.OrmXmlOverridingShadowingClassLoader@2bbf1be2
2795 [main] DEBUG org.aspectj.weaver.tools.WeavingAdaptor  - 16:58:02.315 main &gt; org.aspectj.weaver.tools.WeavingAdaptor.weaveClass org.aspectj.weaver.loadtime.ClassLoaderWeavingAdaptor@10b090ac org/hibernate/dialect/Dialect, byte[22410]
2795 [main] DEBUG org.aspectj.weaver.tools.WeavingAdaptor  - 16:58:02.315 main &lt; org.aspectj.weaver.tools.WeavingAdaptor.weaveClass false
2795 [main] DEBUG org.aspectj.weaver.loadtime.Aj  - 16:58:02.315 main &lt; org.aspectj.weaver.loadtime.Aj.preProcess byte[22410]
2796 [main] DEBUG org.aspectj.weaver.loadtime.Aj  - 16:58:02.316 main &gt; org.aspectj.weaver.loadtime.Aj.preProcess org.aspectj.weaver.loadtime.Aj@58027738 org/hibernate/ejb/HibernateEntityManagerFactory, byte[294], org.springframework.test.jpa.OrmXmlOverridingShadowingClassLoader@2bbf1be2
2796 [main] DEBUG org.aspectj.weaver.loadtime.Aj  - 16:58:02.316 main - org.aspectj.weaver.loadtime.Aj.preProcess org.aspectj.weaver.loadtime.Aj@58027738 sun.misc.Launcher$AppClassLoader@302b2c81, org.springframework.test.jpa.OrmXmlOverridingShadowingClassLoader@2bbf1be2
2796 [main] DEBUG org.aspectj.weaver.tools.WeavingAdaptor  - 16:58:02.316 main &gt; org.aspectj.weaver.tools.WeavingAdaptor.weaveClass org.aspectj.weaver.loadtime.ClassLoaderWeavingAdaptor@10b090ac org/hibernate/ejb/HibernateEntityManagerFactory, byte[294]
2796 [main] DEBUG org.aspectj.weaver.tools.WeavingAdaptor  - 16:58:02.316 main &lt; org.aspectj.weaver.tools.WeavingAdaptor.weaveClass false
2797 [main] DEBUG org.aspectj.weaver.loadtime.Aj  - 16:58:02.317 main &lt; org.aspectj.weaver.loadtime.Aj.preProcess byte[294]
2797 [main] DEBUG org.aspectj.weaver.loadtime.Aj  - 16:58:02.317 main &gt; org.aspectj.weaver.loadtime.Aj.preProcess org.aspectj.weaver.loadtime.Aj@58027738 org/hibernate/ejb/HibernateEntityManager, byte[231], org.springframework.test.jpa.OrmXmlOverridingShadowingClassLoader@2bbf1be2
2797 [main] DEBUG org.aspectj.weaver.loadtime.Aj  - 16:58:02.317 main - org.aspectj.weaver.loadtime.Aj.preProcess org.aspectj.weaver.loadtime.Aj@58027738 sun.misc.Launcher$AppClassLoader@302b2c81, org.springframework.test.jpa.OrmXmlOverridingShadowingClassLoader@2bbf1be2
2797 [main] DEBUG org.aspectj.weaver.tools.WeavingAdaptor  - 16:58:02.317 main &gt; org.aspectj.weaver.tools.WeavingAdaptor.weaveClass org.aspectj.weaver.loadtime.ClassLoaderWeavingAdaptor@10b090ac org/hibernate/ejb/HibernateEntityManager, byte[231]
2797 [main] DEBUG org.aspectj.weaver.tools.WeavingAdaptor  - 16:58:02.317 main &lt; org.aspectj.weaver.tools.WeavingAdaptor.weaveClass false
2797 [main] DEBUG org.aspectj.weaver.loadtime.Aj  - 16:58:02.317 main &lt; org.aspectj.weaver.loadtime.Aj.preProcess byte[231]
2797 [main] DEBUG org.aspectj.weaver.loadtime.Aj  - 16:58:02.317 main &gt; org.aspectj.weaver.loadtime.Aj.preProcess org.aspectj.weaver.loadtime.Aj@58027738 org/springframework/orm/jpa/persistenceunit/PersistenceUnitReader, byte[12441], org.springframework.test.jpa.OrmXmlOverridingShadowingClassLoader@2bbf1be2
2797 [main] DEBUG org.aspectj.weaver.loadtime.Aj  - 16:58:02.317 main - org.aspectj.weaver.loadtime.Aj.preProcess org.aspectj.weaver.loadtime.Aj@58027738 sun.misc.Launcher$AppClassLoader@302b2c81, org.springframework.test.jpa.OrmXmlOverridingShadowingClassLoader@2bbf1be2
2797 [main] DEBUG org.aspectj.weaver.tools.WeavingAdaptor  - 16:58:02.317 main &gt; org.aspectj.weaver.tools.WeavingAdaptor.weaveClass org.aspectj.weaver.loadtime.ClassLoaderWeavingAdaptor@10b090ac org/springframework/orm/jpa/persistenceunit/PersistenceUnitReader, byte[12441]
2798 [main] DEBUG org.aspectj.weaver.tools.WeavingAdaptor  - 16:58:02.317 main &lt; org.aspectj.weaver.tools.WeavingAdaptor.weaveClass false
2798 [main] DEBUG org.aspectj.weaver.loadtime.Aj  - 16:58:02.318 main &lt; org.aspectj.weaver.loadtime.Aj.preProcess byte[12441]
2799 [main] DEBUG org.aspectj.weaver.loadtime.Aj  - 16:58:02.319 main &gt; org.aspectj.weaver.loadtime.Aj.preProcess org.aspectj.weaver.loadtime.Aj@58027738 org/springframework/util/ResourceUtils, byte[5025], org.springframework.test.jpa.OrmXmlOverridingShadowingClassLoader@2bbf1be2
2799 [main] DEBUG org.aspectj.weaver.loadtime.Aj  - 16:58:02.319 main - org.aspectj.weaver.loadtime.Aj.preProcess org.aspectj.weaver.loadtime.Aj@58027738 sun.misc.Launcher$AppClassLoader@302b2c81, org.springframework.test.jpa.OrmXmlOverridingShadowingClassLoader@2bbf1be2
2799 [main] DEBUG org.aspectj.weaver.tools.WeavingAdaptor  - 16:58:02.319 main &gt; org.aspectj.weaver.tools.WeavingAdaptor.weaveClass org.aspectj.weaver.loadtime.ClassLoaderWeavingAdaptor@10b090ac org/springframework/util/ResourceUtils, byte[5025]
2799 [main] DEBUG org.aspectj.weaver.tools.WeavingAdaptor  - 16:58:02.319 main &lt; org.aspectj.weaver.tools.WeavingAdaptor.weaveClass false
2799 [main] DEBUG org.aspectj.weaver.loadtime.Aj  - 16:58:02.319 main &lt; org.aspectj.weaver.loadtime.Aj.preProcess byte[5025]
2806 [main] DEBUG org.aspectj.weaver.loadtime.Aj  - 16:58:02.326 main &gt; org.aspectj.weaver.loadtime.Aj.preProcess org.aspectj.weaver.loadtime.Aj@58027738 org/springframework/instrument/classloading/SimpleThrowawayClassLoader, byte[494], org.springframework.test.jpa.OrmXmlOverridingShadowingClassLoader@2bbf1be2
2806 [main] DEBUG org.aspectj.weaver.loadtime.Aj  - 16:58:02.326 main - org.aspectj.weaver.loadtime.Aj.preProcess org.aspectj.weaver.loadtime.Aj@58027738 sun.misc.Launcher$AppClassLoader@302b2c81, org.springframework.test.jpa.OrmXmlOverridingShadowingClassLoader@2bbf1be2
2806 [main] DEBUG org.aspectj.weaver.tools.WeavingAdaptor  - 16:58:02.326 main &gt; org.aspectj.weaver.tools.WeavingAdaptor.weaveClass org.aspectj.weaver.loadtime.ClassLoaderWeavingAdaptor@10b090ac org/springframework/instrument/classloading/SimpleThrowawayClassLoader, byte[494]
2806 [main] DEBUG org.aspectj.weaver.tools.WeavingAdaptor  - 16:58:02.326 main &lt; org.aspectj.weaver.tools.WeavingAdaptor.weaveClass false
2806 [main] DEBUG org.aspectj.weaver.loadtime.Aj  - 16:58:02.326 main &lt; org.aspectj.weaver.loadtime.Aj.preProcess byte[494]
2807 [main] DEBUG org.aspectj.weaver.loadtime.Aj  - 16:58:02.327 main &gt; org.aspectj.weaver.loadtime.Aj.preProcess org.aspectj.weaver.loadtime.Aj@58027738 org/springframework/core/OverridingClassLoader, byte[2912], org.springframework.test.jpa.OrmXmlOverridingShadowingClassLoader@2bbf1be2
2807 [main] DEBUG org.aspectj.weaver.loadtime.Aj  - 16:58:02.327 main - org.aspectj.weaver.loadtime.Aj.preProcess org.aspectj.weaver.loadtime.Aj@58027738 sun.misc.Launcher$AppClassLoader@302b2c81, org.springframework.test.jpa.OrmXmlOverridingShadowingClassLoader@2bbf1be2
2807 [main] DEBUG org.aspectj.weaver.tools.WeavingAdaptor  - 16:58:02.327 main &gt; org.aspectj.weaver.tools.WeavingAdaptor.weaveClass org.aspectj.weaver.loadtime.ClassLoaderWeavingAdaptor@10b090ac org/springframework/core/OverridingClassLoader, byte[2912]
2807 [main] DEBUG org.aspectj.weaver.tools.WeavingAdaptor  - 16:58:02.327 main &lt; org.aspectj.weaver.tools.WeavingAdaptor.weaveClass false
2807 [main] DEBUG org.aspectj.weaver.loadtime.Aj  - 16:58:02.327 main &lt; org.aspectj.weaver.loadtime.Aj.preProcess byte[2912]
2809 [main] DEBUG org.aspectj.weaver.loadtime.Aj  - 16:58:02.329 main &gt; org.aspectj.weaver.loadtime.Aj.preProcess org.aspectj.weaver.loadtime.Aj@58027738 org/hibernate/ejb/Ejb3Configuration, byte[40926], org.springframework.test.jpa.OrmXmlOverridingShadowingClassLoader@2bbf1be2
2809 [main] DEBUG org.aspectj.weaver.loadtime.Aj  - 16:58:02.329 main - org.aspectj.weaver.loadtime.Aj.preProcess org.aspectj.weaver.loadtime.Aj@58027738 sun.misc.Launcher$AppClassLoader@302b2c81, org.springframework.test.jpa.OrmXmlOverridingShadowingClassLoader@2bbf1be2
2809 [main] DEBUG org.aspectj.weaver.tools.WeavingAdaptor  - 16:58:02.329 main &gt; org.aspectj.weaver.tools.WeavingAdaptor.weaveClass org.aspectj.weaver.loadtime.ClassLoaderWeavingAdaptor@10b090ac org/hibernate/ejb/Ejb3Configuration, byte[40926]
2809 [main] DEBUG org.aspectj.weaver.tools.WeavingAdaptor  - 16:58:02.329 main &lt; org.aspectj.weaver.tools.WeavingAdaptor.weaveClass false
2809 [main] DEBUG org.aspectj.weaver.loadtime.Aj  - 16:58:02.329 main &lt; org.aspectj.weaver.loadtime.Aj.preProcess byte[40926]
2811 [main] DEBUG org.aspectj.weaver.loadtime.Aj  - 16:58:02.331 main &gt; org.aspectj.weaver.loadtime.Aj.preProcess org.aspectj.weaver.loadtime.Aj@58027738 org/hibernate/MappingException, byte[667], org.springframework.test.jpa.OrmXmlOverridingShadowingClassLoader@2bbf1be2
2811 [main] DEBUG org.aspectj.weaver.loadtime.Aj  - 16:58:02.331 main - org.aspectj.weaver.loadtime.Aj.preProcess org.aspectj.weaver.loadtime.Aj@58027738 sun.misc.Launcher$AppClassLoader@302b2c81, org.springframework.test.jpa.OrmXmlOverridingShadowingClassLoader@2bbf1be2
2811 [main] DEBUG org.aspectj.weaver.tools.WeavingAdaptor  - 16:58:02.331 main &gt; org.aspectj.weaver.tools.WeavingAdaptor.weaveClass org.aspectj.weaver.loadtime.ClassLoaderWeavingAdaptor@10b090ac org/hibernate/MappingException, byte[667]
2811 [main] DEBUG org.aspectj.weaver.tools.WeavingAdaptor  - 16:58:02.331 main &lt; org.aspectj.weaver.tools.WeavingAdaptor.weaveClass false
2811 [main] DEBUG org.aspectj.weaver.loadtime.Aj  - 16:58:02.331 main &lt; org.aspectj.weaver.loadtime.Aj.preProcess byte[667]
2811 [main] DEBUG org.aspectj.weaver.loadtime.Aj  - 16:58:02.331 main &gt; org.aspectj.weaver.loadtime.Aj.preProcess org.aspectj.weaver.loadtime.Aj@58027738 org/hibernate/HibernateException, byte[692], org.springframework.test.jpa.OrmXmlOverridingShadowingClassLoader@2bbf1be2
2811 [main] DEBUG org.aspectj.weaver.loadtime.Aj  - 16:58:02.331 main - org.aspectj.weaver.loadtime.Aj.preProcess org.aspectj.weaver.loadtime.Aj@58027738 sun.misc.Launcher$AppClassLoader@302b2c81, org.springframework.test.jpa.OrmXmlOverridingShadowingClassLoader@2bbf1be2
2811 [main] DEBUG org.aspectj.weaver.tools.WeavingAdaptor  - 16:58:02.331 main &gt; org.aspectj.weaver.tools.WeavingAdaptor.weaveClass org.aspectj.weaver.loadtime.ClassLoaderWeavingAdaptor@10b090ac org/hibernate/HibernateException, byte[692]
2811 [main] DEBUG org.aspectj.weaver.tools.WeavingAdaptor  - 16:58:02.331 main &lt; org.aspectj.weaver.tools.WeavingAdaptor.weaveClass false
2811 [main] DEBUG org.aspectj.weaver.loadtime.Aj  - 16:58:02.331 main &lt; org.aspectj.weaver.loadtime.Aj.preProcess byte[692]
2812 [main] DEBUG org.aspectj.weaver.loadtime.Aj  - 16:58:02.332 main &gt; org.aspectj.weaver.loadtime.Aj.preProcess org.aspectj.weaver.loadtime.Aj@58027738 org/hibernate/exception/NestableRuntimeException, byte[3123], org.springframework.test.jpa.OrmXmlOverridingShadowingClassLoader@2bbf1be2
2812 [main] DEBUG org.aspectj.weaver.loadtime.Aj  - 16:58:02.332 main - org.aspectj.weaver.loadtime.Aj.preProcess org.aspectj.weaver.loadtime.Aj@58027738 sun.misc.Launcher$AppClassLoader@302b2c81, org.springframework.test.jpa.OrmXmlOverridingShadowingClassLoader@2bbf1be2
2812 [main] DEBUG org.aspectj.weaver.tools.WeavingAdaptor  - 16:58:02.332 main &gt; org.aspectj.weaver.tools.WeavingAdaptor.weaveClass org.aspectj.weaver.loadtime.ClassLoaderWeavingAdaptor@10b090ac org/hibernate/exception/NestableRuntimeException, byte[3123]
2812 [main] DEBUG org.aspectj.weaver.tools.WeavingAdaptor  - 16:58:02.332 main &lt; org.aspectj.weaver.tools.WeavingAdaptor.weaveClass false
2812 [main] DEBUG org.aspectj.weaver.loadtime.Aj  - 16:58:02.332 main &lt; org.aspectj.weaver.loadtime.Aj.preProcess byte[3123]
2812 [main] DEBUG org.aspectj.weaver.loadtime.Aj  - 16:58:02.332 main &gt; org.aspectj.weaver.loadtime.Aj.preProcess org.aspectj.weaver.loadtime.Aj@58027738 org/hibernate/exception/Nestable, byte[626], org.springframework.test.jpa.OrmXmlOverridingShadowingClassLoader@2bbf1be2
2812 [main] DEBUG org.aspectj.weaver.loadtime.Aj  - 16:58:02.332 main - org.aspectj.weaver.loadtime.Aj.preProcess org.aspectj.weaver.loadtime.Aj@58027738 sun.misc.Launcher$AppClassLoader@302b2c81, org.springframework.test.jpa.OrmXmlOverridingShadowingClassLoader@2bbf1be2
2812 [main] DEBUG org.aspectj.weaver.tools.WeavingAdaptor  - 16:58:02.332 main &gt; org.aspectj.weaver.tools.WeavingAdaptor.weaveClass org.aspectj.weaver.loadtime.ClassLoaderWeavingAdaptor@10b090ac org/hibernate/exception/Nestable, byte[626]
2812 [main] DEBUG org.aspectj.weaver.tools.WeavingAdaptor  - 16:58:02.332 main &lt; org.aspectj.weaver.tools.WeavingAdaptor.weaveClass false
2812 [main] DEBUG org.aspectj.weaver.loadtime.Aj  - 16:58:02.332 main &lt; org.aspectj.weaver.loadtime.Aj.preProcess byte[626]
2814 [main] DEBUG org.aspectj.weaver.loadtime.Aj  - 16:58:02.334 main &gt; org.aspectj.weaver.loadtime.Aj.preProcess org.aspectj.weaver.loadtime.Aj@58027738 org/hibernate/MappingNotFoundException, byte[1537], org.springframework.test.jpa.OrmXmlOverridingShadowingClassLoader@2bbf1be2
2814 [main] DEBUG org.aspectj.weaver.loadtime.Aj  - 16:58:02.334 main - org.aspectj.weaver.loadtime.Aj.preProcess org.aspectj.weaver.loadtime.Aj@58027738 sun.misc.Launcher$AppClassLoader@302b2c81, org.springframework.test.jpa.OrmXmlOverridingShadowingClassLoader@2bbf1be2
2814 [main] DEBUG org.aspectj.weaver.tools.WeavingAdaptor  - 16:58:02.334 main &gt; org.aspectj.weaver.tools.WeavingAdaptor.weaveClass org.aspectj.weaver.loadtime.ClassLoaderWeavingAdaptor@10b090ac org/hibernate/MappingNotFoundException, byte[1537]
2814 [main] DEBUG org.aspectj.weaver.tools.WeavingAdaptor  - 16:58:02.334 main &lt; org.aspectj.weaver.tools.WeavingAdaptor.weaveClass false
2814 [main] DEBUG org.aspectj.weaver.loadtime.Aj  - 16:58:02.334 main &lt; org.aspectj.weaver.loadtime.Aj.preProcess byte[1537]
2816 [main] DEBUG org.aspectj.weaver.loadtime.Aj  - 16:58:02.336 main &gt; org.aspectj.weaver.loadtime.Aj.preProcess org.aspectj.weaver.loadtime.Aj@58027738 org/hibernate/proxy/EntityNotFoundDelegate, byte[222], org.springframework.test.jpa.OrmXmlOverridingShadowingClassLoader@2bbf1be2
2816 [main] DEBUG org.aspectj.weaver.loadtime.Aj  - 16:58:02.336 main - org.aspectj.weaver.loadtime.Aj.preProcess org.aspectj.weaver.loadtime.Aj@58027738 sun.misc.Launcher$AppClassLoader@302b2c81, org.springframework.test.jpa.OrmXmlOverridingShadowingClassLoader@2bbf1be2
2816 [main] DEBUG org.aspectj.weaver.tools.WeavingAdaptor  - 16:58:02.336 main &gt; org.aspectj.weaver.tools.WeavingAdaptor.weaveClass org.aspectj.weaver.loadtime.ClassLoaderWeavingAdaptor@10b090ac org/hibernate/proxy/EntityNotFoundDelegate, byte[222]
2816 [main] DEBUG org.aspectj.weaver.tools.WeavingAdaptor  - 16:58:02.336 main &lt; org.aspectj.weaver.tools.WeavingAdaptor.weaveClass false
2816 [main] DEBUG org.aspectj.weaver.loadtime.Aj  - 16:58:02.336 main &lt; org.aspectj.weaver.loadtime.Aj.preProcess byte[222]
2817 [main] DEBUG org.aspectj.weaver.loadtime.Aj  - 16:58:02.337 main &gt; org.aspectj.weaver.loadtime.Aj.preProcess org.aspectj.weaver.loadtime.Aj@58027738 org/hibernate/cfg/Configuration, byte[48903], org.springframework.test.jpa.OrmXmlOverridingShadowingClassLoader@2bbf1be2
2817 [main] DEBUG org.aspectj.weaver.loadtime.Aj  - 16:58:02.337 main - org.aspectj.weaver.loadtime.Aj.preProcess org.aspectj.weaver.loadtime.Aj@58027738 sun.misc.Launcher$AppClassLoader@302b2c81, org.springframework.test.jpa.OrmXmlOverridingShadowingClassLoader@2bbf1be2
2817 [main] DEBUG org.aspectj.weaver.tools.WeavingAdaptor  - 16:58:02.337 main &gt; org.aspectj.weaver.tools.WeavingAdaptor.weaveClass org.aspectj.weaver.loadtime.ClassLoaderWeavingAdaptor@10b090ac org/hibernate/cfg/Configuration, byte[48903]
2817 [main] DEBUG org.aspectj.weaver.tools.WeavingAdaptor  - 16:58:02.337 main &lt; org.aspectj.weaver.tools.WeavingAdaptor.weaveClass false
2817 [main] DEBUG org.aspectj.weaver.loadtime.Aj  - 16:58:02.337 main &lt; org.aspectj.weaver.loadtime.Aj.preProcess byte[48903]
2818 [main] DEBUG org.aspectj.weaver.loadtime.Aj  - 16:58:02.338 main &gt; org.aspectj.weaver.loadtime.Aj.preProcess org.aspectj.weaver.loadtime.Aj@58027738 org/hibernate/cfg/AnnotationConfiguration, byte[35922], org.springframework.test.jpa.OrmXmlOverridingShadowingClassLoader@2bbf1be2
2818 [main] DEBUG org.aspectj.weaver.loadtime.Aj  - 16:58:02.338 main - org.aspectj.weaver.loadtime.Aj.preProcess org.aspectj.weaver.loadtime.Aj@58027738 sun.misc.Launcher$AppClassLoader@302b2c81, org.springframework.test.jpa.OrmXmlOverridingShadowingClassLoader@2bbf1be2
2818 [main] DEBUG org.aspectj.weaver.tools.WeavingAdaptor  - 16:58:02.338 main &gt; org.aspectj.weaver.tools.WeavingAdaptor.weaveClass org.aspectj.weaver.loadtime.ClassLoaderWeavingAdaptor@10b090ac org/hibernate/cfg/AnnotationConfiguration, byte[35922]
2818 [main] DEBUG org.aspectj.weaver.tools.WeavingAdaptor  - 16:58:02.338 main &lt; org.aspectj.weaver.tools.WeavingAdaptor.weaveClass false
2818 [main] DEBUG org.aspectj.weaver.loadtime.Aj  - 16:58:02.338 main &lt; org.aspectj.weaver.loadtime.Aj.preProcess byte[35922]
2819 [main] DEBUG org.aspectj.weaver.loadtime.Aj  - 16:58:02.339 main &gt; org.aspectj.weaver.loadtime.Aj.preProcess org.aspectj.weaver.loadtime.Aj@58027738 org/hibernate/cfg/SettingsFactory, byte[18786], org.springframework.test.jpa.OrmXmlOverridingShadowingClassLoader@2bbf1be2
2820 [main] DEBUG org.aspectj.weaver.loadtime.Aj  - 16:58:02.339 main - org.aspectj.weaver.loadtime.Aj.preProcess org.aspectj.weaver.loadtime.Aj@58027738 sun.misc.Launcher$AppClassLoader@302b2c81, org.springframework.test.jpa.OrmXmlOverridingShadowingClassLoader@2bbf1be2
2820 [main] DEBUG org.aspectj.weaver.tools.WeavingAdaptor  - 16:58:02.340 main &gt; org.aspectj.weaver.tools.WeavingAdaptor.weaveClass org.aspectj.weaver.loadtime.ClassLoaderWeavingAdaptor@10b090ac org/hibernate/cfg/SettingsFactory, byte[18786]
2820 [main] DEBUG org.aspectj.weaver.tools.WeavingAdaptor  - 16:58:02.340 main &lt; org.aspectj.weaver.tools.WeavingAdaptor.weaveClass false
2820 [main] DEBUG org.aspectj.weaver.loadtime.Aj  - 16:58:02.340 main &lt; org.aspectj.weaver.loadtime.Aj.preProcess byte[18786]
2820 [main] DEBUG org.aspectj.weaver.loadtime.Aj  - 16:58:02.340 main &gt; org.aspectj.weaver.loadtime.Aj.preProcess org.aspectj.weaver.loadtime.Aj@58027738 org/hibernate/ejb/InjectionSettingsFactory, byte[943], org.springframework.test.jpa.OrmXmlOverridingShadowingClassLoader@2bbf1be2
2820 [main] DEBUG org.aspectj.weaver.loadtime.Aj  - 16:58:02.340 main - org.aspectj.weaver.loadtime.Aj.preProcess org.aspectj.weaver.loadtime.Aj@58027738 sun.misc.Launcher$AppClassLoader@302b2c81, org.springframework.test.jpa.OrmXmlOverridingShadowingClassLoader@2bbf1be2
2820 [main] DEBUG org.aspectj.weaver.tools.WeavingAdaptor  - 16:58:02.340 main &gt; org.aspectj.weaver.tools.WeavingAdaptor.weaveClass org.aspectj.weaver.loadtime.ClassLoaderWeavingAdaptor@10b090ac org/hibernate/ejb/InjectionSettingsFactory, byte[943]
2821 [main] DEBUG org.aspectj.weaver.tools.WeavingAdaptor  - 16:58:02.341 main &lt; org.aspectj.weaver.tools.WeavingAdaptor.weaveClass false
2821 [main] DEBUG org.aspectj.weaver.loadtime.Aj  - 16:58:02.341 main &lt; org.aspectj.weaver.loadtime.Aj.preProcess byte[943]
2821 [main] DEBUG org.aspectj.weaver.loadtime.Aj  - 16:58:02.341 main &gt; org.aspectj.weaver.loadtime.Aj.preProcess org.aspectj.weaver.loadtime.Aj@58027738 org/hibernate/ejb/Ejb3Configuration$Ejb3EntityNotFoundDelegate, byte[1332], org.springframework.test.jpa.OrmXmlOverridingShadowingClassLoader@2bbf1be2
2821 [main] DEBUG org.aspectj.weaver.loadtime.Aj  - 16:58:02.341 main - org.aspectj.weaver.loadtime.Aj.preProcess org.aspectj.weaver.loadtime.Aj@58027738 sun.misc.Launcher$AppClassLoader@302b2c81, org.springframework.test.jpa.OrmXmlOverridingShadowingClassLoader@2bbf1be2
2821 [main] DEBUG org.aspectj.weaver.tools.WeavingAdaptor  - 16:58:02.341 main &gt; org.aspectj.weaver.tools.WeavingAdaptor.weaveClass org.aspectj.weaver.loadtime.ClassLoaderWeavingAdaptor@10b090ac org/hibernate/ejb/Ejb3Configuration$Ejb3EntityNotFoundDelegate, byte[1332]
2821 [main] DEBUG org.aspectj.weaver.tools.WeavingAdaptor  - 16:58:02.341 main &lt; org.aspectj.weaver.tools.WeavingAdaptor.weaveClass false
2821 [main] DEBUG org.aspectj.weaver.loadtime.Aj  - 16:58:02.341 main &lt; org.aspectj.weaver.loadtime.Aj.preProcess byte[1332]
2822 [main] DEBUG org.aspectj.weaver.loadtime.Aj  - 16:58:02.342 main &gt; org.aspectj.weaver.loadtime.Aj.preProcess org.aspectj.weaver.loadtime.Aj@58027738 org/hibernate/InvalidMappingException, byte[1611], org.springframework.test.jpa.OrmXmlOverridingShadowingClassLoader@2bbf1be2
2822 [main] DEBUG org.aspectj.weaver.loadtime.Aj  - 16:58:02.342 main - org.aspectj.weaver.loadtime.Aj.preProcess org.aspectj.weaver.loadtime.Aj@58027738 sun.misc.Launcher$AppClassLoader@302b2c81, org.springframework.test.jpa.OrmXmlOverridingShadowingClassLoader@2bbf1be2
2822 [main] DEBUG org.aspectj.weaver.tools.WeavingAdaptor  - 16:58:02.342 main &gt; org.aspectj.weaver.tools.WeavingAdaptor.weaveClass org.aspectj.weaver.loadtime.ClassLoaderWeavingAdaptor@10b090ac org/hibernate/InvalidMappingException, byte[1611]
2822 [main] DEBUG org.aspectj.weaver.tools.WeavingAdaptor  - 16:58:02.342 main &lt; org.aspectj.weaver.tools.WeavingAdaptor.weaveClass false
2822 [main] DEBUG org.aspectj.weaver.loadtime.Aj  - 16:58:02.342 main &lt; org.aspectj.weaver.loadtime.Aj.preProcess byte[1611]
2823 [main] DEBUG org.aspectj.weaver.loadtime.Aj  - 16:58:02.343 main &gt; org.aspectj.weaver.loadtime.Aj.preProcess org.aspectj.weaver.loadtime.Aj@58027738 org/hibernate/engine/Mapping, byte[450], org.springframework.test.jpa.OrmXmlOverridingShadowingClassLoader@2bbf1be2
2823 [main] DEBUG org.aspectj.weaver.loadtime.Aj  - 16:58:02.343 main - org.aspectj.weaver.loadtime.Aj.preProcess org.aspectj.weaver.loadtime.Aj@58027738 sun.misc.Launcher$AppClassLoader@302b2c81, org.springframework.test.jpa.OrmXmlOverridingShadowingClassLoader@2bbf1be2
2823 [main] DEBUG org.aspectj.weaver.tools.WeavingAdaptor  - 16:58:02.343 main &gt; org.aspectj.weaver.tools.WeavingAdaptor.weaveClass org.aspectj.weaver.loadtime.ClassLoaderWeavingAdaptor@10b090ac org/hibernate/engine/Mapping, byte[450]
2823 [main] DEBUG org.aspectj.weaver.tools.WeavingAdaptor  - 16:58:02.343 main &lt; org.aspectj.weaver.tools.WeavingAdaptor.weaveClass false
2823 [main] DEBUG org.aspectj.weaver.loadtime.Aj  - 16:58:02.343 main &lt; org.aspectj.weaver.loadtime.Aj.preProcess byte[450]
2824 [main] DEBUG org.aspectj.weaver.loadtime.Aj  - 16:58:02.344 main &gt; org.aspectj.weaver.loadtime.Aj.preProcess org.aspectj.weaver.loadtime.Aj@58027738 org/hibernate/SessionFactory, byte[1711], org.springframework.test.jpa.OrmXmlOverridingShadowingClassLoader@2bbf1be2
2824 [main] DEBUG org.aspectj.weaver.loadtime.Aj  - 16:58:02.344 main - org.aspectj.weaver.loadtime.Aj.preProcess org.aspectj.weaver.loadtime.Aj@58027738 sun.misc.Launcher$AppClassLoader@302b2c81, org.springframework.test.jpa.OrmXmlOverridingShadowingClassLoader@2bbf1be2
2824 [main] DEBUG org.aspectj.weaver.tools.WeavingAdaptor  - 16:58:02.344 main &gt; org.aspectj.weaver.tools.WeavingAdaptor.weaveClass org.aspectj.weaver.loadtime.ClassLoaderWeavingAdaptor@10b090ac org/hibernate/SessionFactory, byte[1711]
2824 [main] DEBUG org.aspectj.weaver.tools.WeavingAdaptor  - 16:58:02.344 main &lt; org.aspectj.weaver.tools.WeavingAdaptor.weaveClass false
2824 [main] DEBUG org.aspectj.weaver.loadtime.Aj  - 16:58:02.344 main &lt; org.aspectj.weaver.loadtime.Aj.preProcess byte[1711]
2825 [main] DEBUG org.aspectj.weaver.loadtime.Aj  - 16:58:02.345 main &gt; org.aspectj.weaver.loadtime.Aj.preProcess org.aspectj.weaver.loadtime.Aj@58027738 org/hibernate/type/SerializationException, byte[517], org.springframework.test.jpa.OrmXmlOverridingShadowingClassLoader@2bbf1be2
2825 [main] DEBUG org.aspectj.weaver.loadtime.Aj  - 16:58:02.345 main - org.aspectj.weaver.loadtime.Aj.preProcess org.aspectj.weaver.loadtime.Aj@58027738 sun.misc.Launcher$AppClassLoader@302b2c81, org.springframework.test.jpa.OrmXmlOverridingShadowingClassLoader@2bbf1be2
2825 [main] DEBUG org.aspectj.weaver.tools.WeavingAdaptor  - 16:58:02.345 main &gt; org.aspectj.weaver.tools.WeavingAdaptor.weaveClass org.aspectj.weaver.loadtime.ClassLoaderWeavingAdaptor@10b090ac org/hibernate/type/SerializationException, byte[517]
2825 [main] DEBUG org.aspectj.weaver.tools.WeavingAdaptor  - 16:58:02.345 main &lt; org.aspectj.weaver.tools.WeavingAdaptor.weaveClass false
2825 [main] DEBUG org.aspectj.weaver.loadtime.Aj  - 16:58:02.345 main &lt; org.aspectj.weaver.loadtime.Aj.preProcess byte[517]
2826 [main] DEBUG org.aspectj.weaver.loadtime.Aj  - 16:58:02.346 main &gt; org.aspectj.weaver.loadtime.Aj.preProcess org.aspectj.weaver.loadtime.Aj@58027738 org/hibernate/cfg/RecoverableException, byte[688], org.springframework.test.jpa.OrmXmlOverridingShadowingClassLoader@2bbf1be2
2826 [main] DEBUG org.aspectj.weaver.loadtime.Aj  - 16:58:02.346 main - org.aspectj.weaver.loadtime.Aj.preProcess org.aspectj.weaver.loadtime.Aj@58027738 sun.misc.Launcher$AppClassLoader@302b2c81, org.springframework.test.jpa.OrmXmlOverridingShadowingClassLoader@2bbf1be2
2826 [main] DEBUG org.aspectj.weaver.tools.WeavingAdaptor  - 16:58:02.346 main &gt; org.aspectj.weaver.tools.WeavingAdaptor.weaveClass org.aspectj.weaver.loadtime.ClassLoaderWeavingAdaptor@10b090ac org/hibernate/cfg/RecoverableException, byte[688]
2826 [main] DEBUG org.aspectj.weaver.tools.WeavingAdaptor  - 16:58:02.346 main &lt; org.aspectj.weaver.tools.WeavingAdaptor.weaveClass false
2826 [main] DEBUG org.aspectj.weaver.loadtime.Aj  - 16:58:02.346 main &lt; org.aspectj.weaver.loadtime.Aj.preProcess byte[688]
2827 [main] DEBUG org.aspectj.weaver.loadtime.Aj  - 16:58:02.347 main &gt; org.aspectj.weaver.loadtime.Aj.preProcess org.aspectj.weaver.loadtime.Aj@58027738 org/hibernate/AnnotationException, byte[674], org.springframework.test.jpa.OrmXmlOverridingShadowingClassLoader@2bbf1be2
2827 [main] DEBUG org.aspectj.weaver.loadtime.Aj  - 16:58:02.347 main - org.aspectj.weaver.loadtime.Aj.preProcess org.aspectj.weaver.loadtime.Aj@58027738 sun.misc.Launcher$AppClassLoader@302b2c81, org.springframework.test.jpa.OrmXmlOverridingShadowingClassLoader@2bbf1be2
2827 [main] DEBUG org.aspectj.weaver.tools.WeavingAdaptor  - 16:58:02.347 main &gt; org.aspectj.weaver.tools.WeavingAdaptor.weaveClass org.aspectj.weaver.loadtime.ClassLoaderWeavingAdaptor@10b090ac org/hibernate/AnnotationException, byte[674]
2827 [main] DEBUG org.aspectj.weaver.tools.WeavingAdaptor  - 16:58:02.347 main &lt; org.aspectj.weaver.tools.WeavingAdaptor.weaveClass false
2827 [main] DEBUG org.aspectj.weaver.loadtime.Aj  - 16:58:02.347 main &lt; org.aspectj.weaver.loadtime.Aj.preProcess byte[674]
2828 [main] DEBUG org.aspectj.weaver.loadtime.Aj  - 16:58:02.348 main &gt; org.aspectj.weaver.loadtime.Aj.preProcess org.aspectj.weaver.loadtime.Aj@58027738 org/hibernate/annotations/common/reflection/ReflectionManager, byte[1362], org.springframework.test.jpa.OrmXmlOverridingShadowingClassLoader@2bbf1be2
2828 [main] DEBUG org.aspectj.weaver.loadtime.Aj  - 16:58:02.348 main - org.aspectj.weaver.loadtime.Aj.preProcess org.aspectj.weaver.loadtime.Aj@58027738 sun.misc.Launcher$AppClassLoader@302b2c81, org.springframework.test.jpa.OrmXmlOverridingShadowingClassLoader@2bbf1be2
2828 [main] DEBUG org.aspectj.weaver.tools.WeavingAdaptor  - 16:58:02.348 main &gt; org.aspectj.weaver.tools.WeavingAdaptor.weaveClass org.aspectj.weaver.loadtime.ClassLoaderWeavingAdaptor@10b090ac org/hibernate/annotations/common/reflection/ReflectionManager, byte[1362]
2828 [main] DEBUG org.aspectj.weaver.tools.WeavingAdaptor  - 16:58:02.348 main &lt; org.aspectj.weaver.tools.WeavingAdaptor.weaveClass false
2828 [main] DEBUG org.aspectj.weaver.loadtime.Aj  - 16:58:02.348 main &lt; org.aspectj.weaver.loadtime.Aj.preProcess byte[1362]
2829 [main] DEBUG org.aspectj.weaver.loadtime.Aj  - 16:58:02.349 main &gt; org.aspectj.weaver.loadtime.Aj.preProcess org.aspectj.weaver.loadtime.Aj@58027738 org/hibernate/cfg/annotations/Version, byte[795], org.springframework.test.jpa.OrmXmlOverridingShadowingClassLoader@2bbf1be2
2829 [main] DEBUG org.aspectj.weaver.loadtime.Aj  - 16:58:02.349 main - org.aspectj.weaver.loadtime.Aj.preProcess org.aspectj.weaver.loadtime.Aj@58027738 sun.misc.Launcher$AppClassLoader@302b2c81, org.springframework.test.jpa.OrmXmlOverridingShadowingClassLoader@2bbf1be2
2829 [main] DEBUG org.aspectj.weaver.tools.WeavingAdaptor  - 16:58:02.349 main &gt; org.aspectj.weaver.tools.WeavingAdaptor.weaveClass org.aspectj.weaver.loadtime.ClassLoaderWeavingAdaptor@10b090ac org/hibernate/cfg/annotations/Version, byte[795]
2829 [main] DEBUG org.aspectj.weaver.tools.WeavingAdaptor  - 16:58:02.349 main &lt; org.aspectj.weaver.tools.WeavingAdaptor.weaveClass false
2829 [main] DEBUG org.aspectj.weaver.loadtime.Aj  - 16:58:02.349 main &lt; org.aspectj.weaver.loadtime.Aj.preProcess byte[795]
2830 [main] DEBUG org.aspectj.weaver.loadtime.Aj  - 16:58:02.350 main &gt; org.aspectj.weaver.loadtime.Aj.preProcess org.aspectj.weaver.loadtime.Aj@58027738 org/hibernate/cache/CacheProvider, byte[434], org.springframework.test.jpa.OrmXmlOverridingShadowingClassLoader@2bbf1be2
2830 [main] DEBUG org.aspectj.weaver.loadtime.Aj  - 16:58:02.350 main - org.aspectj.weaver.loadtime.Aj.preProcess org.aspectj.weaver.loadtime.Aj@58027738 sun.misc.Launcher$AppClassLoader@302b2c81, org.springframework.test.jpa.OrmXmlOverridingShadowingClassLoader@2bbf1be2
2830 [main] DEBUG org.aspectj.weaver.tools.WeavingAdaptor  - 16:58:02.350 main &gt; org.aspectj.weaver.tools.WeavingAdaptor.weaveClass org.aspectj.weaver.loadtime.ClassLoaderWeavingAdaptor@10b090ac org/hibernate/cache/CacheProvider, byte[434]
2830 [main] DEBUG org.aspectj.weaver.tools.WeavingAdaptor  - 16:58:02.350 main &lt; org.aspectj.weaver.tools.WeavingAdaptor.weaveClass false
2830 [main] DEBUG org.aspectj.weaver.loadtime.Aj  - 16:58:02.350 main &lt; org.aspectj.weaver.loadtime.Aj.preProcess byte[434]
2830 [main] DEBUG org.aspectj.weaver.loadtime.Aj  - 16:58:02.350 main &gt; org.aspectj.weaver.loadtime.Aj.preProcess org.aspectj.weaver.loadtime.Aj@58027738 org/hibernate/bytecode/BytecodeProvider, byte[526], org.springframework.test.jpa.OrmXmlOverridingShadowingClassLoader@2bbf1be2
2830 [main] DEBUG org.aspectj.weaver.loadtime.Aj  - 16:58:02.350 main - org.aspectj.weaver.loadtime.Aj.preProcess org.aspectj.weaver.loadtime.Aj@58027738 sun.misc.Launcher$AppClassLoader@302b2c81, org.springframework.test.jpa.OrmXmlOverridingShadowingClassLoader@2bbf1be2
2830 [main] DEBUG org.aspectj.weaver.tools.WeavingAdaptor  - 16:58:02.350 main &gt; org.aspectj.weaver.tools.WeavingAdaptor.weaveClass org.aspectj.weaver.loadtime.ClassLoaderWeavingAdaptor@10b090ac org/hibernate/bytecode/BytecodeProvider, byte[526]
2830 [main] DEBUG org.aspectj.weaver.tools.WeavingAdaptor  - 16:58:02.350 main &lt; org.aspectj.weaver.tools.WeavingAdaptor.weaveClass false
2831 [main] DEBUG org.aspectj.weaver.loadtime.Aj  - 16:58:02.351 main &lt; org.aspectj.weaver.loadtime.Aj.preProcess byte[526]
2831 [main] DEBUG org.aspectj.weaver.loadtime.Aj  - 16:58:02.351 main &gt; org.aspectj.weaver.loadtime.Aj.preProcess org.aspectj.weaver.loadtime.Aj@58027738 org/hibernate/jdbc/NonBatchingBatcherFactory, byte[808], org.springframework.test.jpa.OrmXmlOverridingShadowingClassLoader@2bbf1be2
2831 [main] DEBUG org.aspectj.weaver.loadtime.Aj  - 16:58:02.351 main - org.aspectj.weaver.loadtime.Aj.preProcess org.aspectj.weaver.loadtime.Aj@58027738 sun.misc.Launcher$AppClassLoader@302b2c81, org.springframework.test.jpa.OrmXmlOverridingShadowingClassLoader@2bbf1be2
2831 [main] DEBUG org.aspectj.weaver.tools.WeavingAdaptor  - 16:58:02.351 main &gt; org.aspectj.weaver.tools.WeavingAdaptor.weaveClass org.aspectj.weaver.loadtime.ClassLoaderWeavingAdaptor@10b090ac org/hibernate/jdbc/NonBatchingBatcherFactory, byte[808]
2831 [main] DEBUG org.aspectj.weaver.tools.WeavingAdaptor  - 16:58:02.351 main &lt; org.aspectj.weaver.tools.WeavingAdaptor.weaveClass false
2831 [main] DEBUG org.aspectj.weaver.loadtime.Aj  - 16:58:02.351 main &lt; org.aspectj.weaver.loadtime.Aj.preProcess byte[808]
2831 [main] DEBUG org.aspectj.weaver.loadtime.Aj  - 16:58:02.351 main &gt; org.aspectj.weaver.loadtime.Aj.preProcess org.aspectj.weaver.loadtime.Aj@58027738 org/hibernate/jdbc/BatcherFactory, byte[250], org.springframework.test.jpa.OrmXmlOverridingShadowingClassLoader@2bbf1be2
2831 [main] DEBUG org.aspectj.weaver.loadtime.Aj  - 16:58:02.351 main - org.aspectj.weaver.loadtime.Aj.preProcess org.aspectj.weaver.loadtime.Aj@58027738 sun.misc.Launcher$AppClassLoader@302b2c81, org.springframework.test.jpa.OrmXmlOverridingShadowingClassLoader@2bbf1be2
2831 [main] DEBUG org.aspectj.weaver.tools.WeavingAdaptor  - 16:58:02.351 main &gt; org.aspectj.weaver.tools.WeavingAdaptor.weaveClass org.aspectj.weaver.loadtime.ClassLoaderWeavingAdaptor@10b090ac org/hibernate/jdbc/BatcherFactory, byte[250]
2831 [main] DEBUG org.aspectj.weaver.tools.WeavingAdaptor  - 16:58:02.351 main &lt; org.aspectj.weaver.tools.WeavingAdaptor.weaveClass false
2831 [main] DEBUG org.aspectj.weaver.loadtime.Aj  - 16:58:02.351 main &lt; org.aspectj.weaver.loadtime.Aj.preProcess byte[250]
2832 [main] DEBUG org.aspectj.weaver.loadtime.Aj  - 16:58:02.352 main &gt; org.aspectj.weaver.loadtime.Aj.preProcess org.aspectj.weaver.loadtime.Aj@58027738 org/hibernate/jdbc/BatchingBatcherFactory, byte[796], org.springframework.test.jpa.OrmXmlOverridingShadowingClassLoader@2bbf1be2
2832 [main] DEBUG org.aspectj.weaver.loadtime.Aj  - 16:58:02.352 main - org.aspectj.weaver.loadtime.Aj.preProcess org.aspectj.weaver.loadtime.Aj@58027738 sun.misc.Launcher$AppClassLoader@302b2c81, org.springframework.test.jpa.OrmXmlOverridingShadowingClassLoader@2bbf1be2
2832 [main] DEBUG org.aspectj.weaver.tools.WeavingAdaptor  - 16:58:02.352 main &gt; org.aspectj.weaver.tools.WeavingAdaptor.weaveClass org.aspectj.weaver.loadtime.ClassLoaderWeavingAdaptor@10b090ac org/hibernate/jdbc/BatchingBatcherFactory, byte[796]
2832 [main] DEBUG org.aspectj.weaver.tools.WeavingAdaptor  - 16:58:02.352 main &lt; org.aspectj.weaver.tools.WeavingAdaptor.weaveClass false
2832 [main] DEBUG org.aspectj.weaver.loadtime.Aj  - 16:58:02.352 main &lt; org.aspectj.weaver.loadtime.Aj.preProcess byte[796]
2832 [main] DEBUG org.aspectj.weaver.loadtime.Aj  - 16:58:02.352 main &gt; org.aspectj.weaver.loadtime.Aj.preProcess org.aspectj.weaver.loadtime.Aj@58027738 org/hibernate/cache/NoCacheProvider, byte[1131], org.springframework.test.jpa.OrmXmlOverridingShadowingClassLoader@2bbf1be2
2832 [main] DEBUG org.aspectj.weaver.loadtime.Aj  - 16:58:02.352 main - org.aspectj.weaver.loadtime.Aj.preProcess org.aspectj.weaver.loadtime.Aj@58027738 sun.misc.Launcher$AppClassLoader@302b2c81, org.springframework.test.jpa.OrmXmlOverridingShadowingClassLoader@2bbf1be2
2832 [main] DEBUG org.aspectj.weaver.tools.WeavingAdaptor  - 16:58:02.352 main &gt; org.aspectj.weaver.tools.WeavingAdaptor.weaveClass org.aspectj.weaver.loadtime.ClassLoaderWeavingAdaptor@10b090ac org/hibernate/cache/NoCacheProvider, byte[1131]
2833 [main] DEBUG org.aspectj.weaver.tools.WeavingAdaptor  - 16:58:02.353 main &lt; org.aspectj.weaver.tools.WeavingAdaptor.weaveClass false
2833 [main] DEBUG org.aspectj.weaver.loadtime.Aj  - 16:58:02.353 main &lt; org.aspectj.weaver.loadtime.Aj.preProcess byte[1131]
2833 [main] DEBUG org.aspectj.weaver.loadtime.Aj  - 16:58:02.353 main &gt; org.aspectj.weaver.loadtime.Aj.preProcess org.aspectj.weaver.loadtime.Aj@58027738 org/hibernate/cache/NoCachingEnabledException, byte[571], org.springframework.test.jpa.OrmXmlOverridingShadowingClassLoader@2bbf1be2
2833 [main] DEBUG org.aspectj.weaver.loadtime.Aj  - 16:58:02.353 main - org.aspectj.weaver.loadtime.Aj.preProcess org.aspectj.weaver.loadtime.Aj@58027738 sun.misc.Launcher$AppClassLoader@302b2c81, org.springframework.test.jpa.OrmXmlOverridingShadowingClassLoader@2bbf1be2
2833 [main] DEBUG org.aspectj.weaver.tools.WeavingAdaptor  - 16:58:02.353 main &gt; org.aspectj.weaver.tools.WeavingAdaptor.weaveClass org.aspectj.weaver.loadtime.ClassLoaderWeavingAdaptor@10b090ac org/hibernate/cache/NoCachingEnabledException, byte[571]
2833 [main] DEBUG org.aspectj.weaver.tools.WeavingAdaptor  - 16:58:02.353 main &lt; org.aspectj.weaver.tools.WeavingAdaptor.weaveClass false
2833 [main] DEBUG org.aspectj.weaver.loadtime.Aj  - 16:58:02.353 main &lt; org.aspectj.weaver.loadtime.Aj.preProcess byte[571]
2833 [main] DEBUG org.aspectj.weaver.loadtime.Aj  - 16:58:02.353 main &gt; org.aspectj.weaver.loadtime.Aj.preProcess org.aspectj.weaver.loadtime.Aj@58027738 org/hibernate/cache/CacheException, byte[664], org.springframework.test.jpa.OrmXmlOverridingShadowingClassLoader@2bbf1be2
2833 [main] DEBUG org.aspectj.weaver.loadtime.Aj  - 16:58:02.353 main - org.aspectj.weaver.loadtime.Aj.preProcess org.aspectj.weaver.loadtime.Aj@58027738 sun.misc.Launcher$AppClassLoader@302b2c81, org.springframework.test.jpa.OrmXmlOverridingShadowingClassLoader@2bbf1be2
2833 [main] DEBUG org.aspectj.weaver.tools.WeavingAdaptor  - 16:58:02.353 main &gt; org.aspectj.weaver.tools.WeavingAdaptor.weaveClass org.aspectj.weaver.loadtime.ClassLoaderWeavingAdaptor@10b090ac org/hibernate/cache/CacheException, byte[664]
2833 [main] DEBUG org.aspectj.weaver.tools.WeavingAdaptor  - 16:58:02.353 main &lt; org.aspectj.weaver.tools.WeavingAdaptor.weaveClass false
2834 [main] DEBUG org.aspectj.weaver.loadtime.Aj  - 16:58:02.354 main &lt; org.aspectj.weaver.loadtime.Aj.preProcess byte[664]
2834 [main] DEBUG org.aspectj.weaver.loadtime.Aj  - 16:58:02.354 main &gt; org.aspectj.weaver.loadtime.Aj.preProcess org.aspectj.weaver.loadtime.Aj@58027738 org/hibernate/cfg/Configuration$1, byte[2362], org.springframework.test.jpa.OrmXmlOverridingShadowingClassLoader@2bbf1be2
2834 [main] DEBUG org.aspectj.weaver.loadtime.Aj  - 16:58:02.354 main - org.aspectj.weaver.loadtime.Aj.preProcess org.aspectj.weaver.loadtime.Aj@58027738 sun.misc.Launcher$AppClassLoader@302b2c81, org.springframework.test.jpa.OrmXmlOverridingShadowingClassLoader@2bbf1be2
2834 [main] DEBUG org.aspectj.weaver.tools.WeavingAdaptor  - 16:58:02.354 main &gt; org.aspectj.weaver.tools.WeavingAdaptor.weaveClass org.aspectj.weaver.loadtime.ClassLoaderWeavingAdaptor@10b090ac org/hibernate/cfg/Configuration$1, byte[2362]
2834 [main] DEBUG org.aspectj.weaver.tools.WeavingAdaptor  - 16:58:02.354 main &lt; org.aspectj.weaver.tools.WeavingAdaptor.weaveClass false
2834 [main] DEBUG org.aspectj.weaver.loadtime.Aj  - 16:58:02.354 main &lt; org.aspectj.weaver.loadtime.Aj.preProcess byte[2362]
2834 [main] DEBUG org.aspectj.weaver.loadtime.Aj  - 16:58:02.354 main &gt; org.aspectj.weaver.loadtime.Aj.preProcess org.aspectj.weaver.loadtime.Aj@58027738 org/hibernate/util/XMLHelper, byte[3343], org.springframework.test.jpa.OrmXmlOverridingShadowingClassLoader@2bbf1be2
2835 [main] DEBUG org.aspectj.weaver.loadtime.Aj  - 16:58:02.355 main - org.aspectj.weaver.loadtime.Aj.preProcess org.aspectj.weaver.loadtime.Aj@58027738 sun.misc.Launcher$AppClassLoader@302b2c81, org.springframework.test.jpa.OrmXmlOverridingShadowingClassLoader@2bbf1be2
2835 [main] DEBUG org.aspectj.weaver.tools.WeavingAdaptor  - 16:58:02.355 main &gt; org.aspectj.weaver.tools.WeavingAdaptor.weaveClass org.aspectj.weaver.loadtime.ClassLoaderWeavingAdaptor@10b090ac org/hibernate/util/XMLHelper, byte[3343]
2835 [main] DEBUG org.aspectj.weaver.tools.WeavingAdaptor  - 16:58:02.355 main &lt; org.aspectj.weaver.tools.WeavingAdaptor.weaveClass false
2835 [main] DEBUG org.aspectj.weaver.loadtime.Aj  - 16:58:02.355 main &lt; org.aspectj.weaver.loadtime.Aj.preProcess byte[3343]
2836 [main] DEBUG org.aspectj.weaver.loadtime.Aj  - 16:58:02.356 main &gt; org.aspectj.weaver.loadtime.Aj.preProcess org.aspectj.weaver.loadtime.Aj@58027738 org/hibernate/util/DTDEntityResolver, byte[3639], org.springframework.test.jpa.OrmXmlOverridingShadowingClassLoader@2bbf1be2
2836 [main] DEBUG org.aspectj.weaver.loadtime.Aj  - 16:58:02.356 main - org.aspectj.weaver.loadtime.Aj.preProcess org.aspectj.weaver.loadtime.Aj@58027738 sun.misc.Launcher$AppClassLoader@302b2c81, org.springframework.test.jpa.OrmXmlOverridingShadowingClassLoader@2bbf1be2
2836 [main] DEBUG org.aspectj.weaver.tools.WeavingAdaptor  - 16:58:02.356 main &gt; org.aspectj.weaver.tools.WeavingAdaptor.weaveClass org.aspectj.weaver.loadtime.ClassLoaderWeavingAdaptor@10b090ac org/hibernate/util/DTDEntityResolver, byte[3639]
2836 [main] DEBUG org.aspectj.weaver.tools.WeavingAdaptor  - 16:58:02.356 main &lt; org.aspectj.weaver.tools.WeavingAdaptor.weaveClass false
2836 [main] DEBUG org.aspectj.weaver.loadtime.Aj  - 16:58:02.356 main &lt; org.aspectj.weaver.loadtime.Aj.preProcess byte[3639]
2836 [main] DEBUG org.aspectj.weaver.loadtime.Aj  - 16:58:02.356 main &gt; org.aspectj.weaver.loadtime.Aj.preProcess org.aspectj.weaver.loadtime.Aj@58027738 org/hibernate/EmptyInterceptor, byte[3600], org.springframework.test.jpa.OrmXmlOverridingShadowingClassLoader@2bbf1be2
2836 [main] DEBUG org.aspectj.weaver.loadtime.Aj  - 16:58:02.356 main - org.aspectj.weaver.loadtime.Aj.preProcess org.aspectj.weaver.loadtime.Aj@58027738 sun.misc.Launcher$AppClassLoader@302b2c81, org.springframework.test.jpa.OrmXmlOverridingShadowingClassLoader@2bbf1be2
2836 [main] DEBUG org.aspectj.weaver.tools.WeavingAdaptor  - 16:58:02.356 main &gt; org.aspectj.weaver.tools.WeavingAdaptor.weaveClass org.aspectj.weaver.loadtime.ClassLoaderWeavingAdaptor@10b090ac org/hibernate/EmptyInterceptor, byte[3600]
2836 [main] DEBUG org.aspectj.weaver.tools.WeavingAdaptor  - 16:58:02.356 main &lt; org.aspectj.weaver.tools.WeavingAdaptor.weaveClass false
2836 [main] DEBUG org.aspectj.weaver.loadtime.Aj  - 16:58:02.356 main &lt; org.aspectj.weaver.loadtime.Aj.preProcess byte[3600]
2837 [main] DEBUG org.aspectj.weaver.loadtime.Aj  - 16:58:02.357 main &gt; org.aspectj.weaver.loadtime.Aj.preProcess org.aspectj.weaver.loadtime.Aj@58027738 org/hibernate/Interceptor, byte[1595], org.springframework.test.jpa.OrmXmlOverridingShadowingClassLoader@2bbf1be2
2837 [main] DEBUG org.aspectj.weaver.loadtime.Aj  - 16:58:02.357 main - org.aspectj.weaver.loadtime.Aj.preProcess org.aspectj.weaver.loadtime.Aj@58027738 sun.misc.Launcher$AppClassLoader@302b2c81, org.springframework.test.jpa.OrmXmlOverridingShadowingClassLoader@2bbf1be2
2837 [main] DEBUG org.aspectj.weaver.tools.WeavingAdaptor  - 16:58:02.357 main &gt; org.aspectj.weaver.tools.WeavingAdaptor.weaveClass org.aspectj.weaver.loadtime.ClassLoaderWeavingAdaptor@10b090ac org/hibernate/Interceptor, byte[1595]
2837 [main] DEBUG org.aspectj.weaver.tools.WeavingAdaptor  - 16:58:02.357 main &lt; org.aspectj.weaver.tools.WeavingAdaptor.weaveClass false
2837 [main] DEBUG org.aspectj.weaver.loadtime.Aj  - 16:58:02.357 main &lt; org.aspectj.weaver.loadtime.Aj.preProcess byte[1595]
2837 [main] DEBUG org.aspectj.weaver.loadtime.Aj  - 16:58:02.357 main &gt; org.aspectj.weaver.loadtime.Aj.preProcess org.aspectj.weaver.loadtime.Aj@58027738 org/hibernate/cfg/Environment, byte[13421], org.springframework.test.jpa.OrmXmlOverridingShadowingClassLoader@2bbf1be2
2837 [main] DEBUG org.aspectj.weaver.loadtime.Aj  - 16:58:02.357 main - org.aspectj.weaver.loadtime.Aj.preProcess org.aspectj.weaver.loadtime.Aj@58027738 sun.misc.Launcher$AppClassLoader@302b2c81, org.springframework.test.jpa.OrmXmlOverridingShadowingClassLoader@2bbf1be2
2837 [main] DEBUG org.aspectj.weaver.tools.WeavingAdaptor  - 16:58:02.357 main &gt; org.aspectj.weaver.tools.WeavingAdaptor.weaveClass org.aspectj.weaver.loadtime.ClassLoaderWeavingAdaptor@10b090ac org/hibernate/cfg/Environment, byte[13421]
2837 [main] DEBUG org.aspectj.weaver.tools.WeavingAdaptor  - 16:58:02.357 main &lt; org.aspectj.weaver.tools.WeavingAdaptor.weaveClass false
2838 [main] DEBUG org.aspectj.weaver.loadtime.Aj  - 16:58:02.358 main &lt; org.aspectj.weaver.loadtime.Aj.preProcess byte[13421]
2838 [main] DEBUG org.aspectj.weaver.loadtime.Aj  - 16:58:02.358 main &gt; org.aspectj.weaver.loadtime.Aj.preProcess org.aspectj.weaver.loadtime.Aj@58027738 org/hibernate/util/ConfigHelper, byte[4254], org.springframework.test.jpa.OrmXmlOverridingShadowingClassLoader@2bbf1be2
2838 [main] DEBUG org.aspectj.weaver.loadtime.Aj  - 16:58:02.358 main - org.aspectj.weaver.loadtime.Aj.preProcess org.aspectj.weaver.loadtime.Aj@58027738 sun.misc.Launcher$AppClassLoader@302b2c81, org.springframework.test.jpa.OrmXmlOverridingShadowingClassLoader@2bbf1be2
2839 [main] DEBUG org.aspectj.weaver.tools.WeavingAdaptor  - 16:58:02.359 main &gt; org.aspectj.weaver.tools.WeavingAdaptor.weaveClass org.aspectj.weaver.loadtime.ClassLoaderWeavingAdaptor@10b090ac org/hibernate/util/ConfigHelper, byte[4254]
2839 [main] DEBUG org.aspectj.weaver.tools.WeavingAdaptor  - 16:58:02.359 main &lt; org.aspectj.weaver.tools.WeavingAdaptor.weaveClass false
2839 [main] DEBUG org.aspectj.weaver.loadtime.Aj  - 16:58:02.359 main &lt; org.aspectj.weaver.loadtime.Aj.preProcess byte[4254]
2840 [main] DEBUG org.aspectj.weaver.loadtime.Aj  - 16:58:02.360 main &gt; org.aspectj.weaver.loadtime.Aj.preProcess org.aspectj.weaver.loadtime.Aj@58027738 org/hibernate/exception/NestableDelegate, byte[6312], org.springframework.test.jpa.OrmXmlOverridingShadowingClassLoader@2bbf1be2
2840 [main] DEBUG org.aspectj.weaver.loadtime.Aj  - 16:58:02.360 main - org.aspectj.weaver.loadtime.Aj.preProcess org.aspectj.weaver.loadtime.Aj@58027738 sun.misc.Launcher$AppClassLoader@302b2c81, org.springframework.test.jpa.OrmXmlOverridingShadowingClassLoader@2bbf1be2
2840 [main] DEBUG org.aspectj.weaver.tools.WeavingAdaptor  - 16:58:02.360 main &gt; org.aspectj.weaver.tools.WeavingAdaptor.weaveClass org.aspectj.weaver.loadtime.ClassLoaderWeavingAdaptor@10b090ac org/hibernate/exception/NestableDelegate, byte[6312]
2840 [main] DEBUG org.aspectj.weaver.tools.WeavingAdaptor  - 16:58:02.360 main &lt; org.aspectj.weaver.tools.WeavingAdaptor.weaveClass false
2840 [main] DEBUG org.aspectj.weaver.loadtime.Aj  - 16:58:02.360 main &lt; org.aspectj.weaver.loadtime.Aj.preProcess byte[6312]
2841 [main] DEBUG org.aspectj.weaver.loadtime.Aj  - 16:58:02.361 main &gt; org.aspectj.weaver.loadtime.Aj.preProcess org.aspectj.weaver.loadtime.Aj@58027738 org/hibernate/util/PropertiesHelper, byte[5872], org.springframework.test.jpa.OrmXmlOverridingShadowingClassLoader@2bbf1be2
2841 [main] DEBUG org.aspectj.weaver.loadtime.Aj  - 16:58:02.361 main - org.aspectj.weaver.loadtime.Aj.preProcess org.aspectj.weaver.loadtime.Aj@58027738 sun.misc.Launcher$AppClassLoader@302b2c81, org.springframework.test.jpa.OrmXmlOverridingShadowingClassLoader@2bbf1be2
2841 [main] DEBUG org.aspectj.weaver.tools.WeavingAdaptor  - 16:58:02.361 main &gt; org.aspectj.weaver.tools.WeavingAdaptor.weaveClass org.aspectj.weaver.loadtime.ClassLoaderWeavingAdaptor@10b090ac org/hibernate/util/PropertiesHelper, byte[5872]
2841 [main] DEBUG org.aspectj.weaver.tools.WeavingAdaptor  - 16:58:02.361 main &lt; org.aspectj.weaver.tools.WeavingAdaptor.weaveClass false
2841 [main] DEBUG org.aspectj.weaver.loadtime.Aj  - 16:58:02.361 main &lt; org.aspectj.weaver.loadtime.Aj.preProcess byte[5872]
2841 [main] DEBUG org.aspectj.weaver.loadtime.Aj  - 16:58:02.361 main &gt; org.aspectj.weaver.loadtime.Aj.preProcess org.aspectj.weaver.loadtime.Aj@58027738 org/hibernate/util/StringHelper, byte[9211], org.springframework.test.jpa.OrmXmlOverridingShadowingClassLoader@2bbf1be2
2841 [main] DEBUG org.aspectj.weaver.loadtime.Aj  - 16:58:02.361 main - org.aspectj.weaver.loadtime.Aj.preProcess org.aspectj.weaver.loadtime.Aj@58027738 sun.misc.Launcher$AppClassLoader@302b2c81, org.springframework.test.jpa.OrmXmlOverridingShadowingClassLoader@2bbf1be2
2841 [main] DEBUG org.aspectj.weaver.tools.WeavingAdaptor  - 16:58:02.361 main &gt; org.aspectj.weaver.tools.WeavingAdaptor.weaveClass org.aspectj.weaver.loadtime.ClassLoaderWeavingAdaptor@10b090ac org/hibernate/util/StringHelper, byte[9211]
2841 [main] DEBUG org.aspectj.weaver.tools.WeavingAdaptor  - 16:58:02.361 main &lt; org.aspectj.weaver.tools.WeavingAdaptor.weaveClass false
2842 [main] DEBUG org.aspectj.weaver.loadtime.Aj  - 16:58:02.362 main &lt; org.aspectj.weaver.loadtime.Aj.preProcess byte[9211]
2842 [main] DEBUG org.aspectj.weaver.loadtime.Aj  - 16:58:02.362 main &gt; org.aspectj.weaver.loadtime.Aj.preProcess org.aspectj.weaver.loadtime.Aj@58027738 org/hibernate/bytecode/cglib/BytecodeProviderImpl, byte[4379], org.springframework.test.jpa.OrmXmlOverridingShadowingClassLoader@2bbf1be2
2842 [main] DEBUG org.aspectj.weaver.loadtime.Aj  - 16:58:02.362 main - org.aspectj.weaver.loadtime.Aj.preProcess org.aspectj.weaver.loadtime.Aj@58027738 sun.misc.Launcher$AppClassLoader@302b2c81, org.springframework.test.jpa.OrmXmlOverridingShadowingClassLoader@2bbf1be2
2842 [main] DEBUG org.aspectj.weaver.tools.WeavingAdaptor  - 16:58:02.362 main &gt; org.aspectj.weaver.tools.WeavingAdaptor.weaveClass org.aspectj.weaver.loadtime.ClassLoaderWeavingAdaptor@10b090ac org/hibernate/bytecode/cglib/BytecodeProviderImpl, byte[4379]
2842 [main] DEBUG org.aspectj.weaver.tools.WeavingAdaptor  - 16:58:02.362 main &lt; org.aspectj.weaver.tools.WeavingAdaptor.weaveClass false
2842 [main] DEBUG org.aspectj.weaver.loadtime.Aj  - 16:58:02.362 main &lt; org.aspectj.weaver.loadtime.Aj.preProcess byte[4379]
2843 [main] DEBUG org.aspectj.weaver.loadtime.Aj  - 16:58:02.363 main &gt; org.aspectj.weaver.loadtime.Aj.preProcess org.aspectj.weaver.loadtime.Aj@58027738 org/hibernate/bytecode/ClassTransformer, byte[255], org.springframework.test.jpa.OrmXmlOverridingShadowingClassLoader@2bbf1be2
2843 [main] DEBUG org.aspectj.weaver.loadtime.Aj  - 16:58:02.363 main - org.aspectj.weaver.loadtime.Aj.preProcess org.aspectj.weaver.loadtime.Aj@58027738 sun.misc.Launcher$AppClassLoader@302b2c81, org.springframework.test.jpa.OrmXmlOverridingShadowingClassLoader@2bbf1be2
2843 [main] DEBUG org.aspectj.weaver.tools.WeavingAdaptor  - 16:58:02.363 main &gt; org.aspectj.weaver.tools.WeavingAdaptor.weaveClass org.aspectj.weaver.loadtime.ClassLoaderWeavingAdaptor@10b090ac org/hibernate/bytecode/ClassTransformer, byte[255]
2843 [main] DEBUG org.aspectj.weaver.tools.WeavingAdaptor  - 16:58:02.363 main &lt; org.aspectj.weaver.tools.WeavingAdaptor.weaveClass false
2843 [main] DEBUG org.aspectj.weaver.loadtime.Aj  - 16:58:02.363 main &lt; org.aspectj.weaver.loadtime.Aj.preProcess byte[255]
2843 [main] DEBUG org.aspectj.weaver.loadtime.Aj  - 16:58:02.363 main &gt; org.aspectj.weaver.loadtime.Aj.preProcess org.aspectj.weaver.loadtime.Aj@58027738 org/hibernate/bytecode/ProxyFactoryFactory, byte[324], org.springframework.test.jpa.OrmXmlOverridingShadowingClassLoader@2bbf1be2
2843 [main] DEBUG org.aspectj.weaver.loadtime.Aj  - 16:58:02.363 main - org.aspectj.weaver.loadtime.Aj.preProcess org.aspectj.weaver.loadtime.Aj@58027738 sun.misc.Launcher$AppClassLoader@302b2c81, org.springframework.test.jpa.OrmXmlOverridingShadowingClassLoader@2bbf1be2
2843 [main] DEBUG org.aspectj.weaver.tools.WeavingAdaptor  - 16:58:02.363 main &gt; org.aspectj.weaver.tools.WeavingAdaptor.weaveClass org.aspectj.weaver.loadtime.ClassLoaderWeavingAdaptor@10b090ac org/hibernate/bytecode/ProxyFactoryFactory, byte[324]
2843 [main] DEBUG org.aspectj.weaver.tools.WeavingAdaptor  - 16:58:02.363 main &lt; org.aspectj.weaver.tools.WeavingAdaptor.weaveClass false
2844 [main] DEBUG org.aspectj.weaver.loadtime.Aj  - 16:58:02.364 main &lt; org.aspectj.weaver.loadtime.Aj.preProcess byte[324]
2844 [main] DEBUG org.aspectj.weaver.loadtime.Aj  - 16:58:02.364 main &gt; org.aspectj.weaver.loadtime.Aj.preProcess org.aspectj.weaver.loadtime.Aj@58027738 org/hibernate/bytecode/ReflectionOptimizer, byte[561], org.springframework.test.jpa.OrmXmlOverridingShadowingClassLoader@2bbf1be2
2844 [main] DEBUG org.aspectj.weaver.loadtime.Aj  - 16:58:02.364 main - org.aspectj.weaver.loadtime.Aj.preProcess org.aspectj.weaver.loadtime.Aj@58027738 sun.misc.Launcher$AppClassLoader@302b2c81, org.springframework.test.jpa.OrmXmlOverridingShadowingClassLoader@2bbf1be2
2844 [main] DEBUG org.aspectj.weaver.tools.WeavingAdaptor  - 16:58:02.364 main &gt; org.aspectj.weaver.tools.WeavingAdaptor.weaveClass org.aspectj.weaver.loadtime.ClassLoaderWeavingAdaptor@10b090ac org/hibernate/bytecode/ReflectionOptimizer, byte[561]
2844 [main] DEBUG org.aspectj.weaver.tools.WeavingAdaptor  - 16:58:02.364 main &lt; org.aspectj.weaver.tools.WeavingAdaptor.weaveClass false
2844 [main] DEBUG org.aspectj.weaver.loadtime.Aj  - 16:58:02.364 main &lt; org.aspectj.weaver.loadtime.Aj.preProcess byte[561]
2845 [main] DEBUG org.aspectj.weaver.loadtime.Aj  - 16:58:02.365 main &gt; org.aspectj.weaver.loadtime.Aj.preProcess org.aspectj.weaver.loadtime.Aj@58027738 org/hibernate/event/EventListeners, byte[24927], org.springframework.test.jpa.OrmXmlOverridingShadowingClassLoader@2bbf1be2
2845 [main] DEBUG org.aspectj.weaver.loadtime.Aj  - 16:58:02.365 main - org.aspectj.weaver.loadtime.Aj.preProcess org.aspectj.weaver.loadtime.Aj@58027738 sun.misc.Launcher$AppClassLoader@302b2c81, org.springframework.test.jpa.OrmXmlOverridingShadowingClassLoader@2bbf1be2
2845 [main] DEBUG org.aspectj.weaver.tools.WeavingAdaptor  - 16:58:02.365 main &gt; org.aspectj.weaver.tools.WeavingAdaptor.weaveClass org.aspectj.weaver.loadtime.ClassLoaderWeavingAdaptor@10b090ac org/hibernate/event/EventListeners, byte[24927]
2845 [main] DEBUG org.aspectj.weaver.tools.WeavingAdaptor  - 16:58:02.365 main &lt; org.aspectj.weaver.tools.WeavingAdaptor.weaveClass false
2845 [main] DEBUG org.aspectj.weaver.loadtime.Aj  - 16:58:02.365 main &lt; org.aspectj.weaver.loadtime.Aj.preProcess byte[24927]
2846 [main] DEBUG org.aspectj.weaver.loadtime.Aj  - 16:58:02.365 main &gt; org.aspectj.weaver.loadtime.Aj.preProcess org.aspectj.weaver.loadtime.Aj@58027738 org/hibernate/util/Cloneable, byte[4231], org.springframework.test.jpa.OrmXmlOverridingShadowingClassLoader@2bbf1be2
2846 [main] DEBUG org.aspectj.weaver.loadtime.Aj  - 16:58:02.366 main - org.aspectj.weaver.loadtime.Aj.preProcess org.aspectj.weaver.loadtime.Aj@58027738 sun.misc.Launcher$AppClassLoader@302b2c81, org.springframework.test.jpa.OrmXmlOverridingShadowingClassLoader@2bbf1be2
2846 [main] DEBUG org.aspectj.weaver.tools.WeavingAdaptor  - 16:58:02.366 main &gt; org.aspectj.weaver.tools.WeavingAdaptor.weaveClass org.aspectj.weaver.loadtime.ClassLoaderWeavingAdaptor@10b090ac org/hibernate/util/Cloneable, byte[4231]
2846 [main] DEBUG org.aspectj.weaver.tools.WeavingAdaptor  - 16:58:02.366 main &lt; org.aspectj.weaver.tools.WeavingAdaptor.weaveClass false
2846 [main] DEBUG org.aspectj.weaver.loadtime.Aj  - 16:58:02.366 main &lt; org.aspectj.weaver.loadtime.Aj.preProcess byte[4231]
2846 [main] DEBUG org.aspectj.weaver.loadtime.Aj  - 16:58:02.366 main &gt; org.aspectj.weaver.loadtime.Aj.preProcess org.aspectj.weaver.loadtime.Aj@58027738 org/hibernate/AssertionFailure, byte[1645], org.springframework.test.jpa.OrmXmlOverridingShadowingClassLoader@2bbf1be2
2846 [main] DEBUG org.aspectj.weaver.loadtime.Aj  - 16:58:02.366 main - org.aspectj.weaver.loadtime.Aj.preProcess org.aspectj.weaver.loadtime.Aj@58027738 sun.misc.Launcher$AppClassLoader@302b2c81, org.springframework.test.jpa.OrmXmlOverridingShadowingClassLoader@2bbf1be2
2846 [main] DEBUG org.aspectj.weaver.tools.WeavingAdaptor  - 16:58:02.366 main &gt; org.aspectj.weaver.tools.WeavingAdaptor.weaveClass org.aspectj.weaver.loadtime.ClassLoaderWeavingAdaptor@10b090ac org/hibernate/AssertionFailure, byte[1645]
2847 [main] DEBUG org.aspectj.weaver.tools.WeavingAdaptor  - 16:58:02.367 main &lt; org.aspectj.weaver.tools.WeavingAdaptor.weaveClass false
2847 [main] DEBUG org.aspectj.weaver.loadtime.Aj  - 16:58:02.367 main &lt; org.aspectj.weaver.loadtime.Aj.preProcess byte[1645]
2847 [main] DEBUG org.aspectj.weaver.loadtime.Aj  - 16:58:02.367 main &gt; org.aspectj.weaver.loadtime.Aj.preProcess org.aspectj.weaver.loadtime.Aj@58027738 org/hibernate/event/AutoFlushEventListener, byte[298], org.springframework.test.jpa.OrmXmlOverridingShadowingClassLoader@2bbf1be2
2847 [main] DEBUG org.aspectj.weaver.loadtime.Aj  - 16:58:02.367 main - org.aspectj.weaver.loadtime.Aj.preProcess org.aspectj.weaver.loadtime.Aj@58027738 sun.misc.Launcher$AppClassLoader@302b2c81, org.springframework.test.jpa.OrmXmlOverridingShadowingClassLoader@2bbf1be2
2847 [main] DEBUG org.aspectj.weaver.tools.WeavingAdaptor  - 16:58:02.367 main &gt; org.aspectj.weaver.tools.WeavingAdaptor.weaveClass org.aspectj.weaver.loadtime.ClassLoaderWeavingAdaptor@10b090ac org/hibernate/event/AutoFlushEventListener, byte[298]
2847 [main] DEBUG org.aspectj.weaver.tools.WeavingAdaptor  - 16:58:02.367 main &lt; org.aspectj.weaver.tools.WeavingAdaptor.weaveClass false
2847 [main] DEBUG org.aspectj.weaver.loadtime.Aj  - 16:58:02.367 main &lt; org.aspectj.weaver.loadtime.Aj.preProcess byte[298]
2848 [main] DEBUG org.aspectj.weaver.loadtime.Aj  - 16:58:02.368 main &gt; org.aspectj.weaver.loadtime.Aj.preProcess org.aspectj.weaver.loadtime.Aj@58027738 org/hibernate/event/MergeEventListener, byte[353], org.springframework.test.jpa.OrmXmlOverridingShadowingClassLoader@2bbf1be2
2848 [main] DEBUG org.aspectj.weaver.loadtime.Aj  - 16:58:02.368 main - org.aspectj.weaver.loadtime.Aj.preProcess org.aspectj.weaver.loadtime.Aj@58027738 sun.misc.Launcher$AppClassLoader@302b2c81, org.springframework.test.jpa.OrmXmlOverridingShadowingClassLoader@2bbf1be2
2848 [main] DEBUG org.aspectj.weaver.tools.WeavingAdaptor  - 16:58:02.368 main &gt; org.aspectj.weaver.tools.WeavingAdaptor.weaveClass org.aspectj.weaver.loadtime.ClassLoaderWeavingAdaptor@10b090ac org/hibernate/event/MergeEventListener, byte[353]
2848 [main] DEBUG org.aspectj.weaver.tools.WeavingAdaptor  - 16:58:02.368 main &lt; org.aspectj.weaver.tools.WeavingAdaptor.weaveClass false
2848 [main] DEBUG org.aspectj.weaver.loadtime.Aj  - 16:58:02.368 main &lt; org.aspectj.weaver.loadtime.Aj.preProcess byte[353]
2848 [main] DEBUG org.aspectj.weaver.loadtime.Aj  - 16:58:02.368 main &gt; org.aspectj.weaver.loadtime.Aj.preProcess org.aspectj.weaver.loadtime.Aj@58027738 org/hibernate/event/PersistEventListener, byte[363], org.springframework.test.jpa.OrmXmlOverridingShadowingClassLoader@2bbf1be2
2848 [main] DEBUG org.aspectj.weaver.loadtime.Aj  - 16:58:02.368 main - org.aspectj.weaver.loadtime.Aj.preProcess org.aspectj.weaver.loadtime.Aj@58027738 sun.misc.Launcher$AppClassLoader@302b2c81, org.springframework.test.jpa.OrmXmlOverridingShadowingClassLoader@2bbf1be2
2848 [main] DEBUG org.aspectj.weaver.tools.WeavingAdaptor  - 16:58:02.368 main &gt; org.aspectj.weaver.tools.WeavingAdaptor.weaveClass org.aspectj.weaver.loadtime.ClassLoaderWeavingAdaptor@10b090ac org/hibernate/event/PersistEventListener, byte[363]
2848 [main] DEBUG org.aspectj.weaver.tools.WeavingAdaptor  - 16:58:02.368 main &lt; org.aspectj.weaver.tools.WeavingAdaptor.weaveClass false
2848 [main] DEBUG org.aspectj.weaver.loadtime.Aj  - 16:58:02.368 main &lt; org.aspectj.weaver.loadtime.Aj.preProcess byte[363]
2849 [main] DEBUG org.aspectj.weaver.loadtime.Aj  - 16:58:02.368 main &gt; org.aspectj.weaver.loadtime.Aj.preProcess org.aspectj.weaver.loadtime.Aj@58027738 org/hibernate/event/DeleteEventListener, byte[358], org.springframework.test.jpa.OrmXmlOverridingShadowingClassLoader@2bbf1be2
2849 [main] DEBUG org.aspectj.weaver.loadtime.Aj  - 16:58:02.369 main - org.aspectj.weaver.loadtime.Aj.preProcess org.aspectj.weaver.loadtime.Aj@58027738 sun.misc.Launcher$AppClassLoader@302b2c81, org.springframework.test.jpa.OrmXmlOverridingShadowingClassLoader@2bbf1be2
2849 [main] DEBUG org.aspectj.weaver.tools.WeavingAdaptor  - 16:58:02.369 main &gt; org.aspectj.weaver.tools.WeavingAdaptor.weaveClass org.aspectj.weaver.loadtime.ClassLoaderWeavingAdaptor@10b090ac org/hibernate/event/DeleteEventListener, byte[358]
2849 [main] DEBUG org.aspectj.weaver.tools.WeavingAdaptor  - 16:58:02.369 main &lt; org.aspectj.weaver.tools.WeavingAdaptor.weaveClass false
2849 [main] DEBUG org.aspectj.weaver.loadtime.Aj  - 16:58:02.369 main &lt; org.aspectj.weaver.loadtime.Aj.preProcess byte[358]
2849 [main] DEBUG org.aspectj.weaver.loadtime.Aj  - 16:58:02.369 main &gt; org.aspectj.weaver.loadtime.Aj.preProcess org.aspectj.weaver.loadtime.Aj@58027738 org/hibernate/event/DirtyCheckEventListener, byte[302], org.springframework.test.jpa.OrmXmlOverridingShadowingClassLoader@2bbf1be2
2849 [main] DEBUG org.aspectj.weaver.loadtime.Aj  - 16:58:02.369 main - org.aspectj.weaver.loadtime.Aj.preProcess org.aspectj.weaver.loadtime.Aj@58027738 sun.misc.Launcher$AppClassLoader@302b2c81, org.springframework.test.jpa.OrmXmlOverridingShadowingClassLoader@2bbf1be2
2849 [main] DEBUG org.aspectj.weaver.tools.WeavingAdaptor  - 16:58:02.369 main &gt; org.aspectj.weaver.tools.WeavingAdaptor.weaveClass org.aspectj.weaver.loadtime.ClassLoaderWeavingAdaptor@10b090ac org/hibernate/event/DirtyCheckEventListener, byte[302]
2849 [main] DEBUG org.aspectj.weaver.tools.WeavingAdaptor  - 16:58:02.369 main &lt; org.aspectj.weaver.tools.WeavingAdaptor.weaveClass false
2849 [main] DEBUG org.aspectj.weaver.loadtime.Aj  - 16:58:02.369 main &lt; org.aspectj.weaver.loadtime.Aj.preProcess byte[302]
2849 [main] DEBUG org.aspectj.weaver.loadtime.Aj  - 16:58:02.369 main &gt; org.aspectj.weaver.loadtime.Aj.preProcess org.aspectj.weaver.loadtime.Aj@58027738 org/hibernate/event/EvictEventListener, byte[282], org.springframework.test.jpa.OrmXmlOverridingShadowingClassLoader@2bbf1be2
2849 [main] DEBUG org.aspectj.weaver.loadtime.Aj  - 16:58:02.369 main - org.aspectj.weaver.loadtime.Aj.preProcess org.aspectj.weaver.loadtime.Aj@58027738 sun.misc.Launcher$AppClassLoader@302b2c81, org.springframework.test.jpa.OrmXmlOverridingShadowingClassLoader@2bbf1be2
2849 [main] DEBUG org.aspectj.weaver.tools.WeavingAdaptor  - 16:58:02.369 main &gt; org.aspectj.weaver.tools.WeavingAdaptor.weaveClass org.aspectj.weaver.loadtime.ClassLoaderWeavingAdaptor@10b090ac org/hibernate/event/EvictEventListener, byte[282]
2850 [main] DEBUG org.aspectj.weaver.tools.WeavingAdaptor  - 16:58:02.370 main &lt; org.aspectj.weaver.tools.WeavingAdaptor.weaveClass false
2850 [main] DEBUG org.aspectj.weaver.loadtime.Aj  - 16:58:02.370 main &lt; org.aspectj.weaver.loadtime.Aj.preProcess byte[282]
2850 [main] DEBUG org.aspectj.weaver.loadtime.Aj  - 16:58:02.370 main &gt; org.aspectj.weaver.loadtime.Aj.preProcess org.aspectj.weaver.loadtime.Aj@58027738 org/hibernate/event/FlushEventListener, byte[282], org.springframework.test.jpa.OrmXmlOverridingShadowingClassLoader@2bbf1be2
2850 [main] DEBUG org.aspectj.weaver.loadtime.Aj  - 16:58:02.370 main - org.aspectj.weaver.loadtime.Aj.preProcess org.aspectj.weaver.loadtime.Aj@58027738 sun.misc.Launcher$AppClassLoader@302b2c81, org.springframework.test.jpa.OrmXmlOverridingShadowingClassLoader@2bbf1be2
2850 [main] DEBUG org.aspectj.weaver.tools.WeavingAdaptor  - 16:58:02.370 main &gt; org.aspectj.weaver.tools.WeavingAdaptor.weaveClass org.aspectj.weaver.loadtime.ClassLoaderWeavingAdaptor@10b090ac org/hibernate/event/FlushEventListener, byte[282]
2850 [main] DEBUG org.aspectj.weaver.tools.WeavingAdaptor  - 16:58:02.370 main &lt; org.aspectj.weaver.tools.WeavingAdaptor.weaveClass false
2850 [main] DEBUG org.aspectj.weaver.loadtime.Aj  - 16:58:02.370 main &lt; org.aspectj.weaver.loadtime.Aj.preProcess byte[282]
2850 [main] DEBUG org.aspectj.weaver.loadtime.Aj  - 16:58:02.370 main &gt; org.aspectj.weaver.loadtime.Aj.preProcess org.aspectj.weaver.loadtime.Aj@58027738 org/hibernate/event/FlushEntityEventListener, byte[306], org.springframework.test.jpa.OrmXmlOverridingShadowingClassLoader@2bbf1be2
2851 [main] DEBUG org.aspectj.weaver.loadtime.Aj  - 16:58:02.371 main - org.aspectj.weaver.loadtime.Aj.preProcess org.aspectj.weaver.loadtime.Aj@58027738 sun.misc.Launcher$AppClassLoader@302b2c81, org.springframework.test.jpa.OrmXmlOverridingShadowingClassLoader@2bbf1be2
2851 [main] DEBUG org.aspectj.weaver.tools.WeavingAdaptor  - 16:58:02.371 main &gt; org.aspectj.weaver.tools.WeavingAdaptor.weaveClass org.aspectj.weaver.loadtime.ClassLoaderWeavingAdaptor@10b090ac org/hibernate/event/FlushEntityEventListener, byte[306]
2851 [main] DEBUG org.aspectj.weaver.tools.WeavingAdaptor  - 16:58:02.371 main &lt; org.aspectj.weaver.tools.WeavingAdaptor.weaveClass false
2851 [main] DEBUG org.aspectj.weaver.loadtime.Aj  - 16:58:02.371 main &lt; org.aspectj.weaver.loadtime.Aj.preProcess byte[306]
2851 [main] DEBUG org.aspectj.weaver.loadtime.Aj  - 16:58:02.371 main &gt; org.aspectj.weaver.loadtime.Aj.preProcess org.aspectj.weaver.loadtime.Aj@58027738 org/hibernate/event/LoadEventListener, byte[1364], org.springframework.test.jpa.OrmXmlOverridingShadowingClassLoader@2bbf1be2
2851 [main] DEBUG org.aspectj.weaver.loadtime.Aj  - 16:58:02.371 main - org.aspectj.weaver.loadtime.Aj.preProcess org.aspectj.weaver.loadtime.Aj@58027738 sun.misc.Launcher$AppClassLoader@302b2c81, org.springframework.test.jpa.OrmXmlOverridingShadowingClassLoader@2bbf1be2
2851 [main] DEBUG org.aspectj.weaver.tools.WeavingAdaptor  - 16:58:02.371 main &gt; org.aspectj.weaver.tools.WeavingAdaptor.weaveClass org.aspectj.weaver.loadtime.ClassLoaderWeavingAdaptor@10b090ac org/hibernate/event/LoadEventListener, byte[1364]
2851 [main] DEBUG org.aspectj.weaver.tools.WeavingAdaptor  - 16:58:02.371 main &lt; org.aspectj.weaver.tools.WeavingAdaptor.weaveClass false
2851 [main] DEBUG org.aspectj.weaver.loadtime.Aj  - 16:58:02.371 main &lt; org.aspectj.weaver.loadtime.Aj.preProcess byte[1364]
2852 [main] DEBUG org.aspectj.weaver.loadtime.Aj  - 16:58:02.372 main &gt; org.aspectj.weaver.loadtime.Aj.preProcess org.aspectj.weaver.loadtime.Aj@58027738 org/hibernate/event/LoadEventListener$LoadType, byte[2406], org.springframework.test.jpa.OrmXmlOverridingShadowingClassLoader@2bbf1be2
2852 [main] DEBUG org.aspectj.weaver.loadtime.Aj  - 16:58:02.372 main - org.aspectj.weaver.loadtime.Aj.preProcess org.aspectj.weaver.loadtime.Aj@58027738 sun.misc.Launcher$AppClassLoader@302b2c81, org.springframework.test.jpa.OrmXmlOverridingShadowingClassLoader@2bbf1be2
2852 [main] DEBUG org.aspectj.weaver.tools.WeavingAdaptor  - 16:58:02.372 main &gt; org.aspectj.weaver.tools.WeavingAdaptor.weaveClass org.aspectj.weaver.loadtime.ClassLoaderWeavingAdaptor@10b090ac org/hibernate/event/LoadEventListener$LoadType, byte[2406]
2852 [main] DEBUG org.aspectj.weaver.tools.WeavingAdaptor  - 16:58:02.372 main &lt; org.aspectj.weaver.tools.WeavingAdaptor.weaveClass false
2852 [main] DEBUG org.aspectj.weaver.loadtime.Aj  - 16:58:02.372 main &lt; org.aspectj.weaver.loadtime.Aj.preProcess byte[2406]
2852 [main] DEBUG org.aspectj.weaver.loadtime.Aj  - 16:58:02.372 main &gt; org.aspectj.weaver.loadtime.Aj.preProcess org.aspectj.weaver.loadtime.Aj@58027738 org/hibernate/event/InitializeCollectionEventListener, byte[342], org.springframework.test.jpa.OrmXmlOverridingShadowingClassLoader@2bbf1be2
2852 [main] DEBUG org.aspectj.weaver.loadtime.Aj  - 16:58:02.372 main - org.aspectj.weaver.loadtime.Aj.preProcess org.aspectj.weaver.loadtime.Aj@58027738 sun.misc.Launcher$AppClassLoader@302b2c81, org.springframework.test.jpa.OrmXmlOverridingShadowingClassLoader@2bbf1be2
2852 [main] DEBUG org.aspectj.weaver.tools.WeavingAdaptor  - 16:58:02.372 main &gt; org.aspectj.weaver.tools.WeavingAdaptor.weaveClass org.aspectj.weaver.loadtime.ClassLoaderWeavingAdaptor@10b090ac org/hibernate/event/InitializeCollectionEventListener, byte[342]
2852 [main] DEBUG org.aspectj.weaver.tools.WeavingAdaptor  - 16:58:02.372 main &lt; org.aspectj.weaver.tools.WeavingAdaptor.weaveClass false
2852 [main] DEBUG org.aspectj.weaver.loadtime.Aj  - 16:58:02.372 main &lt; org.aspectj.weaver.loadtime.Aj.preProcess byte[342]
2853 [main] DEBUG org.aspectj.weaver.loadtime.Aj  - 16:58:02.373 main &gt; org.aspectj.weaver.loadtime.Aj.preProcess org.aspectj.weaver.loadtime.Aj@58027738 org/hibernate/event/LockEventListener, byte[278], org.springframework.test.jpa.OrmXmlOverridingShadowingClassLoader@2bbf1be2
2853 [main] DEBUG org.aspectj.weaver.loadtime.Aj  - 16:58:02.373 main - org.aspectj.weaver.loadtime.Aj.preProcess org.aspectj.weaver.loadtime.Aj@58027738 sun.misc.Launcher$AppClassLoader@302b2c81, org.springframework.test.jpa.OrmXmlOverridingShadowingClassLoader@2bbf1be2
2853 [main] DEBUG org.aspectj.weaver.tools.WeavingAdaptor  - 16:58:02.373 main &gt; org.aspectj.weaver.tools.WeavingAdaptor.weaveClass org.aspectj.weaver.loadtime.ClassLoaderWeavingAdaptor@10b090ac org/hibernate/event/LockEventListener, byte[278]
2853 [main] DEBUG org.aspectj.weaver.tools.WeavingAdaptor  - 16:58:02.373 main &lt; org.aspectj.weaver.tools.WeavingAdaptor.weaveClass false
2853 [main] DEBUG org.aspectj.weaver.loadtime.Aj  - 16:58:02.373 main &lt; org.aspectj.weaver.loadtime.Aj.preProcess byte[278]
2853 [main] DEBUG org.aspectj.weaver.loadtime.Aj  - 16:58:02.373 main &gt; org.aspectj.weaver.loadtime.Aj.preProcess org.aspectj.weaver.loadtime.Aj@58027738 org/hibernate/event/RefreshEventListener, byte[363], org.springframework.test.jpa.OrmXmlOverridingShadowingClassLoader@2bbf1be2
2853 [main] DEBUG org.aspectj.weaver.loadtime.Aj  - 16:58:02.373 main - org.aspectj.weaver.loadtime.Aj.preProcess org.aspectj.weaver.loadtime.Aj@58027738 sun.misc.Launcher$AppClassLoader@302b2c81, org.springframework.test.jpa.OrmXmlOverridingShadowingClassLoader@2bbf1be2
2853 [main] DEBUG org.aspectj.weaver.tools.WeavingAdaptor  - 16:58:02.373 main &gt; org.aspectj.weaver.tools.WeavingAdaptor.weaveClass org.aspectj.weaver.loadtime.ClassLoaderWeavingAdaptor@10b090ac org/hibernate/event/RefreshEventListener, byte[363]
2853 [main] DEBUG org.aspectj.weaver.tools.WeavingAdaptor  - 16:58:02.373 main &lt; org.aspectj.weaver.tools.WeavingAdaptor.weaveClass false
2853 [main] DEBUG org.aspectj.weaver.loadtime.Aj  - 16:58:02.373 main &lt; org.aspectj.weaver.loadtime.Aj.preProcess byte[363]
2854 [main] DEBUG org.aspectj.weaver.loadtime.Aj  - 16:58:02.374 main &gt; org.aspectj.weaver.loadtime.Aj.preProcess org.aspectj.weaver.loadtime.Aj@58027738 org/hibernate/event/ReplicateEventListener, byte[298], org.springframework.test.jpa.OrmXmlOverridingShadowingClassLoader@2bbf1be2
2854 [main] DEBUG org.aspectj.weaver.loadtime.Aj  - 16:58:02.374 main - org.aspectj.weaver.loadtime.Aj.preProcess org.aspectj.weaver.loadtime.Aj@58027738 sun.misc.Launcher$AppClassLoader@302b2c81, org.springframework.test.jpa.OrmXmlOverridingShadowingClassLoader@2bbf1be2
2854 [main] DEBUG org.aspectj.weaver.tools.WeavingAdaptor  - 16:58:02.374 main &gt; org.aspectj.weaver.tools.WeavingAdaptor.weaveClass org.aspectj.weaver.loadtime.ClassLoaderWeavingAdaptor@10b090ac org/hibernate/event/ReplicateEventListener, byte[298]
2854 [main] DEBUG org.aspectj.weaver.tools.WeavingAdaptor  - 16:58:02.374 main &lt; org.aspectj.weaver.tools.WeavingAdaptor.weaveClass false
2854 [main] DEBUG org.aspectj.weaver.loadtime.Aj  - 16:58:02.374 main &lt; org.aspectj.weaver.loadtime.Aj.preProcess byte[298]
2854 [main] DEBUG org.aspectj.weaver.loadtime.Aj  - 16:58:02.374 main &gt; org.aspectj.weaver.loadtime.Aj.preProcess org.aspectj.weaver.loadtime.Aj@58027738 org/hibernate/event/SaveOrUpdateEventListener, byte[310], org.springframework.test.jpa.OrmXmlOverridingShadowingClassLoader@2bbf1be2
2854 [main] DEBUG org.aspectj.weaver.loadtime.Aj  - 16:58:02.374 main - org.aspectj.weaver.loadtime.Aj.preProcess org.aspectj.weaver.loadtime.Aj@58027738 sun.misc.Launcher$AppClassLoader@302b2c81, org.springframework.test.jpa.OrmXmlOverridingShadowingClassLoader@2bbf1be2
2855 [main] DEBUG org.aspectj.weaver.tools.WeavingAdaptor  - 16:58:02.374 main &gt; org.aspectj.weaver.tools.WeavingAdaptor.weaveClass org.aspectj.weaver.loadtime.ClassLoaderWeavingAdaptor@10b090ac org/hibernate/event/SaveOrUpdateEventListener, byte[310]
2855 [main] DEBUG org.aspectj.weaver.tools.WeavingAdaptor  - 16:58:02.375 main &lt; org.aspectj.weaver.tools.WeavingAdaptor.weaveClass false
2855 [main] DEBUG org.aspectj.weaver.loadtime.Aj  - 16:58:02.375 main &lt; org.aspectj.weaver.loadtime.Aj.preProcess byte[310]
2855 [main] DEBUG org.aspectj.weaver.loadtime.Aj  - 16:58:02.375 main &gt; org.aspectj.weaver.loadtime.Aj.preProcess org.aspectj.weaver.loadtime.Aj@58027738 org/hibernate/event/PreLoadEventListener, byte[229], org.springframework.test.jpa.OrmXmlOverridingShadowingClassLoader@2bbf1be2
2855 [main] DEBUG org.aspectj.weaver.loadtime.Aj  - 16:58:02.375 main - org.aspectj.weaver.loadtime.Aj.preProcess org.aspectj.weaver.loadtime.Aj@58027738 sun.misc.Launcher$AppClassLoader@302b2c81, org.springframework.test.jpa.OrmXmlOverridingShadowingClassLoader@2bbf1be2
2855 [main] DEBUG org.aspectj.weaver.tools.WeavingAdaptor  - 16:58:02.375 main &gt; org.aspectj.weaver.tools.WeavingAdaptor.weaveClass org.aspectj.weaver.loadtime.ClassLoaderWeavingAdaptor@10b090ac org/hibernate/event/PreLoadEventListener, byte[229]
2855 [main] DEBUG org.aspectj.weaver.tools.WeavingAdaptor  - 16:58:02.375 main &lt; org.aspectj.weaver.tools.WeavingAdaptor.weaveClass false
2855 [main] DEBUG org.aspectj.weaver.loadtime.Aj  - 16:58:02.375 main &lt; org.aspectj.weaver.loadtime.Aj.preProcess byte[229]
2855 [main] DEBUG org.aspectj.weaver.loadtime.Aj  - 16:58:02.375 main &gt; org.aspectj.weaver.loadtime.Aj.preProcess org.aspectj.weaver.loadtime.Aj@58027738 org/hibernate/event/PreUpdateEventListener, byte[237], org.springframework.test.jpa.OrmXmlOverridingShadowingClassLoader@2bbf1be2
2855 [main] DEBUG org.aspectj.weaver.loadtime.Aj  - 16:58:02.375 main - org.aspectj.weaver.loadtime.Aj.preProcess org.aspectj.weaver.loadtime.Aj@58027738 sun.misc.Launcher$AppClassLoader@302b2c81, org.springframework.test.jpa.OrmXmlOverridingShadowingClassLoader@2bbf1be2
2855 [main] DEBUG org.aspectj.weaver.tools.WeavingAdaptor  - 16:58:02.375 main &gt; org.aspectj.weaver.tools.WeavingAdaptor.weaveClass org.aspectj.weaver.loadtime.ClassLoaderWeavingAdaptor@10b090ac org/hibernate/event/PreUpdateEventListener, byte[237]
2856 [main] DEBUG org.aspectj.weaver.tools.WeavingAdaptor  - 16:58:02.376 main &lt; org.aspectj.weaver.tools.WeavingAdaptor.weaveClass false
2856 [main] DEBUG org.aspectj.weaver.loadtime.Aj  - 16:58:02.376 main &lt; org.aspectj.weaver.loadtime.Aj.preProcess byte[237]
2856 [main] DEBUG org.aspectj.weaver.loadtime.Aj  - 16:58:02.376 main &gt; org.aspectj.weaver.loadtime.Aj.preProcess org.aspectj.weaver.loadtime.Aj@58027738 org/hibernate/event/PreDeleteEventListener, byte[237], org.springframework.test.jpa.OrmXmlOverridingShadowingClassLoader@2bbf1be2
2856 [main] DEBUG org.aspectj.weaver.loadtime.Aj  - 16:58:02.376 main - org.aspectj.weaver.loadtime.Aj.preProcess org.aspectj.weaver.loadtime.Aj@58027738 sun.misc.Launcher$AppClassLoader@302b2c81, org.springframework.test.jpa.OrmXmlOverridingShadowingClassLoader@2bbf1be2
2856 [main] DEBUG org.aspectj.weaver.tools.WeavingAdaptor  - 16:58:02.376 main &gt; org.aspectj.weaver.tools.WeavingAdaptor.weaveClass org.aspectj.weaver.loadtime.ClassLoaderWeavingAdaptor@10b090ac org/hibernate/event/PreDeleteEventListener, byte[237]
2856 [main] DEBUG org.aspectj.weaver.tools.WeavingAdaptor  - 16:58:02.376 main &lt; org.aspectj.weaver.tools.WeavingAdaptor.weaveClass false
2856 [main] DEBUG org.aspectj.weaver.loadtime.Aj  - 16:58:02.376 main &lt; org.aspectj.weaver.loadtime.Aj.preProcess byte[237]
2857 [main] DEBUG org.aspectj.weaver.loadtime.Aj  - 16:58:02.377 main &gt; org.aspectj.weaver.loadtime.Aj.preProcess org.aspectj.weaver.loadtime.Aj@58027738 org/hibernate/event/PreInsertEventListener, byte[237], org.springframework.test.jpa.OrmXmlOverridingShadowingClassLoader@2bbf1be2
2857 [main] DEBUG org.aspectj.weaver.loadtime.Aj  - 16:58:02.377 main - org.aspectj.weaver.loadtime.Aj.preProcess org.aspectj.weaver.loadtime.Aj@58027738 sun.misc.Launcher$AppClassLoader@302b2c81, org.springframework.test.jpa.OrmXmlOverridingShadowingClassLoader@2bbf1be2
2857 [main] DEBUG org.aspectj.weaver.tools.WeavingAdaptor  - 16:58:02.377 main &gt; org.aspectj.weaver.tools.WeavingAdaptor.weaveClass org.aspectj.weaver.loadtime.ClassLoaderWeavingAdaptor@10b090ac org/hibernate/event/PreInsertEventListener, byte[237]
2857 [main] DEBUG org.aspectj.weaver.tools.WeavingAdaptor  - 16:58:02.377 main &lt; org.aspectj.weaver.tools.WeavingAdaptor.weaveClass false
2857 [main] DEBUG org.aspectj.weaver.loadtime.Aj  - 16:58:02.377 main &lt; org.aspectj.weaver.loadtime.Aj.preProcess byte[237]
2857 [main] DEBUG org.aspectj.weaver.loadtime.Aj  - 16:58:02.377 main &gt; org.aspectj.weaver.loadtime.Aj.preProcess org.aspectj.weaver.loadtime.Aj@58027738 org/hibernate/event/PreCollectionRecreateEventListener, byte[285], org.springframework.test.jpa.OrmXmlOverridingShadowingClassLoader@2bbf1be2
2857 [main] DEBUG org.aspectj.weaver.loadtime.Aj  - 16:58:02.377 main - org.aspectj.weaver.loadtime.Aj.preProcess org.aspectj.weaver.loadtime.Aj@58027738 sun.misc.Launcher$AppClassLoader@302b2c81, org.springframework.test.jpa.OrmXmlOverridingShadowingClassLoader@2bbf1be2
2857 [main] DEBUG org.aspectj.weaver.tools.WeavingAdaptor  - 16:58:02.377 main &gt; org.aspectj.weaver.tools.WeavingAdaptor.weaveClass org.aspectj.weaver.loadtime.ClassLoaderWeavingAdaptor@10b090ac org/hibernate/event/PreCollectionRecreateEventListener, byte[285]
2857 [main] DEBUG org.aspectj.weaver.tools.WeavingAdaptor  - 16:58:02.377 main &lt; org.aspectj.weaver.tools.WeavingAdaptor.weaveClass false
2857 [main] DEBUG org.aspectj.weaver.loadtime.Aj  - 16:58:02.377 main &lt; org.aspectj.weaver.loadtime.Aj.preProcess byte[285]
2857 [main] DEBUG org.aspectj.weaver.loadtime.Aj  - 16:58:02.377 main &gt; org.aspectj.weaver.loadtime.Aj.preProcess org.aspectj.weaver.loadtime.Aj@58027738 org/hibernate/event/PreCollectionRemoveEventListener, byte[277], org.springframework.test.jpa.OrmXmlOverridingShadowingClassLoader@2bbf1be2
2857 [main] DEBUG org.aspectj.weaver.loadtime.Aj  - 16:58:02.377 main - org.aspectj.weaver.loadtime.Aj.preProcess org.aspectj.weaver.loadtime.Aj@58027738 sun.misc.Launcher$AppClassLoader@302b2c81, org.springframework.test.jpa.OrmXmlOverridingShadowingClassLoader@2bbf1be2
2858 [main] DEBUG org.aspectj.weaver.tools.WeavingAdaptor  - 16:58:02.378 main &gt; org.aspectj.weaver.tools.WeavingAdaptor.weaveClass org.aspectj.weaver.loadtime.ClassLoaderWeavingAdaptor@10b090ac org/hibernate/event/PreCollectionRemoveEventListener, byte[277]
2858 [main] DEBUG org.aspectj.weaver.tools.WeavingAdaptor  - 16:58:02.378 main &lt; org.aspectj.weaver.tools.WeavingAdaptor.weaveClass false
2858 [main] DEBUG org.aspectj.weaver.loadtime.Aj  - 16:58:02.378 main &lt; org.aspectj.weaver.loadtime.Aj.preProcess byte[277]
2858 [main] DEBUG org.aspectj.weaver.loadtime.Aj  - 16:58:02.378 main &gt; org.aspectj.weaver.loadtime.Aj.preProcess org.aspectj.weaver.loadtime.Aj@58027738 org/hibernate/event/PreCollectionUpdateEventListener, byte[277], org.springframework.test.jpa.OrmXmlOverridingShadowingClassLoader@2bbf1be2
2858 [main] DEBUG org.aspectj.weaver.loadtime.Aj  - 16:58:02.378 main - org.aspectj.weaver.loadtime.Aj.preProcess org.aspectj.weaver.loadtime.Aj@58027738 sun.misc.Launcher$AppClassLoader@302b2c81, org.springframework.test.jpa.OrmXmlOverridingShadowingClassLoader@2bbf1be2
2858 [main] DEBUG org.aspectj.weaver.tools.WeavingAdaptor  - 16:58:02.378 main &gt; org.aspectj.weaver.tools.WeavingAdaptor.weaveClass org.aspectj.weaver.loadtime.ClassLoaderWeavingAdaptor@10b090ac org/hibernate/event/PreCollectionUpdateEventListener, byte[277]
2858 [main] DEBUG org.aspectj.weaver.tools.WeavingAdaptor  - 16:58:02.378 main &lt; org.aspectj.weaver.tools.WeavingAdaptor.weaveClass false
2858 [main] DEBUG org.aspectj.weaver.loadtime.Aj  - 16:58:02.378 main &lt; org.aspectj.weaver.loadtime.Aj.preProcess byte[277]
2858 [main] DEBUG org.aspectj.weaver.loadtime.Aj  - 16:58:02.378 main &gt; org.aspectj.weaver.loadtime.Aj.preProcess org.aspectj.weaver.loadtime.Aj@58027738 org/hibernate/event/PostLoadEventListener, byte[233], org.springframework.test.jpa.OrmXmlOverridingShadowingClassLoader@2bbf1be2
2858 [main] DEBUG org.aspectj.weaver.loadtime.Aj  - 16:58:02.378 main - org.aspectj.weaver.loadtime.Aj.preProcess org.aspectj.weaver.loadtime.Aj@58027738 sun.misc.Launcher$AppClassLoader@302b2c81, org.springframework.test.jpa.OrmXmlOverridingShadowingClassLoader@2bbf1be2
2859 [main] DEBUG org.aspectj.weaver.tools.WeavingAdaptor  - 16:58:02.379 main &gt; org.aspectj.weaver.tools.WeavingAdaptor.weaveClass org.aspectj.weaver.loadtime.ClassLoaderWeavingAdaptor@10b090ac org/hibernate/event/PostLoadEventListener, byte[233]
2859 [main] DEBUG org.aspectj.weaver.tools.WeavingAdaptor  - 16:58:02.379 main &lt; org.aspectj.weaver.tools.WeavingAdaptor.weaveClass false
2859 [main] DEBUG org.aspectj.weaver.loadtime.Aj  - 16:58:02.379 main &lt; org.aspectj.weaver.loadtime.Aj.preProcess byte[233]
2859 [main] DEBUG org.aspectj.weaver.loadtime.Aj  - 16:58:02.379 main &gt; org.aspectj.weaver.loadtime.Aj.preProcess org.aspectj.weaver.loadtime.Aj@58027738 org/hibernate/event/PostUpdateEventListener, byte[241], org.springframework.test.jpa.OrmXmlOverridingShadowingClassLoader@2bbf1be2
2859 [main] DEBUG org.aspectj.weaver.loadtime.Aj  - 16:58:02.379 main - org.aspectj.weaver.loadtime.Aj.preProcess org.aspectj.weaver.loadtime.Aj@58027738 sun.misc.Launcher$AppClassLoader@302b2c81, org.springframework.test.jpa.OrmXmlOverridingShadowingClassLoader@2bbf1be2
2859 [main] DEBUG org.aspectj.weaver.tools.WeavingAdaptor  - 16:58:02.379 main &gt; org.aspectj.weaver.tools.WeavingAdaptor.weaveClass org.aspectj.weaver.loadtime.ClassLoaderWeavingAdaptor@10b090ac org/hibernate/event/PostUpdateEventListener, byte[241]
2859 [main] DEBUG org.aspectj.weaver.tools.WeavingAdaptor  - 16:58:02.379 main &lt; org.aspectj.weaver.tools.WeavingAdaptor.weaveClass false
2859 [main] DEBUG org.aspectj.weaver.loadtime.Aj  - 16:58:02.379 main &lt; org.aspectj.weaver.loadtime.Aj.preProcess byte[241]
2859 [main] DEBUG org.aspectj.weaver.loadtime.Aj  - 16:58:02.379 main &gt; org.aspectj.weaver.loadtime.Aj.preProcess org.aspectj.weaver.loadtime.Aj@58027738 org/hibernate/event/PostDeleteEventListener, byte[241], org.springframework.test.jpa.OrmXmlOverridingShadowingClassLoader@2bbf1be2
2859 [main] DEBUG org.aspectj.weaver.loadtime.Aj  - 16:58:02.379 main - org.aspectj.weaver.loadtime.Aj.preProcess org.aspectj.weaver.loadtime.Aj@58027738 sun.misc.Launcher$AppClassLoader@302b2c81, org.springframework.test.jpa.OrmXmlOverridingShadowingClassLoader@2bbf1be2
2859 [main] DEBUG org.aspectj.weaver.tools.WeavingAdaptor  - 16:58:02.379 main &gt; org.aspectj.weaver.tools.WeavingAdaptor.weaveClass org.aspectj.weaver.loadtime.ClassLoaderWeavingAdaptor@10b090ac org/hibernate/event/PostDeleteEventListener, byte[241]
2860 [main] DEBUG org.aspectj.weaver.tools.WeavingAdaptor  - 16:58:02.379 main &lt; org.aspectj.weaver.tools.WeavingAdaptor.weaveClass false
2860 [main] DEBUG org.aspectj.weaver.loadtime.Aj  - 16:58:02.380 main &lt; org.aspectj.weaver.loadtime.Aj.preProcess byte[241]
2860 [main] DEBUG org.aspectj.weaver.loadtime.Aj  - 16:58:02.380 main &gt; org.aspectj.weaver.loadtime.Aj.preProcess org.aspectj.weaver.loadtime.Aj@58027738 org/hibernate/event/PostInsertEventListener, byte[241], org.springframework.test.jpa.OrmXmlOverridingShadowingClassLoader@2bbf1be2
2860 [main] DEBUG org.aspectj.weaver.loadtime.Aj  - 16:58:02.380 main - org.aspectj.weaver.loadtime.Aj.preProcess org.aspectj.weaver.loadtime.Aj@58027738 sun.misc.Launcher$AppClassLoader@302b2c81, org.springframework.test.jpa.OrmXmlOverridingShadowingClassLoader@2bbf1be2
2860 [main] DEBUG org.aspectj.weaver.tools.WeavingAdaptor  - 16:58:02.380 main &gt; org.aspectj.weaver.tools.WeavingAdaptor.weaveClass org.aspectj.weaver.loadtime.ClassLoaderWeavingAdaptor@10b090ac org/hibernate/event/PostInsertEventListener, byte[241]
2860 [main] DEBUG org.aspectj.weaver.tools.WeavingAdaptor  - 16:58:02.380 main &lt; org.aspectj.weaver.tools.WeavingAdaptor.weaveClass false
2860 [main] DEBUG org.aspectj.weaver.loadtime.Aj  - 16:58:02.380 main &lt; org.aspectj.weaver.loadtime.Aj.preProcess byte[241]
2860 [main] DEBUG org.aspectj.weaver.loadtime.Aj  - 16:58:02.380 main &gt; org.aspectj.weaver.loadtime.Aj.preProcess org.aspectj.weaver.loadtime.Aj@58027738 org/hibernate/event/PostCollectionRecreateEventListener, byte[289], org.springframework.test.jpa.OrmXmlOverridingShadowingClassLoader@2bbf1be2
2860 [main] DEBUG org.aspectj.weaver.loadtime.Aj  - 16:58:02.380 main - org.aspectj.weaver.loadtime.Aj.preProcess org.aspectj.weaver.loadtime.Aj@58027738 sun.misc.Launcher$AppClassLoader@302b2c81, org.springframework.test.jpa.OrmXmlOverridingShadowingClassLoader@2bbf1be2
2860 [main] DEBUG org.aspectj.weaver.tools.WeavingAdaptor  - 16:58:02.380 main &gt; org.aspectj.weaver.tools.WeavingAdaptor.weaveClass org.aspectj.weaver.loadtime.ClassLoaderWeavingAdaptor@10b090ac org/hibernate/event/PostCollectionRecreateEventListener, byte[289]
2860 [main] DEBUG org.aspectj.weaver.tools.WeavingAdaptor  - 16:58:02.380 main &lt; org.aspectj.weaver.tools.WeavingAdaptor.weaveClass false
2860 [main] DEBUG org.aspectj.weaver.loadtime.Aj  - 16:58:02.380 main &lt; org.aspectj.weaver.loadtime.Aj.preProcess byte[289]
2861 [main] DEBUG org.aspectj.weaver.loadtime.Aj  - 16:58:02.381 main &gt; org.aspectj.weaver.loadtime.Aj.preProcess org.aspectj.weaver.loadtime.Aj@58027738 org/hibernate/event/PostCollectionRemoveEventListener, byte[281], org.springframework.test.jpa.OrmXmlOverridingShadowingClassLoader@2bbf1be2
2861 [main] DEBUG org.aspectj.weaver.loadtime.Aj  - 16:58:02.381 main - org.aspectj.weaver.loadtime.Aj.preProcess org.aspectj.weaver.loadtime.Aj@58027738 sun.misc.Launcher$AppClassLoader@302b2c81, org.springframework.test.jpa.OrmXmlOverridingShadowingClassLoader@2bbf1be2
2861 [main] DEBUG org.aspectj.weaver.tools.WeavingAdaptor  - 16:58:02.381 main &gt; org.aspectj.weaver.tools.WeavingAdaptor.weaveClass org.aspectj.weaver.loadtime.ClassLoaderWeavingAdaptor@10b090ac org/hibernate/event/PostCollectionRemoveEventListener, byte[281]
2861 [main] DEBUG org.aspectj.weaver.tools.WeavingAdaptor  - 16:58:02.381 main &lt; org.aspectj.weaver.tools.WeavingAdaptor.weaveClass false
2861 [main] DEBUG org.aspectj.weaver.loadtime.Aj  - 16:58:02.381 main &lt; org.aspectj.weaver.loadtime.Aj.preProcess byte[281]
2861 [main] DEBUG org.aspectj.weaver.loadtime.Aj  - 16:58:02.381 main &gt; org.aspectj.weaver.loadtime.Aj.preProcess org.aspectj.weaver.loadtime.Aj@58027738 org/hibernate/event/PostCollectionUpdateEventListener, byte[281], org.springframework.test.jpa.OrmXmlOverridingShadowingClassLoader@2bbf1be2
2861 [main] DEBUG org.aspectj.weaver.loadtime.Aj  - 16:58:02.381 main - org.aspectj.weaver.loadtime.Aj.preProcess org.aspectj.weaver.loadtime.Aj@58027738 sun.misc.Launcher$AppClassLoader@302b2c81, org.springframework.test.jpa.OrmXmlOverridingShadowingClassLoader@2bbf1be2
2861 [main] DEBUG org.aspectj.weaver.tools.WeavingAdaptor  - 16:58:02.381 main &gt; org.aspectj.weaver.tools.WeavingAdaptor.weaveClass org.aspectj.weaver.loadtime.ClassLoaderWeavingAdaptor@10b090ac org/hibernate/event/PostCollectionUpdateEventListener, byte[281]
2861 [main] DEBUG org.aspectj.weaver.tools.WeavingAdaptor  - 16:58:02.381 main &lt; org.aspectj.weaver.tools.WeavingAdaptor.weaveClass false
2861 [main] DEBUG org.aspectj.weaver.loadtime.Aj  - 16:58:02.381 main &lt; org.aspectj.weaver.loadtime.Aj.preProcess byte[281]
2862 [main] DEBUG org.aspectj.weaver.loadtime.Aj  - 16:58:02.382 main &gt; org.aspectj.weaver.loadtime.Aj.preProcess org.aspectj.weaver.loadtime.Aj@58027738 org/hibernate/event/def/DefaultLoadEventListener, byte[18120], org.springframework.test.jpa.OrmXmlOverridingShadowingClassLoader@2bbf1be2
2862 [main] DEBUG org.aspectj.weaver.loadtime.Aj  - 16:58:02.382 main - org.aspectj.weaver.loadtime.Aj.preProcess org.aspectj.weaver.loadtime.Aj@58027738 sun.misc.Launcher$AppClassLoader@302b2c81, org.springframework.test.jpa.OrmXmlOverridingShadowingClassLoader@2bbf1be2
2862 [main] DEBUG org.aspectj.weaver.tools.WeavingAdaptor  - 16:58:02.382 main &gt; org.aspectj.weaver.tools.WeavingAdaptor.weaveClass org.aspectj.weaver.loadtime.ClassLoaderWeavingAdaptor@10b090ac org/hibernate/event/def/DefaultLoadEventListener, byte[18120]
2862 [main] DEBUG org.aspectj.weaver.tools.WeavingAdaptor  - 16:58:02.382 main &lt; org.aspectj.weaver.tools.WeavingAdaptor.weaveClass false
2862 [main] DEBUG org.aspectj.weaver.loadtime.Aj  - 16:58:02.382 main &lt; org.aspectj.weaver.loadtime.Aj.preProcess byte[18120]
2862 [main] DEBUG org.aspectj.weaver.loadtime.Aj  - 16:58:02.382 main &gt; org.aspectj.weaver.loadtime.Aj.preProcess org.aspectj.weaver.loadtime.Aj@58027738 org/hibernate/event/def/AbstractLockUpgradeEventListener, byte[4995], org.springframework.test.jpa.OrmXmlOverridingShadowingClassLoader@2bbf1be2
2862 [main] DEBUG org.aspectj.weaver.loadtime.Aj  - 16:58:02.382 main - org.aspectj.weaver.loadtime.Aj.preProcess org.aspectj.weaver.loadtime.Aj@58027738 sun.misc.Launcher$AppClassLoader@302b2c81, org.springframework.test.jpa.OrmXmlOverridingShadowingClassLoader@2bbf1be2
2863 [main] DEBUG org.aspectj.weaver.tools.WeavingAdaptor  - 16:58:02.382 main &gt; org.aspectj.weaver.tools.WeavingAdaptor.weaveClass org.aspectj.weaver.loadtime.ClassLoaderWeavingAdaptor@10b090ac org/hibernate/event/def/AbstractLockUpgradeEventListener, byte[4995]
2863 [main] DEBUG org.aspectj.weaver.tools.WeavingAdaptor  - 16:58:02.383 main &lt; org.aspectj.weaver.tools.WeavingAdaptor.weaveClass false
2863 [main] DEBUG org.aspectj.weaver.loadtime.Aj  - 16:58:02.383 main &lt; org.aspectj.weaver.loadtime.Aj.preProcess byte[4995]
2863 [main] DEBUG org.aspectj.weaver.loadtime.Aj  - 16:58:02.383 main &gt; org.aspectj.weaver.loadtime.Aj.preProcess org.aspectj.weaver.loadtime.Aj@58027738 org/hibernate/event/def/AbstractReassociateEventListener, byte[4581], org.springframework.test.jpa.OrmXmlOverridingShadowingClassLoader@2bbf1be2
2863 [main] DEBUG org.aspectj.weaver.loadtime.Aj  - 16:58:02.383 main - org.aspectj.weaver.loadtime.Aj.preProcess org.aspectj.weaver.loadtime.Aj@58027738 sun.misc.Launcher$AppClassLoader@302b2c81, org.springframework.test.jpa.OrmXmlOverridingShadowingClassLoader@2bbf1be2
2863 [main] DEBUG org.aspectj.weaver.tools.WeavingAdaptor  - 16:58:02.383 main &gt; org.aspectj.weaver.tools.WeavingAdaptor.weaveClass org.aspectj.weaver.loadtime.ClassLoaderWeavingAdaptor@10b090ac org/hibernate/event/def/AbstractReassociateEventListener, byte[4581]
2863 [main] DEBUG org.aspectj.weaver.tools.WeavingAdaptor  - 16:58:02.383 main &lt; org.aspectj.weaver.tools.WeavingAdaptor.weaveClass false
2863 [main] DEBUG org.aspectj.weaver.loadtime.Aj  - 16:58:02.383 main &lt; org.aspectj.weaver.loadtime.Aj.preProcess byte[4581]
2864 [main] DEBUG org.aspectj.weaver.loadtime.Aj  - 16:58:02.384 main &gt; org.aspectj.weaver.loadtime.Aj.preProcess org.aspectj.weaver.loadtime.Aj@58027738 org/hibernate/engine/SessionImplementor, byte[4053], org.springframework.test.jpa.OrmXmlOverridingShadowingClassLoader@2bbf1be2
2864 [main] DEBUG org.aspectj.weaver.loadtime.Aj  - 16:58:02.384 main - org.aspectj.weaver.loadtime.Aj.preProcess org.aspectj.weaver.loadtime.Aj@58027738 sun.misc.Launcher$AppClassLoader@302b2c81, org.springframework.test.jpa.OrmXmlOverridingShadowingClassLoader@2bbf1be2
2864 [main] DEBUG org.aspectj.weaver.tools.WeavingAdaptor  - 16:58:02.384 main &gt; org.aspectj.weaver.tools.WeavingAdaptor.weaveClass org.aspectj.weaver.loadtime.ClassLoaderWeavingAdaptor@10b090ac org/hibernate/engine/SessionImplementor, byte[4053]
2864 [main] DEBUG org.aspectj.weaver.tools.WeavingAdaptor  - 16:58:02.384 main &lt; org.aspectj.weaver.tools.WeavingAdaptor.weaveClass false
2864 [main] DEBUG org.aspectj.weaver.loadtime.Aj  - 16:58:02.384 main &lt; org.aspectj.weaver.loadtime.Aj.preProcess byte[4053]
2864 [main] DEBUG org.aspectj.weaver.loadtime.Aj  - 16:58:02.384 main &gt; org.aspectj.weaver.loadtime.Aj.preProcess org.aspectj.weaver.loadtime.Aj@58027738 org/hibernate/ObjectDeletedException, byte[516], org.springframework.test.jpa.OrmXmlOverridingShadowingClassLoader@2bbf1be2
2864 [main] DEBUG org.aspectj.weaver.loadtime.Aj  - 16:58:02.384 main - org.aspectj.weaver.loadtime.Aj.preProcess org.aspectj.weaver.loadtime.Aj@58027738 sun.misc.Launcher$AppClassLoader@302b2c81, org.springframework.test.jpa.OrmXmlOverridingShadowingClassLoader@2bbf1be2
2864 [main] DEBUG org.aspectj.weaver.tools.WeavingAdaptor  - 16:58:02.384 main &gt; org.aspectj.weaver.tools.WeavingAdaptor.weaveClass org.aspectj.weaver.loadtime.ClassLoaderWeavingAdaptor@10b090ac org/hibernate/ObjectDeletedException, byte[516]
2864 [main] DEBUG org.aspectj.weaver.tools.WeavingAdaptor  - 16:58:02.384 main &lt; org.aspectj.weaver.tools.WeavingAdaptor.weaveClass false
2864 [main] DEBUG org.aspectj.weaver.loadtime.Aj  - 16:58:02.384 main &lt; org.aspectj.weaver.loadtime.Aj.preProcess byte[516]
2865 [main] DEBUG org.aspectj.weaver.loadtime.Aj  - 16:58:02.385 main &gt; org.aspectj.weaver.loadtime.Aj.preProcess org.aspectj.weaver.loadtime.Aj@58027738 org/hibernate/UnresolvableObjectException, byte[1622], org.springframework.test.jpa.OrmXmlOverridingShadowingClassLoader@2bbf1be2
2865 [main] DEBUG org.aspectj.weaver.loadtime.Aj  - 16:58:02.385 main - org.aspectj.weaver.loadtime.Aj.preProcess org.aspectj.weaver.loadtime.Aj@58027738 sun.misc.Launcher$AppClassLoader@302b2c81, org.springframework.test.jpa.OrmXmlOverridingShadowingClassLoader@2bbf1be2
2865 [main] DEBUG org.aspectj.weaver.tools.WeavingAdaptor  - 16:58:02.385 main &gt; org.aspectj.weaver.tools.WeavingAdaptor.weaveClass org.aspectj.weaver.loadtime.ClassLoaderWeavingAdaptor@10b090ac org/hibernate/UnresolvableObjectException, byte[1622]
2865 [main] DEBUG org.aspectj.weaver.tools.WeavingAdaptor  - 16:58:02.385 main &lt; org.aspectj.weaver.tools.WeavingAdaptor.weaveClass false
2865 [main] DEBUG org.aspectj.weaver.loadtime.Aj  - 16:58:02.385 main &lt; org.aspectj.weaver.loadtime.Aj.preProcess byte[1622]
2865 [main] DEBUG org.aspectj.weaver.loadtime.Aj  - 16:58:02.385 main &gt; org.aspectj.weaver.loadtime.Aj.preProcess org.aspectj.weaver.loadtime.Aj@58027738 org/hibernate/TypeMismatchException, byte[685], org.springframework.test.jpa.OrmXmlOverridingShadowingClassLoader@2bbf1be2
2865 [main] DEBUG org.aspectj.weaver.loadtime.Aj  - 16:58:02.385 main - org.aspectj.weaver.loadtime.Aj.preProcess org.aspectj.weaver.loadtime.Aj@58027738 sun.misc.Launcher$AppClassLoader@302b2c81, org.springframework.test.jpa.OrmXmlOverridingShadowingClassLoader@2bbf1be2
2865 [main] DEBUG org.aspectj.weaver.tools.WeavingAdaptor  - 16:58:02.385 main &gt; org.aspectj.weaver.tools.WeavingAdaptor.weaveClass org.aspectj.weaver.loadtime.ClassLoaderWeavingAdaptor@10b090ac org/hibernate/TypeMismatchException, byte[685]
2865 [main] DEBUG org.aspectj.weaver.tools.WeavingAdaptor  - 16:58:02.385 main &lt; org.aspectj.weaver.tools.WeavingAdaptor.weaveClass false
2865 [main] DEBUG org.aspectj.weaver.loadtime.Aj  - 16:58:02.385 main &lt; org.aspectj.weaver.loadtime.Aj.preProcess byte[685]
2866 [main] DEBUG org.aspectj.weaver.loadtime.Aj  - 16:58:02.386 main &gt; org.aspectj.weaver.loadtime.Aj.preProcess org.aspectj.weaver.loadtime.Aj@58027738 org/hibernate/PersistentObjectException, byte[402], org.springframework.test.jpa.OrmXmlOverridingShadowingClassLoader@2bbf1be2
2866 [main] DEBUG org.aspectj.weaver.loadtime.Aj  - 16:58:02.386 main - org.aspectj.weaver.loadtime.Aj.preProcess org.aspectj.weaver.loadtime.Aj@58027738 sun.misc.Launcher$AppClassLoader@302b2c81, org.springframework.test.jpa.OrmXmlOverridingShadowingClassLoader@2bbf1be2
2866 [main] DEBUG org.aspectj.weaver.tools.WeavingAdaptor  - 16:58:02.386 main &gt; org.aspectj.weaver.tools.WeavingAdaptor.weaveClass org.aspectj.weaver.loadtime.ClassLoaderWeavingAdaptor@10b090ac org/hibernate/PersistentObjectException, byte[402]
2866 [main] DEBUG org.aspectj.weaver.tools.WeavingAdaptor  - 16:58:02.386 main &lt; org.aspectj.weaver.tools.WeavingAdaptor.weaveClass false
2866 [main] DEBUG org.aspectj.weaver.loadtime.Aj  - 16:58:02.386 main &lt; org.aspectj.weaver.loadtime.Aj.preProcess byte[402]
2866 [main] DEBUG org.aspectj.weaver.loadtime.Aj  - 16:58:02.386 main &gt; org.aspectj.weaver.loadtime.Aj.preProcess org.aspectj.weaver.loadtime.Aj@58027738 org/hibernate/NonUniqueObjectException, byte[1432], org.springframework.test.jpa.OrmXmlOverridingShadowingClassLoader@2bbf1be2
2867 [main] DEBUG org.aspectj.weaver.loadtime.Aj  - 16:58:02.387 main - org.aspectj.weaver.loadtime.Aj.preProcess org.aspectj.weaver.loadtime.Aj@58027738 sun.misc.Launcher$AppClassLoader@302b2c81, org.springframework.test.jpa.OrmXmlOverridingShadowingClassLoader@2bbf1be2
2867 [main] DEBUG org.aspectj.weaver.tools.WeavingAdaptor  - 16:58:02.387 main &gt; org.aspectj.weaver.tools.WeavingAdaptor.weaveClass org.aspectj.weaver.loadtime.ClassLoaderWeavingAdaptor@10b090ac org/hibernate/NonUniqueObjectException, byte[1432]
2867 [main] DEBUG org.aspectj.weaver.tools.WeavingAdaptor  - 16:58:02.387 main &lt; org.aspectj.weaver.tools.WeavingAdaptor.weaveClass false
2867 [main] DEBUG org.aspectj.weaver.loadtime.Aj  - 16:58:02.387 main &lt; org.aspectj.weaver.loadtime.Aj.preProcess byte[1432]
2867 [main] DEBUG org.aspectj.weaver.loadtime.Aj  - 16:58:02.387 main &gt; org.aspectj.weaver.loadtime.Aj.preProcess org.aspectj.weaver.loadtime.Aj@58027738 org/hibernate/LockMode, byte[1728], org.springframework.test.jpa.OrmXmlOverridingShadowingClassLoader@2bbf1be2
2867 [main] DEBUG org.aspectj.weaver.loadtime.Aj  - 16:58:02.387 main - org.aspectj.weaver.loadtime.Aj.preProcess org.aspectj.weaver.loadtime.Aj@58027738 sun.misc.Launcher$AppClassLoader@302b2c81, org.springframework.test.jpa.OrmXmlOverridingShadowingClassLoader@2bbf1be2
2867 [main] DEBUG org.aspectj.weaver.tools.WeavingAdaptor  - 16:58:02.387 main &gt; org.aspectj.weaver.tools.WeavingAdaptor.weaveClass org.aspectj.weaver.loadtime.ClassLoaderWeavingAdaptor@10b090ac org/hibernate/LockMode, byte[1728]
2867 [main] DEBUG org.aspectj.weaver.tools.WeavingAdaptor  - 16:58:02.387 main &lt; org.aspectj.weaver.tools.WeavingAdaptor.weaveClass false
2867 [main] DEBUG org.aspectj.weaver.loadtime.Aj  - 16:58:02.387 main &lt; org.aspectj.weaver.loadtime.Aj.preProcess byte[1728]
2868 [main] DEBUG org.aspectj.weaver.loadtime.Aj  - 16:58:02.388 main &gt; org.aspectj.weaver.loadtime.Aj.preProcess org.aspectj.weaver.loadtime.Aj@58027738 org/hibernate/event/def/DefaultSaveOrUpdateEventListener, byte[10659], org.springframework.test.jpa.OrmXmlOverridingShadowingClassLoader@2bbf1be2
2868 [main] DEBUG org.aspectj.weaver.loadtime.Aj  - 16:58:02.388 main - org.aspectj.weaver.loadtime.Aj.preProcess org.aspectj.weaver.loadtime.Aj@58027738 sun.misc.Launcher$AppClassLoader@302b2c81, org.springframework.test.jpa.OrmXmlOverridingShadowingClassLoader@2bbf1be2
2868 [main] DEBUG org.aspectj.weaver.tools.WeavingAdaptor  - 16:58:02.388 main &gt; org.aspectj.weaver.tools.WeavingAdaptor.weaveClass org.aspectj.weaver.loadtime.ClassLoaderWeavingAdaptor@10b090ac org/hibernate/event/def/DefaultSaveOrUpdateEventListener, byte[10659]
2868 [main] DEBUG org.aspectj.weaver.tools.WeavingAdaptor  - 16:58:02.388 main &lt; org.aspectj.weaver.tools.WeavingAdaptor.weaveClass false
2868 [main] DEBUG org.aspectj.weaver.loadtime.Aj  - 16:58:02.388 main &lt; org.aspectj.weaver.loadtime.Aj.preProcess byte[10659]
2868 [main] DEBUG org.aspectj.weaver.loadtime.Aj  - 16:58:02.388 main &gt; org.aspectj.weaver.loadtime.Aj.preProcess org.aspectj.weaver.loadtime.Aj@58027738 org/hibernate/event/def/AbstractSaveEventListener, byte[15210], org.springframework.test.jpa.OrmXmlOverridingShadowingClassLoader@2bbf1be2
2869 [main] DEBUG org.aspectj.weaver.loadtime.Aj  - 16:58:02.388 main - org.aspectj.weaver.loadtime.Aj.preProcess org.aspectj.weaver.loadtime.Aj@58027738 sun.misc.Launcher$AppClassLoader@302b2c81, org.springframework.test.jpa.OrmXmlOverridingShadowingClassLoader@2bbf1be2
2869 [main] DEBUG org.aspectj.weaver.tools.WeavingAdaptor  - 16:58:02.389 main &gt; org.aspectj.weaver.tools.WeavingAdaptor.weaveClass org.aspectj.weaver.loadtime.ClassLoaderWeavingAdaptor@10b090ac org/hibernate/event/def/AbstractSaveEventListener, byte[15210]
2869 [main] DEBUG org.aspectj.weaver.tools.WeavingAdaptor  - 16:58:02.389 main &lt; org.aspectj.weaver.tools.WeavingAdaptor.weaveClass false
2869 [main] DEBUG org.aspectj.weaver.loadtime.Aj  - 16:58:02.389 main &lt; org.aspectj.weaver.loadtime.Aj.preProcess byte[15210]
2869 [main] DEBUG org.aspectj.weaver.loadtime.Aj  - 16:58:02.389 main &gt; org.aspectj.weaver.loadtime.Aj.preProcess org.aspectj.weaver.loadtime.Aj@58027738 org/hibernate/action/Executable, byte[400], org.springframework.test.jpa.OrmXmlOverridingShadowingClassLoader@2bbf1be2
2869 [main] DEBUG org.aspectj.weaver.loadtime.Aj  - 16:58:02.389 main - org.aspectj.weaver.loadtime.Aj.preProcess org.aspectj.weaver.loadtime.Aj@58027738 sun.misc.Launcher$AppClassLoader@302b2c81, org.springframework.test.jpa.OrmXmlOverridingShadowingClassLoader@2bbf1be2
2869 [main] DEBUG org.aspectj.weaver.tools.WeavingAdaptor  - 16:58:02.389 main &gt; org.aspectj.weaver.tools.WeavingAdaptor.weaveClass org.aspectj.weaver.loadtime.ClassLoaderWeavingAdaptor@10b090ac org/hibernate/action/Executable, byte[400]
2869 [main] DEBUG org.aspectj.weaver.tools.WeavingAdaptor  - 16:58:02.389 main &lt; org.aspectj.weaver.tools.WeavingAdaptor.weaveClass false
2869 [main] DEBUG org.aspectj.weaver.loadtime.Aj  - 16:58:02.389 main &lt; org.aspectj.weaver.loadtime.Aj.preProcess byte[400]
2870 [main] DEBUG org.aspectj.weaver.loadtime.Aj  - 16:58:02.390 main &gt; org.aspectj.weaver.loadtime.Aj.preProcess org.aspectj.weaver.loadtime.Aj@58027738 org/hibernate/Session, byte[3581], org.springframework.test.jpa.OrmXmlOverridingShadowingClassLoader@2bbf1be2
2870 [main] DEBUG org.aspectj.weaver.loadtime.Aj  - 16:58:02.390 main - org.aspectj.weaver.loadtime.Aj.preProcess org.aspectj.weaver.loadtime.Aj@58027738 sun.misc.Launcher$AppClassLoader@302b2c81, org.springframework.test.jpa.OrmXmlOverridingShadowingClassLoader@2bbf1be2
2870 [main] DEBUG org.aspectj.weaver.tools.WeavingAdaptor  - 16:58:02.390 main &gt; org.aspectj.weaver.tools.WeavingAdaptor.weaveClass org.aspectj.weaver.loadtime.ClassLoaderWeavingAdaptor@10b090ac org/hibernate/Session, byte[3581]
2870 [main] DEBUG org.aspectj.weaver.tools.WeavingAdaptor  - 16:58:02.390 main &lt; org.aspectj.weaver.tools.WeavingAdaptor.weaveClass false
2870 [main] DEBUG org.aspectj.weaver.loadtime.Aj  - 16:58:02.390 main &lt; org.aspectj.weaver.loadtime.Aj.preProcess byte[3581]
2870 [main] DEBUG org.aspectj.weaver.loadtime.Aj  - 16:58:02.390 main &gt; org.aspectj.weaver.loadtime.Aj.preProcess org.aspectj.weaver.loadtime.Aj@58027738 org/hibernate/id/IdentifierGenerationException, byte[592], org.springframework.test.jpa.OrmXmlOverridingShadowingClassLoader@2bbf1be2
2870 [main] DEBUG org.aspectj.weaver.loadtime.Aj  - 16:58:02.390 main - org.aspectj.weaver.loadtime.Aj.preProcess org.aspectj.weaver.loadtime.Aj@58027738 sun.misc.Launcher$AppClassLoader@302b2c81, org.springframework.test.jpa.OrmXmlOverridingShadowingClassLoader@2bbf1be2
2870 [main] DEBUG org.aspectj.weaver.tools.WeavingAdaptor  - 16:58:02.390 main &gt; org.aspectj.weaver.tools.WeavingAdaptor.weaveClass org.aspectj.weaver.loadtime.ClassLoaderWeavingAdaptor@10b090ac org/hibernate/id/IdentifierGenerationException, byte[592]
2871 [main] DEBUG org.aspectj.weaver.tools.WeavingAdaptor  - 16:58:02.391 main &lt; org.aspectj.weaver.tools.WeavingAdaptor.weaveClass false
2871 [main] DEBUG org.aspectj.weaver.loadtime.Aj  - 16:58:02.391 main &lt; org.aspectj.weaver.loadtime.Aj.preProcess byte[592]
2871 [main] DEBUG org.aspectj.weaver.loadtime.Aj  - 16:58:02.391 main &gt; org.aspectj.weaver.loadtime.Aj.preProcess org.aspectj.weaver.loadtime.Aj@58027738 org/hibernate/TransientObjectException, byte[399], org.springframework.test.jpa.OrmXmlOverridingShadowingClassLoader@2bbf1be2
2871 [main] DEBUG org.aspectj.weaver.loadtime.Aj  - 16:58:02.391 main - org.aspectj.weaver.loadtime.Aj.preProcess org.aspectj.weaver.loadtime.Aj@58027738 sun.misc.Launcher$AppClassLoader@302b2c81, org.springframework.test.jpa.OrmXmlOverridingShadowingClassLoader@2bbf1be2
2871 [main] DEBUG org.aspectj.weaver.tools.WeavingAdaptor  - 16:58:02.391 main &gt; org.aspectj.weaver.tools.WeavingAdaptor.weaveClass org.aspectj.weaver.loadtime.ClassLoaderWeavingAdaptor@10b090ac org/hibernate/TransientObjectException, byte[399]
2871 [main] DEBUG org.aspectj.weaver.tools.WeavingAdaptor  - 16:58:02.391 main &lt; org.aspectj.weaver.tools.WeavingAdaptor.weaveClass false
2871 [main] DEBUG org.aspectj.weaver.loadtime.Aj  - 16:58:02.391 main &lt; org.aspectj.weaver.loadtime.Aj.preProcess byte[399]
2872 [main] DEBUG org.aspectj.weaver.loadtime.Aj  - 16:58:02.392 main &gt; org.aspectj.weaver.loadtime.Aj.preProcess org.aspectj.weaver.loadtime.Aj@58027738 org/hibernate/event/AbstractEvent, byte[579], org.springframework.test.jpa.OrmXmlOverridingShadowingClassLoader@2bbf1be2
2872 [main] DEBUG org.aspectj.weaver.loadtime.Aj  - 16:58:02.392 main - org.aspectj.weaver.loadtime.Aj.preProcess org.aspectj.weaver.loadtime.Aj@58027738 sun.misc.Launcher$AppClassLoader@302b2c81, org.springframework.test.jpa.OrmXmlOverridingShadowingClassLoader@2bbf1be2
2872 [main] DEBUG org.aspectj.weaver.tools.WeavingAdaptor  - 16:58:02.392 main &gt; org.aspectj.weaver.tools.WeavingAdaptor.weaveClass org.aspectj.weaver.loadtime.ClassLoaderWeavingAdaptor@10b090ac org/hibernate/event/AbstractEvent, byte[579]
2872 [main] DEBUG org.aspectj.weaver.tools.WeavingAdaptor  - 16:58:02.392 main &lt; org.aspectj.weaver.tools.WeavingAdaptor.weaveClass false
2872 [main] DEBUG org.aspectj.weaver.loadtime.Aj  - 16:58:02.392 main &lt; org.aspectj.weaver.loadtime.Aj.preProcess byte[579]
2872 [main] DEBUG org.aspectj.weaver.loadtime.Aj  - 16:58:02.392 main &gt; org.aspectj.weaver.loadtime.Aj.preProcess org.aspectj.weaver.loadtime.Aj@58027738 org/hibernate/event/SaveOrUpdateEvent, byte[2643], org.springframework.test.jpa.OrmXmlOverridingShadowingClassLoader@2bbf1be2
2872 [main] DEBUG org.aspectj.weaver.loadtime.Aj  - 16:58:02.392 main - org.aspectj.weaver.loadtime.Aj.preProcess org.aspectj.weaver.loadtime.Aj@58027738 sun.misc.Launcher$AppClassLoader@302b2c81, org.springframework.test.jpa.OrmXmlOverridingShadowingClassLoader@2bbf1be2
2872 [main] DEBUG org.aspectj.weaver.tools.WeavingAdaptor  - 16:58:02.392 main &gt; org.aspectj.weaver.tools.WeavingAdaptor.weaveClass org.aspectj.weaver.loadtime.ClassLoaderWeavingAdaptor@10b090ac org/hibernate/event/SaveOrUpdateEvent, byte[2643]
2872 [main] DEBUG org.aspectj.weaver.tools.WeavingAdaptor  - 16:58:02.392 main &lt; org.aspectj.weaver.tools.WeavingAdaptor.weaveClass false
2872 [main] DEBUG org.aspectj.weaver.loadtime.Aj  - 16:58:02.392 main &lt; org.aspectj.weaver.loadtime.Aj.preProcess byte[2643]
2873 [main] DEBUG org.aspectj.weaver.loadtime.Aj  - 16:58:02.393 main &gt; org.aspectj.weaver.loadtime.Aj.preProcess org.aspectj.weaver.loadtime.Aj@58027738 org/hibernate/event/def/DefaultMergeEventListener, byte[13382], org.springframework.test.jpa.OrmXmlOverridingShadowingClassLoader@2bbf1be2
2873 [main] DEBUG org.aspectj.weaver.loadtime.Aj  - 16:58:02.393 main - org.aspectj.weaver.loadtime.Aj.preProcess org.aspectj.weaver.loadtime.Aj@58027738 sun.misc.Launcher$AppClassLoader@302b2c81, org.springframework.test.jpa.OrmXmlOverridingShadowingClassLoader@2bbf1be2
2873 [main] DEBUG org.aspectj.weaver.tools.WeavingAdaptor  - 16:58:02.393 main &gt; org.aspectj.weaver.tools.WeavingAdaptor.weaveClass org.aspectj.weaver.loadtime.ClassLoaderWeavingAdaptor@10b090ac org/hibernate/event/def/DefaultMergeEventListener, byte[13382]
2873 [main] DEBUG org.aspectj.weaver.tools.WeavingAdaptor  - 16:58:02.393 main &lt; org.aspectj.weaver.tools.WeavingAdaptor.weaveClass false
2873 [main] DEBUG org.aspectj.weaver.loadtime.Aj  - 16:58:02.393 main &lt; org.aspectj.weaver.loadtime.Aj.preProcess byte[13382]
2874 [main] DEBUG org.aspectj.weaver.loadtime.Aj  - 16:58:02.394 main &gt; org.aspectj.weaver.loadtime.Aj.preProcess org.aspectj.weaver.loadtime.Aj@58027738 org/hibernate/WrongClassException, byte[1185], org.springframework.test.jpa.OrmXmlOverridingShadowingClassLoader@2bbf1be2
2874 [main] DEBUG org.aspectj.weaver.loadtime.Aj  - 16:58:02.394 main - org.aspectj.weaver.loadtime.Aj.preProcess org.aspectj.weaver.loadtime.Aj@58027738 sun.misc.Launcher$AppClassLoader@302b2c81, org.springframework.test.jpa.OrmXmlOverridingShadowingClassLoader@2bbf1be2
2874 [main] DEBUG org.aspectj.weaver.tools.WeavingAdaptor  - 16:58:02.394 main &gt; org.aspectj.weaver.tools.WeavingAdaptor.weaveClass org.aspectj.weaver.loadtime.ClassLoaderWeavingAdaptor@10b090ac org/hibernate/WrongClassException, byte[1185]
2874 [main] DEBUG org.aspectj.weaver.tools.WeavingAdaptor  - 16:58:02.394 main &lt; org.aspectj.weaver.tools.WeavingAdaptor.weaveClass false
2874 [main] DEBUG org.aspectj.weaver.loadtime.Aj  - 16:58:02.394 main &lt; org.aspectj.weaver.loadtime.Aj.preProcess byte[1185]
2875 [main] DEBUG org.aspectj.weaver.loadtime.Aj  - 16:58:02.395 main &gt; org.aspectj.weaver.loadtime.Aj.preProcess org.aspectj.weaver.loadtime.Aj@58027738 org/hibernate/StaleObjectStateException, byte[1260], org.springframework.test.jpa.OrmXmlOverridingShadowingClassLoader@2bbf1be2
2875 [main] DEBUG org.aspectj.weaver.loadtime.Aj  - 16:58:02.395 main - org.aspectj.weaver.loadtime.Aj.preProcess org.aspectj.weaver.loadtime.Aj@58027738 sun.misc.Launcher$AppClassLoader@302b2c81, org.springframework.test.jpa.OrmXmlOverridingShadowingClassLoader@2bbf1be2
2875 [main] DEBUG org.aspectj.weaver.tools.WeavingAdaptor  - 16:58:02.395 main &gt; org.aspectj.weaver.tools.WeavingAdaptor.weaveClass org.aspectj.weaver.loadtime.ClassLoaderWeavingAdaptor@10b090ac org/hibernate/StaleObjectStateException, byte[1260]
2875 [main] DEBUG org.aspectj.weaver.tools.WeavingAdaptor  - 16:58:02.395 main &lt; org.aspectj.weaver.tools.WeavingAdaptor.weaveClass false
2875 [main] DEBUG org.aspectj.weaver.loadtime.Aj  - 16:58:02.395 main &lt; org.aspectj.weaver.loadtime.Aj.preProcess byte[1260]
2875 [main] DEBUG org.aspectj.weaver.loadtime.Aj  - 16:58:02.395 main &gt; org.aspectj.weaver.loadtime.Aj.preProcess org.aspectj.weaver.loadtime.Aj@58027738 org/hibernate/StaleStateException, byte[384], org.springframework.test.jpa.OrmXmlOverridingShadowingClassLoader@2bbf1be2
2875 [main] DEBUG org.aspectj.weaver.loadtime.Aj  - 16:58:02.395 main - org.aspectj.weaver.loadtime.Aj.preProcess org.aspectj.weaver.loadtime.Aj@58027738 sun.misc.Launcher$AppClassLoader@302b2c81, org.springframework.test.jpa.OrmXmlOverridingShadowingClassLoader@2bbf1be2
2875 [main] DEBUG org.aspectj.weaver.tools.WeavingAdaptor  - 16:58:02.395 main &gt; org.aspectj.weaver.tools.WeavingAdaptor.weaveClass org.aspectj.weaver.loadtime.ClassLoaderWeavingAdaptor@10b090ac org/hibernate/StaleStateException, byte[384]
2875 [main] DEBUG org.aspectj.weaver.tools.WeavingAdaptor  - 16:58:02.395 main &lt; org.aspectj.weaver.tools.WeavingAdaptor.weaveClass false
2875 [main] DEBUG org.aspectj.weaver.loadtime.Aj  - 16:58:02.395 main &lt; org.aspectj.weaver.loadtime.Aj.preProcess byte[384]
2876 [main] DEBUG org.aspectj.weaver.loadtime.Aj  - 16:58:02.396 main &gt; org.aspectj.weaver.loadtime.Aj.preProcess org.aspectj.weaver.loadtime.Aj@58027738 org/hibernate/event/def/DefaultPersistEventListener, byte[5410], org.springframework.test.jpa.OrmXmlOverridingShadowingClassLoader@2bbf1be2
2876 [main] DEBUG org.aspectj.weaver.loadtime.Aj  - 16:58:02.396 main - org.aspectj.weaver.loadtime.Aj.preProcess org.aspectj.weaver.loadtime.Aj@58027738 sun.misc.Launcher$AppClassLoader@302b2c81, org.springframework.test.jpa.OrmXmlOverridingShadowingClassLoader@2bbf1be2
2876 [main] DEBUG org.aspectj.weaver.tools.WeavingAdaptor  - 16:58:02.396 main &gt; org.aspectj.weaver.tools.WeavingAdaptor.weaveClass org.aspectj.weaver.loadtime.ClassLoaderWeavingAdaptor@10b090ac org/hibernate/event/def/DefaultPersistEventListener, byte[5410]
2876 [main] DEBUG org.aspectj.weaver.tools.WeavingAdaptor  - 16:58:02.396 main &lt; org.aspectj.weaver.tools.WeavingAdaptor.weaveClass false
2876 [main] DEBUG org.aspectj.weaver.loadtime.Aj  - 16:58:02.396 main &lt; org.aspectj.weaver.loadtime.Aj.preProcess byte[5410]
2876 [main] DEBUG org.aspectj.weaver.loadtime.Aj  - 16:58:02.396 main &gt; org.aspectj.weaver.loadtime.Aj.preProcess org.aspectj.weaver.loadtime.Aj@58027738 org/hibernate/event/def/DefaultPersistOnFlushEventListener, byte[644], org.springframework.test.jpa.OrmXmlOverridingShadowingClassLoader@2bbf1be2
2876 [main] DEBUG org.aspectj.weaver.loadtime.Aj  - 16:58:02.396 main - org.aspectj.weaver.loadtime.Aj.preProcess org.aspectj.weaver.loadtime.Aj@58027738 sun.misc.Launcher$AppClassLoader@302b2c81, org.springframework.test.jpa.OrmXmlOverridingShadowingClassLoader@2bbf1be2
2877 [main] DEBUG org.aspectj.weaver.tools.WeavingAdaptor  - 16:58:02.397 main &gt; org.aspectj.weaver.tools.WeavingAdaptor.weaveClass org.aspectj.weaver.loadtime.ClassLoaderWeavingAdaptor@10b090ac org/hibernate/event/def/DefaultPersistOnFlushEventListener, byte[644]
2877 [main] DEBUG org.aspectj.weaver.tools.WeavingAdaptor  - 16:58:02.397 main &lt; org.aspectj.weaver.tools.WeavingAdaptor.weaveClass false
2877 [main] DEBUG org.aspectj.weaver.loadtime.Aj  - 16:58:02.397 main &lt; org.aspectj.weaver.loadtime.Aj.preProcess byte[644]
2877 [main] DEBUG org.aspectj.weaver.loadtime.Aj  - 16:58:02.397 main &gt; org.aspectj.weaver.loadtime.Aj.preProcess org.aspectj.weaver.loadtime.Aj@58027738 org/hibernate/event/def/DefaultReplicateEventListener, byte[8114], org.springframework.test.jpa.OrmXmlOverridingShadowingClassLoader@2bbf1be2
2877 [main] DEBUG org.aspectj.weaver.loadtime.Aj  - 16:58:02.397 main - org.aspectj.weaver.loadtime.Aj.preProcess org.aspectj.weaver.loadtime.Aj@58027738 sun.misc.Launcher$AppClassLoader@302b2c81, org.springframework.test.jpa.OrmXmlOverridingShadowingClassLoader@2bbf1be2
2877 [main] DEBUG org.aspectj.weaver.tools.WeavingAdaptor  - 16:58:02.397 main &gt; org.aspectj.weaver.tools.WeavingAdaptor.weaveClass org.aspectj.weaver.loadtime.ClassLoaderWeavingAdaptor@10b090ac org/hibernate/event/def/DefaultReplicateEventListener, byte[8114]
2877 [main] DEBUG org.aspectj.weaver.tools.WeavingAdaptor  - 16:58:02.397 main &lt; org.aspectj.weaver.tools.WeavingAdaptor.weaveClass false
2877 [main] DEBUG org.aspectj.weaver.loadtime.Aj  - 16:58:02.397 main &lt; org.aspectj.weaver.loadtime.Aj.preProcess byte[8114]
2878 [main] DEBUG org.aspectj.weaver.loadtime.Aj  - 16:58:02.398 main &gt; org.aspectj.weaver.loadtime.Aj.preProcess org.aspectj.weaver.loadtime.Aj@58027738 org/hibernate/event/def/DefaultDeleteEventListener, byte[11677], org.springframework.test.jpa.OrmXmlOverridingShadowingClassLoader@2bbf1be2
2878 [main] DEBUG org.aspectj.weaver.loadtime.Aj  - 16:58:02.398 main - org.aspectj.weaver.loadtime.Aj.preProcess org.aspectj.weaver.loadtime.Aj@58027738 sun.misc.Launcher$AppClassLoader@302b2c81, org.springframework.test.jpa.OrmXmlOverridingShadowingClassLoader@2bbf1be2
2878 [main] DEBUG org.aspectj.weaver.tools.WeavingAdaptor  - 16:58:02.398 main &gt; org.aspectj.weaver.tools.WeavingAdaptor.weaveClass org.aspectj.weaver.loadtime.ClassLoaderWeavingAdaptor@10b090ac org/hibernate/event/def/DefaultDeleteEventListener, byte[11677]
2878 [main] DEBUG org.aspectj.weaver.tools.WeavingAdaptor  - 16:58:02.398 main &lt; org.aspectj.weaver.tools.WeavingAdaptor.weaveClass false
2878 [main] DEBUG org.aspectj.weaver.loadtime.Aj  - 16:58:02.398 main &lt; org.aspectj.weaver.loadtime.Aj.preProcess byte[11677]
2879 [main] DEBUG org.aspectj.weaver.loadtime.Aj  - 16:58:02.399 main &gt; org.aspectj.weaver.loadtime.Aj.preProcess org.aspectj.weaver.loadtime.Aj@58027738 org/hibernate/event/def/DefaultAutoFlushEventListener, byte[3800], org.springframework.test.jpa.OrmXmlOverridingShadowingClassLoader@2bbf1be2
2879 [main] DEBUG org.aspectj.weaver.loadtime.Aj  - 16:58:02.399 main - org.aspectj.weaver.loadtime.Aj.preProcess org.aspectj.weaver.loadtime.Aj@58027738 sun.misc.Launcher$AppClassLoader@302b2c81, org.springframework.test.jpa.OrmXmlOverridingShadowingClassLoader@2bbf1be2
2879 [main] DEBUG org.aspectj.weaver.tools.WeavingAdaptor  - 16:58:02.399 main &gt; org.aspectj.weaver.tools.WeavingAdaptor.weaveClass org.aspectj.weaver.loadtime.ClassLoaderWeavingAdaptor@10b090ac org/hibernate/event/def/DefaultAutoFlushEventListener, byte[3800]
2879 [main] DEBUG org.aspectj.weaver.tools.WeavingAdaptor  - 16:58:02.399 main &lt; org.aspectj.weaver.tools.WeavingAdaptor.weaveClass false
2879 [main] DEBUG org.aspectj.weaver.loadtime.Aj  - 16:58:02.399 main &lt; org.aspectj.weaver.loadtime.Aj.preProcess byte[3800]
2879 [main] DEBUG org.aspectj.weaver.loadtime.Aj  - 16:58:02.399 main &gt; org.aspectj.weaver.loadtime.Aj.preProcess org.aspectj.weaver.loadtime.Aj@58027738 org/hibernate/event/def/AbstractFlushingEventListener, byte[12213], org.springframework.test.jpa.OrmXmlOverridingShadowingClassLoader@2bbf1be2
2879 [main] DEBUG org.aspectj.weaver.loadtime.Aj  - 16:58:02.399 main - org.aspectj.weaver.loadtime.Aj.preProcess org.aspectj.weaver.loadtime.Aj@58027738 sun.misc.Launcher$AppClassLoader@302b2c81, org.springframework.test.jpa.OrmXmlOverridingShadowingClassLoader@2bbf1be2
2879 [main] DEBUG org.aspectj.weaver.tools.WeavingAdaptor  - 16:58:02.399 main &gt; org.aspectj.weaver.tools.WeavingAdaptor.weaveClass org.aspectj.weaver.loadtime.ClassLoaderWeavingAdaptor@10b090ac org/hibernate/event/def/AbstractFlushingEventListener, byte[12213]
2879 [main] DEBUG org.aspectj.weaver.tools.WeavingAdaptor  - 16:58:02.399 main &lt; org.aspectj.weaver.tools.WeavingAdaptor.weaveClass false
2879 [main] DEBUG org.aspectj.weaver.loadtime.Aj  - 16:58:02.399 main &lt; org.aspectj.weaver.loadtime.Aj.preProcess byte[12213]
2880 [main] DEBUG org.aspectj.weaver.loadtime.Aj  - 16:58:02.400 main &gt; org.aspectj.weaver.loadtime.Aj.preProcess org.aspectj.weaver.loadtime.Aj@58027738 org/hibernate/event/FlushEvent, byte[405], org.springframework.test.jpa.OrmXmlOverridingShadowingClassLoader@2bbf1be2
2880 [main] DEBUG org.aspectj.weaver.loadtime.Aj  - 16:58:02.400 main - org.aspectj.weaver.loadtime.Aj.preProcess org.aspectj.weaver.loadtime.Aj@58027738 sun.misc.Launcher$AppClassLoader@302b2c81, org.springframework.test.jpa.OrmXmlOverridingShadowingClassLoader@2bbf1be2
2880 [main] DEBUG org.aspectj.weaver.tools.WeavingAdaptor  - 16:58:02.400 main &gt; org.aspectj.weaver.tools.WeavingAdaptor.weaveClass org.aspectj.weaver.loadtime.ClassLoaderWeavingAdaptor@10b090ac org/hibernate/event/FlushEvent, byte[405]
2880 [main] DEBUG org.aspectj.weaver.tools.WeavingAdaptor  - 16:58:02.400 main &lt; org.aspectj.weaver.tools.WeavingAdaptor.weaveClass false
2880 [main] DEBUG org.aspectj.weaver.loadtime.Aj  - 16:58:02.400 main &lt; org.aspectj.weaver.loadtime.Aj.preProcess byte[405]
2881 [main] DEBUG org.aspectj.weaver.loadtime.Aj  - 16:58:02.401 main &gt; org.aspectj.weaver.loadtime.Aj.preProcess org.aspectj.weaver.loadtime.Aj@58027738 org/hibernate/event/AutoFlushEvent, byte[982], org.springframework.test.jpa.OrmXmlOverridingShadowingClassLoader@2bbf1be2
2881 [main] DEBUG org.aspectj.weaver.loadtime.Aj  - 16:58:02.401 main - org.aspectj.weaver.loadtime.Aj.preProcess org.aspectj.weaver.loadtime.Aj@58027738 sun.misc.Launcher$AppClassLoader@302b2c81, org.springframework.test.jpa.OrmXmlOverridingShadowingClassLoader@2bbf1be2
2881 [main] DEBUG org.aspectj.weaver.tools.WeavingAdaptor  - 16:58:02.401 main &gt; org.aspectj.weaver.tools.WeavingAdaptor.weaveClass org.aspectj.weaver.loadtime.ClassLoaderWeavingAdaptor@10b090ac org/hibernate/event/AutoFlushEvent, byte[982]
2881 [main] DEBUG org.aspectj.weaver.tools.WeavingAdaptor  - 16:58:02.401 main &lt; org.aspectj.weaver.tools.WeavingAdaptor.weaveClass false
2881 [main] DEBUG org.aspectj.weaver.loadtime.Aj  - 16:58:02.401 main &lt; org.aspectj.weaver.loadtime.Aj.preProcess byte[982]
2881 [main] DEBUG org.aspectj.weaver.loadtime.Aj  - 16:58:02.401 main &gt; org.aspectj.weaver.loadtime.Aj.preProcess org.aspectj.weaver.loadtime.Aj@58027738 org/hibernate/event/def/DefaultDirtyCheckEventListener, byte[2314], org.springframework.test.jpa.OrmXmlOverridingShadowingClassLoader@2bbf1be2
2882 [main] DEBUG org.aspectj.weaver.loadtime.Aj  - 16:58:02.402 main - org.aspectj.weaver.loadtime.Aj.preProcess org.aspectj.weaver.loadtime.Aj@58027738 sun.misc.Launcher$AppClassLoader@302b2c81, org.springframework.test.jpa.OrmXmlOverridingShadowingClassLoader@2bbf1be2
2882 [main] DEBUG org.aspectj.weaver.tools.WeavingAdaptor  - 16:58:02.402 main &gt; org.aspectj.weaver.tools.WeavingAdaptor.weaveClass org.aspectj.weaver.loadtime.ClassLoaderWeavingAdaptor@10b090ac org/hibernate/event/def/DefaultDirtyCheckEventListener, byte[2314]
2882 [main] DEBUG org.aspectj.weaver.tools.WeavingAdaptor  - 16:58:02.402 main &lt; org.aspectj.weaver.tools.WeavingAdaptor.weaveClass false
2882 [main] DEBUG org.aspectj.weaver.loadtime.Aj  - 16:58:02.402 main &lt; org.aspectj.weaver.loadtime.Aj.preProcess byte[2314]
2882 [main] DEBUG org.aspectj.weaver.loadtime.Aj  - 16:58:02.402 main &gt; org.aspectj.weaver.loadtime.Aj.preProcess org.aspectj.weaver.loadtime.Aj@58027738 org/hibernate/event/DirtyCheckEvent, byte[618], org.springframework.test.jpa.OrmXmlOverridingShadowingClassLoader@2bbf1be2
2882 [main] DEBUG org.aspectj.weaver.loadtime.Aj  - 16:58:02.402 main - org.aspectj.weaver.loadtime.Aj.preProcess org.aspectj.weaver.loadtime.Aj@58027738 sun.misc.Launcher$AppClassLoader@302b2c81, org.springframework.test.jpa.OrmXmlOverridingShadowingClassLoader@2bbf1be2
2882 [main] DEBUG org.aspectj.weaver.tools.WeavingAdaptor  - 16:58:02.402 main &gt; org.aspectj.weaver.tools.WeavingAdaptor.weaveClass org.aspectj.weaver.loadtime.ClassLoaderWeavingAdaptor@10b090ac org/hibernate/event/DirtyCheckEvent, byte[618]
2882 [main] DEBUG org.aspectj.weaver.tools.WeavingAdaptor  - 16:58:02.402 main &lt; org.aspectj.weaver.tools.WeavingAdaptor.weaveClass false
2882 [main] DEBUG org.aspectj.weaver.loadtime.Aj  - 16:58:02.402 main &lt; org.aspectj.weaver.loadtime.Aj.preProcess byte[618]
2883 [main] DEBUG org.aspectj.weaver.loadtime.Aj  - 16:58:02.403 main &gt; org.aspectj.weaver.loadtime.Aj.preProcess org.aspectj.weaver.loadtime.Aj@58027738 org/hibernate/event/def/DefaultFlushEventListener, byte[1685], org.springframework.test.jpa.OrmXmlOverridingShadowingClassLoader@2bbf1be2
2883 [main] DEBUG org.aspectj.weaver.loadtime.Aj  - 16:58:02.403 main - org.aspectj.weaver.loadtime.Aj.preProcess org.aspectj.weaver.loadtime.Aj@58027738 sun.misc.Launcher$AppClassLoader@302b2c81, org.springframework.test.jpa.OrmXmlOverridingShadowingClassLoader@2bbf1be2
2883 [main] DEBUG org.aspectj.weaver.tools.WeavingAdaptor  - 16:58:02.403 main &gt; org.aspectj.weaver.tools.WeavingAdaptor.weaveClass org.aspectj.weaver.loadtime.ClassLoaderWeavingAdaptor@10b090ac org/hibernate/event/def/DefaultFlushEventListener, byte[1685]
2883 [main] DEBUG org.aspectj.weaver.tools.WeavingAdaptor  - 16:58:02.403 main &lt; org.aspectj.weaver.tools.WeavingAdaptor.weaveClass false
2883 [main] DEBUG org.aspectj.weaver.loadtime.Aj  - 16:58:02.403 main &lt; org.aspectj.weaver.loadtime.Aj.preProcess byte[1685]
2883 [main] DEBUG org.aspectj.weaver.loadtime.Aj  - 16:58:02.403 main &gt; org.aspectj.weaver.loadtime.Aj.preProcess org.aspectj.weaver.loadtime.Aj@58027738 org/hibernate/event/def/DefaultEvictEventListener, byte[5112], org.springframework.test.jpa.OrmXmlOverridingShadowingClassLoader@2bbf1be2
2883 [main] DEBUG org.aspectj.weaver.loadtime.Aj  - 16:58:02.403 main - org.aspectj.weaver.loadtime.Aj.preProcess org.aspectj.weaver.loadtime.Aj@58027738 sun.misc.Launcher$AppClassLoader@302b2c81, org.springframework.test.jpa.OrmXmlOverridingShadowingClassLoader@2bbf1be2
2883 [main] DEBUG org.aspectj.weaver.tools.WeavingAdaptor  - 16:58:02.403 main &gt; org.aspectj.weaver.tools.WeavingAdaptor.weaveClass org.aspectj.weaver.loadtime.ClassLoaderWeavingAdaptor@10b090ac org/hibernate/event/def/DefaultEvictEventListener, byte[5112]
2883 [main] DEBUG org.aspectj.weaver.tools.WeavingAdaptor  - 16:58:02.403 main &lt; org.aspectj.weaver.tools.WeavingAdaptor.weaveClass false
2883 [main] DEBUG org.aspectj.weaver.loadtime.Aj  - 16:58:02.403 main &lt; org.aspectj.weaver.loadtime.Aj.preProcess byte[5112]
2884 [main] DEBUG org.aspectj.weaver.loadtime.Aj  - 16:58:02.404 main &gt; org.aspectj.weaver.loadtime.Aj.preProcess org.aspectj.weaver.loadtime.Aj@58027738 org/hibernate/proxy/LazyInitializer, byte[828], org.springframework.test.jpa.OrmXmlOverridingShadowingClassLoader@2bbf1be2
2884 [main] DEBUG org.aspectj.weaver.loadtime.Aj  - 16:58:02.404 main - org.aspectj.weaver.loadtime.Aj.preProcess org.aspectj.weaver.loadtime.Aj@58027738 sun.misc.Launcher$AppClassLoader@302b2c81, org.springframework.test.jpa.OrmXmlOverridingShadowingClassLoader@2bbf1be2
2884 [main] DEBUG org.aspectj.weaver.tools.WeavingAdaptor  - 16:58:02.404 main &gt; org.aspectj.weaver.tools.WeavingAdaptor.weaveClass org.aspectj.weaver.loadtime.ClassLoaderWeavingAdaptor@10b090ac org/hibernate/proxy/LazyInitializer, byte[828]
2884 [main] DEBUG org.aspectj.weaver.tools.WeavingAdaptor  - 16:58:02.404 main &lt; org.aspectj.weaver.tools.WeavingAdaptor.weaveClass false
2884 [main] DEBUG org.aspectj.weaver.loadtime.Aj  - 16:58:02.404 main &lt; org.aspectj.weaver.loadtime.Aj.preProcess byte[828]
2884 [main] DEBUG org.aspectj.weaver.loadtime.Aj  - 16:58:02.404 main &gt; org.aspectj.weaver.loadtime.Aj.preProcess org.aspectj.weaver.loadtime.Aj@58027738 org/hibernate/event/def/DefaultLockEventListener, byte[3876], org.springframework.test.jpa.OrmXmlOverridingShadowingClassLoader@2bbf1be2
2884 [main] DEBUG org.aspectj.weaver.loadtime.Aj  - 16:58:02.404 main - org.aspectj.weaver.loadtime.Aj.preProcess org.aspectj.weaver.loadtime.Aj@58027738 sun.misc.Launcher$AppClassLoader@302b2c81, org.springframework.test.jpa.OrmXmlOverridingShadowingClassLoader@2bbf1be2
2884 [main] DEBUG org.aspectj.weaver.tools.WeavingAdaptor  - 16:58:02.404 main &gt; org.aspectj.weaver.tools.WeavingAdaptor.weaveClass org.aspectj.weaver.loadtime.ClassLoaderWeavingAdaptor@10b090ac org/hibernate/event/def/DefaultLockEventListener, byte[3876]
2884 [main] DEBUG org.aspectj.weaver.tools.WeavingAdaptor  - 16:58:02.404 main &lt; org.aspectj.weaver.tools.WeavingAdaptor.weaveClass false
2885 [main] DEBUG org.aspectj.weaver.loadtime.Aj  - 16:58:02.404 main &lt; org.aspectj.weaver.loadtime.Aj.preProcess byte[3876]
2885 [main] DEBUG org.aspectj.weaver.loadtime.Aj  - 16:58:02.405 main &gt; org.aspectj.weaver.loadtime.Aj.preProcess org.aspectj.weaver.loadtime.Aj@58027738 org/hibernate/event/LockEvent, byte[1563], org.springframework.test.jpa.OrmXmlOverridingShadowingClassLoader@2bbf1be2
2885 [main] DEBUG org.aspectj.weaver.loadtime.Aj  - 16:58:02.405 main - org.aspectj.weaver.loadtime.Aj.preProcess org.aspectj.weaver.loadtime.Aj@58027738 sun.misc.Launcher$AppClassLoader@302b2c81, org.springframework.test.jpa.OrmXmlOverridingShadowingClassLoader@2bbf1be2
2885 [main] DEBUG org.aspectj.weaver.tools.WeavingAdaptor  - 16:58:02.405 main &gt; org.aspectj.weaver.tools.WeavingAdaptor.weaveClass org.aspectj.weaver.loadtime.ClassLoaderWeavingAdaptor@10b090ac org/hibernate/event/LockEvent, byte[1563]
2885 [main] DEBUG org.aspectj.weaver.tools.WeavingAdaptor  - 16:58:02.405 main &lt; org.aspectj.weaver.tools.WeavingAdaptor.weaveClass false
2885 [main] DEBUG org.aspectj.weaver.loadtime.Aj  - 16:58:02.405 main &lt; org.aspectj.weaver.loadtime.Aj.preProcess byte[1563]
2885 [main] DEBUG org.aspectj.weaver.loadtime.Aj  - 16:58:02.405 main &gt; org.aspectj.weaver.loadtime.Aj.preProcess org.aspectj.weaver.loadtime.Aj@58027738 org/hibernate/event/def/DefaultRefreshEventListener, byte[7725], org.springframework.test.jpa.OrmXmlOverridingShadowingClassLoader@2bbf1be2
2885 [main] DEBUG org.aspectj.weaver.loadtime.Aj  - 16:58:02.405 main - org.aspectj.weaver.loadtime.Aj.preProcess org.aspectj.weaver.loadtime.Aj@58027738 sun.misc.Launcher$AppClassLoader@302b2c81, org.springframework.test.jpa.OrmXmlOverridingShadowingClassLoader@2bbf1be2
2885 [main] DEBUG org.aspectj.weaver.tools.WeavingAdaptor  - 16:58:02.405 main &gt; org.aspectj.weaver.tools.WeavingAdaptor.weaveClass org.aspectj.weaver.loadtime.ClassLoaderWeavingAdaptor@10b090ac org/hibernate/event/def/DefaultRefreshEventListener, byte[7725]
2886 [main] DEBUG org.aspectj.weaver.tools.WeavingAdaptor  - 16:58:02.406 main &lt; org.aspectj.weaver.tools.WeavingAdaptor.weaveClass false
2886 [main] DEBUG org.aspectj.weaver.loadtime.Aj  - 16:58:02.406 main &lt; org.aspectj.weaver.loadtime.Aj.preProcess byte[7725]
2886 [main] DEBUG org.aspectj.weaver.loadtime.Aj  - 16:58:02.406 main &gt; org.aspectj.weaver.loadtime.Aj.preProcess org.aspectj.weaver.loadtime.Aj@58027738 org/hibernate/event/def/DefaultFlushEntityEventListener, byte[15424], org.springframework.test.jpa.OrmXmlOverridingShadowingClassLoader@2bbf1be2
2886 [main] DEBUG org.aspectj.weaver.loadtime.Aj  - 16:58:02.406 main - org.aspectj.weaver.loadtime.Aj.preProcess org.aspectj.weaver.loadtime.Aj@58027738 sun.misc.Launcher$AppClassLoader@302b2c81, org.springframework.test.jpa.OrmXmlOverridingShadowingClassLoader@2bbf1be2
2886 [main] DEBUG org.aspectj.weaver.tools.WeavingAdaptor  - 16:58:02.406 main &gt; org.aspectj.weaver.tools.WeavingAdaptor.weaveClass org.aspectj.weaver.loadtime.ClassLoaderWeavingAdaptor@10b090ac org/hibernate/event/def/DefaultFlushEntityEventListener, byte[15424]
2886 [main] DEBUG org.aspectj.weaver.tools.WeavingAdaptor  - 16:58:02.406 main &lt; org.aspectj.weaver.tools.WeavingAdaptor.weaveClass false
2887 [main] DEBUG org.aspectj.weaver.loadtime.Aj  - 16:58:02.407 main &lt; org.aspectj.weaver.loadtime.Aj.preProcess byte[15424]
2888 [main] DEBUG org.aspectj.weaver.loadtime.Aj  - 16:58:02.408 main &gt; org.aspectj.weaver.loadtime.Aj.preProcess org.aspectj.weaver.loadtime.Aj@58027738 org/hibernate/event/def/DefaultInitializeCollectionEventListener, byte[7024], org.springframework.test.jpa.OrmXmlOverridingShadowingClassLoader@2bbf1be2
2888 [main] DEBUG org.aspectj.weaver.loadtime.Aj  - 16:58:02.408 main - org.aspectj.weaver.loadtime.Aj.preProcess org.aspectj.weaver.loadtime.Aj@58027738 sun.misc.Launcher$AppClassLoader@302b2c81, org.springframework.test.jpa.OrmXmlOverridingShadowingClassLoader@2bbf1be2
2888 [main] DEBUG org.aspectj.weaver.tools.WeavingAdaptor  - 16:58:02.408 main &gt; org.aspectj.weaver.tools.WeavingAdaptor.weaveClass org.aspectj.weaver.loadtime.ClassLoaderWeavingAdaptor@10b090ac org/hibernate/event/def/DefaultInitializeCollectionEventListener, byte[7024]
2888 [main] DEBUG org.aspectj.weaver.tools.WeavingAdaptor  - 16:58:02.408 main &lt; org.aspectj.weaver.tools.WeavingAdaptor.weaveClass false
2888 [main] DEBUG org.aspectj.weaver.loadtime.Aj  - 16:58:02.408 main &lt; org.aspectj.weaver.loadtime.Aj.preProcess byte[7024]
2888 [main] DEBUG org.aspectj.weaver.loadtime.Aj  - 16:58:02.408 main &gt; org.aspectj.weaver.loadtime.Aj.preProcess org.aspectj.weaver.loadtime.Aj@58027738 org/hibernate/event/def/DefaultPostLoadEventListener, byte[1207], org.springframework.test.jpa.OrmXmlOverridingShadowingClassLoader@2bbf1be2
2888 [main] DEBUG org.aspectj.weaver.loadtime.Aj  - 16:58:02.408 main - org.aspectj.weaver.loadtime.Aj.preProcess org.aspectj.weaver.loadtime.Aj@58027738 sun.misc.Launcher$AppClassLoader@302b2c81, org.springframework.test.jpa.OrmXmlOverridingShadowingClassLoader@2bbf1be2
2888 [main] DEBUG org.aspectj.weaver.tools.WeavingAdaptor  - 16:58:02.408 main &gt; org.aspectj.weaver.tools.WeavingAdaptor.weaveClass org.aspectj.weaver.loadtime.ClassLoaderWeavingAdaptor@10b090ac org/hibernate/event/def/DefaultPostLoadEventListener, byte[1207]
2888 [main] DEBUG org.aspectj.weaver.tools.WeavingAdaptor  - 16:58:02.408 main &lt; org.aspectj.weaver.tools.WeavingAdaptor.weaveClass false
2888 [main] DEBUG org.aspectj.weaver.loadtime.Aj  - 16:58:02.408 main &lt; org.aspectj.weaver.loadtime.Aj.preProcess byte[1207]
2889 [main] DEBUG org.aspectj.weaver.loadtime.Aj  - 16:58:02.409 main &gt; org.aspectj.weaver.loadtime.Aj.preProcess org.aspectj.weaver.loadtime.Aj@58027738 org/hibernate/event/def/DefaultPreLoadEventListener, byte[1424], org.springframework.test.jpa.OrmXmlOverridingShadowingClassLoader@2bbf1be2
2889 [main] DEBUG org.aspectj.weaver.loadtime.Aj  - 16:58:02.409 main - org.aspectj.weaver.loadtime.Aj.preProcess org.aspectj.weaver.loadtime.Aj@58027738 sun.misc.Launcher$AppClassLoader@302b2c81, org.springframework.test.jpa.OrmXmlOverridingShadowingClassLoader@2bbf1be2
2889 [main] DEBUG org.aspectj.weaver.tools.WeavingAdaptor  - 16:58:02.409 main &gt; org.aspectj.weaver.tools.WeavingAdaptor.weaveClass org.aspectj.weaver.loadtime.ClassLoaderWeavingAdaptor@10b090ac org/hibernate/event/def/DefaultPreLoadEventListener, byte[1424]
2889 [main] DEBUG org.aspectj.weaver.tools.WeavingAdaptor  - 16:58:02.409 main &lt; org.aspectj.weaver.tools.WeavingAdaptor.weaveClass false
2889 [main] DEBUG org.aspectj.weaver.loadtime.Aj  - 16:58:02.409 main &lt; org.aspectj.weaver.loadtime.Aj.preProcess byte[1424]
2889 [main] DEBUG org.aspectj.weaver.loadtime.Aj  - 16:58:02.409 main &gt; org.aspectj.weaver.loadtime.Aj.preProcess org.aspectj.weaver.loadtime.Aj@58027738 org/hibernate/event/def/DefaultSaveEventListener, byte[2238], org.springframework.test.jpa.OrmXmlOverridingShadowingClassLoader@2bbf1be2
2889 [main] DEBUG org.aspectj.weaver.loadtime.Aj  - 16:58:02.409 main - org.aspectj.weaver.loadtime.Aj.preProcess org.aspectj.weaver.loadtime.Aj@58027738 sun.misc.Launcher$AppClassLoader@302b2c81, org.springframework.test.jpa.OrmXmlOverridingShadowingClassLoader@2bbf1be2
2890 [main] DEBUG org.aspectj.weaver.tools.WeavingAdaptor  - 16:58:02.409 main &gt; org.aspectj.weaver.tools.WeavingAdaptor.weaveClass org.aspectj.weaver.loadtime.ClassLoaderWeavingAdaptor@10b090ac org/hibernate/event/def/DefaultSaveEventListener, byte[2238]
2890 [main] DEBUG org.aspectj.weaver.tools.WeavingAdaptor  - 16:58:02.410 main &lt; org.aspectj.weaver.tools.WeavingAdaptor.weaveClass false
2890 [main] DEBUG org.aspectj.weaver.loadtime.Aj  - 16:58:02.410 main &lt; org.aspectj.weaver.loadtime.Aj.preProcess byte[2238]
2890 [main] DEBUG org.aspectj.weaver.loadtime.Aj  - 16:58:02.410 main &gt; org.aspectj.weaver.loadtime.Aj.preProcess org.aspectj.weaver.loadtime.Aj@58027738 org/hibernate/event/def/DefaultUpdateEventListener, byte[2298], org.springframework.test.jpa.OrmXmlOverridingShadowingClassLoader@2bbf1be2
2890 [main] DEBUG org.aspectj.weaver.loadtime.Aj  - 16:58:02.410 main - org.aspectj.weaver.loadtime.Aj.preProcess org.aspectj.weaver.loadtime.Aj@58027738 sun.misc.Launcher$AppClassLoader@302b2c81, org.springframework.test.jpa.OrmXmlOverridingShadowingClassLoader@2bbf1be2
2890 [main] DEBUG org.aspectj.weaver.tools.WeavingAdaptor  - 16:58:02.410 main &gt; org.aspectj.weaver.tools.WeavingAdaptor.weaveClass org.aspectj.weaver.loadtime.ClassLoaderWeavingAdaptor@10b090ac org/hibernate/event/def/DefaultUpdateEventListener, byte[2298]
2890 [main] DEBUG org.aspectj.weaver.tools.WeavingAdaptor  - 16:58:02.410 main &lt; org.aspectj.weaver.tools.WeavingAdaptor.weaveClass false
2890 [main] DEBUG org.aspectj.weaver.loadtime.Aj  - 16:58:02.410 main &lt; org.aspectj.weaver.loadtime.Aj.preProcess byte[2298]
2891 [main] DEBUG org.aspectj.weaver.loadtime.Aj  - 16:58:02.411 main &gt; org.aspectj.weaver.loadtime.Aj.preProcess org.aspectj.weaver.loadtime.Aj@58027738 org/hibernate/event/def/DefaultSaveOrUpdateCopyEventListener, byte[648], org.springframework.test.jpa.OrmXmlOverridingShadowingClassLoader@2bbf1be2
2891 [main] DEBUG org.aspectj.weaver.loadtime.Aj  - 16:58:02.411 main - org.aspectj.weaver.loadtime.Aj.preProcess org.aspectj.weaver.loadtime.Aj@58027738 sun.misc.Launcher$AppClassLoader@302b2c81, org.springframework.test.jpa.OrmXmlOverridingShadowingClassLoader@2bbf1be2
2891 [main] DEBUG org.aspectj.weaver.tools.WeavingAdaptor  - 16:58:02.411 main &gt; org.aspectj.weaver.tools.WeavingAdaptor.weaveClass org.aspectj.weaver.loadtime.ClassLoaderWeavingAdaptor@10b090ac org/hibernate/event/def/DefaultSaveOrUpdateCopyEventListener, byte[648]
2891 [main] DEBUG org.aspectj.weaver.tools.WeavingAdaptor  - 16:58:02.411 main &lt; org.aspectj.weaver.tools.WeavingAdaptor.weaveClass false
2891 [main] DEBUG org.aspectj.weaver.loadtime.Aj  - 16:58:02.411 main &lt; org.aspectj.weaver.loadtime.Aj.preProcess byte[648]
2891 [main] DEBUG org.aspectj.weaver.loadtime.Aj  - 16:58:02.411 main &gt; org.aspectj.weaver.loadtime.Aj.preProcess org.aspectj.weaver.loadtime.Aj@58027738 org/hibernate/cfg/DefaultNamingStrategy, byte[2724], org.springframework.test.jpa.OrmXmlOverridingShadowingClassLoader@2bbf1be2
2891 [main] DEBUG org.aspectj.weaver.loadtime.Aj  - 16:58:02.411 main - org.aspectj.weaver.loadtime.Aj.preProcess org.aspectj.weaver.loadtime.Aj@58027738 sun.misc.Launcher$AppClassLoader@302b2c81, org.springframework.test.jpa.OrmXmlOverridingShadowingClassLoader@2bbf1be2
2891 [main] DEBUG org.aspectj.weaver.tools.WeavingAdaptor  - 16:58:02.411 main &gt; org.aspectj.weaver.tools.WeavingAdaptor.weaveClass org.aspectj.weaver.loadtime.ClassLoaderWeavingAdaptor@10b090ac org/hibernate/cfg/DefaultNamingStrategy, byte[2724]
2891 [main] DEBUG org.aspectj.weaver.tools.WeavingAdaptor  - 16:58:02.411 main &lt; org.aspectj.weaver.tools.WeavingAdaptor.weaveClass false
2891 [main] DEBUG org.aspectj.weaver.loadtime.Aj  - 16:58:02.411 main &lt; org.aspectj.weaver.loadtime.Aj.preProcess byte[2724]
2892 [main] DEBUG org.aspectj.weaver.loadtime.Aj  - 16:58:02.412 main &gt; org.aspectj.weaver.loadtime.Aj.preProcess org.aspectj.weaver.loadtime.Aj@58027738 org/hibernate/cfg/NamingStrategy, byte[803], org.springframework.test.jpa.OrmXmlOverridingShadowingClassLoader@2bbf1be2
2892 [main] DEBUG org.aspectj.weaver.loadtime.Aj  - 16:58:02.412 main - org.aspectj.weaver.loadtime.Aj.preProcess org.aspectj.weaver.loadtime.Aj@58027738 sun.misc.Launcher$AppClassLoader@302b2c81, org.springframework.test.jpa.OrmXmlOverridingShadowingClassLoader@2bbf1be2
2892 [main] DEBUG org.aspectj.weaver.tools.WeavingAdaptor  - 16:58:02.412 main &gt; org.aspectj.weaver.tools.WeavingAdaptor.weaveClass org.aspectj.weaver.loadtime.ClassLoaderWeavingAdaptor@10b090ac org/hibernate/cfg/NamingStrategy, byte[803]
2892 [main] DEBUG org.aspectj.weaver.tools.WeavingAdaptor  - 16:58:02.412 main &lt; org.aspectj.weaver.tools.WeavingAdaptor.weaveClass false
2892 [main] DEBUG org.aspectj.weaver.loadtime.Aj  - 16:58:02.412 main &lt; org.aspectj.weaver.loadtime.Aj.preProcess byte[803]
2892 [main] DEBUG org.aspectj.weaver.loadtime.Aj  - 16:58:02.412 main &gt; org.aspectj.weaver.loadtime.Aj.preProcess org.aspectj.weaver.loadtime.Aj@58027738 org/hibernate/cfg/EJB3NamingStrategy, byte[2880], org.springframework.test.jpa.OrmXmlOverridingShadowingClassLoader@2bbf1be2
2892 [main] DEBUG org.aspectj.weaver.loadtime.Aj  - 16:58:02.412 main - org.aspectj.weaver.loadtime.Aj.preProcess org.aspectj.weaver.loadtime.Aj@58027738 sun.misc.Launcher$AppClassLoader@302b2c81, org.springframework.test.jpa.OrmXmlOverridingShadowingClassLoader@2bbf1be2
2892 [main] DEBUG org.aspectj.weaver.tools.WeavingAdaptor  - 16:58:02.412 main &gt; org.aspectj.weaver.tools.WeavingAdaptor.weaveClass org.aspectj.weaver.loadtime.ClassLoaderWeavingAdaptor@10b090ac org/hibernate/cfg/EJB3NamingStrategy, byte[2880]
2892 [main] DEBUG org.aspectj.weaver.tools.WeavingAdaptor  - 16:58:02.412 main &lt; org.aspectj.weaver.tools.WeavingAdaptor.weaveClass false
2892 [main] DEBUG org.aspectj.weaver.loadtime.Aj  - 16:58:02.412 main &lt; org.aspectj.weaver.loadtime.Aj.preProcess byte[2880]
2893 [main] DEBUG org.aspectj.weaver.loadtime.Aj  - 16:58:02.413 main &gt; org.aspectj.weaver.loadtime.Aj.preProcess org.aspectj.weaver.loadtime.Aj@58027738 org/hibernate/cfg/EJB3DTDEntityResolver, byte[2373], org.springframework.test.jpa.OrmXmlOverridingShadowingClassLoader@2bbf1be2
2893 [main] DEBUG org.aspectj.weaver.loadtime.Aj  - 16:58:02.413 main - org.aspectj.weaver.loadtime.Aj.preProcess org.aspectj.weaver.loadtime.Aj@58027738 sun.misc.Launcher$AppClassLoader@302b2c81, org.springframework.test.jpa.OrmXmlOverridingShadowingClassLoader@2bbf1be2
2893 [main] DEBUG org.aspectj.weaver.tools.WeavingAdaptor  - 16:58:02.413 main &gt; org.aspectj.weaver.tools.WeavingAdaptor.weaveClass org.aspectj.weaver.loadtime.ClassLoaderWeavingAdaptor@10b090ac org/hibernate/cfg/EJB3DTDEntityResolver, byte[2373]
2893 [main] DEBUG org.aspectj.weaver.tools.WeavingAdaptor  - 16:58:02.413 main &lt; org.aspectj.weaver.tools.WeavingAdaptor.weaveClass false
2893 [main] DEBUG org.aspectj.weaver.loadtime.Aj  - 16:58:02.413 main &lt; org.aspectj.weaver.loadtime.Aj.preProcess byte[2373]
2894 [main] DEBUG org.aspectj.weaver.loadtime.Aj  - 16:58:02.414 main &gt; org.aspectj.weaver.loadtime.Aj.preProcess org.aspectj.weaver.loadtime.Aj@58027738 org/hibernate/cfg/annotations/reflection/EJB3ReflectionManager, byte[5389], org.springframework.test.jpa.OrmXmlOverridingShadowingClassLoader@2bbf1be2
2894 [main] DEBUG org.aspectj.weaver.loadtime.Aj  - 16:58:02.414 main - org.aspectj.weaver.loadtime.Aj.preProcess org.aspectj.weaver.loadtime.Aj@58027738 sun.misc.Launcher$AppClassLoader@302b2c81, org.springframework.test.jpa.OrmXmlOverridingShadowingClassLoader@2bbf1be2
2894 [main] DEBUG org.aspectj.weaver.tools.WeavingAdaptor  - 16:58:02.414 main &gt; org.aspectj.weaver.tools.WeavingAdaptor.weaveClass org.aspectj.weaver.loadtime.ClassLoaderWeavingAdaptor@10b090ac org/hibernate/cfg/annotations/reflection/EJB3ReflectionManager, byte[5389]
2894 [main] DEBUG org.aspectj.weaver.tools.WeavingAdaptor  - 16:58:02.414 main &lt; org.aspectj.weaver.tools.WeavingAdaptor.weaveClass false
2894 [main] DEBUG org.aspectj.weaver.loadtime.Aj  - 16:58:02.414 main &lt; org.aspectj.weaver.loadtime.Aj.preProcess byte[5389]
2895 [main] DEBUG org.aspectj.weaver.loadtime.Aj  - 16:58:02.415 main &gt; org.aspectj.weaver.loadtime.Aj.preProcess org.aspectj.weaver.loadtime.Aj@58027738 org/hibernate/annotations/common/reflection/java/JavaReflectionManager, byte[10119], org.springframework.test.jpa.OrmXmlOverridingShadowingClassLoader@2bbf1be2
2895 [main] DEBUG org.aspectj.weaver.loadtime.Aj  - 16:58:02.415 main - org.aspectj.weaver.loadtime.Aj.preProcess org.aspectj.weaver.loadtime.Aj@58027738 sun.misc.Launcher$AppClassLoader@302b2c81, org.springframework.test.jpa.OrmXmlOverridingShadowingClassLoader@2bbf1be2
2895 [main] DEBUG org.aspectj.weaver.tools.WeavingAdaptor  - 16:58:02.415 main &gt; org.aspectj.weaver.tools.WeavingAdaptor.weaveClass org.aspectj.weaver.loadtime.ClassLoaderWeavingAdaptor@10b090ac org/hibernate/annotations/common/reflection/java/JavaReflectionManager, byte[10119]
2895 [main] DEBUG org.aspectj.weaver.tools.WeavingAdaptor  - 16:58:02.415 main &lt; org.aspectj.weaver.tools.WeavingAdaptor.weaveClass false
2895 [main] DEBUG org.aspectj.weaver.loadtime.Aj  - 16:58:02.415 main &lt; org.aspectj.weaver.loadtime.Aj.preProcess byte[10119]
2895 [main] DEBUG org.aspectj.weaver.loadtime.Aj  - 16:58:02.415 main &gt; org.aspectj.weaver.loadtime.Aj.preProcess org.aspectj.weaver.loadtime.Aj@58027738 org/hibernate/annotations/common/reflection/java/JavaXType, byte[2306], org.springframework.test.jpa.OrmXmlOverridingShadowingClassLoader@2bbf1be2
2896 [main] DEBUG org.aspectj.weaver.loadtime.Aj  - 16:58:02.416 main - org.aspectj.weaver.loadtime.Aj.preProcess org.aspectj.weaver.loadtime.Aj@58027738 sun.misc.Launcher$AppClassLoader@302b2c81, org.springframework.test.jpa.OrmXmlOverridingShadowingClassLoader@2bbf1be2
2896 [main] DEBUG org.aspectj.weaver.tools.WeavingAdaptor  - 16:58:02.416 main &gt; org.aspectj.weaver.tools.WeavingAdaptor.weaveClass org.aspectj.weaver.loadtime.ClassLoaderWeavingAdaptor@10b090ac org/hibernate/annotations/common/reflection/java/JavaXType, byte[2306]
2896 [main] DEBUG org.aspectj.weaver.tools.WeavingAdaptor  - 16:58:02.416 main &lt; org.aspectj.weaver.tools.WeavingAdaptor.weaveClass false
2896 [main] DEBUG org.aspectj.weaver.loadtime.Aj  - 16:58:02.416 main &lt; org.aspectj.weaver.loadtime.Aj.preProcess byte[2306]
2896 [main] DEBUG org.aspectj.weaver.loadtime.Aj  - 16:58:02.416 main &gt; org.aspectj.weaver.loadtime.Aj.preProcess org.aspectj.weaver.loadtime.Aj@58027738 org/hibernate/annotations/common/reflection/java/JavaXArrayType, byte[2509], org.springframework.test.jpa.OrmXmlOverridingShadowingClassLoader@2bbf1be2
2896 [main] DEBUG org.aspectj.weaver.loadtime.Aj  - 16:58:02.416 main - org.aspectj.weaver.loadtime.Aj.preProcess org.aspectj.weaver.loadtime.Aj@58027738 sun.misc.Launcher$AppClassLoader@302b2c81, org.springframework.test.jpa.OrmXmlOverridingShadowingClassLoader@2bbf1be2
2896 [main] DEBUG org.aspectj.weaver.tools.WeavingAdaptor  - 16:58:02.416 main &gt; org.aspectj.weaver.tools.WeavingAdaptor.weaveClass org.aspectj.weaver.loadtime.ClassLoaderWeavingAdaptor@10b090ac org/hibernate/annotations/common/reflection/java/JavaXArrayType, byte[2509]
2896 [main] DEBUG org.aspectj.weaver.tools.WeavingAdaptor  - 16:58:02.416 main &lt; org.aspectj.weaver.tools.WeavingAdaptor.weaveClass false
2896 [main] DEBUG org.aspectj.weaver.loadtime.Aj  - 16:58:02.416 main &lt; org.aspectj.weaver.loadtime.Aj.preProcess byte[2509]
2897 [main] DEBUG org.aspectj.weaver.loadtime.Aj  - 16:58:02.416 main &gt; org.aspectj.weaver.loadtime.Aj.preProcess org.aspectj.weaver.loadtime.Aj@58027738 org/hibernate/annotations/common/reflection/java/JavaXCollectionType, byte[2258], org.springframework.test.jpa.OrmXmlOverridingShadowingClassLoader@2bbf1be2
2897 [main] DEBUG org.aspectj.weaver.loadtime.Aj  - 16:58:02.417 main - org.aspectj.weaver.loadtime.Aj.preProcess org.aspectj.weaver.loadtime.Aj@58027738 sun.misc.Launcher$AppClassLoader@302b2c81, org.springframework.test.jpa.OrmXmlOverridingShadowingClassLoader@2bbf1be2
2897 [main] DEBUG org.aspectj.weaver.tools.WeavingAdaptor  - 16:58:02.417 main &gt; org.aspectj.weaver.tools.WeavingAdaptor.weaveClass org.aspectj.weaver.loadtime.ClassLoaderWeavingAdaptor@10b090ac org/hibernate/annotations/common/reflection/java/JavaXCollectionType, byte[2258]
2897 [main] DEBUG org.aspectj.weaver.tools.WeavingAdaptor  - 16:58:02.417 main &lt; org.aspectj.weaver.tools.WeavingAdaptor.weaveClass false
2897 [main] DEBUG org.aspectj.weaver.loadtime.Aj  - 16:58:02.417 main &lt; org.aspectj.weaver.loadtime.Aj.preProcess byte[2258]
2897 [main] DEBUG org.aspectj.weaver.loadtime.Aj  - 16:58:02.417 main &gt; org.aspectj.weaver.loadtime.Aj.preProcess org.aspectj.weaver.loadtime.Aj@58027738 org/hibernate/annotations/common/reflection/java/JavaXSimpleType, byte[1676], org.springframework.test.jpa.OrmXmlOverridingShadowingClassLoader@2bbf1be2
2897 [main] DEBUG org.aspectj.weaver.loadtime.Aj  - 16:58:02.417 main - org.aspectj.weaver.loadtime.Aj.preProcess org.aspectj.weaver.loadtime.Aj@58027738 sun.misc.Launcher$AppClassLoader@302b2c81, org.springframework.test.jpa.OrmXmlOverridingShadowingClassLoader@2bbf1be2
2897 [main] DEBUG org.aspectj.weaver.tools.WeavingAdaptor  - 16:58:02.417 main &gt; org.aspectj.weaver.tools.WeavingAdaptor.weaveClass org.aspectj.weaver.loadtime.ClassLoaderWeavingAdaptor@10b090ac org/hibernate/annotations/common/reflection/java/JavaXSimpleType, byte[1676]
2897 [main] DEBUG org.aspectj.weaver.tools.WeavingAdaptor  - 16:58:02.417 main &lt; org.aspectj.weaver.tools.WeavingAdaptor.weaveClass false
2897 [main] DEBUG org.aspectj.weaver.loadtime.Aj  - 16:58:02.417 main &lt; org.aspectj.weaver.loadtime.Aj.preProcess byte[1676]
2898 [main] DEBUG org.aspectj.weaver.loadtime.Aj  - 16:58:02.418 main &gt; org.aspectj.weaver.loadtime.Aj.preProcess org.aspectj.weaver.loadtime.Aj@58027738 org/hibernate/annotations/common/reflection/XMethod, byte[198], org.springframework.test.jpa.OrmXmlOverridingShadowingClassLoader@2bbf1be2
2898 [main] DEBUG org.aspectj.weaver.loadtime.Aj  - 16:58:02.418 main - org.aspectj.weaver.loadtime.Aj.preProcess org.aspectj.weaver.loadtime.Aj@58027738 sun.misc.Launcher$AppClassLoader@302b2c81, org.springframework.test.jpa.OrmXmlOverridingShadowingClassLoader@2bbf1be2
2898 [main] DEBUG org.aspectj.weaver.tools.WeavingAdaptor  - 16:58:02.418 main &gt; org.aspectj.weaver.tools.WeavingAdaptor.weaveClass org.aspectj.weaver.loadtime.ClassLoaderWeavingAdaptor@10b090ac org/hibernate/annotations/common/reflection/XMethod, byte[198]
2898 [main] DEBUG org.aspectj.weaver.tools.WeavingAdaptor  - 16:58:02.418 main &lt; org.aspectj.weaver.tools.WeavingAdaptor.weaveClass false
2898 [main] DEBUG org.aspectj.weaver.loadtime.Aj  - 16:58:02.418 main &lt; org.aspectj.weaver.loadtime.Aj.preProcess byte[198]
2898 [main] DEBUG org.aspectj.weaver.loadtime.Aj  - 16:58:02.418 main &gt; org.aspectj.weaver.loadtime.Aj.preProcess org.aspectj.weaver.loadtime.Aj@58027738 org/hibernate/annotations/common/reflection/XMember, byte[730], org.springframework.test.jpa.OrmXmlOverridingShadowingClassLoader@2bbf1be2
2898 [main] DEBUG org.aspectj.weaver.loadtime.Aj  - 16:58:02.418 main - org.aspectj.weaver.loadtime.Aj.preProcess org.aspectj.weaver.loadtime.Aj@58027738 sun.misc.Launcher$AppClassLoader@302b2c81, org.springframework.test.jpa.OrmXmlOverridingShadowingClassLoader@2bbf1be2
2898 [main] DEBUG org.aspectj.weaver.tools.WeavingAdaptor  - 16:58:02.418 main &gt; org.aspectj.weaver.tools.WeavingAdaptor.weaveClass org.aspectj.weaver.loadtime.ClassLoaderWeavingAdaptor@10b090ac org/hibernate/annotations/common/reflection/XMember, byte[730]
2898 [main] DEBUG org.aspectj.weaver.tools.WeavingAdaptor  - 16:58:02.418 main &lt; org.aspectj.weaver.tools.WeavingAdaptor.weaveClass false
2898 [main] DEBUG org.aspectj.weaver.loadtime.Aj  - 16:58:02.418 main &lt; org.aspectj.weaver.loadtime.Aj.preProcess byte[730]
2898 [main] DEBUG org.aspectj.weaver.loadtime.Aj  - 16:58:02.418 main &gt; org.aspectj.weaver.loadtime.Aj.preProcess org.aspectj.weaver.loadtime.Aj@58027738 org/hibernate/annotations/common/reflection/XAnnotatedElement, byte[558], org.springframework.test.jpa.OrmXmlOverridingShadowingClassLoader@2bbf1be2
2898 [main] DEBUG org.aspectj.weaver.loadtime.Aj  - 16:58:02.418 main - org.aspectj.weaver.loadtime.Aj.preProcess org.aspectj.weaver.loadtime.Aj@58027738 sun.misc.Launcher$AppClassLoader@302b2c81, org.springframework.test.jpa.OrmXmlOverridingShadowingClassLoader@2bbf1be2
2899 [main] DEBUG org.aspectj.weaver.tools.WeavingAdaptor  - 16:58:02.419 main &gt; org.aspectj.weaver.tools.WeavingAdaptor.weaveClass org.aspectj.weaver.loadtime.ClassLoaderWeavingAdaptor@10b090ac org/hibernate/annotations/common/reflection/XAnnotatedElement, byte[558]
2899 [main] DEBUG org.aspectj.weaver.tools.WeavingAdaptor  - 16:58:02.419 main &lt; org.aspectj.weaver.tools.WeavingAdaptor.weaveClass false
2899 [main] DEBUG org.aspectj.weaver.loadtime.Aj  - 16:58:02.419 main &lt; org.aspectj.weaver.loadtime.Aj.preProcess byte[558]
2899 [main] DEBUG org.aspectj.weaver.loadtime.Aj  - 16:58:02.419 main &gt; org.aspectj.weaver.loadtime.Aj.preProcess org.aspectj.weaver.loadtime.Aj@58027738 org/hibernate/annotations/common/reflection/XProperty, byte[243], org.springframework.test.jpa.OrmXmlOverridingShadowingClassLoader@2bbf1be2
2899 [main] DEBUG org.aspectj.weaver.loadtime.Aj  - 16:58:02.419 main - org.aspectj.weaver.loadtime.Aj.preProcess org.aspectj.weaver.loadtime.Aj@58027738 sun.misc.Launcher$AppClassLoader@302b2c81, org.springframework.test.jpa.OrmXmlOverridingShadowingClassLoader@2bbf1be2
2899 [main] DEBUG org.aspectj.weaver.tools.WeavingAdaptor  - 16:58:02.419 main &gt; org.aspectj.weaver.tools.WeavingAdaptor.weaveClass org.aspectj.weaver.loadtime.ClassLoaderWeavingAdaptor@10b090ac org/hibernate/annotations/common/reflection/XProperty, byte[243]
2899 [main] DEBUG org.aspectj.weaver.tools.WeavingAdaptor  - 16:58:02.419 main &lt; org.aspectj.weaver.tools.WeavingAdaptor.weaveClass false
2899 [main] DEBUG org.aspectj.weaver.loadtime.Aj  - 16:58:02.419 main &lt; org.aspectj.weaver.loadtime.Aj.preProcess byte[243]
2899 [main] DEBUG org.aspectj.weaver.loadtime.Aj  - 16:58:02.419 main &gt; org.aspectj.weaver.loadtime.Aj.preProcess org.aspectj.weaver.loadtime.Aj@58027738 org/hibernate/annotations/common/reflection/XPackage, byte[251], org.springframework.test.jpa.OrmXmlOverridingShadowingClassLoader@2bbf1be2
2899 [main] DEBUG org.aspectj.weaver.loadtime.Aj  - 16:58:02.419 main - org.aspectj.weaver.loadtime.Aj.preProcess org.aspectj.weaver.loadtime.Aj@58027738 sun.misc.Launcher$AppClassLoader@302b2c81, org.springframework.test.jpa.OrmXmlOverridingShadowingClassLoader@2bbf1be2
2899 [main] DEBUG org.aspectj.weaver.tools.WeavingAdaptor  - 16:58:02.419 main &gt; org.aspectj.weaver.tools.WeavingAdaptor.weaveClass org.aspectj.weaver.loadtime.ClassLoaderWeavingAdaptor@10b090ac org/hibernate/annotations/common/reflection/XPackage, byte[251]
2899 [main] DEBUG org.aspectj.weaver.tools.WeavingAdaptor  - 16:58:02.419 main &lt; org.aspectj.weaver.tools.WeavingAdaptor.weaveClass false
2900 [main] DEBUG org.aspectj.weaver.loadtime.Aj  - 16:58:02.420 main &lt; org.aspectj.weaver.loadtime.Aj.preProcess byte[251]
2900 [main] DEBUG org.aspectj.weaver.loadtime.Aj  - 16:58:02.420 main &gt; org.aspectj.weaver.loadtime.Aj.preProcess org.aspectj.weaver.loadtime.Aj@58027738 org/hibernate/annotations/common/reflection/AnnotationReader, byte[515], org.springframework.test.jpa.OrmXmlOverridingShadowingClassLoader@2bbf1be2
2900 [main] DEBUG org.aspectj.weaver.loadtime.Aj  - 16:58:02.420 main - org.aspectj.weaver.loadtime.Aj.preProcess org.aspectj.weaver.loadtime.Aj@58027738 sun.misc.Launcher$AppClassLoader@302b2c81, org.springframework.test.jpa.OrmXmlOverridingShadowingClassLoader@2bbf1be2
2900 [main] DEBUG org.aspectj.weaver.tools.WeavingAdaptor  - 16:58:02.420 main &gt; org.aspectj.weaver.tools.WeavingAdaptor.weaveClass org.aspectj.weaver.loadtime.ClassLoaderWeavingAdaptor@10b090ac org/hibernate/annotations/common/reflection/AnnotationReader, byte[515]
2900 [main] DEBUG org.aspectj.weaver.tools.WeavingAdaptor  - 16:58:02.420 main &lt; org.aspectj.weaver.tools.WeavingAdaptor.weaveClass false
2900 [main] DEBUG org.aspectj.weaver.loadtime.Aj  - 16:58:02.420 main &lt; org.aspectj.weaver.loadtime.Aj.preProcess byte[515]
2900 [main] DEBUG org.aspectj.weaver.loadtime.Aj  - 16:58:02.420 main &gt; org.aspectj.weaver.loadtime.Aj.preProcess org.aspectj.weaver.loadtime.Aj@58027738 org/hibernate/annotations/common/reflection/java/generics/TypeEnvironmentFactory, byte[4376], org.springframework.test.jpa.OrmXmlOverridingShadowingClassLoader@2bbf1be2
2901 [main] DEBUG org.aspectj.weaver.loadtime.Aj  - 16:58:02.421 main - org.aspectj.weaver.loadtime.Aj.preProcess org.aspectj.weaver.loadtime.Aj@58027738 sun.misc.Launcher$AppClassLoader@302b2c81, org.springframework.test.jpa.OrmXmlOverridingShadowingClassLoader@2bbf1be2
2901 [main] DEBUG org.aspectj.weaver.tools.WeavingAdaptor  - 16:58:02.421 main &gt; org.aspectj.weaver.tools.WeavingAdaptor.weaveClass org.aspectj.weaver.loadtime.ClassLoaderWeavingAdaptor@10b090ac org/hibernate/annotations/common/reflection/java/generics/TypeEnvironmentFactory, byte[4376]
2901 [main] DEBUG org.aspectj.weaver.tools.WeavingAdaptor  - 16:58:02.421 main &lt; org.aspectj.weaver.tools.WeavingAdaptor.weaveClass false
2901 [main] DEBUG org.aspectj.weaver.loadtime.Aj  - 16:58:02.421 main &lt; org.aspectj.weaver.loadtime.Aj.preProcess byte[4376]
2901 [main] DEBUG org.aspectj.weaver.loadtime.Aj  - 16:58:02.421 main &gt; org.aspectj.weaver.loadtime.Aj.preProcess org.aspectj.weaver.loadtime.Aj@58027738 org/hibernate/annotations/common/reflection/java/generics/TypeEnvironment, byte[237], org.springframework.test.jpa.OrmXmlOverridingShadowingClassLoader@2bbf1be2
2901 [main] DEBUG org.aspectj.weaver.loadtime.Aj  - 16:58:02.421 main - org.aspectj.weaver.loadtime.Aj.preProcess org.aspectj.weaver.loadtime.Aj@58027738 sun.misc.Launcher$AppClassLoader@302b2c81, org.springframework.test.jpa.OrmXmlOverridingShadowingClassLoader@2bbf1be2
2901 [main] DEBUG org.aspectj.weaver.tools.WeavingAdaptor  - 16:58:02.421 main &gt; org.aspectj.weaver.tools.WeavingAdaptor.weaveClass org.aspectj.weaver.loadtime.ClassLoaderWeavingAdaptor@10b090ac org/hibernate/annotations/common/reflection/java/generics/TypeEnvironment, byte[237]
2901 [main] DEBUG org.aspectj.weaver.tools.WeavingAdaptor  - 16:58:02.421 main &lt; org.aspectj.weaver.tools.WeavingAdaptor.weaveClass false
2901 [main] DEBUG org.aspectj.weaver.loadtime.Aj  - 16:58:02.421 main &lt; org.aspectj.weaver.loadtime.Aj.preProcess byte[237]
2902 [main] DEBUG org.aspectj.weaver.loadtime.Aj  - 16:58:02.422 main &gt; org.aspectj.weaver.loadtime.Aj.preProcess org.aspectj.weaver.loadtime.Aj@58027738 org/hibernate/cfg/annotations/reflection/XMLContext, byte[7729], org.springframework.test.jpa.OrmXmlOverridingShadowingClassLoader@2bbf1be2
2902 [main] DEBUG org.aspectj.weaver.loadtime.Aj  - 16:58:02.422 main - org.aspectj.weaver.loadtime.Aj.preProcess org.aspectj.weaver.loadtime.Aj@58027738 sun.misc.Launcher$AppClassLoader@302b2c81, org.springframework.test.jpa.OrmXmlOverridingShadowingClassLoader@2bbf1be2
2902 [main] DEBUG org.aspectj.weaver.tools.WeavingAdaptor  - 16:58:02.422 main &gt; org.aspectj.weaver.tools.WeavingAdaptor.weaveClass org.aspectj.weaver.loadtime.ClassLoaderWeavingAdaptor@10b090ac org/hibernate/cfg/annotations/reflection/XMLContext, byte[7729]
2902 [main] DEBUG org.aspectj.weaver.tools.WeavingAdaptor  - 16:58:02.422 main &lt; org.aspectj.weaver.tools.WeavingAdaptor.weaveClass false
2902 [main] DEBUG org.aspectj.weaver.loadtime.Aj  - 16:58:02.422 main &lt; org.aspectj.weaver.loadtime.Aj.preProcess byte[7729]
2903 [main] DEBUG org.aspectj.weaver.loadtime.Aj  - 16:58:02.423 main &gt; org.aspectj.weaver.loadtime.Aj.preProcess org.aspectj.weaver.loadtime.Aj@58027738 org/hibernate/ejb/Version, byte[773], org.springframework.test.jpa.OrmXmlOverridingShadowingClassLoader@2bbf1be2
2903 [main] DEBUG org.aspectj.weaver.loadtime.Aj  - 16:58:02.423 main - org.aspectj.weaver.loadtime.Aj.preProcess org.aspectj.weaver.loadtime.Aj@58027738 sun.misc.Launcher$AppClassLoader@302b2c81, org.springframework.test.jpa.OrmXmlOverridingShadowingClassLoader@2bbf1be2
2903 [main] DEBUG org.aspectj.weaver.tools.WeavingAdaptor  - 16:58:02.423 main &gt; org.aspectj.weaver.tools.WeavingAdaptor.weaveClass org.aspectj.weaver.loadtime.ClassLoaderWeavingAdaptor@10b090ac org/hibernate/ejb/Version, byte[773]
2903 [main] DEBUG org.aspectj.weaver.tools.WeavingAdaptor  - 16:58:02.423 main &lt; org.aspectj.weaver.tools.WeavingAdaptor.weaveClass false
2903 [main] DEBUG org.aspectj.weaver.loadtime.Aj  - 16:58:02.423 main &lt; org.aspectj.weaver.loadtime.Aj.preProcess byte[773]
2903 [main] DEBUG org.aspectj.weaver.loadtime.Aj  - 16:58:02.423 main &gt; org.aspectj.weaver.loadtime.Aj.preProcess org.aspectj.weaver.loadtime.Aj@58027738 org/hibernate/ejb/EventListenerConfigurator, byte[10156], org.springframework.test.jpa.OrmXmlOverridingShadowingClassLoader@2bbf1be2
2903 [main] DEBUG org.aspectj.weaver.loadtime.Aj  - 16:58:02.423 main - org.aspectj.weaver.loadtime.Aj.preProcess org.aspectj.weaver.loadtime.Aj@58027738 sun.misc.Launcher$AppClassLoader@302b2c81, org.springframework.test.jpa.OrmXmlOverridingShadowingClassLoader@2bbf1be2
2903 [main] DEBUG org.aspectj.weaver.tools.WeavingAdaptor  - 16:58:02.423 main &gt; org.aspectj.weaver.tools.WeavingAdaptor.weaveClass org.aspectj.weaver.loadtime.ClassLoaderWeavingAdaptor@10b090ac org/hibernate/ejb/EventListenerConfigurator, byte[10156]
2903 [main] DEBUG org.aspectj.weaver.tools.WeavingAdaptor  - 16:58:02.423 main &lt; org.aspectj.weaver.tools.WeavingAdaptor.weaveClass false
2903 [main] DEBUG org.aspectj.weaver.loadtime.Aj  - 16:58:02.423 main &lt; org.aspectj.weaver.loadtime.Aj.preProcess byte[10156]
2904 [main] DEBUG org.aspectj.weaver.loadtime.Aj  - 16:58:02.424 main &gt; org.aspectj.weaver.loadtime.Aj.preProcess org.aspectj.weaver.loadtime.Aj@58027738 org/hibernate/ejb/event/EJB3FlushEventListener, byte[925], org.springframework.test.jpa.OrmXmlOverridingShadowingClassLoader@2bbf1be2
2904 [main] DEBUG org.aspectj.weaver.loadtime.Aj  - 16:58:02.424 main - org.aspectj.weaver.loadtime.Aj.preProcess org.aspectj.weaver.loadtime.Aj@58027738 sun.misc.Launcher$AppClassLoader@302b2c81, org.springframework.test.jpa.OrmXmlOverridingShadowingClassLoader@2bbf1be2
2904 [main] DEBUG org.aspectj.weaver.tools.WeavingAdaptor  - 16:58:02.424 main &gt; org.aspectj.weaver.tools.WeavingAdaptor.weaveClass org.aspectj.weaver.loadtime.ClassLoaderWeavingAdaptor@10b090ac org/hibernate/ejb/event/EJB3FlushEventListener, byte[925]
2904 [main] DEBUG org.aspectj.weaver.tools.WeavingAdaptor  - 16:58:02.424 main &lt; org.aspectj.weaver.tools.WeavingAdaptor.weaveClass false
2904 [main] DEBUG org.aspectj.weaver.loadtime.Aj  - 16:58:02.424 main &lt; org.aspectj.weaver.loadtime.Aj.preProcess byte[925]
2905 [main] DEBUG org.aspectj.weaver.loadtime.Aj  - 16:58:02.425 main &gt; org.aspectj.weaver.loadtime.Aj.preProcess org.aspectj.weaver.loadtime.Aj@58027738 org/hibernate/ejb/event/EJB3AutoFlushEventListener, byte[945], org.springframework.test.jpa.OrmXmlOverridingShadowingClassLoader@2bbf1be2
2905 [main] DEBUG org.aspectj.weaver.loadtime.Aj  - 16:58:02.425 main - org.aspectj.weaver.loadtime.Aj.preProcess org.aspectj.weaver.loadtime.Aj@58027738 sun.misc.Launcher$AppClassLoader@302b2c81, org.springframework.test.jpa.OrmXmlOverridingShadowingClassLoader@2bbf1be2
2905 [main] DEBUG org.aspectj.weaver.tools.WeavingAdaptor  - 16:58:02.425 main &gt; org.aspectj.weaver.tools.WeavingAdaptor.weaveClass org.aspectj.weaver.loadtime.ClassLoaderWeavingAdaptor@10b090ac org/hibernate/ejb/event/EJB3AutoFlushEventListener, byte[945]
2905 [main] DEBUG org.aspectj.weaver.tools.WeavingAdaptor  - 16:58:02.425 main &lt; org.aspectj.weaver.tools.WeavingAdaptor.weaveClass false
2905 [main] DEBUG org.aspectj.weaver.loadtime.Aj  - 16:58:02.425 main &lt; org.aspectj.weaver.loadtime.Aj.preProcess byte[945]
2905 [main] DEBUG org.aspectj.weaver.loadtime.Aj  - 16:58:02.425 main &gt; org.aspectj.weaver.loadtime.Aj.preProcess org.aspectj.weaver.loadtime.Aj@58027738 org/hibernate/ejb/event/EJB3DeleteEventListener, byte[2579], org.springframework.test.jpa.OrmXmlOverridingShadowingClassLoader@2bbf1be2
2905 [main] DEBUG org.aspectj.weaver.loadtime.Aj  - 16:58:02.425 main - org.aspectj.weaver.loadtime.Aj.preProcess org.aspectj.weaver.loadtime.Aj@58027738 sun.misc.Launcher$AppClassLoader@302b2c81, org.springframework.test.jpa.OrmXmlOverridingShadowingClassLoader@2bbf1be2
2905 [main] DEBUG org.aspectj.weaver.tools.WeavingAdaptor  - 16:58:02.425 main &gt; org.aspectj.weaver.tools.WeavingAdaptor.weaveClass org.aspectj.weaver.loadtime.ClassLoaderWeavingAdaptor@10b090ac org/hibernate/ejb/event/EJB3DeleteEventListener, byte[2579]
2905 [main] DEBUG org.aspectj.weaver.tools.WeavingAdaptor  - 16:58:02.425 main &lt; org.aspectj.weaver.tools.WeavingAdaptor.weaveClass false
2905 [main] DEBUG org.aspectj.weaver.loadtime.Aj  - 16:58:02.425 main &lt; org.aspectj.weaver.loadtime.Aj.preProcess byte[2579]
2905 [main] DEBUG org.aspectj.weaver.loadtime.Aj  - 16:58:02.425 main &gt; org.aspectj.weaver.loadtime.Aj.preProcess org.aspectj.weaver.loadtime.Aj@58027738 org/hibernate/ejb/event/CallbackHandlerConsumer, byte[233], org.springframework.test.jpa.OrmXmlOverridingShadowingClassLoader@2bbf1be2
2906 [main] DEBUG org.aspectj.weaver.loadtime.Aj  - 16:58:02.426 main - org.aspectj.weaver.loadtime.Aj.preProcess org.aspectj.weaver.loadtime.Aj@58027738 sun.misc.Launcher$AppClassLoader@302b2c81, org.springframework.test.jpa.OrmXmlOverridingShadowingClassLoader@2bbf1be2
2906 [main] DEBUG org.aspectj.weaver.tools.WeavingAdaptor  - 16:58:02.426 main &gt; org.aspectj.weaver.tools.WeavingAdaptor.weaveClass org.aspectj.weaver.loadtime.ClassLoaderWeavingAdaptor@10b090ac org/hibernate/ejb/event/CallbackHandlerConsumer, byte[233]
2906 [main] DEBUG org.aspectj.weaver.tools.WeavingAdaptor  - 16:58:02.426 main &lt; org.aspectj.weaver.tools.WeavingAdaptor.weaveClass false
2906 [main] DEBUG org.aspectj.weaver.loadtime.Aj  - 16:58:02.426 main &lt; org.aspectj.weaver.loadtime.Aj.preProcess byte[233]
2906 [main] DEBUG org.aspectj.weaver.loadtime.Aj  - 16:58:02.426 main &gt; org.aspectj.weaver.loadtime.Aj.preProcess org.aspectj.weaver.loadtime.Aj@58027738 org/hibernate/ejb/event/EJB3FlushEntityEventListener, byte[2998], org.springframework.test.jpa.OrmXmlOverridingShadowingClassLoader@2bbf1be2
2906 [main] DEBUG org.aspectj.weaver.loadtime.Aj  - 16:58:02.426 main - org.aspectj.weaver.loadtime.Aj.preProcess org.aspectj.weaver.loadtime.Aj@58027738 sun.misc.Launcher$AppClassLoader@302b2c81, org.springframework.test.jpa.OrmXmlOverridingShadowingClassLoader@2bbf1be2
2906 [main] DEBUG org.aspectj.weaver.tools.WeavingAdaptor  - 16:58:02.426 main &gt; org.aspectj.weaver.tools.WeavingAdaptor.weaveClass org.aspectj.weaver.loadtime.ClassLoaderWeavingAdaptor@10b090ac org/hibernate/ejb/event/EJB3FlushEntityEventListener, byte[2998]
2906 [main] DEBUG org.aspectj.weaver.tools.WeavingAdaptor  - 16:58:02.426 main &lt; org.aspectj.weaver.tools.WeavingAdaptor.weaveClass false
2906 [main] DEBUG org.aspectj.weaver.loadtime.Aj  - 16:58:02.426 main &lt; org.aspectj.weaver.loadtime.Aj.preProcess byte[2998]
2907 [main] DEBUG org.aspectj.weaver.loadtime.Aj  - 16:58:02.427 main &gt; org.aspectj.weaver.loadtime.Aj.preProcess org.aspectj.weaver.loadtime.Aj@58027738 org/hibernate/ejb/event/EJB3MergeEventListener, byte[1616], org.springframework.test.jpa.OrmXmlOverridingShadowingClassLoader@2bbf1be2
2907 [main] DEBUG org.aspectj.weaver.loadtime.Aj  - 16:58:02.427 main - org.aspectj.weaver.loadtime.Aj.preProcess org.aspectj.weaver.loadtime.Aj@58027738 sun.misc.Launcher$AppClassLoader@302b2c81, org.springframework.test.jpa.OrmXmlOverridingShadowingClassLoader@2bbf1be2
2907 [main] DEBUG org.aspectj.weaver.tools.WeavingAdaptor  - 16:58:02.427 main &gt; org.aspectj.weaver.tools.WeavingAdaptor.weaveClass org.aspectj.weaver.loadtime.ClassLoaderWeavingAdaptor@10b090ac org/hibernate/ejb/event/EJB3MergeEventListener, byte[1616]
2907 [main] DEBUG org.aspectj.weaver.tools.WeavingAdaptor  - 16:58:02.427 main &lt; org.aspectj.weaver.tools.WeavingAdaptor.weaveClass false
2907 [main] DEBUG org.aspectj.weaver.loadtime.Aj  - 16:58:02.427 main &lt; org.aspectj.weaver.loadtime.Aj.preProcess byte[1616]
2907 [main] DEBUG org.aspectj.weaver.loadtime.Aj  - 16:58:02.427 main &gt; org.aspectj.weaver.loadtime.Aj.preProcess org.aspectj.weaver.loadtime.Aj@58027738 org/hibernate/ejb/event/EJB3PersistEventListener, byte[2102], org.springframework.test.jpa.OrmXmlOverridingShadowingClassLoader@2bbf1be2
2907 [main] DEBUG org.aspectj.weaver.loadtime.Aj  - 16:58:02.427 main - org.aspectj.weaver.loadtime.Aj.preProcess org.aspectj.weaver.loadtime.Aj@58027738 sun.misc.Launcher$AppClassLoader@302b2c81, org.springframework.test.jpa.OrmXmlOverridingShadowingClassLoader@2bbf1be2
2907 [main] DEBUG org.aspectj.weaver.tools.WeavingAdaptor  - 16:58:02.427 main &gt; org.aspectj.weaver.tools.WeavingAdaptor.weaveClass org.aspectj.weaver.loadtime.ClassLoaderWeavingAdaptor@10b090ac org/hibernate/ejb/event/EJB3PersistEventListener, byte[2102]
2907 [main] DEBUG org.aspectj.weaver.tools.WeavingAdaptor  - 16:58:02.427 main &lt; org.aspectj.weaver.tools.WeavingAdaptor.weaveClass false
2907 [main] DEBUG org.aspectj.weaver.loadtime.Aj  - 16:58:02.427 main &lt; org.aspectj.weaver.loadtime.Aj.preProcess byte[2102]
2908 [main] DEBUG org.aspectj.weaver.loadtime.Aj  - 16:58:02.428 main &gt; org.aspectj.weaver.loadtime.Aj.preProcess org.aspectj.weaver.loadtime.Aj@58027738 org/hibernate/engine/EJB3CascadeStyle, byte[713], org.springframework.test.jpa.OrmXmlOverridingShadowingClassLoader@2bbf1be2
2908 [main] DEBUG org.aspectj.weaver.loadtime.Aj  - 16:58:02.428 main - org.aspectj.weaver.loadtime.Aj.preProcess org.aspectj.weaver.loadtime.Aj@58027738 sun.misc.Launcher$AppClassLoader@302b2c81, org.springframework.test.jpa.OrmXmlOverridingShadowingClassLoader@2bbf1be2
2908 [main] DEBUG org.aspectj.weaver.tools.WeavingAdaptor  - 16:58:02.428 main &gt; org.aspectj.weaver.tools.WeavingAdaptor.weaveClass org.aspectj.weaver.loadtime.ClassLoaderWeavingAdaptor@10b090ac org/hibernate/engine/EJB3CascadeStyle, byte[713]
2908 [main] DEBUG org.aspectj.weaver.tools.WeavingAdaptor  - 16:58:02.428 main &lt; org.aspectj.weaver.tools.WeavingAdaptor.weaveClass false
2908 [main] DEBUG org.aspectj.weaver.loadtime.Aj  - 16:58:02.428 main &lt; org.aspectj.weaver.loadtime.Aj.preProcess byte[713]
2908 [main] DEBUG org.aspectj.weaver.loadtime.Aj  - 16:58:02.428 main &gt; org.aspectj.weaver.loadtime.Aj.preProcess org.aspectj.weaver.loadtime.Aj@58027738 org/hibernate/engine/CascadeStyle, byte[3087], org.springframework.test.jpa.OrmXmlOverridingShadowingClassLoader@2bbf1be2
2908 [main] DEBUG org.aspectj.weaver.loadtime.Aj  - 16:58:02.428 main - org.aspectj.weaver.loadtime.Aj.preProcess org.aspectj.weaver.loadtime.Aj@58027738 sun.misc.Launcher$AppClassLoader@302b2c81, org.springframework.test.jpa.OrmXmlOverridingShadowingClassLoader@2bbf1be2
2908 [main] DEBUG org.aspectj.weaver.tools.WeavingAdaptor  - 16:58:02.428 main &gt; org.aspectj.weaver.tools.WeavingAdaptor.weaveClass org.aspectj.weaver.loadtime.ClassLoaderWeavingAdaptor@10b090ac org/hibernate/engine/CascadeStyle, byte[3087]
2908 [main] DEBUG org.aspectj.weaver.tools.WeavingAdaptor  - 16:58:02.428 main &lt; org.aspectj.weaver.tools.WeavingAdaptor.weaveClass false
2908 [main] DEBUG org.aspectj.weaver.loadtime.Aj  - 16:58:02.428 main &lt; org.aspectj.weaver.loadtime.Aj.preProcess byte[3087]
2909 [main] DEBUG org.aspectj.weaver.loadtime.Aj  - 16:58:02.429 main &gt; org.aspectj.weaver.loadtime.Aj.preProcess org.aspectj.weaver.loadtime.Aj@58027738 org/hibernate/engine/CascadeStyle$1, byte[736], org.springframework.test.jpa.OrmXmlOverridingShadowingClassLoader@2bbf1be2
2909 [main] DEBUG org.aspectj.weaver.loadtime.Aj  - 16:58:02.429 main - org.aspectj.weaver.loadtime.Aj.preProcess org.aspectj.weaver.loadtime.Aj@58027738 sun.misc.Launcher$AppClassLoader@302b2c81, org.springframework.test.jpa.OrmXmlOverridingShadowingClassLoader@2bbf1be2
2909 [main] DEBUG org.aspectj.weaver.tools.WeavingAdaptor  - 16:58:02.429 main &gt; org.aspectj.weaver.tools.WeavingAdaptor.weaveClass org.aspectj.weaver.loadtime.ClassLoaderWeavingAdaptor@10b090ac org/hibernate/engine/CascadeStyle$1, byte[736]
2909 [main] DEBUG org.aspectj.weaver.tools.WeavingAdaptor  - 16:58:02.429 main &lt; org.aspectj.weaver.tools.WeavingAdaptor.weaveClass false
2909 [main] DEBUG org.aspectj.weaver.loadtime.Aj  - 16:58:02.429 main &lt; org.aspectj.weaver.loadtime.Aj.preProcess byte[736]
2909 [main] DEBUG org.aspectj.weaver.loadtime.Aj  - 16:58:02.429 main &gt; org.aspectj.weaver.loadtime.Aj.preProcess org.aspectj.weaver.loadtime.Aj@58027738 org/hibernate/engine/CascadeStyle$2, byte[640], org.springframework.test.jpa.OrmXmlOverridingShadowingClassLoader@2bbf1be2
2909 [main] DEBUG org.aspectj.weaver.loadtime.Aj  - 16:58:02.429 main - org.aspectj.weaver.loadtime.Aj.preProcess org.aspectj.weaver.loadtime.Aj@58027738 sun.misc.Launcher$AppClassLoader@302b2c81, org.springframework.test.jpa.OrmXmlOverridingShadowingClassLoader@2bbf1be2
2909 [main] DEBUG org.aspectj.weaver.tools.WeavingAdaptor  - 16:58:02.429 main &gt; org.aspectj.weaver.tools.WeavingAdaptor.weaveClass org.aspectj.weaver.loadtime.ClassLoaderWeavingAdaptor@10b090ac org/hibernate/engine/CascadeStyle$2, byte[640]
2909 [main] DEBUG org.aspectj.weaver.tools.WeavingAdaptor  - 16:58:02.429 main &lt; org.aspectj.weaver.tools.WeavingAdaptor.weaveClass false
2909 [main] DEBUG org.aspectj.weaver.loadtime.Aj  - 16:58:02.429 main &lt; org.aspectj.weaver.loadtime.Aj.preProcess byte[640]
2910 [main] DEBUG org.aspectj.weaver.loadtime.Aj  - 16:58:02.430 main &gt; org.aspectj.weaver.loadtime.Aj.preProcess org.aspectj.weaver.loadtime.Aj@58027738 org/hibernate/engine/CascadeStyle$3, byte[761], org.springframework.test.jpa.OrmXmlOverridingShadowingClassLoader@2bbf1be2
2910 [main] DEBUG org.aspectj.weaver.loadtime.Aj  - 16:58:02.430 main - org.aspectj.weaver.loadtime.Aj.preProcess org.aspectj.weaver.loadtime.Aj@58027738 sun.misc.Launcher$AppClassLoader@302b2c81, org.springframework.test.jpa.OrmXmlOverridingShadowingClassLoader@2bbf1be2
2910 [main] DEBUG org.aspectj.weaver.tools.WeavingAdaptor  - 16:58:02.430 main &gt; org.aspectj.weaver.tools.WeavingAdaptor.weaveClass org.aspectj.weaver.loadtime.ClassLoaderWeavingAdaptor@10b090ac org/hibernate/engine/CascadeStyle$3, byte[761]
2910 [main] DEBUG org.aspectj.weaver.tools.WeavingAdaptor  - 16:58:02.430 main &lt; org.aspectj.weaver.tools.WeavingAdaptor.weaveClass false
2910 [main] DEBUG org.aspectj.weaver.loadtime.Aj  - 16:58:02.430 main &lt; org.aspectj.weaver.loadtime.Aj.preProcess byte[761]
2910 [main] DEBUG org.aspectj.weaver.loadtime.Aj  - 16:58:02.430 main &gt; org.aspectj.weaver.loadtime.Aj.preProcess org.aspectj.weaver.loadtime.Aj@58027738 org/hibernate/engine/CascadeStyle$4, byte[711], org.springframework.test.jpa.OrmXmlOverridingShadowingClassLoader@2bbf1be2
2910 [main] DEBUG org.aspectj.weaver.loadtime.Aj  - 16:58:02.430 main - org.aspectj.weaver.loadtime.Aj.preProcess org.aspectj.weaver.loadtime.Aj@58027738 sun.misc.Launcher$AppClassLoader@302b2c81, org.springframework.test.jpa.OrmXmlOverridingShadowingClassLoader@2bbf1be2
2910 [main] DEBUG org.aspectj.weaver.tools.WeavingAdaptor  - 16:58:02.430 main &gt; org.aspectj.weaver.tools.WeavingAdaptor.weaveClass org.aspectj.weaver.loadtime.ClassLoaderWeavingAdaptor@10b090ac org/hibernate/engine/CascadeStyle$4, byte[711]
2910 [main] DEBUG org.aspectj.weaver.tools.WeavingAdaptor  - 16:58:02.430 main &lt; org.aspectj.weaver.tools.WeavingAdaptor.weaveClass false
2910 [main] DEBUG org.aspectj.weaver.loadtime.Aj  - 16:58:02.430 main &lt; org.aspectj.weaver.loadtime.Aj.preProcess byte[711]
2910 [main] DEBUG org.aspectj.weaver.loadtime.Aj  - 16:58:02.430 main &gt; org.aspectj.weaver.loadtime.Aj.preProcess org.aspectj.weaver.loadtime.Aj@58027738 org/hibernate/engine/CascadeStyle$5, byte[717], org.springframework.test.jpa.OrmXmlOverridingShadowingClassLoader@2bbf1be2
2910 [main] DEBUG org.aspectj.weaver.loadtime.Aj  - 16:58:02.430 main - org.aspectj.weaver.loadtime.Aj.preProcess org.aspectj.weaver.loadtime.Aj@58027738 sun.misc.Launcher$AppClassLoader@302b2c81, org.springframework.test.jpa.OrmXmlOverridingShadowingClassLoader@2bbf1be2
2910 [main] DEBUG org.aspectj.weaver.tools.WeavingAdaptor  - 16:58:02.430 main &gt; org.aspectj.weaver.tools.WeavingAdaptor.weaveClass org.aspectj.weaver.loadtime.ClassLoaderWeavingAdaptor@10b090ac org/hibernate/engine/CascadeStyle$5, byte[717]
2910 [main] DEBUG org.aspectj.weaver.tools.WeavingAdaptor  - 16:58:02.430 main &lt; org.aspectj.weaver.tools.WeavingAdaptor.weaveClass false
2911 [main] DEBUG org.aspectj.weaver.loadtime.Aj  - 16:58:02.431 main &lt; org.aspectj.weaver.loadtime.Aj.preProcess byte[717]
2911 [main] DEBUG org.aspectj.weaver.loadtime.Aj  - 16:58:02.431 main &gt; org.aspectj.weaver.loadtime.Aj.preProcess org.aspectj.weaver.loadtime.Aj@58027738 org/hibernate/engine/CascadeStyle$6, byte[713], org.springframework.test.jpa.OrmXmlOverridingShadowingClassLoader@2bbf1be2
2911 [main] DEBUG org.aspectj.weaver.loadtime.Aj  - 16:58:02.431 main - org.aspectj.weaver.loadtime.Aj.preProcess org.aspectj.weaver.loadtime.Aj@58027738 sun.misc.Launcher$AppClassLoader@302b2c81, org.springframework.test.jpa.OrmXmlOverridingShadowingClassLoader@2bbf1be2
2911 [main] DEBUG org.aspectj.weaver.tools.WeavingAdaptor  - 16:58:02.431 main &gt; org.aspectj.weaver.tools.WeavingAdaptor.weaveClass org.aspectj.weaver.loadtime.ClassLoaderWeavingAdaptor@10b090ac org/hibernate/engine/CascadeStyle$6, byte[713]
2911 [main] DEBUG org.aspectj.weaver.tools.WeavingAdaptor  - 16:58:02.431 main &lt; org.aspectj.weaver.tools.WeavingAdaptor.weaveClass false
2911 [main] DEBUG org.aspectj.weaver.loadtime.Aj  - 16:58:02.431 main &lt; org.aspectj.weaver.loadtime.Aj.preProcess byte[713]
2911 [main] DEBUG org.aspectj.weaver.loadtime.Aj  - 16:58:02.431 main &gt; org.aspectj.weaver.loadtime.Aj.preProcess org.aspectj.weaver.loadtime.Aj@58027738 org/hibernate/engine/CascadeStyle$7, byte[721], org.springframework.test.jpa.OrmXmlOverridingShadowingClassLoader@2bbf1be2
2911 [main] DEBUG org.aspectj.weaver.loadtime.Aj  - 16:58:02.431 main - org.aspectj.weaver.loadtime.Aj.preProcess org.aspectj.weaver.loadtime.Aj@58027738 sun.misc.Launcher$AppClassLoader@302b2c81, org.springframework.test.jpa.OrmXmlOverridingShadowingClassLoader@2bbf1be2
2911 [main] DEBUG org.aspectj.weaver.tools.WeavingAdaptor  - 16:58:02.431 main &gt; org.aspectj.weaver.tools.WeavingAdaptor.weaveClass org.aspectj.weaver.loadtime.ClassLoaderWeavingAdaptor@10b090ac org/hibernate/engine/CascadeStyle$7, byte[721]
2911 [main] DEBUG org.aspectj.weaver.tools.WeavingAdaptor  - 16:58:02.431 main &lt; org.aspectj.weaver.tools.WeavingAdaptor.weaveClass false
2911 [main] DEBUG org.aspectj.weaver.loadtime.Aj  - 16:58:02.431 main &lt; org.aspectj.weaver.loadtime.Aj.preProcess byte[721]
2912 [main] DEBUG org.aspectj.weaver.loadtime.Aj  - 16:58:02.432 main &gt; org.aspectj.weaver.loadtime.Aj.preProcess org.aspectj.weaver.loadtime.Aj@58027738 org/hibernate/engine/CascadeStyle$8, byte[713], org.springframework.test.jpa.OrmXmlOverridingShadowingClassLoader@2bbf1be2
2912 [main] DEBUG org.aspectj.weaver.loadtime.Aj  - 16:58:02.432 main - org.aspectj.weaver.loadtime.Aj.preProcess org.aspectj.weaver.loadtime.Aj@58027738 sun.misc.Launcher$AppClassLoader@302b2c81, org.springframework.test.jpa.OrmXmlOverridingShadowingClassLoader@2bbf1be2
2912 [main] DEBUG org.aspectj.weaver.tools.WeavingAdaptor  - 16:58:02.432 main &gt; org.aspectj.weaver.tools.WeavingAdaptor.weaveClass org.aspectj.weaver.loadtime.ClassLoaderWeavingAdaptor@10b090ac org/hibernate/engine/CascadeStyle$8, byte[713]
2912 [main] DEBUG org.aspectj.weaver.tools.WeavingAdaptor  - 16:58:02.432 main &lt; org.aspectj.weaver.tools.WeavingAdaptor.weaveClass false
2912 [main] DEBUG org.aspectj.weaver.loadtime.Aj  - 16:58:02.432 main &lt; org.aspectj.weaver.loadtime.Aj.preProcess byte[713]
2912 [main] DEBUG org.aspectj.weaver.loadtime.Aj  - 16:58:02.432 main &gt; org.aspectj.weaver.loadtime.Aj.preProcess org.aspectj.weaver.loadtime.Aj@58027738 org/hibernate/engine/CascadeStyle$9, byte[753], org.springframework.test.jpa.OrmXmlOverridingShadowingClassLoader@2bbf1be2
2912 [main] DEBUG org.aspectj.weaver.loadtime.Aj  - 16:58:02.432 main - org.aspectj.weaver.loadtime.Aj.preProcess org.aspectj.weaver.loadtime.Aj@58027738 sun.misc.Launcher$AppClassLoader@302b2c81, org.springframework.test.jpa.OrmXmlOverridingShadowingClassLoader@2bbf1be2
2912 [main] DEBUG org.aspectj.weaver.tools.WeavingAdaptor  - 16:58:02.432 main &gt; org.aspectj.weaver.tools.WeavingAdaptor.weaveClass org.aspectj.weaver.loadtime.ClassLoaderWeavingAdaptor@10b090ac org/hibernate/engine/CascadeStyle$9, byte[753]
2912 [main] DEBUG org.aspectj.weaver.tools.WeavingAdaptor  - 16:58:02.432 main &lt; org.aspectj.weaver.tools.WeavingAdaptor.weaveClass false
2912 [main] DEBUG org.aspectj.weaver.loadtime.Aj  - 16:58:02.432 main &lt; org.aspectj.weaver.loadtime.Aj.preProcess byte[753]
2912 [main] DEBUG org.aspectj.weaver.loadtime.Aj  - 16:58:02.432 main &gt; org.aspectj.weaver.loadtime.Aj.preProcess org.aspectj.weaver.loadtime.Aj@58027738 org/hibernate/engine/CascadeStyle$10, byte[717], org.springframework.test.jpa.OrmXmlOverridingShadowingClassLoader@2bbf1be2
2912 [main] DEBUG org.aspectj.weaver.loadtime.Aj  - 16:58:02.432 main - org.aspectj.weaver.loadtime.Aj.preProcess org.aspectj.weaver.loadtime.Aj@58027738 sun.misc.Launcher$AppClassLoader@302b2c81, org.springframework.test.jpa.OrmXmlOverridingShadowingClassLoader@2bbf1be2
2913 [main] DEBUG org.aspectj.weaver.tools.WeavingAdaptor  - 16:58:02.433 main &gt; org.aspectj.weaver.tools.WeavingAdaptor.weaveClass org.aspectj.weaver.loadtime.ClassLoaderWeavingAdaptor@10b090ac org/hibernate/engine/CascadeStyle$10, byte[717]
2913 [main] DEBUG org.aspectj.weaver.tools.WeavingAdaptor  - 16:58:02.433 main &lt; org.aspectj.weaver.tools.WeavingAdaptor.weaveClass false
2913 [main] DEBUG org.aspectj.weaver.loadtime.Aj  - 16:58:02.433 main &lt; org.aspectj.weaver.loadtime.Aj.preProcess byte[717]
2913 [main] DEBUG org.aspectj.weaver.loadtime.Aj  - 16:58:02.433 main &gt; org.aspectj.weaver.loadtime.Aj.preProcess org.aspectj.weaver.loadtime.Aj@58027738 org/hibernate/engine/CascadeStyle$11, byte[934], org.springframework.test.jpa.OrmXmlOverridingShadowingClassLoader@2bbf1be2
2913 [main] DEBUG org.aspectj.weaver.loadtime.Aj  - 16:58:02.433 main - org.aspectj.weaver.loadtime.Aj.preProcess org.aspectj.weaver.loadtime.Aj@58027738 sun.misc.Launcher$AppClassLoader@302b2c81, org.springframework.test.jpa.OrmXmlOverridingShadowingClassLoader@2bbf1be2
2913 [main] DEBUG org.aspectj.weaver.tools.WeavingAdaptor  - 16:58:02.433 main &gt; org.aspectj.weaver.tools.WeavingAdaptor.weaveClass org.aspectj.weaver.loadtime.ClassLoaderWeavingAdaptor@10b090ac org/hibernate/engine/CascadeStyle$11, byte[934]
2913 [main] DEBUG org.aspectj.weaver.tools.WeavingAdaptor  - 16:58:02.433 main &lt; org.aspectj.weaver.tools.WeavingAdaptor.weaveClass false
2913 [main] DEBUG org.aspectj.weaver.loadtime.Aj  - 16:58:02.433 main &lt; org.aspectj.weaver.loadtime.Aj.preProcess byte[934]
2913 [main] DEBUG org.aspectj.weaver.loadtime.Aj  - 16:58:02.433 main &gt; org.aspectj.weaver.loadtime.Aj.preProcess org.aspectj.weaver.loadtime.Aj@58027738 org/hibernate/engine/CascadeStyle$12, byte[643], org.springframework.test.jpa.OrmXmlOverridingShadowingClassLoader@2bbf1be2
2913 [main] DEBUG org.aspectj.weaver.loadtime.Aj  - 16:58:02.433 main - org.aspectj.weaver.loadtime.Aj.preProcess org.aspectj.weaver.loadtime.Aj@58027738 sun.misc.Launcher$AppClassLoader@302b2c81, org.springframework.test.jpa.OrmXmlOverridingShadowingClassLoader@2bbf1be2
2913 [main] DEBUG org.aspectj.weaver.tools.WeavingAdaptor  - 16:58:02.433 main &gt; org.aspectj.weaver.tools.WeavingAdaptor.weaveClass org.aspectj.weaver.loadtime.ClassLoaderWeavingAdaptor@10b090ac org/hibernate/engine/CascadeStyle$12, byte[643]
2913 [main] DEBUG org.aspectj.weaver.tools.WeavingAdaptor  - 16:58:02.433 main &lt; org.aspectj.weaver.tools.WeavingAdaptor.weaveClass false
2913 [main] DEBUG org.aspectj.weaver.loadtime.Aj  - 16:58:02.433 main &lt; org.aspectj.weaver.loadtime.Aj.preProcess byte[643]
2914 [main] DEBUG org.aspectj.weaver.loadtime.Aj  - 16:58:02.434 main &gt; org.aspectj.weaver.loadtime.Aj.preProcess org.aspectj.weaver.loadtime.Aj@58027738 org/hibernate/engine/EJB3CascadeStyle$1, byte[900], org.springframework.test.jpa.OrmXmlOverridingShadowingClassLoader@2bbf1be2
2914 [main] DEBUG org.aspectj.weaver.loadtime.Aj  - 16:58:02.434 main - org.aspectj.weaver.loadtime.Aj.preProcess org.aspectj.weaver.loadtime.Aj@58027738 sun.misc.Launcher$AppClassLoader@302b2c81, org.springframework.test.jpa.OrmXmlOverridingShadowingClassLoader@2bbf1be2
2914 [main] DEBUG org.aspectj.weaver.tools.WeavingAdaptor  - 16:58:02.434 main &gt; org.aspectj.weaver.tools.WeavingAdaptor.weaveClass org.aspectj.weaver.loadtime.ClassLoaderWeavingAdaptor@10b090ac org/hibernate/engine/EJB3CascadeStyle$1, byte[900]
2914 [main] DEBUG org.aspectj.weaver.tools.WeavingAdaptor  - 16:58:02.434 main &lt; org.aspectj.weaver.tools.WeavingAdaptor.weaveClass false
2914 [main] DEBUG org.aspectj.weaver.loadtime.Aj  - 16:58:02.434 main &lt; org.aspectj.weaver.loadtime.Aj.preProcess byte[900]
2914 [main] DEBUG org.aspectj.weaver.loadtime.Aj  - 16:58:02.434 main &gt; org.aspectj.weaver.loadtime.Aj.preProcess org.aspectj.weaver.loadtime.Aj@58027738 org/hibernate/ejb/event/EJB3PersistOnFlushEventListener, byte[632], org.springframework.test.jpa.OrmXmlOverridingShadowingClassLoader@2bbf1be2
2915 [main] DEBUG org.aspectj.weaver.loadtime.Aj  - 16:58:02.435 main - org.aspectj.weaver.loadtime.Aj.preProcess org.aspectj.weaver.loadtime.Aj@58027738 sun.misc.Launcher$AppClassLoader@302b2c81, org.springframework.test.jpa.OrmXmlOverridingShadowingClassLoader@2bbf1be2
2915 [main] DEBUG org.aspectj.weaver.tools.WeavingAdaptor  - 16:58:02.435 main &gt; org.aspectj.weaver.tools.WeavingAdaptor.weaveClass org.aspectj.weaver.loadtime.ClassLoaderWeavingAdaptor@10b090ac org/hibernate/ejb/event/EJB3PersistOnFlushEventListener, byte[632]
2915 [main] DEBUG org.aspectj.weaver.tools.WeavingAdaptor  - 16:58:02.435 main &lt; org.aspectj.weaver.tools.WeavingAdaptor.weaveClass false
2915 [main] DEBUG org.aspectj.weaver.loadtime.Aj  - 16:58:02.435 main &lt; org.aspectj.weaver.loadtime.Aj.preProcess byte[632]
2915 [main] DEBUG org.aspectj.weaver.loadtime.Aj  - 16:58:02.435 main &gt; org.aspectj.weaver.loadtime.Aj.preProcess org.aspectj.weaver.loadtime.Aj@58027738 org/hibernate/ejb/event/EJB3SaveEventListener, byte[1612], org.springframework.test.jpa.OrmXmlOverridingShadowingClassLoader@2bbf1be2
2915 [main] DEBUG org.aspectj.weaver.loadtime.Aj  - 16:58:02.435 main - org.aspectj.weaver.loadtime.Aj.preProcess org.aspectj.weaver.loadtime.Aj@58027738 sun.misc.Launcher$AppClassLoader@302b2c81, org.springframework.test.jpa.OrmXmlOverridingShadowingClassLoader@2bbf1be2
2915 [main] DEBUG org.aspectj.weaver.tools.WeavingAdaptor  - 16:58:02.435 main &gt; org.aspectj.weaver.tools.WeavingAdaptor.weaveClass org.aspectj.weaver.loadtime.ClassLoaderWeavingAdaptor@10b090ac org/hibernate/ejb/event/EJB3SaveEventListener, byte[1612]
2915 [main] DEBUG org.aspectj.weaver.tools.WeavingAdaptor  - 16:58:02.435 main &lt; org.aspectj.weaver.tools.WeavingAdaptor.weaveClass false
2915 [main] DEBUG org.aspectj.weaver.loadtime.Aj  - 16:58:02.435 main &lt; org.aspectj.weaver.loadtime.Aj.preProcess byte[1612]
2915 [main] DEBUG org.aspectj.weaver.loadtime.Aj  - 16:58:02.435 main &gt; org.aspectj.weaver.loadtime.Aj.preProcess org.aspectj.weaver.loadtime.Aj@58027738 org/hibernate/ejb/event/EJB3SaveOrUpdateEventListener, byte[1644], org.springframework.test.jpa.OrmXmlOverridingShadowingClassLoader@2bbf1be2
2916 [main] DEBUG org.aspectj.weaver.loadtime.Aj  - 16:58:02.436 main - org.aspectj.weaver.loadtime.Aj.preProcess org.aspectj.weaver.loadtime.Aj@58027738 sun.misc.Launcher$AppClassLoader@302b2c81, org.springframework.test.jpa.OrmXmlOverridingShadowingClassLoader@2bbf1be2
2916 [main] DEBUG org.aspectj.weaver.tools.WeavingAdaptor  - 16:58:02.436 main &gt; org.aspectj.weaver.tools.WeavingAdaptor.weaveClass org.aspectj.weaver.loadtime.ClassLoaderWeavingAdaptor@10b090ac org/hibernate/ejb/event/EJB3SaveOrUpdateEventListener, byte[1644]
2916 [main] DEBUG org.aspectj.weaver.tools.WeavingAdaptor  - 16:58:02.436 main &lt; org.aspectj.weaver.tools.WeavingAdaptor.weaveClass false
2916 [main] DEBUG org.aspectj.weaver.loadtime.Aj  - 16:58:02.436 main &lt; org.aspectj.weaver.loadtime.Aj.preProcess byte[1644]
2916 [main] DEBUG org.aspectj.weaver.loadtime.Aj  - 16:58:02.436 main &gt; org.aspectj.weaver.loadtime.Aj.preProcess org.aspectj.weaver.loadtime.Aj@58027738 org/hibernate/secure/JACCPreInsertEventListener, byte[1737], org.springframework.test.jpa.OrmXmlOverridingShadowingClassLoader@2bbf1be2
2916 [main] DEBUG org.aspectj.weaver.loadtime.Aj  - 16:58:02.436 main - org.aspectj.weaver.loadtime.Aj.preProcess org.aspectj.weaver.loadtime.Aj@58027738 sun.misc.Launcher$AppClassLoader@302b2c81, org.springframework.test.jpa.OrmXmlOverridingShadowingClassLoader@2bbf1be2
2916 [main] DEBUG org.aspectj.weaver.tools.WeavingAdaptor  - 16:58:02.436 main &gt; org.aspectj.weaver.tools.WeavingAdaptor.weaveClass org.aspectj.weaver.loadtime.ClassLoaderWeavingAdaptor@10b090ac org/hibernate/secure/JACCPreInsertEventListener, byte[1737]
2916 [main] DEBUG org.aspectj.weaver.tools.WeavingAdaptor  - 16:58:02.436 main &lt; org.aspectj.weaver.tools.WeavingAdaptor.weaveClass false
2916 [main] DEBUG org.aspectj.weaver.loadtime.Aj  - 16:58:02.436 main &lt; org.aspectj.weaver.loadtime.Aj.preProcess byte[1737]
2916 [main] DEBUG org.aspectj.weaver.loadtime.Aj  - 16:58:02.436 main &gt; org.aspectj.weaver.loadtime.Aj.preProcess org.aspectj.weaver.loadtime.Aj@58027738 org/hibernate/event/Initializable, byte[187], org.springframework.test.jpa.OrmXmlOverridingShadowingClassLoader@2bbf1be2
2916 [main] DEBUG org.aspectj.weaver.loadtime.Aj  - 16:58:02.436 main - org.aspectj.weaver.loadtime.Aj.preProcess org.aspectj.weaver.loadtime.Aj@58027738 sun.misc.Launcher$AppClassLoader@302b2c81, org.springframework.test.jpa.OrmXmlOverridingShadowingClassLoader@2bbf1be2
2917 [main] DEBUG org.aspectj.weaver.tools.WeavingAdaptor  - 16:58:02.437 main &gt; org.aspectj.weaver.tools.WeavingAdaptor.weaveClass org.aspectj.weaver.loadtime.ClassLoaderWeavingAdaptor@10b090ac org/hibernate/event/Initializable, byte[187]
2917 [main] DEBUG org.aspectj.weaver.tools.WeavingAdaptor  - 16:58:02.437 main &lt; org.aspectj.weaver.tools.WeavingAdaptor.weaveClass false
2917 [main] DEBUG org.aspectj.weaver.loadtime.Aj  - 16:58:02.437 main &lt; org.aspectj.weaver.loadtime.Aj.preProcess byte[187]
2917 [main] DEBUG org.aspectj.weaver.loadtime.Aj  - 16:58:02.437 main &gt; org.aspectj.weaver.loadtime.Aj.preProcess org.aspectj.weaver.loadtime.Aj@58027738 org/hibernate/secure/JACCSecurityListener, byte[142], org.springframework.test.jpa.OrmXmlOverridingShadowingClassLoader@2bbf1be2
2917 [main] DEBUG org.aspectj.weaver.loadtime.Aj  - 16:58:02.437 main - org.aspectj.weaver.loadtime.Aj.preProcess org.aspectj.weaver.loadtime.Aj@58027738 sun.misc.Launcher$AppClassLoader@302b2c81, org.springframework.test.jpa.OrmXmlOverridingShadowingClassLoader@2bbf1be2
2917 [main] DEBUG org.aspectj.weaver.tools.WeavingAdaptor  - 16:58:02.437 main &gt; org.aspectj.weaver.tools.WeavingAdaptor.weaveClass org.aspectj.weaver.loadtime.ClassLoaderWeavingAdaptor@10b090ac org/hibernate/secure/JACCSecurityListener, byte[142]
2917 [main] DEBUG org.aspectj.weaver.tools.WeavingAdaptor  - 16:58:02.437 main &lt; org.aspectj.weaver.tools.WeavingAdaptor.weaveClass false
2917 [main] DEBUG org.aspectj.weaver.loadtime.Aj  - 16:58:02.437 main &lt; org.aspectj.weaver.loadtime.Aj.preProcess byte[142]
2917 [main] DEBUG org.aspectj.weaver.loadtime.Aj  - 16:58:02.437 main &gt; org.aspectj.weaver.loadtime.Aj.preProcess org.aspectj.weaver.loadtime.Aj@58027738 org/hibernate/secure/JACCPreUpdateEventListener, byte[1737], org.springframework.test.jpa.OrmXmlOverridingShadowingClassLoader@2bbf1be2
2917 [main] DEBUG org.aspectj.weaver.loadtime.Aj  - 16:58:02.437 main - org.aspectj.weaver.loadtime.Aj.preProcess org.aspectj.weaver.loadtime.Aj@58027738 sun.misc.Launcher$AppClassLoader@302b2c81, org.springframework.test.jpa.OrmXmlOverridingShadowingClassLoader@2bbf1be2
2917 [main] DEBUG org.aspectj.weaver.tools.WeavingAdaptor  - 16:58:02.437 main &gt; org.aspectj.weaver.tools.WeavingAdaptor.weaveClass org.aspectj.weaver.loadtime.ClassLoaderWeavingAdaptor@10b090ac org/hibernate/secure/JACCPreUpdateEventListener, byte[1737]
2917 [main] DEBUG org.aspectj.weaver.tools.WeavingAdaptor  - 16:58:02.437 main &lt; org.aspectj.weaver.tools.WeavingAdaptor.weaveClass false
2918 [main] DEBUG org.aspectj.weaver.loadtime.Aj  - 16:58:02.437 main &lt; org.aspectj.weaver.loadtime.Aj.preProcess byte[1737]
2918 [main] DEBUG org.aspectj.weaver.loadtime.Aj  - 16:58:02.438 main &gt; org.aspectj.weaver.loadtime.Aj.preProcess org.aspectj.weaver.loadtime.Aj@58027738 org/hibernate/secure/JACCPreDeleteEventListener, byte[1737], org.springframework.test.jpa.OrmXmlOverridingShadowingClassLoader@2bbf1be2
2918 [main] DEBUG org.aspectj.weaver.loadtime.Aj  - 16:58:02.438 main - org.aspectj.weaver.loadtime.Aj.preProcess org.aspectj.weaver.loadtime.Aj@58027738 sun.misc.Launcher$AppClassLoader@302b2c81, org.springframework.test.jpa.OrmXmlOverridingShadowingClassLoader@2bbf1be2
2918 [main] DEBUG org.aspectj.weaver.tools.WeavingAdaptor  - 16:58:02.438 main &gt; org.aspectj.weaver.tools.WeavingAdaptor.weaveClass org.aspectj.weaver.loadtime.ClassLoaderWeavingAdaptor@10b090ac org/hibernate/secure/JACCPreDeleteEventListener, byte[1737]
2918 [main] DEBUG org.aspectj.weaver.tools.WeavingAdaptor  - 16:58:02.438 main &lt; org.aspectj.weaver.tools.WeavingAdaptor.weaveClass false
2918 [main] DEBUG org.aspectj.weaver.loadtime.Aj  - 16:58:02.438 main &lt; org.aspectj.weaver.loadtime.Aj.preProcess byte[1737]
2918 [main] DEBUG org.aspectj.weaver.loadtime.Aj  - 16:58:02.438 main &gt; org.aspectj.weaver.loadtime.Aj.preProcess org.aspectj.weaver.loadtime.Aj@58027738 org/hibernate/secure/JACCPreLoadEventListener, byte[1716], org.springframework.test.jpa.OrmXmlOverridingShadowingClassLoader@2bbf1be2
2918 [main] DEBUG org.aspectj.weaver.loadtime.Aj  - 16:58:02.438 main - org.aspectj.weaver.loadtime.Aj.preProcess org.aspectj.weaver.loadtime.Aj@58027738 sun.misc.Launcher$AppClassLoader@302b2c81, org.springframework.test.jpa.OrmXmlOverridingShadowingClassLoader@2bbf1be2
2918 [main] DEBUG org.aspectj.weaver.tools.WeavingAdaptor  - 16:58:02.438 main &gt; org.aspectj.weaver.tools.WeavingAdaptor.weaveClass org.aspectj.weaver.loadtime.ClassLoaderWeavingAdaptor@10b090ac org/hibernate/secure/JACCPreLoadEventListener, byte[1716]
2918 [main] DEBUG org.aspectj.weaver.tools.WeavingAdaptor  - 16:58:02.438 main &lt; org.aspectj.weaver.tools.WeavingAdaptor.weaveClass false
2919 [main] DEBUG org.aspectj.weaver.loadtime.Aj  - 16:58:02.439 main &lt; org.aspectj.weaver.loadtime.Aj.preProcess byte[1716]
2919 [main] DEBUG org.aspectj.weaver.loadtime.Aj  - 16:58:02.439 main &gt; org.aspectj.weaver.loadtime.Aj.preProcess org.aspectj.weaver.loadtime.Aj@58027738 org/hibernate/ejb/event/EJB3PostDeleteEventListener, byte[1203], org.springframework.test.jpa.OrmXmlOverridingShadowingClassLoader@2bbf1be2
2919 [main] DEBUG org.aspectj.weaver.loadtime.Aj  - 16:58:02.439 main - org.aspectj.weaver.loadtime.Aj.preProcess org.aspectj.weaver.loadtime.Aj@58027738 sun.misc.Launcher$AppClassLoader@302b2c81, org.springframework.test.jpa.OrmXmlOverridingShadowingClassLoader@2bbf1be2
2919 [main] DEBUG org.aspectj.weaver.tools.WeavingAdaptor  - 16:58:02.439 main &gt; org.aspectj.weaver.tools.WeavingAdaptor.weaveClass org.aspectj.weaver.loadtime.ClassLoaderWeavingAdaptor@10b090ac org/hibernate/ejb/event/EJB3PostDeleteEventListener, byte[1203]
2919 [main] DEBUG org.aspectj.weaver.tools.WeavingAdaptor  - 16:58:02.439 main &lt; org.aspectj.weaver.tools.WeavingAdaptor.weaveClass false
2919 [main] DEBUG org.aspectj.weaver.loadtime.Aj  - 16:58:02.439 main &lt; org.aspectj.weaver.loadtime.Aj.preProcess byte[1203]
2919 [main] DEBUG org.aspectj.weaver.loadtime.Aj  - 16:58:02.439 main &gt; org.aspectj.weaver.loadtime.Aj.preProcess org.aspectj.weaver.loadtime.Aj@58027738 org/hibernate/ejb/event/EJB3PostInsertEventListener, byte[1203], org.springframework.test.jpa.OrmXmlOverridingShadowingClassLoader@2bbf1be2
2919 [main] DEBUG org.aspectj.weaver.loadtime.Aj  - 16:58:02.439 main - org.aspectj.weaver.loadtime.Aj.preProcess org.aspectj.weaver.loadtime.Aj@58027738 sun.misc.Launcher$AppClassLoader@302b2c81, org.springframework.test.jpa.OrmXmlOverridingShadowingClassLoader@2bbf1be2
2919 [main] DEBUG org.aspectj.weaver.tools.WeavingAdaptor  - 16:58:02.439 main &gt; org.aspectj.weaver.tools.WeavingAdaptor.weaveClass org.aspectj.weaver.loadtime.ClassLoaderWeavingAdaptor@10b090ac org/hibernate/ejb/event/EJB3PostInsertEventListener, byte[1203]
2919 [main] DEBUG org.aspectj.weaver.tools.WeavingAdaptor  - 16:58:02.439 main &lt; org.aspectj.weaver.tools.WeavingAdaptor.weaveClass false
2920 [main] DEBUG org.aspectj.weaver.loadtime.Aj  - 16:58:02.440 main &lt; org.aspectj.weaver.loadtime.Aj.preProcess byte[1203]
2920 [main] DEBUG org.aspectj.weaver.loadtime.Aj  - 16:58:02.440 main &gt; org.aspectj.weaver.loadtime.Aj.preProcess org.aspectj.weaver.loadtime.Aj@58027738 org/hibernate/ejb/event/EJB3PostLoadEventListener, byte[1185], org.springframework.test.jpa.OrmXmlOverridingShadowingClassLoader@2bbf1be2
2920 [main] DEBUG org.aspectj.weaver.loadtime.Aj  - 16:58:02.440 main - org.aspectj.weaver.loadtime.Aj.preProcess org.aspectj.weaver.loadtime.Aj@58027738 sun.misc.Launcher$AppClassLoader@302b2c81, org.springframework.test.jpa.OrmXmlOverridingShadowingClassLoader@2bbf1be2
2920 [main] DEBUG org.aspectj.weaver.tools.WeavingAdaptor  - 16:58:02.440 main &gt; org.aspectj.weaver.tools.WeavingAdaptor.weaveClass org.aspectj.weaver.loadtime.ClassLoaderWeavingAdaptor@10b090ac org/hibernate/ejb/event/EJB3PostLoadEventListener, byte[1185]
2920 [main] DEBUG org.aspectj.weaver.tools.WeavingAdaptor  - 16:58:02.440 main &lt; org.aspectj.weaver.tools.WeavingAdaptor.weaveClass false
2920 [main] DEBUG org.aspectj.weaver.loadtime.Aj  - 16:58:02.440 main &lt; org.aspectj.weaver.loadtime.Aj.preProcess byte[1185]
2920 [main] DEBUG org.aspectj.weaver.loadtime.Aj  - 16:58:02.440 main &gt; org.aspectj.weaver.loadtime.Aj.preProcess org.aspectj.weaver.loadtime.Aj@58027738 org/hibernate/ejb/event/EJB3PostUpdateEventListener, byte[1827], org.springframework.test.jpa.OrmXmlOverridingShadowingClassLoader@2bbf1be2
2920 [main] DEBUG org.aspectj.weaver.loadtime.Aj  - 16:58:02.440 main - org.aspectj.weaver.loadtime.Aj.preProcess org.aspectj.weaver.loadtime.Aj@58027738 sun.misc.Launcher$AppClassLoader@302b2c81, org.springframework.test.jpa.OrmXmlOverridingShadowingClassLoader@2bbf1be2
2921 [main] DEBUG org.aspectj.weaver.tools.WeavingAdaptor  - 16:58:02.440 main &gt; org.aspectj.weaver.tools.WeavingAdaptor.weaveClass org.aspectj.weaver.loadtime.ClassLoaderWeavingAdaptor@10b090ac org/hibernate/ejb/event/EJB3PostUpdateEventListener, byte[1827]
2921 [main] DEBUG org.aspectj.weaver.tools.WeavingAdaptor  - 16:58:02.441 main &lt; org.aspectj.weaver.tools.WeavingAdaptor.weaveClass false
2921 [main] DEBUG org.aspectj.weaver.loadtime.Aj  - 16:58:02.441 main &lt; org.aspectj.weaver.loadtime.Aj.preProcess byte[1827]
2921 [main] DEBUG org.aspectj.weaver.loadtime.Aj  - 16:58:02.441 main &gt; org.aspectj.weaver.loadtime.Aj.preProcess org.aspectj.weaver.loadtime.Aj@58027738 org/hibernate/ejb/packaging/Filter, byte[447], org.springframework.test.jpa.OrmXmlOverridingShadowingClassLoader@2bbf1be2
2921 [main] DEBUG org.aspectj.weaver.loadtime.Aj  - 16:58:02.441 main - org.aspectj.weaver.loadtime.Aj.preProcess org.aspectj.weaver.loadtime.Aj@58027738 sun.misc.Launcher$AppClassLoader@302b2c81, org.springframework.test.jpa.OrmXmlOverridingShadowingClassLoader@2bbf1be2
2921 [main] DEBUG org.aspectj.weaver.tools.WeavingAdaptor  - 16:58:02.441 main &gt; org.aspectj.weaver.tools.WeavingAdaptor.weaveClass org.aspectj.weaver.loadtime.ClassLoaderWeavingAdaptor@10b090ac org/hibernate/ejb/packaging/Filter, byte[447]
2921 [main] DEBUG org.aspectj.weaver.tools.WeavingAdaptor  - 16:58:02.441 main &lt; org.aspectj.weaver.tools.WeavingAdaptor.weaveClass false
2921 [main] DEBUG org.aspectj.weaver.loadtime.Aj  - 16:58:02.441 main &lt; org.aspectj.weaver.loadtime.Aj.preProcess byte[447]
2922 [main] DEBUG org.aspectj.weaver.loadtime.Aj  - 16:58:02.442 main &gt; org.aspectj.weaver.loadtime.Aj.preProcess org.aspectj.weaver.loadtime.Aj@58027738 org/hibernate/ejb/Ejb3Configuration$1, byte[873], org.springframework.test.jpa.OrmXmlOverridingShadowingClassLoader@2bbf1be2
2922 [main] DEBUG org.aspectj.weaver.loadtime.Aj  - 16:58:02.442 main - org.aspectj.weaver.loadtime.Aj.preProcess org.aspectj.weaver.loadtime.Aj@58027738 sun.misc.Launcher$AppClassLoader@302b2c81, org.springframework.test.jpa.OrmXmlOverridingShadowingClassLoader@2bbf1be2
2922 [main] DEBUG org.aspectj.weaver.tools.WeavingAdaptor  - 16:58:02.442 main &gt; org.aspectj.weaver.tools.WeavingAdaptor.weaveClass org.aspectj.weaver.loadtime.ClassLoaderWeavingAdaptor@10b090ac org/hibernate/ejb/Ejb3Configuration$1, byte[873]
2922 [main] DEBUG org.aspectj.weaver.tools.WeavingAdaptor  - 16:58:02.442 main &lt; org.aspectj.weaver.tools.WeavingAdaptor.weaveClass false
2922 [main] DEBUG org.aspectj.weaver.loadtime.Aj  - 16:58:02.442 main &lt; org.aspectj.weaver.loadtime.Aj.preProcess byte[873]
2922 [main] DEBUG org.aspectj.weaver.loadtime.Aj  - 16:58:02.442 main &gt; org.aspectj.weaver.loadtime.Aj.preProcess org.aspectj.weaver.loadtime.Aj@58027738 org/hibernate/ejb/packaging/PackageFilter, byte[450], org.springframework.test.jpa.OrmXmlOverridingShadowingClassLoader@2bbf1be2
2922 [main] DEBUG org.aspectj.weaver.loadtime.Aj  - 16:58:02.442 main - org.aspectj.weaver.loadtime.Aj.preProcess org.aspectj.weaver.loadtime.Aj@58027738 sun.misc.Launcher$AppClassLoader@302b2c81, org.springframework.test.jpa.OrmXmlOverridingShadowingClassLoader@2bbf1be2
2922 [main] DEBUG org.aspectj.weaver.tools.WeavingAdaptor  - 16:58:02.442 main &gt; org.aspectj.weaver.tools.WeavingAdaptor.weaveClass org.aspectj.weaver.loadtime.ClassLoaderWeavingAdaptor@10b090ac org/hibernate/ejb/packaging/PackageFilter, byte[450]
2922 [main] DEBUG org.aspectj.weaver.tools.WeavingAdaptor  - 16:58:02.442 main &lt; org.aspectj.weaver.tools.WeavingAdaptor.weaveClass false
2922 [main] DEBUG org.aspectj.weaver.loadtime.Aj  - 16:58:02.442 main &lt; org.aspectj.weaver.loadtime.Aj.preProcess byte[450]
2923 [main] DEBUG org.aspectj.weaver.loadtime.Aj  - 16:58:02.443 main &gt; org.aspectj.weaver.loadtime.Aj.preProcess org.aspectj.weaver.loadtime.Aj@58027738 org/hibernate/ejb/packaging/JavaElementFilter, byte[658], org.springframework.test.jpa.OrmXmlOverridingShadowingClassLoader@2bbf1be2
2923 [main] DEBUG org.aspectj.weaver.loadtime.Aj  - 16:58:02.443 main - org.aspectj.weaver.loadtime.Aj.preProcess org.aspectj.weaver.loadtime.Aj@58027738 sun.misc.Launcher$AppClassLoader@302b2c81, org.springframework.test.jpa.OrmXmlOverridingShadowingClassLoader@2bbf1be2
2923 [main] DEBUG org.aspectj.weaver.tools.WeavingAdaptor  - 16:58:02.443 main &gt; org.aspectj.weaver.tools.WeavingAdaptor.weaveClass org.aspectj.weaver.loadtime.ClassLoaderWeavingAdaptor@10b090ac org/hibernate/ejb/packaging/JavaElementFilter, byte[658]
2923 [main] DEBUG org.aspectj.weaver.tools.WeavingAdaptor  - 16:58:02.443 main &lt; org.aspectj.weaver.tools.WeavingAdaptor.weaveClass false
2923 [main] DEBUG org.aspectj.weaver.loadtime.Aj  - 16:58:02.443 main &lt; org.aspectj.weaver.loadtime.Aj.preProcess byte[658]
2923 [main] DEBUG org.aspectj.weaver.loadtime.Aj  - 16:58:02.443 main &gt; org.aspectj.weaver.loadtime.Aj.preProcess org.aspectj.weaver.loadtime.Aj@58027738 org/hibernate/ejb/Ejb3Configuration$2, byte[871], org.springframework.test.jpa.OrmXmlOverridingShadowingClassLoader@2bbf1be2
2923 [main] DEBUG org.aspectj.weaver.loadtime.Aj  - 16:58:02.443 main - org.aspectj.weaver.loadtime.Aj.preProcess org.aspectj.weaver.loadtime.Aj@58027738 sun.misc.Launcher$AppClassLoader@302b2c81, org.springframework.test.jpa.OrmXmlOverridingShadowingClassLoader@2bbf1be2
2923 [main] DEBUG org.aspectj.weaver.tools.WeavingAdaptor  - 16:58:02.443 main &gt; org.aspectj.weaver.tools.WeavingAdaptor.weaveClass org.aspectj.weaver.loadtime.ClassLoaderWeavingAdaptor@10b090ac org/hibernate/ejb/Ejb3Configuration$2, byte[871]
2923 [main] DEBUG org.aspectj.weaver.tools.WeavingAdaptor  - 16:58:02.443 main &lt; org.aspectj.weaver.tools.WeavingAdaptor.weaveClass false
2923 [main] DEBUG org.aspectj.weaver.loadtime.Aj  - 16:58:02.443 main &lt; org.aspectj.weaver.loadtime.Aj.preProcess byte[871]
2924 [main] DEBUG org.aspectj.weaver.loadtime.Aj  - 16:58:02.444 main &gt; org.aspectj.weaver.loadtime.Aj.preProcess org.aspectj.weaver.loadtime.Aj@58027738 org/hibernate/ejb/packaging/ClassFilter, byte[444], org.springframework.test.jpa.OrmXmlOverridingShadowingClassLoader@2bbf1be2
2924 [main] DEBUG org.aspectj.weaver.loadtime.Aj  - 16:58:02.444 main - org.aspectj.weaver.loadtime.Aj.preProcess org.aspectj.weaver.loadtime.Aj@58027738 sun.misc.Launcher$AppClassLoader@302b2c81, org.springframework.test.jpa.OrmXmlOverridingShadowingClassLoader@2bbf1be2
2924 [main] DEBUG org.aspectj.weaver.tools.WeavingAdaptor  - 16:58:02.444 main &gt; org.aspectj.weaver.tools.WeavingAdaptor.weaveClass org.aspectj.weaver.loadtime.ClassLoaderWeavingAdaptor@10b090ac org/hibernate/ejb/packaging/ClassFilter, byte[444]
2924 [main] DEBUG org.aspectj.weaver.tools.WeavingAdaptor  - 16:58:02.444 main &lt; org.aspectj.weaver.tools.WeavingAdaptor.weaveClass false
2924 [main] DEBUG org.aspectj.weaver.loadtime.Aj  - 16:58:02.444 main &lt; org.aspectj.weaver.loadtime.Aj.preProcess byte[444]
2925 [main] DEBUG org.aspectj.weaver.loadtime.Aj  - 16:58:02.445 main &gt; org.aspectj.weaver.loadtime.Aj.preProcess org.aspectj.weaver.loadtime.Aj@58027738 org/hibernate/ejb/Ejb3Configuration$3, byte[1223], org.springframework.test.jpa.OrmXmlOverridingShadowingClassLoader@2bbf1be2
2925 [main] DEBUG org.aspectj.weaver.loadtime.Aj  - 16:58:02.445 main - org.aspectj.weaver.loadtime.Aj.preProcess org.aspectj.weaver.loadtime.Aj@58027738 sun.misc.Launcher$AppClassLoader@302b2c81, org.springframework.test.jpa.OrmXmlOverridingShadowingClassLoader@2bbf1be2
2925 [main] DEBUG org.aspectj.weaver.tools.WeavingAdaptor  - 16:58:02.445 main &gt; org.aspectj.weaver.tools.WeavingAdaptor.weaveClass org.aspectj.weaver.loadtime.ClassLoaderWeavingAdaptor@10b090ac org/hibernate/ejb/Ejb3Configuration$3, byte[1223]
2925 [main] DEBUG org.aspectj.weaver.tools.WeavingAdaptor  - 16:58:02.445 main &lt; org.aspectj.weaver.tools.WeavingAdaptor.weaveClass false
2925 [main] DEBUG org.aspectj.weaver.loadtime.Aj  - 16:58:02.445 main &lt; org.aspectj.weaver.loadtime.Aj.preProcess byte[1223]
2925 [main] DEBUG org.aspectj.weaver.loadtime.Aj  - 16:58:02.445 main &gt; org.aspectj.weaver.loadtime.Aj.preProcess org.aspectj.weaver.loadtime.Aj@58027738 org/hibernate/ejb/packaging/FileFilter, byte[407], org.springframework.test.jpa.OrmXmlOverridingShadowingClassLoader@2bbf1be2
2925 [main] DEBUG org.aspectj.weaver.loadtime.Aj  - 16:58:02.445 main - org.aspectj.weaver.loadtime.Aj.preProcess org.aspectj.weaver.loadtime.Aj@58027738 sun.misc.Launcher$AppClassLoader@302b2c81, org.springframework.test.jpa.OrmXmlOverridingShadowingClassLoader@2bbf1be2
2925 [main] DEBUG org.aspectj.weaver.tools.WeavingAdaptor  - 16:58:02.445 main &gt; org.aspectj.weaver.tools.WeavingAdaptor.weaveClass org.aspectj.weaver.loadtime.ClassLoaderWeavingAdaptor@10b090ac org/hibernate/ejb/packaging/FileFilter, byte[407]
2925 [main] DEBUG org.aspectj.weaver.tools.WeavingAdaptor  - 16:58:02.445 main &lt; org.aspectj.weaver.tools.WeavingAdaptor.weaveClass false
2925 [main] DEBUG org.aspectj.weaver.loadtime.Aj  - 16:58:02.445 main &lt; org.aspectj.weaver.loadtime.Aj.preProcess byte[407]
2926 [main] DEBUG org.aspectj.weaver.loadtime.Aj  - 16:58:02.446 main &gt; org.aspectj.weaver.loadtime.Aj.preProcess org.aspectj.weaver.loadtime.Aj@58027738 org/hibernate/ejb/packaging/JarVisitorFactory, byte[4654], org.springframework.test.jpa.OrmXmlOverridingShadowingClassLoader@2bbf1be2
2926 [main] DEBUG org.aspectj.weaver.loadtime.Aj  - 16:58:02.446 main - org.aspectj.weaver.loadtime.Aj.preProcess org.aspectj.weaver.loadtime.Aj@58027738 sun.misc.Launcher$AppClassLoader@302b2c81, org.springframework.test.jpa.OrmXmlOverridingShadowingClassLoader@2bbf1be2
2926 [main] DEBUG org.aspectj.weaver.tools.WeavingAdaptor  - 16:58:02.446 main &gt; org.aspectj.weaver.tools.WeavingAdaptor.weaveClass org.aspectj.weaver.loadtime.ClassLoaderWeavingAdaptor@10b090ac org/hibernate/ejb/packaging/JarVisitorFactory, byte[4654]
2926 [main] DEBUG org.aspectj.weaver.tools.WeavingAdaptor  - 16:58:02.446 main &lt; org.aspectj.weaver.tools.WeavingAdaptor.weaveClass false
2926 [main] DEBUG org.aspectj.weaver.loadtime.Aj  - 16:58:02.446 main &lt; org.aspectj.weaver.loadtime.Aj.preProcess byte[4654]
2926 [main] DEBUG org.aspectj.weaver.loadtime.Aj  - 16:58:02.446 main &gt; org.aspectj.weaver.loadtime.Aj.preProcess org.aspectj.weaver.loadtime.Aj@58027738 org/hibernate/ejb/packaging/JarVisitor, byte[345], org.springframework.test.jpa.OrmXmlOverridingShadowingClassLoader@2bbf1be2
2926 [main] DEBUG org.aspectj.weaver.loadtime.Aj  - 16:58:02.446 main - org.aspectj.weaver.loadtime.Aj.preProcess org.aspectj.weaver.loadtime.Aj@58027738 sun.misc.Launcher$AppClassLoader@302b2c81, org.springframework.test.jpa.OrmXmlOverridingShadowingClassLoader@2bbf1be2
2926 [main] DEBUG org.aspectj.weaver.tools.WeavingAdaptor  - 16:58:02.446 main &gt; org.aspectj.weaver.tools.WeavingAdaptor.weaveClass org.aspectj.weaver.loadtime.ClassLoaderWeavingAdaptor@10b090ac org/hibernate/ejb/packaging/JarVisitor, byte[345]
2926 [main] DEBUG org.aspectj.weaver.tools.WeavingAdaptor  - 16:58:02.446 main &lt; org.aspectj.weaver.tools.WeavingAdaptor.weaveClass false
2926 [main] DEBUG org.aspectj.weaver.loadtime.Aj  - 16:58:02.446 main &lt; org.aspectj.weaver.loadtime.Aj.preProcess byte[345]
2927 [main] DEBUG org.aspectj.weaver.loadtime.Aj  - 16:58:02.447 main &gt; org.aspectj.weaver.loadtime.Aj.preProcess org.aspectj.weaver.loadtime.Aj@58027738 org/hibernate/ejb/packaging/ExplodedJarVisitor, byte[4188], org.springframework.test.jpa.OrmXmlOverridingShadowingClassLoader@2bbf1be2
2927 [main] DEBUG org.aspectj.weaver.loadtime.Aj  - 16:58:02.447 main - org.aspectj.weaver.loadtime.Aj.preProcess org.aspectj.weaver.loadtime.Aj@58027738 sun.misc.Launcher$AppClassLoader@302b2c81, org.springframework.test.jpa.OrmXmlOverridingShadowingClassLoader@2bbf1be2
2927 [main] DEBUG org.aspectj.weaver.tools.WeavingAdaptor  - 16:58:02.447 main &gt; org.aspectj.weaver.tools.WeavingAdaptor.weaveClass org.aspectj.weaver.loadtime.ClassLoaderWeavingAdaptor@10b090ac org/hibernate/ejb/packaging/ExplodedJarVisitor, byte[4188]
2927 [main] DEBUG org.aspectj.weaver.tools.WeavingAdaptor  - 16:58:02.447 main &lt; org.aspectj.weaver.tools.WeavingAdaptor.weaveClass false
2927 [main] DEBUG org.aspectj.weaver.loadtime.Aj  - 16:58:02.447 main &lt; org.aspectj.weaver.loadtime.Aj.preProcess byte[4188]
2928 [main] DEBUG org.aspectj.weaver.loadtime.Aj  - 16:58:02.448 main &gt; org.aspectj.weaver.loadtime.Aj.preProcess org.aspectj.weaver.loadtime.Aj@58027738 org/hibernate/ejb/packaging/AbstractJarVisitor, byte[8169], org.springframework.test.jpa.OrmXmlOverridingShadowingClassLoader@2bbf1be2
2928 [main] DEBUG org.aspectj.weaver.loadtime.Aj  - 16:58:02.448 main - org.aspectj.weaver.loadtime.Aj.preProcess org.aspectj.weaver.loadtime.Aj@58027738 sun.misc.Launcher$AppClassLoader@302b2c81, org.springframework.test.jpa.OrmXmlOverridingShadowingClassLoader@2bbf1be2
2928 [main] DEBUG org.aspectj.weaver.tools.WeavingAdaptor  - 16:58:02.448 main &gt; org.aspectj.weaver.tools.WeavingAdaptor.weaveClass org.aspectj.weaver.loadtime.ClassLoaderWeavingAdaptor@10b090ac org/hibernate/ejb/packaging/AbstractJarVisitor, byte[8169]
2928 [main] DEBUG org.aspectj.weaver.tools.WeavingAdaptor  - 16:58:02.448 main &lt; org.aspectj.weaver.tools.WeavingAdaptor.weaveClass false
2928 [main] DEBUG org.aspectj.weaver.loadtime.Aj  - 16:58:02.448 main &lt; org.aspectj.weaver.loadtime.Aj.preProcess byte[8169]
2930 [main] DEBUG org.aspectj.weaver.loadtime.Aj  - 16:58:02.450 main &gt; org.aspectj.weaver.loadtime.Aj.preProcess org.aspectj.weaver.loadtime.Aj@58027738 javassist/bytecode/ClassFile, byte[12950], org.springframework.test.jpa.OrmXmlOverridingShadowingClassLoader@2bbf1be2
2930 [main] DEBUG org.aspectj.weaver.loadtime.Aj  - 16:58:02.450 main - org.aspectj.weaver.loadtime.Aj.preProcess org.aspectj.weaver.loadtime.Aj@58027738 sun.misc.Launcher$AppClassLoader@302b2c81, org.springframework.test.jpa.OrmXmlOverridingShadowingClassLoader@2bbf1be2
2930 [main] DEBUG org.aspectj.weaver.tools.WeavingAdaptor  - 16:58:02.450 main &gt; org.aspectj.weaver.tools.WeavingAdaptor.weaveClass org.aspectj.weaver.loadtime.ClassLoaderWeavingAdaptor@10b090ac javassist/bytecode/ClassFile, byte[12950]
2930 [main] DEBUG org.aspectj.weaver.tools.WeavingAdaptor  - 16:58:02.450 main &lt; org.aspectj.weaver.tools.WeavingAdaptor.weaveClass false
2930 [main] DEBUG org.aspectj.weaver.loadtime.Aj  - 16:58:02.450 main &lt; org.aspectj.weaver.loadtime.Aj.preProcess byte[12950]
2931 [main] DEBUG org.aspectj.weaver.loadtime.Aj  - 16:58:02.451 main &gt; org.aspectj.weaver.loadtime.Aj.preProcess org.aspectj.weaver.loadtime.Aj@58027738 javassist/bytecode/BadBytecode, byte[682], org.springframework.test.jpa.OrmXmlOverridingShadowingClassLoader@2bbf1be2
2931 [main] DEBUG org.aspectj.weaver.loadtime.Aj  - 16:58:02.451 main - org.aspectj.weaver.loadtime.Aj.preProcess org.aspectj.weaver.loadtime.Aj@58027738 sun.misc.Launcher$AppClassLoader@302b2c81, org.springframework.test.jpa.OrmXmlOverridingShadowingClassLoader@2bbf1be2
2931 [main] DEBUG org.aspectj.weaver.tools.WeavingAdaptor  - 16:58:02.451 main &gt; org.aspectj.weaver.tools.WeavingAdaptor.weaveClass org.aspectj.weaver.loadtime.ClassLoaderWeavingAdaptor@10b090ac javassist/bytecode/BadBytecode, byte[682]
2931 [main] DEBUG org.aspectj.weaver.tools.WeavingAdaptor  - 16:58:02.451 main &lt; org.aspectj.weaver.tools.WeavingAdaptor.weaveClass false
2931 [main] DEBUG org.aspectj.weaver.loadtime.Aj  - 16:58:02.451 main &lt; org.aspectj.weaver.loadtime.Aj.preProcess byte[682]
2932 [main] DEBUG org.aspectj.weaver.loadtime.Aj  - 16:58:02.452 main &gt; org.aspectj.weaver.loadtime.Aj.preProcess org.aspectj.weaver.loadtime.Aj@58027738 javassist/CannotCompileException, byte[2229], org.springframework.test.jpa.OrmXmlOverridingShadowingClassLoader@2bbf1be2
2932 [main] DEBUG org.aspectj.weaver.loadtime.Aj  - 16:58:02.452 main - org.aspectj.weaver.loadtime.Aj.preProcess org.aspectj.weaver.loadtime.Aj@58027738 sun.misc.Launcher$AppClassLoader@302b2c81, org.springframework.test.jpa.OrmXmlOverridingShadowingClassLoader@2bbf1be2
2932 [main] DEBUG org.aspectj.weaver.tools.WeavingAdaptor  - 16:58:02.452 main &gt; org.aspectj.weaver.tools.WeavingAdaptor.weaveClass org.aspectj.weaver.loadtime.ClassLoaderWeavingAdaptor@10b090ac javassist/CannotCompileException, byte[2229]
2932 [main] DEBUG org.aspectj.weaver.tools.WeavingAdaptor  - 16:58:02.452 main &lt; org.aspectj.weaver.tools.WeavingAdaptor.weaveClass false
2932 [main] DEBUG org.aspectj.weaver.loadtime.Aj  - 16:58:02.452 main &lt; org.aspectj.weaver.loadtime.Aj.preProcess byte[2229]
2933 [main] DEBUG org.aspectj.weaver.loadtime.Aj  - 16:58:02.453 main &gt; org.aspectj.weaver.loadtime.Aj.preProcess org.aspectj.weaver.loadtime.Aj@58027738 javassist/bytecode/DuplicateMemberException, byte[411], org.springframework.test.jpa.OrmXmlOverridingShadowingClassLoader@2bbf1be2
2933 [main] DEBUG org.aspectj.weaver.loadtime.Aj  - 16:58:02.453 main - org.aspectj.weaver.loadtime.Aj.preProcess org.aspectj.weaver.loadtime.Aj@58027738 sun.misc.Launcher$AppClassLoader@302b2c81, org.springframework.test.jpa.OrmXmlOverridingShadowingClassLoader@2bbf1be2
2933 [main] DEBUG org.aspectj.weaver.tools.WeavingAdaptor  - 16:58:02.453 main &gt; org.aspectj.weaver.tools.WeavingAdaptor.weaveClass org.aspectj.weaver.loadtime.ClassLoaderWeavingAdaptor@10b090ac javassist/bytecode/DuplicateMemberException, byte[411]
2933 [main] DEBUG org.aspectj.weaver.tools.WeavingAdaptor  - 16:58:02.453 main &lt; org.aspectj.weaver.tools.WeavingAdaptor.weaveClass false
2933 [main] DEBUG org.aspectj.weaver.loadtime.Aj  - 16:58:02.453 main &lt; org.aspectj.weaver.loadtime.Aj.preProcess byte[411]
2934 [main] DEBUG org.aspectj.weaver.loadtime.Aj  - 16:58:02.454 main &gt; org.aspectj.weaver.loadtime.Aj.preProcess org.aspectj.weaver.loadtime.Aj@58027738 javassist/bytecode/ConstPool, byte[14230], org.springframework.test.jpa.OrmXmlOverridingShadowingClassLoader@2bbf1be2
2934 [main] DEBUG org.aspectj.weaver.loadtime.Aj  - 16:58:02.454 main - org.aspectj.weaver.loadtime.Aj.preProcess org.aspectj.weaver.loadtime.Aj@58027738 sun.misc.Launcher$AppClassLoader@302b2c81, org.springframework.test.jpa.OrmXmlOverridingShadowingClassLoader@2bbf1be2
2934 [main] DEBUG org.aspectj.weaver.tools.WeavingAdaptor  - 16:58:02.454 main &gt; org.aspectj.weaver.tools.WeavingAdaptor.weaveClass org.aspectj.weaver.loadtime.ClassLoaderWeavingAdaptor@10b090ac javassist/bytecode/ConstPool, byte[14230]
2934 [main] DEBUG org.aspectj.weaver.tools.WeavingAdaptor  - 16:58:02.454 main &lt; org.aspectj.weaver.tools.WeavingAdaptor.weaveClass false
2934 [main] DEBUG org.aspectj.weaver.loadtime.Aj  - 16:58:02.454 main &lt; org.aspectj.weaver.loadtime.Aj.preProcess byte[14230]
2935 [main] DEBUG org.aspectj.weaver.loadtime.Aj  - 16:58:02.455 main &gt; org.aspectj.weaver.loadtime.Aj.preProcess org.aspectj.weaver.loadtime.Aj@58027738 javassist/bytecode/ConstInfo, byte[1557], org.springframework.test.jpa.OrmXmlOverridingShadowingClassLoader@2bbf1be2
2935 [main] DEBUG org.aspectj.weaver.loadtime.Aj  - 16:58:02.455 main - org.aspectj.weaver.loadtime.Aj.preProcess org.aspectj.weaver.loadtime.Aj@58027738 sun.misc.Launcher$AppClassLoader@302b2c81, org.springframework.test.jpa.OrmXmlOverridingShadowingClassLoader@2bbf1be2
2935 [main] DEBUG org.aspectj.weaver.tools.WeavingAdaptor  - 16:58:02.455 main &gt; org.aspectj.weaver.tools.WeavingAdaptor.weaveClass org.aspectj.weaver.loadtime.ClassLoaderWeavingAdaptor@10b090ac javassist/bytecode/ConstInfo, byte[1557]
2935 [main] DEBUG org.aspectj.weaver.tools.WeavingAdaptor  - 16:58:02.455 main &lt; org.aspectj.weaver.tools.WeavingAdaptor.weaveClass false
2935 [main] DEBUG org.aspectj.weaver.loadtime.Aj  - 16:58:02.455 main &lt; org.aspectj.weaver.loadtime.Aj.preProcess byte[1557]
2935 [main] DEBUG org.aspectj.weaver.loadtime.Aj  - 16:58:02.455 main &gt; org.aspectj.weaver.loadtime.Aj.preProcess org.aspectj.weaver.loadtime.Aj@58027738 javassist/bytecode/ClassInfo, byte[3322], org.springframework.test.jpa.OrmXmlOverridingShadowingClassLoader@2bbf1be2
2935 [main] DEBUG org.aspectj.weaver.loadtime.Aj  - 16:58:02.455 main - org.aspectj.weaver.loadtime.Aj.preProcess org.aspectj.weaver.loadtime.Aj@58027738 sun.misc.Launcher$AppClassLoader@302b2c81, org.springframework.test.jpa.OrmXmlOverridingShadowingClassLoader@2bbf1be2
2935 [main] DEBUG org.aspectj.weaver.tools.WeavingAdaptor  - 16:58:02.455 main &gt; org.aspectj.weaver.tools.WeavingAdaptor.weaveClass org.aspectj.weaver.loadtime.ClassLoaderWeavingAdaptor@10b090ac javassist/bytecode/ClassInfo, byte[3322]
2935 [main] DEBUG org.aspectj.weaver.tools.WeavingAdaptor  - 16:58:02.455 main &lt; org.aspectj.weaver.tools.WeavingAdaptor.weaveClass false
2935 [main] DEBUG org.aspectj.weaver.loadtime.Aj  - 16:58:02.455 main &lt; org.aspectj.weaver.loadtime.Aj.preProcess byte[3322]
2936 [main] DEBUG org.aspectj.weaver.loadtime.Aj  - 16:58:02.456 main &gt; org.aspectj.weaver.loadtime.Aj.preProcess org.aspectj.weaver.loadtime.Aj@58027738 javassist/bytecode/InterfaceMethodrefInfo, byte[1067], org.springframework.test.jpa.OrmXmlOverridingShadowingClassLoader@2bbf1be2
2936 [main] DEBUG org.aspectj.weaver.loadtime.Aj  - 16:58:02.456 main - org.aspectj.weaver.loadtime.Aj.preProcess org.aspectj.weaver.loadtime.Aj@58027738 sun.misc.Launcher$AppClassLoader@302b2c81, org.springframework.test.jpa.OrmXmlOverridingShadowingClassLoader@2bbf1be2
2936 [main] DEBUG org.aspectj.weaver.tools.WeavingAdaptor  - 16:58:02.456 main &gt; org.aspectj.weaver.tools.WeavingAdaptor.weaveClass org.aspectj.weaver.loadtime.ClassLoaderWeavingAdaptor@10b090ac javassist/bytecode/InterfaceMethodrefInfo, byte[1067]
2936 [main] DEBUG org.aspectj.weaver.tools.WeavingAdaptor  - 16:58:02.456 main &lt; org.aspectj.weaver.tools.WeavingAdaptor.weaveClass false
2936 [main] DEBUG org.aspectj.weaver.loadtime.Aj  - 16:58:02.456 main &lt; org.aspectj.weaver.loadtime.Aj.preProcess byte[1067]
2936 [main] DEBUG org.aspectj.weaver.loadtime.Aj  - 16:58:02.456 main &gt; org.aspectj.weaver.loadtime.Aj.preProcess org.aspectj.weaver.loadtime.Aj@58027738 javassist/bytecode/MemberrefInfo, byte[1999], org.springframework.test.jpa.OrmXmlOverridingShadowingClassLoader@2bbf1be2
2936 [main] DEBUG org.aspectj.weaver.loadtime.Aj  - 16:58:02.456 main - org.aspectj.weaver.loadtime.Aj.preProcess org.aspectj.weaver.loadtime.Aj@58027738 sun.misc.Launcher$AppClassLoader@302b2c81, org.springframework.test.jpa.OrmXmlOverridingShadowingClassLoader@2bbf1be2
2937 [main] DEBUG org.aspectj.weaver.tools.WeavingAdaptor  - 16:58:02.457 main &gt; org.aspectj.weaver.tools.WeavingAdaptor.weaveClass org.aspectj.weaver.loadtime.ClassLoaderWeavingAdaptor@10b090ac javassist/bytecode/MemberrefInfo, byte[1999]
2937 [main] DEBUG org.aspectj.weaver.tools.WeavingAdaptor  - 16:58:02.457 main &lt; org.aspectj.weaver.tools.WeavingAdaptor.weaveClass false
2937 [main] DEBUG org.aspectj.weaver.loadtime.Aj  - 16:58:02.457 main &lt; org.aspectj.weaver.loadtime.Aj.preProcess byte[1999]
2937 [main] DEBUG org.aspectj.weaver.loadtime.Aj  - 16:58:02.457 main &gt; org.aspectj.weaver.loadtime.Aj.preProcess org.aspectj.weaver.loadtime.Aj@58027738 javassist/bytecode/IntegerInfo, byte[1542], org.springframework.test.jpa.OrmXmlOverridingShadowingClassLoader@2bbf1be2
2937 [main] DEBUG org.aspectj.weaver.loadtime.Aj  - 16:58:02.457 main - org.aspectj.weaver.loadtime.Aj.preProcess org.aspectj.weaver.loadtime.Aj@58027738 sun.misc.Launcher$AppClassLoader@302b2c81, org.springframework.test.jpa.OrmXmlOverridingShadowingClassLoader@2bbf1be2
2937 [main] DEBUG org.aspectj.weaver.tools.WeavingAdaptor  - 16:58:02.457 main &gt; org.aspectj.weaver.tools.WeavingAdaptor.weaveClass org.aspectj.weaver.loadtime.ClassLoaderWeavingAdaptor@10b090ac javassist/bytecode/IntegerInfo, byte[1542]
2937 [main] DEBUG org.aspectj.weaver.tools.WeavingAdaptor  - 16:58:02.457 main &lt; org.aspectj.weaver.tools.WeavingAdaptor.weaveClass false
2937 [main] DEBUG org.aspectj.weaver.loadtime.Aj  - 16:58:02.457 main &lt; org.aspectj.weaver.loadtime.Aj.preProcess byte[1542]
2938 [main] DEBUG org.aspectj.weaver.loadtime.Aj  - 16:58:02.458 main &gt; org.aspectj.weaver.loadtime.Aj.preProcess org.aspectj.weaver.loadtime.Aj@58027738 javassist/bytecode/MethodrefInfo, byte[1037], org.springframework.test.jpa.OrmXmlOverridingShadowingClassLoader@2bbf1be2
2938 [main] DEBUG org.aspectj.weaver.loadtime.Aj  - 16:58:02.458 main - org.aspectj.weaver.loadtime.Aj.preProcess org.aspectj.weaver.loadtime.Aj@58027738 sun.misc.Launcher$AppClassLoader@302b2c81, org.springframework.test.jpa.OrmXmlOverridingShadowingClassLoader@2bbf1be2
2938 [main] DEBUG org.aspectj.weaver.tools.WeavingAdaptor  - 16:58:02.458 main &gt; org.aspectj.weaver.tools.WeavingAdaptor.weaveClass org.aspectj.weaver.loadtime.ClassLoaderWeavingAdaptor@10b090ac javassist/bytecode/MethodrefInfo, byte[1037]
2938 [main] DEBUG org.aspectj.weaver.tools.WeavingAdaptor  - 16:58:02.458 main &lt; org.aspectj.weaver.tools.WeavingAdaptor.weaveClass false
2938 [main] DEBUG org.aspectj.weaver.loadtime.Aj  - 16:58:02.458 main &lt; org.aspectj.weaver.loadtime.Aj.preProcess byte[1037]
2938 [main] DEBUG org.aspectj.weaver.loadtime.Aj  - 16:58:02.458 main &gt; org.aspectj.weaver.loadtime.Aj.preProcess org.aspectj.weaver.loadtime.Aj@58027738 javassist/bytecode/FieldrefInfo, byte[1033], org.springframework.test.jpa.OrmXmlOverridingShadowingClassLoader@2bbf1be2
2938 [main] DEBUG org.aspectj.weaver.loadtime.Aj  - 16:58:02.458 main - org.aspectj.weaver.loadtime.Aj.preProcess org.aspectj.weaver.loadtime.Aj@58027738 sun.misc.Launcher$AppClassLoader@302b2c81, org.springframework.test.jpa.OrmXmlOverridingShadowingClassLoader@2bbf1be2
2938 [main] DEBUG org.aspectj.weaver.tools.WeavingAdaptor  - 16:58:02.458 main &gt; org.aspectj.weaver.tools.WeavingAdaptor.weaveClass org.aspectj.weaver.loadtime.ClassLoaderWeavingAdaptor@10b090ac javassist/bytecode/FieldrefInfo, byte[1033]
2938 [main] DEBUG org.aspectj.weaver.tools.WeavingAdaptor  - 16:58:02.458 main &lt; org.aspectj.weaver.tools.WeavingAdaptor.weaveClass false
2938 [main] DEBUG org.aspectj.weaver.loadtime.Aj  - 16:58:02.458 main &lt; org.aspectj.weaver.loadtime.Aj.preProcess byte[1033]
2939 [main] DEBUG org.aspectj.weaver.loadtime.Aj  - 16:58:02.459 main &gt; org.aspectj.weaver.loadtime.Aj.preProcess org.aspectj.weaver.loadtime.Aj@58027738 javassist/bytecode/NameAndTypeInfo, byte[2593], org.springframework.test.jpa.OrmXmlOverridingShadowingClassLoader@2bbf1be2
2939 [main] DEBUG org.aspectj.weaver.loadtime.Aj  - 16:58:02.459 main - org.aspectj.weaver.loadtime.Aj.preProcess org.aspectj.weaver.loadtime.Aj@58027738 sun.misc.Launcher$AppClassLoader@302b2c81, org.springframework.test.jpa.OrmXmlOverridingShadowingClassLoader@2bbf1be2
2939 [main] DEBUG org.aspectj.weaver.tools.WeavingAdaptor  - 16:58:02.459 main &gt; org.aspectj.weaver.tools.WeavingAdaptor.weaveClass org.aspectj.weaver.loadtime.ClassLoaderWeavingAdaptor@10b090ac javassist/bytecode/NameAndTypeInfo, byte[2593]
2939 [main] DEBUG org.aspectj.weaver.tools.WeavingAdaptor  - 16:58:02.459 main &lt; org.aspectj.weaver.tools.WeavingAdaptor.weaveClass false
2939 [main] DEBUG org.aspectj.weaver.loadtime.Aj  - 16:58:02.459 main &lt; org.aspectj.weaver.loadtime.Aj.preProcess byte[2593]
2939 [main] DEBUG org.aspectj.weaver.loadtime.Aj  - 16:58:02.459 main &gt; org.aspectj.weaver.loadtime.Aj.preProcess org.aspectj.weaver.loadtime.Aj@58027738 javassist/bytecode/ConstInfoPadding, byte[1112], org.springframework.test.jpa.OrmXmlOverridingShadowingClassLoader@2bbf1be2
2939 [main] DEBUG org.aspectj.weaver.loadtime.Aj  - 16:58:02.459 main - org.aspectj.weaver.loadtime.Aj.preProcess org.aspectj.weaver.loadtime.Aj@58027738 sun.misc.Launcher$AppClassLoader@302b2c81, org.springframework.test.jpa.OrmXmlOverridingShadowingClassLoader@2bbf1be2
2939 [main] DEBUG org.aspectj.weaver.tools.WeavingAdaptor  - 16:58:02.459 main &gt; org.aspectj.weaver.tools.WeavingAdaptor.weaveClass org.aspectj.weaver.loadtime.ClassLoaderWeavingAdaptor@10b090ac javassist/bytecode/ConstInfoPadding, byte[1112]
2939 [main] DEBUG org.aspectj.weaver.tools.WeavingAdaptor  - 16:58:02.459 main &lt; org.aspectj.weaver.tools.WeavingAdaptor.weaveClass false
2939 [main] DEBUG org.aspectj.weaver.loadtime.Aj  - 16:58:02.459 main &lt; org.aspectj.weaver.loadtime.Aj.preProcess byte[1112]
2940 [main] DEBUG org.aspectj.weaver.loadtime.Aj  - 16:58:02.460 main &gt; org.aspectj.weaver.loadtime.Aj.preProcess org.aspectj.weaver.loadtime.Aj@58027738 javassist/bytecode/Utf8Info, byte[1707], org.springframework.test.jpa.OrmXmlOverridingShadowingClassLoader@2bbf1be2
2940 [main] DEBUG org.aspectj.weaver.loadtime.Aj  - 16:58:02.460 main - org.aspectj.weaver.loadtime.Aj.preProcess org.aspectj.weaver.loadtime.Aj@58027738 sun.misc.Launcher$AppClassLoader@302b2c81, org.springframework.test.jpa.OrmXmlOverridingShadowingClassLoader@2bbf1be2
2940 [main] DEBUG org.aspectj.weaver.tools.WeavingAdaptor  - 16:58:02.460 main &gt; org.aspectj.weaver.tools.WeavingAdaptor.weaveClass org.aspectj.weaver.loadtime.ClassLoaderWeavingAdaptor@10b090ac javassist/bytecode/Utf8Info, byte[1707]
2940 [main] DEBUG org.aspectj.weaver.tools.WeavingAdaptor  - 16:58:02.460 main &lt; org.aspectj.weaver.tools.WeavingAdaptor.weaveClass false
2940 [main] DEBUG org.aspectj.weaver.loadtime.Aj  - 16:58:02.460 main &lt; org.aspectj.weaver.loadtime.Aj.preProcess byte[1707]
2940 [main] DEBUG org.aspectj.weaver.loadtime.Aj  - 16:58:02.460 main &gt; org.aspectj.weaver.loadtime.Aj.preProcess org.aspectj.weaver.loadtime.Aj@58027738 javassist/bytecode/FloatInfo, byte[1555], org.springframework.test.jpa.OrmXmlOverridingShadowingClassLoader@2bbf1be2
2940 [main] DEBUG org.aspectj.weaver.loadtime.Aj  - 16:58:02.460 main - org.aspectj.weaver.loadtime.Aj.preProcess org.aspectj.weaver.loadtime.Aj@58027738 sun.misc.Launcher$AppClassLoader@302b2c81, org.springframework.test.jpa.OrmXmlOverridingShadowingClassLoader@2bbf1be2
2941 [main] DEBUG org.aspectj.weaver.tools.WeavingAdaptor  - 16:58:02.461 main &gt; org.aspectj.weaver.tools.WeavingAdaptor.weaveClass org.aspectj.weaver.loadtime.ClassLoaderWeavingAdaptor@10b090ac javassist/bytecode/FloatInfo, byte[1555]
2941 [main] DEBUG org.aspectj.weaver.tools.WeavingAdaptor  - 16:58:02.461 main &lt; org.aspectj.weaver.tools.WeavingAdaptor.weaveClass false
2941 [main] DEBUG org.aspectj.weaver.loadtime.Aj  - 16:58:02.461 main &lt; org.aspectj.weaver.loadtime.Aj.preProcess byte[1555]
2941 [main] DEBUG org.aspectj.weaver.loadtime.Aj  - 16:58:02.461 main &gt; org.aspectj.weaver.loadtime.Aj.preProcess org.aspectj.weaver.loadtime.Aj@58027738 javassist/bytecode/LongInfo, byte[1549], org.springframework.test.jpa.OrmXmlOverridingShadowingClassLoader@2bbf1be2
2941 [main] DEBUG org.aspectj.weaver.loadtime.Aj  - 16:58:02.461 main - org.aspectj.weaver.loadtime.Aj.preProcess org.aspectj.weaver.loadtime.Aj@58027738 sun.misc.Launcher$AppClassLoader@302b2c81, org.springframework.test.jpa.OrmXmlOverridingShadowingClassLoader@2bbf1be2
2941 [main] DEBUG org.aspectj.weaver.tools.WeavingAdaptor  - 16:58:02.461 main &gt; org.aspectj.weaver.tools.WeavingAdaptor.weaveClass org.aspectj.weaver.loadtime.ClassLoaderWeavingAdaptor@10b090ac javassist/bytecode/LongInfo, byte[1549]
2941 [main] DEBUG org.aspectj.weaver.tools.WeavingAdaptor  - 16:58:02.461 main &lt; org.aspectj.weaver.tools.WeavingAdaptor.weaveClass false
2942 [main] DEBUG org.aspectj.weaver.loadtime.Aj  - 16:58:02.461 main &lt; org.aspectj.weaver.loadtime.Aj.preProcess byte[1549]
2942 [main] DEBUG org.aspectj.weaver.loadtime.Aj  - 16:58:02.462 main &gt; org.aspectj.weaver.loadtime.Aj.preProcess org.aspectj.weaver.loadtime.Aj@58027738 javassist/bytecode/DoubleInfo, byte[1563], org.springframework.test.jpa.OrmXmlOverridingShadowingClassLoader@2bbf1be2
2942 [main] DEBUG org.aspectj.weaver.loadtime.Aj  - 16:58:02.462 main - org.aspectj.weaver.loadtime.Aj.preProcess org.aspectj.weaver.loadtime.Aj@58027738 sun.misc.Launcher$AppClassLoader@302b2c81, org.springframework.test.jpa.OrmXmlOverridingShadowingClassLoader@2bbf1be2
2942 [main] DEBUG org.aspectj.weaver.tools.WeavingAdaptor  - 16:58:02.462 main &gt; org.aspectj.weaver.tools.WeavingAdaptor.weaveClass org.aspectj.weaver.loadtime.ClassLoaderWeavingAdaptor@10b090ac javassist/bytecode/DoubleInfo, byte[1563]
2942 [main] DEBUG org.aspectj.weaver.tools.WeavingAdaptor  - 16:58:02.462 main &lt; org.aspectj.weaver.tools.WeavingAdaptor.weaveClass false
2942 [main] DEBUG org.aspectj.weaver.loadtime.Aj  - 16:58:02.462 main &lt; org.aspectj.weaver.loadtime.Aj.preProcess byte[1563]
2943 [main] DEBUG org.aspectj.weaver.loadtime.Aj  - 16:58:02.463 main &gt; org.aspectj.weaver.loadtime.Aj.preProcess org.aspectj.weaver.loadtime.Aj@58027738 javassist/bytecode/StringInfo, byte[1625], org.springframework.test.jpa.OrmXmlOverridingShadowingClassLoader@2bbf1be2
2943 [main] DEBUG org.aspectj.weaver.loadtime.Aj  - 16:58:02.463 main - org.aspectj.weaver.loadtime.Aj.preProcess org.aspectj.weaver.loadtime.Aj@58027738 sun.misc.Launcher$AppClassLoader@302b2c81, org.springframework.test.jpa.OrmXmlOverridingShadowingClassLoader@2bbf1be2
2943 [main] DEBUG org.aspectj.weaver.tools.WeavingAdaptor  - 16:58:02.463 main &gt; org.aspectj.weaver.tools.WeavingAdaptor.weaveClass org.aspectj.weaver.loadtime.ClassLoaderWeavingAdaptor@10b090ac javassist/bytecode/StringInfo, byte[1625]
2943 [main] DEBUG org.aspectj.weaver.tools.WeavingAdaptor  - 16:58:02.463 main &lt; org.aspectj.weaver.tools.WeavingAdaptor.weaveClass false
2943 [main] DEBUG org.aspectj.weaver.loadtime.Aj  - 16:58:02.463 main &lt; org.aspectj.weaver.loadtime.Aj.preProcess byte[1625]
2944 [main] DEBUG org.aspectj.weaver.loadtime.Aj  - 16:58:02.464 main &gt; org.aspectj.weaver.loadtime.Aj.preProcess org.aspectj.weaver.loadtime.Aj@58027738 javassist/bytecode/LongVector, byte[1409], org.springframework.test.jpa.OrmXmlOverridingShadowingClassLoader@2bbf1be2
2944 [main] DEBUG org.aspectj.weaver.loadtime.Aj  - 16:58:02.464 main - org.aspectj.weaver.loadtime.Aj.preProcess org.aspectj.weaver.loadtime.Aj@58027738 sun.misc.Launcher$AppClassLoader@302b2c81, org.springframework.test.jpa.OrmXmlOverridingShadowingClassLoader@2bbf1be2
2944 [main] DEBUG org.aspectj.weaver.tools.WeavingAdaptor  - 16:58:02.464 main &gt; org.aspectj.weaver.tools.WeavingAdaptor.weaveClass org.aspectj.weaver.loadtime.ClassLoaderWeavingAdaptor@10b090ac javassist/bytecode/LongVector, byte[1409]
2944 [main] DEBUG org.aspectj.weaver.tools.WeavingAdaptor  - 16:58:02.464 main &lt; org.aspectj.weaver.tools.WeavingAdaptor.weaveClass false
2944 [main] DEBUG org.aspectj.weaver.loadtime.Aj  - 16:58:02.464 main &lt; org.aspectj.weaver.loadtime.Aj.preProcess byte[1409]
2946 [main] DEBUG org.aspectj.weaver.loadtime.Aj  - 16:58:02.466 main &gt; org.aspectj.weaver.loadtime.Aj.preProcess org.aspectj.weaver.loadtime.Aj@58027738 javassist/bytecode/Descriptor, byte[9072], org.springframework.test.jpa.OrmXmlOverridingShadowingClassLoader@2bbf1be2
2946 [main] DEBUG org.aspectj.weaver.loadtime.Aj  - 16:58:02.466 main - org.aspectj.weaver.loadtime.Aj.preProcess org.aspectj.weaver.loadtime.Aj@58027738 sun.misc.Launcher$AppClassLoader@302b2c81, org.springframework.test.jpa.OrmXmlOverridingShadowingClassLoader@2bbf1be2
2946 [main] DEBUG org.aspectj.weaver.tools.WeavingAdaptor  - 16:58:02.466 main &gt; org.aspectj.weaver.tools.WeavingAdaptor.weaveClass org.aspectj.weaver.loadtime.ClassLoaderWeavingAdaptor@10b090ac javassist/bytecode/Descriptor, byte[9072]
2946 [main] DEBUG org.aspectj.weaver.tools.WeavingAdaptor  - 16:58:02.466 main &lt; org.aspectj.weaver.tools.WeavingAdaptor.weaveClass false
2946 [main] DEBUG org.aspectj.weaver.loadtime.Aj  - 16:58:02.466 main &lt; org.aspectj.weaver.loadtime.Aj.preProcess byte[9072]
2947 [main] DEBUG org.aspectj.weaver.loadtime.Aj  - 16:58:02.467 main &gt; org.aspectj.weaver.loadtime.Aj.preProcess org.aspectj.weaver.loadtime.Aj@58027738 javassist/NotFoundException, byte[720], org.springframework.test.jpa.OrmXmlOverridingShadowingClassLoader@2bbf1be2
2947 [main] DEBUG org.aspectj.weaver.loadtime.Aj  - 16:58:02.467 main - org.aspectj.weaver.loadtime.Aj.preProcess org.aspectj.weaver.loadtime.Aj@58027738 sun.misc.Launcher$AppClassLoader@302b2c81, org.springframework.test.jpa.OrmXmlOverridingShadowingClassLoader@2bbf1be2
2947 [main] DEBUG org.aspectj.weaver.tools.WeavingAdaptor  - 16:58:02.467 main &gt; org.aspectj.weaver.tools.WeavingAdaptor.weaveClass org.aspectj.weaver.loadtime.ClassLoaderWeavingAdaptor@10b090ac javassist/NotFoundException, byte[720]
2947 [main] DEBUG org.aspectj.weaver.tools.WeavingAdaptor  - 16:58:02.467 main &lt; org.aspectj.weaver.tools.WeavingAdaptor.weaveClass false
2947 [main] DEBUG org.aspectj.weaver.loadtime.Aj  - 16:58:02.467 main &lt; org.aspectj.weaver.loadtime.Aj.preProcess byte[720]
2948 [main] DEBUG org.aspectj.weaver.loadtime.Aj  - 16:58:02.468 main &gt; org.aspectj.weaver.loadtime.Aj.preProcess org.aspectj.weaver.loadtime.Aj@58027738 javassist/bytecode/MethodInfo, byte[8460], org.springframework.test.jpa.OrmXmlOverridingShadowingClassLoader@2bbf1be2
2948 [main] DEBUG org.aspectj.weaver.loadtime.Aj  - 16:58:02.468 main - org.aspectj.weaver.loadtime.Aj.preProcess org.aspectj.weaver.loadtime.Aj@58027738 sun.misc.Launcher$AppClassLoader@302b2c81, org.springframework.test.jpa.OrmXmlOverridingShadowingClassLoader@2bbf1be2
2948 [main] DEBUG org.aspectj.weaver.tools.WeavingAdaptor  - 16:58:02.468 main &gt; org.aspectj.weaver.tools.WeavingAdaptor.weaveClass org.aspectj.weaver.loadtime.ClassLoaderWeavingAdaptor@10b090ac javassist/bytecode/MethodInfo, byte[8460]
2948 [main] DEBUG org.aspectj.weaver.tools.WeavingAdaptor  - 16:58:02.468 main &lt; org.aspectj.weaver.tools.WeavingAdaptor.weaveClass false
2948 [main] DEBUG org.aspectj.weaver.loadtime.Aj  - 16:58:02.468 main &lt; org.aspectj.weaver.loadtime.Aj.preProcess byte[8460]
2949 [main] DEBUG org.aspectj.weaver.loadtime.Aj  - 16:58:02.469 main &gt; org.aspectj.weaver.loadtime.Aj.preProcess org.aspectj.weaver.loadtime.Aj@58027738 javassist/bytecode/AttributeInfo, byte[6020], org.springframework.test.jpa.OrmXmlOverridingShadowingClassLoader@2bbf1be2
2949 [main] DEBUG org.aspectj.weaver.loadtime.Aj  - 16:58:02.469 main - org.aspectj.weaver.loadtime.Aj.preProcess org.aspectj.weaver.loadtime.Aj@58027738 sun.misc.Launcher$AppClassLoader@302b2c81, org.springframework.test.jpa.OrmXmlOverridingShadowingClassLoader@2bbf1be2
2949 [main] DEBUG org.aspectj.weaver.tools.WeavingAdaptor  - 16:58:02.469 main &gt; org.aspectj.weaver.tools.WeavingAdaptor.weaveClass org.aspectj.weaver.loadtime.ClassLoaderWeavingAdaptor@10b090ac javassist/bytecode/AttributeInfo, byte[6020]
2949 [main] DEBUG org.aspectj.weaver.tools.WeavingAdaptor  - 16:58:02.469 main &lt; org.aspectj.weaver.tools.WeavingAdaptor.weaveClass false
2949 [main] DEBUG org.aspectj.weaver.loadtime.Aj  - 16:58:02.469 main &lt; org.aspectj.weaver.loadtime.Aj.preProcess byte[6020]
2950 [main] DEBUG org.aspectj.weaver.loadtime.Aj  - 16:58:02.470 main &gt; org.aspectj.weaver.loadtime.Aj.preProcess org.aspectj.weaver.loadtime.Aj@58027738 javassist/bytecode/AnnotationDefaultAttribute, byte[3093], org.springframework.test.jpa.OrmXmlOverridingShadowingClassLoader@2bbf1be2
2950 [main] DEBUG org.aspectj.weaver.loadtime.Aj  - 16:58:02.470 main - org.aspectj.weaver.loadtime.Aj.preProcess org.aspectj.weaver.loadtime.Aj@58027738 sun.misc.Launcher$AppClassLoader@302b2c81, org.springframework.test.jpa.OrmXmlOverridingShadowingClassLoader@2bbf1be2
2950 [main] DEBUG org.aspectj.weaver.tools.WeavingAdaptor  - 16:58:02.470 main &gt; org.aspectj.weaver.tools.WeavingAdaptor.weaveClass org.aspectj.weaver.loadtime.ClassLoaderWeavingAdaptor@10b090ac javassist/bytecode/AnnotationDefaultAttribute, byte[3093]
2950 [main] DEBUG org.aspectj.weaver.tools.WeavingAdaptor  - 16:58:02.470 main &lt; org.aspectj.weaver.tools.WeavingAdaptor.weaveClass false
2950 [main] DEBUG org.aspectj.weaver.loadtime.Aj  - 16:58:02.470 main &lt; org.aspectj.weaver.loadtime.Aj.preProcess byte[3093]
2950 [main] DEBUG org.aspectj.weaver.loadtime.Aj  - 16:58:02.470 main &gt; org.aspectj.weaver.loadtime.Aj.preProcess org.aspectj.weaver.loadtime.Aj@58027738 javassist/bytecode/CodeAttribute, byte[7531], org.springframework.test.jpa.OrmXmlOverridingShadowingClassLoader@2bbf1be2
2950 [main] DEBUG org.aspectj.weaver.loadtime.Aj  - 16:58:02.470 main - org.aspectj.weaver.loadtime.Aj.preProcess org.aspectj.weaver.loadtime.Aj@58027738 sun.misc.Launcher$AppClassLoader@302b2c81, org.springframework.test.jpa.OrmXmlOverridingShadowingClassLoader@2bbf1be2
2950 [main] DEBUG org.aspectj.weaver.tools.WeavingAdaptor  - 16:58:02.470 main &gt; org.aspectj.weaver.tools.WeavingAdaptor.weaveClass org.aspectj.weaver.loadtime.ClassLoaderWeavingAdaptor@10b090ac javassist/bytecode/CodeAttribute, byte[7531]
2951 [main] DEBUG org.aspectj.weaver.tools.WeavingAdaptor  - 16:58:02.470 main &lt; org.aspectj.weaver.tools.WeavingAdaptor.weaveClass false
2951 [main] DEBUG org.aspectj.weaver.loadtime.Aj  - 16:58:02.471 main &lt; org.aspectj.weaver.loadtime.Aj.preProcess byte[7531]
2951 [main] DEBUG org.aspectj.weaver.loadtime.Aj  - 16:58:02.471 main &gt; org.aspectj.weaver.loadtime.Aj.preProcess org.aspectj.weaver.loadtime.Aj@58027738 javassist/bytecode/Opcode, byte[7663], org.springframework.test.jpa.OrmXmlOverridingShadowingClassLoader@2bbf1be2
2951 [main] DEBUG org.aspectj.weaver.loadtime.Aj  - 16:58:02.471 main - org.aspectj.weaver.loadtime.Aj.preProcess org.aspectj.weaver.loadtime.Aj@58027738 sun.misc.Launcher$AppClassLoader@302b2c81, org.springframework.test.jpa.OrmXmlOverridingShadowingClassLoader@2bbf1be2
2951 [main] DEBUG org.aspectj.weaver.tools.WeavingAdaptor  - 16:58:02.471 main &gt; org.aspectj.weaver.tools.WeavingAdaptor.weaveClass org.aspectj.weaver.loadtime.ClassLoaderWeavingAdaptor@10b090ac javassist/bytecode/Opcode, byte[7663]
2951 [main] DEBUG org.aspectj.weaver.tools.WeavingAdaptor  - 16:58:02.471 main &lt; org.aspectj.weaver.tools.WeavingAdaptor.weaveClass false
2951 [main] DEBUG org.aspectj.weaver.loadtime.Aj  - 16:58:02.471 main &lt; org.aspectj.weaver.loadtime.Aj.preProcess byte[7663]
2952 [main] DEBUG org.aspectj.weaver.loadtime.Aj  - 16:58:02.472 main &gt; org.aspectj.weaver.loadtime.Aj.preProcess org.aspectj.weaver.loadtime.Aj@58027738 javassist/bytecode/ConstantAttribute, byte[1494], org.springframework.test.jpa.OrmXmlOverridingShadowingClassLoader@2bbf1be2
2952 [main] DEBUG org.aspectj.weaver.loadtime.Aj  - 16:58:02.472 main - org.aspectj.weaver.loadtime.Aj.preProcess org.aspectj.weaver.loadtime.Aj@58027738 sun.misc.Launcher$AppClassLoader@302b2c81, org.springframework.test.jpa.OrmXmlOverridingShadowingClassLoader@2bbf1be2
2952 [main] DEBUG org.aspectj.weaver.tools.WeavingAdaptor  - 16:58:02.472 main &gt; org.aspectj.weaver.tools.WeavingAdaptor.weaveClass org.aspectj.weaver.loadtime.ClassLoaderWeavingAdaptor@10b090ac javassist/bytecode/ConstantAttribute, byte[1494]
2952 [main] DEBUG org.aspectj.weaver.tools.WeavingAdaptor  - 16:58:02.472 main &lt; org.aspectj.weaver.tools.WeavingAdaptor.weaveClass false
2952 [main] DEBUG org.aspectj.weaver.loadtime.Aj  - 16:58:02.472 main &lt; org.aspectj.weaver.loadtime.Aj.preProcess byte[1494]
2952 [main] DEBUG org.aspectj.weaver.loadtime.Aj  - 16:58:02.472 main &gt; org.aspectj.weaver.loadtime.Aj.preProcess org.aspectj.weaver.loadtime.Aj@58027738 javassist/bytecode/DeprecatedAttribute, byte[1039], org.springframework.test.jpa.OrmXmlOverridingShadowingClassLoader@2bbf1be2
2952 [main] DEBUG org.aspectj.weaver.loadtime.Aj  - 16:58:02.472 main - org.aspectj.weaver.loadtime.Aj.preProcess org.aspectj.weaver.loadtime.Aj@58027738 sun.misc.Launcher$AppClassLoader@302b2c81, org.springframework.test.jpa.OrmXmlOverridingShadowingClassLoader@2bbf1be2
2952 [main] DEBUG org.aspectj.weaver.tools.WeavingAdaptor  - 16:58:02.472 main &gt; org.aspectj.weaver.tools.WeavingAdaptor.weaveClass org.aspectj.weaver.loadtime.ClassLoaderWeavingAdaptor@10b090ac javassist/bytecode/DeprecatedAttribute, byte[1039]
2952 [main] DEBUG org.aspectj.weaver.tools.WeavingAdaptor  - 16:58:02.472 main &lt; org.aspectj.weaver.tools.WeavingAdaptor.weaveClass false
2952 [main] DEBUG org.aspectj.weaver.loadtime.Aj  - 16:58:02.472 main &lt; org.aspectj.weaver.loadtime.Aj.preProcess byte[1039]
2953 [main] DEBUG org.aspectj.weaver.loadtime.Aj  - 16:58:02.473 main &gt; org.aspectj.weaver.loadtime.Aj.preProcess org.aspectj.weaver.loadtime.Aj@58027738 javassist/bytecode/EnclosingMethodAttribute, byte[2620], org.springframework.test.jpa.OrmXmlOverridingShadowingClassLoader@2bbf1be2
2953 [main] DEBUG org.aspectj.weaver.loadtime.Aj  - 16:58:02.473 main - org.aspectj.weaver.loadtime.Aj.preProcess org.aspectj.weaver.loadtime.Aj@58027738 sun.misc.Launcher$AppClassLoader@302b2c81, org.springframework.test.jpa.OrmXmlOverridingShadowingClassLoader@2bbf1be2
2953 [main] DEBUG org.aspectj.weaver.tools.WeavingAdaptor  - 16:58:02.473 main &gt; org.aspectj.weaver.tools.WeavingAdaptor.weaveClass org.aspectj.weaver.loadtime.ClassLoaderWeavingAdaptor@10b090ac javassist/bytecode/EnclosingMethodAttribute, byte[2620]
2953 [main] DEBUG org.aspectj.weaver.tools.WeavingAdaptor  - 16:58:02.473 main &lt; org.aspectj.weaver.tools.WeavingAdaptor.weaveClass false
2953 [main] DEBUG org.aspectj.weaver.loadtime.Aj  - 16:58:02.473 main &lt; org.aspectj.weaver.loadtime.Aj.preProcess byte[2620]
2953 [main] DEBUG org.aspectj.weaver.loadtime.Aj  - 16:58:02.473 main &gt; org.aspectj.weaver.loadtime.Aj.preProcess org.aspectj.weaver.loadtime.Aj@58027738 javassist/bytecode/ExceptionsAttribute, byte[3284], org.springframework.test.jpa.OrmXmlOverridingShadowingClassLoader@2bbf1be2
2953 [main] DEBUG org.aspectj.weaver.loadtime.Aj  - 16:58:02.473 main - org.aspectj.weaver.loadtime.Aj.preProcess org.aspectj.weaver.loadtime.Aj@58027738 sun.misc.Launcher$AppClassLoader@302b2c81, org.springframework.test.jpa.OrmXmlOverridingShadowingClassLoader@2bbf1be2
2953 [main] DEBUG org.aspectj.weaver.tools.WeavingAdaptor  - 16:58:02.473 main &gt; org.aspectj.weaver.tools.WeavingAdaptor.weaveClass org.aspectj.weaver.loadtime.ClassLoaderWeavingAdaptor@10b090ac javassist/bytecode/ExceptionsAttribute, byte[3284]
2953 [main] DEBUG org.aspectj.weaver.tools.WeavingAdaptor  - 16:58:02.473 main &lt; org.aspectj.weaver.tools.WeavingAdaptor.weaveClass false
2953 [main] DEBUG org.aspectj.weaver.loadtime.Aj  - 16:58:02.473 main &lt; org.aspectj.weaver.loadtime.Aj.preProcess byte[3284]
2954 [main] DEBUG org.aspectj.weaver.loadtime.Aj  - 16:58:02.474 main &gt; org.aspectj.weaver.loadtime.Aj.preProcess org.aspectj.weaver.loadtime.Aj@58027738 javassist/bytecode/InnerClassesAttribute, byte[4108], org.springframework.test.jpa.OrmXmlOverridingShadowingClassLoader@2bbf1be2
2954 [main] DEBUG org.aspectj.weaver.loadtime.Aj  - 16:58:02.474 main - org.aspectj.weaver.loadtime.Aj.preProcess org.aspectj.weaver.loadtime.Aj@58027738 sun.misc.Launcher$AppClassLoader@302b2c81, org.springframework.test.jpa.OrmXmlOverridingShadowingClassLoader@2bbf1be2
2954 [main] DEBUG org.aspectj.weaver.tools.WeavingAdaptor  - 16:58:02.474 main &gt; org.aspectj.weaver.tools.WeavingAdaptor.weaveClass org.aspectj.weaver.loadtime.ClassLoaderWeavingAdaptor@10b090ac javassist/bytecode/InnerClassesAttribute, byte[4108]
2954 [main] DEBUG org.aspectj.weaver.tools.WeavingAdaptor  - 16:58:02.474 main &lt; org.aspectj.weaver.tools.WeavingAdaptor.weaveClass false
2954 [main] DEBUG org.aspectj.weaver.loadtime.Aj  - 16:58:02.474 main &lt; org.aspectj.weaver.loadtime.Aj.preProcess byte[4108]
2954 [main] DEBUG org.aspectj.weaver.loadtime.Aj  - 16:58:02.474 main &gt; org.aspectj.weaver.loadtime.Aj.preProcess org.aspectj.weaver.loadtime.Aj@58027738 javassist/bytecode/LineNumberAttribute, byte[2809], org.springframework.test.jpa.OrmXmlOverridingShadowingClassLoader@2bbf1be2
2954 [main] DEBUG org.aspectj.weaver.loadtime.Aj  - 16:58:02.474 main - org.aspectj.weaver.loadtime.Aj.preProcess org.aspectj.weaver.loadtime.Aj@58027738 sun.misc.Launcher$AppClassLoader@302b2c81, org.springframework.test.jpa.OrmXmlOverridingShadowingClassLoader@2bbf1be2
2954 [main] DEBUG org.aspectj.weaver.tools.WeavingAdaptor  - 16:58:02.474 main &gt; org.aspectj.weaver.tools.WeavingAdaptor.weaveClass org.aspectj.weaver.loadtime.ClassLoaderWeavingAdaptor@10b090ac javassist/bytecode/LineNumberAttribute, byte[2809]
2954 [main] DEBUG org.aspectj.weaver.tools.WeavingAdaptor  - 16:58:02.474 main &lt; org.aspectj.weaver.tools.WeavingAdaptor.weaveClass false
2955 [main] DEBUG org.aspectj.weaver.loadtime.Aj  - 16:58:02.475 main &lt; org.aspectj.weaver.loadtime.Aj.preProcess byte[2809]
2955 [main] DEBUG org.aspectj.weaver.loadtime.Aj  - 16:58:02.475 main &gt; org.aspectj.weaver.loadtime.Aj.preProcess org.aspectj.weaver.loadtime.Aj@58027738 javassist/bytecode/LocalVariableAttribute, byte[3871], org.springframework.test.jpa.OrmXmlOverridingShadowingClassLoader@2bbf1be2
2955 [main] DEBUG org.aspectj.weaver.loadtime.Aj  - 16:58:02.475 main - org.aspectj.weaver.loadtime.Aj.preProcess org.aspectj.weaver.loadtime.Aj@58027738 sun.misc.Launcher$AppClassLoader@302b2c81, org.springframework.test.jpa.OrmXmlOverridingShadowingClassLoader@2bbf1be2
2955 [main] DEBUG org.aspectj.weaver.tools.WeavingAdaptor  - 16:58:02.475 main &gt; org.aspectj.weaver.tools.WeavingAdaptor.weaveClass org.aspectj.weaver.loadtime.ClassLoaderWeavingAdaptor@10b090ac javassist/bytecode/LocalVariableAttribute, byte[3871]
2955 [main] DEBUG org.aspectj.weaver.tools.WeavingAdaptor  - 16:58:02.475 main &lt; org.aspectj.weaver.tools.WeavingAdaptor.weaveClass false
2955 [main] DEBUG org.aspectj.weaver.loadtime.Aj  - 16:58:02.475 main &lt; org.aspectj.weaver.loadtime.Aj.preProcess byte[3871]
2955 [main] DEBUG org.aspectj.weaver.loadtime.Aj  - 16:58:02.475 main &gt; org.aspectj.weaver.loadtime.Aj.preProcess org.aspectj.weaver.loadtime.Aj@58027738 javassist/bytecode/AnnotationsAttribute, byte[4568], org.springframework.test.jpa.OrmXmlOverridingShadowingClassLoader@2bbf1be2
2956 [main] DEBUG org.aspectj.weaver.loadtime.Aj  - 16:58:02.476 main - org.aspectj.weaver.loadtime.Aj.preProcess org.aspectj.weaver.loadtime.Aj@58027738 sun.misc.Launcher$AppClassLoader@302b2c81, org.springframework.test.jpa.OrmXmlOverridingShadowingClassLoader@2bbf1be2
2956 [main] DEBUG org.aspectj.weaver.tools.WeavingAdaptor  - 16:58:02.476 main &gt; org.aspectj.weaver.tools.WeavingAdaptor.weaveClass org.aspectj.weaver.loadtime.ClassLoaderWeavingAdaptor@10b090ac javassist/bytecode/AnnotationsAttribute, byte[4568]
2956 [main] DEBUG org.aspectj.weaver.tools.WeavingAdaptor  - 16:58:02.476 main &lt; org.aspectj.weaver.tools.WeavingAdaptor.weaveClass false
2956 [main] DEBUG org.aspectj.weaver.loadtime.Aj  - 16:58:02.476 main &lt; org.aspectj.weaver.loadtime.Aj.preProcess byte[4568]
2956 [main] DEBUG org.aspectj.weaver.loadtime.Aj  - 16:58:02.476 main &gt; org.aspectj.weaver.loadtime.Aj.preProcess org.aspectj.weaver.loadtime.Aj@58027738 javassist/bytecode/ParameterAnnotationsAttribute, byte[3440], org.springframework.test.jpa.OrmXmlOverridingShadowingClassLoader@2bbf1be2
2956 [main] DEBUG org.aspectj.weaver.loadtime.Aj  - 16:58:02.476 main - org.aspectj.weaver.loadtime.Aj.preProcess org.aspectj.weaver.loadtime.Aj@58027738 sun.misc.Launcher$AppClassLoader@302b2c81, org.springframework.test.jpa.OrmXmlOverridingShadowingClassLoader@2bbf1be2
2956 [main] DEBUG org.aspectj.weaver.tools.WeavingAdaptor  - 16:58:02.476 main &gt; org.aspectj.weaver.tools.WeavingAdaptor.weaveClass org.aspectj.weaver.loadtime.ClassLoaderWeavingAdaptor@10b090ac javassist/bytecode/ParameterAnnotationsAttribute, byte[3440]
2956 [main] DEBUG org.aspectj.weaver.tools.WeavingAdaptor  - 16:58:02.476 main &lt; org.aspectj.weaver.tools.WeavingAdaptor.weaveClass false
2956 [main] DEBUG org.aspectj.weaver.loadtime.Aj  - 16:58:02.476 main &lt; org.aspectj.weaver.loadtime.Aj.preProcess byte[3440]
2957 [main] DEBUG org.aspectj.weaver.loadtime.Aj  - 16:58:02.477 main &gt; org.aspectj.weaver.loadtime.Aj.preProcess org.aspectj.weaver.loadtime.Aj@58027738 javassist/bytecode/SignatureAttribute, byte[1532], org.springframework.test.jpa.OrmXmlOverridingShadowingClassLoader@2bbf1be2
2957 [main] DEBUG org.aspectj.weaver.loadtime.Aj  - 16:58:02.477 main - org.aspectj.weaver.loadtime.Aj.preProcess org.aspectj.weaver.loadtime.Aj@58027738 sun.misc.Launcher$AppClassLoader@302b2c81, org.springframework.test.jpa.OrmXmlOverridingShadowingClassLoader@2bbf1be2
2957 [main] DEBUG org.aspectj.weaver.tools.WeavingAdaptor  - 16:58:02.477 main &gt; org.aspectj.weaver.tools.WeavingAdaptor.weaveClass org.aspectj.weaver.loadtime.ClassLoaderWeavingAdaptor@10b090ac javassist/bytecode/SignatureAttribute, byte[1532]
2957 [main] DEBUG org.aspectj.weaver.tools.WeavingAdaptor  - 16:58:02.477 main &lt; org.aspectj.weaver.tools.WeavingAdaptor.weaveClass false
2957 [main] DEBUG org.aspectj.weaver.loadtime.Aj  - 16:58:02.477 main &lt; org.aspectj.weaver.loadtime.Aj.preProcess byte[1532]
2957 [main] DEBUG org.aspectj.weaver.loadtime.Aj  - 16:58:02.477 main &gt; org.aspectj.weaver.loadtime.Aj.preProcess org.aspectj.weaver.loadtime.Aj@58027738 javassist/bytecode/SourceFileAttribute, byte[1521], org.springframework.test.jpa.OrmXmlOverridingShadowingClassLoader@2bbf1be2
2957 [main] DEBUG org.aspectj.weaver.loadtime.Aj  - 16:58:02.477 main - org.aspectj.weaver.loadtime.Aj.preProcess org.aspectj.weaver.loadtime.Aj@58027738 sun.misc.Launcher$AppClassLoader@302b2c81, org.springframework.test.jpa.OrmXmlOverridingShadowingClassLoader@2bbf1be2
2957 [main] DEBUG org.aspectj.weaver.tools.WeavingAdaptor  - 16:58:02.477 main &gt; org.aspectj.weaver.tools.WeavingAdaptor.weaveClass org.aspectj.weaver.loadtime.ClassLoaderWeavingAdaptor@10b090ac javassist/bytecode/SourceFileAttribute, byte[1521]
2957 [main] DEBUG org.aspectj.weaver.tools.WeavingAdaptor  - 16:58:02.477 main &lt; org.aspectj.weaver.tools.WeavingAdaptor.weaveClass false
2957 [main] DEBUG org.aspectj.weaver.loadtime.Aj  - 16:58:02.477 main &lt; org.aspectj.weaver.loadtime.Aj.preProcess byte[1521]
2958 [main] DEBUG org.aspectj.weaver.loadtime.Aj  - 16:58:02.478 main &gt; org.aspectj.weaver.loadtime.Aj.preProcess org.aspectj.weaver.loadtime.Aj@58027738 javassist/bytecode/SyntheticAttribute, byte[1035], org.springframework.test.jpa.OrmXmlOverridingShadowingClassLoader@2bbf1be2
2958 [main] DEBUG org.aspectj.weaver.loadtime.Aj  - 16:58:02.478 main - org.aspectj.weaver.loadtime.Aj.preProcess org.aspectj.weaver.loadtime.Aj@58027738 sun.misc.Launcher$AppClassLoader@302b2c81, org.springframework.test.jpa.OrmXmlOverridingShadowingClassLoader@2bbf1be2
2958 [main] DEBUG org.aspectj.weaver.tools.WeavingAdaptor  - 16:58:02.478 main &gt; org.aspectj.weaver.tools.WeavingAdaptor.weaveClass org.aspectj.weaver.loadtime.ClassLoaderWeavingAdaptor@10b090ac javassist/bytecode/SyntheticAttribute, byte[1035]
2958 [main] DEBUG org.aspectj.weaver.tools.WeavingAdaptor  - 16:58:02.478 main &lt; org.aspectj.weaver.tools.WeavingAdaptor.weaveClass false
2958 [main] DEBUG org.aspectj.weaver.loadtime.Aj  - 16:58:02.478 main &lt; org.aspectj.weaver.loadtime.Aj.preProcess byte[1035]
2958 [main] DEBUG org.aspectj.weaver.loadtime.Aj  - 16:58:02.478 main &gt; org.aspectj.weaver.loadtime.Aj.preProcess org.aspectj.weaver.loadtime.Aj@58027738 javassist/bytecode/StackMapTable, byte[1801], org.springframework.test.jpa.OrmXmlOverridingShadowingClassLoader@2bbf1be2
2958 [main] DEBUG org.aspectj.weaver.loadtime.Aj  - 16:58:02.478 main - org.aspectj.weaver.loadtime.Aj.preProcess org.aspectj.weaver.loadtime.Aj@58027738 sun.misc.Launcher$AppClassLoader@302b2c81, org.springframework.test.jpa.OrmXmlOverridingShadowingClassLoader@2bbf1be2
2958 [main] DEBUG org.aspectj.weaver.tools.WeavingAdaptor  - 16:58:02.478 main &gt; org.aspectj.weaver.tools.WeavingAdaptor.weaveClass org.aspectj.weaver.loadtime.ClassLoaderWeavingAdaptor@10b090ac javassist/bytecode/StackMapTable, byte[1801]
2958 [main] DEBUG org.aspectj.weaver.tools.WeavingAdaptor  - 16:58:02.478 main &lt; org.aspectj.weaver.tools.WeavingAdaptor.weaveClass false
2958 [main] DEBUG org.aspectj.weaver.loadtime.Aj  - 16:58:02.478 main &lt; org.aspectj.weaver.loadtime.Aj.preProcess byte[1801]
2959 [main] DEBUG org.aspectj.weaver.loadtime.Aj  - 16:58:02.479 main &gt; org.aspectj.weaver.loadtime.Aj.preProcess org.aspectj.weaver.loadtime.Aj@58027738 javassist/bytecode/CodeAttribute$RuntimeCopyException, byte[504], org.springframework.test.jpa.OrmXmlOverridingShadowingClassLoader@2bbf1be2
2959 [main] DEBUG org.aspectj.weaver.loadtime.Aj  - 16:58:02.479 main - org.aspectj.weaver.loadtime.Aj.preProcess org.aspectj.weaver.loadtime.Aj@58027738 sun.misc.Launcher$AppClassLoader@302b2c81, org.springframework.test.jpa.OrmXmlOverridingShadowingClassLoader@2bbf1be2
2959 [main] DEBUG org.aspectj.weaver.tools.WeavingAdaptor  - 16:58:02.479 main &gt; org.aspectj.weaver.tools.WeavingAdaptor.weaveClass org.aspectj.weaver.loadtime.ClassLoaderWeavingAdaptor@10b090ac javassist/bytecode/CodeAttribute$RuntimeCopyException, byte[504]
2959 [main] DEBUG org.aspectj.weaver.tools.WeavingAdaptor  - 16:58:02.479 main &lt; org.aspectj.weaver.tools.WeavingAdaptor.weaveClass false
2959 [main] DEBUG org.aspectj.weaver.loadtime.Aj  - 16:58:02.479 main &lt; org.aspectj.weaver.loadtime.Aj.preProcess byte[504]
2960 [main] DEBUG org.aspectj.weaver.loadtime.Aj  - 16:58:02.480 main &gt; org.aspectj.weaver.loadtime.Aj.preProcess org.aspectj.weaver.loadtime.Aj@58027738 javassist/bytecode/ExceptionTable, byte[4608], org.springframework.test.jpa.OrmXmlOverridingShadowingClassLoader@2bbf1be2
2960 [main] DEBUG org.aspectj.weaver.loadtime.Aj  - 16:58:02.480 main - org.aspectj.weaver.loadtime.Aj.preProcess org.aspectj.weaver.loadtime.Aj@58027738 sun.misc.Launcher$AppClassLoader@302b2c81, org.springframework.test.jpa.OrmXmlOverridingShadowingClassLoader@2bbf1be2
2960 [main] DEBUG org.aspectj.weaver.tools.WeavingAdaptor  - 16:58:02.480 main &gt; org.aspectj.weaver.tools.WeavingAdaptor.weaveClass org.aspectj.weaver.loadtime.ClassLoaderWeavingAdaptor@10b090ac javassist/bytecode/ExceptionTable, byte[4608]
2960 [main] DEBUG org.aspectj.weaver.tools.WeavingAdaptor  - 16:58:02.480 main &lt; org.aspectj.weaver.tools.WeavingAdaptor.weaveClass false
2960 [main] DEBUG org.aspectj.weaver.loadtime.Aj  - 16:58:02.480 main &lt; org.aspectj.weaver.loadtime.Aj.preProcess byte[4608]
2964 [main] DEBUG org.aspectj.weaver.loadtime.Aj  - 16:58:02.484 main &gt; org.aspectj.weaver.loadtime.Aj.preProcess org.aspectj.weaver.loadtime.Aj@58027738 javassist/bytecode/FieldInfo, byte[5019], org.springframework.test.jpa.OrmXmlOverridingShadowingClassLoader@2bbf1be2
2964 [main] DEBUG org.aspectj.weaver.loadtime.Aj  - 16:58:02.484 main - org.aspectj.weaver.loadtime.Aj.preProcess org.aspectj.weaver.loadtime.Aj@58027738 sun.misc.Launcher$AppClassLoader@302b2c81, org.springframework.test.jpa.OrmXmlOverridingShadowingClassLoader@2bbf1be2
2964 [main] DEBUG org.aspectj.weaver.tools.WeavingAdaptor  - 16:58:02.484 main &gt; org.aspectj.weaver.tools.WeavingAdaptor.weaveClass org.aspectj.weaver.loadtime.ClassLoaderWeavingAdaptor@10b090ac javassist/bytecode/FieldInfo, byte[5019]
2964 [main] DEBUG org.aspectj.weaver.tools.WeavingAdaptor  - 16:58:02.484 main &lt; org.aspectj.weaver.tools.WeavingAdaptor.weaveClass false
2964 [main] DEBUG org.aspectj.weaver.loadtime.Aj  - 16:58:02.484 main &lt; org.aspectj.weaver.loadtime.Aj.preProcess byte[5019]
2965 [main] DEBUG org.aspectj.weaver.loadtime.Aj  - 16:58:02.485 main &gt; org.aspectj.weaver.loadtime.Aj.preProcess org.aspectj.weaver.loadtime.Aj@58027738 javassist/bytecode/ExceptionTableEntry, byte[554], org.springframework.test.jpa.OrmXmlOverridingShadowingClassLoader@2bbf1be2
2965 [main] DEBUG org.aspectj.weaver.loadtime.Aj  - 16:58:02.485 main - org.aspectj.weaver.loadtime.Aj.preProcess org.aspectj.weaver.loadtime.Aj@58027738 sun.misc.Launcher$AppClassLoader@302b2c81, org.springframework.test.jpa.OrmXmlOverridingShadowingClassLoader@2bbf1be2
2965 [main] DEBUG org.aspectj.weaver.tools.WeavingAdaptor  - 16:58:02.485 main &gt; org.aspectj.weaver.tools.WeavingAdaptor.weaveClass org.aspectj.weaver.loadtime.ClassLoaderWeavingAdaptor@10b090ac javassist/bytecode/ExceptionTableEntry, byte[554]
2965 [main] DEBUG org.aspectj.weaver.tools.WeavingAdaptor  - 16:58:02.485 main &lt; org.aspectj.weaver.tools.WeavingAdaptor.weaveClass false
2965 [main] DEBUG org.aspectj.weaver.loadtime.Aj  - 16:58:02.485 main &lt; org.aspectj.weaver.loadtime.Aj.preProcess byte[554]
2969 [main] DEBUG org.aspectj.weaver.loadtime.Aj  - 16:58:02.489 main &gt; org.aspectj.weaver.loadtime.Aj.preProcess org.aspectj.weaver.loadtime.Aj@58027738 org/hibernate/ejb/util/ConfigurationHelper, byte[3239], org.springframework.test.jpa.OrmXmlOverridingShadowingClassLoader@2bbf1be2
2969 [main] DEBUG org.aspectj.weaver.loadtime.Aj  - 16:58:02.489 main - org.aspectj.weaver.loadtime.Aj.preProcess org.aspectj.weaver.loadtime.Aj@58027738 sun.misc.Launcher$AppClassLoader@302b2c81, org.springframework.test.jpa.OrmXmlOverridingShadowingClassLoader@2bbf1be2
2969 [main] DEBUG org.aspectj.weaver.tools.WeavingAdaptor  - 16:58:02.489 main &gt; org.aspectj.weaver.tools.WeavingAdaptor.weaveClass org.aspectj.weaver.loadtime.ClassLoaderWeavingAdaptor@10b090ac org/hibernate/ejb/util/ConfigurationHelper, byte[3239]
2969 [main] DEBUG org.aspectj.weaver.tools.WeavingAdaptor  - 16:58:02.489 main &lt; org.aspectj.weaver.tools.WeavingAdaptor.weaveClass false
2969 [main] DEBUG org.aspectj.weaver.loadtime.Aj  - 16:58:02.489 main &lt; org.aspectj.weaver.loadtime.Aj.preProcess byte[3239]
2973 [main] DEBUG org.aspectj.weaver.loadtime.Aj  - 16:58:02.493 main &gt; org.aspectj.weaver.loadtime.Aj.preProcess org.aspectj.weaver.loadtime.Aj@58027738 org/hibernate/util/XMLHelper$ErrorLogger, byte[1632], org.springframework.test.jpa.OrmXmlOverridingShadowingClassLoader@2bbf1be2
2973 [main] DEBUG org.aspectj.weaver.loadtime.Aj  - 16:58:02.493 main - org.aspectj.weaver.loadtime.Aj.preProcess org.aspectj.weaver.loadtime.Aj@58027738 sun.misc.Launcher$AppClassLoader@302b2c81, org.springframework.test.jpa.OrmXmlOverridingShadowingClassLoader@2bbf1be2
2973 [main] DEBUG org.aspectj.weaver.tools.WeavingAdaptor  - 16:58:02.493 main &gt; org.aspectj.weaver.tools.WeavingAdaptor.weaveClass org.aspectj.weaver.loadtime.ClassLoaderWeavingAdaptor@10b090ac org/hibernate/util/XMLHelper$ErrorLogger, byte[1632]
2973 [main] DEBUG org.aspectj.weaver.tools.WeavingAdaptor  - 16:58:02.493 main &lt; org.aspectj.weaver.tools.WeavingAdaptor.weaveClass false
2973 [main] DEBUG org.aspectj.weaver.loadtime.Aj  - 16:58:02.493 main &lt; org.aspectj.weaver.loadtime.Aj.preProcess byte[1632]
2977 [main] DEBUG org.aspectj.weaver.loadtime.Aj  - 16:58:02.496 main &gt; org.aspectj.weaver.loadtime.Aj.preProcess org.aspectj.weaver.loadtime.Aj@58027738 org/hibernate/ejb/connection/InjectedDataSourceConnectionProvider, byte[1834], org.springframework.test.jpa.OrmXmlOverridingShadowingClassLoader@2bbf1be2
2977 [main] DEBUG org.aspectj.weaver.loadtime.Aj  - 16:58:02.497 main - org.aspectj.weaver.loadtime.Aj.preProcess org.aspectj.weaver.loadtime.Aj@58027738 sun.misc.Launcher$AppClassLoader@302b2c81, org.springframework.test.jpa.OrmXmlOverridingShadowingClassLoader@2bbf1be2
2977 [main] DEBUG org.aspectj.weaver.tools.WeavingAdaptor  - 16:58:02.497 main &gt; org.aspectj.weaver.tools.WeavingAdaptor.weaveClass org.aspectj.weaver.loadtime.ClassLoaderWeavingAdaptor@10b090ac org/hibernate/ejb/connection/InjectedDataSourceConnectionProvider, byte[1834]
2977 [main] DEBUG org.aspectj.weaver.tools.WeavingAdaptor  - 16:58:02.497 main &lt; org.aspectj.weaver.tools.WeavingAdaptor.weaveClass false
2977 [main] DEBUG org.aspectj.weaver.loadtime.Aj  - 16:58:02.497 main &lt; org.aspectj.weaver.loadtime.Aj.preProcess byte[1834]
2977 [main] DEBUG org.aspectj.weaver.loadtime.Aj  - 16:58:02.497 main &gt; org.aspectj.weaver.loadtime.Aj.preProcess org.aspectj.weaver.loadtime.Aj@58027738 org/hibernate/connection/DatasourceConnectionProvider, byte[3735], org.springframework.test.jpa.OrmXmlOverridingShadowingClassLoader@2bbf1be2
2977 [main] DEBUG org.aspectj.weaver.loadtime.Aj  - 16:58:02.497 main - org.aspectj.weaver.loadtime.Aj.preProcess org.aspectj.weaver.loadtime.Aj@58027738 sun.misc.Launcher$AppClassLoader@302b2c81, org.springframework.test.jpa.OrmXmlOverridingShadowingClassLoader@2bbf1be2
2977 [main] DEBUG org.aspectj.weaver.tools.WeavingAdaptor  - 16:58:02.497 main &gt; org.aspectj.weaver.tools.WeavingAdaptor.weaveClass org.aspectj.weaver.loadtime.ClassLoaderWeavingAdaptor@10b090ac org/hibernate/connection/DatasourceConnectionProvider, byte[3735]
2977 [main] DEBUG org.aspectj.weaver.tools.WeavingAdaptor  - 16:58:02.497 main &lt; org.aspectj.weaver.tools.WeavingAdaptor.weaveClass false
2977 [main] DEBUG org.aspectj.weaver.loadtime.Aj  - 16:58:02.497 main &lt; org.aspectj.weaver.loadtime.Aj.preProcess byte[3735]
2978 [main] DEBUG org.aspectj.weaver.loadtime.Aj  - 16:58:02.498 main &gt; org.aspectj.weaver.loadtime.Aj.preProcess org.aspectj.weaver.loadtime.Aj@58027738 org/hibernate/connection/ConnectionProvider, byte[475], org.springframework.test.jpa.OrmXmlOverridingShadowingClassLoader@2bbf1be2
2978 [main] DEBUG org.aspectj.weaver.loadtime.Aj  - 16:58:02.498 main - org.aspectj.weaver.loadtime.Aj.preProcess org.aspectj.weaver.loadtime.Aj@58027738 sun.misc.Launcher$AppClassLoader@302b2c81, org.springframework.test.jpa.OrmXmlOverridingShadowingClassLoader@2bbf1be2
2978 [main] DEBUG org.aspectj.weaver.tools.WeavingAdaptor  - 16:58:02.498 main &gt; org.aspectj.weaver.tools.WeavingAdaptor.weaveClass org.aspectj.weaver.loadtime.ClassLoaderWeavingAdaptor@10b090ac org/hibernate/connection/ConnectionProvider, byte[475]
2978 [main] DEBUG org.aspectj.weaver.tools.WeavingAdaptor  - 16:58:02.498 main &lt; org.aspectj.weaver.tools.WeavingAdaptor.weaveClass false
2978 [main] DEBUG org.aspectj.weaver.loadtime.Aj  - 16:58:02.498 main &lt; org.aspectj.weaver.loadtime.Aj.preProcess byte[475]
2979 [main] DEBUG org.aspectj.weaver.loadtime.Aj  - 16:58:02.499 main &gt; org.aspectj.weaver.loadtime.Aj.preProcess org.aspectj.weaver.loadtime.Aj@58027738 org/hibernate/transaction/JDBCTransactionFactory, byte[1984], org.springframework.test.jpa.OrmXmlOverridingShadowingClassLoader@2bbf1be2
2979 [main] DEBUG org.aspectj.weaver.loadtime.Aj  - 16:58:02.499 main - org.aspectj.weaver.loadtime.Aj.preProcess org.aspectj.weaver.loadtime.Aj@58027738 sun.misc.Launcher$AppClassLoader@302b2c81, org.springframework.test.jpa.OrmXmlOverridingShadowingClassLoader@2bbf1be2
2979 [main] DEBUG org.aspectj.weaver.tools.WeavingAdaptor  - 16:58:02.499 main &gt; org.aspectj.weaver.tools.WeavingAdaptor.weaveClass org.aspectj.weaver.loadtime.ClassLoaderWeavingAdaptor@10b090ac org/hibernate/transaction/JDBCTransactionFactory, byte[1984]
2979 [main] DEBUG org.aspectj.weaver.tools.WeavingAdaptor  - 16:58:02.499 main &lt; org.aspectj.weaver.tools.WeavingAdaptor.weaveClass false
2979 [main] DEBUG org.aspectj.weaver.loadtime.Aj  - 16:58:02.499 main &lt; org.aspectj.weaver.loadtime.Aj.preProcess byte[1984]
2979 [main] DEBUG org.aspectj.weaver.loadtime.Aj  - 16:58:02.499 main &gt; org.aspectj.weaver.loadtime.Aj.preProcess org.aspectj.weaver.loadtime.Aj@58027738 org/hibernate/transaction/TransactionFactory, byte[830], org.springframework.test.jpa.OrmXmlOverridingShadowingClassLoader@2bbf1be2
2979 [main] DEBUG org.aspectj.weaver.loadtime.Aj  - 16:58:02.499 main - org.aspectj.weaver.loadtime.Aj.preProcess org.aspectj.weaver.loadtime.Aj@58027738 sun.misc.Launcher$AppClassLoader@302b2c81, org.springframework.test.jpa.OrmXmlOverridingShadowingClassLoader@2bbf1be2
2979 [main] DEBUG org.aspectj.weaver.tools.WeavingAdaptor  - 16:58:02.499 main &gt; org.aspectj.weaver.tools.WeavingAdaptor.weaveClass org.aspectj.weaver.loadtime.ClassLoaderWeavingAdaptor@10b090ac org/hibernate/transaction/TransactionFactory, byte[830]
2979 [main] DEBUG org.aspectj.weaver.tools.WeavingAdaptor  - 16:58:02.499 main &lt; org.aspectj.weaver.tools.WeavingAdaptor.weaveClass false
2979 [main] DEBUG org.aspectj.weaver.loadtime.Aj  - 16:58:02.499 main &lt; org.aspectj.weaver.loadtime.Aj.preProcess byte[830]
2980 [main] DEBUG org.aspectj.weaver.loadtime.Aj  - 16:58:02.500 main &gt; org.aspectj.weaver.loadtime.Aj.preProcess org.aspectj.weaver.loadtime.Aj@58027738 org/hibernate/util/ReflectHelper, byte[7044], org.springframework.test.jpa.OrmXmlOverridingShadowingClassLoader@2bbf1be2
2980 [main] DEBUG org.aspectj.weaver.loadtime.Aj  - 16:58:02.500 main - org.aspectj.weaver.loadtime.Aj.preProcess org.aspectj.weaver.loadtime.Aj@58027738 sun.misc.Launcher$AppClassLoader@302b2c81, org.springframework.test.jpa.OrmXmlOverridingShadowingClassLoader@2bbf1be2
2980 [main] DEBUG org.aspectj.weaver.tools.WeavingAdaptor  - 16:58:02.500 main &gt; org.aspectj.weaver.tools.WeavingAdaptor.weaveClass org.aspectj.weaver.loadtime.ClassLoaderWeavingAdaptor@10b090ac org/hibernate/util/ReflectHelper, byte[7044]
2980 [main] DEBUG org.aspectj.weaver.tools.WeavingAdaptor  - 16:58:02.500 main &lt; org.aspectj.weaver.tools.WeavingAdaptor.weaveClass false
2980 [main] DEBUG org.aspectj.weaver.loadtime.Aj  - 16:58:02.500 main &lt; org.aspectj.weaver.loadtime.Aj.preProcess byte[7044]
2982 [main] DEBUG org.aspectj.weaver.loadtime.Aj  - 16:58:02.502 main &gt; org.aspectj.weaver.loadtime.Aj.preProcess org.aspectj.weaver.loadtime.Aj@58027738 org/hibernate/PropertyNotFoundException, byte[400], org.springframework.test.jpa.OrmXmlOverridingShadowingClassLoader@2bbf1be2
2982 [main] DEBUG org.aspectj.weaver.loadtime.Aj  - 16:58:02.502 main - org.aspectj.weaver.loadtime.Aj.preProcess org.aspectj.weaver.loadtime.Aj@58027738 sun.misc.Launcher$AppClassLoader@302b2c81, org.springframework.test.jpa.OrmXmlOverridingShadowingClassLoader@2bbf1be2
2982 [main] DEBUG org.aspectj.weaver.tools.WeavingAdaptor  - 16:58:02.502 main &gt; org.aspectj.weaver.tools.WeavingAdaptor.weaveClass org.aspectj.weaver.loadtime.ClassLoaderWeavingAdaptor@10b090ac org/hibernate/PropertyNotFoundException, byte[400]
2982 [main] DEBUG org.aspectj.weaver.tools.WeavingAdaptor  - 16:58:02.502 main &lt; org.aspectj.weaver.tools.WeavingAdaptor.weaveClass false
2982 [main] DEBUG org.aspectj.weaver.loadtime.Aj  - 16:58:02.502 main &lt; org.aspectj.weaver.loadtime.Aj.preProcess byte[400]
2982 [main] DEBUG org.aspectj.weaver.loadtime.Aj  - 16:58:02.502 main &gt; org.aspectj.weaver.loadtime.Aj.preProcess org.aspectj.weaver.loadtime.Aj@58027738 org/hibernate/property/PropertyAccessor, byte[396], org.springframework.test.jpa.OrmXmlOverridingShadowingClassLoader@2bbf1be2
2982 [main] DEBUG org.aspectj.weaver.loadtime.Aj  - 16:58:02.502 main - org.aspectj.weaver.loadtime.Aj.preProcess org.aspectj.weaver.loadtime.Aj@58027738 sun.misc.Launcher$AppClassLoader@302b2c81, org.springframework.test.jpa.OrmXmlOverridingShadowingClassLoader@2bbf1be2
2982 [main] DEBUG org.aspectj.weaver.tools.WeavingAdaptor  - 16:58:02.502 main &gt; org.aspectj.weaver.tools.WeavingAdaptor.weaveClass org.aspectj.weaver.loadtime.ClassLoaderWeavingAdaptor@10b090ac org/hibernate/property/PropertyAccessor, byte[396]
2982 [main] DEBUG org.aspectj.weaver.tools.WeavingAdaptor  - 16:58:02.502 main &lt; org.aspectj.weaver.tools.WeavingAdaptor.weaveClass false
2982 [main] DEBUG org.aspectj.weaver.loadtime.Aj  - 16:58:02.502 main &lt; org.aspectj.weaver.loadtime.Aj.preProcess byte[396]
2983 [main] DEBUG org.aspectj.weaver.loadtime.Aj  - 16:58:02.503 main &gt; org.aspectj.weaver.loadtime.Aj.preProcess org.aspectj.weaver.loadtime.Aj@58027738 org/hibernate/property/BasicPropertyAccessor, byte[5549], org.springframework.test.jpa.OrmXmlOverridingShadowingClassLoader@2bbf1be2
2983 [main] DEBUG org.aspectj.weaver.loadtime.Aj  - 16:58:02.503 main - org.aspectj.weaver.loadtime.Aj.preProcess org.aspectj.weaver.loadtime.Aj@58027738 sun.misc.Launcher$AppClassLoader@302b2c81, org.springframework.test.jpa.OrmXmlOverridingShadowingClassLoader@2bbf1be2
2983 [main] DEBUG org.aspectj.weaver.tools.WeavingAdaptor  - 16:58:02.503 main &gt; org.aspectj.weaver.tools.WeavingAdaptor.weaveClass org.aspectj.weaver.loadtime.ClassLoaderWeavingAdaptor@10b090ac org/hibernate/property/BasicPropertyAccessor, byte[5549]
2983 [main] DEBUG org.aspectj.weaver.tools.WeavingAdaptor  - 16:58:02.503 main &lt; org.aspectj.weaver.tools.WeavingAdaptor.weaveClass false
2983 [main] DEBUG org.aspectj.weaver.loadtime.Aj  - 16:58:02.503 main &lt; org.aspectj.weaver.loadtime.Aj.preProcess byte[5549]
2983 [main] DEBUG org.aspectj.weaver.loadtime.Aj  - 16:58:02.503 main &gt; org.aspectj.weaver.loadtime.Aj.preProcess org.aspectj.weaver.loadtime.Aj@58027738 org/hibernate/property/Getter, byte[534], org.springframework.test.jpa.OrmXmlOverridingShadowingClassLoader@2bbf1be2
2983 [main] DEBUG org.aspectj.weaver.loadtime.Aj  - 16:58:02.503 main - org.aspectj.weaver.loadtime.Aj.preProcess org.aspectj.weaver.loadtime.Aj@58027738 sun.misc.Launcher$AppClassLoader@302b2c81, org.springframework.test.jpa.OrmXmlOverridingShadowingClassLoader@2bbf1be2
2984 [main] DEBUG org.aspectj.weaver.tools.WeavingAdaptor  - 16:58:02.503 main &gt; org.aspectj.weaver.tools.WeavingAdaptor.weaveClass org.aspectj.weaver.loadtime.ClassLoaderWeavingAdaptor@10b090ac org/hibernate/property/Getter, byte[534]
2984 [main] DEBUG org.aspectj.weaver.tools.WeavingAdaptor  - 16:58:02.504 main &lt; org.aspectj.weaver.tools.WeavingAdaptor.weaveClass false
2984 [main] DEBUG org.aspectj.weaver.loadtime.Aj  - 16:58:02.504 main &lt; org.aspectj.weaver.loadtime.Aj.preProcess byte[534]
2984 [main] DEBUG org.aspectj.weaver.loadtime.Aj  - 16:58:02.504 main &gt; org.aspectj.weaver.loadtime.Aj.preProcess org.aspectj.weaver.loadtime.Aj@58027738 org/hibernate/property/Setter, byte[407], org.springframework.test.jpa.OrmXmlOverridingShadowingClassLoader@2bbf1be2
2984 [main] DEBUG org.aspectj.weaver.loadtime.Aj  - 16:58:02.504 main - org.aspectj.weaver.loadtime.Aj.preProcess org.aspectj.weaver.loadtime.Aj@58027738 sun.misc.Launcher$AppClassLoader@302b2c81, org.springframework.test.jpa.OrmXmlOverridingShadowingClassLoader@2bbf1be2
2984 [main] DEBUG org.aspectj.weaver.tools.WeavingAdaptor  - 16:58:02.504 main &gt; org.aspectj.weaver.tools.WeavingAdaptor.weaveClass org.aspectj.weaver.loadtime.ClassLoaderWeavingAdaptor@10b090ac org/hibernate/property/Setter, byte[407]
2984 [main] DEBUG org.aspectj.weaver.tools.WeavingAdaptor  - 16:58:02.504 main &lt; org.aspectj.weaver.tools.WeavingAdaptor.weaveClass false
2984 [main] DEBUG org.aspectj.weaver.loadtime.Aj  - 16:58:02.504 main &lt; org.aspectj.weaver.loadtime.Aj.preProcess byte[407]
2985 [main] DEBUG org.aspectj.weaver.loadtime.Aj  - 16:58:02.505 main &gt; org.aspectj.weaver.loadtime.Aj.preProcess org.aspectj.weaver.loadtime.Aj@58027738 org/hibernate/property/DirectPropertyAccessor, byte[3068], org.springframework.test.jpa.OrmXmlOverridingShadowingClassLoader@2bbf1be2
2985 [main] DEBUG org.aspectj.weaver.loadtime.Aj  - 16:58:02.505 main - org.aspectj.weaver.loadtime.Aj.preProcess org.aspectj.weaver.loadtime.Aj@58027738 sun.misc.Launcher$AppClassLoader@302b2c81, org.springframework.test.jpa.OrmXmlOverridingShadowingClassLoader@2bbf1be2
2985 [main] DEBUG org.aspectj.weaver.tools.WeavingAdaptor  - 16:58:02.505 main &gt; org.aspectj.weaver.tools.WeavingAdaptor.weaveClass org.aspectj.weaver.loadtime.ClassLoaderWeavingAdaptor@10b090ac org/hibernate/property/DirectPropertyAccessor, byte[3068]
2985 [main] DEBUG org.aspectj.weaver.tools.WeavingAdaptor  - 16:58:02.505 main &lt; org.aspectj.weaver.tools.WeavingAdaptor.weaveClass false
2985 [main] DEBUG org.aspectj.weaver.loadtime.Aj  - 16:58:02.505 main &lt; org.aspectj.weaver.loadtime.Aj.preProcess byte[3068]
2986 [main] DEBUG org.aspectj.weaver.loadtime.Aj  - 16:58:02.506 main &gt; org.aspectj.weaver.loadtime.Aj.preProcess org.aspectj.weaver.loadtime.Aj@58027738 tudu/domain/model/Property, byte[1138], org.springframework.test.jpa.OrmXmlOverridingShadowingClassLoader@2bbf1be2
2986 [main] DEBUG org.aspectj.weaver.loadtime.Aj  - 16:58:02.506 main - org.aspectj.weaver.loadtime.Aj.preProcess org.aspectj.weaver.loadtime.Aj@58027738 sun.misc.Launcher$AppClassLoader@302b2c81, org.springframework.test.jpa.OrmXmlOverridingShadowingClassLoader@2bbf1be2
2986 [main] DEBUG org.aspectj.weaver.tools.WeavingAdaptor  - 16:58:02.506 main &gt; org.aspectj.weaver.tools.WeavingAdaptor.weaveClass org.aspectj.weaver.loadtime.ClassLoaderWeavingAdaptor@10b090ac tudu/domain/model/Property, byte[1138]
2986 [main] DEBUG org.aspectj.weaver.tools.WeavingAdaptor  - 16:58:02.506 main &lt; org.aspectj.weaver.tools.WeavingAdaptor.weaveClass false
2986 [main] DEBUG org.aspectj.weaver.loadtime.Aj  - 16:58:02.506 main &lt; org.aspectj.weaver.loadtime.Aj.preProcess byte[1138]
2986 [main] DEBUG org.aspectj.weaver.loadtime.Aj  - 16:58:02.506 main &gt; org.aspectj.weaver.loadtime.Aj.preProcess org.aspectj.weaver.loadtime.Aj@58027738 org/hibernate/annotations/common/reflection/java/generics/IdentityTypeEnvironment, byte[930], org.springframework.test.jpa.OrmXmlOverridingShadowingClassLoader@2bbf1be2
2986 [main] DEBUG org.aspectj.weaver.loadtime.Aj  - 16:58:02.506 main - org.aspectj.weaver.loadtime.Aj.preProcess org.aspectj.weaver.loadtime.Aj@58027738 sun.misc.Launcher$AppClassLoader@302b2c81, org.springframework.test.jpa.OrmXmlOverridingShadowingClassLoader@2bbf1be2
2986 [main] DEBUG org.aspectj.weaver.tools.WeavingAdaptor  - 16:58:02.506 main &gt; org.aspectj.weaver.tools.WeavingAdaptor.weaveClass org.aspectj.weaver.loadtime.ClassLoaderWeavingAdaptor@10b090ac org/hibernate/annotations/common/reflection/java/generics/IdentityTypeEnvironment, byte[930]
2986 [main] DEBUG org.aspectj.weaver.tools.WeavingAdaptor  - 16:58:02.506 main &lt; org.aspectj.weaver.tools.WeavingAdaptor.weaveClass false
2986 [main] DEBUG org.aspectj.weaver.loadtime.Aj  - 16:58:02.506 main &lt; org.aspectj.weaver.loadtime.Aj.preProcess byte[930]
2987 [main] DEBUG org.aspectj.weaver.loadtime.Aj  - 16:58:02.507 main &gt; org.aspectj.weaver.loadtime.Aj.preProcess org.aspectj.weaver.loadtime.Aj@58027738 org/hibernate/annotations/common/reflection/java/JavaReflectionManager$1, byte[3570], org.springframework.test.jpa.OrmXmlOverridingShadowingClassLoader@2bbf1be2
2987 [main] DEBUG org.aspectj.weaver.loadtime.Aj  - 16:58:02.507 main - org.aspectj.weaver.loadtime.Aj.preProcess org.aspectj.weaver.loadtime.Aj@58027738 sun.misc.Launcher$AppClassLoader@302b2c81, org.springframework.test.jpa.OrmXmlOverridingShadowingClassLoader@2bbf1be2
2987 [main] DEBUG org.aspectj.weaver.tools.WeavingAdaptor  - 16:58:02.507 main &gt; org.aspectj.weaver.tools.WeavingAdaptor.weaveClass org.aspectj.weaver.loadtime.ClassLoaderWeavingAdaptor@10b090ac org/hibernate/annotations/common/reflection/java/JavaReflectionManager$1, byte[3570]
2987 [main] DEBUG org.aspectj.weaver.tools.WeavingAdaptor  - 16:58:02.507 main &lt; org.aspectj.weaver.tools.WeavingAdaptor.weaveClass false
2987 [main] DEBUG org.aspectj.weaver.loadtime.Aj  - 16:58:02.507 main &lt; org.aspectj.weaver.loadtime.Aj.preProcess byte[3570]
2987 [main] DEBUG org.aspectj.weaver.loadtime.Aj  - 16:58:02.507 main &gt; org.aspectj.weaver.loadtime.Aj.preProcess org.aspectj.weaver.loadtime.Aj@58027738 org/hibernate/annotations/common/reflection/java/generics/TypeSwitch, byte[2543], org.springframework.test.jpa.OrmXmlOverridingShadowingClassLoader@2bbf1be2
2987 [main] DEBUG org.aspectj.weaver.loadtime.Aj  - 16:58:02.507 main - org.aspectj.weaver.loadtime.Aj.preProcess org.aspectj.weaver.loadtime.Aj@58027738 sun.misc.Launcher$AppClassLoader@302b2c81, org.springframework.test.jpa.OrmXmlOverridingShadowingClassLoader@2bbf1be2
2987 [main] DEBUG org.aspectj.weaver.tools.WeavingAdaptor  - 16:58:02.507 main &gt; org.aspectj.weaver.tools.WeavingAdaptor.weaveClass org.aspectj.weaver.loadtime.ClassLoaderWeavingAdaptor@10b090ac org/hibernate/annotations/common/reflection/java/generics/TypeSwitch, byte[2543]
2987 [main] DEBUG org.aspectj.weaver.tools.WeavingAdaptor  - 16:58:02.507 main &lt; org.aspectj.weaver.tools.WeavingAdaptor.weaveClass false
2988 [main] DEBUG org.aspectj.weaver.loadtime.Aj  - 16:58:02.508 main &lt; org.aspectj.weaver.loadtime.Aj.preProcess byte[2543]
2988 [main] DEBUG org.aspectj.weaver.loadtime.Aj  - 16:58:02.508 main &gt; org.aspectj.weaver.loadtime.Aj.preProcess org.aspectj.weaver.loadtime.Aj@58027738 org/hibernate/annotations/common/reflection/XClass, byte[1578], org.springframework.test.jpa.OrmXmlOverridingShadowingClassLoader@2bbf1be2
2988 [main] DEBUG org.aspectj.weaver.loadtime.Aj  - 16:58:02.508 main - org.aspectj.weaver.loadtime.Aj.preProcess org.aspectj.weaver.loadtime.Aj@58027738 sun.misc.Launcher$AppClassLoader@302b2c81, org.springframework.test.jpa.OrmXmlOverridingShadowingClassLoader@2bbf1be2
2988 [main] DEBUG org.aspectj.weaver.tools.WeavingAdaptor  - 16:58:02.508 main &gt; org.aspectj.weaver.tools.WeavingAdaptor.weaveClass org.aspectj.weaver.loadtime.ClassLoaderWeavingAdaptor@10b090ac org/hibernate/annotations/common/reflection/XClass, byte[1578]
2988 [main] DEBUG org.aspectj.weaver.tools.WeavingAdaptor  - 16:58:02.508 main &lt; org.aspectj.weaver.tools.WeavingAdaptor.weaveClass false
2988 [main] DEBUG org.aspectj.weaver.loadtime.Aj  - 16:58:02.508 main &lt; org.aspectj.weaver.loadtime.Aj.preProcess byte[1578]
2989 [main] DEBUG org.aspectj.weaver.loadtime.Aj  - 16:58:02.509 main &gt; org.aspectj.weaver.loadtime.Aj.preProcess org.aspectj.weaver.loadtime.Aj@58027738 org/hibernate/annotations/common/reflection/java/JavaReflectionManager$TypeKey, byte[1021], org.springframework.test.jpa.OrmXmlOverridingShadowingClassLoader@2bbf1be2
2989 [main] DEBUG org.aspectj.weaver.loadtime.Aj  - 16:58:02.509 main - org.aspectj.weaver.loadtime.Aj.preProcess org.aspectj.weaver.loadtime.Aj@58027738 sun.misc.Launcher$AppClassLoader@302b2c81, org.springframework.test.jpa.OrmXmlOverridingShadowingClassLoader@2bbf1be2
2989 [main] DEBUG org.aspectj.weaver.tools.WeavingAdaptor  - 16:58:02.509 main &gt; org.aspectj.weaver.tools.WeavingAdaptor.weaveClass org.aspectj.weaver.loadtime.ClassLoaderWeavingAdaptor@10b090ac org/hibernate/annotations/common/reflection/java/JavaReflectionManager$TypeKey, byte[1021]
2989 [main] DEBUG org.aspectj.weaver.tools.WeavingAdaptor  - 16:58:02.509 main &lt; org.aspectj.weaver.tools.WeavingAdaptor.weaveClass false
2989 [main] DEBUG org.aspectj.weaver.loadtime.Aj  - 16:58:02.509 main &lt; org.aspectj.weaver.loadtime.Aj.preProcess byte[1021]
2989 [main] DEBUG org.aspectj.weaver.loadtime.Aj  - 16:58:02.509 main &gt; org.aspectj.weaver.loadtime.Aj.preProcess org.aspectj.weaver.loadtime.Aj@58027738 org/hibernate/annotations/common/reflection/java/Pair, byte[1771], org.springframework.test.jpa.OrmXmlOverridingShadowingClassLoader@2bbf1be2
2989 [main] DEBUG org.aspectj.weaver.loadtime.Aj  - 16:58:02.509 main - org.aspectj.weaver.loadtime.Aj.preProcess org.aspectj.weaver.loadtime.Aj@58027738 sun.misc.Launcher$AppClassLoader@302b2c81, org.springframework.test.jpa.OrmXmlOverridingShadowingClassLoader@2bbf1be2
2989 [main] DEBUG org.aspectj.weaver.tools.WeavingAdaptor  - 16:58:02.509 main &gt; org.aspectj.weaver.tools.WeavingAdaptor.weaveClass org.aspectj.weaver.loadtime.ClassLoaderWeavingAdaptor@10b090ac org/hibernate/annotations/common/reflection/java/Pair, byte[1771]
2989 [main] DEBUG org.aspectj.weaver.tools.WeavingAdaptor  - 16:58:02.509 main &lt; org.aspectj.weaver.tools.WeavingAdaptor.weaveClass false
2989 [main] DEBUG org.aspectj.weaver.loadtime.Aj  - 16:58:02.509 main &lt; org.aspectj.weaver.loadtime.Aj.preProcess byte[1771]
2990 [main] DEBUG org.aspectj.weaver.loadtime.Aj  - 16:58:02.510 main &gt; org.aspectj.weaver.loadtime.Aj.preProcess org.aspectj.weaver.loadtime.Aj@58027738 org/hibernate/annotations/common/reflection/java/JavaXClass, byte[7437], org.springframework.test.jpa.OrmXmlOverridingShadowingClassLoader@2bbf1be2
2990 [main] DEBUG org.aspectj.weaver.loadtime.Aj  - 16:58:02.510 main - org.aspectj.weaver.loadtime.Aj.preProcess org.aspectj.weaver.loadtime.Aj@58027738 sun.misc.Launcher$AppClassLoader@302b2c81, org.springframework.test.jpa.OrmXmlOverridingShadowingClassLoader@2bbf1be2
2990 [main] DEBUG org.aspectj.weaver.tools.WeavingAdaptor  - 16:58:02.510 main &gt; org.aspectj.weaver.tools.WeavingAdaptor.weaveClass org.aspectj.weaver.loadtime.ClassLoaderWeavingAdaptor@10b090ac org/hibernate/annotations/common/reflection/java/JavaXClass, byte[7437]
2990 [main] DEBUG org.aspectj.weaver.tools.WeavingAdaptor  - 16:58:02.510 main &lt; org.aspectj.weaver.tools.WeavingAdaptor.weaveClass false
2990 [main] DEBUG org.aspectj.weaver.loadtime.Aj  - 16:58:02.510 main &lt; org.aspectj.weaver.loadtime.Aj.preProcess byte[7437]
2991 [main] DEBUG org.aspectj.weaver.loadtime.Aj  - 16:58:02.511 main &gt; org.aspectj.weaver.loadtime.Aj.preProcess org.aspectj.weaver.loadtime.Aj@58027738 org/hibernate/annotations/common/reflection/java/JavaXAnnotatedElement, byte[2739], org.springframework.test.jpa.OrmXmlOverridingShadowingClassLoader@2bbf1be2
2991 [main] DEBUG org.aspectj.weaver.loadtime.Aj  - 16:58:02.511 main - org.aspectj.weaver.loadtime.Aj.preProcess org.aspectj.weaver.loadtime.Aj@58027738 sun.misc.Launcher$AppClassLoader@302b2c81, org.springframework.test.jpa.OrmXmlOverridingShadowingClassLoader@2bbf1be2
2991 [main] DEBUG org.aspectj.weaver.tools.WeavingAdaptor  - 16:58:02.511 main &gt; org.aspectj.weaver.tools.WeavingAdaptor.weaveClass org.aspectj.weaver.loadtime.ClassLoaderWeavingAdaptor@10b090ac org/hibernate/annotations/common/reflection/java/JavaXAnnotatedElement, byte[2739]
2991 [main] DEBUG org.aspectj.weaver.tools.WeavingAdaptor  - 16:58:02.511 main &lt; org.aspectj.weaver.tools.WeavingAdaptor.weaveClass false
2991 [main] DEBUG org.aspectj.weaver.loadtime.Aj  - 16:58:02.511 main &lt; org.aspectj.weaver.loadtime.Aj.preProcess byte[2739]
2991 [main] DEBUG org.aspectj.weaver.loadtime.Aj  - 16:58:02.511 main &gt; org.aspectj.weaver.loadtime.Aj.preProcess org.aspectj.weaver.loadtime.Aj@58027738 org/hibernate/annotations/common/reflection/Filter, byte[192], org.springframework.test.jpa.OrmXmlOverridingShadowingClassLoader@2bbf1be2
2991 [main] DEBUG org.aspectj.weaver.loadtime.Aj  - 16:58:02.511 main - org.aspectj.weaver.loadtime.Aj.preProcess org.aspectj.weaver.loadtime.Aj@58027738 sun.misc.Launcher$AppClassLoader@302b2c81, org.springframework.test.jpa.OrmXmlOverridingShadowingClassLoader@2bbf1be2
2991 [main] DEBUG org.aspectj.weaver.tools.WeavingAdaptor  - 16:58:02.511 main &gt; org.aspectj.weaver.tools.WeavingAdaptor.weaveClass org.aspectj.weaver.loadtime.ClassLoaderWeavingAdaptor@10b090ac org/hibernate/annotations/common/reflection/Filter, byte[192]
2991 [main] DEBUG org.aspectj.weaver.tools.WeavingAdaptor  - 16:58:02.511 main &lt; org.aspectj.weaver.tools.WeavingAdaptor.weaveClass false
2991 [main] DEBUG org.aspectj.weaver.loadtime.Aj  - 16:58:02.511 main &lt; org.aspectj.weaver.loadtime.Aj.preProcess byte[192]
2992 [main] DEBUG org.aspectj.weaver.loadtime.Aj  - 16:58:02.512 main &gt; org.aspectj.weaver.loadtime.Aj.preProcess org.aspectj.weaver.loadtime.Aj@58027738 tudu/domain/model/Role, byte[888], org.springframework.test.jpa.OrmXmlOverridingShadowingClassLoader@2bbf1be2
2992 [main] DEBUG org.aspectj.weaver.loadtime.Aj  - 16:58:02.512 main - org.aspectj.weaver.loadtime.Aj.preProcess org.aspectj.weaver.loadtime.Aj@58027738 sun.misc.Launcher$AppClassLoader@302b2c81, org.springframework.test.jpa.OrmXmlOverridingShadowingClassLoader@2bbf1be2
2992 [main] DEBUG org.aspectj.weaver.tools.WeavingAdaptor  - 16:58:02.512 main &gt; org.aspectj.weaver.tools.WeavingAdaptor.weaveClass org.aspectj.weaver.loadtime.ClassLoaderWeavingAdaptor@10b090ac tudu/domain/model/Role, byte[888]
2992 [main] DEBUG org.aspectj.weaver.tools.WeavingAdaptor  - 16:58:02.512 main &lt; org.aspectj.weaver.tools.WeavingAdaptor.weaveClass false
2992 [main] DEBUG org.aspectj.weaver.loadtime.Aj  - 16:58:02.512 main &lt; org.aspectj.weaver.loadtime.Aj.preProcess byte[888]
2993 [main] DEBUG org.aspectj.weaver.loadtime.Aj  - 16:58:02.513 main &gt; org.aspectj.weaver.loadtime.Aj.preProcess org.aspectj.weaver.loadtime.Aj@58027738 tudu/domain/model/Todo, byte[5122], org.springframework.test.jpa.OrmXmlOverridingShadowingClassLoader@2bbf1be2
2993 [main] DEBUG org.aspectj.weaver.loadtime.Aj  - 16:58:02.513 main - org.aspectj.weaver.loadtime.Aj.preProcess org.aspectj.weaver.loadtime.Aj@58027738 sun.misc.Launcher$AppClassLoader@302b2c81, org.springframework.test.jpa.OrmXmlOverridingShadowingClassLoader@2bbf1be2
2993 [main] DEBUG org.aspectj.weaver.tools.WeavingAdaptor  - 16:58:02.513 main &gt; org.aspectj.weaver.tools.WeavingAdaptor.weaveClass org.aspectj.weaver.loadtime.ClassLoaderWeavingAdaptor@10b090ac tudu/domain/model/Todo, byte[5122]
2993 [main] DEBUG org.aspectj.weaver.tools.WeavingAdaptor  - 16:58:02.513 main &lt; org.aspectj.weaver.tools.WeavingAdaptor.weaveClass false
2993 [main] DEBUG org.aspectj.weaver.loadtime.Aj  - 16:58:02.513 main &lt; org.aspectj.weaver.loadtime.Aj.preProcess byte[5122]
2993 [main] DEBUG org.aspectj.weaver.loadtime.Aj  - 16:58:02.513 main &gt; org.aspectj.weaver.loadtime.Aj.preProcess org.aspectj.weaver.loadtime.Aj@58027738 tudu/domain/model/TodoList, byte[3776], org.springframework.test.jpa.OrmXmlOverridingShadowingClassLoader@2bbf1be2
2993 [main] DEBUG org.aspectj.weaver.loadtime.Aj  - 16:58:02.513 main - org.aspectj.weaver.loadtime.Aj.preProcess org.aspectj.weaver.loadtime.Aj@58027738 sun.misc.Launcher$AppClassLoader@302b2c81, org.springframework.test.jpa.OrmXmlOverridingShadowingClassLoader@2bbf1be2
2993 [main] DEBUG org.aspectj.weaver.tools.WeavingAdaptor  - 16:58:02.513 main &gt; org.aspectj.weaver.tools.WeavingAdaptor.weaveClass org.aspectj.weaver.loadtime.ClassLoaderWeavingAdaptor@10b090ac tudu/domain/model/TodoList, byte[3776]
2993 [main] DEBUG org.aspectj.weaver.tools.WeavingAdaptor  - 16:58:02.513 main &lt; org.aspectj.weaver.tools.WeavingAdaptor.weaveClass false
2993 [main] DEBUG org.aspectj.weaver.loadtime.Aj  - 16:58:02.513 main &lt; org.aspectj.weaver.loadtime.Aj.preProcess byte[3776]
2994 [main] DEBUG org.aspectj.weaver.loadtime.Aj  - 16:58:02.514 main &gt; org.aspectj.weaver.loadtime.Aj.preProcess org.aspectj.weaver.loadtime.Aj@58027738 tudu/domain/model/User, byte[4546], org.springframework.test.jpa.OrmXmlOverridingShadowingClassLoader@2bbf1be2
2994 [main] DEBUG org.aspectj.weaver.loadtime.Aj  - 16:58:02.514 main - org.aspectj.weaver.loadtime.Aj.preProcess org.aspectj.weaver.loadtime.Aj@58027738 sun.misc.Launcher$AppClassLoader@302b2c81, org.springframework.test.jpa.OrmXmlOverridingShadowingClassLoader@2bbf1be2
2994 [main] DEBUG org.aspectj.weaver.tools.WeavingAdaptor  - 16:58:02.514 main &gt; org.aspectj.weaver.tools.WeavingAdaptor.weaveClass org.aspectj.weaver.loadtime.ClassLoaderWeavingAdaptor@10b090ac tudu/domain/model/User, byte[4546]
2994 [main] DEBUG org.aspectj.weaver.tools.WeavingAdaptor  - 16:58:02.514 main &lt; org.aspectj.weaver.tools.WeavingAdaptor.weaveClass false
2994 [main] DEBUG org.aspectj.weaver.loadtime.Aj  - 16:58:02.514 main &lt; org.aspectj.weaver.loadtime.Aj.preProcess byte[4546]
2995 [main] DEBUG org.aspectj.weaver.loadtime.Aj  - 16:58:02.515 main &gt; org.aspectj.weaver.loadtime.Aj.preProcess org.aspectj.weaver.loadtime.Aj@58027738 org/hibernate/ejb/event/EntityCallbackHandler, byte[3997], org.springframework.test.jpa.OrmXmlOverridingShadowingClassLoader@2bbf1be2
2995 [main] DEBUG org.aspectj.weaver.loadtime.Aj  - 16:58:02.515 main - org.aspectj.weaver.loadtime.Aj.preProcess org.aspectj.weaver.loadtime.Aj@58027738 sun.misc.Launcher$AppClassLoader@302b2c81, org.springframework.test.jpa.OrmXmlOverridingShadowingClassLoader@2bbf1be2
2995 [main] DEBUG org.aspectj.weaver.tools.WeavingAdaptor  - 16:58:02.515 main &gt; org.aspectj.weaver.tools.WeavingAdaptor.weaveClass org.aspectj.weaver.loadtime.ClassLoaderWeavingAdaptor@10b090ac org/hibernate/ejb/event/EntityCallbackHandler, byte[3997]
2995 [main] DEBUG org.aspectj.weaver.tools.WeavingAdaptor  - 16:58:02.515 main &lt; org.aspectj.weaver.tools.WeavingAdaptor.weaveClass false
2995 [main] DEBUG org.aspectj.weaver.loadtime.Aj  - 16:58:02.515 main &lt; org.aspectj.weaver.loadtime.Aj.preProcess byte[3997]
2995 [main] DEBUG org.aspectj.weaver.loadtime.Aj  - 16:58:02.515 main &gt; org.aspectj.weaver.loadtime.Aj.preProcess org.aspectj.weaver.loadtime.Aj@58027738 org/hibernate/annotations/common/reflection/java/JavaAnnotationReader, byte[1335], org.springframework.test.jpa.OrmXmlOverridingShadowingClassLoader@2bbf1be2
2995 [main] DEBUG org.aspectj.weaver.loadtime.Aj  - 16:58:02.515 main - org.aspectj.weaver.loadtime.Aj.preProcess org.aspectj.weaver.loadtime.Aj@58027738 sun.misc.Launcher$AppClassLoader@302b2c81, org.springframework.test.jpa.OrmXmlOverridingShadowingClassLoader@2bbf1be2
2995 [main] DEBUG org.aspectj.weaver.tools.WeavingAdaptor  - 16:58:02.515 main &gt; org.aspectj.weaver.tools.WeavingAdaptor.weaveClass org.aspectj.weaver.loadtime.ClassLoaderWeavingAdaptor@10b090ac org/hibernate/annotations/common/reflection/java/JavaAnnotationReader, byte[1335]
2996 [main] DEBUG org.aspectj.weaver.tools.WeavingAdaptor  - 16:58:02.515 main &lt; org.aspectj.weaver.tools.WeavingAdaptor.weaveClass false
2996 [main] DEBUG org.aspectj.weaver.loadtime.Aj  - 16:58:02.516 main &lt; org.aspectj.weaver.loadtime.Aj.preProcess byte[1335]
3000 [main] DEBUG org.aspectj.weaver.loadtime.Aj  - 16:58:02.520 main &gt; org.aspectj.weaver.loadtime.Aj.preProcess org.aspectj.weaver.loadtime.Aj@58027738 org/hibernate/annotations/Cache, byte[592], org.springframework.test.jpa.OrmXmlOverridingShadowingClassLoader@2bbf1be2
3000 [main] DEBUG org.aspectj.weaver.loadtime.Aj  - 16:58:02.520 main - org.aspectj.weaver.loadtime.Aj.preProcess org.aspectj.weaver.loadtime.Aj@58027738 sun.misc.Launcher$AppClassLoader@302b2c81, org.springframework.test.jpa.OrmXmlOverridingShadowingClassLoader@2bbf1be2
3000 [main] DEBUG org.aspectj.weaver.tools.WeavingAdaptor  - 16:58:02.520 main &gt; org.aspectj.weaver.tools.WeavingAdaptor.weaveClass org.aspectj.weaver.loadtime.ClassLoaderWeavingAdaptor@10b090ac org/hibernate/annotations/Cache, byte[592]
3000 [main] DEBUG org.aspectj.weaver.tools.WeavingAdaptor  - 16:58:02.520 main &lt; org.aspectj.weaver.tools.WeavingAdaptor.weaveClass false
3001 [main] DEBUG org.aspectj.weaver.loadtime.Aj  - 16:58:02.521 main &lt; org.aspectj.weaver.loadtime.Aj.preProcess byte[592]
3001 [main] DEBUG org.aspectj.weaver.loadtime.Aj  - 16:58:02.521 main &gt; org.aspectj.weaver.loadtime.Aj.preProcess org.aspectj.weaver.loadtime.Aj@58027738 org/hibernate/annotations/CacheConcurrencyStrategy, byte[1325], org.springframework.test.jpa.OrmXmlOverridingShadowingClassLoader@2bbf1be2
3001 [main] DEBUG org.aspectj.weaver.loadtime.Aj  - 16:58:02.521 main - org.aspectj.weaver.loadtime.Aj.preProcess org.aspectj.weaver.loadtime.Aj@58027738 sun.misc.Launcher$AppClassLoader@302b2c81, org.springframework.test.jpa.OrmXmlOverridingShadowingClassLoader@2bbf1be2
3001 [main] DEBUG org.aspectj.weaver.tools.WeavingAdaptor  - 16:58:02.521 main &gt; org.aspectj.weaver.tools.WeavingAdaptor.weaveClass org.aspectj.weaver.loadtime.ClassLoaderWeavingAdaptor@10b090ac org/hibernate/annotations/CacheConcurrencyStrategy, byte[1325]
3001 [main] DEBUG org.aspectj.weaver.tools.WeavingAdaptor  - 16:58:02.521 main &lt; org.aspectj.weaver.tools.WeavingAdaptor.weaveClass false
3001 [main] DEBUG org.aspectj.weaver.loadtime.Aj  - 16:58:02.521 main &lt; org.aspectj.weaver.loadtime.Aj.preProcess byte[1325]
3007 [main] DEBUG org.aspectj.weaver.loadtime.Aj  - 16:58:02.527 main &gt; org.aspectj.weaver.loadtime.Aj.preProcess org.aspectj.weaver.loadtime.Aj@58027738 org/hibernate/cfg/ExtendedMappings, byte[12957], org.springframework.test.jpa.OrmXmlOverridingShadowingClassLoader@2bbf1be2
3007 [main] DEBUG org.aspectj.weaver.loadtime.Aj  - 16:58:02.527 main - org.aspectj.weaver.loadtime.Aj.preProcess org.aspectj.weaver.loadtime.Aj@58027738 sun.misc.Launcher$AppClassLoader@302b2c81, org.springframework.test.jpa.OrmXmlOverridingShadowingClassLoader@2bbf1be2
3007 [main] DEBUG org.aspectj.weaver.tools.WeavingAdaptor  - 16:58:02.527 main &gt; org.aspectj.weaver.tools.WeavingAdaptor.weaveClass org.aspectj.weaver.loadtime.ClassLoaderWeavingAdaptor@10b090ac org/hibernate/cfg/ExtendedMappings, byte[12957]
3007 [main] DEBUG org.aspectj.weaver.tools.WeavingAdaptor  - 16:58:02.527 main &lt; org.aspectj.weaver.tools.WeavingAdaptor.weaveClass false
3007 [main] DEBUG org.aspectj.weaver.loadtime.Aj  - 16:58:02.527 main &lt; org.aspectj.weaver.loadtime.Aj.preProcess byte[12957]
3008 [main] DEBUG org.aspectj.weaver.loadtime.Aj  - 16:58:02.528 main &gt; org.aspectj.weaver.loadtime.Aj.preProcess org.aspectj.weaver.loadtime.Aj@58027738 org/hibernate/cfg/Mappings, byte[15748], org.springframework.test.jpa.OrmXmlOverridingShadowingClassLoader@2bbf1be2
3008 [main] DEBUG org.aspectj.weaver.loadtime.Aj  - 16:58:02.528 main - org.aspectj.weaver.loadtime.Aj.preProcess org.aspectj.weaver.loadtime.Aj@58027738 sun.misc.Launcher$AppClassLoader@302b2c81, org.springframework.test.jpa.OrmXmlOverridingShadowingClassLoader@2bbf1be2
3008 [main] DEBUG org.aspectj.weaver.tools.WeavingAdaptor  - 16:58:02.528 main &gt; org.aspectj.weaver.tools.WeavingAdaptor.weaveClass org.aspectj.weaver.loadtime.ClassLoaderWeavingAdaptor@10b090ac org/hibernate/cfg/Mappings, byte[15748]
3008 [main] DEBUG org.aspectj.weaver.tools.WeavingAdaptor  - 16:58:02.528 main &lt; org.aspectj.weaver.tools.WeavingAdaptor.weaveClass false
3008 [main] DEBUG org.aspectj.weaver.loadtime.Aj  - 16:58:02.528 main &lt; org.aspectj.weaver.loadtime.Aj.preProcess byte[15748]
3009 [main] DEBUG org.aspectj.weaver.loadtime.Aj  - 16:58:02.528 main &gt; org.aspectj.weaver.loadtime.Aj.preProcess org.aspectj.weaver.loadtime.Aj@58027738 org/hibernate/DuplicateMappingException, byte[1054], org.springframework.test.jpa.OrmXmlOverridingShadowingClassLoader@2bbf1be2
3009 [main] DEBUG org.aspectj.weaver.loadtime.Aj  - 16:58:02.529 main - org.aspectj.weaver.loadtime.Aj.preProcess org.aspectj.weaver.loadtime.Aj@58027738 sun.misc.Launcher$AppClassLoader@302b2c81, org.springframework.test.jpa.OrmXmlOverridingShadowingClassLoader@2bbf1be2
3009 [main] DEBUG org.aspectj.weaver.tools.WeavingAdaptor  - 16:58:02.529 main &gt; org.aspectj.weaver.tools.WeavingAdaptor.weaveClass org.aspectj.weaver.loadtime.ClassLoaderWeavingAdaptor@10b090ac org/hibernate/DuplicateMappingException, byte[1054]
3009 [main] DEBUG org.aspectj.weaver.tools.WeavingAdaptor  - 16:58:02.529 main &lt; org.aspectj.weaver.tools.WeavingAdaptor.weaveClass false
3009 [main] DEBUG org.aspectj.weaver.loadtime.Aj  - 16:58:02.529 main &lt; org.aspectj.weaver.loadtime.Aj.preProcess byte[1054]
3009 [main] DEBUG org.aspectj.weaver.loadtime.Aj  - 16:58:02.529 main &gt; org.aspectj.weaver.loadtime.Aj.preProcess org.aspectj.weaver.loadtime.Aj@58027738 org/hibernate/mapping/Table, byte[18483], org.springframework.test.jpa.OrmXmlOverridingShadowingClassLoader@2bbf1be2
3009 [main] DEBUG org.aspectj.weaver.loadtime.Aj  - 16:58:02.529 main - org.aspectj.weaver.loadtime.Aj.preProcess org.aspectj.weaver.loadtime.Aj@58027738 sun.misc.Launcher$AppClassLoader@302b2c81, org.springframework.test.jpa.OrmXmlOverridingShadowingClassLoader@2bbf1be2
3009 [main] DEBUG org.aspectj.weaver.tools.WeavingAdaptor  - 16:58:02.529 main &gt; org.aspectj.weaver.tools.WeavingAdaptor.weaveClass org.aspectj.weaver.loadtime.ClassLoaderWeavingAdaptor@10b090ac org/hibernate/mapping/Table, byte[18483]
3009 [main] DEBUG org.aspectj.weaver.tools.WeavingAdaptor  - 16:58:02.529 main &lt; org.aspectj.weaver.tools.WeavingAdaptor.weaveClass false
3009 [main] DEBUG org.aspectj.weaver.loadtime.Aj  - 16:58:02.529 main &lt; org.aspectj.weaver.loadtime.Aj.preProcess byte[18483]
3010 [main] DEBUG org.aspectj.weaver.loadtime.Aj  - 16:58:02.530 main &gt; org.aspectj.weaver.loadtime.Aj.preProcess org.aspectj.weaver.loadtime.Aj@58027738 org/hibernate/mapping/RelationalModel, byte[454], org.springframework.test.jpa.OrmXmlOverridingShadowingClassLoader@2bbf1be2
3010 [main] DEBUG org.aspectj.weaver.loadtime.Aj  - 16:58:02.530 main - org.aspectj.weaver.loadtime.Aj.preProcess org.aspectj.weaver.loadtime.Aj@58027738 sun.misc.Launcher$AppClassLoader@302b2c81, org.springframework.test.jpa.OrmXmlOverridingShadowingClassLoader@2bbf1be2
3010 [main] DEBUG org.aspectj.weaver.tools.WeavingAdaptor  - 16:58:02.530 main &gt; org.aspectj.weaver.tools.WeavingAdaptor.weaveClass org.aspectj.weaver.loadtime.ClassLoaderWeavingAdaptor@10b090ac org/hibernate/mapping/RelationalModel, byte[454]
3010 [main] DEBUG org.aspectj.weaver.tools.WeavingAdaptor  - 16:58:02.530 main &lt; org.aspectj.weaver.tools.WeavingAdaptor.weaveClass false
3010 [main] DEBUG org.aspectj.weaver.loadtime.Aj  - 16:58:02.530 main &lt; org.aspectj.weaver.loadtime.Aj.preProcess byte[454]
3011 [main] DEBUG org.aspectj.weaver.loadtime.Aj  - 16:58:02.531 main &gt; org.aspectj.weaver.loadtime.Aj.preProcess org.aspectj.weaver.loadtime.Aj@58027738 org/hibernate/mapping/DenormalizedTable, byte[3215], org.springframework.test.jpa.OrmXmlOverridingShadowingClassLoader@2bbf1be2
3011 [main] DEBUG org.aspectj.weaver.loadtime.Aj  - 16:58:02.531 main - org.aspectj.weaver.loadtime.Aj.preProcess org.aspectj.weaver.loadtime.Aj@58027738 sun.misc.Launcher$AppClassLoader@302b2c81, org.springframework.test.jpa.OrmXmlOverridingShadowingClassLoader@2bbf1be2
3011 [main] DEBUG org.aspectj.weaver.tools.WeavingAdaptor  - 16:58:02.531 main &gt; org.aspectj.weaver.tools.WeavingAdaptor.weaveClass org.aspectj.weaver.loadtime.ClassLoaderWeavingAdaptor@10b090ac org/hibernate/mapping/DenormalizedTable, byte[3215]
3011 [main] DEBUG org.aspectj.weaver.tools.WeavingAdaptor  - 16:58:02.531 main &lt; org.aspectj.weaver.tools.WeavingAdaptor.weaveClass false
3011 [main] DEBUG org.aspectj.weaver.loadtime.Aj  - 16:58:02.531 main &lt; org.aspectj.weaver.loadtime.Aj.preProcess byte[3215]
3013 [main] DEBUG org.aspectj.weaver.loadtime.Aj  - 16:58:02.533 main &gt; org.aspectj.weaver.loadtime.Aj.preProcess org.aspectj.weaver.loadtime.Aj@58027738 org/hibernate/cfg/AnnotationBinder, byte[72096], org.springframework.test.jpa.OrmXmlOverridingShadowingClassLoader@2bbf1be2
3013 [main] DEBUG org.aspectj.weaver.loadtime.Aj  - 16:58:02.533 main - org.aspectj.weaver.loadtime.Aj.preProcess org.aspectj.weaver.loadtime.Aj@58027738 sun.misc.Launcher$AppClassLoader@302b2c81, org.springframework.test.jpa.OrmXmlOverridingShadowingClassLoader@2bbf1be2
3013 [main] DEBUG org.aspectj.weaver.tools.WeavingAdaptor  - 16:58:02.533 main &gt; org.aspectj.weaver.tools.WeavingAdaptor.weaveClass org.aspectj.weaver.loadtime.ClassLoaderWeavingAdaptor@10b090ac org/hibernate/cfg/AnnotationBinder, byte[72096]
3013 [main] DEBUG org.aspectj.weaver.tools.WeavingAdaptor  - 16:58:02.533 main &lt; org.aspectj.weaver.tools.WeavingAdaptor.weaveClass false
3013 [main] DEBUG org.aspectj.weaver.loadtime.Aj  - 16:58:02.533 main &lt; org.aspectj.weaver.loadtime.Aj.preProcess byte[72096]
3015 [main] DEBUG org.aspectj.weaver.loadtime.Aj  - 16:58:02.535 main &gt; org.aspectj.weaver.loadtime.Aj.preProcess org.aspectj.weaver.loadtime.Aj@58027738 org/hibernate/mapping/RootClass, byte[9767], org.springframework.test.jpa.OrmXmlOverridingShadowingClassLoader@2bbf1be2
3015 [main] DEBUG org.aspectj.weaver.loadtime.Aj  - 16:58:02.535 main - org.aspectj.weaver.loadtime.Aj.preProcess org.aspectj.weaver.loadtime.Aj@58027738 sun.misc.Launcher$AppClassLoader@302b2c81, org.springframework.test.jpa.OrmXmlOverridingShadowingClassLoader@2bbf1be2
3015 [main] DEBUG org.aspectj.weaver.tools.WeavingAdaptor  - 16:58:02.535 main &gt; org.aspectj.weaver.tools.WeavingAdaptor.weaveClass org.aspectj.weaver.loadtime.ClassLoaderWeavingAdaptor@10b090ac org/hibernate/mapping/RootClass, byte[9767]
3015 [main] DEBUG org.aspectj.weaver.tools.WeavingAdaptor  - 16:58:02.535 main &lt; org.aspectj.weaver.tools.WeavingAdaptor.weaveClass false
3015 [main] DEBUG org.aspectj.weaver.loadtime.Aj  - 16:58:02.535 main &lt; org.aspectj.weaver.loadtime.Aj.preProcess byte[9767]
3016 [main] DEBUG org.aspectj.weaver.loadtime.Aj  - 16:58:02.536 main &gt; org.aspectj.weaver.loadtime.Aj.preProcess org.aspectj.weaver.loadtime.Aj@58027738 org/hibernate/mapping/TableOwner, byte[177], org.springframework.test.jpa.OrmXmlOverridingShadowingClassLoader@2bbf1be2
3016 [main] DEBUG org.aspectj.weaver.loadtime.Aj  - 16:58:02.536 main - org.aspectj.weaver.loadtime.Aj.preProcess org.aspectj.weaver.loadtime.Aj@58027738 sun.misc.Launcher$AppClassLoader@302b2c81, org.springframework.test.jpa.OrmXmlOverridingShadowingClassLoader@2bbf1be2
3016 [main] DEBUG org.aspectj.weaver.tools.WeavingAdaptor  - 16:58:02.536 main &gt; org.aspectj.weaver.tools.WeavingAdaptor.weaveClass org.aspectj.weaver.loadtime.ClassLoaderWeavingAdaptor@10b090ac org/hibernate/mapping/TableOwner, byte[177]
3016 [main] DEBUG org.aspectj.weaver.tools.WeavingAdaptor  - 16:58:02.536 main &lt; org.aspectj.weaver.tools.WeavingAdaptor.weaveClass false
3016 [main] DEBUG org.aspectj.weaver.loadtime.Aj  - 16:58:02.536 main &lt; org.aspectj.weaver.loadtime.Aj.preProcess byte[177]
3017 [main] DEBUG org.aspectj.weaver.loadtime.Aj  - 16:58:02.537 main &gt; org.aspectj.weaver.loadtime.Aj.preProcess org.aspectj.weaver.loadtime.Aj@58027738 org/hibernate/mapping/PersistentClass, byte[22286], org.springframework.test.jpa.OrmXmlOverridingShadowingClassLoader@2bbf1be2
3017 [main] DEBUG org.aspectj.weaver.loadtime.Aj  - 16:58:02.537 main - org.aspectj.weaver.loadtime.Aj.preProcess org.aspectj.weaver.loadtime.Aj@58027738 sun.misc.Launcher$AppClassLoader@302b2c81, org.springframework.test.jpa.OrmXmlOverridingShadowingClassLoader@2bbf1be2
3017 [main] DEBUG org.aspectj.weaver.tools.WeavingAdaptor  - 16:58:02.537 main &gt; org.aspectj.weaver.tools.WeavingAdaptor.weaveClass org.aspectj.weaver.loadtime.ClassLoaderWeavingAdaptor@10b090ac org/hibernate/mapping/PersistentClass, byte[22286]
3017 [main] DEBUG org.aspectj.weaver.tools.WeavingAdaptor  - 16:58:02.537 main &lt; org.aspectj.weaver.tools.WeavingAdaptor.weaveClass false
3017 [main] DEBUG org.aspectj.weaver.loadtime.Aj  - 16:58:02.537 main &lt; org.aspectj.weaver.loadtime.Aj.preProcess byte[22286]
3017 [main] DEBUG org.aspectj.weaver.loadtime.Aj  - 16:58:02.537 main &gt; org.aspectj.weaver.loadtime.Aj.preProcess org.aspectj.weaver.loadtime.Aj@58027738 org/hibernate/mapping/Filterable, byte[228], org.springframework.test.jpa.OrmXmlOverridingShadowingClassLoader@2bbf1be2
3017 [main] DEBUG org.aspectj.weaver.loadtime.Aj  - 16:58:02.537 main - org.aspectj.weaver.loadtime.Aj.preProcess org.aspectj.weaver.loadtime.Aj@58027738 sun.misc.Launcher$AppClassLoader@302b2c81, org.springframework.test.jpa.OrmXmlOverridingShadowingClassLoader@2bbf1be2
3017 [main] DEBUG org.aspectj.weaver.tools.WeavingAdaptor  - 16:58:02.537 main &gt; org.aspectj.weaver.tools.WeavingAdaptor.weaveClass org.aspectj.weaver.loadtime.ClassLoaderWeavingAdaptor@10b090ac org/hibernate/mapping/Filterable, byte[228]
3018 [main] DEBUG org.aspectj.weaver.tools.WeavingAdaptor  - 16:58:02.538 main &lt; org.aspectj.weaver.tools.WeavingAdaptor.weaveClass false
3018 [main] DEBUG org.aspectj.weaver.loadtime.Aj  - 16:58:02.538 main &lt; org.aspectj.weaver.loadtime.Aj.preProcess byte[228]
3018 [main] DEBUG org.aspectj.weaver.loadtime.Aj  - 16:58:02.538 main &gt; org.aspectj.weaver.loadtime.Aj.preProcess org.aspectj.weaver.loadtime.Aj@58027738 org/hibernate/mapping/MetaAttributable, byte[319], org.springframework.test.jpa.OrmXmlOverridingShadowingClassLoader@2bbf1be2
3018 [main] DEBUG org.aspectj.weaver.loadtime.Aj  - 16:58:02.538 main - org.aspectj.weaver.loadtime.Aj.preProcess org.aspectj.weaver.loadtime.Aj@58027738 sun.misc.Launcher$AppClassLoader@302b2c81, org.springframework.test.jpa.OrmXmlOverridingShadowingClassLoader@2bbf1be2
3018 [main] DEBUG org.aspectj.weaver.tools.WeavingAdaptor  - 16:58:02.538 main &gt; org.aspectj.weaver.tools.WeavingAdaptor.weaveClass org.aspectj.weaver.loadtime.ClassLoaderWeavingAdaptor@10b090ac org/hibernate/mapping/MetaAttributable, byte[319]
3018 [main] DEBUG org.aspectj.weaver.tools.WeavingAdaptor  - 16:58:02.538 main &lt; org.aspectj.weaver.tools.WeavingAdaptor.weaveClass false
3018 [main] DEBUG org.aspectj.weaver.loadtime.Aj  - 16:58:02.538 main &lt; org.aspectj.weaver.loadtime.Aj.preProcess byte[319]
3019 [main] DEBUG org.aspectj.weaver.loadtime.Aj  - 16:58:02.539 main &gt; org.aspectj.weaver.loadtime.Aj.preProcess org.aspectj.weaver.loadtime.Aj@58027738 org/hibernate/mapping/SimpleValue, byte[10089], org.springframework.test.jpa.OrmXmlOverridingShadowingClassLoader@2bbf1be2
3019 [main] DEBUG org.aspectj.weaver.loadtime.Aj  - 16:58:02.539 main - org.aspectj.weaver.loadtime.Aj.preProcess org.aspectj.weaver.loadtime.Aj@58027738 sun.misc.Launcher$AppClassLoader@302b2c81, org.springframework.test.jpa.OrmXmlOverridingShadowingClassLoader@2bbf1be2
3019 [main] DEBUG org.aspectj.weaver.tools.WeavingAdaptor  - 16:58:02.539 main &gt; org.aspectj.weaver.tools.WeavingAdaptor.weaveClass org.aspectj.weaver.loadtime.ClassLoaderWeavingAdaptor@10b090ac org/hibernate/mapping/SimpleValue, byte[10089]
3019 [main] DEBUG org.aspectj.weaver.tools.WeavingAdaptor  - 16:58:02.539 main &lt; org.aspectj.weaver.tools.WeavingAdaptor.weaveClass false
3019 [main] DEBUG org.aspectj.weaver.loadtime.Aj  - 16:58:02.539 main &lt; org.aspectj.weaver.loadtime.Aj.preProcess byte[10089]
3019 [main] DEBUG org.aspectj.weaver.loadtime.Aj  - 16:58:02.539 main &gt; org.aspectj.weaver.loadtime.Aj.preProcess org.aspectj.weaver.loadtime.Aj@58027738 org/hibernate/mapping/KeyValue, byte[623], org.springframework.test.jpa.OrmXmlOverridingShadowingClassLoader@2bbf1be2
3019 [main] DEBUG org.aspectj.weaver.loadtime.Aj  - 16:58:02.539 main - org.aspectj.weaver.loadtime.Aj.preProcess org.aspectj.weaver.loadtime.Aj@58027738 sun.misc.Launcher$AppClassLoader@302b2c81, org.springframework.test.jpa.OrmXmlOverridingShadowingClassLoader@2bbf1be2
3019 [main] DEBUG org.aspectj.weaver.tools.WeavingAdaptor  - 16:58:02.539 main &gt; org.aspectj.weaver.tools.WeavingAdaptor.weaveClass org.aspectj.weaver.loadtime.ClassLoaderWeavingAdaptor@10b090ac org/hibernate/mapping/KeyValue, byte[623]
3019 [main] DEBUG org.aspectj.weaver.tools.WeavingAdaptor  - 16:58:02.539 main &lt; org.aspectj.weaver.tools.WeavingAdaptor.weaveClass false
3019 [main] DEBUG org.aspectj.weaver.loadtime.Aj  - 16:58:02.539 main &lt; org.aspectj.weaver.loadtime.Aj.preProcess byte[623]
3020 [main] DEBUG org.aspectj.weaver.loadtime.Aj  - 16:58:02.540 main &gt; org.aspectj.weaver.loadtime.Aj.preProcess org.aspectj.weaver.loadtime.Aj@58027738 org/hibernate/mapping/Value, byte[881], org.springframework.test.jpa.OrmXmlOverridingShadowingClassLoader@2bbf1be2
3020 [main] DEBUG org.aspectj.weaver.loadtime.Aj  - 16:58:02.540 main - org.aspectj.weaver.loadtime.Aj.preProcess org.aspectj.weaver.loadtime.Aj@58027738 sun.misc.Launcher$AppClassLoader@302b2c81, org.springframework.test.jpa.OrmXmlOverridingShadowingClassLoader@2bbf1be2
3020 [main] DEBUG org.aspectj.weaver.tools.WeavingAdaptor  - 16:58:02.540 main &gt; org.aspectj.weaver.tools.WeavingAdaptor.weaveClass org.aspectj.weaver.loadtime.ClassLoaderWeavingAdaptor@10b090ac org/hibernate/mapping/Value, byte[881]
3020 [main] DEBUG org.aspectj.weaver.tools.WeavingAdaptor  - 16:58:02.540 main &lt; org.aspectj.weaver.tools.WeavingAdaptor.weaveClass false
3020 [main] DEBUG org.aspectj.weaver.loadtime.Aj  - 16:58:02.540 main &lt; org.aspectj.weaver.loadtime.Aj.preProcess byte[881]
3020 [main] DEBUG org.aspectj.weaver.loadtime.Aj  - 16:58:02.540 main &gt; org.aspectj.weaver.loadtime.Aj.preProcess org.aspectj.weaver.loadtime.Aj@58027738 org/hibernate/cfg/PropertyData, byte[546], org.springframework.test.jpa.OrmXmlOverridingShadowingClassLoader@2bbf1be2
3020 [main] DEBUG org.aspectj.weaver.loadtime.Aj  - 16:58:02.540 main - org.aspectj.weaver.loadtime.Aj.preProcess org.aspectj.weaver.loadtime.Aj@58027738 sun.misc.Launcher$AppClassLoader@302b2c81, org.springframework.test.jpa.OrmXmlOverridingShadowingClassLoader@2bbf1be2
3021 [main] DEBUG org.aspectj.weaver.tools.WeavingAdaptor  - 16:58:02.541 main &gt; org.aspectj.weaver.tools.WeavingAdaptor.weaveClass org.aspectj.weaver.loadtime.ClassLoaderWeavingAdaptor@10b090ac org/hibernate/cfg/PropertyData, byte[546]
3021 [main] DEBUG org.aspectj.weaver.tools.WeavingAdaptor  - 16:58:02.541 main &lt; org.aspectj.weaver.tools.WeavingAdaptor.weaveClass false
3021 [main] DEBUG org.aspectj.weaver.loadtime.Aj  - 16:58:02.541 main &lt; org.aspectj.weaver.loadtime.Aj.preProcess byte[546]
3021 [main] DEBUG org.aspectj.weaver.loadtime.Aj  - 16:58:02.541 main &gt; org.aspectj.weaver.loadtime.Aj.preProcess org.aspectj.weaver.loadtime.Aj@58027738 org/hibernate/cfg/NotYetImplementedException, byte[703], org.springframework.test.jpa.OrmXmlOverridingShadowingClassLoader@2bbf1be2
3021 [main] DEBUG org.aspectj.weaver.loadtime.Aj  - 16:58:02.541 main - org.aspectj.weaver.loadtime.Aj.preProcess org.aspectj.weaver.loadtime.Aj@58027738 sun.misc.Launcher$AppClassLoader@302b2c81, org.springframework.test.jpa.OrmXmlOverridingShadowingClassLoader@2bbf1be2
3021 [main] DEBUG org.aspectj.weaver.tools.WeavingAdaptor  - 16:58:02.541 main &gt; org.aspectj.weaver.tools.WeavingAdaptor.weaveClass org.aspectj.weaver.loadtime.ClassLoaderWeavingAdaptor@10b090ac org/hibernate/cfg/NotYetImplementedException, byte[703]
3021 [main] DEBUG org.aspectj.weaver.tools.WeavingAdaptor  - 16:58:02.541 main &lt; org.aspectj.weaver.tools.WeavingAdaptor.weaveClass false
3021 [main] DEBUG org.aspectj.weaver.loadtime.Aj  - 16:58:02.541 main &lt; org.aspectj.weaver.loadtime.Aj.preProcess byte[703]
3022 [main] DEBUG org.aspectj.weaver.loadtime.Aj  - 16:58:02.542 main &gt; org.aspectj.weaver.loadtime.Aj.preProcess org.aspectj.weaver.loadtime.Aj@58027738 org/hibernate/cfg/Ejb3Column, byte[14157], org.springframework.test.jpa.OrmXmlOverridingShadowingClassLoader@2bbf1be2
3022 [main] DEBUG org.aspectj.weaver.loadtime.Aj  - 16:58:02.542 main - org.aspectj.weaver.loadtime.Aj.preProcess org.aspectj.weaver.loadtime.Aj@58027738 sun.misc.Launcher$AppClassLoader@302b2c81, org.springframework.test.jpa.OrmXmlOverridingShadowingClassLoader@2bbf1be2
3022 [main] DEBUG org.aspectj.weaver.tools.WeavingAdaptor  - 16:58:02.542 main &gt; org.aspectj.weaver.tools.WeavingAdaptor.weaveClass org.aspectj.weaver.loadtime.ClassLoaderWeavingAdaptor@10b090ac org/hibernate/cfg/Ejb3Column, byte[14157]
3022 [main] DEBUG org.aspectj.weaver.tools.WeavingAdaptor  - 16:58:02.542 main &lt; org.aspectj.weaver.tools.WeavingAdaptor.weaveClass false
3022 [main] DEBUG org.aspectj.weaver.loadtime.Aj  - 16:58:02.542 main &lt; org.aspectj.weaver.loadtime.Aj.preProcess byte[14157]
3023 [main] DEBUG org.aspectj.weaver.loadtime.Aj  - 16:58:02.543 main &gt; org.aspectj.weaver.loadtime.Aj.preProcess org.aspectj.weaver.loadtime.Aj@58027738 org/hibernate/cfg/Ejb3JoinColumn, byte[15426], org.springframework.test.jpa.OrmXmlOverridingShadowingClassLoader@2bbf1be2
3023 [main] DEBUG org.aspectj.weaver.loadtime.Aj  - 16:58:02.543 main - org.aspectj.weaver.loadtime.Aj.preProcess org.aspectj.weaver.loadtime.Aj@58027738 sun.misc.Launcher$AppClassLoader@302b2c81, org.springframework.test.jpa.OrmXmlOverridingShadowingClassLoader@2bbf1be2
3023 [main] DEBUG org.aspectj.weaver.tools.WeavingAdaptor  - 16:58:02.543 main &gt; org.aspectj.weaver.tools.WeavingAdaptor.weaveClass org.aspectj.weaver.loadtime.ClassLoaderWeavingAdaptor@10b090ac org/hibernate/cfg/Ejb3JoinColumn, byte[15426]
3023 [main] DEBUG org.aspectj.weaver.tools.WeavingAdaptor  - 16:58:02.543 main &lt; org.aspectj.weaver.tools.WeavingAdaptor.weaveClass false
3023 [main] DEBUG org.aspectj.weaver.loadtime.Aj  - 16:58:02.543 main &lt; org.aspectj.weaver.loadtime.Aj.preProcess byte[15426]
3024 [main] DEBUG org.aspectj.weaver.loadtime.Aj  - 16:58:02.544 main &gt; org.aspectj.weaver.loadtime.Aj.preProcess org.aspectj.weaver.loadtime.Aj@58027738 org/hibernate/cfg/InheritanceState, byte[3357], org.springframework.test.jpa.OrmXmlOverridingShadowingClassLoader@2bbf1be2
3024 [main] DEBUG org.aspectj.weaver.loadtime.Aj  - 16:58:02.544 main - org.aspectj.weaver.loadtime.Aj.preProcess org.aspectj.weaver.loadtime.Aj@58027738 sun.misc.Launcher$AppClassLoader@302b2c81, org.springframework.test.jpa.OrmXmlOverridingShadowingClassLoader@2bbf1be2
3024 [main] DEBUG org.aspectj.weaver.tools.WeavingAdaptor  - 16:58:02.544 main &gt; org.aspectj.weaver.tools.WeavingAdaptor.weaveClass org.aspectj.weaver.loadtime.ClassLoaderWeavingAdaptor@10b090ac org/hibernate/cfg/InheritanceState, byte[3357]
3024 [main] DEBUG org.aspectj.weaver.tools.WeavingAdaptor  - 16:58:02.544 main &lt; org.aspectj.weaver.tools.WeavingAdaptor.weaveClass false
3024 [main] DEBUG org.aspectj.weaver.loadtime.Aj  - 16:58:02.544 main &lt; org.aspectj.weaver.loadtime.Aj.preProcess byte[3357]
3024 [main] DEBUG org.aspectj.weaver.loadtime.Aj  - 16:58:02.544 main &gt; org.aspectj.weaver.loadtime.Aj.preProcess org.aspectj.weaver.loadtime.Aj@58027738 org/hibernate/annotations/AccessType, byte[455], org.springframework.test.jpa.OrmXmlOverridingShadowingClassLoader@2bbf1be2
3024 [main] DEBUG org.aspectj.weaver.loadtime.Aj  - 16:58:02.544 main - org.aspectj.weaver.loadtime.Aj.preProcess org.aspectj.weaver.loadtime.Aj@58027738 sun.misc.Launcher$AppClassLoader@302b2c81, org.springframework.test.jpa.OrmXmlOverridingShadowingClassLoader@2bbf1be2
3024 [main] DEBUG org.aspectj.weaver.tools.WeavingAdaptor  - 16:58:02.544 main &gt; org.aspectj.weaver.tools.WeavingAdaptor.weaveClass org.aspectj.weaver.loadtime.ClassLoaderWeavingAdaptor@10b090ac org/hibernate/annotations/AccessType, byte[455]
3024 [main] DEBUG org.aspectj.weaver.tools.WeavingAdaptor  - 16:58:02.544 main &lt; org.aspectj.weaver.tools.WeavingAdaptor.weaveClass false
3024 [main] DEBUG org.aspectj.weaver.loadtime.Aj  - 16:58:02.544 main &lt; org.aspectj.weaver.loadtime.Aj.preProcess byte[455]
3025 [main] DEBUG org.aspectj.weaver.loadtime.Aj  - 16:58:02.545 main &gt; org.aspectj.weaver.loadtime.Aj.preProcess org.aspectj.weaver.loadtime.Aj@58027738 org/hibernate/mapping/SingleTableSubclass, byte[2135], org.springframework.test.jpa.OrmXmlOverridingShadowingClassLoader@2bbf1be2
3025 [main] DEBUG org.aspectj.weaver.loadtime.Aj  - 16:58:02.545 main - org.aspectj.weaver.loadtime.Aj.preProcess org.aspectj.weaver.loadtime.Aj@58027738 sun.misc.Launcher$AppClassLoader@302b2c81, org.springframework.test.jpa.OrmXmlOverridingShadowingClassLoader@2bbf1be2
3025 [main] DEBUG org.aspectj.weaver.tools.WeavingAdaptor  - 16:58:02.545 main &gt; org.aspectj.weaver.tools.WeavingAdaptor.weaveClass org.aspectj.weaver.loadtime.ClassLoaderWeavingAdaptor@10b090ac org/hibernate/mapping/SingleTableSubclass, byte[2135]
3025 [main] DEBUG org.aspectj.weaver.tools.WeavingAdaptor  - 16:58:02.545 main &lt; org.aspectj.weaver.tools.WeavingAdaptor.weaveClass false
3025 [main] DEBUG org.aspectj.weaver.loadtime.Aj  - 16:58:02.545 main &lt; org.aspectj.weaver.loadtime.Aj.preProcess byte[2135]
3026 [main] DEBUG org.aspectj.weaver.loadtime.Aj  - 16:58:02.546 main &gt; org.aspectj.weaver.loadtime.Aj.preProcess org.aspectj.weaver.loadtime.Aj@58027738 org/hibernate/mapping/Subclass, byte[7521], org.springframework.test.jpa.OrmXmlOverridingShadowingClassLoader@2bbf1be2
3026 [main] DEBUG org.aspectj.weaver.loadtime.Aj  - 16:58:02.546 main - org.aspectj.weaver.loadtime.Aj.preProcess org.aspectj.weaver.loadtime.Aj@58027738 sun.misc.Launcher$AppClassLoader@302b2c81, org.springframework.test.jpa.OrmXmlOverridingShadowingClassLoader@2bbf1be2
3026 [main] DEBUG org.aspectj.weaver.tools.WeavingAdaptor  - 16:58:02.546 main &gt; org.aspectj.weaver.tools.WeavingAdaptor.weaveClass org.aspectj.weaver.loadtime.ClassLoaderWeavingAdaptor@10b090ac org/hibernate/mapping/Subclass, byte[7521]
3026 [main] DEBUG org.aspectj.weaver.tools.WeavingAdaptor  - 16:58:02.546 main &lt; org.aspectj.weaver.tools.WeavingAdaptor.weaveClass false
3026 [main] DEBUG org.aspectj.weaver.loadtime.Aj  - 16:58:02.546 main &lt; org.aspectj.weaver.loadtime.Aj.preProcess byte[7521]
3026 [main] DEBUG org.aspectj.weaver.loadtime.Aj  - 16:58:02.546 main &gt; org.aspectj.weaver.loadtime.Aj.preProcess org.aspectj.weaver.loadtime.Aj@58027738 org/hibernate/mapping/JoinedSubclass, byte[2472], org.springframework.test.jpa.OrmXmlOverridingShadowingClassLoader@2bbf1be2
3026 [main] DEBUG org.aspectj.weaver.loadtime.Aj  - 16:58:02.546 main - org.aspectj.weaver.loadtime.Aj.preProcess org.aspectj.weaver.loadtime.Aj@58027738 sun.misc.Launcher$AppClassLoader@302b2c81, org.springframework.test.jpa.OrmXmlOverridingShadowingClassLoader@2bbf1be2
3026 [main] DEBUG org.aspectj.weaver.tools.WeavingAdaptor  - 16:58:02.546 main &gt; org.aspectj.weaver.tools.WeavingAdaptor.weaveClass org.aspectj.weaver.loadtime.ClassLoaderWeavingAdaptor@10b090ac org/hibernate/mapping/JoinedSubclass, byte[2472]
3026 [main] DEBUG org.aspectj.weaver.tools.WeavingAdaptor  - 16:58:02.546 main &lt; org.aspectj.weaver.tools.WeavingAdaptor.weaveClass false
3027 [main] DEBUG org.aspectj.weaver.loadtime.Aj  - 16:58:02.547 main &lt; org.aspectj.weaver.loadtime.Aj.preProcess byte[2472]
3027 [main] DEBUG org.aspectj.weaver.loadtime.Aj  - 16:58:02.547 main &gt; org.aspectj.weaver.loadtime.Aj.preProcess org.aspectj.weaver.loadtime.Aj@58027738 org/hibernate/mapping/UnionSubclass, byte[2489], org.springframework.test.jpa.OrmXmlOverridingShadowingClassLoader@2bbf1be2
3027 [main] DEBUG org.aspectj.weaver.loadtime.Aj  - 16:58:02.547 main - org.aspectj.weaver.loadtime.Aj.preProcess org.aspectj.weaver.loadtime.Aj@58027738 sun.misc.Launcher$AppClassLoader@302b2c81, org.springframework.test.jpa.OrmXmlOverridingShadowingClassLoader@2bbf1be2
3027 [main] DEBUG org.aspectj.weaver.tools.WeavingAdaptor  - 16:58:02.547 main &gt; org.aspectj.weaver.tools.WeavingAdaptor.weaveClass org.aspectj.weaver.loadtime.ClassLoaderWeavingAdaptor@10b090ac org/hibernate/mapping/UnionSubclass, byte[2489]
3027 [main] DEBUG org.aspectj.weaver.tools.WeavingAdaptor  - 16:58:02.547 main &lt; org.aspectj.weaver.tools.WeavingAdaptor.weaveClass false
3027 [main] DEBUG org.aspectj.weaver.loadtime.Aj  - 16:58:02.547 main &lt; org.aspectj.weaver.loadtime.Aj.preProcess byte[2489]
3027 [main] DEBUG org.aspectj.weaver.loadtime.Aj  - 16:58:02.547 main &gt; org.aspectj.weaver.loadtime.Aj.preProcess org.aspectj.weaver.loadtime.Aj@58027738 org/hibernate/mapping/DependantValue, byte[1692], org.springframework.test.jpa.OrmXmlOverridingShadowingClassLoader@2bbf1be2
3027 [main] DEBUG org.aspectj.weaver.loadtime.Aj  - 16:58:02.547 main - org.aspectj.weaver.loadtime.Aj.preProcess org.aspectj.weaver.loadtime.Aj@58027738 sun.misc.Launcher$AppClassLoader@302b2c81, org.springframework.test.jpa.OrmXmlOverridingShadowingClassLoader@2bbf1be2
3028 [main] DEBUG org.aspectj.weaver.tools.WeavingAdaptor  - 16:58:02.547 main &gt; org.aspectj.weaver.tools.WeavingAdaptor.weaveClass org.aspectj.weaver.loadtime.ClassLoaderWeavingAdaptor@10b090ac org/hibernate/mapping/DependantValue, byte[1692]
3028 [main] DEBUG org.aspectj.weaver.tools.WeavingAdaptor  - 16:58:02.548 main &lt; org.aspectj.weaver.tools.WeavingAdaptor.weaveClass false
3028 [main] DEBUG org.aspectj.weaver.loadtime.Aj  - 16:58:02.548 main &lt; org.aspectj.weaver.loadtime.Aj.preProcess byte[1692]
3028 [main] DEBUG org.aspectj.weaver.loadtime.Aj  - 16:58:02.548 main &gt; org.aspectj.weaver.loadtime.Aj.preProcess org.aspectj.weaver.loadtime.Aj@58027738 org/hibernate/cfg/SecondPass, byte[250], org.springframework.test.jpa.OrmXmlOverridingShadowingClassLoader@2bbf1be2
3028 [main] DEBUG org.aspectj.weaver.loadtime.Aj  - 16:58:02.548 main - org.aspectj.weaver.loadtime.Aj.preProcess org.aspectj.weaver.loadtime.Aj@58027738 sun.misc.Launcher$AppClassLoader@302b2c81, org.springframework.test.jpa.OrmXmlOverridingShadowingClassLoader@2bbf1be2
3028 [main] DEBUG org.aspectj.weaver.tools.WeavingAdaptor  - 16:58:02.548 main &gt; org.aspectj.weaver.tools.WeavingAdaptor.weaveClass org.aspectj.weaver.loadtime.ClassLoaderWeavingAdaptor@10b090ac org/hibernate/cfg/SecondPass, byte[250]
3028 [main] DEBUG org.aspectj.weaver.tools.WeavingAdaptor  - 16:58:02.548 main &lt; org.aspectj.weaver.tools.WeavingAdaptor.weaveClass false
3028 [main] DEBUG org.aspectj.weaver.loadtime.Aj  - 16:58:02.548 main &lt; org.aspectj.weaver.loadtime.Aj.preProcess byte[250]
3029 [main] DEBUG org.aspectj.weaver.loadtime.Aj  - 16:58:02.549 main &gt; org.aspectj.weaver.loadtime.Aj.preProcess org.aspectj.weaver.loadtime.Aj@58027738 org/hibernate/mapping/Component, byte[9106], org.springframework.test.jpa.OrmXmlOverridingShadowingClassLoader@2bbf1be2
3029 [main] DEBUG org.aspectj.weaver.loadtime.Aj  - 16:58:02.549 main - org.aspectj.weaver.loadtime.Aj.preProcess org.aspectj.weaver.loadtime.Aj@58027738 sun.misc.Launcher$AppClassLoader@302b2c81, org.springframework.test.jpa.OrmXmlOverridingShadowingClassLoader@2bbf1be2
3029 [main] DEBUG org.aspectj.weaver.tools.WeavingAdaptor  - 16:58:02.549 main &gt; org.aspectj.weaver.tools.WeavingAdaptor.weaveClass org.aspectj.weaver.loadtime.ClassLoaderWeavingAdaptor@10b090ac org/hibernate/mapping/Component, byte[9106]
3029 [main] DEBUG org.aspectj.weaver.tools.WeavingAdaptor  - 16:58:02.549 main &lt; org.aspectj.weaver.tools.WeavingAdaptor.weaveClass false
3029 [main] DEBUG org.aspectj.weaver.loadtime.Aj  - 16:58:02.549 main &lt; org.aspectj.weaver.loadtime.Aj.preProcess byte[9106]
3029 [main] DEBUG org.aspectj.weaver.loadtime.Aj  - 16:58:02.549 main &gt; org.aspectj.weaver.loadtime.Aj.preProcess org.aspectj.weaver.loadtime.Aj@58027738 org/hibernate/cfg/annotations/SimpleValueBinder, byte[9052], org.springframework.test.jpa.OrmXmlOverridingShadowingClassLoader@2bbf1be2
3030 [main] DEBUG org.aspectj.weaver.loadtime.Aj  - 16:58:02.549 main - org.aspectj.weaver.loadtime.Aj.preProcess org.aspectj.weaver.loadtime.Aj@58027738 sun.misc.Launcher$AppClassLoader@302b2c81, org.springframework.test.jpa.OrmXmlOverridingShadowingClassLoader@2bbf1be2
3030 [main] DEBUG org.aspectj.weaver.tools.WeavingAdaptor  - 16:58:02.550 main &gt; org.aspectj.weaver.tools.WeavingAdaptor.weaveClass org.aspectj.weaver.loadtime.ClassLoaderWeavingAdaptor@10b090ac org/hibernate/cfg/annotations/SimpleValueBinder, byte[9052]
3030 [main] DEBUG org.aspectj.weaver.tools.WeavingAdaptor  - 16:58:02.550 main &lt; org.aspectj.weaver.tools.WeavingAdaptor.weaveClass false
3030 [main] DEBUG org.aspectj.weaver.loadtime.Aj  - 16:58:02.550 main &lt; org.aspectj.weaver.loadtime.Aj.preProcess byte[9052]
3030 [main] DEBUG org.aspectj.weaver.loadtime.Aj  - 16:58:02.550 main &gt; org.aspectj.weaver.loadtime.Aj.preProcess org.aspectj.weaver.loadtime.Aj@58027738 org/hibernate/mapping/ToOne, byte[3100], org.springframework.test.jpa.OrmXmlOverridingShadowingClassLoader@2bbf1be2
3030 [main] DEBUG org.aspectj.weaver.loadtime.Aj  - 16:58:02.550 main - org.aspectj.weaver.loadtime.Aj.preProcess org.aspectj.weaver.loadtime.Aj@58027738 sun.misc.Launcher$AppClassLoader@302b2c81, org.springframework.test.jpa.OrmXmlOverridingShadowingClassLoader@2bbf1be2
3030 [main] DEBUG org.aspectj.weaver.tools.WeavingAdaptor  - 16:58:02.550 main &gt; org.aspectj.weaver.tools.WeavingAdaptor.weaveClass org.aspectj.weaver.loadtime.ClassLoaderWeavingAdaptor@10b090ac org/hibernate/mapping/ToOne, byte[3100]
3030 [main] DEBUG org.aspectj.weaver.tools.WeavingAdaptor  - 16:58:02.550 main &lt; org.aspectj.weaver.tools.WeavingAdaptor.weaveClass false
3030 [main] DEBUG org.aspectj.weaver.loadtime.Aj  - 16:58:02.550 main &lt; org.aspectj.weaver.loadtime.Aj.preProcess byte[3100]
3031 [main] DEBUG org.aspectj.weaver.loadtime.Aj  - 16:58:02.551 main &gt; org.aspectj.weaver.loadtime.Aj.preProcess org.aspectj.weaver.loadtime.Aj@58027738 org/hibernate/mapping/Fetchable, byte[276], org.springframework.test.jpa.OrmXmlOverridingShadowingClassLoader@2bbf1be2
3031 [main] DEBUG org.aspectj.weaver.loadtime.Aj  - 16:58:02.551 main - org.aspectj.weaver.loadtime.Aj.preProcess org.aspectj.weaver.loadtime.Aj@58027738 sun.misc.Launcher$AppClassLoader@302b2c81, org.springframework.test.jpa.OrmXmlOverridingShadowingClassLoader@2bbf1be2
3031 [main] DEBUG org.aspectj.weaver.tools.WeavingAdaptor  - 16:58:02.551 main &gt; org.aspectj.weaver.tools.WeavingAdaptor.weaveClass org.aspectj.weaver.loadtime.ClassLoaderWeavingAdaptor@10b090ac org/hibernate/mapping/Fetchable, byte[276]
3031 [main] DEBUG org.aspectj.weaver.tools.WeavingAdaptor  - 16:58:02.551 main &lt; org.aspectj.weaver.tools.WeavingAdaptor.weaveClass false
3031 [main] DEBUG org.aspectj.weaver.loadtime.Aj  - 16:58:02.551 main &lt; org.aspectj.weaver.loadtime.Aj.preProcess byte[276]
3031 [main] DEBUG org.aspectj.weaver.loadtime.Aj  - 16:58:02.551 main &gt; org.aspectj.weaver.loadtime.Aj.preProcess org.aspectj.weaver.loadtime.Aj@58027738 org/hibernate/mapping/ManyToOne, byte[3580], org.springframework.test.jpa.OrmXmlOverridingShadowingClassLoader@2bbf1be2
3031 [main] DEBUG org.aspectj.weaver.loadtime.Aj  - 16:58:02.551 main - org.aspectj.weaver.loadtime.Aj.preProcess org.aspectj.weaver.loadtime.Aj@58027738 sun.misc.Launcher$AppClassLoader@302b2c81, org.springframework.test.jpa.OrmXmlOverridingShadowingClassLoader@2bbf1be2
3031 [main] DEBUG org.aspectj.weaver.tools.WeavingAdaptor  - 16:58:02.551 main &gt; org.aspectj.weaver.tools.WeavingAdaptor.weaveClass org.aspectj.weaver.loadtime.ClassLoaderWeavingAdaptor@10b090ac org/hibernate/mapping/ManyToOne, byte[3580]
3031 [main] DEBUG org.aspectj.weaver.tools.WeavingAdaptor  - 16:58:02.551 main &lt; org.aspectj.weaver.tools.WeavingAdaptor.weaveClass false
3032 [main] DEBUG org.aspectj.weaver.loadtime.Aj  - 16:58:02.552 main &lt; org.aspectj.weaver.loadtime.Aj.preProcess byte[3580]
3032 [main] DEBUG org.aspectj.weaver.loadtime.Aj  - 16:58:02.552 main &gt; org.aspectj.weaver.loadtime.Aj.preProcess org.aspectj.weaver.loadtime.Aj@58027738 org/hibernate/cfg/FkSecondPass, byte[1398], org.springframework.test.jpa.OrmXmlOverridingShadowingClassLoader@2bbf1be2
3032 [main] DEBUG org.aspectj.weaver.loadtime.Aj  - 16:58:02.552 main - org.aspectj.weaver.loadtime.Aj.preProcess org.aspectj.weaver.loadtime.Aj@58027738 sun.misc.Launcher$AppClassLoader@302b2c81, org.springframework.test.jpa.OrmXmlOverridingShadowingClassLoader@2bbf1be2
3032 [main] DEBUG org.aspectj.weaver.tools.WeavingAdaptor  - 16:58:02.552 main &gt; org.aspectj.weaver.tools.WeavingAdaptor.weaveClass org.aspectj.weaver.loadtime.ClassLoaderWeavingAdaptor@10b090ac org/hibernate/cfg/FkSecondPass, byte[1398]
3032 [main] DEBUG org.aspectj.weaver.tools.WeavingAdaptor  - 16:58:02.552 main &lt; org.aspectj.weaver.tools.WeavingAdaptor.weaveClass false
3032 [main] DEBUG org.aspectj.weaver.loadtime.Aj  - 16:58:02.552 main &lt; org.aspectj.weaver.loadtime.Aj.preProcess byte[1398]
3032 [main] DEBUG org.aspectj.weaver.loadtime.Aj  - 16:58:02.552 main &gt; org.aspectj.weaver.loadtime.Aj.preProcess org.aspectj.weaver.loadtime.Aj@58027738 org/hibernate/cfg/ToOneFkSecondPass, byte[4255], org.springframework.test.jpa.OrmXmlOverridingShadowingClassLoader@2bbf1be2
3033 [main] DEBUG org.aspectj.weaver.loadtime.Aj  - 16:58:02.553 main - org.aspectj.weaver.loadtime.Aj.preProcess org.aspectj.weaver.loadtime.Aj@58027738 sun.misc.Launcher$AppClassLoader@302b2c81, org.springframework.test.jpa.OrmXmlOverridingShadowingClassLoader@2bbf1be2
3033 [main] DEBUG org.aspectj.weaver.tools.WeavingAdaptor  - 16:58:02.553 main &gt; org.aspectj.weaver.tools.WeavingAdaptor.weaveClass org.aspectj.weaver.loadtime.ClassLoaderWeavingAdaptor@10b090ac org/hibernate/cfg/ToOneFkSecondPass, byte[4255]
3033 [main] DEBUG org.aspectj.weaver.tools.WeavingAdaptor  - 16:58:02.553 main &lt; org.aspectj.weaver.tools.WeavingAdaptor.weaveClass false
3033 [main] DEBUG org.aspectj.weaver.loadtime.Aj  - 16:58:02.553 main &lt; org.aspectj.weaver.loadtime.Aj.preProcess byte[4255]
3034 [main] DEBUG org.aspectj.weaver.loadtime.Aj  - 16:58:02.554 main &gt; org.aspectj.weaver.loadtime.Aj.preProcess org.aspectj.weaver.loadtime.Aj@58027738 org/hibernate/cfg/annotations/reflection/XMLContext$Default, byte[2445], org.springframework.test.jpa.OrmXmlOverridingShadowingClassLoader@2bbf1be2
3034 [main] DEBUG org.aspectj.weaver.loadtime.Aj  - 16:58:02.554 main - org.aspectj.weaver.loadtime.Aj.preProcess org.aspectj.weaver.loadtime.Aj@58027738 sun.misc.Launcher$AppClassLoader@302b2c81, org.springframework.test.jpa.OrmXmlOverridingShadowingClassLoader@2bbf1be2
3034 [main] DEBUG org.aspectj.weaver.tools.WeavingAdaptor  - 16:58:02.554 main &gt; org.aspectj.weaver.tools.WeavingAdaptor.weaveClass org.aspectj.weaver.loadtime.ClassLoaderWeavingAdaptor@10b090ac org/hibernate/cfg/annotations/reflection/XMLContext$Default, byte[2445]
3034 [main] DEBUG org.aspectj.weaver.tools.WeavingAdaptor  - 16:58:02.554 main &lt; org.aspectj.weaver.tools.WeavingAdaptor.weaveClass false
3034 [main] DEBUG org.aspectj.weaver.loadtime.Aj  - 16:58:02.554 main &lt; org.aspectj.weaver.loadtime.Aj.preProcess byte[2445]
3036 [main] DEBUG org.aspectj.weaver.loadtime.Aj  - 16:58:02.556 main &gt; org.aspectj.weaver.loadtime.Aj.preProcess org.aspectj.weaver.loadtime.Aj@58027738 org/hibernate/annotations/common/reflection/java/JavaReflectionManager$2, byte[2570], org.springframework.test.jpa.OrmXmlOverridingShadowingClassLoader@2bbf1be2
3036 [main] DEBUG org.aspectj.weaver.loadtime.Aj  - 16:58:02.556 main - org.aspectj.weaver.loadtime.Aj.preProcess org.aspectj.weaver.loadtime.Aj@58027738 sun.misc.Launcher$AppClassLoader@302b2c81, org.springframework.test.jpa.OrmXmlOverridingShadowingClassLoader@2bbf1be2
3036 [main] DEBUG org.aspectj.weaver.tools.WeavingAdaptor  - 16:58:02.556 main &gt; org.aspectj.weaver.tools.WeavingAdaptor.weaveClass org.aspectj.weaver.loadtime.ClassLoaderWeavingAdaptor@10b090ac org/hibernate/annotations/common/reflection/java/JavaReflectionManager$2, byte[2570]
3036 [main] DEBUG org.aspectj.weaver.tools.WeavingAdaptor  - 16:58:02.556 main &lt; org.aspectj.weaver.tools.WeavingAdaptor.weaveClass false
3036 [main] DEBUG org.aspectj.weaver.loadtime.Aj  - 16:58:02.556 main &lt; org.aspectj.weaver.loadtime.Aj.preProcess byte[2570]
3036 [main] DEBUG org.aspectj.weaver.loadtime.Aj  - 16:58:02.556 main &gt; org.aspectj.weaver.loadtime.Aj.preProcess org.aspectj.weaver.loadtime.Aj@58027738 org/hibernate/annotations/common/reflection/java/generics/TypeEnvironmentFactory$1, byte[3337], org.springframework.test.jpa.OrmXmlOverridingShadowingClassLoader@2bbf1be2
3037 [main] DEBUG org.aspectj.weaver.loadtime.Aj  - 16:58:02.557 main - org.aspectj.weaver.loadtime.Aj.preProcess org.aspectj.weaver.loadtime.Aj@58027738 sun.misc.Launcher$AppClassLoader@302b2c81, org.springframework.test.jpa.OrmXmlOverridingShadowingClassLoader@2bbf1be2
3037 [main] DEBUG org.aspectj.weaver.tools.WeavingAdaptor  - 16:58:02.557 main &gt; org.aspectj.weaver.tools.WeavingAdaptor.weaveClass org.aspectj.weaver.loadtime.ClassLoaderWeavingAdaptor@10b090ac org/hibernate/annotations/common/reflection/java/generics/TypeEnvironmentFactory$1, byte[3337]
3037 [main] DEBUG org.aspectj.weaver.tools.WeavingAdaptor  - 16:58:02.557 main &lt; org.aspectj.weaver.tools.WeavingAdaptor.weaveClass false
3037 [main] DEBUG org.aspectj.weaver.loadtime.Aj  - 16:58:02.557 main &lt; org.aspectj.weaver.loadtime.Aj.preProcess byte[3337]
3037 [main] DEBUG org.aspectj.weaver.loadtime.Aj  - 16:58:02.557 main &gt; org.aspectj.weaver.loadtime.Aj.preProcess org.aspectj.weaver.loadtime.Aj@58027738 org/hibernate/annotations/common/reflection/java/generics/CompoundTypeEnvironment, byte[2412], org.springframework.test.jpa.OrmXmlOverridingShadowingClassLoader@2bbf1be2
3037 [main] DEBUG org.aspectj.weaver.loadtime.Aj  - 16:58:02.557 main - org.aspectj.weaver.loadtime.Aj.preProcess org.aspectj.weaver.loadtime.Aj@58027738 sun.misc.Launcher$AppClassLoader@302b2c81, org.springframework.test.jpa.OrmXmlOverridingShadowingClassLoader@2bbf1be2
3037 [main] DEBUG org.aspectj.weaver.tools.WeavingAdaptor  - 16:58:02.557 main &gt; org.aspectj.weaver.tools.WeavingAdaptor.weaveClass org.aspectj.weaver.loadtime.ClassLoaderWeavingAdaptor@10b090ac org/hibernate/annotations/common/reflection/java/generics/CompoundTypeEnvironment, byte[2412]
3037 [main] DEBUG org.aspectj.weaver.tools.WeavingAdaptor  - 16:58:02.557 main &lt; org.aspectj.weaver.tools.WeavingAdaptor.weaveClass false
3037 [main] DEBUG org.aspectj.weaver.loadtime.Aj  - 16:58:02.557 main &lt; org.aspectj.weaver.loadtime.Aj.preProcess byte[2412]
3039 [main] DEBUG org.aspectj.weaver.loadtime.Aj  - 16:58:02.559 main &gt; org.aspectj.weaver.loadtime.Aj.preProcess org.aspectj.weaver.loadtime.Aj@58027738 org/hibernate/cfg/AnnotatedClassType, byte[1173], org.springframework.test.jpa.OrmXmlOverridingShadowingClassLoader@2bbf1be2
3039 [main] DEBUG org.aspectj.weaver.loadtime.Aj  - 16:58:02.559 main - org.aspectj.weaver.loadtime.Aj.preProcess org.aspectj.weaver.loadtime.Aj@58027738 sun.misc.Launcher$AppClassLoader@302b2c81, org.springframework.test.jpa.OrmXmlOverridingShadowingClassLoader@2bbf1be2
3039 [main] DEBUG org.aspectj.weaver.tools.WeavingAdaptor  - 16:58:02.559 main &gt; org.aspectj.weaver.tools.WeavingAdaptor.weaveClass org.aspectj.weaver.loadtime.ClassLoaderWeavingAdaptor@10b090ac org/hibernate/cfg/AnnotatedClassType, byte[1173]
3039 [main] DEBUG org.aspectj.weaver.tools.WeavingAdaptor  - 16:58:02.559 main &lt; org.aspectj.weaver.tools.WeavingAdaptor.weaveClass false
3039 [main] DEBUG org.aspectj.weaver.loadtime.Aj  - 16:58:02.559 main &lt; org.aspectj.weaver.loadtime.Aj.preProcess byte[1173]
3040 [main] DEBUG org.aspectj.weaver.loadtime.Aj  - 16:58:02.560 main &gt; org.aspectj.weaver.loadtime.Aj.preProcess org.aspectj.weaver.loadtime.Aj@58027738 org/hibernate/cfg/annotations/QueryBinder, byte[13166], org.springframework.test.jpa.OrmXmlOverridingShadowingClassLoader@2bbf1be2
3040 [main] DEBUG org.aspectj.weaver.loadtime.Aj  - 16:58:02.560 main - org.aspectj.weaver.loadtime.Aj.preProcess org.aspectj.weaver.loadtime.Aj@58027738 sun.misc.Launcher$AppClassLoader@302b2c81, org.springframework.test.jpa.OrmXmlOverridingShadowingClassLoader@2bbf1be2
3040 [main] DEBUG org.aspectj.weaver.tools.WeavingAdaptor  - 16:58:02.560 main &gt; org.aspectj.weaver.tools.WeavingAdaptor.weaveClass org.aspectj.weaver.loadtime.ClassLoaderWeavingAdaptor@10b090ac org/hibernate/cfg/annotations/QueryBinder, byte[13166]
3040 [main] DEBUG org.aspectj.weaver.tools.WeavingAdaptor  - 16:58:02.560 main &lt; org.aspectj.weaver.tools.WeavingAdaptor.weaveClass false
3040 [main] DEBUG org.aspectj.weaver.loadtime.Aj  - 16:58:02.560 main &lt; org.aspectj.weaver.loadtime.Aj.preProcess byte[13166]
3042 [main] DEBUG org.aspectj.weaver.loadtime.Aj  - 16:58:02.562 main &gt; org.aspectj.weaver.loadtime.Aj.preProcess org.aspectj.weaver.loadtime.Aj@58027738 org/hibernate/cfg/annotations/ResultsetMappingSecondPass, byte[8834], org.springframework.test.jpa.OrmXmlOverridingShadowingClassLoader@2bbf1be2
3042 [main] DEBUG org.aspectj.weaver.loadtime.Aj  - 16:58:02.562 main - org.aspectj.weaver.loadtime.Aj.preProcess org.aspectj.weaver.loadtime.Aj@58027738 sun.misc.Launcher$AppClassLoader@302b2c81, org.springframework.test.jpa.OrmXmlOverridingShadowingClassLoader@2bbf1be2
3042 [main] DEBUG org.aspectj.weaver.tools.WeavingAdaptor  - 16:58:02.562 main &gt; org.aspectj.weaver.tools.WeavingAdaptor.weaveClass org.aspectj.weaver.loadtime.ClassLoaderWeavingAdaptor@10b090ac org/hibernate/cfg/annotations/ResultsetMappingSecondPass, byte[8834]
3042 [main] DEBUG org.aspectj.weaver.tools.WeavingAdaptor  - 16:58:02.562 main &lt; org.aspectj.weaver.tools.WeavingAdaptor.weaveClass false
3042 [main] DEBUG org.aspectj.weaver.loadtime.Aj  - 16:58:02.562 main &lt; org.aspectj.weaver.loadtime.Aj.preProcess byte[8834]
3043 [main] DEBUG org.aspectj.weaver.loadtime.Aj  - 16:58:02.562 main &gt; org.aspectj.weaver.loadtime.Aj.preProcess org.aspectj.weaver.loadtime.Aj@58027738 org/hibernate/cfg/QuerySecondPass, byte[165], org.springframework.test.jpa.OrmXmlOverridingShadowingClassLoader@2bbf1be2
3043 [main] DEBUG org.aspectj.weaver.loadtime.Aj  - 16:58:02.563 main - org.aspectj.weaver.loadtime.Aj.preProcess org.aspectj.weaver.loadtime.Aj@58027738 sun.misc.Launcher$AppClassLoader@302b2c81, org.springframework.test.jpa.OrmXmlOverridingShadowingClassLoader@2bbf1be2
3043 [main] DEBUG org.aspectj.weaver.tools.WeavingAdaptor  - 16:58:02.563 main &gt; org.aspectj.weaver.tools.WeavingAdaptor.weaveClass org.aspectj.weaver.loadtime.ClassLoaderWeavingAdaptor@10b090ac org/hibernate/cfg/QuerySecondPass, byte[165]
3043 [main] DEBUG org.aspectj.weaver.tools.WeavingAdaptor  - 16:58:02.563 main &lt; org.aspectj.weaver.tools.WeavingAdaptor.weaveClass false
3043 [main] DEBUG org.aspectj.weaver.loadtime.Aj  - 16:58:02.563 main &lt; org.aspectj.weaver.loadtime.Aj.preProcess byte[165]
3043 [main] DEBUG org.aspectj.weaver.loadtime.Aj  - 16:58:02.563 main &gt; org.aspectj.weaver.loadtime.Aj.preProcess org.aspectj.weaver.loadtime.Aj@58027738 org/hibernate/engine/query/sql/NativeSQLQueryReturn, byte[152], org.springframework.test.jpa.OrmXmlOverridingShadowingClassLoader@2bbf1be2
3043 [main] DEBUG org.aspectj.weaver.loadtime.Aj  - 16:58:02.563 main - org.aspectj.weaver.loadtime.Aj.preProcess org.aspectj.weaver.loadtime.Aj@58027738 sun.misc.Launcher$AppClassLoader@302b2c81, org.springframework.test.jpa.OrmXmlOverridingShadowingClassLoader@2bbf1be2
3043 [main] DEBUG org.aspectj.weaver.tools.WeavingAdaptor  - 16:58:02.563 main &gt; org.aspectj.weaver.tools.WeavingAdaptor.weaveClass org.aspectj.weaver.loadtime.ClassLoaderWeavingAdaptor@10b090ac org/hibernate/engine/query/sql/NativeSQLQueryReturn, byte[152]
3044 [main] DEBUG org.aspectj.weaver.tools.WeavingAdaptor  - 16:58:02.563 main &lt; org.aspectj.weaver.tools.WeavingAdaptor.weaveClass false
3044 [main] DEBUG org.aspectj.weaver.loadtime.Aj  - 16:58:02.564 main &lt; org.aspectj.weaver.loadtime.Aj.preProcess byte[152]
3044 [main] DEBUG org.aspectj.weaver.loadtime.Aj  - 16:58:02.564 main &gt; org.aspectj.weaver.loadtime.Aj.preProcess org.aspectj.weaver.loadtime.Aj@58027738 org/hibernate/annotations/NamedQuery, byte[955], org.springframework.test.jpa.OrmXmlOverridingShadowingClassLoader@2bbf1be2
3044 [main] DEBUG org.aspectj.weaver.loadtime.Aj  - 16:58:02.564 main - org.aspectj.weaver.loadtime.Aj.preProcess org.aspectj.weaver.loadtime.Aj@58027738 sun.misc.Launcher$AppClassLoader@302b2c81, org.springframework.test.jpa.OrmXmlOverridingShadowingClassLoader@2bbf1be2
3045 [main] DEBUG org.aspectj.weaver.tools.WeavingAdaptor  - 16:58:02.564 main &gt; org.aspectj.weaver.tools.WeavingAdaptor.weaveClass org.aspectj.weaver.loadtime.ClassLoaderWeavingAdaptor@10b090ac org/hibernate/annotations/NamedQuery, byte[955]
3045 [main] DEBUG org.aspectj.weaver.tools.WeavingAdaptor  - 16:58:02.565 main &lt; org.aspectj.weaver.tools.WeavingAdaptor.weaveClass false
3045 [main] DEBUG org.aspectj.weaver.loadtime.Aj  - 16:58:02.565 main &lt; org.aspectj.weaver.loadtime.Aj.preProcess byte[955]
3045 [main] DEBUG org.aspectj.weaver.loadtime.Aj  - 16:58:02.565 main &gt; org.aspectj.weaver.loadtime.Aj.preProcess org.aspectj.weaver.loadtime.Aj@58027738 org/hibernate/annotations/NamedQueries, byte[468], org.springframework.test.jpa.OrmXmlOverridingShadowingClassLoader@2bbf1be2
3045 [main] DEBUG org.aspectj.weaver.loadtime.Aj  - 16:58:02.565 main - org.aspectj.weaver.loadtime.Aj.preProcess org.aspectj.weaver.loadtime.Aj@58027738 sun.misc.Launcher$AppClassLoader@302b2c81, org.springframework.test.jpa.OrmXmlOverridingShadowingClassLoader@2bbf1be2
3045 [main] DEBUG org.aspectj.weaver.tools.WeavingAdaptor  - 16:58:02.565 main &gt; org.aspectj.weaver.tools.WeavingAdaptor.weaveClass org.aspectj.weaver.loadtime.ClassLoaderWeavingAdaptor@10b090ac org/hibernate/annotations/NamedQueries, byte[468]
3045 [main] DEBUG org.aspectj.weaver.tools.WeavingAdaptor  - 16:58:02.565 main &lt; org.aspectj.weaver.tools.WeavingAdaptor.weaveClass false
3045 [main] DEBUG org.aspectj.weaver.loadtime.Aj  - 16:58:02.565 main &lt; org.aspectj.weaver.loadtime.Aj.preProcess byte[468]
3046 [main] DEBUG org.aspectj.weaver.loadtime.Aj  - 16:58:02.565 main &gt; org.aspectj.weaver.loadtime.Aj.preProcess org.aspectj.weaver.loadtime.Aj@58027738 org/hibernate/annotations/NamedNativeQuery, byte[1088], org.springframework.test.jpa.OrmXmlOverridingShadowingClassLoader@2bbf1be2
3046 [main] DEBUG org.aspectj.weaver.loadtime.Aj  - 16:58:02.566 main - org.aspectj.weaver.loadtime.Aj.preProcess org.aspectj.weaver.loadtime.Aj@58027738 sun.misc.Launcher$AppClassLoader@302b2c81, org.springframework.test.jpa.OrmXmlOverridingShadowingClassLoader@2bbf1be2
3046 [main] DEBUG org.aspectj.weaver.tools.WeavingAdaptor  - 16:58:02.566 main &gt; org.aspectj.weaver.tools.WeavingAdaptor.weaveClass org.aspectj.weaver.loadtime.ClassLoaderWeavingAdaptor@10b090ac org/hibernate/annotations/NamedNativeQuery, byte[1088]
3046 [main] DEBUG org.aspectj.weaver.tools.WeavingAdaptor  - 16:58:02.566 main &lt; org.aspectj.weaver.tools.WeavingAdaptor.weaveClass false
3046 [main] DEBUG org.aspectj.weaver.loadtime.Aj  - 16:58:02.566 main &lt; org.aspectj.weaver.loadtime.Aj.preProcess byte[1088]
3047 [main] DEBUG org.aspectj.weaver.loadtime.Aj  - 16:58:02.567 main &gt; org.aspectj.weaver.loadtime.Aj.preProcess org.aspectj.weaver.loadtime.Aj@58027738 org/hibernate/annotations/NamedNativeQueries, byte[486], org.springframework.test.jpa.OrmXmlOverridingShadowingClassLoader@2bbf1be2
3047 [main] DEBUG org.aspectj.weaver.loadtime.Aj  - 16:58:02.567 main - org.aspectj.weaver.loadtime.Aj.preProcess org.aspectj.weaver.loadtime.Aj@58027738 sun.misc.Launcher$AppClassLoader@302b2c81, org.springframework.test.jpa.OrmXmlOverridingShadowingClassLoader@2bbf1be2
3047 [main] DEBUG org.aspectj.weaver.tools.WeavingAdaptor  - 16:58:02.567 main &gt; org.aspectj.weaver.tools.WeavingAdaptor.weaveClass org.aspectj.weaver.loadtime.ClassLoaderWeavingAdaptor@10b090ac org/hibernate/annotations/NamedNativeQueries, byte[486]
3047 [main] DEBUG org.aspectj.weaver.tools.WeavingAdaptor  - 16:58:02.567 main &lt; org.aspectj.weaver.tools.WeavingAdaptor.weaveClass false
3047 [main] DEBUG org.aspectj.weaver.loadtime.Aj  - 16:58:02.567 main &lt; org.aspectj.weaver.loadtime.Aj.preProcess byte[486]
3047 [main] DEBUG org.aspectj.weaver.loadtime.Aj  - 16:58:02.567 main &gt; org.aspectj.weaver.loadtime.Aj.preProcess org.aspectj.weaver.loadtime.Aj@58027738 org/hibernate/annotations/FilterDef, byte[579], org.springframework.test.jpa.OrmXmlOverridingShadowingClassLoader@2bbf1be2
3047 [main] DEBUG org.aspectj.weaver.loadtime.Aj  - 16:58:02.567 main - org.aspectj.weaver.loadtime.Aj.preProcess org.aspectj.weaver.loadtime.Aj@58027738 sun.misc.Launcher$AppClassLoader@302b2c81, org.springframework.test.jpa.OrmXmlOverridingShadowingClassLoader@2bbf1be2
3047 [main] DEBUG org.aspectj.weaver.tools.WeavingAdaptor  - 16:58:02.567 main &gt; org.aspectj.weaver.tools.WeavingAdaptor.weaveClass org.aspectj.weaver.loadtime.ClassLoaderWeavingAdaptor@10b090ac org/hibernate/annotations/FilterDef, byte[579]
3047 [main] DEBUG org.aspectj.weaver.tools.WeavingAdaptor  - 16:58:02.567 main &lt; org.aspectj.weaver.tools.WeavingAdaptor.weaveClass false
3047 [main] DEBUG org.aspectj.weaver.loadtime.Aj  - 16:58:02.567 main &lt; org.aspectj.weaver.loadtime.Aj.preProcess byte[579]
3048 [main] DEBUG org.aspectj.weaver.loadtime.Aj  - 16:58:02.568 main &gt; org.aspectj.weaver.loadtime.Aj.preProcess org.aspectj.weaver.loadtime.Aj@58027738 org/hibernate/annotations/FilterDefs, byte[463], org.springframework.test.jpa.OrmXmlOverridingShadowingClassLoader@2bbf1be2
3048 [main] DEBUG org.aspectj.weaver.loadtime.Aj  - 16:58:02.568 main - org.aspectj.weaver.loadtime.Aj.preProcess org.aspectj.weaver.loadtime.Aj@58027738 sun.misc.Launcher$AppClassLoader@302b2c81, org.springframework.test.jpa.OrmXmlOverridingShadowingClassLoader@2bbf1be2
3048 [main] DEBUG org.aspectj.weaver.tools.WeavingAdaptor  - 16:58:02.568 main &gt; org.aspectj.weaver.tools.WeavingAdaptor.weaveClass org.aspectj.weaver.loadtime.ClassLoaderWeavingAdaptor@10b090ac org/hibernate/annotations/FilterDefs, byte[463]
3048 [main] DEBUG org.aspectj.weaver.tools.WeavingAdaptor  - 16:58:02.568 main &lt; org.aspectj.weaver.tools.WeavingAdaptor.weaveClass false
3048 [main] DEBUG org.aspectj.weaver.loadtime.Aj  - 16:58:02.568 main &lt; org.aspectj.weaver.loadtime.Aj.preProcess byte[463]
3048 [main] DEBUG org.aspectj.weaver.loadtime.Aj  - 16:58:02.568 main &gt; org.aspectj.weaver.loadtime.Aj.preProcess org.aspectj.weaver.loadtime.Aj@58027738 org/hibernate/annotations/TypeDef, byte[579], org.springframework.test.jpa.OrmXmlOverridingShadowingClassLoader@2bbf1be2
3048 [main] DEBUG org.aspectj.weaver.loadtime.Aj  - 16:58:02.568 main - org.aspectj.weaver.loadtime.Aj.preProcess org.aspectj.weaver.loadtime.Aj@58027738 sun.misc.Launcher$AppClassLoader@302b2c81, org.springframework.test.jpa.OrmXmlOverridingShadowingClassLoader@2bbf1be2
3048 [main] DEBUG org.aspectj.weaver.tools.WeavingAdaptor  - 16:58:02.568 main &gt; org.aspectj.weaver.tools.WeavingAdaptor.weaveClass org.aspectj.weaver.loadtime.ClassLoaderWeavingAdaptor@10b090ac org/hibernate/annotations/TypeDef, byte[579]
3048 [main] DEBUG org.aspectj.weaver.tools.WeavingAdaptor  - 16:58:02.568 main &lt; org.aspectj.weaver.tools.WeavingAdaptor.weaveClass false
3048 [main] DEBUG org.aspectj.weaver.loadtime.Aj  - 16:58:02.568 main &lt; org.aspectj.weaver.loadtime.Aj.preProcess byte[579]
3049 [main] DEBUG org.aspectj.weaver.loadtime.Aj  - 16:58:02.569 main &gt; org.aspectj.weaver.loadtime.Aj.preProcess org.aspectj.weaver.loadtime.Aj@58027738 org/hibernate/annotations/TypeDefs, byte[457], org.springframework.test.jpa.OrmXmlOverridingShadowingClassLoader@2bbf1be2
3049 [main] DEBUG org.aspectj.weaver.loadtime.Aj  - 16:58:02.569 main - org.aspectj.weaver.loadtime.Aj.preProcess org.aspectj.weaver.loadtime.Aj@58027738 sun.misc.Launcher$AppClassLoader@302b2c81, org.springframework.test.jpa.OrmXmlOverridingShadowingClassLoader@2bbf1be2
3049 [main] DEBUG org.aspectj.weaver.tools.WeavingAdaptor  - 16:58:02.569 main &gt; org.aspectj.weaver.tools.WeavingAdaptor.weaveClass org.aspectj.weaver.loadtime.ClassLoaderWeavingAdaptor@10b090ac org/hibernate/annotations/TypeDefs, byte[457]
3049 [main] DEBUG org.aspectj.weaver.tools.WeavingAdaptor  - 16:58:02.569 main &lt; org.aspectj.weaver.tools.WeavingAdaptor.weaveClass false
3049 [main] DEBUG org.aspectj.weaver.loadtime.Aj  - 16:58:02.569 main &lt; org.aspectj.weaver.loadtime.Aj.preProcess byte[457]
3050 [main] DEBUG org.aspectj.weaver.loadtime.Aj  - 16:58:02.570 main &gt; org.aspectj.weaver.loadtime.Aj.preProcess org.aspectj.weaver.loadtime.Aj@58027738 org/hibernate/cfg/BinderHelper, byte[20135], org.springframework.test.jpa.OrmXmlOverridingShadowingClassLoader@2bbf1be2
3050 [main] DEBUG org.aspectj.weaver.loadtime.Aj  - 16:58:02.570 main - org.aspectj.weaver.loadtime.Aj.preProcess org.aspectj.weaver.loadtime.Aj@58027738 sun.misc.Launcher$AppClassLoader@302b2c81, org.springframework.test.jpa.OrmXmlOverridingShadowingClassLoader@2bbf1be2
3050 [main] DEBUG org.aspectj.weaver.tools.WeavingAdaptor  - 16:58:02.570 main &gt; org.aspectj.weaver.tools.WeavingAdaptor.weaveClass org.aspectj.weaver.loadtime.ClassLoaderWeavingAdaptor@10b090ac org/hibernate/cfg/BinderHelper, byte[20135]
3050 [main] DEBUG org.aspectj.weaver.tools.WeavingAdaptor  - 16:58:02.570 main &lt; org.aspectj.weaver.tools.WeavingAdaptor.weaveClass false
3050 [main] DEBUG org.aspectj.weaver.loadtime.Aj  - 16:58:02.570 main &lt; org.aspectj.weaver.loadtime.Aj.preProcess byte[20135]
3051 [main] DEBUG org.aspectj.weaver.loadtime.Aj  - 16:58:02.571 main &gt; org.aspectj.weaver.loadtime.Aj.preProcess org.aspectj.weaver.loadtime.Aj@58027738 org/hibernate/mapping/Any, byte[2255], org.springframework.test.jpa.OrmXmlOverridingShadowingClassLoader@2bbf1be2
3051 [main] DEBUG org.aspectj.weaver.loadtime.Aj  - 16:58:02.571 main - org.aspectj.weaver.loadtime.Aj.preProcess org.aspectj.weaver.loadtime.Aj@58027738 sun.misc.Launcher$AppClassLoader@302b2c81, org.springframework.test.jpa.OrmXmlOverridingShadowingClassLoader@2bbf1be2
3051 [main] DEBUG org.aspectj.weaver.tools.WeavingAdaptor  - 16:58:02.571 main &gt; org.aspectj.weaver.tools.WeavingAdaptor.weaveClass org.aspectj.weaver.loadtime.ClassLoaderWeavingAdaptor@10b090ac org/hibernate/mapping/Any, byte[2255]
3051 [main] DEBUG org.aspectj.weaver.tools.WeavingAdaptor  - 16:58:02.571 main &lt; org.aspectj.weaver.tools.WeavingAdaptor.weaveClass false
3051 [main] DEBUG org.aspectj.weaver.loadtime.Aj  - 16:58:02.571 main &lt; org.aspectj.weaver.loadtime.Aj.preProcess byte[2255]
3052 [main] DEBUG org.aspectj.weaver.loadtime.Aj  - 16:58:02.572 main &gt; org.aspectj.weaver.loadtime.Aj.preProcess org.aspectj.weaver.loadtime.Aj@58027738 org/hibernate/annotations/AnyMetaDef, byte[609], org.springframework.test.jpa.OrmXmlOverridingShadowingClassLoader@2bbf1be2
3052 [main] DEBUG org.aspectj.weaver.loadtime.Aj  - 16:58:02.572 main - org.aspectj.weaver.loadtime.Aj.preProcess org.aspectj.weaver.loadtime.Aj@58027738 sun.misc.Launcher$AppClassLoader@302b2c81, org.springframework.test.jpa.OrmXmlOverridingShadowingClassLoader@2bbf1be2
3052 [main] DEBUG org.aspectj.weaver.tools.WeavingAdaptor  - 16:58:02.572 main &gt; org.aspectj.weaver.tools.WeavingAdaptor.weaveClass org.aspectj.weaver.loadtime.ClassLoaderWeavingAdaptor@10b090ac org/hibernate/annotations/AnyMetaDef, byte[609]
3052 [main] DEBUG org.aspectj.weaver.tools.WeavingAdaptor  - 16:58:02.572 main &lt; org.aspectj.weaver.tools.WeavingAdaptor.weaveClass false
3052 [main] DEBUG org.aspectj.weaver.loadtime.Aj  - 16:58:02.572 main &lt; org.aspectj.weaver.loadtime.Aj.preProcess byte[609]
3053 [main] DEBUG org.aspectj.weaver.loadtime.Aj  - 16:58:02.573 main &gt; org.aspectj.weaver.loadtime.Aj.preProcess org.aspectj.weaver.loadtime.Aj@58027738 org/hibernate/annotations/AnyMetaDefs, byte[466], org.springframework.test.jpa.OrmXmlOverridingShadowingClassLoader@2bbf1be2
3053 [main] DEBUG org.aspectj.weaver.loadtime.Aj  - 16:58:02.573 main - org.aspectj.weaver.loadtime.Aj.preProcess org.aspectj.weaver.loadtime.Aj@58027738 sun.misc.Launcher$AppClassLoader@302b2c81, org.springframework.test.jpa.OrmXmlOverridingShadowingClassLoader@2bbf1be2
3053 [main] DEBUG org.aspectj.weaver.tools.WeavingAdaptor  - 16:58:02.573 main &gt; org.aspectj.weaver.tools.WeavingAdaptor.weaveClass org.aspectj.weaver.loadtime.ClassLoaderWeavingAdaptor@10b090ac org/hibernate/annotations/AnyMetaDefs, byte[466]
3053 [main] DEBUG org.aspectj.weaver.tools.WeavingAdaptor  - 16:58:02.573 main &lt; org.aspectj.weaver.tools.WeavingAdaptor.weaveClass false
3053 [main] DEBUG org.aspectj.weaver.loadtime.Aj  - 16:58:02.573 main &lt; org.aspectj.weaver.loadtime.Aj.preProcess byte[466]
3053 [main] DEBUG org.aspectj.weaver.loadtime.Aj  - 16:58:02.573 main &gt; org.aspectj.weaver.loadtime.Aj.preProcess org.aspectj.weaver.loadtime.Aj@58027738 org/hibernate/cfg/annotations/TableBinder, byte[12336], org.springframework.test.jpa.OrmXmlOverridingShadowingClassLoader@2bbf1be2
3053 [main] DEBUG org.aspectj.weaver.loadtime.Aj  - 16:58:02.573 main - org.aspectj.weaver.loadtime.Aj.preProcess org.aspectj.weaver.loadtime.Aj@58027738 sun.misc.Launcher$AppClassLoader@302b2c81, org.springframework.test.jpa.OrmXmlOverridingShadowingClassLoader@2bbf1be2
3053 [main] DEBUG org.aspectj.weaver.tools.WeavingAdaptor  - 16:58:02.573 main &gt; org.aspectj.weaver.tools.WeavingAdaptor.weaveClass org.aspectj.weaver.loadtime.ClassLoaderWeavingAdaptor@10b090ac org/hibernate/cfg/annotations/TableBinder, byte[12336]
3053 [main] DEBUG org.aspectj.weaver.tools.WeavingAdaptor  - 16:58:02.573 main &lt; org.aspectj.weaver.tools.WeavingAdaptor.weaveClass false
3053 [main] DEBUG org.aspectj.weaver.loadtime.Aj  - 16:58:02.573 main &lt; org.aspectj.weaver.loadtime.Aj.preProcess byte[12336]
3054 [main] DEBUG org.aspectj.weaver.loadtime.Aj  - 16:58:02.574 main &gt; org.aspectj.weaver.loadtime.Aj.preProcess org.aspectj.weaver.loadtime.Aj@58027738 org/hibernate/mapping/Property, byte[9005], org.springframework.test.jpa.OrmXmlOverridingShadowingClassLoader@2bbf1be2
3054 [main] DEBUG org.aspectj.weaver.loadtime.Aj  - 16:58:02.574 main - org.aspectj.weaver.loadtime.Aj.preProcess org.aspectj.weaver.loadtime.Aj@58027738 sun.misc.Launcher$AppClassLoader@302b2c81, org.springframework.test.jpa.OrmXmlOverridingShadowingClassLoader@2bbf1be2
3054 [main] DEBUG org.aspectj.weaver.tools.WeavingAdaptor  - 16:58:02.574 main &gt; org.aspectj.weaver.tools.WeavingAdaptor.weaveClass org.aspectj.weaver.loadtime.ClassLoaderWeavingAdaptor@10b090ac org/hibernate/mapping/Property, byte[9005]
3054 [main] DEBUG org.aspectj.weaver.tools.WeavingAdaptor  - 16:58:02.574 main &lt; org.aspectj.weaver.tools.WeavingAdaptor.weaveClass false
3054 [main] DEBUG org.aspectj.weaver.loadtime.Aj  - 16:58:02.574 main &lt; org.aspectj.weaver.loadtime.Aj.preProcess byte[9005]
3056 [main] DEBUG org.aspectj.weaver.loadtime.Aj  - 16:58:02.576 main &gt; org.aspectj.weaver.loadtime.Aj.preProcess org.aspectj.weaver.loadtime.Aj@58027738 org/hibernate/annotations/DiscriminatorFormula, byte[448], org.springframework.test.jpa.OrmXmlOverridingShadowingClassLoader@2bbf1be2
3057 [main] DEBUG org.aspectj.weaver.loadtime.Aj  - 16:58:02.577 main - org.aspectj.weaver.loadtime.Aj.preProcess org.aspectj.weaver.loadtime.Aj@58027738 sun.misc.Launcher$AppClassLoader@302b2c81, org.springframework.test.jpa.OrmXmlOverridingShadowingClassLoader@2bbf1be2
3057 [main] DEBUG org.aspectj.weaver.tools.WeavingAdaptor  - 16:58:02.577 main &gt; org.aspectj.weaver.tools.WeavingAdaptor.weaveClass org.aspectj.weaver.loadtime.ClassLoaderWeavingAdaptor@10b090ac org/hibernate/annotations/DiscriminatorFormula, byte[448]
3057 [main] DEBUG org.aspectj.weaver.tools.WeavingAdaptor  - 16:58:02.577 main &lt; org.aspectj.weaver.tools.WeavingAdaptor.weaveClass false
3057 [main] DEBUG org.aspectj.weaver.loadtime.Aj  - 16:58:02.577 main &lt; org.aspectj.weaver.loadtime.Aj.preProcess byte[448]
3057 [main] DEBUG org.aspectj.weaver.loadtime.Aj  - 16:58:02.577 main &gt; org.aspectj.weaver.loadtime.Aj.preProcess org.aspectj.weaver.loadtime.Aj@58027738 org/hibernate/cfg/Ejb3DiscriminatorColumn, byte[2732], org.springframework.test.jpa.OrmXmlOverridingShadowingClassLoader@2bbf1be2
3057 [main] DEBUG org.aspectj.weaver.loadtime.Aj  - 16:58:02.577 main - org.aspectj.weaver.loadtime.Aj.preProcess org.aspectj.weaver.loadtime.Aj@58027738 sun.misc.Launcher$AppClassLoader@302b2c81, org.springframework.test.jpa.OrmXmlOverridingShadowingClassLoader@2bbf1be2
3057 [main] DEBUG org.aspectj.weaver.tools.WeavingAdaptor  - 16:58:02.577 main &gt; org.aspectj.weaver.tools.WeavingAdaptor.weaveClass org.aspectj.weaver.loadtime.ClassLoaderWeavingAdaptor@10b090ac org/hibernate/cfg/Ejb3DiscriminatorColumn, byte[2732]
3057 [main] DEBUG org.aspectj.weaver.tools.WeavingAdaptor  - 16:58:02.577 main &lt; org.aspectj.weaver.tools.WeavingAdaptor.weaveClass false
3057 [main] DEBUG org.aspectj.weaver.loadtime.Aj  - 16:58:02.577 main &lt; org.aspectj.weaver.loadtime.Aj.preProcess byte[2732]
3058 [main] DEBUG org.aspectj.weaver.loadtime.Aj  - 16:58:02.578 main &gt; org.aspectj.weaver.loadtime.Aj.preProcess org.aspectj.weaver.loadtime.Aj@58027738 org/hibernate/mapping/Column, byte[8493], org.springframework.test.jpa.OrmXmlOverridingShadowingClassLoader@2bbf1be2
3058 [main] DEBUG org.aspectj.weaver.loadtime.Aj  - 16:58:02.578 main - org.aspectj.weaver.loadtime.Aj.preProcess org.aspectj.weaver.loadtime.Aj@58027738 sun.misc.Launcher$AppClassLoader@302b2c81, org.springframework.test.jpa.OrmXmlOverridingShadowingClassLoader@2bbf1be2
3058 [main] DEBUG org.aspectj.weaver.tools.WeavingAdaptor  - 16:58:02.578 main &gt; org.aspectj.weaver.tools.WeavingAdaptor.weaveClass org.aspectj.weaver.loadtime.ClassLoaderWeavingAdaptor@10b090ac org/hibernate/mapping/Column, byte[8493]
3058 [main] DEBUG org.aspectj.weaver.tools.WeavingAdaptor  - 16:58:02.578 main &lt; org.aspectj.weaver.tools.WeavingAdaptor.weaveClass false
3058 [main] DEBUG org.aspectj.weaver.loadtime.Aj  - 16:58:02.578 main &lt; org.aspectj.weaver.loadtime.Aj.preProcess byte[8493]
3059 [main] DEBUG org.aspectj.weaver.loadtime.Aj  - 16:58:02.579 main &gt; org.aspectj.weaver.loadtime.Aj.preProcess org.aspectj.weaver.loadtime.Aj@58027738 org/hibernate/mapping/Selectable, byte[490], org.springframework.test.jpa.OrmXmlOverridingShadowingClassLoader@2bbf1be2
3059 [main] DEBUG org.aspectj.weaver.loadtime.Aj  - 16:58:02.579 main - org.aspectj.weaver.loadtime.Aj.preProcess org.aspectj.weaver.loadtime.Aj@58027738 sun.misc.Launcher$AppClassLoader@302b2c81, org.springframework.test.jpa.OrmXmlOverridingShadowingClassLoader@2bbf1be2
3059 [main] DEBUG org.aspectj.weaver.tools.WeavingAdaptor  - 16:58:02.579 main &gt; org.aspectj.weaver.tools.WeavingAdaptor.weaveClass org.aspectj.weaver.loadtime.ClassLoaderWeavingAdaptor@10b090ac org/hibernate/mapping/Selectable, byte[490]
3059 [main] DEBUG org.aspectj.weaver.tools.WeavingAdaptor  - 16:58:02.579 main &lt; org.aspectj.weaver.tools.WeavingAdaptor.weaveClass false
3059 [main] DEBUG org.aspectj.weaver.loadtime.Aj  - 16:58:02.579 main &lt; org.aspectj.weaver.loadtime.Aj.preProcess byte[490]
3061 [main] DEBUG org.aspectj.weaver.loadtime.Aj  - 16:58:02.581 main &gt; org.aspectj.weaver.loadtime.Aj.preProcess org.aspectj.weaver.loadtime.Aj@58027738 org/hibernate/sql/Alias, byte[2114], org.springframework.test.jpa.OrmXmlOverridingShadowingClassLoader@2bbf1be2
3061 [main] DEBUG org.aspectj.weaver.loadtime.Aj  - 16:58:02.581 main - org.aspectj.weaver.loadtime.Aj.preProcess org.aspectj.weaver.loadtime.Aj@58027738 sun.misc.Launcher$AppClassLoader@302b2c81, org.springframework.test.jpa.OrmXmlOverridingShadowingClassLoader@2bbf1be2
3061 [main] DEBUG org.aspectj.weaver.tools.WeavingAdaptor  - 16:58:02.581 main &gt; org.aspectj.weaver.tools.WeavingAdaptor.weaveClass org.aspectj.weaver.loadtime.ClassLoaderWeavingAdaptor@10b090ac org/hibernate/sql/Alias, byte[2114]
3061 [main] DEBUG org.aspectj.weaver.tools.WeavingAdaptor  - 16:58:02.581 main &lt; org.aspectj.weaver.tools.WeavingAdaptor.weaveClass false
3061 [main] DEBUG org.aspectj.weaver.loadtime.Aj  - 16:58:02.581 main &lt; org.aspectj.weaver.loadtime.Aj.preProcess byte[2114]
3061 [main] DEBUG org.aspectj.weaver.loadtime.Aj  - 16:58:02.581 main &gt; org.aspectj.weaver.loadtime.Aj.preProcess org.aspectj.weaver.loadtime.Aj@58027738 org/hibernate/annotations/Proxy, byte[498], org.springframework.test.jpa.OrmXmlOverridingShadowingClassLoader@2bbf1be2
3061 [main] DEBUG org.aspectj.weaver.loadtime.Aj  - 16:58:02.581 main - org.aspectj.weaver.loadtime.Aj.preProcess org.aspectj.weaver.loadtime.Aj@58027738 sun.misc.Launcher$AppClassLoader@302b2c81, org.springframework.test.jpa.OrmXmlOverridingShadowingClassLoader@2bbf1be2
3061 [main] DEBUG org.aspectj.weaver.tools.WeavingAdaptor  - 16:58:02.581 main &gt; org.aspectj.weaver.tools.WeavingAdaptor.weaveClass org.aspectj.weaver.loadtime.ClassLoaderWeavingAdaptor@10b090ac org/hibernate/annotations/Proxy, byte[498]
3061 [main] DEBUG org.aspectj.weaver.tools.WeavingAdaptor  - 16:58:02.581 main &lt; org.aspectj.weaver.tools.WeavingAdaptor.weaveClass false
3062 [main] DEBUG org.aspectj.weaver.loadtime.Aj  - 16:58:02.582 main &lt; org.aspectj.weaver.loadtime.Aj.preProcess byte[498]
3062 [main] DEBUG org.aspectj.weaver.loadtime.Aj  - 16:58:02.582 main &gt; org.aspectj.weaver.loadtime.Aj.preProcess org.aspectj.weaver.loadtime.Aj@58027738 org/hibernate/annotations/BatchSize, byte[443], org.springframework.test.jpa.OrmXmlOverridingShadowingClassLoader@2bbf1be2
3062 [main] DEBUG org.aspectj.weaver.loadtime.Aj  - 16:58:02.582 main - org.aspectj.weaver.loadtime.Aj.preProcess org.aspectj.weaver.loadtime.Aj@58027738 sun.misc.Launcher$AppClassLoader@302b2c81, org.springframework.test.jpa.OrmXmlOverridingShadowingClassLoader@2bbf1be2
3062 [main] DEBUG org.aspectj.weaver.tools.WeavingAdaptor  - 16:58:02.582 main &gt; org.aspectj.weaver.tools.WeavingAdaptor.weaveClass org.aspectj.weaver.loadtime.ClassLoaderWeavingAdaptor@10b090ac org/hibernate/annotations/BatchSize, byte[443]
3062 [main] DEBUG org.aspectj.weaver.tools.WeavingAdaptor  - 16:58:02.582 main &lt; org.aspectj.weaver.tools.WeavingAdaptor.weaveClass false
3062 [main] DEBUG org.aspectj.weaver.loadtime.Aj  - 16:58:02.582 main &lt; org.aspectj.weaver.loadtime.Aj.preProcess byte[443]
3062 [main] DEBUG org.aspectj.weaver.loadtime.Aj  - 16:58:02.582 main &gt; org.aspectj.weaver.loadtime.Aj.preProcess org.aspectj.weaver.loadtime.Aj@58027738 org/hibernate/annotations/Where, byte[454], org.springframework.test.jpa.OrmXmlOverridingShadowingClassLoader@2bbf1be2
3062 [main] DEBUG org.aspectj.weaver.loadtime.Aj  - 16:58:02.582 main - org.aspectj.weaver.loadtime.Aj.preProcess org.aspectj.weaver.loadtime.Aj@58027738 sun.misc.Launcher$AppClassLoader@302b2c81, org.springframework.test.jpa.OrmXmlOverridingShadowingClassLoader@2bbf1be2
3062 [main] DEBUG org.aspectj.weaver.tools.WeavingAdaptor  - 16:58:02.582 main &gt; org.aspectj.weaver.tools.WeavingAdaptor.weaveClass org.aspectj.weaver.loadtime.ClassLoaderWeavingAdaptor@10b090ac org/hibernate/annotations/Where, byte[454]
3062 [main] DEBUG org.aspectj.weaver.tools.WeavingAdaptor  - 16:58:02.582 main &lt; org.aspectj.weaver.tools.WeavingAdaptor.weaveClass false
3062 [main] DEBUG org.aspectj.weaver.loadtime.Aj  - 16:58:02.582 main &lt; org.aspectj.weaver.loadtime.Aj.preProcess byte[454]
3063 [main] DEBUG org.aspectj.weaver.loadtime.Aj  - 16:58:02.583 main &gt; org.aspectj.weaver.loadtime.Aj.preProcess org.aspectj.weaver.loadtime.Aj@58027738 org/hibernate/annotations/Entity, byte[898], org.springframework.test.jpa.OrmXmlOverridingShadowingClassLoader@2bbf1be2
3063 [main] DEBUG org.aspectj.weaver.loadtime.Aj  - 16:58:02.583 main - org.aspectj.weaver.loadtime.Aj.preProcess org.aspectj.weaver.loadtime.Aj@58027738 sun.misc.Launcher$AppClassLoader@302b2c81, org.springframework.test.jpa.OrmXmlOverridingShadowingClassLoader@2bbf1be2
3063 [main] DEBUG org.aspectj.weaver.tools.WeavingAdaptor  - 16:58:02.583 main &gt; org.aspectj.weaver.tools.WeavingAdaptor.weaveClass org.aspectj.weaver.loadtime.ClassLoaderWeavingAdaptor@10b090ac org/hibernate/annotations/Entity, byte[898]
3063 [main] DEBUG org.aspectj.weaver.tools.WeavingAdaptor  - 16:58:02.583 main &lt; org.aspectj.weaver.tools.WeavingAdaptor.weaveClass false
3063 [main] DEBUG org.aspectj.weaver.loadtime.Aj  - 16:58:02.583 main &lt; org.aspectj.weaver.loadtime.Aj.preProcess byte[898]
3063 [main] DEBUG org.aspectj.weaver.loadtime.Aj  - 16:58:02.583 main &gt; org.aspectj.weaver.loadtime.Aj.preProcess org.aspectj.weaver.loadtime.Aj@58027738 org/hibernate/cfg/annotations/EntityBinder, byte[26683], org.springframework.test.jpa.OrmXmlOverridingShadowingClassLoader@2bbf1be2
3063 [main] DEBUG org.aspectj.weaver.loadtime.Aj  - 16:58:02.583 main - org.aspectj.weaver.loadtime.Aj.preProcess org.aspectj.weaver.loadtime.Aj@58027738 sun.misc.Launcher$AppClassLoader@302b2c81, org.springframework.test.jpa.OrmXmlOverridingShadowingClassLoader@2bbf1be2
3064 [main] DEBUG org.aspectj.weaver.tools.WeavingAdaptor  - 16:58:02.583 main &gt; org.aspectj.weaver.tools.WeavingAdaptor.weaveClass org.aspectj.weaver.loadtime.ClassLoaderWeavingAdaptor@10b090ac org/hibernate/cfg/annotations/EntityBinder, byte[26683]
3064 [main] DEBUG org.aspectj.weaver.tools.WeavingAdaptor  - 16:58:02.584 main &lt; org.aspectj.weaver.tools.WeavingAdaptor.weaveClass false
3064 [main] DEBUG org.aspectj.weaver.loadtime.Aj  - 16:58:02.584 main &lt; org.aspectj.weaver.loadtime.Aj.preProcess byte[26683]
3066 [main] DEBUG org.aspectj.weaver.loadtime.Aj  - 16:58:02.586 main &gt; org.aspectj.weaver.loadtime.Aj.preProcess org.aspectj.weaver.loadtime.Aj@58027738 org/hibernate/annotations/OptimisticLockType, byte[1199], org.springframework.test.jpa.OrmXmlOverridingShadowingClassLoader@2bbf1be2
3066 [main] DEBUG org.aspectj.weaver.loadtime.Aj  - 16:58:02.586 main - org.aspectj.weaver.loadtime.Aj.preProcess org.aspectj.weaver.loadtime.Aj@58027738 sun.misc.Launcher$AppClassLoader@302b2c81, org.springframework.test.jpa.OrmXmlOverridingShadowingClassLoader@2bbf1be2
3066 [main] DEBUG org.aspectj.weaver.tools.WeavingAdaptor  - 16:58:02.586 main &gt; org.aspectj.weaver.tools.WeavingAdaptor.weaveClass org.aspectj.weaver.loadtime.ClassLoaderWeavingAdaptor@10b090ac org/hibernate/annotations/OptimisticLockType, byte[1199]
3066 [main] DEBUG org.aspectj.weaver.tools.WeavingAdaptor  - 16:58:02.586 main &lt; org.aspectj.weaver.tools.WeavingAdaptor.weaveClass false
3066 [main] DEBUG org.aspectj.weaver.loadtime.Aj  - 16:58:02.586 main &lt; org.aspectj.weaver.loadtime.Aj.preProcess byte[1199]
3066 [main] DEBUG org.aspectj.weaver.loadtime.Aj  - 16:58:02.586 main &gt; org.aspectj.weaver.loadtime.Aj.preProcess org.aspectj.weaver.loadtime.Aj@58027738 org/hibernate/annotations/PolymorphismType, byte[1088], org.springframework.test.jpa.OrmXmlOverridingShadowingClassLoader@2bbf1be2
3066 [main] DEBUG org.aspectj.weaver.loadtime.Aj  - 16:58:02.586 main - org.aspectj.weaver.loadtime.Aj.preProcess org.aspectj.weaver.loadtime.Aj@58027738 sun.misc.Launcher$AppClassLoader@302b2c81, org.springframework.test.jpa.OrmXmlOverridingShadowingClassLoader@2bbf1be2
3066 [main] DEBUG org.aspectj.weaver.tools.WeavingAdaptor  - 16:58:02.586 main &gt; org.aspectj.weaver.tools.WeavingAdaptor.weaveClass org.aspectj.weaver.loadtime.ClassLoaderWeavingAdaptor@10b090ac org/hibernate/annotations/PolymorphismType, byte[1088]
3066 [main] DEBUG org.aspectj.weaver.tools.WeavingAdaptor  - 16:58:02.586 main &lt; org.aspectj.weaver.tools.WeavingAdaptor.weaveClass false
3066 [main] DEBUG org.aspectj.weaver.loadtime.Aj  - 16:58:02.586 main &lt; org.aspectj.weaver.loadtime.Aj.preProcess byte[1088]
3067 [main] DEBUG org.aspectj.weaver.loadtime.Aj  - 16:58:02.587 main &gt; org.aspectj.weaver.loadtime.Aj.preProcess org.aspectj.weaver.loadtime.Aj@58027738 org/hibernate/cfg/annotations/EntityBinder$1, byte[1827], org.springframework.test.jpa.OrmXmlOverridingShadowingClassLoader@2bbf1be2
3067 [main] DEBUG org.aspectj.weaver.loadtime.Aj  - 16:58:02.587 main - org.aspectj.weaver.loadtime.Aj.preProcess org.aspectj.weaver.loadtime.Aj@58027738 sun.misc.Launcher$AppClassLoader@302b2c81, org.springframework.test.jpa.OrmXmlOverridingShadowingClassLoader@2bbf1be2
3067 [main] DEBUG org.aspectj.weaver.tools.WeavingAdaptor  - 16:58:02.587 main &gt; org.aspectj.weaver.tools.WeavingAdaptor.weaveClass org.aspectj.weaver.loadtime.ClassLoaderWeavingAdaptor@10b090ac org/hibernate/cfg/annotations/EntityBinder$1, byte[1827]
3067 [main] DEBUG org.aspectj.weaver.tools.WeavingAdaptor  - 16:58:02.587 main &lt; org.aspectj.weaver.tools.WeavingAdaptor.weaveClass false
3067 [main] DEBUG org.aspectj.weaver.loadtime.Aj  - 16:58:02.587 main &lt; org.aspectj.weaver.loadtime.Aj.preProcess byte[1827]
3067 [main] DEBUG org.aspectj.weaver.loadtime.Aj  - 16:58:02.587 main &gt; org.aspectj.weaver.loadtime.Aj.preProcess org.aspectj.weaver.loadtime.Aj@58027738 org/hibernate/annotations/Filter, byte[506], org.springframework.test.jpa.OrmXmlOverridingShadowingClassLoader@2bbf1be2
3068 [main] DEBUG org.aspectj.weaver.loadtime.Aj  - 16:58:02.588 main - org.aspectj.weaver.loadtime.Aj.preProcess org.aspectj.weaver.loadtime.Aj@58027738 sun.misc.Launcher$AppClassLoader@302b2c81, org.springframework.test.jpa.OrmXmlOverridingShadowingClassLoader@2bbf1be2
3068 [main] DEBUG org.aspectj.weaver.tools.WeavingAdaptor  - 16:58:02.588 main &gt; org.aspectj.weaver.tools.WeavingAdaptor.weaveClass org.aspectj.weaver.loadtime.ClassLoaderWeavingAdaptor@10b090ac org/hibernate/annotations/Filter, byte[506]
3068 [main] DEBUG org.aspectj.weaver.tools.WeavingAdaptor  - 16:58:02.588 main &lt; org.aspectj.weaver.tools.WeavingAdaptor.weaveClass false
3068 [main] DEBUG org.aspectj.weaver.loadtime.Aj  - 16:58:02.588 main &lt; org.aspectj.weaver.loadtime.Aj.preProcess byte[506]
3068 [main] DEBUG org.aspectj.weaver.loadtime.Aj  - 16:58:02.588 main &gt; org.aspectj.weaver.loadtime.Aj.preProcess org.aspectj.weaver.loadtime.Aj@58027738 org/hibernate/annotations/Filters, byte[466], org.springframework.test.jpa.OrmXmlOverridingShadowingClassLoader@2bbf1be2
3068 [main] DEBUG org.aspectj.weaver.loadtime.Aj  - 16:58:02.588 main - org.aspectj.weaver.loadtime.Aj.preProcess org.aspectj.weaver.loadtime.Aj@58027738 sun.misc.Launcher$AppClassLoader@302b2c81, org.springframework.test.jpa.OrmXmlOverridingShadowingClassLoader@2bbf1be2
3068 [main] DEBUG org.aspectj.weaver.tools.WeavingAdaptor  - 16:58:02.588 main &gt; org.aspectj.weaver.tools.WeavingAdaptor.weaveClass org.aspectj.weaver.loadtime.ClassLoaderWeavingAdaptor@10b090ac org/hibernate/annotations/Filters, byte[466]
3068 [main] DEBUG org.aspectj.weaver.tools.WeavingAdaptor  - 16:58:02.588 main &lt; org.aspectj.weaver.tools.WeavingAdaptor.weaveClass false
3068 [main] DEBUG org.aspectj.weaver.loadtime.Aj  - 16:58:02.588 main &lt; org.aspectj.weaver.loadtime.Aj.preProcess byte[466]
3068 [main] DEBUG org.aspectj.weaver.loadtime.Aj  - 16:58:02.588 main &gt; org.aspectj.weaver.loadtime.Aj.preProcess org.aspectj.weaver.loadtime.Aj@58027738 org/hibernate/annotations/Immutable, byte[422], org.springframework.test.jpa.OrmXmlOverridingShadowingClassLoader@2bbf1be2
3069 [main] DEBUG org.aspectj.weaver.loadtime.Aj  - 16:58:02.589 main - org.aspectj.weaver.loadtime.Aj.preProcess org.aspectj.weaver.loadtime.Aj@58027738 sun.misc.Launcher$AppClassLoader@302b2c81, org.springframework.test.jpa.OrmXmlOverridingShadowingClassLoader@2bbf1be2
3069 [main] DEBUG org.aspectj.weaver.tools.WeavingAdaptor  - 16:58:02.589 main &gt; org.aspectj.weaver.tools.WeavingAdaptor.weaveClass org.aspectj.weaver.loadtime.ClassLoaderWeavingAdaptor@10b090ac org/hibernate/annotations/Immutable, byte[422]
3069 [main] DEBUG org.aspectj.weaver.tools.WeavingAdaptor  - 16:58:02.589 main &lt; org.aspectj.weaver.tools.WeavingAdaptor.weaveClass false
3069 [main] DEBUG org.aspectj.weaver.loadtime.Aj  - 16:58:02.589 main &lt; org.aspectj.weaver.loadtime.Aj.preProcess byte[422]
3069 [main] DEBUG org.aspectj.weaver.loadtime.Aj  - 16:58:02.589 main &gt; org.aspectj.weaver.loadtime.Aj.preProcess org.aspectj.weaver.loadtime.Aj@58027738 org/hibernate/annotations/ForceDiscriminator, byte[413], org.springframework.test.jpa.OrmXmlOverridingShadowingClassLoader@2bbf1be2
3069 [main] DEBUG org.aspectj.weaver.loadtime.Aj  - 16:58:02.589 main - org.aspectj.weaver.loadtime.Aj.preProcess org.aspectj.weaver.loadtime.Aj@58027738 sun.misc.Launcher$AppClassLoader@302b2c81, org.springframework.test.jpa.OrmXmlOverridingShadowingClassLoader@2bbf1be2
3069 [main] DEBUG org.aspectj.weaver.tools.WeavingAdaptor  - 16:58:02.589 main &gt; org.aspectj.weaver.tools.WeavingAdaptor.weaveClass org.aspectj.weaver.loadtime.ClassLoaderWeavingAdaptor@10b090ac org/hibernate/annotations/ForceDiscriminator, byte[413]
3069 [main] DEBUG org.aspectj.weaver.tools.WeavingAdaptor  - 16:58:02.589 main &lt; org.aspectj.weaver.tools.WeavingAdaptor.weaveClass false
3069 [main] DEBUG org.aspectj.weaver.loadtime.Aj  - 16:58:02.589 main &lt; org.aspectj.weaver.loadtime.Aj.preProcess byte[413]
3070 [main] DEBUG org.aspectj.weaver.loadtime.Aj  - 16:58:02.590 main &gt; org.aspectj.weaver.loadtime.Aj.preProcess org.aspectj.weaver.loadtime.Aj@58027738 org/hibernate/annotations/Persister, byte[459], org.springframework.test.jpa.OrmXmlOverridingShadowingClassLoader@2bbf1be2
3070 [main] DEBUG org.aspectj.weaver.loadtime.Aj  - 16:58:02.590 main - org.aspectj.weaver.loadtime.Aj.preProcess org.aspectj.weaver.loadtime.Aj@58027738 sun.misc.Launcher$AppClassLoader@302b2c81, org.springframework.test.jpa.OrmXmlOverridingShadowingClassLoader@2bbf1be2
3070 [main] DEBUG org.aspectj.weaver.tools.WeavingAdaptor  - 16:58:02.590 main &gt; org.aspectj.weaver.tools.WeavingAdaptor.weaveClass org.aspectj.weaver.loadtime.ClassLoaderWeavingAdaptor@10b090ac org/hibernate/annotations/Persister, byte[459]
3070 [main] DEBUG org.aspectj.weaver.tools.WeavingAdaptor  - 16:58:02.590 main &lt; org.aspectj.weaver.tools.WeavingAdaptor.weaveClass false
3070 [main] DEBUG org.aspectj.weaver.loadtime.Aj  - 16:58:02.590 main &lt; org.aspectj.weaver.loadtime.Aj.preProcess byte[459]
3070 [main] DEBUG org.aspectj.weaver.loadtime.Aj  - 16:58:02.590 main &gt; org.aspectj.weaver.loadtime.Aj.preProcess org.aspectj.weaver.loadtime.Aj@58027738 org/hibernate/annotations/SQLInsert, byte[648], org.springframework.test.jpa.OrmXmlOverridingShadowingClassLoader@2bbf1be2
3070 [main] DEBUG org.aspectj.weaver.loadtime.Aj  - 16:58:02.590 main - org.aspectj.weaver.loadtime.Aj.preProcess org.aspectj.weaver.loadtime.Aj@58027738 sun.misc.Launcher$AppClassLoader@302b2c81, org.springframework.test.jpa.OrmXmlOverridingShadowingClassLoader@2bbf1be2
3070 [main] DEBUG org.aspectj.weaver.tools.WeavingAdaptor  - 16:58:02.590 main &gt; org.aspectj.weaver.tools.WeavingAdaptor.weaveClass org.aspectj.weaver.loadtime.ClassLoaderWeavingAdaptor@10b090ac org/hibernate/annotations/SQLInsert, byte[648]
3070 [main] DEBUG org.aspectj.weaver.tools.WeavingAdaptor  - 16:58:02.590 main &lt; org.aspectj.weaver.tools.WeavingAdaptor.weaveClass false
3071 [main] DEBUG org.aspectj.weaver.loadtime.Aj  - 16:58:02.591 main &lt; org.aspectj.weaver.loadtime.Aj.preProcess byte[648]
3071 [main] DEBUG org.aspectj.weaver.loadtime.Aj  - 16:58:02.591 main &gt; org.aspectj.weaver.loadtime.Aj.preProcess org.aspectj.weaver.loadtime.Aj@58027738 org/hibernate/annotations/SQLUpdate, byte[648], org.springframework.test.jpa.OrmXmlOverridingShadowingClassLoader@2bbf1be2
3071 [main] DEBUG org.aspectj.weaver.loadtime.Aj  - 16:58:02.591 main - org.aspectj.weaver.loadtime.Aj.preProcess org.aspectj.weaver.loadtime.Aj@58027738 sun.misc.Launcher$AppClassLoader@302b2c81, org.springframework.test.jpa.OrmXmlOverridingShadowingClassLoader@2bbf1be2
3071 [main] DEBUG org.aspectj.weaver.tools.WeavingAdaptor  - 16:58:02.591 main &gt; org.aspectj.weaver.tools.WeavingAdaptor.weaveClass org.aspectj.weaver.loadtime.ClassLoaderWeavingAdaptor@10b090ac org/hibernate/annotations/SQLUpdate, byte[648]
3071 [main] DEBUG org.aspectj.weaver.tools.WeavingAdaptor  - 16:58:02.591 main &lt; org.aspectj.weaver.tools.WeavingAdaptor.weaveClass false
3071 [main] DEBUG org.aspectj.weaver.loadtime.Aj  - 16:58:02.591 main &lt; org.aspectj.weaver.loadtime.Aj.preProcess byte[648]
3071 [main] DEBUG org.aspectj.weaver.loadtime.Aj  - 16:58:02.591 main &gt; org.aspectj.weaver.loadtime.Aj.preProcess org.aspectj.weaver.loadtime.Aj@58027738 org/hibernate/annotations/SQLDelete, byte[648], org.springframework.test.jpa.OrmXmlOverridingShadowingClassLoader@2bbf1be2
3072 [main] DEBUG org.aspectj.weaver.loadtime.Aj  - 16:58:02.592 main - org.aspectj.weaver.loadtime.Aj.preProcess org.aspectj.weaver.loadtime.Aj@58027738 sun.misc.Launcher$AppClassLoader@302b2c81, org.springframework.test.jpa.OrmXmlOverridingShadowingClassLoader@2bbf1be2
3072 [main] DEBUG org.aspectj.weaver.tools.WeavingAdaptor  - 16:58:02.592 main &gt; org.aspectj.weaver.tools.WeavingAdaptor.weaveClass org.aspectj.weaver.loadtime.ClassLoaderWeavingAdaptor@10b090ac org/hibernate/annotations/SQLDelete, byte[648]
3072 [main] DEBUG org.aspectj.weaver.tools.WeavingAdaptor  - 16:58:02.592 main &lt; org.aspectj.weaver.tools.WeavingAdaptor.weaveClass false
3072 [main] DEBUG org.aspectj.weaver.loadtime.Aj  - 16:58:02.592 main &lt; org.aspectj.weaver.loadtime.Aj.preProcess byte[648]
3072 [main] DEBUG org.aspectj.weaver.loadtime.Aj  - 16:58:02.592 main &gt; org.aspectj.weaver.loadtime.Aj.preProcess org.aspectj.weaver.loadtime.Aj@58027738 org/hibernate/annotations/SQLDeleteAll, byte[654], org.springframework.test.jpa.OrmXmlOverridingShadowingClassLoader@2bbf1be2
3072 [main] DEBUG org.aspectj.weaver.loadtime.Aj  - 16:58:02.592 main - org.aspectj.weaver.loadtime.Aj.preProcess org.aspectj.weaver.loadtime.Aj@58027738 sun.misc.Launcher$AppClassLoader@302b2c81, org.springframework.test.jpa.OrmXmlOverridingShadowingClassLoader@2bbf1be2
3072 [main] DEBUG org.aspectj.weaver.tools.WeavingAdaptor  - 16:58:02.592 main &gt; org.aspectj.weaver.tools.WeavingAdaptor.weaveClass org.aspectj.weaver.loadtime.ClassLoaderWeavingAdaptor@10b090ac org/hibernate/annotations/SQLDeleteAll, byte[654]
3072 [main] DEBUG org.aspectj.weaver.tools.WeavingAdaptor  - 16:58:02.592 main &lt; org.aspectj.weaver.tools.WeavingAdaptor.weaveClass false
3072 [main] DEBUG org.aspectj.weaver.loadtime.Aj  - 16:58:02.592 main &lt; org.aspectj.weaver.loadtime.Aj.preProcess byte[654]
3073 [main] DEBUG org.aspectj.weaver.loadtime.Aj  - 16:58:02.593 main &gt; org.aspectj.weaver.loadtime.Aj.preProcess org.aspectj.weaver.loadtime.Aj@58027738 org/hibernate/annotations/Loader, byte[492], org.springframework.test.jpa.OrmXmlOverridingShadowingClassLoader@2bbf1be2
3073 [main] DEBUG org.aspectj.weaver.loadtime.Aj  - 16:58:02.593 main - org.aspectj.weaver.loadtime.Aj.preProcess org.aspectj.weaver.loadtime.Aj@58027738 sun.misc.Launcher$AppClassLoader@302b2c81, org.springframework.test.jpa.OrmXmlOverridingShadowingClassLoader@2bbf1be2
3073 [main] DEBUG org.aspectj.weaver.tools.WeavingAdaptor  - 16:58:02.593 main &gt; org.aspectj.weaver.tools.WeavingAdaptor.weaveClass org.aspectj.weaver.loadtime.ClassLoaderWeavingAdaptor@10b090ac org/hibernate/annotations/Loader, byte[492]
3073 [main] DEBUG org.aspectj.weaver.tools.WeavingAdaptor  - 16:58:02.593 main &lt; org.aspectj.weaver.tools.WeavingAdaptor.weaveClass false
3073 [main] DEBUG org.aspectj.weaver.loadtime.Aj  - 16:58:02.593 main &lt; org.aspectj.weaver.loadtime.Aj.preProcess byte[492]
3073 [main] DEBUG org.aspectj.weaver.loadtime.Aj  - 16:58:02.593 main &gt; org.aspectj.weaver.loadtime.Aj.preProcess org.aspectj.weaver.loadtime.Aj@58027738 org/hibernate/annotations/Tuplizers, byte[472], org.springframework.test.jpa.OrmXmlOverridingShadowingClassLoader@2bbf1be2
3073 [main] DEBUG org.aspectj.weaver.loadtime.Aj  - 16:58:02.593 main - org.aspectj.weaver.loadtime.Aj.preProcess org.aspectj.weaver.loadtime.Aj@58027738 sun.misc.Launcher$AppClassLoader@302b2c81, org.springframework.test.jpa.OrmXmlOverridingShadowingClassLoader@2bbf1be2
3073 [main] DEBUG org.aspectj.weaver.tools.WeavingAdaptor  - 16:58:02.593 main &gt; org.aspectj.weaver.tools.WeavingAdaptor.weaveClass org.aspectj.weaver.loadtime.ClassLoaderWeavingAdaptor@10b090ac org/hibernate/annotations/Tuplizers, byte[472]
3073 [main] DEBUG org.aspectj.weaver.tools.WeavingAdaptor  - 16:58:02.593 main &lt; org.aspectj.weaver.tools.WeavingAdaptor.weaveClass false
3073 [main] DEBUG org.aspectj.weaver.loadtime.Aj  - 16:58:02.593 main &lt; org.aspectj.weaver.loadtime.Aj.preProcess byte[472]
3074 [main] DEBUG org.aspectj.weaver.loadtime.Aj  - 16:58:02.594 main &gt; org.aspectj.weaver.loadtime.Aj.preProcess org.aspectj.weaver.loadtime.Aj@58027738 org/hibernate/annotations/Tuplizer, byte[537], org.springframework.test.jpa.OrmXmlOverridingShadowingClassLoader@2bbf1be2
3074 [main] DEBUG org.aspectj.weaver.loadtime.Aj  - 16:58:02.594 main - org.aspectj.weaver.loadtime.Aj.preProcess org.aspectj.weaver.loadtime.Aj@58027738 sun.misc.Launcher$AppClassLoader@302b2c81, org.springframework.test.jpa.OrmXmlOverridingShadowingClassLoader@2bbf1be2
3074 [main] DEBUG org.aspectj.weaver.tools.WeavingAdaptor  - 16:58:02.594 main &gt; org.aspectj.weaver.tools.WeavingAdaptor.weaveClass org.aspectj.weaver.loadtime.ClassLoaderWeavingAdaptor@10b090ac org/hibernate/annotations/Tuplizer, byte[537]
3074 [main] DEBUG org.aspectj.weaver.tools.WeavingAdaptor  - 16:58:02.594 main &lt; org.aspectj.weaver.tools.WeavingAdaptor.weaveClass false
3074 [main] DEBUG org.aspectj.weaver.loadtime.Aj  - 16:58:02.594 main &lt; org.aspectj.weaver.loadtime.Aj.preProcess byte[537]
3074 [main] DEBUG org.aspectj.weaver.loadtime.Aj  - 16:58:02.594 main &gt; org.aspectj.weaver.loadtime.Aj.preProcess org.aspectj.weaver.loadtime.Aj@58027738 org/hibernate/annotations/Check, byte[459], org.springframework.test.jpa.OrmXmlOverridingShadowingClassLoader@2bbf1be2
3074 [main] DEBUG org.aspectj.weaver.loadtime.Aj  - 16:58:02.594 main - org.aspectj.weaver.loadtime.Aj.preProcess org.aspectj.weaver.loadtime.Aj@58027738 sun.misc.Launcher$AppClassLoader@302b2c81, org.springframework.test.jpa.OrmXmlOverridingShadowingClassLoader@2bbf1be2
3074 [main] DEBUG org.aspectj.weaver.tools.WeavingAdaptor  - 16:58:02.594 main &gt; org.aspectj.weaver.tools.WeavingAdaptor.weaveClass org.aspectj.weaver.loadtime.ClassLoaderWeavingAdaptor@10b090ac org/hibernate/annotations/Check, byte[459]
3075 [main] DEBUG org.aspectj.weaver.tools.WeavingAdaptor  - 16:58:02.594 main &lt; org.aspectj.weaver.tools.WeavingAdaptor.weaveClass false
3075 [main] DEBUG org.aspectj.weaver.loadtime.Aj  - 16:58:02.595 main &lt; org.aspectj.weaver.loadtime.Aj.preProcess byte[459]
3076 [main] DEBUG org.aspectj.weaver.loadtime.Aj  - 16:58:02.596 main &gt; org.aspectj.weaver.loadtime.Aj.preProcess org.aspectj.weaver.loadtime.Aj@58027738 org/apache/commons/collections/SequencedHashMap, byte[9051], org.springframework.test.jpa.OrmXmlOverridingShadowingClassLoader@2bbf1be2
3076 [main] DEBUG org.aspectj.weaver.loadtime.Aj  - 16:58:02.596 main - org.aspectj.weaver.loadtime.Aj.preProcess org.aspectj.weaver.loadtime.Aj@58027738 sun.misc.Launcher$AppClassLoader@302b2c81, org.springframework.test.jpa.OrmXmlOverridingShadowingClassLoader@2bbf1be2
3076 [main] DEBUG org.aspectj.weaver.tools.WeavingAdaptor  - 16:58:02.596 main &gt; org.aspectj.weaver.tools.WeavingAdaptor.weaveClass org.aspectj.weaver.loadtime.ClassLoaderWeavingAdaptor@10b090ac org/apache/commons/collections/SequencedHashMap, byte[9051]
3076 [main] DEBUG org.aspectj.weaver.tools.WeavingAdaptor  - 16:58:02.596 main &lt; org.aspectj.weaver.tools.WeavingAdaptor.weaveClass false
3076 [main] DEBUG org.aspectj.weaver.loadtime.Aj  - 16:58:02.596 main &lt; org.aspectj.weaver.loadtime.Aj.preProcess byte[9051]
3077 [main] DEBUG org.aspectj.weaver.loadtime.Aj  - 16:58:02.597 main &gt; org.aspectj.weaver.loadtime.Aj.preProcess org.aspectj.weaver.loadtime.Aj@58027738 org/apache/commons/collections/SequencedHashMap$Entry, byte[1853], org.springframework.test.jpa.OrmXmlOverridingShadowingClassLoader@2bbf1be2
3077 [main] DEBUG org.aspectj.weaver.loadtime.Aj  - 16:58:02.597 main - org.aspectj.weaver.loadtime.Aj.preProcess org.aspectj.weaver.loadtime.Aj@58027738 sun.misc.Launcher$AppClassLoader@302b2c81, org.springframework.test.jpa.OrmXmlOverridingShadowingClassLoader@2bbf1be2
3077 [main] DEBUG org.aspectj.weaver.tools.WeavingAdaptor  - 16:58:02.597 main &gt; org.aspectj.weaver.tools.WeavingAdaptor.weaveClass org.aspectj.weaver.loadtime.ClassLoaderWeavingAdaptor@10b090ac org/apache/commons/collections/SequencedHashMap$Entry, byte[1853]
3077 [main] DEBUG org.aspectj.weaver.tools.WeavingAdaptor  - 16:58:02.597 main &lt; org.aspectj.weaver.tools.WeavingAdaptor.weaveClass false
3077 [main] DEBUG org.aspectj.weaver.loadtime.Aj  - 16:58:02.597 main &lt; org.aspectj.weaver.loadtime.Aj.preProcess byte[1853]
3077 [main] DEBUG org.aspectj.weaver.loadtime.Aj  - 16:58:02.597 main &gt; org.aspectj.weaver.loadtime.Aj.preProcess org.aspectj.weaver.loadtime.Aj@58027738 org/apache/commons/collections/KeyValue, byte[187], org.springframework.test.jpa.OrmXmlOverridingShadowingClassLoader@2bbf1be2
3077 [main] DEBUG org.aspectj.weaver.loadtime.Aj  - 16:58:02.597 main - org.aspectj.weaver.loadtime.Aj.preProcess org.aspectj.weaver.loadtime.Aj@58027738 sun.misc.Launcher$AppClassLoader@302b2c81, org.springframework.test.jpa.OrmXmlOverridingShadowingClassLoader@2bbf1be2
3077 [main] DEBUG org.aspectj.weaver.tools.WeavingAdaptor  - 16:58:02.597 main &gt; org.aspectj.weaver.tools.WeavingAdaptor.weaveClass org.aspectj.weaver.loadtime.ClassLoaderWeavingAdaptor@10b090ac org/apache/commons/collections/KeyValue, byte[187]
3077 [main] DEBUG org.aspectj.weaver.tools.WeavingAdaptor  - 16:58:02.597 main &lt; org.aspectj.weaver.tools.WeavingAdaptor.weaveClass false
3077 [main] DEBUG org.aspectj.weaver.loadtime.Aj  - 16:58:02.597 main &lt; org.aspectj.weaver.loadtime.Aj.preProcess byte[187]
3078 [main] DEBUG org.aspectj.weaver.loadtime.Aj  - 16:58:02.598 main &gt; org.aspectj.weaver.loadtime.Aj.preProcess org.aspectj.weaver.loadtime.Aj@58027738 org/hibernate/cfg/Mappings$TableDescription, byte[652], org.springframework.test.jpa.OrmXmlOverridingShadowingClassLoader@2bbf1be2
3078 [main] DEBUG org.aspectj.weaver.loadtime.Aj  - 16:58:02.598 main - org.aspectj.weaver.loadtime.Aj.preProcess org.aspectj.weaver.loadtime.Aj@58027738 sun.misc.Launcher$AppClassLoader@302b2c81, org.springframework.test.jpa.OrmXmlOverridingShadowingClassLoader@2bbf1be2
3078 [main] DEBUG org.aspectj.weaver.tools.WeavingAdaptor  - 16:58:02.598 main &gt; org.aspectj.weaver.tools.WeavingAdaptor.weaveClass org.aspectj.weaver.loadtime.ClassLoaderWeavingAdaptor@10b090ac org/hibernate/cfg/Mappings$TableDescription, byte[652]
3078 [main] DEBUG org.aspectj.weaver.tools.WeavingAdaptor  - 16:58:02.598 main &lt; org.aspectj.weaver.tools.WeavingAdaptor.weaveClass false
3078 [main] DEBUG org.aspectj.weaver.loadtime.Aj  - 16:58:02.598 main &lt; org.aspectj.weaver.loadtime.Aj.preProcess byte[652]
3078 [main] DEBUG org.aspectj.weaver.loadtime.Aj  - 16:58:02.598 main &gt; org.aspectj.weaver.loadtime.Aj.preProcess org.aspectj.weaver.loadtime.Aj@58027738 org/hibernate/cfg/PropertyHolderBuilder, byte[3354], org.springframework.test.jpa.OrmXmlOverridingShadowingClassLoader@2bbf1be2
3078 [main] DEBUG org.aspectj.weaver.loadtime.Aj  - 16:58:02.598 main - org.aspectj.weaver.loadtime.Aj.preProcess org.aspectj.weaver.loadtime.Aj@58027738 sun.misc.Launcher$AppClassLoader@302b2c81, org.springframework.test.jpa.OrmXmlOverridingShadowingClassLoader@2bbf1be2
3078 [main] DEBUG org.aspectj.weaver.tools.WeavingAdaptor  - 16:58:02.598 main &gt; org.aspectj.weaver.tools.WeavingAdaptor.weaveClass org.aspectj.weaver.loadtime.ClassLoaderWeavingAdaptor@10b090ac org/hibernate/cfg/PropertyHolderBuilder, byte[3354]
3078 [main] DEBUG org.aspectj.weaver.tools.WeavingAdaptor  - 16:58:02.598 main &lt; org.aspectj.weaver.tools.WeavingAdaptor.weaveClass false
3078 [main] DEBUG org.aspectj.weaver.loadtime.Aj  - 16:58:02.598 main &lt; org.aspectj.weaver.loadtime.Aj.preProcess byte[3354]
3079 [main] DEBUG org.aspectj.weaver.loadtime.Aj  - 16:58:02.599 main &gt; org.aspectj.weaver.loadtime.Aj.preProcess org.aspectj.weaver.loadtime.Aj@58027738 org/hibernate/cfg/PropertyHolder, byte[921], org.springframework.test.jpa.OrmXmlOverridingShadowingClassLoader@2bbf1be2
3079 [main] DEBUG org.aspectj.weaver.loadtime.Aj  - 16:58:02.599 main - org.aspectj.weaver.loadtime.Aj.preProcess org.aspectj.weaver.loadtime.Aj@58027738 sun.misc.Launcher$AppClassLoader@302b2c81, org.springframework.test.jpa.OrmXmlOverridingShadowingClassLoader@2bbf1be2
3079 [main] DEBUG org.aspectj.weaver.tools.WeavingAdaptor  - 16:58:02.599 main &gt; org.aspectj.weaver.tools.WeavingAdaptor.weaveClass org.aspectj.weaver.loadtime.ClassLoaderWeavingAdaptor@10b090ac org/hibernate/cfg/PropertyHolder, byte[921]
3079 [main] DEBUG org.aspectj.weaver.tools.WeavingAdaptor  - 16:58:02.599 main &lt; org.aspectj.weaver.tools.WeavingAdaptor.weaveClass false
3079 [main] DEBUG org.aspectj.weaver.loadtime.Aj  - 16:58:02.599 main &lt; org.aspectj.weaver.loadtime.Aj.preProcess byte[921]
3079 [main] DEBUG org.aspectj.weaver.loadtime.Aj  - 16:58:02.599 main &gt; org.aspectj.weaver.loadtime.Aj.preProcess org.aspectj.weaver.loadtime.Aj@58027738 org/hibernate/cfg/ClassPropertyHolder, byte[4793], org.springframework.test.jpa.OrmXmlOverridingShadowingClassLoader@2bbf1be2
3079 [main] DEBUG org.aspectj.weaver.loadtime.Aj  - 16:58:02.599 main - org.aspectj.weaver.loadtime.Aj.preProcess org.aspectj.weaver.loadtime.Aj@58027738 sun.misc.Launcher$AppClassLoader@302b2c81, org.springframework.test.jpa.OrmXmlOverridingShadowingClassLoader@2bbf1be2
3079 [main] DEBUG org.aspectj.weaver.tools.WeavingAdaptor  - 16:58:02.599 main &gt; org.aspectj.weaver.tools.WeavingAdaptor.weaveClass org.aspectj.weaver.loadtime.ClassLoaderWeavingAdaptor@10b090ac org/hibernate/cfg/ClassPropertyHolder, byte[4793]
3079 [main] DEBUG org.aspectj.weaver.tools.WeavingAdaptor  - 16:58:02.599 main &lt; org.aspectj.weaver.tools.WeavingAdaptor.weaveClass false
3079 [main] DEBUG org.aspectj.weaver.loadtime.Aj  - 16:58:02.599 main &lt; org.aspectj.weaver.loadtime.Aj.preProcess byte[4793]
3080 [main] DEBUG org.aspectj.weaver.loadtime.Aj  - 16:58:02.600 main &gt; org.aspectj.weaver.loadtime.Aj.preProcess org.aspectj.weaver.loadtime.Aj@58027738 org/hibernate/cfg/AbstractPropertyHolder, byte[6378], org.springframework.test.jpa.OrmXmlOverridingShadowingClassLoader@2bbf1be2
3080 [main] DEBUG org.aspectj.weaver.loadtime.Aj  - 16:58:02.600 main - org.aspectj.weaver.loadtime.Aj.preProcess org.aspectj.weaver.loadtime.Aj@58027738 sun.misc.Launcher$AppClassLoader@302b2c81, org.springframework.test.jpa.OrmXmlOverridingShadowingClassLoader@2bbf1be2
3080 [main] DEBUG org.aspectj.weaver.tools.WeavingAdaptor  - 16:58:02.600 main &gt; org.aspectj.weaver.tools.WeavingAdaptor.weaveClass org.aspectj.weaver.loadtime.ClassLoaderWeavingAdaptor@10b090ac org/hibernate/cfg/AbstractPropertyHolder, byte[6378]
3080 [main] DEBUG org.aspectj.weaver.tools.WeavingAdaptor  - 16:58:02.600 main &lt; org.aspectj.weaver.tools.WeavingAdaptor.weaveClass false
3080 [main] DEBUG org.aspectj.weaver.loadtime.Aj  - 16:58:02.600 main &lt; org.aspectj.weaver.loadtime.Aj.preProcess byte[6378]
3082 [main] DEBUG org.aspectj.weaver.loadtime.Aj  - 16:58:02.602 main &gt; org.aspectj.weaver.loadtime.Aj.preProcess org.aspectj.weaver.loadtime.Aj@58027738 org/hibernate/annotations/OnDelete, byte[484], org.springframework.test.jpa.OrmXmlOverridingShadowingClassLoader@2bbf1be2
3082 [main] DEBUG org.aspectj.weaver.loadtime.Aj  - 16:58:02.602 main - org.aspectj.weaver.loadtime.Aj.preProcess org.aspectj.weaver.loadtime.Aj@58027738 sun.misc.Launcher$AppClassLoader@302b2c81, org.springframework.test.jpa.OrmXmlOverridingShadowingClassLoader@2bbf1be2
3082 [main] DEBUG org.aspectj.weaver.tools.WeavingAdaptor  - 16:58:02.602 main &gt; org.aspectj.weaver.tools.WeavingAdaptor.weaveClass org.aspectj.weaver.loadtime.ClassLoaderWeavingAdaptor@10b090ac org/hibernate/annotations/OnDelete, byte[484]
3082 [main] DEBUG org.aspectj.weaver.tools.WeavingAdaptor  - 16:58:02.602 main &lt; org.aspectj.weaver.tools.WeavingAdaptor.weaveClass false
3082 [main] DEBUG org.aspectj.weaver.loadtime.Aj  - 16:58:02.602 main &lt; org.aspectj.weaver.loadtime.Aj.preProcess byte[484]
3082 [main] DEBUG org.aspectj.weaver.loadtime.Aj  - 16:58:02.602 main &gt; org.aspectj.weaver.loadtime.Aj.preProcess org.aspectj.weaver.loadtime.Aj@58027738 org/hibernate/annotations/GenericGenerator, byte[601], org.springframework.test.jpa.OrmXmlOverridingShadowingClassLoader@2bbf1be2
3082 [main] DEBUG org.aspectj.weaver.loadtime.Aj  - 16:58:02.602 main - org.aspectj.weaver.loadtime.Aj.preProcess org.aspectj.weaver.loadtime.Aj@58027738 sun.misc.Launcher$AppClassLoader@302b2c81, org.springframework.test.jpa.OrmXmlOverridingShadowingClassLoader@2bbf1be2
3082 [main] DEBUG org.aspectj.weaver.tools.WeavingAdaptor  - 16:58:02.602 main &gt; org.aspectj.weaver.tools.WeavingAdaptor.weaveClass org.aspectj.weaver.loadtime.ClassLoaderWeavingAdaptor@10b090ac org/hibernate/annotations/GenericGenerator, byte[601]
3083 [main] DEBUG org.aspectj.weaver.tools.WeavingAdaptor  - 16:58:02.603 main &lt; org.aspectj.weaver.tools.WeavingAdaptor.weaveClass false
3083 [main] DEBUG org.aspectj.weaver.loadtime.Aj  - 16:58:02.603 main &lt; org.aspectj.weaver.loadtime.Aj.preProcess byte[601]
3083 [main] DEBUG org.aspectj.weaver.loadtime.Aj  - 16:58:02.603 main &gt; org.aspectj.weaver.loadtime.Aj.preProcess org.aspectj.weaver.loadtime.Aj@58027738 org/hibernate/annotations/common/reflection/XClass$1, byte[666], org.springframework.test.jpa.OrmXmlOverridingShadowingClassLoader@2bbf1be2
3083 [main] DEBUG org.aspectj.weaver.loadtime.Aj  - 16:58:02.603 main - org.aspectj.weaver.loadtime.Aj.preProcess org.aspectj.weaver.loadtime.Aj@58027738 sun.misc.Launcher$AppClassLoader@302b2c81, org.springframework.test.jpa.OrmXmlOverridingShadowingClassLoader@2bbf1be2
3083 [main] DEBUG org.aspectj.weaver.tools.WeavingAdaptor  - 16:58:02.603 main &gt; org.aspectj.weaver.tools.WeavingAdaptor.weaveClass org.aspectj.weaver.loadtime.ClassLoaderWeavingAdaptor@10b090ac org/hibernate/annotations/common/reflection/XClass$1, byte[666]
3083 [main] DEBUG org.aspectj.weaver.tools.WeavingAdaptor  - 16:58:02.603 main &lt; org.aspectj.weaver.tools.WeavingAdaptor.weaveClass false
3083 [main] DEBUG org.aspectj.weaver.loadtime.Aj  - 16:58:02.603 main &lt; org.aspectj.weaver.loadtime.Aj.preProcess byte[666]
3083 [main] DEBUG org.aspectj.weaver.loadtime.Aj  - 16:58:02.603 main &gt; org.aspectj.weaver.loadtime.Aj.preProcess org.aspectj.weaver.loadtime.Aj@58027738 org/hibernate/annotations/common/reflection/ReflectionUtil, byte[1790], org.springframework.test.jpa.OrmXmlOverridingShadowingClassLoader@2bbf1be2
3084 [main] DEBUG org.aspectj.weaver.loadtime.Aj  - 16:58:02.604 main - org.aspectj.weaver.loadtime.Aj.preProcess org.aspectj.weaver.loadtime.Aj@58027738 sun.misc.Launcher$AppClassLoader@302b2c81, org.springframework.test.jpa.OrmXmlOverridingShadowingClassLoader@2bbf1be2
3084 [main] DEBUG org.aspectj.weaver.tools.WeavingAdaptor  - 16:58:02.604 main &gt; org.aspectj.weaver.tools.WeavingAdaptor.weaveClass org.aspectj.weaver.loadtime.ClassLoaderWeavingAdaptor@10b090ac org/hibernate/annotations/common/reflection/ReflectionUtil, byte[1790]
3084 [main] DEBUG org.aspectj.weaver.tools.WeavingAdaptor  - 16:58:02.604 main &lt; org.aspectj.weaver.tools.WeavingAdaptor.weaveClass false
3084 [main] DEBUG org.aspectj.weaver.loadtime.Aj  - 16:58:02.604 main &lt; org.aspectj.weaver.loadtime.Aj.preProcess byte[1790]
3084 [main] DEBUG org.aspectj.weaver.loadtime.Aj  - 16:58:02.604 main &gt; org.aspectj.weaver.loadtime.Aj.preProcess org.aspectj.weaver.loadtime.Aj@58027738 org/hibernate/annotations/common/reflection/java/generics/TypeUtils, byte[2875], org.springframework.test.jpa.OrmXmlOverridingShadowingClassLoader@2bbf1be2
3084 [main] DEBUG org.aspectj.weaver.loadtime.Aj  - 16:58:02.604 main - org.aspectj.weaver.loadtime.Aj.preProcess org.aspectj.weaver.loadtime.Aj@58027738 sun.misc.Launcher$AppClassLoader@302b2c81, org.springframework.test.jpa.OrmXmlOverridingShadowingClassLoader@2bbf1be2
3084 [main] DEBUG org.aspectj.weaver.tools.WeavingAdaptor  - 16:58:02.604 main &gt; org.aspectj.weaver.tools.WeavingAdaptor.weaveClass org.aspectj.weaver.loadtime.ClassLoaderWeavingAdaptor@10b090ac org/hibernate/annotations/common/reflection/java/generics/TypeUtils, byte[2875]
3084 [main] DEBUG org.aspectj.weaver.tools.WeavingAdaptor  - 16:58:02.604 main &lt; org.aspectj.weaver.tools.WeavingAdaptor.weaveClass false
3084 [main] DEBUG org.aspectj.weaver.loadtime.Aj  - 16:58:02.604 main &lt; org.aspectj.weaver.loadtime.Aj.preProcess byte[2875]
3085 [main] DEBUG org.aspectj.weaver.loadtime.Aj  - 16:58:02.605 main &gt; org.aspectj.weaver.loadtime.Aj.preProcess org.aspectj.weaver.loadtime.Aj@58027738 org/hibernate/annotations/common/reflection/java/JavaReflectionManager$MemberKey, byte[1038], org.springframework.test.jpa.OrmXmlOverridingShadowingClassLoader@2bbf1be2
3085 [main] DEBUG org.aspectj.weaver.loadtime.Aj  - 16:58:02.605 main - org.aspectj.weaver.loadtime.Aj.preProcess org.aspectj.weaver.loadtime.Aj@58027738 sun.misc.Launcher$AppClassLoader@302b2c81, org.springframework.test.jpa.OrmXmlOverridingShadowingClassLoader@2bbf1be2
3085 [main] DEBUG org.aspectj.weaver.tools.WeavingAdaptor  - 16:58:02.605 main &gt; org.aspectj.weaver.tools.WeavingAdaptor.weaveClass org.aspectj.weaver.loadtime.ClassLoaderWeavingAdaptor@10b090ac org/hibernate/annotations/common/reflection/java/JavaReflectionManager$MemberKey, byte[1038]
3085 [main] DEBUG org.aspectj.weaver.tools.WeavingAdaptor  - 16:58:02.605 main &lt; org.aspectj.weaver.tools.WeavingAdaptor.weaveClass false
3085 [main] DEBUG org.aspectj.weaver.loadtime.Aj  - 16:58:02.605 main &lt; org.aspectj.weaver.loadtime.Aj.preProcess byte[1038]
3085 [main] DEBUG org.aspectj.weaver.loadtime.Aj  - 16:58:02.605 main &gt; org.aspectj.weaver.loadtime.Aj.preProcess org.aspectj.weaver.loadtime.Aj@58027738 org/hibernate/annotations/common/reflection/java/JavaXProperty, byte[4138], org.springframework.test.jpa.OrmXmlOverridingShadowingClassLoader@2bbf1be2
3085 [main] DEBUG org.aspectj.weaver.loadtime.Aj  - 16:58:02.605 main - org.aspectj.weaver.loadtime.Aj.preProcess org.aspectj.weaver.loadtime.Aj@58027738 sun.misc.Launcher$AppClassLoader@302b2c81, org.springframework.test.jpa.OrmXmlOverridingShadowingClassLoader@2bbf1be2
3085 [main] DEBUG org.aspectj.weaver.tools.WeavingAdaptor  - 16:58:02.605 main &gt; org.aspectj.weaver.tools.WeavingAdaptor.weaveClass org.aspectj.weaver.loadtime.ClassLoaderWeavingAdaptor@10b090ac org/hibernate/annotations/common/reflection/java/JavaXProperty, byte[4138]
3085 [main] DEBUG org.aspectj.weaver.tools.WeavingAdaptor  - 16:58:02.605 main &lt; org.aspectj.weaver.tools.WeavingAdaptor.weaveClass false
3085 [main] DEBUG org.aspectj.weaver.loadtime.Aj  - 16:58:02.605 main &lt; org.aspectj.weaver.loadtime.Aj.preProcess byte[4138]
3086 [main] DEBUG org.aspectj.weaver.loadtime.Aj  - 16:58:02.606 main &gt; org.aspectj.weaver.loadtime.Aj.preProcess org.aspectj.weaver.loadtime.Aj@58027738 org/hibernate/annotations/common/reflection/java/JavaXMember, byte[3966], org.springframework.test.jpa.OrmXmlOverridingShadowingClassLoader@2bbf1be2
3086 [main] DEBUG org.aspectj.weaver.loadtime.Aj  - 16:58:02.606 main - org.aspectj.weaver.loadtime.Aj.preProcess org.aspectj.weaver.loadtime.Aj@58027738 sun.misc.Launcher$AppClassLoader@302b2c81, org.springframework.test.jpa.OrmXmlOverridingShadowingClassLoader@2bbf1be2
3086 [main] DEBUG org.aspectj.weaver.tools.WeavingAdaptor  - 16:58:02.606 main &gt; org.aspectj.weaver.tools.WeavingAdaptor.weaveClass org.aspectj.weaver.loadtime.ClassLoaderWeavingAdaptor@10b090ac org/hibernate/annotations/common/reflection/java/JavaXMember, byte[3966]
3086 [main] DEBUG org.aspectj.weaver.tools.WeavingAdaptor  - 16:58:02.606 main &lt; org.aspectj.weaver.tools.WeavingAdaptor.weaveClass false
3086 [main] DEBUG org.aspectj.weaver.loadtime.Aj  - 16:58:02.606 main &lt; org.aspectj.weaver.loadtime.Aj.preProcess byte[3966]
3087 [main] DEBUG org.aspectj.weaver.loadtime.Aj  - 16:58:02.607 main &gt; org.aspectj.weaver.loadtime.Aj.preProcess org.aspectj.weaver.loadtime.Aj@58027738 org/hibernate/annotations/common/reflection/java/generics/ApproximatingTypeEnvironment, byte[2116], org.springframework.test.jpa.OrmXmlOverridingShadowingClassLoader@2bbf1be2
3087 [main] DEBUG org.aspectj.weaver.loadtime.Aj  - 16:58:02.607 main - org.aspectj.weaver.loadtime.Aj.preProcess org.aspectj.weaver.loadtime.Aj@58027738 sun.misc.Launcher$AppClassLoader@302b2c81, org.springframework.test.jpa.OrmXmlOverridingShadowingClassLoader@2bbf1be2
3087 [main] DEBUG org.aspectj.weaver.tools.WeavingAdaptor  - 16:58:02.607 main &gt; org.aspectj.weaver.tools.WeavingAdaptor.weaveClass org.aspectj.weaver.loadtime.ClassLoaderWeavingAdaptor@10b090ac org/hibernate/annotations/common/reflection/java/generics/ApproximatingTypeEnvironment, byte[2116]
3087 [main] DEBUG org.aspectj.weaver.tools.WeavingAdaptor  - 16:58:02.607 main &lt; org.aspectj.weaver.tools.WeavingAdaptor.weaveClass false
3087 [main] DEBUG org.aspectj.weaver.loadtime.Aj  - 16:58:02.607 main &lt; org.aspectj.weaver.loadtime.Aj.preProcess byte[2116]
3087 [main] DEBUG org.aspectj.weaver.loadtime.Aj  - 16:58:02.607 main &gt; org.aspectj.weaver.loadtime.Aj.preProcess org.aspectj.weaver.loadtime.Aj@58027738 org/hibernate/annotations/common/reflection/java/generics/ApproximatingTypeEnvironment$1, byte[4042], org.springframework.test.jpa.OrmXmlOverridingShadowingClassLoader@2bbf1be2
3087 [main] DEBUG org.aspectj.weaver.loadtime.Aj  - 16:58:02.607 main - org.aspectj.weaver.loadtime.Aj.preProcess org.aspectj.weaver.loadtime.Aj@58027738 sun.misc.Launcher$AppClassLoader@302b2c81, org.springframework.test.jpa.OrmXmlOverridingShadowingClassLoader@2bbf1be2
3087 [main] DEBUG org.aspectj.weaver.tools.WeavingAdaptor  - 16:58:02.607 main &gt; org.aspectj.weaver.tools.WeavingAdaptor.weaveClass org.aspectj.weaver.loadtime.ClassLoaderWeavingAdaptor@10b090ac org/hibernate/annotations/common/reflection/java/generics/ApproximatingTypeEnvironment$1, byte[4042]
3087 [main] DEBUG org.aspectj.weaver.tools.WeavingAdaptor  - 16:58:02.607 main &lt; org.aspectj.weaver.tools.WeavingAdaptor.weaveClass false
3088 [main] DEBUG org.aspectj.weaver.loadtime.Aj  - 16:58:02.608 main &lt; org.aspectj.weaver.loadtime.Aj.preProcess byte[4042]
3088 [main] DEBUG org.aspectj.weaver.loadtime.Aj  - 16:58:02.608 main &gt; org.aspectj.weaver.loadtime.Aj.preProcess org.aspectj.weaver.loadtime.Aj@58027738 org/hibernate/annotations/common/reflection/java/generics/TypeUtils$4, byte[1888], org.springframework.test.jpa.OrmXmlOverridingShadowingClassLoader@2bbf1be2
3088 [main] DEBUG org.aspectj.weaver.loadtime.Aj  - 16:58:02.608 main - org.aspectj.weaver.loadtime.Aj.preProcess org.aspectj.weaver.loadtime.Aj@58027738 sun.misc.Launcher$AppClassLoader@302b2c81, org.springframework.test.jpa.OrmXmlOverridingShadowingClassLoader@2bbf1be2
3088 [main] DEBUG org.aspectj.weaver.tools.WeavingAdaptor  - 16:58:02.608 main &gt; org.aspectj.weaver.tools.WeavingAdaptor.weaveClass org.aspectj.weaver.loadtime.ClassLoaderWeavingAdaptor@10b090ac org/hibernate/annotations/common/reflection/java/generics/TypeUtils$4, byte[1888]
3088 [main] DEBUG org.aspectj.weaver.tools.WeavingAdaptor  - 16:58:02.608 main &lt; org.aspectj.weaver.tools.WeavingAdaptor.weaveClass false
3088 [main] DEBUG org.aspectj.weaver.loadtime.Aj  - 16:58:02.608 main &lt; org.aspectj.weaver.loadtime.Aj.preProcess byte[1888]
3089 [main] DEBUG org.aspectj.weaver.loadtime.Aj  - 16:58:02.609 main &gt; org.aspectj.weaver.loadtime.Aj.preProcess org.aspectj.weaver.loadtime.Aj@58027738 org/hibernate/annotations/common/reflection/java/generics/TypeUtils$2, byte[2658], org.springframework.test.jpa.OrmXmlOverridingShadowingClassLoader@2bbf1be2
3089 [main] DEBUG org.aspectj.weaver.loadtime.Aj  - 16:58:02.609 main - org.aspectj.weaver.loadtime.Aj.preProcess org.aspectj.weaver.loadtime.Aj@58027738 sun.misc.Launcher$AppClassLoader@302b2c81, org.springframework.test.jpa.OrmXmlOverridingShadowingClassLoader@2bbf1be2
3089 [main] DEBUG org.aspectj.weaver.tools.WeavingAdaptor  - 16:58:02.609 main &gt; org.aspectj.weaver.tools.WeavingAdaptor.weaveClass org.aspectj.weaver.loadtime.ClassLoaderWeavingAdaptor@10b090ac org/hibernate/annotations/common/reflection/java/generics/TypeUtils$2, byte[2658]
3089 [main] DEBUG org.aspectj.weaver.tools.WeavingAdaptor  - 16:58:02.609 main &lt; org.aspectj.weaver.tools.WeavingAdaptor.weaveClass false
3089 [main] DEBUG org.aspectj.weaver.loadtime.Aj  - 16:58:02.609 main &lt; org.aspectj.weaver.loadtime.Aj.preProcess byte[2658]
3089 [main] DEBUG org.aspectj.weaver.loadtime.Aj  - 16:58:02.609 main &gt; org.aspectj.weaver.loadtime.Aj.preProcess org.aspectj.weaver.loadtime.Aj@58027738 org/hibernate/annotations/common/reflection/java/generics/TypeUtils$3, byte[2665], org.springframework.test.jpa.OrmXmlOverridingShadowingClassLoader@2bbf1be2
3089 [main] DEBUG org.aspectj.weaver.loadtime.Aj  - 16:58:02.609 main - org.aspectj.weaver.loadtime.Aj.preProcess org.aspectj.weaver.loadtime.Aj@58027738 sun.misc.Launcher$AppClassLoader@302b2c81, org.springframework.test.jpa.OrmXmlOverridingShadowingClassLoader@2bbf1be2
3089 [main] DEBUG org.aspectj.weaver.tools.WeavingAdaptor  - 16:58:02.609 main &gt; org.aspectj.weaver.tools.WeavingAdaptor.weaveClass org.aspectj.weaver.loadtime.ClassLoaderWeavingAdaptor@10b090ac org/hibernate/annotations/common/reflection/java/generics/TypeUtils$3, byte[2665]
3089 [main] DEBUG org.aspectj.weaver.tools.WeavingAdaptor  - 16:58:02.609 main &lt; org.aspectj.weaver.tools.WeavingAdaptor.weaveClass false
3089 [main] DEBUG org.aspectj.weaver.loadtime.Aj  - 16:58:02.609 main &lt; org.aspectj.weaver.loadtime.Aj.preProcess byte[2665]
3090 [main] DEBUG org.aspectj.weaver.loadtime.Aj  - 16:58:02.610 main &gt; org.aspectj.weaver.loadtime.Aj.preProcess org.aspectj.weaver.loadtime.Aj@58027738 org/hibernate/cfg/AnnotationBinder$1, byte[1395], org.springframework.test.jpa.OrmXmlOverridingShadowingClassLoader@2bbf1be2
3090 [main] DEBUG org.aspectj.weaver.loadtime.Aj  - 16:58:02.610 main - org.aspectj.weaver.loadtime.Aj.preProcess org.aspectj.weaver.loadtime.Aj@58027738 sun.misc.Launcher$AppClassLoader@302b2c81, org.springframework.test.jpa.OrmXmlOverridingShadowingClassLoader@2bbf1be2
3090 [main] DEBUG org.aspectj.weaver.tools.WeavingAdaptor  - 16:58:02.610 main &gt; org.aspectj.weaver.tools.WeavingAdaptor.weaveClass org.aspectj.weaver.loadtime.ClassLoaderWeavingAdaptor@10b090ac org/hibernate/cfg/AnnotationBinder$1, byte[1395]
3090 [main] DEBUG org.aspectj.weaver.tools.WeavingAdaptor  - 16:58:02.610 main &lt; org.aspectj.weaver.tools.WeavingAdaptor.weaveClass false
3090 [main] DEBUG org.aspectj.weaver.loadtime.Aj  - 16:58:02.610 main &lt; org.aspectj.weaver.loadtime.Aj.preProcess byte[1395]
3090 [main] DEBUG org.aspectj.weaver.loadtime.Aj  - 16:58:02.610 main &gt; org.aspectj.weaver.loadtime.Aj.preProcess org.aspectj.weaver.loadtime.Aj@58027738 org/hibernate/annotations/common/reflection/java/generics/TypeUtils$1, byte[3144], org.springframework.test.jpa.OrmXmlOverridingShadowingClassLoader@2bbf1be2
3091 [main] DEBUG org.aspectj.weaver.loadtime.Aj  - 16:58:02.611 main - org.aspectj.weaver.loadtime.Aj.preProcess org.aspectj.weaver.loadtime.Aj@58027738 sun.misc.Launcher$AppClassLoader@302b2c81, org.springframework.test.jpa.OrmXmlOverridingShadowingClassLoader@2bbf1be2
3091 [main] DEBUG org.aspectj.weaver.tools.WeavingAdaptor  - 16:58:02.611 main &gt; org.aspectj.weaver.tools.WeavingAdaptor.weaveClass org.aspectj.weaver.loadtime.ClassLoaderWeavingAdaptor@10b090ac org/hibernate/annotations/common/reflection/java/generics/TypeUtils$1, byte[3144]
3091 [main] DEBUG org.aspectj.weaver.tools.WeavingAdaptor  - 16:58:02.611 main &lt; org.aspectj.weaver.tools.WeavingAdaptor.weaveClass false
3091 [main] DEBUG org.aspectj.weaver.loadtime.Aj  - 16:58:02.611 main &lt; org.aspectj.weaver.loadtime.Aj.preProcess byte[3144]
3091 [main] DEBUG org.aspectj.weaver.loadtime.Aj  - 16:58:02.611 main &gt; org.aspectj.weaver.loadtime.Aj.preProcess org.aspectj.weaver.loadtime.Aj@58027738 org/hibernate/cfg/PropertyInferredData, byte[2498], org.springframework.test.jpa.OrmXmlOverridingShadowingClassLoader@2bbf1be2
3091 [main] DEBUG org.aspectj.weaver.loadtime.Aj  - 16:58:02.611 main - org.aspectj.weaver.loadtime.Aj.preProcess org.aspectj.weaver.loadtime.Aj@58027738 sun.misc.Launcher$AppClassLoader@302b2c81, org.springframework.test.jpa.OrmXmlOverridingShadowingClassLoader@2bbf1be2
3091 [main] DEBUG org.aspectj.weaver.tools.WeavingAdaptor  - 16:58:02.611 main &gt; org.aspectj.weaver.tools.WeavingAdaptor.weaveClass org.aspectj.weaver.loadtime.ClassLoaderWeavingAdaptor@10b090ac org/hibernate/cfg/PropertyInferredData, byte[2498]
3091 [main] DEBUG org.aspectj.weaver.tools.WeavingAdaptor  - 16:58:02.611 main &lt; org.aspectj.weaver.tools.WeavingAdaptor.weaveClass false
3100 [main] DEBUG org.aspectj.weaver.loadtime.Aj  - 16:58:02.620 main &lt; org.aspectj.weaver.loadtime.Aj.preProcess byte[2498]
3106 [main] DEBUG org.aspectj.weaver.loadtime.Aj  - 16:58:02.626 main &gt; org.aspectj.weaver.loadtime.Aj.preProcess org.aspectj.weaver.loadtime.Aj@58027738 org/hibernate/cfg/annotations/Nullability, byte[1147], org.springframework.test.jpa.OrmXmlOverridingShadowingClassLoader@2bbf1be2
3106 [main] DEBUG org.aspectj.weaver.loadtime.Aj  - 16:58:02.626 main - org.aspectj.weaver.loadtime.Aj.preProcess org.aspectj.weaver.loadtime.Aj@58027738 sun.misc.Launcher$AppClassLoader@302b2c81, org.springframework.test.jpa.OrmXmlOverridingShadowingClassLoader@2bbf1be2
3106 [main] DEBUG org.aspectj.weaver.tools.WeavingAdaptor  - 16:58:02.626 main &gt; org.aspectj.weaver.tools.WeavingAdaptor.weaveClass org.aspectj.weaver.loadtime.ClassLoaderWeavingAdaptor@10b090ac org/hibernate/cfg/annotations/Nullability, byte[1147]
3106 [main] DEBUG org.aspectj.weaver.tools.WeavingAdaptor  - 16:58:02.626 main &lt; org.aspectj.weaver.tools.WeavingAdaptor.weaveClass false
3106 [main] DEBUG org.aspectj.weaver.loadtime.Aj  - 16:58:02.626 main &lt; org.aspectj.weaver.loadtime.Aj.preProcess byte[1147]
3107 [main] DEBUG org.aspectj.weaver.loadtime.Aj  - 16:58:02.627 main &gt; org.aspectj.weaver.loadtime.Aj.preProcess org.aspectj.weaver.loadtime.Aj@58027738 org/hibernate/annotations/Parent, byte[404], org.springframework.test.jpa.OrmXmlOverridingShadowingClassLoader@2bbf1be2
3107 [main] DEBUG org.aspectj.weaver.loadtime.Aj  - 16:58:02.627 main - org.aspectj.weaver.loadtime.Aj.preProcess org.aspectj.weaver.loadtime.Aj@58027738 sun.misc.Launcher$AppClassLoader@302b2c81, org.springframework.test.jpa.OrmXmlOverridingShadowingClassLoader@2bbf1be2
3107 [main] DEBUG org.aspectj.weaver.tools.WeavingAdaptor  - 16:58:02.627 main &gt; org.aspectj.weaver.tools.WeavingAdaptor.weaveClass org.aspectj.weaver.loadtime.ClassLoaderWeavingAdaptor@10b090ac org/hibernate/annotations/Parent, byte[404]
3107 [main] DEBUG org.aspectj.weaver.tools.WeavingAdaptor  - 16:58:02.627 main &lt; org.aspectj.weaver.tools.WeavingAdaptor.weaveClass false
3107 [main] DEBUG org.aspectj.weaver.loadtime.Aj  - 16:58:02.627 main &lt; org.aspectj.weaver.loadtime.Aj.preProcess byte[404]
3108 [main] DEBUG org.aspectj.weaver.loadtime.Aj  - 16:58:02.628 main &gt; org.aspectj.weaver.loadtime.Aj.preProcess org.aspectj.weaver.loadtime.Aj@58027738 org/hibernate/annotations/Formula, byte[437], org.springframework.test.jpa.OrmXmlOverridingShadowingClassLoader@2bbf1be2
3108 [main] DEBUG org.aspectj.weaver.loadtime.Aj  - 16:58:02.628 main - org.aspectj.weaver.loadtime.Aj.preProcess org.aspectj.weaver.loadtime.Aj@58027738 sun.misc.Launcher$AppClassLoader@302b2c81, org.springframework.test.jpa.OrmXmlOverridingShadowingClassLoader@2bbf1be2
3108 [main] DEBUG org.aspectj.weaver.tools.WeavingAdaptor  - 16:58:02.628 main &gt; org.aspectj.weaver.tools.WeavingAdaptor.weaveClass org.aspectj.weaver.loadtime.ClassLoaderWeavingAdaptor@10b090ac org/hibernate/annotations/Formula, byte[437]
3108 [main] DEBUG org.aspectj.weaver.tools.WeavingAdaptor  - 16:58:02.628 main &lt; org.aspectj.weaver.tools.WeavingAdaptor.weaveClass false
3108 [main] DEBUG org.aspectj.weaver.loadtime.Aj  - 16:58:02.628 main &lt; org.aspectj.weaver.loadtime.Aj.preProcess byte[437]
3109 [main] DEBUG org.aspectj.weaver.loadtime.Aj  - 16:58:02.629 main &gt; org.aspectj.weaver.loadtime.Aj.preProcess org.aspectj.weaver.loadtime.Aj@58027738 org/hibernate/annotations/CollectionOfElements, byte[611], org.springframework.test.jpa.OrmXmlOverridingShadowingClassLoader@2bbf1be2
3109 [main] DEBUG org.aspectj.weaver.loadtime.Aj  - 16:58:02.629 main - org.aspectj.weaver.loadtime.Aj.preProcess org.aspectj.weaver.loadtime.Aj@58027738 sun.misc.Launcher$AppClassLoader@302b2c81, org.springframework.test.jpa.OrmXmlOverridingShadowingClassLoader@2bbf1be2
3109 [main] DEBUG org.aspectj.weaver.tools.WeavingAdaptor  - 16:58:02.629 main &gt; org.aspectj.weaver.tools.WeavingAdaptor.weaveClass org.aspectj.weaver.loadtime.ClassLoaderWeavingAdaptor@10b090ac org/hibernate/annotations/CollectionOfElements, byte[611]
3110 [main] DEBUG org.aspectj.weaver.tools.WeavingAdaptor  - 16:58:02.630 main &lt; org.aspectj.weaver.tools.WeavingAdaptor.weaveClass false
3110 [main] DEBUG org.aspectj.weaver.loadtime.Aj  - 16:58:02.630 main &lt; org.aspectj.weaver.loadtime.Aj.preProcess byte[611]
3110 [main] DEBUG org.aspectj.weaver.loadtime.Aj  - 16:58:02.630 main &gt; org.aspectj.weaver.loadtime.Aj.preProcess org.aspectj.weaver.loadtime.Aj@58027738 org/hibernate/annotations/Any, byte[663], org.springframework.test.jpa.OrmXmlOverridingShadowingClassLoader@2bbf1be2
3110 [main] DEBUG org.aspectj.weaver.loadtime.Aj  - 16:58:02.630 main - org.aspectj.weaver.loadtime.Aj.preProcess org.aspectj.weaver.loadtime.Aj@58027738 sun.misc.Launcher$AppClassLoader@302b2c81, org.springframework.test.jpa.OrmXmlOverridingShadowingClassLoader@2bbf1be2
3110 [main] DEBUG org.aspectj.weaver.tools.WeavingAdaptor  - 16:58:02.630 main &gt; org.aspectj.weaver.tools.WeavingAdaptor.weaveClass org.aspectj.weaver.loadtime.ClassLoaderWeavingAdaptor@10b090ac org/hibernate/annotations/Any, byte[663]
3110 [main] DEBUG org.aspectj.weaver.tools.WeavingAdaptor  - 16:58:02.630 main &lt; org.aspectj.weaver.tools.WeavingAdaptor.weaveClass false
3110 [main] DEBUG org.aspectj.weaver.loadtime.Aj  - 16:58:02.630 main &lt; org.aspectj.weaver.loadtime.Aj.preProcess byte[663]
3110 [main] DEBUG org.aspectj.weaver.loadtime.Aj  - 16:58:02.630 main &gt; org.aspectj.weaver.loadtime.Aj.preProcess org.aspectj.weaver.loadtime.Aj@58027738 org/hibernate/annotations/Target, byte[434], org.springframework.test.jpa.OrmXmlOverridingShadowingClassLoader@2bbf1be2
3110 [main] DEBUG org.aspectj.weaver.loadtime.Aj  - 16:58:02.630 main - org.aspectj.weaver.loadtime.Aj.preProcess org.aspectj.weaver.loadtime.Aj@58027738 sun.misc.Launcher$AppClassLoader@302b2c81, org.springframework.test.jpa.OrmXmlOverridingShadowingClassLoader@2bbf1be2
3110 [main] DEBUG org.aspectj.weaver.tools.WeavingAdaptor  - 16:58:02.630 main &gt; org.aspectj.weaver.tools.WeavingAdaptor.weaveClass org.aspectj.weaver.loadtime.ClassLoaderWeavingAdaptor@10b090ac org/hibernate/annotations/Target, byte[434]
3111 [main] DEBUG org.aspectj.weaver.tools.WeavingAdaptor  - 16:58:02.631 main &lt; org.aspectj.weaver.tools.WeavingAdaptor.weaveClass false
3111 [main] DEBUG org.aspectj.weaver.loadtime.Aj  - 16:58:02.631 main &lt; org.aspectj.weaver.loadtime.Aj.preProcess byte[434]
3111 [main] DEBUG org.aspectj.weaver.loadtime.Aj  - 16:58:02.631 main &gt; org.aspectj.weaver.loadtime.Aj.preProcess org.aspectj.weaver.loadtime.Aj@58027738 org/hibernate/annotations/Type, byte[531], org.springframework.test.jpa.OrmXmlOverridingShadowingClassLoader@2bbf1be2
3111 [main] DEBUG org.aspectj.weaver.loadtime.Aj  - 16:58:02.631 main - org.aspectj.weaver.loadtime.Aj.preProcess org.aspectj.weaver.loadtime.Aj@58027738 sun.misc.Launcher$AppClassLoader@302b2c81, org.springframework.test.jpa.OrmXmlOverridingShadowingClassLoader@2bbf1be2
3111 [main] DEBUG org.aspectj.weaver.tools.WeavingAdaptor  - 16:58:02.631 main &gt; org.aspectj.weaver.tools.WeavingAdaptor.weaveClass org.aspectj.weaver.loadtime.ClassLoaderWeavingAdaptor@10b090ac org/hibernate/annotations/Type, byte[531]
3111 [main] DEBUG org.aspectj.weaver.tools.WeavingAdaptor  - 16:58:02.631 main &lt; org.aspectj.weaver.tools.WeavingAdaptor.weaveClass false
3111 [main] DEBUG org.aspectj.weaver.loadtime.Aj  - 16:58:02.631 main &lt; org.aspectj.weaver.loadtime.Aj.preProcess byte[531]
3113 [main] DEBUG org.aspectj.weaver.loadtime.Aj  - 16:58:02.633 main &gt; org.aspectj.weaver.loadtime.Aj.preProcess org.aspectj.weaver.loadtime.Aj@58027738 org/hibernate/cfg/Mappings$ColumnNames, byte[570], org.springframework.test.jpa.OrmXmlOverridingShadowingClassLoader@2bbf1be2
3113 [main] DEBUG org.aspectj.weaver.loadtime.Aj  - 16:58:02.633 main - org.aspectj.weaver.loadtime.Aj.preProcess org.aspectj.weaver.loadtime.Aj@58027738 sun.misc.Launcher$AppClassLoader@302b2c81, org.springframework.test.jpa.OrmXmlOverridingShadowingClassLoader@2bbf1be2
3113 [main] DEBUG org.aspectj.weaver.tools.WeavingAdaptor  - 16:58:02.633 main &gt; org.aspectj.weaver.tools.WeavingAdaptor.weaveClass org.aspectj.weaver.loadtime.ClassLoaderWeavingAdaptor@10b090ac org/hibernate/cfg/Mappings$ColumnNames, byte[570]
3113 [main] DEBUG org.aspectj.weaver.tools.WeavingAdaptor  - 16:58:02.633 main &lt; org.aspectj.weaver.tools.WeavingAdaptor.weaveClass false
3113 [main] DEBUG org.aspectj.weaver.loadtime.Aj  - 16:58:02.633 main &lt; org.aspectj.weaver.loadtime.Aj.preProcess byte[570]
3113 [main] DEBUG org.aspectj.weaver.loadtime.Aj  - 16:58:02.633 main &gt; org.aspectj.weaver.loadtime.Aj.preProcess org.aspectj.weaver.loadtime.Aj@58027738 org/hibernate/cfg/annotations/PropertyBinder, byte[6922], org.springframework.test.jpa.OrmXmlOverridingShadowingClassLoader@2bbf1be2
3113 [main] DEBUG org.aspectj.weaver.loadtime.Aj  - 16:58:02.633 main - org.aspectj.weaver.loadtime.Aj.preProcess org.aspectj.weaver.loadtime.Aj@58027738 sun.misc.Launcher$AppClassLoader@302b2c81, org.springframework.test.jpa.OrmXmlOverridingShadowingClassLoader@2bbf1be2
3113 [main] DEBUG org.aspectj.weaver.tools.WeavingAdaptor  - 16:58:02.633 main &gt; org.aspectj.weaver.tools.WeavingAdaptor.weaveClass org.aspectj.weaver.loadtime.ClassLoaderWeavingAdaptor@10b090ac org/hibernate/cfg/annotations/PropertyBinder, byte[6922]
3113 [main] DEBUG org.aspectj.weaver.tools.WeavingAdaptor  - 16:58:02.633 main &lt; org.aspectj.weaver.tools.WeavingAdaptor.weaveClass false
3114 [main] DEBUG org.aspectj.weaver.loadtime.Aj  - 16:58:02.633 main &lt; org.aspectj.weaver.loadtime.Aj.preProcess byte[6922]
3114 [main] DEBUG org.aspectj.weaver.loadtime.Aj  - 16:58:02.634 main &gt; org.aspectj.weaver.loadtime.Aj.preProcess org.aspectj.weaver.loadtime.Aj@58027738 org/hibernate/engine/CascadeStyle$MultipleCascadeStyle, byte[1274], org.springframework.test.jpa.OrmXmlOverridingShadowingClassLoader@2bbf1be2
3114 [main] DEBUG org.aspectj.weaver.loadtime.Aj  - 16:58:02.634 main - org.aspectj.weaver.loadtime.Aj.preProcess org.aspectj.weaver.loadtime.Aj@58027738 sun.misc.Launcher$AppClassLoader@302b2c81, org.springframework.test.jpa.OrmXmlOverridingShadowingClassLoader@2bbf1be2
3114 [main] DEBUG org.aspectj.weaver.tools.WeavingAdaptor  - 16:58:02.634 main &gt; org.aspectj.weaver.tools.WeavingAdaptor.weaveClass org.aspectj.weaver.loadtime.ClassLoaderWeavingAdaptor@10b090ac org/hibernate/engine/CascadeStyle$MultipleCascadeStyle, byte[1274]
3114 [main] DEBUG org.aspectj.weaver.tools.WeavingAdaptor  - 16:58:02.634 main &lt; org.aspectj.weaver.tools.WeavingAdaptor.weaveClass false
3115 [main] DEBUG org.aspectj.weaver.loadtime.Aj  - 16:58:02.635 main &lt; org.aspectj.weaver.loadtime.Aj.preProcess byte[1274]
3115 [main] DEBUG org.aspectj.weaver.loadtime.Aj  - 16:58:02.635 main &gt; org.aspectj.weaver.loadtime.Aj.preProcess org.aspectj.weaver.loadtime.Aj@58027738 org/hibernate/mapping/PropertyGeneration, byte[1425], org.springframework.test.jpa.OrmXmlOverridingShadowingClassLoader@2bbf1be2
3115 [main] DEBUG org.aspectj.weaver.loadtime.Aj  - 16:58:02.635 main - org.aspectj.weaver.loadtime.Aj.preProcess org.aspectj.weaver.loadtime.Aj@58027738 sun.misc.Launcher$AppClassLoader@302b2c81, org.springframework.test.jpa.OrmXmlOverridingShadowingClassLoader@2bbf1be2
3115 [main] DEBUG org.aspectj.weaver.tools.WeavingAdaptor  - 16:58:02.635 main &gt; org.aspectj.weaver.tools.WeavingAdaptor.weaveClass org.aspectj.weaver.loadtime.ClassLoaderWeavingAdaptor@10b090ac org/hibernate/mapping/PropertyGeneration, byte[1425]
3115 [main] DEBUG org.aspectj.weaver.tools.WeavingAdaptor  - 16:58:02.635 main &lt; org.aspectj.weaver.tools.WeavingAdaptor.weaveClass false
3115 [main] DEBUG org.aspectj.weaver.loadtime.Aj  - 16:58:02.635 main &lt; org.aspectj.weaver.loadtime.Aj.preProcess byte[1425]
3116 [main] DEBUG org.aspectj.weaver.loadtime.Aj  - 16:58:02.636 main &gt; org.aspectj.weaver.loadtime.Aj.preProcess org.aspectj.weaver.loadtime.Aj@58027738 org/hibernate/annotations/Generated, byte[465], org.springframework.test.jpa.OrmXmlOverridingShadowingClassLoader@2bbf1be2
3116 [main] DEBUG org.aspectj.weaver.loadtime.Aj  - 16:58:02.636 main - org.aspectj.weaver.loadtime.Aj.preProcess org.aspectj.weaver.loadtime.Aj@58027738 sun.misc.Launcher$AppClassLoader@302b2c81, org.springframework.test.jpa.OrmXmlOverridingShadowingClassLoader@2bbf1be2
3116 [main] DEBUG org.aspectj.weaver.tools.WeavingAdaptor  - 16:58:02.636 main &gt; org.aspectj.weaver.tools.WeavingAdaptor.weaveClass org.aspectj.weaver.loadtime.ClassLoaderWeavingAdaptor@10b090ac org/hibernate/annotations/Generated, byte[465]
3116 [main] DEBUG org.aspectj.weaver.tools.WeavingAdaptor  - 16:58:02.636 main &lt; org.aspectj.weaver.tools.WeavingAdaptor.weaveClass false
3116 [main] DEBUG org.aspectj.weaver.loadtime.Aj  - 16:58:02.636 main &lt; org.aspectj.weaver.loadtime.Aj.preProcess byte[465]
3116 [main] DEBUG org.aspectj.weaver.loadtime.Aj  - 16:58:02.636 main &gt; org.aspectj.weaver.loadtime.Aj.preProcess org.aspectj.weaver.loadtime.Aj@58027738 org/hibernate/annotations/NaturalId, byte[468], org.springframework.test.jpa.OrmXmlOverridingShadowingClassLoader@2bbf1be2
3116 [main] DEBUG org.aspectj.weaver.loadtime.Aj  - 16:58:02.636 main - org.aspectj.weaver.loadtime.Aj.preProcess org.aspectj.weaver.loadtime.Aj@58027738 sun.misc.Launcher$AppClassLoader@302b2c81, org.springframework.test.jpa.OrmXmlOverridingShadowingClassLoader@2bbf1be2
3116 [main] DEBUG org.aspectj.weaver.tools.WeavingAdaptor  - 16:58:02.636 main &gt; org.aspectj.weaver.tools.WeavingAdaptor.weaveClass org.aspectj.weaver.loadtime.ClassLoaderWeavingAdaptor@10b090ac org/hibernate/annotations/NaturalId, byte[468]
3116 [main] DEBUG org.aspectj.weaver.tools.WeavingAdaptor  - 16:58:02.636 main &lt; org.aspectj.weaver.tools.WeavingAdaptor.weaveClass false
3116 [main] DEBUG org.aspectj.weaver.loadtime.Aj  - 16:58:02.636 main &lt; org.aspectj.weaver.loadtime.Aj.preProcess byte[468]
3117 [main] DEBUG org.aspectj.weaver.loadtime.Aj  - 16:58:02.637 main &gt; org.aspectj.weaver.loadtime.Aj.preProcess org.aspectj.weaver.loadtime.Aj@58027738 org/hibernate/annotations/OptimisticLock, byte[445], org.springframework.test.jpa.OrmXmlOverridingShadowingClassLoader@2bbf1be2
3117 [main] DEBUG org.aspectj.weaver.loadtime.Aj  - 16:58:02.637 main - org.aspectj.weaver.loadtime.Aj.preProcess org.aspectj.weaver.loadtime.Aj@58027738 sun.misc.Launcher$AppClassLoader@302b2c81, org.springframework.test.jpa.OrmXmlOverridingShadowingClassLoader@2bbf1be2
3117 [main] DEBUG org.aspectj.weaver.tools.WeavingAdaptor  - 16:58:02.637 main &gt; org.aspectj.weaver.tools.WeavingAdaptor.weaveClass org.aspectj.weaver.loadtime.ClassLoaderWeavingAdaptor@10b090ac org/hibernate/annotations/OptimisticLock, byte[445]
3117 [main] DEBUG org.aspectj.weaver.tools.WeavingAdaptor  - 16:58:02.637 main &lt; org.aspectj.weaver.tools.WeavingAdaptor.weaveClass false
3117 [main] DEBUG org.aspectj.weaver.loadtime.Aj  - 16:58:02.637 main &lt; org.aspectj.weaver.loadtime.Aj.preProcess byte[445]
3117 [main] DEBUG org.aspectj.weaver.loadtime.Aj  - 16:58:02.637 main &gt; org.aspectj.weaver.loadtime.Aj.preProcess org.aspectj.weaver.loadtime.Aj@58027738 org/hibernate/annotations/Index, byte[515], org.springframework.test.jpa.OrmXmlOverridingShadowingClassLoader@2bbf1be2
3117 [main] DEBUG org.aspectj.weaver.loadtime.Aj  - 16:58:02.637 main - org.aspectj.weaver.loadtime.Aj.preProcess org.aspectj.weaver.loadtime.Aj@58027738 sun.misc.Launcher$AppClassLoader@302b2c81, org.springframework.test.jpa.OrmXmlOverridingShadowingClassLoader@2bbf1be2
3117 [main] DEBUG org.aspectj.weaver.tools.WeavingAdaptor  - 16:58:02.637 main &gt; org.aspectj.weaver.tools.WeavingAdaptor.weaveClass org.aspectj.weaver.loadtime.ClassLoaderWeavingAdaptor@10b090ac org/hibernate/annotations/Index, byte[515]
3117 [main] DEBUG org.aspectj.weaver.tools.WeavingAdaptor  - 16:58:02.637 main &lt; org.aspectj.weaver.tools.WeavingAdaptor.weaveClass false
3117 [main] DEBUG org.aspectj.weaver.loadtime.Aj  - 16:58:02.637 main &lt; org.aspectj.weaver.loadtime.Aj.preProcess byte[515]
3118 [main] DEBUG org.aspectj.weaver.loadtime.Aj  - 16:58:02.638 main &gt; org.aspectj.weaver.loadtime.Aj.preProcess org.aspectj.weaver.loadtime.Aj@58027738 org/hibernate/annotations/Columns, byte[456], org.springframework.test.jpa.OrmXmlOverridingShadowingClassLoader@2bbf1be2
3118 [main] DEBUG org.aspectj.weaver.loadtime.Aj  - 16:58:02.638 main - org.aspectj.weaver.loadtime.Aj.preProcess org.aspectj.weaver.loadtime.Aj@58027738 sun.misc.Launcher$AppClassLoader@302b2c81, org.springframework.test.jpa.OrmXmlOverridingShadowingClassLoader@2bbf1be2
3118 [main] DEBUG org.aspectj.weaver.tools.WeavingAdaptor  - 16:58:02.638 main &gt; org.aspectj.weaver.tools.WeavingAdaptor.weaveClass org.aspectj.weaver.loadtime.ClassLoaderWeavingAdaptor@10b090ac org/hibernate/annotations/Columns, byte[456]
3118 [main] DEBUG org.aspectj.weaver.tools.WeavingAdaptor  - 16:58:02.638 main &lt; org.aspectj.weaver.tools.WeavingAdaptor.weaveClass false
3118 [main] DEBUG org.aspectj.weaver.loadtime.Aj  - 16:58:02.638 main &lt; org.aspectj.weaver.loadtime.Aj.preProcess byte[456]
3119 [main] DEBUG org.aspectj.weaver.loadtime.Aj  - 16:58:02.639 main &gt; org.aspectj.weaver.loadtime.Aj.preProcess org.aspectj.weaver.loadtime.Aj@58027738 org/hibernate/annotations/ManyToAny, byte[636], org.springframework.test.jpa.OrmXmlOverridingShadowingClassLoader@2bbf1be2
3119 [main] DEBUG org.aspectj.weaver.loadtime.Aj  - 16:58:02.639 main - org.aspectj.weaver.loadtime.Aj.preProcess org.aspectj.weaver.loadtime.Aj@58027738 sun.misc.Launcher$AppClassLoader@302b2c81, org.springframework.test.jpa.OrmXmlOverridingShadowingClassLoader@2bbf1be2
3119 [main] DEBUG org.aspectj.weaver.tools.WeavingAdaptor  - 16:58:02.639 main &gt; org.aspectj.weaver.tools.WeavingAdaptor.weaveClass org.aspectj.weaver.loadtime.ClassLoaderWeavingAdaptor@10b090ac org/hibernate/annotations/ManyToAny, byte[636]
3119 [main] DEBUG org.aspectj.weaver.tools.WeavingAdaptor  - 16:58:02.639 main &lt; org.aspectj.weaver.tools.WeavingAdaptor.weaveClass false
3119 [main] DEBUG org.aspectj.weaver.loadtime.Aj  - 16:58:02.639 main &lt; org.aspectj.weaver.loadtime.Aj.preProcess byte[636]
3120 [main] DEBUG org.aspectj.weaver.loadtime.Aj  - 16:58:02.640 main &gt; org.aspectj.weaver.loadtime.Aj.preProcess org.aspectj.weaver.loadtime.Aj@58027738 org/hibernate/cfg/CreateKeySecondPass, byte[1210], org.springframework.test.jpa.OrmXmlOverridingShadowingClassLoader@2bbf1be2
3120 [main] DEBUG org.aspectj.weaver.loadtime.Aj  - 16:58:02.640 main - org.aspectj.weaver.loadtime.Aj.preProcess org.aspectj.weaver.loadtime.Aj@58027738 sun.misc.Launcher$AppClassLoader@302b2c81, org.springframework.test.jpa.OrmXmlOverridingShadowingClassLoader@2bbf1be2
3120 [main] DEBUG org.aspectj.weaver.tools.WeavingAdaptor  - 16:58:02.640 main &gt; org.aspectj.weaver.tools.WeavingAdaptor.weaveClass org.aspectj.weaver.loadtime.ClassLoaderWeavingAdaptor@10b090ac org/hibernate/cfg/CreateKeySecondPass, byte[1210]
3121 [main] DEBUG org.aspectj.weaver.tools.WeavingAdaptor  - 16:58:02.641 main &lt; org.aspectj.weaver.tools.WeavingAdaptor.weaveClass false
3121 [main] DEBUG org.aspectj.weaver.loadtime.Aj  - 16:58:02.641 main &lt; org.aspectj.weaver.loadtime.Aj.preProcess byte[1210]
3121 [main] DEBUG org.aspectj.weaver.loadtime.Aj  - 16:58:02.641 main &gt; org.aspectj.weaver.loadtime.Aj.preProcess org.aspectj.weaver.loadtime.Aj@58027738 org/hibernate/cfg/SecondaryTableSecondPass, byte[1172], org.springframework.test.jpa.OrmXmlOverridingShadowingClassLoader@2bbf1be2
3121 [main] DEBUG org.aspectj.weaver.loadtime.Aj  - 16:58:02.641 main - org.aspectj.weaver.loadtime.Aj.preProcess org.aspectj.weaver.loadtime.Aj@58027738 sun.misc.Launcher$AppClassLoader@302b2c81, org.springframework.test.jpa.OrmXmlOverridingShadowingClassLoader@2bbf1be2
3121 [main] DEBUG org.aspectj.weaver.tools.WeavingAdaptor  - 16:58:02.641 main &gt; org.aspectj.weaver.tools.WeavingAdaptor.weaveClass org.aspectj.weaver.loadtime.ClassLoaderWeavingAdaptor@10b090ac org/hibernate/cfg/SecondaryTableSecondPass, byte[1172]
3121 [main] DEBUG org.aspectj.weaver.tools.WeavingAdaptor  - 16:58:02.641 main &lt; org.aspectj.weaver.tools.WeavingAdaptor.weaveClass false
3121 [main] DEBUG org.aspectj.weaver.loadtime.Aj  - 16:58:02.641 main &lt; org.aspectj.weaver.loadtime.Aj.preProcess byte[1172]
3121 [main] DEBUG org.aspectj.weaver.loadtime.Aj  - 16:58:02.641 main &gt; org.aspectj.weaver.loadtime.Aj.preProcess org.aspectj.weaver.loadtime.Aj@58027738 org/hibernate/annotations/Table, byte[1221], org.springframework.test.jpa.OrmXmlOverridingShadowingClassLoader@2bbf1be2
3122 [main] DEBUG org.aspectj.weaver.loadtime.Aj  - 16:58:02.642 main - org.aspectj.weaver.loadtime.Aj.preProcess org.aspectj.weaver.loadtime.Aj@58027738 sun.misc.Launcher$AppClassLoader@302b2c81, org.springframework.test.jpa.OrmXmlOverridingShadowingClassLoader@2bbf1be2
3122 [main] DEBUG org.aspectj.weaver.tools.WeavingAdaptor  - 16:58:02.642 main &gt; org.aspectj.weaver.tools.WeavingAdaptor.weaveClass org.aspectj.weaver.loadtime.ClassLoaderWeavingAdaptor@10b090ac org/hibernate/annotations/Table, byte[1221]
3122 [main] DEBUG org.aspectj.weaver.tools.WeavingAdaptor  - 16:58:02.642 main &lt; org.aspectj.weaver.tools.WeavingAdaptor.weaveClass false
3122 [main] DEBUG org.aspectj.weaver.loadtime.Aj  - 16:58:02.642 main &lt; org.aspectj.weaver.loadtime.Aj.preProcess byte[1221]
3122 [main] DEBUG org.aspectj.weaver.loadtime.Aj  - 16:58:02.642 main &gt; org.aspectj.weaver.loadtime.Aj.preProcess org.aspectj.weaver.loadtime.Aj@58027738 org/hibernate/annotations/Tables, byte[436], org.springframework.test.jpa.OrmXmlOverridingShadowingClassLoader@2bbf1be2
3122 [main] DEBUG org.aspectj.weaver.loadtime.Aj  - 16:58:02.642 main - org.aspectj.weaver.loadtime.Aj.preProcess org.aspectj.weaver.loadtime.Aj@58027738 sun.misc.Launcher$AppClassLoader@302b2c81, org.springframework.test.jpa.OrmXmlOverridingShadowingClassLoader@2bbf1be2
3122 [main] DEBUG org.aspectj.weaver.tools.WeavingAdaptor  - 16:58:02.642 main &gt; org.aspectj.weaver.tools.WeavingAdaptor.weaveClass org.aspectj.weaver.loadtime.ClassLoaderWeavingAdaptor@10b090ac org/hibernate/annotations/Tables, byte[436]
3122 [main] DEBUG org.aspectj.weaver.tools.WeavingAdaptor  - 16:58:02.642 main &lt; org.aspectj.weaver.tools.WeavingAdaptor.weaveClass false
3122 [main] DEBUG org.aspectj.weaver.loadtime.Aj  - 16:58:02.642 main &lt; org.aspectj.weaver.loadtime.Aj.preProcess byte[436]
3129 [main] DEBUG org.aspectj.weaver.loadtime.Aj  - 16:58:02.649 main &gt; org.aspectj.weaver.loadtime.Aj.preProcess org.aspectj.weaver.loadtime.Aj@58027738 org/hibernate/annotations/Parameter, byte[392], org.springframework.test.jpa.OrmXmlOverridingShadowingClassLoader@2bbf1be2
3129 [main] DEBUG org.aspectj.weaver.loadtime.Aj  - 16:58:02.649 main - org.aspectj.weaver.loadtime.Aj.preProcess org.aspectj.weaver.loadtime.Aj@58027738 sun.misc.Launcher$AppClassLoader@302b2c81, org.springframework.test.jpa.OrmXmlOverridingShadowingClassLoader@2bbf1be2
3130 [main] DEBUG org.aspectj.weaver.tools.WeavingAdaptor  - 16:58:02.650 main &gt; org.aspectj.weaver.tools.WeavingAdaptor.weaveClass org.aspectj.weaver.loadtime.ClassLoaderWeavingAdaptor@10b090ac org/hibernate/annotations/Parameter, byte[392]
3130 [main] DEBUG org.aspectj.weaver.tools.WeavingAdaptor  - 16:58:02.650 main &lt; org.aspectj.weaver.tools.WeavingAdaptor.weaveClass false
3130 [main] DEBUG org.aspectj.weaver.loadtime.Aj  - 16:58:02.650 main &lt; org.aspectj.weaver.loadtime.Aj.preProcess byte[392]
3131 [main] DEBUG org.aspectj.weaver.loadtime.Aj  - 16:58:02.651 main &gt; org.aspectj.weaver.loadtime.Aj.preProcess org.aspectj.weaver.loadtime.Aj@58027738 org/hibernate/mapping/IdGenerator, byte[1279], org.springframework.test.jpa.OrmXmlOverridingShadowingClassLoader@2bbf1be2
3131 [main] DEBUG org.aspectj.weaver.loadtime.Aj  - 16:58:02.651 main - org.aspectj.weaver.loadtime.Aj.preProcess org.aspectj.weaver.loadtime.Aj@58027738 sun.misc.Launcher$AppClassLoader@302b2c81, org.springframework.test.jpa.OrmXmlOverridingShadowingClassLoader@2bbf1be2
3131 [main] DEBUG org.aspectj.weaver.tools.WeavingAdaptor  - 16:58:02.651 main &gt; org.aspectj.weaver.tools.WeavingAdaptor.weaveClass org.aspectj.weaver.loadtime.ClassLoaderWeavingAdaptor@10b090ac org/hibernate/mapping/IdGenerator, byte[1279]
3131 [main] DEBUG org.aspectj.weaver.tools.WeavingAdaptor  - 16:58:02.651 main &lt; org.aspectj.weaver.tools.WeavingAdaptor.weaveClass false
3131 [main] DEBUG org.aspectj.weaver.loadtime.Aj  - 16:58:02.651 main &lt; org.aspectj.weaver.loadtime.Aj.preProcess byte[1279]
3132 [main] DEBUG org.aspectj.weaver.loadtime.Aj  - 16:58:02.652 main &gt; org.aspectj.weaver.loadtime.Aj.preProcess org.aspectj.weaver.loadtime.Aj@58027738 org/hibernate/cfg/AnnotationBinder$2, byte[2085], org.springframework.test.jpa.OrmXmlOverridingShadowingClassLoader@2bbf1be2
3132 [main] DEBUG org.aspectj.weaver.loadtime.Aj  - 16:58:02.652 main - org.aspectj.weaver.loadtime.Aj.preProcess org.aspectj.weaver.loadtime.Aj@58027738 sun.misc.Launcher$AppClassLoader@302b2c81, org.springframework.test.jpa.OrmXmlOverridingShadowingClassLoader@2bbf1be2
3132 [main] DEBUG org.aspectj.weaver.tools.WeavingAdaptor  - 16:58:02.652 main &gt; org.aspectj.weaver.tools.WeavingAdaptor.weaveClass org.aspectj.weaver.loadtime.ClassLoaderWeavingAdaptor@10b090ac org/hibernate/cfg/AnnotationBinder$2, byte[2085]
3132 [main] DEBUG org.aspectj.weaver.tools.WeavingAdaptor  - 16:58:02.652 main &lt; org.aspectj.weaver.tools.WeavingAdaptor.weaveClass false
3132 [main] DEBUG org.aspectj.weaver.loadtime.Aj  - 16:58:02.652 main &lt; org.aspectj.weaver.loadtime.Aj.preProcess byte[2085]
3133 [main] DEBUG org.aspectj.weaver.loadtime.Aj  - 16:58:02.652 main &gt; org.aspectj.weaver.loadtime.Aj.preProcess org.aspectj.weaver.loadtime.Aj@58027738 org/hibernate/annotations/CascadeType, byte[1547], org.springframework.test.jpa.OrmXmlOverridingShadowingClassLoader@2bbf1be2
3133 [main] DEBUG org.aspectj.weaver.loadtime.Aj  - 16:58:02.653 main - org.aspectj.weaver.loadtime.Aj.preProcess org.aspectj.weaver.loadtime.Aj@58027738 sun.misc.Launcher$AppClassLoader@302b2c81, org.springframework.test.jpa.OrmXmlOverridingShadowingClassLoader@2bbf1be2
3133 [main] DEBUG org.aspectj.weaver.tools.WeavingAdaptor  - 16:58:02.653 main &gt; org.aspectj.weaver.tools.WeavingAdaptor.weaveClass org.aspectj.weaver.loadtime.ClassLoaderWeavingAdaptor@10b090ac org/hibernate/annotations/CascadeType, byte[1547]
3133 [main] DEBUG org.aspectj.weaver.tools.WeavingAdaptor  - 16:58:02.653 main &lt; org.aspectj.weaver.tools.WeavingAdaptor.weaveClass false
3133 [main] DEBUG org.aspectj.weaver.loadtime.Aj  - 16:58:02.653 main &lt; org.aspectj.weaver.loadtime.Aj.preProcess byte[1547]
3134 [main] DEBUG org.aspectj.weaver.loadtime.Aj  - 16:58:02.654 main &gt; org.aspectj.weaver.loadtime.Aj.preProcess org.aspectj.weaver.loadtime.Aj@58027738 org/hibernate/id/MultipleHiLoPerTableGenerator, byte[7505], org.springframework.test.jpa.OrmXmlOverridingShadowingClassLoader@2bbf1be2
3134 [main] DEBUG org.aspectj.weaver.loadtime.Aj  - 16:58:02.654 main - org.aspectj.weaver.loadtime.Aj.preProcess org.aspectj.weaver.loadtime.Aj@58027738 sun.misc.Launcher$AppClassLoader@302b2c81, org.springframework.test.jpa.OrmXmlOverridingShadowingClassLoader@2bbf1be2
3134 [main] DEBUG org.aspectj.weaver.tools.WeavingAdaptor  - 16:58:02.654 main &gt; org.aspectj.weaver.tools.WeavingAdaptor.weaveClass org.aspectj.weaver.loadtime.ClassLoaderWeavingAdaptor@10b090ac org/hibernate/id/MultipleHiLoPerTableGenerator, byte[7505]
3134 [main] DEBUG org.aspectj.weaver.tools.WeavingAdaptor  - 16:58:02.654 main &lt; org.aspectj.weaver.tools.WeavingAdaptor.weaveClass false
3134 [main] DEBUG org.aspectj.weaver.loadtime.Aj  - 16:58:02.654 main &lt; org.aspectj.weaver.loadtime.Aj.preProcess byte[7505]
3134 [main] DEBUG org.aspectj.weaver.loadtime.Aj  - 16:58:02.654 main &gt; org.aspectj.weaver.loadtime.Aj.preProcess org.aspectj.weaver.loadtime.Aj@58027738 org/hibernate/id/PersistentIdentifierGenerator, byte[953], org.springframework.test.jpa.OrmXmlOverridingShadowingClassLoader@2bbf1be2
3134 [main] DEBUG org.aspectj.weaver.loadtime.Aj  - 16:58:02.654 main - org.aspectj.weaver.loadtime.Aj.preProcess org.aspectj.weaver.loadtime.Aj@58027738 sun.misc.Launcher$AppClassLoader@302b2c81, org.springframework.test.jpa.OrmXmlOverridingShadowingClassLoader@2bbf1be2
3135 [main] DEBUG org.aspectj.weaver.tools.WeavingAdaptor  - 16:58:02.654 main &gt; org.aspectj.weaver.tools.WeavingAdaptor.weaveClass org.aspectj.weaver.loadtime.ClassLoaderWeavingAdaptor@10b090ac org/hibernate/id/PersistentIdentifierGenerator, byte[953]
3135 [main] DEBUG org.aspectj.weaver.tools.WeavingAdaptor  - 16:58:02.655 main &lt; org.aspectj.weaver.tools.WeavingAdaptor.weaveClass false
3135 [main] DEBUG org.aspectj.weaver.loadtime.Aj  - 16:58:02.655 main &lt; org.aspectj.weaver.loadtime.Aj.preProcess byte[953]
3135 [main] DEBUG org.aspectj.weaver.loadtime.Aj  - 16:58:02.655 main &gt; org.aspectj.weaver.loadtime.Aj.preProcess org.aspectj.weaver.loadtime.Aj@58027738 org/hibernate/id/IdentifierGenerator, byte[386], org.springframework.test.jpa.OrmXmlOverridingShadowingClassLoader@2bbf1be2
3135 [main] DEBUG org.aspectj.weaver.loadtime.Aj  - 16:58:02.655 main - org.aspectj.weaver.loadtime.Aj.preProcess org.aspectj.weaver.loadtime.Aj@58027738 sun.misc.Launcher$AppClassLoader@302b2c81, org.springframework.test.jpa.OrmXmlOverridingShadowingClassLoader@2bbf1be2
3135 [main] DEBUG org.aspectj.weaver.tools.WeavingAdaptor  - 16:58:02.655 main &gt; org.aspectj.weaver.tools.WeavingAdaptor.weaveClass org.aspectj.weaver.loadtime.ClassLoaderWeavingAdaptor@10b090ac org/hibernate/id/IdentifierGenerator, byte[386]
3135 [main] DEBUG org.aspectj.weaver.tools.WeavingAdaptor  - 16:58:02.655 main &lt; org.aspectj.weaver.tools.WeavingAdaptor.weaveClass false
3135 [main] DEBUG org.aspectj.weaver.loadtime.Aj  - 16:58:02.655 main &lt; org.aspectj.weaver.loadtime.Aj.preProcess byte[386]
3136 [main] DEBUG org.aspectj.weaver.loadtime.Aj  - 16:58:02.656 main &gt; org.aspectj.weaver.loadtime.Aj.preProcess org.aspectj.weaver.loadtime.Aj@58027738 org/hibernate/id/Configurable, byte[285], org.springframework.test.jpa.OrmXmlOverridingShadowingClassLoader@2bbf1be2
3136 [main] DEBUG org.aspectj.weaver.loadtime.Aj  - 16:58:02.656 main - org.aspectj.weaver.loadtime.Aj.preProcess org.aspectj.weaver.loadtime.Aj@58027738 sun.misc.Launcher$AppClassLoader@302b2c81, org.springframework.test.jpa.OrmXmlOverridingShadowingClassLoader@2bbf1be2
3136 [main] DEBUG org.aspectj.weaver.tools.WeavingAdaptor  - 16:58:02.656 main &gt; org.aspectj.weaver.tools.WeavingAdaptor.weaveClass org.aspectj.weaver.loadtime.ClassLoaderWeavingAdaptor@10b090ac org/hibernate/id/Configurable, byte[285]
3136 [main] DEBUG org.aspectj.weaver.tools.WeavingAdaptor  - 16:58:02.656 main &lt; org.aspectj.weaver.tools.WeavingAdaptor.weaveClass false
3136 [main] DEBUG org.aspectj.weaver.loadtime.Aj  - 16:58:02.656 main &lt; org.aspectj.weaver.loadtime.Aj.preProcess byte[285]
3137 [main] DEBUG org.aspectj.weaver.loadtime.Aj  - 16:58:02.657 main &gt; org.aspectj.weaver.loadtime.Aj.preProcess org.aspectj.weaver.loadtime.Aj@58027738 org/hibernate/engine/TransactionHelper, byte[1231], org.springframework.test.jpa.OrmXmlOverridingShadowingClassLoader@2bbf1be2
3137 [main] DEBUG org.aspectj.weaver.loadtime.Aj  - 16:58:02.657 main - org.aspectj.weaver.loadtime.Aj.preProcess org.aspectj.weaver.loadtime.Aj@58027738 sun.misc.Launcher$AppClassLoader@302b2c81, org.springframework.test.jpa.OrmXmlOverridingShadowingClassLoader@2bbf1be2
3137 [main] DEBUG org.aspectj.weaver.tools.WeavingAdaptor  - 16:58:02.657 main &gt; org.aspectj.weaver.tools.WeavingAdaptor.weaveClass org.aspectj.weaver.loadtime.ClassLoaderWeavingAdaptor@10b090ac org/hibernate/engine/TransactionHelper, byte[1231]
3137 [main] DEBUG org.aspectj.weaver.tools.WeavingAdaptor  - 16:58:02.657 main &lt; org.aspectj.weaver.tools.WeavingAdaptor.weaveClass false
3137 [main] DEBUG org.aspectj.weaver.loadtime.Aj  - 16:58:02.657 main &lt; org.aspectj.weaver.loadtime.Aj.preProcess byte[1231]
3138 [main] DEBUG org.aspectj.weaver.loadtime.Aj  - 16:58:02.658 main &gt; org.aspectj.weaver.loadtime.Aj.preProcess org.aspectj.weaver.loadtime.Aj@58027738 org/hibernate/annotations/common/util/StringHelper, byte[10030], org.springframework.test.jpa.OrmXmlOverridingShadowingClassLoader@2bbf1be2
3138 [main] DEBUG org.aspectj.weaver.loadtime.Aj  - 16:58:02.658 main - org.aspectj.weaver.loadtime.Aj.preProcess org.aspectj.weaver.loadtime.Aj@58027738 sun.misc.Launcher$AppClassLoader@302b2c81, org.springframework.test.jpa.OrmXmlOverridingShadowingClassLoader@2bbf1be2
3139 [main] DEBUG org.aspectj.weaver.tools.WeavingAdaptor  - 16:58:02.659 main &gt; org.aspectj.weaver.tools.WeavingAdaptor.weaveClass org.aspectj.weaver.loadtime.ClassLoaderWeavingAdaptor@10b090ac org/hibernate/annotations/common/util/StringHelper, byte[10030]
3139 [main] DEBUG org.aspectj.weaver.tools.WeavingAdaptor  - 16:58:02.659 main &lt; org.aspectj.weaver.tools.WeavingAdaptor.weaveClass false
3139 [main] DEBUG org.aspectj.weaver.loadtime.Aj  - 16:58:02.659 main &lt; org.aspectj.weaver.loadtime.Aj.preProcess byte[10030]
3140 [main] DEBUG org.aspectj.weaver.loadtime.Aj  - 16:58:02.660 main &gt; org.aspectj.weaver.loadtime.Aj.preProcess org.aspectj.weaver.loadtime.Aj@58027738 org/hibernate/annotations/Cascade, byte[459], org.springframework.test.jpa.OrmXmlOverridingShadowingClassLoader@2bbf1be2
3141 [main] DEBUG org.aspectj.weaver.loadtime.Aj  - 16:58:02.660 main - org.aspectj.weaver.loadtime.Aj.preProcess org.aspectj.weaver.loadtime.Aj@58027738 sun.misc.Launcher$AppClassLoader@302b2c81, org.springframework.test.jpa.OrmXmlOverridingShadowingClassLoader@2bbf1be2
3141 [main] DEBUG org.aspectj.weaver.tools.WeavingAdaptor  - 16:58:02.661 main &gt; org.aspectj.weaver.tools.WeavingAdaptor.weaveClass org.aspectj.weaver.loadtime.ClassLoaderWeavingAdaptor@10b090ac org/hibernate/annotations/Cascade, byte[459]
3141 [main] DEBUG org.aspectj.weaver.tools.WeavingAdaptor  - 16:58:02.661 main &lt; org.aspectj.weaver.tools.WeavingAdaptor.weaveClass false
3141 [main] DEBUG org.aspectj.weaver.loadtime.Aj  - 16:58:02.661 main &lt; org.aspectj.weaver.loadtime.Aj.preProcess byte[459]
3141 [main] DEBUG org.aspectj.weaver.loadtime.Aj  - 16:58:02.661 main &gt; org.aspectj.weaver.loadtime.Aj.preProcess org.aspectj.weaver.loadtime.Aj@58027738 org/hibernate/annotations/NotFound, byte[560], org.springframework.test.jpa.OrmXmlOverridingShadowingClassLoader@2bbf1be2
3141 [main] DEBUG org.aspectj.weaver.loadtime.Aj  - 16:58:02.661 main - org.aspectj.weaver.loadtime.Aj.preProcess org.aspectj.weaver.loadtime.Aj@58027738 sun.misc.Launcher$AppClassLoader@302b2c81, org.springframework.test.jpa.OrmXmlOverridingShadowingClassLoader@2bbf1be2
3141 [main] DEBUG org.aspectj.weaver.tools.WeavingAdaptor  - 16:58:02.661 main &gt; org.aspectj.weaver.tools.WeavingAdaptor.weaveClass org.aspectj.weaver.loadtime.ClassLoaderWeavingAdaptor@10b090ac org/hibernate/annotations/NotFound, byte[560]
3141 [main] DEBUG org.aspectj.weaver.tools.WeavingAdaptor  - 16:58:02.661 main &lt; org.aspectj.weaver.tools.WeavingAdaptor.weaveClass false
3141 [main] DEBUG org.aspectj.weaver.loadtime.Aj  - 16:58:02.661 main &lt; org.aspectj.weaver.loadtime.Aj.preProcess byte[560]
3143 [main] DEBUG org.aspectj.weaver.loadtime.Aj  - 16:58:02.663 main &gt; org.aspectj.weaver.loadtime.Aj.preProcess org.aspectj.weaver.loadtime.Aj@58027738 org/hibernate/type/Type, byte[3561], org.springframework.test.jpa.OrmXmlOverridingShadowingClassLoader@2bbf1be2
3143 [main] DEBUG org.aspectj.weaver.loadtime.Aj  - 16:58:02.663 main - org.aspectj.weaver.loadtime.Aj.preProcess org.aspectj.weaver.loadtime.Aj@58027738 sun.misc.Launcher$AppClassLoader@302b2c81, org.springframework.test.jpa.OrmXmlOverridingShadowingClassLoader@2bbf1be2
3143 [main] DEBUG org.aspectj.weaver.tools.WeavingAdaptor  - 16:58:02.663 main &gt; org.aspectj.weaver.tools.WeavingAdaptor.weaveClass org.aspectj.weaver.loadtime.ClassLoaderWeavingAdaptor@10b090ac org/hibernate/type/Type, byte[3561]
3143 [main] DEBUG org.aspectj.weaver.tools.WeavingAdaptor  - 16:58:02.663 main &lt; org.aspectj.weaver.tools.WeavingAdaptor.weaveClass false
3143 [main] DEBUG org.aspectj.weaver.loadtime.Aj  - 16:58:02.663 main &lt; org.aspectj.weaver.loadtime.Aj.preProcess byte[3561]
3144 [main] DEBUG org.aspectj.weaver.loadtime.Aj  - 16:58:02.664 main &gt; org.aspectj.weaver.loadtime.Aj.preProcess org.aspectj.weaver.loadtime.Aj@58027738 org/hibernate/annotations/LazyToOne, byte[466], org.springframework.test.jpa.OrmXmlOverridingShadowingClassLoader@2bbf1be2
3144 [main] DEBUG org.aspectj.weaver.loadtime.Aj  - 16:58:02.664 main - org.aspectj.weaver.loadtime.Aj.preProcess org.aspectj.weaver.loadtime.Aj@58027738 sun.misc.Launcher$AppClassLoader@302b2c81, org.springframework.test.jpa.OrmXmlOverridingShadowingClassLoader@2bbf1be2
3144 [main] DEBUG org.aspectj.weaver.tools.WeavingAdaptor  - 16:58:02.664 main &gt; org.aspectj.weaver.tools.WeavingAdaptor.weaveClass org.aspectj.weaver.loadtime.ClassLoaderWeavingAdaptor@10b090ac org/hibernate/annotations/LazyToOne, byte[466]
3144 [main] DEBUG org.aspectj.weaver.tools.WeavingAdaptor  - 16:58:02.664 main &lt; org.aspectj.weaver.tools.WeavingAdaptor.weaveClass false
3144 [main] DEBUG org.aspectj.weaver.loadtime.Aj  - 16:58:02.664 main &lt; org.aspectj.weaver.loadtime.Aj.preProcess byte[466]
3144 [main] DEBUG org.aspectj.weaver.loadtime.Aj  - 16:58:02.664 main &gt; org.aspectj.weaver.loadtime.Aj.preProcess org.aspectj.weaver.loadtime.Aj@58027738 org/hibernate/annotations/Fetch, byte[452], org.springframework.test.jpa.OrmXmlOverridingShadowingClassLoader@2bbf1be2
3144 [main] DEBUG org.aspectj.weaver.loadtime.Aj  - 16:58:02.664 main - org.aspectj.weaver.loadtime.Aj.preProcess org.aspectj.weaver.loadtime.Aj@58027738 sun.misc.Launcher$AppClassLoader@302b2c81, org.springframework.test.jpa.OrmXmlOverridingShadowingClassLoader@2bbf1be2
3144 [main] DEBUG org.aspectj.weaver.tools.WeavingAdaptor  - 16:58:02.664 main &gt; org.aspectj.weaver.tools.WeavingAdaptor.weaveClass org.aspectj.weaver.loadtime.ClassLoaderWeavingAdaptor@10b090ac org/hibernate/annotations/Fetch, byte[452]
3144 [main] DEBUG org.aspectj.weaver.tools.WeavingAdaptor  - 16:58:02.664 main &lt; org.aspectj.weaver.tools.WeavingAdaptor.weaveClass false
3144 [main] DEBUG org.aspectj.weaver.loadtime.Aj  - 16:58:02.664 main &lt; org.aspectj.weaver.loadtime.Aj.preProcess byte[452]
3145 [main] DEBUG org.aspectj.weaver.loadtime.Aj  - 16:58:02.665 main &gt; org.aspectj.weaver.loadtime.Aj.preProcess org.aspectj.weaver.loadtime.Aj@58027738 org/hibernate/FetchMode, byte[1202], org.springframework.test.jpa.OrmXmlOverridingShadowingClassLoader@2bbf1be2
3145 [main] DEBUG org.aspectj.weaver.loadtime.Aj  - 16:58:02.665 main - org.aspectj.weaver.loadtime.Aj.preProcess org.aspectj.weaver.loadtime.Aj@58027738 sun.misc.Launcher$AppClassLoader@302b2c81, org.springframework.test.jpa.OrmXmlOverridingShadowingClassLoader@2bbf1be2
3145 [main] DEBUG org.aspectj.weaver.tools.WeavingAdaptor  - 16:58:02.665 main &gt; org.aspectj.weaver.tools.WeavingAdaptor.weaveClass org.aspectj.weaver.loadtime.ClassLoaderWeavingAdaptor@10b090ac org/hibernate/FetchMode, byte[1202]
3145 [main] DEBUG org.aspectj.weaver.tools.WeavingAdaptor  - 16:58:02.665 main &lt; org.aspectj.weaver.tools.WeavingAdaptor.weaveClass false
3145 [main] DEBUG org.aspectj.weaver.loadtime.Aj  - 16:58:02.665 main &lt; org.aspectj.weaver.loadtime.Aj.preProcess byte[1202]
3145 [main] DEBUG org.aspectj.weaver.loadtime.Aj  - 16:58:02.665 main &gt; org.aspectj.weaver.loadtime.Aj.preProcess org.aspectj.weaver.loadtime.Aj@58027738 org/hibernate/annotations/ForeignKey, byte[516], org.springframework.test.jpa.OrmXmlOverridingShadowingClassLoader@2bbf1be2
3145 [main] DEBUG org.aspectj.weaver.loadtime.Aj  - 16:58:02.665 main - org.aspectj.weaver.loadtime.Aj.preProcess org.aspectj.weaver.loadtime.Aj@58027738 sun.misc.Launcher$AppClassLoader@302b2c81, org.springframework.test.jpa.OrmXmlOverridingShadowingClassLoader@2bbf1be2
3145 [main] DEBUG org.aspectj.weaver.tools.WeavingAdaptor  - 16:58:02.665 main &gt; org.aspectj.weaver.tools.WeavingAdaptor.weaveClass org.aspectj.weaver.loadtime.ClassLoaderWeavingAdaptor@10b090ac org/hibernate/annotations/ForeignKey, byte[516]
3145 [main] DEBUG org.aspectj.weaver.tools.WeavingAdaptor  - 16:58:02.665 main &lt; org.aspectj.weaver.tools.WeavingAdaptor.weaveClass false
3146 [main] DEBUG org.aspectj.weaver.loadtime.Aj  - 16:58:02.665 main &lt; org.aspectj.weaver.loadtime.Aj.preProcess byte[516]
3150 [main] DEBUG org.aspectj.weaver.loadtime.Aj  - 16:58:02.670 main &gt; org.aspectj.weaver.loadtime.Aj.preProcess org.aspectj.weaver.loadtime.Aj@58027738 org/hibernate/annotations/common/reflection/java/generics/SimpleTypeEnvironment, byte[2237], org.springframework.test.jpa.OrmXmlOverridingShadowingClassLoader@2bbf1be2
3150 [main] DEBUG org.aspectj.weaver.loadtime.Aj  - 16:58:02.670 main - org.aspectj.weaver.loadtime.Aj.preProcess org.aspectj.weaver.loadtime.Aj@58027738 sun.misc.Launcher$AppClassLoader@302b2c81, org.springframework.test.jpa.OrmXmlOverridingShadowingClassLoader@2bbf1be2
3150 [main] DEBUG org.aspectj.weaver.tools.WeavingAdaptor  - 16:58:02.670 main &gt; org.aspectj.weaver.tools.WeavingAdaptor.weaveClass org.aspectj.weaver.loadtime.ClassLoaderWeavingAdaptor@10b090ac org/hibernate/annotations/common/reflection/java/generics/SimpleTypeEnvironment, byte[2237]
3150 [main] DEBUG org.aspectj.weaver.tools.WeavingAdaptor  - 16:58:02.670 main &lt; org.aspectj.weaver.tools.WeavingAdaptor.weaveClass false
3150 [main] DEBUG org.aspectj.weaver.loadtime.Aj  - 16:58:02.670 main &lt; org.aspectj.weaver.loadtime.Aj.preProcess byte[2237]
3151 [main] DEBUG org.aspectj.weaver.loadtime.Aj  - 16:58:02.671 main &gt; org.aspectj.weaver.loadtime.Aj.preProcess org.aspectj.weaver.loadtime.Aj@58027738 org/hibernate/annotations/common/reflection/java/generics/SimpleTypeEnvironment$1, byte[4040], org.springframework.test.jpa.OrmXmlOverridingShadowingClassLoader@2bbf1be2
3151 [main] DEBUG org.aspectj.weaver.loadtime.Aj  - 16:58:02.671 main - org.aspectj.weaver.loadtime.Aj.preProcess org.aspectj.weaver.loadtime.Aj@58027738 sun.misc.Launcher$AppClassLoader@302b2c81, org.springframework.test.jpa.OrmXmlOverridingShadowingClassLoader@2bbf1be2
3151 [main] DEBUG org.aspectj.weaver.tools.WeavingAdaptor  - 16:58:02.671 main &gt; org.aspectj.weaver.tools.WeavingAdaptor.weaveClass org.aspectj.weaver.loadtime.ClassLoaderWeavingAdaptor@10b090ac org/hibernate/annotations/common/reflection/java/generics/SimpleTypeEnvironment$1, byte[4040]
3151 [main] DEBUG org.aspectj.weaver.tools.WeavingAdaptor  - 16:58:02.671 main &lt; org.aspectj.weaver.tools.WeavingAdaptor.weaveClass false
3151 [main] DEBUG org.aspectj.weaver.loadtime.Aj  - 16:58:02.671 main &lt; org.aspectj.weaver.loadtime.Aj.preProcess byte[4040]
3154 [main] DEBUG org.aspectj.weaver.loadtime.Aj  - 16:58:02.674 main &gt; org.aspectj.weaver.loadtime.Aj.preProcess org.aspectj.weaver.loadtime.Aj@58027738 org/hibernate/annotations/IndexColumn, byte[585], org.springframework.test.jpa.OrmXmlOverridingShadowingClassLoader@2bbf1be2
3154 [main] DEBUG org.aspectj.weaver.loadtime.Aj  - 16:58:02.674 main - org.aspectj.weaver.loadtime.Aj.preProcess org.aspectj.weaver.loadtime.Aj@58027738 sun.misc.Launcher$AppClassLoader@302b2c81, org.springframework.test.jpa.OrmXmlOverridingShadowingClassLoader@2bbf1be2
3155 [main] DEBUG org.aspectj.weaver.tools.WeavingAdaptor  - 16:58:02.675 main &gt; org.aspectj.weaver.tools.WeavingAdaptor.weaveClass org.aspectj.weaver.loadtime.ClassLoaderWeavingAdaptor@10b090ac org/hibernate/annotations/IndexColumn, byte[585]
3155 [main] DEBUG org.aspectj.weaver.tools.WeavingAdaptor  - 16:58:02.675 main &lt; org.aspectj.weaver.tools.WeavingAdaptor.weaveClass false
3155 [main] DEBUG org.aspectj.weaver.loadtime.Aj  - 16:58:02.675 main &lt; org.aspectj.weaver.loadtime.Aj.preProcess byte[585]
3155 [main] DEBUG org.aspectj.weaver.loadtime.Aj  - 16:58:02.675 main &gt; org.aspectj.weaver.loadtime.Aj.preProcess org.aspectj.weaver.loadtime.Aj@58027738 org/hibernate/cfg/IndexColumn, byte[2952], org.springframework.test.jpa.OrmXmlOverridingShadowingClassLoader@2bbf1be2
3155 [main] DEBUG org.aspectj.weaver.loadtime.Aj  - 16:58:02.675 main - org.aspectj.weaver.loadtime.Aj.preProcess org.aspectj.weaver.loadtime.Aj@58027738 sun.misc.Launcher$AppClassLoader@302b2c81, org.springframework.test.jpa.OrmXmlOverridingShadowingClassLoader@2bbf1be2
3155 [main] DEBUG org.aspectj.weaver.tools.WeavingAdaptor  - 16:58:02.675 main &gt; org.aspectj.weaver.tools.WeavingAdaptor.weaveClass org.aspectj.weaver.loadtime.ClassLoaderWeavingAdaptor@10b090ac org/hibernate/cfg/IndexColumn, byte[2952]
3155 [main] DEBUG org.aspectj.weaver.tools.WeavingAdaptor  - 16:58:02.675 main &lt; org.aspectj.weaver.tools.WeavingAdaptor.weaveClass false
3155 [main] DEBUG org.aspectj.weaver.loadtime.Aj  - 16:58:02.675 main &lt; org.aspectj.weaver.loadtime.Aj.preProcess byte[2952]
3156 [main] DEBUG org.aspectj.weaver.loadtime.Aj  - 16:58:02.676 main &gt; org.aspectj.weaver.loadtime.Aj.preProcess org.aspectj.weaver.loadtime.Aj@58027738 org/hibernate/cfg/annotations/CollectionBinder, byte[42982], org.springframework.test.jpa.OrmXmlOverridingShadowingClassLoader@2bbf1be2
3156 [main] DEBUG org.aspectj.weaver.loadtime.Aj  - 16:58:02.676 main - org.aspectj.weaver.loadtime.Aj.preProcess org.aspectj.weaver.loadtime.Aj@58027738 sun.misc.Launcher$AppClassLoader@302b2c81, org.springframework.test.jpa.OrmXmlOverridingShadowingClassLoader@2bbf1be2
3156 [main] DEBUG org.aspectj.weaver.tools.WeavingAdaptor  - 16:58:02.676 main &gt; org.aspectj.weaver.tools.WeavingAdaptor.weaveClass org.aspectj.weaver.loadtime.ClassLoaderWeavingAdaptor@10b090ac org/hibernate/cfg/annotations/CollectionBinder, byte[42982]
3157 [main] DEBUG org.aspectj.weaver.tools.WeavingAdaptor  - 16:58:02.677 main &lt; org.aspectj.weaver.tools.WeavingAdaptor.weaveClass false
3157 [main] DEBUG org.aspectj.weaver.loadtime.Aj  - 16:58:02.677 main &lt; org.aspectj.weaver.loadtime.Aj.preProcess byte[42982]
3159 [main] DEBUG org.aspectj.weaver.loadtime.Aj  - 16:58:02.679 main &gt; org.aspectj.weaver.loadtime.Aj.preProcess org.aspectj.weaver.loadtime.Aj@58027738 org/hibernate/mapping/Backref, byte[1243], org.springframework.test.jpa.OrmXmlOverridingShadowingClassLoader@2bbf1be2
3159 [main] DEBUG org.aspectj.weaver.loadtime.Aj  - 16:58:02.679 main - org.aspectj.weaver.loadtime.Aj.preProcess org.aspectj.weaver.loadtime.Aj@58027738 sun.misc.Launcher$AppClassLoader@302b2c81, org.springframework.test.jpa.OrmXmlOverridingShadowingClassLoader@2bbf1be2
3159 [main] DEBUG org.aspectj.weaver.tools.WeavingAdaptor  - 16:58:02.679 main &gt; org.aspectj.weaver.tools.WeavingAdaptor.weaveClass org.aspectj.weaver.loadtime.ClassLoaderWeavingAdaptor@10b090ac org/hibernate/mapping/Backref, byte[1243]
3159 [main] DEBUG org.aspectj.weaver.tools.WeavingAdaptor  - 16:58:02.679 main &lt; org.aspectj.weaver.tools.WeavingAdaptor.weaveClass false
3159 [main] DEBUG org.aspectj.weaver.loadtime.Aj  - 16:58:02.679 main &lt; org.aspectj.weaver.loadtime.Aj.preProcess byte[1243]
3160 [main] DEBUG org.aspectj.weaver.loadtime.Aj  - 16:58:02.680 main &gt; org.aspectj.weaver.loadtime.Aj.preProcess org.aspectj.weaver.loadtime.Aj@58027738 org/hibernate/cfg/annotations/PrimitiveArrayBinder, byte[699], org.springframework.test.jpa.OrmXmlOverridingShadowingClassLoader@2bbf1be2
3160 [main] DEBUG org.aspectj.weaver.loadtime.Aj  - 16:58:02.680 main - org.aspectj.weaver.loadtime.Aj.preProcess org.aspectj.weaver.loadtime.Aj@58027738 sun.misc.Launcher$AppClassLoader@302b2c81, org.springframework.test.jpa.OrmXmlOverridingShadowingClassLoader@2bbf1be2
3160 [main] DEBUG org.aspectj.weaver.tools.WeavingAdaptor  - 16:58:02.680 main &gt; org.aspectj.weaver.tools.WeavingAdaptor.weaveClass org.aspectj.weaver.loadtime.ClassLoaderWeavingAdaptor@10b090ac org/hibernate/cfg/annotations/PrimitiveArrayBinder, byte[699]
3160 [main] DEBUG org.aspectj.weaver.tools.WeavingAdaptor  - 16:58:02.680 main &lt; org.aspectj.weaver.tools.WeavingAdaptor.weaveClass false
3160 [main] DEBUG org.aspectj.weaver.loadtime.Aj  - 16:58:02.680 main &lt; org.aspectj.weaver.loadtime.Aj.preProcess byte[699]
3160 [main] DEBUG org.aspectj.weaver.loadtime.Aj  - 16:58:02.680 main &gt; org.aspectj.weaver.loadtime.Aj.preProcess org.aspectj.weaver.loadtime.Aj@58027738 org/hibernate/cfg/annotations/ArrayBinder, byte[666], org.springframework.test.jpa.OrmXmlOverridingShadowingClassLoader@2bbf1be2
3160 [main] DEBUG org.aspectj.weaver.loadtime.Aj  - 16:58:02.680 main - org.aspectj.weaver.loadtime.Aj.preProcess org.aspectj.weaver.loadtime.Aj@58027738 sun.misc.Launcher$AppClassLoader@302b2c81, org.springframework.test.jpa.OrmXmlOverridingShadowingClassLoader@2bbf1be2
3160 [main] DEBUG org.aspectj.weaver.tools.WeavingAdaptor  - 16:58:02.680 main &gt; org.aspectj.weaver.tools.WeavingAdaptor.weaveClass org.aspectj.weaver.loadtime.ClassLoaderWeavingAdaptor@10b090ac org/hibernate/cfg/annotations/ArrayBinder, byte[666]
3160 [main] DEBUG org.aspectj.weaver.tools.WeavingAdaptor  - 16:58:02.680 main &lt; org.aspectj.weaver.tools.WeavingAdaptor.weaveClass false
3160 [main] DEBUG org.aspectj.weaver.loadtime.Aj  - 16:58:02.680 main &lt; org.aspectj.weaver.loadtime.Aj.preProcess byte[666]
3161 [main] DEBUG org.aspectj.weaver.loadtime.Aj  - 16:58:02.681 main &gt; org.aspectj.weaver.loadtime.Aj.preProcess org.aspectj.weaver.loadtime.Aj@58027738 org/hibernate/cfg/annotations/ListBinder, byte[6864], org.springframework.test.jpa.OrmXmlOverridingShadowingClassLoader@2bbf1be2
3161 [main] DEBUG org.aspectj.weaver.loadtime.Aj  - 16:58:02.681 main - org.aspectj.weaver.loadtime.Aj.preProcess org.aspectj.weaver.loadtime.Aj@58027738 sun.misc.Launcher$AppClassLoader@302b2c81, org.springframework.test.jpa.OrmXmlOverridingShadowingClassLoader@2bbf1be2
3161 [main] DEBUG org.aspectj.weaver.tools.WeavingAdaptor  - 16:58:02.681 main &gt; org.aspectj.weaver.tools.WeavingAdaptor.weaveClass org.aspectj.weaver.loadtime.ClassLoaderWeavingAdaptor@10b090ac org/hibernate/cfg/annotations/ListBinder, byte[6864]
3161 [main] DEBUG org.aspectj.weaver.tools.WeavingAdaptor  - 16:58:02.681 main &lt; org.aspectj.weaver.tools.WeavingAdaptor.weaveClass false
3161 [main] DEBUG org.aspectj.weaver.loadtime.Aj  - 16:58:02.681 main &lt; org.aspectj.weaver.loadtime.Aj.preProcess byte[6864]
3162 [main] DEBUG org.aspectj.weaver.loadtime.Aj  - 16:58:02.682 main &gt; org.aspectj.weaver.loadtime.Aj.preProcess org.aspectj.weaver.loadtime.Aj@58027738 org/hibernate/cfg/annotations/SetBinder, byte[1448], org.springframework.test.jpa.OrmXmlOverridingShadowingClassLoader@2bbf1be2
3162 [main] DEBUG org.aspectj.weaver.loadtime.Aj  - 16:58:02.682 main - org.aspectj.weaver.loadtime.Aj.preProcess org.aspectj.weaver.loadtime.Aj@58027738 sun.misc.Launcher$AppClassLoader@302b2c81, org.springframework.test.jpa.OrmXmlOverridingShadowingClassLoader@2bbf1be2
3162 [main] DEBUG org.aspectj.weaver.tools.WeavingAdaptor  - 16:58:02.682 main &gt; org.aspectj.weaver.tools.WeavingAdaptor.weaveClass org.aspectj.weaver.loadtime.ClassLoaderWeavingAdaptor@10b090ac org/hibernate/cfg/annotations/SetBinder, byte[1448]
3162 [main] DEBUG org.aspectj.weaver.tools.WeavingAdaptor  - 16:58:02.682 main &lt; org.aspectj.weaver.tools.WeavingAdaptor.weaveClass false
3162 [main] DEBUG org.aspectj.weaver.loadtime.Aj  - 16:58:02.682 main &lt; org.aspectj.weaver.loadtime.Aj.preProcess byte[1448]
3162 [main] DEBUG org.aspectj.weaver.loadtime.Aj  - 16:58:02.682 main &gt; org.aspectj.weaver.loadtime.Aj.preProcess org.aspectj.weaver.loadtime.Aj@58027738 org/hibernate/cfg/annotations/MapBinder, byte[16258], org.springframework.test.jpa.OrmXmlOverridingShadowingClassLoader@2bbf1be2
3162 [main] DEBUG org.aspectj.weaver.loadtime.Aj  - 16:58:02.682 main - org.aspectj.weaver.loadtime.Aj.preProcess org.aspectj.weaver.loadtime.Aj@58027738 sun.misc.Launcher$AppClassLoader@302b2c81, org.springframework.test.jpa.OrmXmlOverridingShadowingClassLoader@2bbf1be2
3162 [main] DEBUG org.aspectj.weaver.tools.WeavingAdaptor  - 16:58:02.682 main &gt; org.aspectj.weaver.tools.WeavingAdaptor.weaveClass org.aspectj.weaver.loadtime.ClassLoaderWeavingAdaptor@10b090ac org/hibernate/cfg/annotations/MapBinder, byte[16258]
3162 [main] DEBUG org.aspectj.weaver.tools.WeavingAdaptor  - 16:58:02.682 main &lt; org.aspectj.weaver.tools.WeavingAdaptor.weaveClass false
3163 [main] DEBUG org.aspectj.weaver.loadtime.Aj  - 16:58:02.682 main &lt; org.aspectj.weaver.loadtime.Aj.preProcess byte[16258]
3163 [main] DEBUG org.aspectj.weaver.loadtime.Aj  - 16:58:02.683 main &gt; org.aspectj.weaver.loadtime.Aj.preProcess org.aspectj.weaver.loadtime.Aj@58027738 org/hibernate/cfg/annotations/IdBagBinder, byte[5455], org.springframework.test.jpa.OrmXmlOverridingShadowingClassLoader@2bbf1be2
3163 [main] DEBUG org.aspectj.weaver.loadtime.Aj  - 16:58:02.683 main - org.aspectj.weaver.loadtime.Aj.preProcess org.aspectj.weaver.loadtime.Aj@58027738 sun.misc.Launcher$AppClassLoader@302b2c81, org.springframework.test.jpa.OrmXmlOverridingShadowingClassLoader@2bbf1be2
3163 [main] DEBUG org.aspectj.weaver.tools.WeavingAdaptor  - 16:58:02.683 main &gt; org.aspectj.weaver.tools.WeavingAdaptor.weaveClass org.aspectj.weaver.loadtime.ClassLoaderWeavingAdaptor@10b090ac org/hibernate/cfg/annotations/IdBagBinder, byte[5455]
3163 [main] DEBUG org.aspectj.weaver.tools.WeavingAdaptor  - 16:58:02.683 main &lt; org.aspectj.weaver.tools.WeavingAdaptor.weaveClass false
3163 [main] DEBUG org.aspectj.weaver.loadtime.Aj  - 16:58:02.683 main &lt; org.aspectj.weaver.loadtime.Aj.preProcess byte[5455]
3164 [main] DEBUG org.aspectj.weaver.loadtime.Aj  - 16:58:02.684 main &gt; org.aspectj.weaver.loadtime.Aj.preProcess org.aspectj.weaver.loadtime.Aj@58027738 org/hibernate/cfg/annotations/BagBinder, byte[664], org.springframework.test.jpa.OrmXmlOverridingShadowingClassLoader@2bbf1be2
3164 [main] DEBUG org.aspectj.weaver.loadtime.Aj  - 16:58:02.684 main - org.aspectj.weaver.loadtime.Aj.preProcess org.aspectj.weaver.loadtime.Aj@58027738 sun.misc.Launcher$AppClassLoader@302b2c81, org.springframework.test.jpa.OrmXmlOverridingShadowingClassLoader@2bbf1be2
3164 [main] DEBUG org.aspectj.weaver.tools.WeavingAdaptor  - 16:58:02.684 main &gt; org.aspectj.weaver.tools.WeavingAdaptor.weaveClass org.aspectj.weaver.loadtime.ClassLoaderWeavingAdaptor@10b090ac org/hibernate/cfg/annotations/BagBinder, byte[664]
3164 [main] DEBUG org.aspectj.weaver.tools.WeavingAdaptor  - 16:58:02.684 main &lt; org.aspectj.weaver.tools.WeavingAdaptor.weaveClass false
3164 [main] DEBUG org.aspectj.weaver.loadtime.Aj  - 16:58:02.684 main &lt; org.aspectj.weaver.loadtime.Aj.preProcess byte[664]
3165 [main] DEBUG org.aspectj.weaver.loadtime.Aj  - 16:58:02.685 main &gt; org.aspectj.weaver.loadtime.Aj.preProcess org.aspectj.weaver.loadtime.Aj@58027738 org/hibernate/annotations/CollectionId, byte[561], org.springframework.test.jpa.OrmXmlOverridingShadowingClassLoader@2bbf1be2
3165 [main] DEBUG org.aspectj.weaver.loadtime.Aj  - 16:58:02.685 main - org.aspectj.weaver.loadtime.Aj.preProcess org.aspectj.weaver.loadtime.Aj@58027738 sun.misc.Launcher$AppClassLoader@302b2c81, org.springframework.test.jpa.OrmXmlOverridingShadowingClassLoader@2bbf1be2
3165 [main] DEBUG org.aspectj.weaver.tools.WeavingAdaptor  - 16:58:02.685 main &gt; org.aspectj.weaver.tools.WeavingAdaptor.weaveClass org.aspectj.weaver.loadtime.ClassLoaderWeavingAdaptor@10b090ac org/hibernate/annotations/CollectionId, byte[561]
3165 [main] DEBUG org.aspectj.weaver.tools.WeavingAdaptor  - 16:58:02.685 main &lt; org.aspectj.weaver.tools.WeavingAdaptor.weaveClass false
3165 [main] DEBUG org.aspectj.weaver.loadtime.Aj  - 16:58:02.685 main &lt; org.aspectj.weaver.loadtime.Aj.preProcess byte[561]
3166 [main] DEBUG org.aspectj.weaver.loadtime.Aj  - 16:58:02.686 main &gt; org.aspectj.weaver.loadtime.Aj.preProcess org.aspectj.weaver.loadtime.Aj@58027738 org/hibernate/mapping/Collection, byte[17093], org.springframework.test.jpa.OrmXmlOverridingShadowingClassLoader@2bbf1be2
3166 [main] DEBUG org.aspectj.weaver.loadtime.Aj  - 16:58:02.686 main - org.aspectj.weaver.loadtime.Aj.preProcess org.aspectj.weaver.loadtime.Aj@58027738 sun.misc.Launcher$AppClassLoader@302b2c81, org.springframework.test.jpa.OrmXmlOverridingShadowingClassLoader@2bbf1be2
3166 [main] DEBUG org.aspectj.weaver.tools.WeavingAdaptor  - 16:58:02.686 main &gt; org.aspectj.weaver.tools.WeavingAdaptor.weaveClass org.aspectj.weaver.loadtime.ClassLoaderWeavingAdaptor@10b090ac org/hibernate/mapping/Collection, byte[17093]
3166 [main] DEBUG org.aspectj.weaver.tools.WeavingAdaptor  - 16:58:02.686 main &lt; org.aspectj.weaver.tools.WeavingAdaptor.weaveClass false
3166 [main] DEBUG org.aspectj.weaver.loadtime.Aj  - 16:58:02.686 main &lt; org.aspectj.weaver.loadtime.Aj.preProcess byte[17093]
3167 [main] DEBUG org.aspectj.weaver.loadtime.Aj  - 16:58:02.687 main &gt; org.aspectj.weaver.loadtime.Aj.preProcess org.aspectj.weaver.loadtime.Aj@58027738 org/hibernate/mapping/Set, byte[2866], org.springframework.test.jpa.OrmXmlOverridingShadowingClassLoader@2bbf1be2
3167 [main] DEBUG org.aspectj.weaver.loadtime.Aj  - 16:58:02.687 main - org.aspectj.weaver.loadtime.Aj.preProcess org.aspectj.weaver.loadtime.Aj@58027738 sun.misc.Launcher$AppClassLoader@302b2c81, org.springframework.test.jpa.OrmXmlOverridingShadowingClassLoader@2bbf1be2
3167 [main] DEBUG org.aspectj.weaver.tools.WeavingAdaptor  - 16:58:02.687 main &gt; org.aspectj.weaver.tools.WeavingAdaptor.weaveClass org.aspectj.weaver.loadtime.ClassLoaderWeavingAdaptor@10b090ac org/hibernate/mapping/Set, byte[2866]
3167 [main] DEBUG org.aspectj.weaver.tools.WeavingAdaptor  - 16:58:02.687 main &lt; org.aspectj.weaver.tools.WeavingAdaptor.weaveClass false
3167 [main] DEBUG org.aspectj.weaver.loadtime.Aj  - 16:58:02.687 main &lt; org.aspectj.weaver.loadtime.Aj.preProcess byte[2866]
3168 [main] DEBUG org.aspectj.weaver.loadtime.Aj  - 16:58:02.688 main &gt; org.aspectj.weaver.loadtime.Aj.preProcess org.aspectj.weaver.loadtime.Aj@58027738 org/hibernate/annotations/OrderBy, byte[446], org.springframework.test.jpa.OrmXmlOverridingShadowingClassLoader@2bbf1be2
3168 [main] DEBUG org.aspectj.weaver.loadtime.Aj  - 16:58:02.688 main - org.aspectj.weaver.loadtime.Aj.preProcess org.aspectj.weaver.loadtime.Aj@58027738 sun.misc.Launcher$AppClassLoader@302b2c81, org.springframework.test.jpa.OrmXmlOverridingShadowingClassLoader@2bbf1be2
3168 [main] DEBUG org.aspectj.weaver.tools.WeavingAdaptor  - 16:58:02.688 main &gt; org.aspectj.weaver.tools.WeavingAdaptor.weaveClass org.aspectj.weaver.loadtime.ClassLoaderWeavingAdaptor@10b090ac org/hibernate/annotations/OrderBy, byte[446]
3168 [main] DEBUG org.aspectj.weaver.tools.WeavingAdaptor  - 16:58:02.688 main &lt; org.aspectj.weaver.tools.WeavingAdaptor.weaveClass false
3168 [main] DEBUG org.aspectj.weaver.loadtime.Aj  - 16:58:02.688 main &lt; org.aspectj.weaver.loadtime.Aj.preProcess byte[446]
3168 [main] DEBUG org.aspectj.weaver.loadtime.Aj  - 16:58:02.688 main &gt; org.aspectj.weaver.loadtime.Aj.preProcess org.aspectj.weaver.loadtime.Aj@58027738 org/hibernate/annotations/Sort, byte[593], org.springframework.test.jpa.OrmXmlOverridingShadowingClassLoader@2bbf1be2
3168 [main] DEBUG org.aspectj.weaver.loadtime.Aj  - 16:58:02.688 main - org.aspectj.weaver.loadtime.Aj.preProcess org.aspectj.weaver.loadtime.Aj@58027738 sun.misc.Launcher$AppClassLoader@302b2c81, org.springframework.test.jpa.OrmXmlOverridingShadowingClassLoader@2bbf1be2
3168 [main] DEBUG org.aspectj.weaver.tools.WeavingAdaptor  - 16:58:02.688 main &gt; org.aspectj.weaver.tools.WeavingAdaptor.weaveClass org.aspectj.weaver.loadtime.ClassLoaderWeavingAdaptor@10b090ac org/hibernate/annotations/Sort, byte[593]
3168 [main] DEBUG org.aspectj.weaver.tools.WeavingAdaptor  - 16:58:02.688 main &lt; org.aspectj.weaver.tools.WeavingAdaptor.weaveClass false
3168 [main] DEBUG org.aspectj.weaver.loadtime.Aj  - 16:58:02.688 main &lt; org.aspectj.weaver.loadtime.Aj.preProcess byte[593]
3169 [main] DEBUG org.aspectj.weaver.loadtime.Aj  - 16:58:02.689 main &gt; org.aspectj.weaver.loadtime.Aj.preProcess org.aspectj.weaver.loadtime.Aj@58027738 org/hibernate/annotations/common/reflection/java/JavaXCollectionType$1, byte[2075], org.springframework.test.jpa.OrmXmlOverridingShadowingClassLoader@2bbf1be2
3169 [main] DEBUG org.aspectj.weaver.loadtime.Aj  - 16:58:02.689 main - org.aspectj.weaver.loadtime.Aj.preProcess org.aspectj.weaver.loadtime.Aj@58027738 sun.misc.Launcher$AppClassLoader@302b2c81, org.springframework.test.jpa.OrmXmlOverridingShadowingClassLoader@2bbf1be2
3169 [main] DEBUG org.aspectj.weaver.tools.WeavingAdaptor  - 16:58:02.689 main &gt; org.aspectj.weaver.tools.WeavingAdaptor.weaveClass org.aspectj.weaver.loadtime.ClassLoaderWeavingAdaptor@10b090ac org/hibernate/annotations/common/reflection/java/JavaXCollectionType$1, byte[2075]
3169 [main] DEBUG org.aspectj.weaver.tools.WeavingAdaptor  - 16:58:02.689 main &lt; org.aspectj.weaver.tools.WeavingAdaptor.weaveClass false
3169 [main] DEBUG org.aspectj.weaver.loadtime.Aj  - 16:58:02.689 main &lt; org.aspectj.weaver.loadtime.Aj.preProcess byte[2075]
3169 [main] DEBUG org.aspectj.weaver.loadtime.Aj  - 16:58:02.689 main &gt; org.aspectj.weaver.loadtime.Aj.preProcess org.aspectj.weaver.loadtime.Aj@58027738 org/hibernate/cfg/WrappedInferredData, byte[1626], org.springframework.test.jpa.OrmXmlOverridingShadowingClassLoader@2bbf1be2
3170 [main] DEBUG org.aspectj.weaver.loadtime.Aj  - 16:58:02.689 main - org.aspectj.weaver.loadtime.Aj.preProcess org.aspectj.weaver.loadtime.Aj@58027738 sun.misc.Launcher$AppClassLoader@302b2c81, org.springframework.test.jpa.OrmXmlOverridingShadowingClassLoader@2bbf1be2
3170 [main] DEBUG org.aspectj.weaver.tools.WeavingAdaptor  - 16:58:02.690 main &gt; org.aspectj.weaver.tools.WeavingAdaptor.weaveClass org.aspectj.weaver.loadtime.ClassLoaderWeavingAdaptor@10b090ac org/hibernate/cfg/WrappedInferredData, byte[1626]
3170 [main] DEBUG org.aspectj.weaver.tools.WeavingAdaptor  - 16:58:02.690 main &lt; org.aspectj.weaver.tools.WeavingAdaptor.weaveClass false
3170 [main] DEBUG org.aspectj.weaver.loadtime.Aj  - 16:58:02.690 main &lt; org.aspectj.weaver.loadtime.Aj.preProcess byte[1626]
3170 [main] DEBUG org.aspectj.weaver.loadtime.Aj  - 16:58:02.690 main &gt; org.aspectj.weaver.loadtime.Aj.preProcess org.aspectj.weaver.loadtime.Aj@58027738 org/hibernate/annotations/MapKey, byte[648], org.springframework.test.jpa.OrmXmlOverridingShadowingClassLoader@2bbf1be2
3170 [main] DEBUG org.aspectj.weaver.loadtime.Aj  - 16:58:02.690 main - org.aspectj.weaver.loadtime.Aj.preProcess org.aspectj.weaver.loadtime.Aj@58027738 sun.misc.Launcher$AppClassLoader@302b2c81, org.springframework.test.jpa.OrmXmlOverridingShadowingClassLoader@2bbf1be2
3170 [main] DEBUG org.aspectj.weaver.tools.WeavingAdaptor  - 16:58:02.690 main &gt; org.aspectj.weaver.tools.WeavingAdaptor.weaveClass org.aspectj.weaver.loadtime.ClassLoaderWeavingAdaptor@10b090ac org/hibernate/annotations/MapKey, byte[648]
3170 [main] DEBUG org.aspectj.weaver.tools.WeavingAdaptor  - 16:58:02.690 main &lt; org.aspectj.weaver.tools.WeavingAdaptor.weaveClass false
3170 [main] DEBUG org.aspectj.weaver.loadtime.Aj  - 16:58:02.690 main &lt; org.aspectj.weaver.loadtime.Aj.preProcess byte[648]
3171 [main] DEBUG org.aspectj.weaver.loadtime.Aj  - 16:58:02.691 main &gt; org.aspectj.weaver.loadtime.Aj.preProcess org.aspectj.weaver.loadtime.Aj@58027738 org/hibernate/annotations/MapKeyManyToMany, byte[569], org.springframework.test.jpa.OrmXmlOverridingShadowingClassLoader@2bbf1be2
3171 [main] DEBUG org.aspectj.weaver.loadtime.Aj  - 16:58:02.691 main - org.aspectj.weaver.loadtime.Aj.preProcess org.aspectj.weaver.loadtime.Aj@58027738 sun.misc.Launcher$AppClassLoader@302b2c81, org.springframework.test.jpa.OrmXmlOverridingShadowingClassLoader@2bbf1be2
3171 [main] DEBUG org.aspectj.weaver.tools.WeavingAdaptor  - 16:58:02.691 main &gt; org.aspectj.weaver.tools.WeavingAdaptor.weaveClass org.aspectj.weaver.loadtime.ClassLoaderWeavingAdaptor@10b090ac org/hibernate/annotations/MapKeyManyToMany, byte[569]
3171 [main] DEBUG org.aspectj.weaver.tools.WeavingAdaptor  - 16:58:02.691 main &lt; org.aspectj.weaver.tools.WeavingAdaptor.weaveClass false
3171 [main] DEBUG org.aspectj.weaver.loadtime.Aj  - 16:58:02.691 main &lt; org.aspectj.weaver.loadtime.Aj.preProcess byte[569]
3172 [main] DEBUG org.aspectj.weaver.loadtime.Aj  - 16:58:02.692 main &gt; org.aspectj.weaver.loadtime.Aj.preProcess org.aspectj.weaver.loadtime.Aj@58027738 org/hibernate/annotations/LazyCollection, byte[481], org.springframework.test.jpa.OrmXmlOverridingShadowingClassLoader@2bbf1be2
3172 [main] DEBUG org.aspectj.weaver.loadtime.Aj  - 16:58:02.692 main - org.aspectj.weaver.loadtime.Aj.preProcess org.aspectj.weaver.loadtime.Aj@58027738 sun.misc.Launcher$AppClassLoader@302b2c81, org.springframework.test.jpa.OrmXmlOverridingShadowingClassLoader@2bbf1be2
3172 [main] DEBUG org.aspectj.weaver.tools.WeavingAdaptor  - 16:58:02.692 main &gt; org.aspectj.weaver.tools.WeavingAdaptor.weaveClass org.aspectj.weaver.loadtime.ClassLoaderWeavingAdaptor@10b090ac org/hibernate/annotations/LazyCollection, byte[481]
3172 [main] DEBUG org.aspectj.weaver.tools.WeavingAdaptor  - 16:58:02.692 main &lt; org.aspectj.weaver.tools.WeavingAdaptor.weaveClass false
3172 [main] DEBUG org.aspectj.weaver.loadtime.Aj  - 16:58:02.692 main &lt; org.aspectj.weaver.loadtime.Aj.preProcess byte[481]
3172 [main] DEBUG org.aspectj.weaver.loadtime.Aj  - 16:58:02.692 main &gt; org.aspectj.weaver.loadtime.Aj.preProcess org.aspectj.weaver.loadtime.Aj@58027738 org/hibernate/cfg/annotations/CollectionBinder$1, byte[3022], org.springframework.test.jpa.OrmXmlOverridingShadowingClassLoader@2bbf1be2
3172 [main] DEBUG org.aspectj.weaver.loadtime.Aj  - 16:58:02.692 main - org.aspectj.weaver.loadtime.Aj.preProcess org.aspectj.weaver.loadtime.Aj@58027738 sun.misc.Launcher$AppClassLoader@302b2c81, org.springframework.test.jpa.OrmXmlOverridingShadowingClassLoader@2bbf1be2
3172 [main] DEBUG org.aspectj.weaver.tools.WeavingAdaptor  - 16:58:02.692 main &gt; org.aspectj.weaver.tools.WeavingAdaptor.weaveClass org.aspectj.weaver.loadtime.ClassLoaderWeavingAdaptor@10b090ac org/hibernate/cfg/annotations/CollectionBinder$1, byte[3022]
3172 [main] DEBUG org.aspectj.weaver.tools.WeavingAdaptor  - 16:58:02.692 main &lt; org.aspectj.weaver.tools.WeavingAdaptor.weaveClass false
3172 [main] DEBUG org.aspectj.weaver.loadtime.Aj  - 16:58:02.692 main &lt; org.aspectj.weaver.loadtime.Aj.preProcess byte[3022]
3173 [main] DEBUG org.aspectj.weaver.loadtime.Aj  - 16:58:02.693 main &gt; org.aspectj.weaver.loadtime.Aj.preProcess org.aspectj.weaver.loadtime.Aj@58027738 org/hibernate/cfg/CollectionSecondPass, byte[3614], org.springframework.test.jpa.OrmXmlOverridingShadowingClassLoader@2bbf1be2
3173 [main] DEBUG org.aspectj.weaver.loadtime.Aj  - 16:58:02.693 main - org.aspectj.weaver.loadtime.Aj.preProcess org.aspectj.weaver.loadtime.Aj@58027738 sun.misc.Launcher$AppClassLoader@302b2c81, org.springframework.test.jpa.OrmXmlOverridingShadowingClassLoader@2bbf1be2
3173 [main] DEBUG org.aspectj.weaver.tools.WeavingAdaptor  - 16:58:02.693 main &gt; org.aspectj.weaver.tools.WeavingAdaptor.weaveClass org.aspectj.weaver.loadtime.ClassLoaderWeavingAdaptor@10b090ac org/hibernate/cfg/CollectionSecondPass, byte[3614]
3173 [main] DEBUG org.aspectj.weaver.tools.WeavingAdaptor  - 16:58:02.693 main &lt; org.aspectj.weaver.tools.WeavingAdaptor.weaveClass false
3173 [main] DEBUG org.aspectj.weaver.loadtime.Aj  - 16:58:02.693 main &lt; org.aspectj.weaver.loadtime.Aj.preProcess byte[3614]
3174 [main] DEBUG org.aspectj.weaver.loadtime.Aj  - 16:58:02.694 main &gt; org.aspectj.weaver.loadtime.Aj.preProcess org.aspectj.weaver.loadtime.Aj@58027738 org/hibernate/engine/NamedQueryDefinition, byte[2725], org.springframework.test.jpa.OrmXmlOverridingShadowingClassLoader@2bbf1be2
3174 [main] DEBUG org.aspectj.weaver.loadtime.Aj  - 16:58:02.694 main - org.aspectj.weaver.loadtime.Aj.preProcess org.aspectj.weaver.loadtime.Aj@58027738 sun.misc.Launcher$AppClassLoader@302b2c81, org.springframework.test.jpa.OrmXmlOverridingShadowingClassLoader@2bbf1be2
3174 [main] DEBUG org.aspectj.weaver.tools.WeavingAdaptor  - 16:58:02.694 main &gt; org.aspectj.weaver.tools.WeavingAdaptor.weaveClass org.aspectj.weaver.loadtime.ClassLoaderWeavingAdaptor@10b090ac org/hibernate/engine/NamedQueryDefinition, byte[2725]
3174 [main] DEBUG org.aspectj.weaver.tools.WeavingAdaptor  - 16:58:02.694 main &lt; org.aspectj.weaver.tools.WeavingAdaptor.weaveClass false
3174 [main] DEBUG org.aspectj.weaver.loadtime.Aj  - 16:58:02.694 main &lt; org.aspectj.weaver.loadtime.Aj.preProcess byte[2725]
3176 [main] DEBUG org.aspectj.weaver.loadtime.Aj  - 16:58:02.696 main &gt; org.aspectj.weaver.loadtime.Aj.preProcess org.aspectj.weaver.loadtime.Aj@58027738 org/hibernate/cfg/AnnotationConfiguration$1, byte[1568], org.springframework.test.jpa.OrmXmlOverridingShadowingClassLoader@2bbf1be2
3176 [main] DEBUG org.aspectj.weaver.loadtime.Aj  - 16:58:02.696 main - org.aspectj.weaver.loadtime.Aj.preProcess org.aspectj.weaver.loadtime.Aj@58027738 sun.misc.Launcher$AppClassLoader@302b2c81, org.springframework.test.jpa.OrmXmlOverridingShadowingClassLoader@2bbf1be2
3176 [main] DEBUG org.aspectj.weaver.tools.WeavingAdaptor  - 16:58:02.696 main &gt; org.aspectj.weaver.tools.WeavingAdaptor.weaveClass org.aspectj.weaver.loadtime.ClassLoaderWeavingAdaptor@10b090ac org/hibernate/cfg/AnnotationConfiguration$1, byte[1568]
3177 [main] DEBUG org.aspectj.weaver.tools.WeavingAdaptor  - 16:58:02.697 main &lt; org.aspectj.weaver.tools.WeavingAdaptor.weaveClass false
3177 [main] DEBUG org.aspectj.weaver.loadtime.Aj  - 16:58:02.697 main &lt; org.aspectj.weaver.loadtime.Aj.preProcess byte[1568]
3177 [main] DEBUG org.aspectj.weaver.loadtime.Aj  - 16:58:02.697 main &gt; org.aspectj.weaver.loadtime.Aj.preProcess org.aspectj.weaver.loadtime.Aj@58027738 org/hibernate/mapping/Formula, byte[2317], org.springframework.test.jpa.OrmXmlOverridingShadowingClassLoader@2bbf1be2
3177 [main] DEBUG org.aspectj.weaver.loadtime.Aj  - 16:58:02.697 main - org.aspectj.weaver.loadtime.Aj.preProcess org.aspectj.weaver.loadtime.Aj@58027738 sun.misc.Launcher$AppClassLoader@302b2c81, org.springframework.test.jpa.OrmXmlOverridingShadowingClassLoader@2bbf1be2
3177 [main] DEBUG org.aspectj.weaver.tools.WeavingAdaptor  - 16:58:02.697 main &gt; org.aspectj.weaver.tools.WeavingAdaptor.weaveClass org.aspectj.weaver.loadtime.ClassLoaderWeavingAdaptor@10b090ac org/hibernate/mapping/Formula, byte[2317]
3177 [main] DEBUG org.aspectj.weaver.tools.WeavingAdaptor  - 16:58:02.697 main &lt; org.aspectj.weaver.tools.WeavingAdaptor.weaveClass false
3177 [main] DEBUG org.aspectj.weaver.loadtime.Aj  - 16:58:02.697 main &lt; org.aspectj.weaver.loadtime.Aj.preProcess byte[2317]
3178 [main] DEBUG org.aspectj.weaver.loadtime.Aj  - 16:58:02.698 main &gt; org.aspectj.weaver.loadtime.Aj.preProcess org.aspectj.weaver.loadtime.Aj@58027738 org/hibernate/type/TypeFactory, byte[18987], org.springframework.test.jpa.OrmXmlOverridingShadowingClassLoader@2bbf1be2
3178 [main] DEBUG org.aspectj.weaver.loadtime.Aj  - 16:58:02.698 main - org.aspectj.weaver.loadtime.Aj.preProcess org.aspectj.weaver.loadtime.Aj@58027738 sun.misc.Launcher$AppClassLoader@302b2c81, org.springframework.test.jpa.OrmXmlOverridingShadowingClassLoader@2bbf1be2
3178 [main] DEBUG org.aspectj.weaver.tools.WeavingAdaptor  - 16:58:02.698 main &gt; org.aspectj.weaver.tools.WeavingAdaptor.weaveClass org.aspectj.weaver.loadtime.ClassLoaderWeavingAdaptor@10b090ac org/hibernate/type/TypeFactory, byte[18987]
3178 [main] DEBUG org.aspectj.weaver.tools.WeavingAdaptor  - 16:58:02.698 main &lt; org.aspectj.weaver.tools.WeavingAdaptor.weaveClass false
3178 [main] DEBUG org.aspectj.weaver.loadtime.Aj  - 16:58:02.698 main &lt; org.aspectj.weaver.loadtime.Aj.preProcess byte[18987]
3179 [main] DEBUG org.aspectj.weaver.loadtime.Aj  - 16:58:02.699 main &gt; org.aspectj.weaver.loadtime.Aj.preProcess org.aspectj.weaver.loadtime.Aj@58027738 org/hibernate/type/CollectionType, byte[18479], org.springframework.test.jpa.OrmXmlOverridingShadowingClassLoader@2bbf1be2
3179 [main] DEBUG org.aspectj.weaver.loadtime.Aj  - 16:58:02.699 main - org.aspectj.weaver.loadtime.Aj.preProcess org.aspectj.weaver.loadtime.Aj@58027738 sun.misc.Launcher$AppClassLoader@302b2c81, org.springframework.test.jpa.OrmXmlOverridingShadowingClassLoader@2bbf1be2
3179 [main] DEBUG org.aspectj.weaver.tools.WeavingAdaptor  - 16:58:02.699 main &gt; org.aspectj.weaver.tools.WeavingAdaptor.weaveClass org.aspectj.weaver.loadtime.ClassLoaderWeavingAdaptor@10b090ac org/hibernate/type/CollectionType, byte[18479]
3179 [main] DEBUG org.aspectj.weaver.tools.WeavingAdaptor  - 16:58:02.699 main &lt; org.aspectj.weaver.tools.WeavingAdaptor.weaveClass false
3179 [main] DEBUG org.aspectj.weaver.loadtime.Aj  - 16:58:02.699 main &lt; org.aspectj.weaver.loadtime.Aj.preProcess byte[18479]
3179 [main] DEBUG org.aspectj.weaver.loadtime.Aj  - 16:58:02.699 main &gt; org.aspectj.weaver.loadtime.Aj.preProcess org.aspectj.weaver.loadtime.Aj@58027738 org/hibernate/type/AssociationType, byte[858], org.springframework.test.jpa.OrmXmlOverridingShadowingClassLoader@2bbf1be2
3179 [main] DEBUG org.aspectj.weaver.loadtime.Aj  - 16:58:02.699 main - org.aspectj.weaver.loadtime.Aj.preProcess org.aspectj.weaver.loadtime.Aj@58027738 sun.misc.Launcher$AppClassLoader@302b2c81, org.springframework.test.jpa.OrmXmlOverridingShadowingClassLoader@2bbf1be2
3179 [main] DEBUG org.aspectj.weaver.tools.WeavingAdaptor  - 16:58:02.699 main &gt; org.aspectj.weaver.tools.WeavingAdaptor.weaveClass org.aspectj.weaver.loadtime.ClassLoaderWeavingAdaptor@10b090ac org/hibernate/type/AssociationType, byte[858]
3179 [main] DEBUG org.aspectj.weaver.tools.WeavingAdaptor  - 16:58:02.699 main &lt; org.aspectj.weaver.tools.WeavingAdaptor.weaveClass false
3179 [main] DEBUG org.aspectj.weaver.loadtime.Aj  - 16:58:02.699 main &lt; org.aspectj.weaver.loadtime.Aj.preProcess byte[858]
3180 [main] DEBUG org.aspectj.weaver.loadtime.Aj  - 16:58:02.700 main &gt; org.aspectj.weaver.loadtime.Aj.preProcess org.aspectj.weaver.loadtime.Aj@58027738 org/hibernate/type/AbstractType, byte[6102], org.springframework.test.jpa.OrmXmlOverridingShadowingClassLoader@2bbf1be2
3180 [main] DEBUG org.aspectj.weaver.loadtime.Aj  - 16:58:02.700 main - org.aspectj.weaver.loadtime.Aj.preProcess org.aspectj.weaver.loadtime.Aj@58027738 sun.misc.Launcher$AppClassLoader@302b2c81, org.springframework.test.jpa.OrmXmlOverridingShadowingClassLoader@2bbf1be2
3180 [main] DEBUG org.aspectj.weaver.tools.WeavingAdaptor  - 16:58:02.700 main &gt; org.aspectj.weaver.tools.WeavingAdaptor.weaveClass org.aspectj.weaver.loadtime.ClassLoaderWeavingAdaptor@10b090ac org/hibernate/type/AbstractType, byte[6102]
3180 [main] DEBUG org.aspectj.weaver.tools.WeavingAdaptor  - 16:58:02.700 main &lt; org.aspectj.weaver.tools.WeavingAdaptor.weaveClass false
3180 [main] DEBUG org.aspectj.weaver.loadtime.Aj  - 16:58:02.700 main &lt; org.aspectj.weaver.loadtime.Aj.preProcess byte[6102]
3180 [main] DEBUG org.aspectj.weaver.loadtime.Aj  - 16:58:02.700 main &gt; org.aspectj.weaver.loadtime.Aj.preProcess org.aspectj.weaver.loadtime.Aj@58027738 org/hibernate/type/OrderedSetType, byte[688], org.springframework.test.jpa.OrmXmlOverridingShadowingClassLoader@2bbf1be2
3180 [main] DEBUG org.aspectj.weaver.loadtime.Aj  - 16:58:02.700 main - org.aspectj.weaver.loadtime.Aj.preProcess org.aspectj.weaver.loadtime.Aj@58027738 sun.misc.Launcher$AppClassLoader@302b2c81, org.springframework.test.jpa.OrmXmlOverridingShadowingClassLoader@2bbf1be2
3180 [main] DEBUG org.aspectj.weaver.tools.WeavingAdaptor  - 16:58:02.700 main &gt; org.aspectj.weaver.tools.WeavingAdaptor.weaveClass org.aspectj.weaver.loadtime.ClassLoaderWeavingAdaptor@10b090ac org/hibernate/type/OrderedSetType, byte[688]
3180 [main] DEBUG org.aspectj.weaver.tools.WeavingAdaptor  - 16:58:02.700 main &lt; org.aspectj.weaver.tools.WeavingAdaptor.weaveClass false
3180 [main] DEBUG org.aspectj.weaver.loadtime.Aj  - 16:58:02.700 main &lt; org.aspectj.weaver.loadtime.Aj.preProcess byte[688]
3181 [main] DEBUG org.aspectj.weaver.loadtime.Aj  - 16:58:02.701 main &gt; org.aspectj.weaver.loadtime.Aj.preProcess org.aspectj.weaver.loadtime.Aj@58027738 org/hibernate/type/SetType, byte[2654], org.springframework.test.jpa.OrmXmlOverridingShadowingClassLoader@2bbf1be2
3181 [main] DEBUG org.aspectj.weaver.loadtime.Aj  - 16:58:02.701 main - org.aspectj.weaver.loadtime.Aj.preProcess org.aspectj.weaver.loadtime.Aj@58027738 sun.misc.Launcher$AppClassLoader@302b2c81, org.springframework.test.jpa.OrmXmlOverridingShadowingClassLoader@2bbf1be2
3181 [main] DEBUG org.aspectj.weaver.tools.WeavingAdaptor  - 16:58:02.701 main &gt; org.aspectj.weaver.tools.WeavingAdaptor.weaveClass org.aspectj.weaver.loadtime.ClassLoaderWeavingAdaptor@10b090ac org/hibernate/type/SetType, byte[2654]
3181 [main] DEBUG org.aspectj.weaver.tools.WeavingAdaptor  - 16:58:02.701 main &lt; org.aspectj.weaver.tools.WeavingAdaptor.weaveClass false
3181 [main] DEBUG org.aspectj.weaver.loadtime.Aj  - 16:58:02.701 main &lt; org.aspectj.weaver.loadtime.Aj.preProcess byte[2654]
3181 [main] DEBUG org.aspectj.weaver.loadtime.Aj  - 16:58:02.701 main &gt; org.aspectj.weaver.loadtime.Aj.preProcess org.aspectj.weaver.loadtime.Aj@58027738 org/hibernate/type/SortedSetType, byte[2938], org.springframework.test.jpa.OrmXmlOverridingShadowingClassLoader@2bbf1be2
3181 [main] DEBUG org.aspectj.weaver.loadtime.Aj  - 16:58:02.701 main - org.aspectj.weaver.loadtime.Aj.preProcess org.aspectj.weaver.loadtime.Aj@58027738 sun.misc.Launcher$AppClassLoader@302b2c81, org.springframework.test.jpa.OrmXmlOverridingShadowingClassLoader@2bbf1be2
3181 [main] DEBUG org.aspectj.weaver.tools.WeavingAdaptor  - 16:58:02.701 main &gt; org.aspectj.weaver.tools.WeavingAdaptor.weaveClass org.aspectj.weaver.loadtime.ClassLoaderWeavingAdaptor@10b090ac org/hibernate/type/SortedSetType, byte[2938]
3181 [main] DEBUG org.aspectj.weaver.tools.WeavingAdaptor  - 16:58:02.701 main &lt; org.aspectj.weaver.tools.WeavingAdaptor.weaveClass false
3181 [main] DEBUG org.aspectj.weaver.loadtime.Aj  - 16:58:02.701 main &lt; org.aspectj.weaver.loadtime.Aj.preProcess byte[2938]
3182 [main] DEBUG org.aspectj.weaver.loadtime.Aj  - 16:58:02.702 main &gt; org.aspectj.weaver.loadtime.Aj.preProcess org.aspectj.weaver.loadtime.Aj@58027738 org/hibernate/type/IdentifierBagType, byte[2241], org.springframework.test.jpa.OrmXmlOverridingShadowingClassLoader@2bbf1be2
3182 [main] DEBUG org.aspectj.weaver.loadtime.Aj  - 16:58:02.702 main - org.aspectj.weaver.loadtime.Aj.preProcess org.aspectj.weaver.loadtime.Aj@58027738 sun.misc.Launcher$AppClassLoader@302b2c81, org.springframework.test.jpa.OrmXmlOverridingShadowingClassLoader@2bbf1be2
3182 [main] DEBUG org.aspectj.weaver.tools.WeavingAdaptor  - 16:58:02.702 main &gt; org.aspectj.weaver.tools.WeavingAdaptor.weaveClass org.aspectj.weaver.loadtime.ClassLoaderWeavingAdaptor@10b090ac org/hibernate/type/IdentifierBagType, byte[2241]
3182 [main] DEBUG org.aspectj.weaver.tools.WeavingAdaptor  - 16:58:02.702 main &lt; org.aspectj.weaver.tools.WeavingAdaptor.weaveClass false
3182 [main] DEBUG org.aspectj.weaver.loadtime.Aj  - 16:58:02.702 main &lt; org.aspectj.weaver.loadtime.Aj.preProcess byte[2241]
3182 [main] DEBUG org.aspectj.weaver.loadtime.Aj  - 16:58:02.702 main &gt; org.aspectj.weaver.loadtime.Aj.preProcess org.aspectj.weaver.loadtime.Aj@58027738 org/hibernate/type/OrderedMapType, byte[688], org.springframework.test.jpa.OrmXmlOverridingShadowingClassLoader@2bbf1be2
3182 [main] DEBUG org.aspectj.weaver.loadtime.Aj  - 16:58:02.702 main - org.aspectj.weaver.loadtime.Aj.preProcess org.aspectj.weaver.loadtime.Aj@58027738 sun.misc.Launcher$AppClassLoader@302b2c81, org.springframework.test.jpa.OrmXmlOverridingShadowingClassLoader@2bbf1be2
3182 [main] DEBUG org.aspectj.weaver.tools.WeavingAdaptor  - 16:58:02.702 main &gt; org.aspectj.weaver.tools.WeavingAdaptor.weaveClass org.aspectj.weaver.loadtime.ClassLoaderWeavingAdaptor@10b090ac org/hibernate/type/OrderedMapType, byte[688]
3183 [main] DEBUG org.aspectj.weaver.tools.WeavingAdaptor  - 16:58:02.703 main &lt; org.aspectj.weaver.tools.WeavingAdaptor.weaveClass false
3183 [main] DEBUG org.aspectj.weaver.loadtime.Aj  - 16:58:02.703 main &lt; org.aspectj.weaver.loadtime.Aj.preProcess byte[688]
3183 [main] DEBUG org.aspectj.weaver.loadtime.Aj  - 16:58:02.703 main &gt; org.aspectj.weaver.loadtime.Aj.preProcess org.aspectj.weaver.loadtime.Aj@58027738 org/hibernate/type/MapType, byte[4775], org.springframework.test.jpa.OrmXmlOverridingShadowingClassLoader@2bbf1be2
3183 [main] DEBUG org.aspectj.weaver.loadtime.Aj  - 16:58:02.703 main - org.aspectj.weaver.loadtime.Aj.preProcess org.aspectj.weaver.loadtime.Aj@58027738 sun.misc.Launcher$AppClassLoader@302b2c81, org.springframework.test.jpa.OrmXmlOverridingShadowingClassLoader@2bbf1be2
3183 [main] DEBUG org.aspectj.weaver.tools.WeavingAdaptor  - 16:58:02.703 main &gt; org.aspectj.weaver.tools.WeavingAdaptor.weaveClass org.aspectj.weaver.loadtime.ClassLoaderWeavingAdaptor@10b090ac org/hibernate/type/MapType, byte[4775]
3183 [main] DEBUG org.aspectj.weaver.tools.WeavingAdaptor  - 16:58:02.703 main &lt; org.aspectj.weaver.tools.WeavingAdaptor.weaveClass false
3183 [main] DEBUG org.aspectj.weaver.loadtime.Aj  - 16:58:02.703 main &lt; org.aspectj.weaver.loadtime.Aj.preProcess byte[4775]
3183 [main] DEBUG org.aspectj.weaver.loadtime.Aj  - 16:58:02.703 main &gt; org.aspectj.weaver.loadtime.Aj.preProcess org.aspectj.weaver.loadtime.Aj@58027738 org/hibernate/type/SortedMapType, byte[2995], org.springframework.test.jpa.OrmXmlOverridingShadowingClassLoader@2bbf1be2
3184 [main] DEBUG org.aspectj.weaver.loadtime.Aj  - 16:58:02.704 main - org.aspectj.weaver.loadtime.Aj.preProcess org.aspectj.weaver.loadtime.Aj@58027738 sun.misc.Launcher$AppClassLoader@302b2c81, org.springframework.test.jpa.OrmXmlOverridingShadowingClassLoader@2bbf1be2
3184 [main] DEBUG org.aspectj.weaver.tools.WeavingAdaptor  - 16:58:02.704 main &gt; org.aspectj.weaver.tools.WeavingAdaptor.weaveClass org.aspectj.weaver.loadtime.ClassLoaderWeavingAdaptor@10b090ac org/hibernate/type/SortedMapType, byte[2995]
3184 [main] DEBUG org.aspectj.weaver.tools.WeavingAdaptor  - 16:58:02.704 main &lt; org.aspectj.weaver.tools.WeavingAdaptor.weaveClass false
3184 [main] DEBUG org.aspectj.weaver.loadtime.Aj  - 16:58:02.704 main &lt; org.aspectj.weaver.loadtime.Aj.preProcess byte[2995]
3184 [main] DEBUG org.aspectj.weaver.loadtime.Aj  - 16:58:02.704 main &gt; org.aspectj.weaver.loadtime.Aj.preProcess org.aspectj.weaver.loadtime.Aj@58027738 org/hibernate/type/BagType, byte[2732], org.springframework.test.jpa.OrmXmlOverridingShadowingClassLoader@2bbf1be2
3184 [main] DEBUG org.aspectj.weaver.loadtime.Aj  - 16:58:02.704 main - org.aspectj.weaver.loadtime.Aj.preProcess org.aspectj.weaver.loadtime.Aj@58027738 sun.misc.Launcher$AppClassLoader@302b2c81, org.springframework.test.jpa.OrmXmlOverridingShadowingClassLoader@2bbf1be2
3184 [main] DEBUG org.aspectj.weaver.tools.WeavingAdaptor  - 16:58:02.704 main &gt; org.aspectj.weaver.tools.WeavingAdaptor.weaveClass org.aspectj.weaver.loadtime.ClassLoaderWeavingAdaptor@10b090ac org/hibernate/type/BagType, byte[2732]
3184 [main] DEBUG org.aspectj.weaver.tools.WeavingAdaptor  - 16:58:02.704 main &lt; org.aspectj.weaver.tools.WeavingAdaptor.weaveClass false
3184 [main] DEBUG org.aspectj.weaver.loadtime.Aj  - 16:58:02.704 main &lt; org.aspectj.weaver.loadtime.Aj.preProcess byte[2732]
3185 [main] DEBUG org.aspectj.weaver.loadtime.Aj  - 16:58:02.704 main &gt; org.aspectj.weaver.loadtime.Aj.preProcess org.aspectj.weaver.loadtime.Aj@58027738 org/hibernate/type/CustomCollectionType, byte[5461], org.springframework.test.jpa.OrmXmlOverridingShadowingClassLoader@2bbf1be2
3185 [main] DEBUG org.aspectj.weaver.loadtime.Aj  - 16:58:02.705 main - org.aspectj.weaver.loadtime.Aj.preProcess org.aspectj.weaver.loadtime.Aj@58027738 sun.misc.Launcher$AppClassLoader@302b2c81, org.springframework.test.jpa.OrmXmlOverridingShadowingClassLoader@2bbf1be2
3185 [main] DEBUG org.aspectj.weaver.tools.WeavingAdaptor  - 16:58:02.705 main &gt; org.aspectj.weaver.tools.WeavingAdaptor.weaveClass org.aspectj.weaver.loadtime.ClassLoaderWeavingAdaptor@10b090ac org/hibernate/type/CustomCollectionType, byte[5461]
3185 [main] DEBUG org.aspectj.weaver.tools.WeavingAdaptor  - 16:58:02.705 main &lt; org.aspectj.weaver.tools.WeavingAdaptor.weaveClass false
3185 [main] DEBUG org.aspectj.weaver.loadtime.Aj  - 16:58:02.705 main &lt; org.aspectj.weaver.loadtime.Aj.preProcess byte[5461]
3185 [main] DEBUG org.aspectj.weaver.loadtime.Aj  - 16:58:02.705 main &gt; org.aspectj.weaver.loadtime.Aj.preProcess org.aspectj.weaver.loadtime.Aj@58027738 org/hibernate/type/EntityType, byte[13692], org.springframework.test.jpa.OrmXmlOverridingShadowingClassLoader@2bbf1be2
3185 [main] DEBUG org.aspectj.weaver.loadtime.Aj  - 16:58:02.705 main - org.aspectj.weaver.loadtime.Aj.preProcess org.aspectj.weaver.loadtime.Aj@58027738 sun.misc.Launcher$AppClassLoader@302b2c81, org.springframework.test.jpa.OrmXmlOverridingShadowingClassLoader@2bbf1be2
3185 [main] DEBUG org.aspectj.weaver.tools.WeavingAdaptor  - 16:58:02.705 main &gt; org.aspectj.weaver.tools.WeavingAdaptor.weaveClass org.aspectj.weaver.loadtime.ClassLoaderWeavingAdaptor@10b090ac org/hibernate/type/EntityType, byte[13692]
3185 [main] DEBUG org.aspectj.weaver.tools.WeavingAdaptor  - 16:58:02.705 main &lt; org.aspectj.weaver.tools.WeavingAdaptor.weaveClass false
3185 [main] DEBUG org.aspectj.weaver.loadtime.Aj  - 16:58:02.705 main &lt; org.aspectj.weaver.loadtime.Aj.preProcess byte[13692]
3186 [main] DEBUG org.aspectj.weaver.loadtime.Aj  - 16:58:02.706 main &gt; org.aspectj.weaver.loadtime.Aj.preProcess org.aspectj.weaver.loadtime.Aj@58027738 org/hibernate/type/OneToOneType, byte[5291], org.springframework.test.jpa.OrmXmlOverridingShadowingClassLoader@2bbf1be2
3186 [main] DEBUG org.aspectj.weaver.loadtime.Aj  - 16:58:02.706 main - org.aspectj.weaver.loadtime.Aj.preProcess org.aspectj.weaver.loadtime.Aj@58027738 sun.misc.Launcher$AppClassLoader@302b2c81, org.springframework.test.jpa.OrmXmlOverridingShadowingClassLoader@2bbf1be2
3186 [main] DEBUG org.aspectj.weaver.tools.WeavingAdaptor  - 16:58:02.706 main &gt; org.aspectj.weaver.tools.WeavingAdaptor.weaveClass org.aspectj.weaver.loadtime.ClassLoaderWeavingAdaptor@10b090ac org/hibernate/type/OneToOneType, byte[5291]
3186 [main] DEBUG org.aspectj.weaver.tools.WeavingAdaptor  - 16:58:02.706 main &lt; org.aspectj.weaver.tools.WeavingAdaptor.weaveClass false
3186 [main] DEBUG org.aspectj.weaver.loadtime.Aj  - 16:58:02.706 main &lt; org.aspectj.weaver.loadtime.Aj.preProcess byte[5291]
3186 [main] DEBUG org.aspectj.weaver.loadtime.Aj  - 16:58:02.706 main &gt; org.aspectj.weaver.loadtime.Aj.preProcess org.aspectj.weaver.loadtime.Aj@58027738 org/hibernate/type/ManyToOneType, byte[7438], org.springframework.test.jpa.OrmXmlOverridingShadowingClassLoader@2bbf1be2
3186 [main] DEBUG org.aspectj.weaver.loadtime.Aj  - 16:58:02.706 main - org.aspectj.weaver.loadtime.Aj.preProcess org.aspectj.weaver.loadtime.Aj@58027738 sun.misc.Launcher$AppClassLoader@302b2c81, org.springframework.test.jpa.OrmXmlOverridingShadowingClassLoader@2bbf1be2
3187 [main] DEBUG org.aspectj.weaver.tools.WeavingAdaptor  - 16:58:02.707 main &gt; org.aspectj.weaver.tools.WeavingAdaptor.weaveClass org.aspectj.weaver.loadtime.ClassLoaderWeavingAdaptor@10b090ac org/hibernate/type/ManyToOneType, byte[7438]
3187 [main] DEBUG org.aspectj.weaver.tools.WeavingAdaptor  - 16:58:02.707 main &lt; org.aspectj.weaver.tools.WeavingAdaptor.weaveClass false
3187 [main] DEBUG org.aspectj.weaver.loadtime.Aj  - 16:58:02.707 main &lt; org.aspectj.weaver.loadtime.Aj.preProcess byte[7438]
3187 [main] DEBUG org.aspectj.weaver.loadtime.Aj  - 16:58:02.707 main &gt; org.aspectj.weaver.loadtime.Aj.preProcess org.aspectj.weaver.loadtime.Aj@58027738 org/hibernate/type/ListType, byte[2992], org.springframework.test.jpa.OrmXmlOverridingShadowingClassLoader@2bbf1be2
3187 [main] DEBUG org.aspectj.weaver.loadtime.Aj  - 16:58:02.707 main - org.aspectj.weaver.loadtime.Aj.preProcess org.aspectj.weaver.loadtime.Aj@58027738 sun.misc.Launcher$AppClassLoader@302b2c81, org.springframework.test.jpa.OrmXmlOverridingShadowingClassLoader@2bbf1be2
3187 [main] DEBUG org.aspectj.weaver.tools.WeavingAdaptor  - 16:58:02.707 main &gt; org.aspectj.weaver.tools.WeavingAdaptor.weaveClass org.aspectj.weaver.loadtime.ClassLoaderWeavingAdaptor@10b090ac org/hibernate/type/ListType, byte[2992]
3187 [main] DEBUG org.aspectj.weaver.tools.WeavingAdaptor  - 16:58:02.707 main &lt; org.aspectj.weaver.tools.WeavingAdaptor.weaveClass false
3187 [main] DEBUG org.aspectj.weaver.loadtime.Aj  - 16:58:02.707 main &lt; org.aspectj.weaver.loadtime.Aj.preProcess byte[2992]
3188 [main] DEBUG org.aspectj.weaver.loadtime.Aj  - 16:58:02.708 main &gt; org.aspectj.weaver.loadtime.Aj.preProcess org.aspectj.weaver.loadtime.Aj@58027738 org/hibernate/type/ArrayType, byte[4744], org.springframework.test.jpa.OrmXmlOverridingShadowingClassLoader@2bbf1be2
3188 [main] DEBUG org.aspectj.weaver.loadtime.Aj  - 16:58:02.708 main - org.aspectj.weaver.loadtime.Aj.preProcess org.aspectj.weaver.loadtime.Aj@58027738 sun.misc.Launcher$AppClassLoader@302b2c81, org.springframework.test.jpa.OrmXmlOverridingShadowingClassLoader@2bbf1be2
3188 [main] DEBUG org.aspectj.weaver.tools.WeavingAdaptor  - 16:58:02.708 main &gt; org.aspectj.weaver.tools.WeavingAdaptor.weaveClass org.aspectj.weaver.loadtime.ClassLoaderWeavingAdaptor@10b090ac org/hibernate/type/ArrayType, byte[4744]
3188 [main] DEBUG org.aspectj.weaver.tools.WeavingAdaptor  - 16:58:02.708 main &lt; org.aspectj.weaver.tools.WeavingAdaptor.weaveClass false
3188 [main] DEBUG org.aspectj.weaver.loadtime.Aj  - 16:58:02.708 main &lt; org.aspectj.weaver.loadtime.Aj.preProcess byte[4744]
3188 [main] DEBUG org.aspectj.weaver.loadtime.Aj  - 16:58:02.708 main &gt; org.aspectj.weaver.loadtime.Aj.preProcess org.aspectj.weaver.loadtime.Aj@58027738 org/hibernate/type/NullableType, byte[7464], org.springframework.test.jpa.OrmXmlOverridingShadowingClassLoader@2bbf1be2
3188 [main] DEBUG org.aspectj.weaver.loadtime.Aj  - 16:58:02.708 main - org.aspectj.weaver.loadtime.Aj.preProcess org.aspectj.weaver.loadtime.Aj@58027738 sun.misc.Launcher$AppClassLoader@302b2c81, org.springframework.test.jpa.OrmXmlOverridingShadowingClassLoader@2bbf1be2
3188 [main] DEBUG org.aspectj.weaver.tools.WeavingAdaptor  - 16:58:02.708 main &gt; org.aspectj.weaver.tools.WeavingAdaptor.weaveClass org.aspectj.weaver.loadtime.ClassLoaderWeavingAdaptor@10b090ac org/hibernate/type/NullableType, byte[7464]
3188 [main] DEBUG org.aspectj.weaver.tools.WeavingAdaptor  - 16:58:02.708 main &lt; org.aspectj.weaver.tools.WeavingAdaptor.weaveClass false
3189 [main] DEBUG org.aspectj.weaver.loadtime.Aj  - 16:58:02.709 main &lt; org.aspectj.weaver.loadtime.Aj.preProcess byte[7464]
3189 [main] DEBUG org.aspectj.weaver.loadtime.Aj  - 16:58:02.709 main &gt; org.aspectj.weaver.loadtime.Aj.preProcess org.aspectj.weaver.loadtime.Aj@58027738 org/hibernate/type/DbTimestampType, byte[5379], org.springframework.test.jpa.OrmXmlOverridingShadowingClassLoader@2bbf1be2
3189 [main] DEBUG org.aspectj.weaver.loadtime.Aj  - 16:58:02.709 main - org.aspectj.weaver.loadtime.Aj.preProcess org.aspectj.weaver.loadtime.Aj@58027738 sun.misc.Launcher$AppClassLoader@302b2c81, org.springframework.test.jpa.OrmXmlOverridingShadowingClassLoader@2bbf1be2
3189 [main] DEBUG org.aspectj.weaver.tools.WeavingAdaptor  - 16:58:02.709 main &gt; org.aspectj.weaver.tools.WeavingAdaptor.weaveClass org.aspectj.weaver.loadtime.ClassLoaderWeavingAdaptor@10b090ac org/hibernate/type/DbTimestampType, byte[5379]
3189 [main] DEBUG org.aspectj.weaver.tools.WeavingAdaptor  - 16:58:02.709 main &lt; org.aspectj.weaver.tools.WeavingAdaptor.weaveClass false
3189 [main] DEBUG org.aspectj.weaver.loadtime.Aj  - 16:58:02.709 main &lt; org.aspectj.weaver.loadtime.Aj.preProcess byte[5379]
3190 [main] DEBUG org.aspectj.weaver.loadtime.Aj  - 16:58:02.710 main &gt; org.aspectj.weaver.loadtime.Aj.preProcess org.aspectj.weaver.loadtime.Aj@58027738 org/hibernate/type/VersionType, byte[440], org.springframework.test.jpa.OrmXmlOverridingShadowingClassLoader@2bbf1be2
3190 [main] DEBUG org.aspectj.weaver.loadtime.Aj  - 16:58:02.710 main - org.aspectj.weaver.loadtime.Aj.preProcess org.aspectj.weaver.loadtime.Aj@58027738 sun.misc.Launcher$AppClassLoader@302b2c81, org.springframework.test.jpa.OrmXmlOverridingShadowingClassLoader@2bbf1be2
3190 [main] DEBUG org.aspectj.weaver.tools.WeavingAdaptor  - 16:58:02.710 main &gt; org.aspectj.weaver.tools.WeavingAdaptor.weaveClass org.aspectj.weaver.loadtime.ClassLoaderWeavingAdaptor@10b090ac org/hibernate/type/VersionType, byte[440]
3190 [main] DEBUG org.aspectj.weaver.tools.WeavingAdaptor  - 16:58:02.710 main &lt; org.aspectj.weaver.tools.WeavingAdaptor.weaveClass false
3190 [main] DEBUG org.aspectj.weaver.loadtime.Aj  - 16:58:02.710 main &lt; org.aspectj.weaver.loadtime.Aj.preProcess byte[440]
3190 [main] DEBUG org.aspectj.weaver.loadtime.Aj  - 16:58:02.710 main &gt; org.aspectj.weaver.loadtime.Aj.preProcess org.aspectj.weaver.loadtime.Aj@58027738 org/hibernate/type/TimestampType, byte[5076], org.springframework.test.jpa.OrmXmlOverridingShadowingClassLoader@2bbf1be2
3190 [main] DEBUG org.aspectj.weaver.loadtime.Aj  - 16:58:02.710 main - org.aspectj.weaver.loadtime.Aj.preProcess org.aspectj.weaver.loadtime.Aj@58027738 sun.misc.Launcher$AppClassLoader@302b2c81, org.springframework.test.jpa.OrmXmlOverridingShadowingClassLoader@2bbf1be2
3190 [main] DEBUG org.aspectj.weaver.tools.WeavingAdaptor  - 16:58:02.710 main &gt; org.aspectj.weaver.tools.WeavingAdaptor.weaveClass org.aspectj.weaver.loadtime.ClassLoaderWeavingAdaptor@10b090ac org/hibernate/type/TimestampType, byte[5076]
3190 [main] DEBUG org.aspectj.weaver.tools.WeavingAdaptor  - 16:58:02.710 main &lt; org.aspectj.weaver.tools.WeavingAdaptor.weaveClass false
3190 [main] DEBUG org.aspectj.weaver.loadtime.Aj  - 16:58:02.710 main &lt; org.aspectj.weaver.loadtime.Aj.preProcess byte[5076]
3190 [main] DEBUG org.aspectj.weaver.loadtime.Aj  - 16:58:02.710 main &gt; org.aspectj.weaver.loadtime.Aj.preProcess org.aspectj.weaver.loadtime.Aj@58027738 org/hibernate/type/LiteralType, byte[270], org.springframework.test.jpa.OrmXmlOverridingShadowingClassLoader@2bbf1be2
3191 [main] DEBUG org.aspectj.weaver.loadtime.Aj  - 16:58:02.711 main - org.aspectj.weaver.loadtime.Aj.preProcess org.aspectj.weaver.loadtime.Aj@58027738 sun.misc.Launcher$AppClassLoader@302b2c81, org.springframework.test.jpa.OrmXmlOverridingShadowingClassLoader@2bbf1be2
3191 [main] DEBUG org.aspectj.weaver.tools.WeavingAdaptor  - 16:58:02.711 main &gt; org.aspectj.weaver.tools.WeavingAdaptor.weaveClass org.aspectj.weaver.loadtime.ClassLoaderWeavingAdaptor@10b090ac org/hibernate/type/LiteralType, byte[270]
3191 [main] DEBUG org.aspectj.weaver.tools.WeavingAdaptor  - 16:58:02.711 main &lt; org.aspectj.weaver.tools.WeavingAdaptor.weaveClass false
3191 [main] DEBUG org.aspectj.weaver.loadtime.Aj  - 16:58:02.711 main &lt; org.aspectj.weaver.loadtime.Aj.preProcess byte[270]
3191 [main] DEBUG org.aspectj.weaver.loadtime.Aj  - 16:58:02.711 main &gt; org.aspectj.weaver.loadtime.Aj.preProcess org.aspectj.weaver.loadtime.Aj@58027738 org/hibernate/type/MutableType, byte[1579], org.springframework.test.jpa.OrmXmlOverridingShadowingClassLoader@2bbf1be2
3191 [main] DEBUG org.aspectj.weaver.loadtime.Aj  - 16:58:02.711 main - org.aspectj.weaver.loadtime.Aj.preProcess org.aspectj.weaver.loadtime.Aj@58027738 sun.misc.Launcher$AppClassLoader@302b2c81, org.springframework.test.jpa.OrmXmlOverridingShadowingClassLoader@2bbf1be2
3191 [main] DEBUG org.aspectj.weaver.tools.WeavingAdaptor  - 16:58:02.711 main &gt; org.aspectj.weaver.tools.WeavingAdaptor.weaveClass org.aspectj.weaver.loadtime.ClassLoaderWeavingAdaptor@10b090ac org/hibernate/type/MutableType, byte[1579]
3191 [main] DEBUG org.aspectj.weaver.tools.WeavingAdaptor  - 16:58:02.711 main &lt; org.aspectj.weaver.tools.WeavingAdaptor.weaveClass false
3191 [main] DEBUG org.aspectj.weaver.loadtime.Aj  - 16:58:02.711 main &lt; org.aspectj.weaver.loadtime.Aj.preProcess byte[1579]
3192 [main] DEBUG org.aspectj.weaver.loadtime.Aj  - 16:58:02.712 main &gt; org.aspectj.weaver.loadtime.Aj.preProcess org.aspectj.weaver.loadtime.Aj@58027738 org/hibernate/Hibernate, byte[8559], org.springframework.test.jpa.OrmXmlOverridingShadowingClassLoader@2bbf1be2
3192 [main] DEBUG org.aspectj.weaver.loadtime.Aj  - 16:58:02.712 main - org.aspectj.weaver.loadtime.Aj.preProcess org.aspectj.weaver.loadtime.Aj@58027738 sun.misc.Launcher$AppClassLoader@302b2c81, org.springframework.test.jpa.OrmXmlOverridingShadowingClassLoader@2bbf1be2
3192 [main] DEBUG org.aspectj.weaver.tools.WeavingAdaptor  - 16:58:02.712 main &gt; org.aspectj.weaver.tools.WeavingAdaptor.weaveClass org.aspectj.weaver.loadtime.ClassLoaderWeavingAdaptor@10b090ac org/hibernate/Hibernate, byte[8559]
3192 [main] DEBUG org.aspectj.weaver.tools.WeavingAdaptor  - 16:58:02.712 main &lt; org.aspectj.weaver.tools.WeavingAdaptor.weaveClass false
3192 [main] DEBUG org.aspectj.weaver.loadtime.Aj  - 16:58:02.712 main &lt; org.aspectj.weaver.loadtime.Aj.preProcess byte[8559]
3192 [main] DEBUG org.aspectj.weaver.loadtime.Aj  - 16:58:02.712 main &gt; org.aspectj.weaver.loadtime.Aj.preProcess org.aspectj.weaver.loadtime.Aj@58027738 org/hibernate/type/LongType, byte[3340], org.springframework.test.jpa.OrmXmlOverridingShadowingClassLoader@2bbf1be2
3192 [main] DEBUG org.aspectj.weaver.loadtime.Aj  - 16:58:02.712 main - org.aspectj.weaver.loadtime.Aj.preProcess org.aspectj.weaver.loadtime.Aj@58027738 sun.misc.Launcher$AppClassLoader@302b2c81, org.springframework.test.jpa.OrmXmlOverridingShadowingClassLoader@2bbf1be2
3193 [main] DEBUG org.aspectj.weaver.tools.WeavingAdaptor  - 16:58:02.713 main &gt; org.aspectj.weaver.tools.WeavingAdaptor.weaveClass org.aspectj.weaver.loadtime.ClassLoaderWeavingAdaptor@10b090ac org/hibernate/type/LongType, byte[3340]
3193 [main] DEBUG org.aspectj.weaver.tools.WeavingAdaptor  - 16:58:02.713 main &lt; org.aspectj.weaver.tools.WeavingAdaptor.weaveClass false
3193 [main] DEBUG org.aspectj.weaver.loadtime.Aj  - 16:58:02.713 main &lt; org.aspectj.weaver.loadtime.Aj.preProcess byte[3340]
3193 [main] DEBUG org.aspectj.weaver.loadtime.Aj  - 16:58:02.713 main &gt; org.aspectj.weaver.loadtime.Aj.preProcess org.aspectj.weaver.loadtime.Aj@58027738 org/hibernate/type/DiscriminatorType, byte[213], org.springframework.test.jpa.OrmXmlOverridingShadowingClassLoader@2bbf1be2
3193 [main] DEBUG org.aspectj.weaver.loadtime.Aj  - 16:58:02.713 main - org.aspectj.weaver.loadtime.Aj.preProcess org.aspectj.weaver.loadtime.Aj@58027738 sun.misc.Launcher$AppClassLoader@302b2c81, org.springframework.test.jpa.OrmXmlOverridingShadowingClassLoader@2bbf1be2
3193 [main] DEBUG org.aspectj.weaver.tools.WeavingAdaptor  - 16:58:02.713 main &gt; org.aspectj.weaver.tools.WeavingAdaptor.weaveClass org.aspectj.weaver.loadtime.ClassLoaderWeavingAdaptor@10b090ac org/hibernate/type/DiscriminatorType, byte[213]
3193 [main] DEBUG org.aspectj.weaver.tools.WeavingAdaptor  - 16:58:02.713 main &lt; org.aspectj.weaver.tools.WeavingAdaptor.weaveClass false
3193 [main] DEBUG org.aspectj.weaver.loadtime.Aj  - 16:58:02.713 main &lt; org.aspectj.weaver.loadtime.Aj.preProcess byte[213]
3193 [main] DEBUG org.aspectj.weaver.loadtime.Aj  - 16:58:02.713 main &gt; org.aspectj.weaver.loadtime.Aj.preProcess org.aspectj.weaver.loadtime.Aj@58027738 org/hibernate/type/IdentifierType, byte[273], org.springframework.test.jpa.OrmXmlOverridingShadowingClassLoader@2bbf1be2
3193 [main] DEBUG org.aspectj.weaver.loadtime.Aj  - 16:58:02.713 main - org.aspectj.weaver.loadtime.Aj.preProcess org.aspectj.weaver.loadtime.Aj@58027738 sun.misc.Launcher$AppClassLoader@302b2c81, org.springframework.test.jpa.OrmXmlOverridingShadowingClassLoader@2bbf1be2
3193 [main] DEBUG org.aspectj.weaver.tools.WeavingAdaptor  - 16:58:02.713 main &gt; org.aspectj.weaver.tools.WeavingAdaptor.weaveClass org.aspectj.weaver.loadtime.ClassLoaderWeavingAdaptor@10b090ac org/hibernate/type/IdentifierType, byte[273]
3193 [main] DEBUG org.aspectj.weaver.tools.WeavingAdaptor  - 16:58:02.713 main &lt; org.aspectj.weaver.tools.WeavingAdaptor.weaveClass false
3193 [main] DEBUG org.aspectj.weaver.loadtime.Aj  - 16:58:02.713 main &lt; org.aspectj.weaver.loadtime.Aj.preProcess byte[273]
3194 [main] DEBUG org.aspectj.weaver.loadtime.Aj  - 16:58:02.714 main &gt; org.aspectj.weaver.loadtime.Aj.preProcess org.aspectj.weaver.loadtime.Aj@58027738 org/hibernate/type/PrimitiveType, byte[666], org.springframework.test.jpa.OrmXmlOverridingShadowingClassLoader@2bbf1be2
3194 [main] DEBUG org.aspectj.weaver.loadtime.Aj  - 16:58:02.714 main - org.aspectj.weaver.loadtime.Aj.preProcess org.aspectj.weaver.loadtime.Aj@58027738 sun.misc.Launcher$AppClassLoader@302b2c81, org.springframework.test.jpa.OrmXmlOverridingShadowingClassLoader@2bbf1be2
3194 [main] DEBUG org.aspectj.weaver.tools.WeavingAdaptor  - 16:58:02.714 main &gt; org.aspectj.weaver.tools.WeavingAdaptor.weaveClass org.aspectj.weaver.loadtime.ClassLoaderWeavingAdaptor@10b090ac org/hibernate/type/PrimitiveType, byte[666]
3194 [main] DEBUG org.aspectj.weaver.tools.WeavingAdaptor  - 16:58:02.714 main &lt; org.aspectj.weaver.tools.WeavingAdaptor.weaveClass false
3194 [main] DEBUG org.aspectj.weaver.loadtime.Aj  - 16:58:02.714 main &lt; org.aspectj.weaver.loadtime.Aj.preProcess byte[666]
3194 [main] DEBUG org.aspectj.weaver.loadtime.Aj  - 16:58:02.714 main &gt; org.aspectj.weaver.loadtime.Aj.preProcess org.aspectj.weaver.loadtime.Aj@58027738 org/hibernate/type/ImmutableType, byte[1163], org.springframework.test.jpa.OrmXmlOverridingShadowingClassLoader@2bbf1be2
3194 [main] DEBUG org.aspectj.weaver.loadtime.Aj  - 16:58:02.714 main - org.aspectj.weaver.loadtime.Aj.preProcess org.aspectj.weaver.loadtime.Aj@58027738 sun.misc.Launcher$AppClassLoader@302b2c81, org.springframework.test.jpa.OrmXmlOverridingShadowingClassLoader@2bbf1be2
3194 [main] DEBUG org.aspectj.weaver.tools.WeavingAdaptor  - 16:58:02.714 main &gt; org.aspectj.weaver.tools.WeavingAdaptor.weaveClass org.aspectj.weaver.loadtime.ClassLoaderWeavingAdaptor@10b090ac org/hibernate/type/ImmutableType, byte[1163]
3194 [main] DEBUG org.aspectj.weaver.tools.WeavingAdaptor  - 16:58:02.714 main &lt; org.aspectj.weaver.tools.WeavingAdaptor.weaveClass false
3194 [main] DEBUG org.aspectj.weaver.loadtime.Aj  - 16:58:02.714 main &lt; org.aspectj.weaver.loadtime.Aj.preProcess byte[1163]
3195 [main] DEBUG org.aspectj.weaver.loadtime.Aj  - 16:58:02.715 main &gt; org.aspectj.weaver.loadtime.Aj.preProcess org.aspectj.weaver.loadtime.Aj@58027738 org/hibernate/type/ShortType, byte[3351], org.springframework.test.jpa.OrmXmlOverridingShadowingClassLoader@2bbf1be2
3195 [main] DEBUG org.aspectj.weaver.loadtime.Aj  - 16:58:02.715 main - org.aspectj.weaver.loadtime.Aj.preProcess org.aspectj.weaver.loadtime.Aj@58027738 sun.misc.Launcher$AppClassLoader@302b2c81, org.springframework.test.jpa.OrmXmlOverridingShadowingClassLoader@2bbf1be2
3195 [main] DEBUG org.aspectj.weaver.tools.WeavingAdaptor  - 16:58:02.715 main &gt; org.aspectj.weaver.tools.WeavingAdaptor.weaveClass org.aspectj.weaver.loadtime.ClassLoaderWeavingAdaptor@10b090ac org/hibernate/type/ShortType, byte[3351]
3195 [main] DEBUG org.aspectj.weaver.tools.WeavingAdaptor  - 16:58:02.715 main &lt; org.aspectj.weaver.tools.WeavingAdaptor.weaveClass false
3195 [main] DEBUG org.aspectj.weaver.loadtime.Aj  - 16:58:02.715 main &lt; org.aspectj.weaver.loadtime.Aj.preProcess byte[3351]
3195 [main] DEBUG org.aspectj.weaver.loadtime.Aj  - 16:58:02.715 main &gt; org.aspectj.weaver.loadtime.Aj.preProcess org.aspectj.weaver.loadtime.Aj@58027738 org/hibernate/type/IntegerType, byte[3354], org.springframework.test.jpa.OrmXmlOverridingShadowingClassLoader@2bbf1be2
3195 [main] DEBUG org.aspectj.weaver.loadtime.Aj  - 16:58:02.715 main - org.aspectj.weaver.loadtime.Aj.preProcess org.aspectj.weaver.loadtime.Aj@58027738 sun.misc.Launcher$AppClassLoader@302b2c81, org.springframework.test.jpa.OrmXmlOverridingShadowingClassLoader@2bbf1be2
3195 [main] DEBUG org.aspectj.weaver.tools.WeavingAdaptor  - 16:58:02.715 main &gt; org.aspectj.weaver.tools.WeavingAdaptor.weaveClass org.aspectj.weaver.loadtime.ClassLoaderWeavingAdaptor@10b090ac org/hibernate/type/IntegerType, byte[3354]
3195 [main] DEBUG org.aspectj.weaver.tools.WeavingAdaptor  - 16:58:02.715 main &lt; org.aspectj.weaver.tools.WeavingAdaptor.weaveClass false
3195 [main] DEBUG org.aspectj.weaver.loadtime.Aj  - 16:58:02.715 main &lt; org.aspectj.weaver.loadtime.Aj.preProcess byte[3354]
3196 [main] DEBUG org.aspectj.weaver.loadtime.Aj  - 16:58:02.716 main &gt; org.aspectj.weaver.loadtime.Aj.preProcess org.aspectj.weaver.loadtime.Aj@58027738 org/hibernate/type/ByteType, byte[3341], org.springframework.test.jpa.OrmXmlOverridingShadowingClassLoader@2bbf1be2
3196 [main] DEBUG org.aspectj.weaver.loadtime.Aj  - 16:58:02.716 main - org.aspectj.weaver.loadtime.Aj.preProcess org.aspectj.weaver.loadtime.Aj@58027738 sun.misc.Launcher$AppClassLoader@302b2c81, org.springframework.test.jpa.OrmXmlOverridingShadowingClassLoader@2bbf1be2
3196 [main] DEBUG org.aspectj.weaver.tools.WeavingAdaptor  - 16:58:02.716 main &gt; org.aspectj.weaver.tools.WeavingAdaptor.weaveClass org.aspectj.weaver.loadtime.ClassLoaderWeavingAdaptor@10b090ac org/hibernate/type/ByteType, byte[3341]
3196 [main] DEBUG org.aspectj.weaver.tools.WeavingAdaptor  - 16:58:02.716 main &lt; org.aspectj.weaver.tools.WeavingAdaptor.weaveClass false
3196 [main] DEBUG org.aspectj.weaver.loadtime.Aj  - 16:58:02.716 main &lt; org.aspectj.weaver.loadtime.Aj.preProcess byte[3341]
3196 [main] DEBUG org.aspectj.weaver.loadtime.Aj  - 16:58:02.716 main &gt; org.aspectj.weaver.loadtime.Aj.preProcess org.aspectj.weaver.loadtime.Aj@58027738 org/hibernate/type/FloatType, byte[2502], org.springframework.test.jpa.OrmXmlOverridingShadowingClassLoader@2bbf1be2
3196 [main] DEBUG org.aspectj.weaver.loadtime.Aj  - 16:58:02.716 main - org.aspectj.weaver.loadtime.Aj.preProcess org.aspectj.weaver.loadtime.Aj@58027738 sun.misc.Launcher$AppClassLoader@302b2c81, org.springframework.test.jpa.OrmXmlOverridingShadowingClassLoader@2bbf1be2
3196 [main] DEBUG org.aspectj.weaver.tools.WeavingAdaptor  - 16:58:02.716 main &gt; org.aspectj.weaver.tools.WeavingAdaptor.weaveClass org.aspectj.weaver.loadtime.ClassLoaderWeavingAdaptor@10b090ac org/hibernate/type/FloatType, byte[2502]
3196 [main] DEBUG org.aspectj.weaver.tools.WeavingAdaptor  - 16:58:02.716 main &lt; org.aspectj.weaver.tools.WeavingAdaptor.weaveClass false
3196 [main] DEBUG org.aspectj.weaver.loadtime.Aj  - 16:58:02.716 main &lt; org.aspectj.weaver.loadtime.Aj.preProcess byte[2502]
3197 [main] DEBUG org.aspectj.weaver.loadtime.Aj  - 16:58:02.717 main &gt; org.aspectj.weaver.loadtime.Aj.preProcess org.aspectj.weaver.loadtime.Aj@58027738 org/hibernate/type/DoubleType, byte[2495], org.springframework.test.jpa.OrmXmlOverridingShadowingClassLoader@2bbf1be2
3197 [main] DEBUG org.aspectj.weaver.loadtime.Aj  - 16:58:02.717 main - org.aspectj.weaver.loadtime.Aj.preProcess org.aspectj.weaver.loadtime.Aj@58027738 sun.misc.Launcher$AppClassLoader@302b2c81, org.springframework.test.jpa.OrmXmlOverridingShadowingClassLoader@2bbf1be2
3197 [main] DEBUG org.aspectj.weaver.tools.WeavingAdaptor  - 16:58:02.717 main &gt; org.aspectj.weaver.tools.WeavingAdaptor.weaveClass org.aspectj.weaver.loadtime.ClassLoaderWeavingAdaptor@10b090ac org/hibernate/type/DoubleType, byte[2495]
3197 [main] DEBUG org.aspectj.weaver.tools.WeavingAdaptor  - 16:58:02.717 main &lt; org.aspectj.weaver.tools.WeavingAdaptor.weaveClass false
3197 [main] DEBUG org.aspectj.weaver.loadtime.Aj  - 16:58:02.717 main &lt; org.aspectj.weaver.loadtime.Aj.preProcess byte[2495]
3197 [main] DEBUG org.aspectj.weaver.loadtime.Aj  - 16:58:02.717 main &gt; org.aspectj.weaver.loadtime.Aj.preProcess org.aspectj.weaver.loadtime.Aj@58027738 org/hibernate/type/CharacterType, byte[3132], org.springframework.test.jpa.OrmXmlOverridingShadowingClassLoader@2bbf1be2
3197 [main] DEBUG org.aspectj.weaver.loadtime.Aj  - 16:58:02.717 main - org.aspectj.weaver.loadtime.Aj.preProcess org.aspectj.weaver.loadtime.Aj@58027738 sun.misc.Launcher$AppClassLoader@302b2c81, org.springframework.test.jpa.OrmXmlOverridingShadowingClassLoader@2bbf1be2
3197 [main] DEBUG org.aspectj.weaver.tools.WeavingAdaptor  - 16:58:02.717 main &gt; org.aspectj.weaver.tools.WeavingAdaptor.weaveClass org.aspectj.weaver.loadtime.ClassLoaderWeavingAdaptor@10b090ac org/hibernate/type/CharacterType, byte[3132]
3197 [main] DEBUG org.aspectj.weaver.tools.WeavingAdaptor  - 16:58:02.717 main &lt; org.aspectj.weaver.tools.WeavingAdaptor.weaveClass false
3197 [main] DEBUG org.aspectj.weaver.loadtime.Aj  - 16:58:02.717 main &lt; org.aspectj.weaver.loadtime.Aj.preProcess byte[3132]
3198 [main] DEBUG org.aspectj.weaver.loadtime.Aj  - 16:58:02.718 main &gt; org.aspectj.weaver.loadtime.Aj.preProcess org.aspectj.weaver.loadtime.Aj@58027738 org/hibernate/type/StringType, byte[2615], org.springframework.test.jpa.OrmXmlOverridingShadowingClassLoader@2bbf1be2
3198 [main] DEBUG org.aspectj.weaver.loadtime.Aj  - 16:58:02.718 main - org.aspectj.weaver.loadtime.Aj.preProcess org.aspectj.weaver.loadtime.Aj@58027738 sun.misc.Launcher$AppClassLoader@302b2c81, org.springframework.test.jpa.OrmXmlOverridingShadowingClassLoader@2bbf1be2
3198 [main] DEBUG org.aspectj.weaver.tools.WeavingAdaptor  - 16:58:02.718 main &gt; org.aspectj.weaver.tools.WeavingAdaptor.weaveClass org.aspectj.weaver.loadtime.ClassLoaderWeavingAdaptor@10b090ac org/hibernate/type/StringType, byte[2615]
3198 [main] DEBUG org.aspectj.weaver.tools.WeavingAdaptor  - 16:58:02.718 main &lt; org.aspectj.weaver.tools.WeavingAdaptor.weaveClass false
3198 [main] DEBUG org.aspectj.weaver.loadtime.Aj  - 16:58:02.718 main &lt; org.aspectj.weaver.loadtime.Aj.preProcess byte[2615]
3198 [main] DEBUG org.aspectj.weaver.loadtime.Aj  - 16:58:02.718 main &gt; org.aspectj.weaver.loadtime.Aj.preProcess org.aspectj.weaver.loadtime.Aj@58027738 org/hibernate/type/TimeType, byte[4161], org.springframework.test.jpa.OrmXmlOverridingShadowingClassLoader@2bbf1be2
3198 [main] DEBUG org.aspectj.weaver.loadtime.Aj  - 16:58:02.718 main - org.aspectj.weaver.loadtime.Aj.preProcess org.aspectj.weaver.loadtime.Aj@58027738 sun.misc.Launcher$AppClassLoader@302b2c81, org.springframework.test.jpa.OrmXmlOverridingShadowingClassLoader@2bbf1be2
3198 [main] DEBUG org.aspectj.weaver.tools.WeavingAdaptor  - 16:58:02.718 main &gt; org.aspectj.weaver.tools.WeavingAdaptor.weaveClass org.aspectj.weaver.loadtime.ClassLoaderWeavingAdaptor@10b090ac org/hibernate/type/TimeType, byte[4161]
3198 [main] DEBUG org.aspectj.weaver.tools.WeavingAdaptor  - 16:58:02.718 main &lt; org.aspectj.weaver.tools.WeavingAdaptor.weaveClass false
3198 [main] DEBUG org.aspectj.weaver.loadtime.Aj  - 16:58:02.718 main &lt; org.aspectj.weaver.loadtime.Aj.preProcess byte[4161]
3199 [main] DEBUG org.aspectj.weaver.loadtime.Aj  - 16:58:02.719 main &gt; org.aspectj.weaver.loadtime.Aj.preProcess org.aspectj.weaver.loadtime.Aj@58027738 org/hibernate/type/DateType, byte[4397], org.springframework.test.jpa.OrmXmlOverridingShadowingClassLoader@2bbf1be2
3199 [main] DEBUG org.aspectj.weaver.loadtime.Aj  - 16:58:02.719 main - org.aspectj.weaver.loadtime.Aj.preProcess org.aspectj.weaver.loadtime.Aj@58027738 sun.misc.Launcher$AppClassLoader@302b2c81, org.springframework.test.jpa.OrmXmlOverridingShadowingClassLoader@2bbf1be2
3199 [main] DEBUG org.aspectj.weaver.tools.WeavingAdaptor  - 16:58:02.719 main &gt; org.aspectj.weaver.tools.WeavingAdaptor.weaveClass org.aspectj.weaver.loadtime.ClassLoaderWeavingAdaptor@10b090ac org/hibernate/type/DateType, byte[4397]
3199 [main] DEBUG org.aspectj.weaver.tools.WeavingAdaptor  - 16:58:02.719 main &lt; org.aspectj.weaver.tools.WeavingAdaptor.weaveClass false
3199 [main] DEBUG org.aspectj.weaver.loadtime.Aj  - 16:58:02.719 main &lt; org.aspectj.weaver.loadtime.Aj.preProcess byte[4397]
3199 [main] DEBUG org.aspectj.weaver.loadtime.Aj  - 16:58:02.719 main &gt; org.aspectj.weaver.loadtime.Aj.preProcess org.aspectj.weaver.loadtime.Aj@58027738 org/hibernate/type/BooleanType, byte[2778], org.springframework.test.jpa.OrmXmlOverridingShadowingClassLoader@2bbf1be2
3199 [main] DEBUG org.aspectj.weaver.loadtime.Aj  - 16:58:02.719 main - org.aspectj.weaver.loadtime.Aj.preProcess org.aspectj.weaver.loadtime.Aj@58027738 sun.misc.Launcher$AppClassLoader@302b2c81, org.springframework.test.jpa.OrmXmlOverridingShadowingClassLoader@2bbf1be2
3199 [main] DEBUG org.aspectj.weaver.tools.WeavingAdaptor  - 16:58:02.719 main &gt; org.aspectj.weaver.tools.WeavingAdaptor.weaveClass org.aspectj.weaver.loadtime.ClassLoaderWeavingAdaptor@10b090ac org/hibernate/type/BooleanType, byte[2778]
3199 [main] DEBUG org.aspectj.weaver.tools.WeavingAdaptor  - 16:58:02.719 main &lt; org.aspectj.weaver.tools.WeavingAdaptor.weaveClass false
3199 [main] DEBUG org.aspectj.weaver.loadtime.Aj  - 16:58:02.719 main &lt; org.aspectj.weaver.loadtime.Aj.preProcess byte[2778]
3200 [main] DEBUG org.aspectj.weaver.loadtime.Aj  - 16:58:02.720 main &gt; org.aspectj.weaver.loadtime.Aj.preProcess org.aspectj.weaver.loadtime.Aj@58027738 org/hibernate/type/TrueFalseType, byte[593], org.springframework.test.jpa.OrmXmlOverridingShadowingClassLoader@2bbf1be2
3200 [main] DEBUG org.aspectj.weaver.loadtime.Aj  - 16:58:02.720 main - org.aspectj.weaver.loadtime.Aj.preProcess org.aspectj.weaver.loadtime.Aj@58027738 sun.misc.Launcher$AppClassLoader@302b2c81, org.springframework.test.jpa.OrmXmlOverridingShadowingClassLoader@2bbf1be2
3200 [main] DEBUG org.aspectj.weaver.tools.WeavingAdaptor  - 16:58:02.720 main &gt; org.aspectj.weaver.tools.WeavingAdaptor.weaveClass org.aspectj.weaver.loadtime.ClassLoaderWeavingAdaptor@10b090ac org/hibernate/type/TrueFalseType, byte[593]
3200 [main] DEBUG org.aspectj.weaver.tools.WeavingAdaptor  - 16:58:02.720 main &lt; org.aspectj.weaver.tools.WeavingAdaptor.weaveClass false
3200 [main] DEBUG org.aspectj.weaver.loadtime.Aj  - 16:58:02.720 main &lt; org.aspectj.weaver.loadtime.Aj.preProcess byte[593]
3200 [main] DEBUG org.aspectj.weaver.loadtime.Aj  - 16:58:02.720 main &gt; org.aspectj.weaver.loadtime.Aj.preProcess org.aspectj.weaver.loadtime.Aj@58027738 org/hibernate/type/CharBooleanType, byte[2316], org.springframework.test.jpa.OrmXmlOverridingShadowingClassLoader@2bbf1be2
3200 [main] DEBUG org.aspectj.weaver.loadtime.Aj  - 16:58:02.720 main - org.aspectj.weaver.loadtime.Aj.preProcess org.aspectj.weaver.loadtime.Aj@58027738 sun.misc.Launcher$AppClassLoader@302b2c81, org.springframework.test.jpa.OrmXmlOverridingShadowingClassLoader@2bbf1be2
3200 [main] DEBUG org.aspectj.weaver.tools.WeavingAdaptor  - 16:58:02.720 main &gt; org.aspectj.weaver.tools.WeavingAdaptor.weaveClass org.aspectj.weaver.loadtime.ClassLoaderWeavingAdaptor@10b090ac org/hibernate/type/CharBooleanType, byte[2316]
3200 [main] DEBUG org.aspectj.weaver.tools.WeavingAdaptor  - 16:58:02.720 main &lt; org.aspectj.weaver.tools.WeavingAdaptor.weaveClass false
3200 [main] DEBUG org.aspectj.weaver.loadtime.Aj  - 16:58:02.720 main &lt; org.aspectj.weaver.loadtime.Aj.preProcess byte[2316]
3201 [main] DEBUG org.aspectj.weaver.loadtime.Aj  - 16:58:02.721 main &gt; org.aspectj.weaver.loadtime.Aj.preProcess org.aspectj.weaver.loadtime.Aj@58027738 org/hibernate/type/YesNoType, byte[577], org.springframework.test.jpa.OrmXmlOverridingShadowingClassLoader@2bbf1be2
3201 [main] DEBUG org.aspectj.weaver.loadtime.Aj  - 16:58:02.721 main - org.aspectj.weaver.loadtime.Aj.preProcess org.aspectj.weaver.loadtime.Aj@58027738 sun.misc.Launcher$AppClassLoader@302b2c81, org.springframework.test.jpa.OrmXmlOverridingShadowingClassLoader@2bbf1be2
3201 [main] DEBUG org.aspectj.weaver.tools.WeavingAdaptor  - 16:58:02.721 main &gt; org.aspectj.weaver.tools.WeavingAdaptor.weaveClass org.aspectj.weaver.loadtime.ClassLoaderWeavingAdaptor@10b090ac org/hibernate/type/YesNoType, byte[577]
3201 [main] DEBUG org.aspectj.weaver.tools.WeavingAdaptor  - 16:58:02.721 main &lt; org.aspectj.weaver.tools.WeavingAdaptor.weaveClass false
3201 [main] DEBUG org.aspectj.weaver.loadtime.Aj  - 16:58:02.721 main &lt; org.aspectj.weaver.loadtime.Aj.preProcess byte[577]
3201 [main] DEBUG org.aspectj.weaver.loadtime.Aj  - 16:58:02.721 main &gt; org.aspectj.weaver.loadtime.Aj.preProcess org.aspectj.weaver.loadtime.Aj@58027738 org/hibernate/type/BigDecimalType, byte[2651], org.springframework.test.jpa.OrmXmlOverridingShadowingClassLoader@2bbf1be2
3201 [main] DEBUG org.aspectj.weaver.loadtime.Aj  - 16:58:02.721 main - org.aspectj.weaver.loadtime.Aj.preProcess org.aspectj.weaver.loadtime.Aj@58027738 sun.misc.Launcher$AppClassLoader@302b2c81, org.springframework.test.jpa.OrmXmlOverridingShadowingClassLoader@2bbf1be2
3201 [main] DEBUG org.aspectj.weaver.tools.WeavingAdaptor  - 16:58:02.721 main &gt; org.aspectj.weaver.tools.WeavingAdaptor.weaveClass org.aspectj.weaver.loadtime.ClassLoaderWeavingAdaptor@10b090ac org/hibernate/type/BigDecimalType, byte[2651]
3201 [main] DEBUG org.aspectj.weaver.tools.WeavingAdaptor  - 16:58:02.721 main &lt; org.aspectj.weaver.tools.WeavingAdaptor.weaveClass false
3201 [main] DEBUG org.aspectj.weaver.loadtime.Aj  - 16:58:02.721 main &lt; org.aspectj.weaver.loadtime.Aj.preProcess byte[2651]
3201 [main] DEBUG org.aspectj.weaver.loadtime.Aj  - 16:58:02.721 main &gt; org.aspectj.weaver.loadtime.Aj.preProcess org.aspectj.weaver.loadtime.Aj@58027738 org/hibernate/type/BigIntegerType, byte[3294], org.springframework.test.jpa.OrmXmlOverridingShadowingClassLoader@2bbf1be2
3201 [main] DEBUG org.aspectj.weaver.loadtime.Aj  - 16:58:02.721 main - org.aspectj.weaver.loadtime.Aj.preProcess org.aspectj.weaver.loadtime.Aj@58027738 sun.misc.Launcher$AppClassLoader@302b2c81, org.springframework.test.jpa.OrmXmlOverridingShadowingClassLoader@2bbf1be2
3202 [main] DEBUG org.aspectj.weaver.tools.WeavingAdaptor  - 16:58:02.722 main &gt; org.aspectj.weaver.tools.WeavingAdaptor.weaveClass org.aspectj.weaver.loadtime.ClassLoaderWeavingAdaptor@10b090ac org/hibernate/type/BigIntegerType, byte[3294]
3202 [main] DEBUG org.aspectj.weaver.tools.WeavingAdaptor  - 16:58:02.722 main &lt; org.aspectj.weaver.tools.WeavingAdaptor.weaveClass false
3202 [main] DEBUG org.aspectj.weaver.loadtime.Aj  - 16:58:02.722 main &lt; org.aspectj.weaver.loadtime.Aj.preProcess byte[3294]
3202 [main] DEBUG org.aspectj.weaver.loadtime.Aj  - 16:58:02.722 main &gt; org.aspectj.weaver.loadtime.Aj.preProcess org.aspectj.weaver.loadtime.Aj@58027738 org/hibernate/type/BinaryType, byte[1287], org.springframework.test.jpa.OrmXmlOverridingShadowingClassLoader@2bbf1be2
3202 [main] DEBUG org.aspectj.weaver.loadtime.Aj  - 16:58:02.722 main - org.aspectj.weaver.loadtime.Aj.preProcess org.aspectj.weaver.loadtime.Aj@58027738 sun.misc.Launcher$AppClassLoader@302b2c81, org.springframework.test.jpa.OrmXmlOverridingShadowingClassLoader@2bbf1be2
3202 [main] DEBUG org.aspectj.weaver.tools.WeavingAdaptor  - 16:58:02.722 main &gt; org.aspectj.weaver.tools.WeavingAdaptor.weaveClass org.aspectj.weaver.loadtime.ClassLoaderWeavingAdaptor@10b090ac org/hibernate/type/BinaryType, byte[1287]
3202 [main] DEBUG org.aspectj.weaver.tools.WeavingAdaptor  - 16:58:02.722 main &lt; org.aspectj.weaver.tools.WeavingAdaptor.weaveClass false
3202 [main] DEBUG org.aspectj.weaver.loadtime.Aj  - 16:58:02.722 main &lt; org.aspectj.weaver.loadtime.Aj.preProcess byte[1287]
3202 [main] DEBUG org.aspectj.weaver.loadtime.Aj  - 16:58:02.722 main &gt; org.aspectj.weaver.loadtime.Aj.preProcess org.aspectj.weaver.loadtime.Aj@58027738 org/hibernate/type/AbstractBynaryType, byte[5173], org.springframework.test.jpa.OrmXmlOverridingShadowingClassLoader@2bbf1be2
3202 [main] DEBUG org.aspectj.weaver.loadtime.Aj  - 16:58:02.722 main - org.aspectj.weaver.loadtime.Aj.preProcess org.aspectj.weaver.loadtime.Aj@58027738 sun.misc.Launcher$AppClassLoader@302b2c81, org.springframework.test.jpa.OrmXmlOverridingShadowingClassLoader@2bbf1be2
3203 [main] DEBUG org.aspectj.weaver.tools.WeavingAdaptor  - 16:58:02.723 main &gt; org.aspectj.weaver.tools.WeavingAdaptor.weaveClass org.aspectj.weaver.loadtime.ClassLoaderWeavingAdaptor@10b090ac org/hibernate/type/AbstractBynaryType, byte[5173]
3203 [main] DEBUG org.aspectj.weaver.tools.WeavingAdaptor  - 16:58:02.723 main &lt; org.aspectj.weaver.tools.WeavingAdaptor.weaveClass false
3203 [main] DEBUG org.aspectj.weaver.loadtime.Aj  - 16:58:02.723 main &lt; org.aspectj.weaver.loadtime.Aj.preProcess byte[5173]
3203 [main] DEBUG org.aspectj.weaver.loadtime.Aj  - 16:58:02.723 main &gt; org.aspectj.weaver.loadtime.Aj.preProcess org.aspectj.weaver.loadtime.Aj@58027738 org/hibernate/type/WrapperBinaryType, byte[1845], org.springframework.test.jpa.OrmXmlOverridingShadowingClassLoader@2bbf1be2
3203 [main] DEBUG org.aspectj.weaver.loadtime.Aj  - 16:58:02.723 main - org.aspectj.weaver.loadtime.Aj.preProcess org.aspectj.weaver.loadtime.Aj@58027738 sun.misc.Launcher$AppClassLoader@302b2c81, org.springframework.test.jpa.OrmXmlOverridingShadowingClassLoader@2bbf1be2
3203 [main] DEBUG org.aspectj.weaver.tools.WeavingAdaptor  - 16:58:02.723 main &gt; org.aspectj.weaver.tools.WeavingAdaptor.weaveClass org.aspectj.weaver.loadtime.ClassLoaderWeavingAdaptor@10b090ac org/hibernate/type/WrapperBinaryType, byte[1845]
3203 [main] DEBUG org.aspectj.weaver.tools.WeavingAdaptor  - 16:58:02.723 main &lt; org.aspectj.weaver.tools.WeavingAdaptor.weaveClass false
3203 [main] DEBUG org.aspectj.weaver.loadtime.Aj  - 16:58:02.723 main &lt; org.aspectj.weaver.loadtime.Aj.preProcess byte[1845]
3204 [main] DEBUG org.aspectj.weaver.loadtime.Aj  - 16:58:02.724 main &gt; org.aspectj.weaver.loadtime.Aj.preProcess org.aspectj.weaver.loadtime.Aj@58027738 org/hibernate/type/CharArrayType, byte[1303], org.springframework.test.jpa.OrmXmlOverridingShadowingClassLoader@2bbf1be2
3204 [main] DEBUG org.aspectj.weaver.loadtime.Aj  - 16:58:02.724 main - org.aspectj.weaver.loadtime.Aj.preProcess org.aspectj.weaver.loadtime.Aj@58027738 sun.misc.Launcher$AppClassLoader@302b2c81, org.springframework.test.jpa.OrmXmlOverridingShadowingClassLoader@2bbf1be2
3204 [main] DEBUG org.aspectj.weaver.tools.WeavingAdaptor  - 16:58:02.724 main &gt; org.aspectj.weaver.tools.WeavingAdaptor.weaveClass org.aspectj.weaver.loadtime.ClassLoaderWeavingAdaptor@10b090ac org/hibernate/type/CharArrayType, byte[1303]
3204 [main] DEBUG org.aspectj.weaver.tools.WeavingAdaptor  - 16:58:02.724 main &lt; org.aspectj.weaver.tools.WeavingAdaptor.weaveClass false
3204 [main] DEBUG org.aspectj.weaver.loadtime.Aj  - 16:58:02.724 main &lt; org.aspectj.weaver.loadtime.Aj.preProcess byte[1303]
3204 [main] DEBUG org.aspectj.weaver.loadtime.Aj  - 16:58:02.724 main &gt; org.aspectj.weaver.loadtime.Aj.preProcess org.aspectj.weaver.loadtime.Aj@58027738 org/hibernate/type/AbstractCharArrayType, byte[3267], org.springframework.test.jpa.OrmXmlOverridingShadowingClassLoader@2bbf1be2
3204 [main] DEBUG org.aspectj.weaver.loadtime.Aj  - 16:58:02.724 main - org.aspectj.weaver.loadtime.Aj.preProcess org.aspectj.weaver.loadtime.Aj@58027738 sun.misc.Launcher$AppClassLoader@302b2c81, org.springframework.test.jpa.OrmXmlOverridingShadowingClassLoader@2bbf1be2
3204 [main] DEBUG org.aspectj.weaver.tools.WeavingAdaptor  - 16:58:02.724 main &gt; org.aspectj.weaver.tools.WeavingAdaptor.weaveClass org.aspectj.weaver.loadtime.ClassLoaderWeavingAdaptor@10b090ac org/hibernate/type/AbstractCharArrayType, byte[3267]
3204 [main] DEBUG org.aspectj.weaver.tools.WeavingAdaptor  - 16:58:02.724 main &lt; org.aspectj.weaver.tools.WeavingAdaptor.weaveClass false
3204 [main] DEBUG org.aspectj.weaver.loadtime.Aj  - 16:58:02.724 main &lt; org.aspectj.weaver.loadtime.Aj.preProcess byte[3267]
3205 [main] DEBUG org.aspectj.weaver.loadtime.Aj  - 16:58:02.725 main &gt; org.aspectj.weaver.loadtime.Aj.preProcess org.aspectj.weaver.loadtime.Aj@58027738 org/hibernate/type/CharacterArrayType, byte[1832], org.springframework.test.jpa.OrmXmlOverridingShadowingClassLoader@2bbf1be2
3205 [main] DEBUG org.aspectj.weaver.loadtime.Aj  - 16:58:02.725 main - org.aspectj.weaver.loadtime.Aj.preProcess org.aspectj.weaver.loadtime.Aj@58027738 sun.misc.Launcher$AppClassLoader@302b2c81, org.springframework.test.jpa.OrmXmlOverridingShadowingClassLoader@2bbf1be2
3205 [main] DEBUG org.aspectj.weaver.tools.WeavingAdaptor  - 16:58:02.725 main &gt; org.aspectj.weaver.tools.WeavingAdaptor.weaveClass org.aspectj.weaver.loadtime.ClassLoaderWeavingAdaptor@10b090ac org/hibernate/type/CharacterArrayType, byte[1832]
3205 [main] DEBUG org.aspectj.weaver.tools.WeavingAdaptor  - 16:58:02.725 main &lt; org.aspectj.weaver.tools.WeavingAdaptor.weaveClass false
3205 [main] DEBUG org.aspectj.weaver.loadtime.Aj  - 16:58:02.725 main &lt; org.aspectj.weaver.loadtime.Aj.preProcess byte[1832]
3205 [main] DEBUG org.aspectj.weaver.loadtime.Aj  - 16:58:02.725 main &gt; org.aspectj.weaver.loadtime.Aj.preProcess org.aspectj.weaver.loadtime.Aj@58027738 org/hibernate/type/TextType, byte[2978], org.springframework.test.jpa.OrmXmlOverridingShadowingClassLoader@2bbf1be2
3205 [main] DEBUG org.aspectj.weaver.loadtime.Aj  - 16:58:02.725 main - org.aspectj.weaver.loadtime.Aj.preProcess org.aspectj.weaver.loadtime.Aj@58027738 sun.misc.Launcher$AppClassLoader@302b2c81, org.springframework.test.jpa.OrmXmlOverridingShadowingClassLoader@2bbf1be2
3205 [main] DEBUG org.aspectj.weaver.tools.WeavingAdaptor  - 16:58:02.725 main &gt; org.aspectj.weaver.tools.WeavingAdaptor.weaveClass org.aspectj.weaver.loadtime.ClassLoaderWeavingAdaptor@10b090ac org/hibernate/type/TextType, byte[2978]
3205 [main] DEBUG org.aspectj.weaver.tools.WeavingAdaptor  - 16:58:02.725 main &lt; org.aspectj.weaver.tools.WeavingAdaptor.weaveClass false
3205 [main] DEBUG org.aspectj.weaver.loadtime.Aj  - 16:58:02.725 main &lt; org.aspectj.weaver.loadtime.Aj.preProcess byte[2978]
3206 [main] DEBUG org.aspectj.weaver.loadtime.Aj  - 16:58:02.726 main &gt; org.aspectj.weaver.loadtime.Aj.preProcess org.aspectj.weaver.loadtime.Aj@58027738 org/hibernate/type/CalendarType, byte[4670], org.springframework.test.jpa.OrmXmlOverridingShadowingClassLoader@2bbf1be2
3206 [main] DEBUG org.aspectj.weaver.loadtime.Aj  - 16:58:02.726 main - org.aspectj.weaver.loadtime.Aj.preProcess org.aspectj.weaver.loadtime.Aj@58027738 sun.misc.Launcher$AppClassLoader@302b2c81, org.springframework.test.jpa.OrmXmlOverridingShadowingClassLoader@2bbf1be2
3206 [main] DEBUG org.aspectj.weaver.tools.WeavingAdaptor  - 16:58:02.726 main &gt; org.aspectj.weaver.tools.WeavingAdaptor.weaveClass org.aspectj.weaver.loadtime.ClassLoaderWeavingAdaptor@10b090ac org/hibernate/type/CalendarType, byte[4670]
3206 [main] DEBUG org.aspectj.weaver.tools.WeavingAdaptor  - 16:58:02.726 main &lt; org.aspectj.weaver.tools.WeavingAdaptor.weaveClass false
3206 [main] DEBUG org.aspectj.weaver.loadtime.Aj  - 16:58:02.726 main &lt; org.aspectj.weaver.loadtime.Aj.preProcess byte[4670]
3207 [main] DEBUG org.aspectj.weaver.loadtime.Aj  - 16:58:02.727 main &gt; org.aspectj.weaver.loadtime.Aj.preProcess org.aspectj.weaver.loadtime.Aj@58027738 org/hibernate/type/CalendarDateType, byte[3793], org.springframework.test.jpa.OrmXmlOverridingShadowingClassLoader@2bbf1be2
3207 [main] DEBUG org.aspectj.weaver.loadtime.Aj  - 16:58:02.727 main - org.aspectj.weaver.loadtime.Aj.preProcess org.aspectj.weaver.loadtime.Aj@58027738 sun.misc.Launcher$AppClassLoader@302b2c81, org.springframework.test.jpa.OrmXmlOverridingShadowingClassLoader@2bbf1be2
3207 [main] DEBUG org.aspectj.weaver.tools.WeavingAdaptor  - 16:58:02.727 main &gt; org.aspectj.weaver.tools.WeavingAdaptor.weaveClass org.aspectj.weaver.loadtime.ClassLoaderWeavingAdaptor@10b090ac org/hibernate/type/CalendarDateType, byte[3793]
3207 [main] DEBUG org.aspectj.weaver.tools.WeavingAdaptor  - 16:58:02.727 main &lt; org.aspectj.weaver.tools.WeavingAdaptor.weaveClass false
3207 [main] DEBUG org.aspectj.weaver.loadtime.Aj  - 16:58:02.727 main &lt; org.aspectj.weaver.loadtime.Aj.preProcess byte[3793]
3207 [main] DEBUG org.aspectj.weaver.loadtime.Aj  - 16:58:02.727 main &gt; org.aspectj.weaver.loadtime.Aj.preProcess org.aspectj.weaver.loadtime.Aj@58027738 org/hibernate/type/LocaleType, byte[3357], org.springframework.test.jpa.OrmXmlOverridingShadowingClassLoader@2bbf1be2
3207 [main] DEBUG org.aspectj.weaver.loadtime.Aj  - 16:58:02.727 main - org.aspectj.weaver.loadtime.Aj.preProcess org.aspectj.weaver.loadtime.Aj@58027738 sun.misc.Launcher$AppClassLoader@302b2c81, org.springframework.test.jpa.OrmXmlOverridingShadowingClassLoader@2bbf1be2
3207 [main] DEBUG org.aspectj.weaver.tools.WeavingAdaptor  - 16:58:02.727 main &gt; org.aspectj.weaver.tools.WeavingAdaptor.weaveClass org.aspectj.weaver.loadtime.ClassLoaderWeavingAdaptor@10b090ac org/hibernate/type/LocaleType, byte[3357]
3207 [main] DEBUG org.aspectj.weaver.tools.WeavingAdaptor  - 16:58:02.727 main &lt; org.aspectj.weaver.tools.WeavingAdaptor.weaveClass false
3207 [main] DEBUG org.aspectj.weaver.loadtime.Aj  - 16:58:02.727 main &lt; org.aspectj.weaver.loadtime.Aj.preProcess byte[3357]
3208 [main] DEBUG org.aspectj.weaver.loadtime.Aj  - 16:58:02.728 main &gt; org.aspectj.weaver.loadtime.Aj.preProcess org.aspectj.weaver.loadtime.Aj@58027738 org/hibernate/type/CurrencyType, byte[3869], org.springframework.test.jpa.OrmXmlOverridingShadowingClassLoader@2bbf1be2
3208 [main] DEBUG org.aspectj.weaver.loadtime.Aj  - 16:58:02.728 main - org.aspectj.weaver.loadtime.Aj.preProcess org.aspectj.weaver.loadtime.Aj@58027738 sun.misc.Launcher$AppClassLoader@302b2c81, org.springframework.test.jpa.OrmXmlOverridingShadowingClassLoader@2bbf1be2
3208 [main] DEBUG org.aspectj.weaver.tools.WeavingAdaptor  - 16:58:02.728 main &gt; org.aspectj.weaver.tools.WeavingAdaptor.weaveClass org.aspectj.weaver.loadtime.ClassLoaderWeavingAdaptor@10b090ac org/hibernate/type/CurrencyType, byte[3869]
3208 [main] DEBUG org.aspectj.weaver.tools.WeavingAdaptor  - 16:58:02.728 main &lt; org.aspectj.weaver.tools.WeavingAdaptor.weaveClass false
3208 [main] DEBUG org.aspectj.weaver.loadtime.Aj  - 16:58:02.728 main &lt; org.aspectj.weaver.loadtime.Aj.preProcess byte[3869]
3208 [main] DEBUG org.aspectj.weaver.loadtime.Aj  - 16:58:02.728 main &gt; org.aspectj.weaver.loadtime.Aj.preProcess org.aspectj.weaver.loadtime.Aj@58027738 org/hibernate/type/TimeZoneType, byte[2877], org.springframework.test.jpa.OrmXmlOverridingShadowingClassLoader@2bbf1be2
3208 [main] DEBUG org.aspectj.weaver.loadtime.Aj  - 16:58:02.728 main - org.aspectj.weaver.loadtime.Aj.preProcess org.aspectj.weaver.loadtime.Aj@58027738 sun.misc.Launcher$AppClassLoader@302b2c81, org.springframework.test.jpa.OrmXmlOverridingShadowingClassLoader@2bbf1be2
3208 [main] DEBUG org.aspectj.weaver.tools.WeavingAdaptor  - 16:58:02.728 main &gt; org.aspectj.weaver.tools.WeavingAdaptor.weaveClass org.aspectj.weaver.loadtime.ClassLoaderWeavingAdaptor@10b090ac org/hibernate/type/TimeZoneType, byte[2877]
3208 [main] DEBUG org.aspectj.weaver.tools.WeavingAdaptor  - 16:58:02.728 main &lt; org.aspectj.weaver.tools.WeavingAdaptor.weaveClass false
3208 [main] DEBUG org.aspectj.weaver.loadtime.Aj  - 16:58:02.728 main &lt; org.aspectj.weaver.loadtime.Aj.preProcess byte[2877]
3209 [main] DEBUG org.aspectj.weaver.loadtime.Aj  - 16:58:02.729 main &gt; org.aspectj.weaver.loadtime.Aj.preProcess org.aspectj.weaver.loadtime.Aj@58027738 org/hibernate/type/ClassType, byte[2569], org.springframework.test.jpa.OrmXmlOverridingShadowingClassLoader@2bbf1be2
3209 [main] DEBUG org.aspectj.weaver.loadtime.Aj  - 16:58:02.729 main - org.aspectj.weaver.loadtime.Aj.preProcess org.aspectj.weaver.loadtime.Aj@58027738 sun.misc.Launcher$AppClassLoader@302b2c81, org.springframework.test.jpa.OrmXmlOverridingShadowingClassLoader@2bbf1be2
3209 [main] DEBUG org.aspectj.weaver.tools.WeavingAdaptor  - 16:58:02.729 main &gt; org.aspectj.weaver.tools.WeavingAdaptor.weaveClass org.aspectj.weaver.loadtime.ClassLoaderWeavingAdaptor@10b090ac org/hibernate/type/ClassType, byte[2569]
3209 [main] DEBUG org.aspectj.weaver.tools.WeavingAdaptor  - 16:58:02.729 main &lt; org.aspectj.weaver.tools.WeavingAdaptor.weaveClass false
3209 [main] DEBUG org.aspectj.weaver.loadtime.Aj  - 16:58:02.729 main &lt; org.aspectj.weaver.loadtime.Aj.preProcess byte[2569]
3209 [main] DEBUG org.aspectj.weaver.loadtime.Aj  - 16:58:02.729 main &gt; org.aspectj.weaver.loadtime.Aj.preProcess org.aspectj.weaver.loadtime.Aj@58027738 org/hibernate/type/SerializableType, byte[3952], org.springframework.test.jpa.OrmXmlOverridingShadowingClassLoader@2bbf1be2
3209 [main] DEBUG org.aspectj.weaver.loadtime.Aj  - 16:58:02.729 main - org.aspectj.weaver.loadtime.Aj.preProcess org.aspectj.weaver.loadtime.Aj@58027738 sun.misc.Launcher$AppClassLoader@302b2c81, org.springframework.test.jpa.OrmXmlOverridingShadowingClassLoader@2bbf1be2
3209 [main] DEBUG org.aspectj.weaver.tools.WeavingAdaptor  - 16:58:02.729 main &gt; org.aspectj.weaver.tools.WeavingAdaptor.weaveClass org.aspectj.weaver.loadtime.ClassLoaderWeavingAdaptor@10b090ac org/hibernate/type/SerializableType, byte[3952]
3209 [main] DEBUG org.aspectj.weaver.tools.WeavingAdaptor  - 16:58:02.729 main &lt; org.aspectj.weaver.tools.WeavingAdaptor.weaveClass false
3209 [main] DEBUG org.aspectj.weaver.loadtime.Aj  - 16:58:02.729 main &lt; org.aspectj.weaver.loadtime.Aj.preProcess byte[3952]
3212 [main] DEBUG org.aspectj.weaver.loadtime.Aj  - 16:58:02.732 main &gt; org.aspectj.weaver.loadtime.Aj.preProcess org.aspectj.weaver.loadtime.Aj@58027738 org/hibernate/type/BlobType, byte[6859], org.springframework.test.jpa.OrmXmlOverridingShadowingClassLoader@2bbf1be2
3212 [main] DEBUG org.aspectj.weaver.loadtime.Aj  - 16:58:02.732 main - org.aspectj.weaver.loadtime.Aj.preProcess org.aspectj.weaver.loadtime.Aj@58027738 sun.misc.Launcher$AppClassLoader@302b2c81, org.springframework.test.jpa.OrmXmlOverridingShadowingClassLoader@2bbf1be2
3212 [main] DEBUG org.aspectj.weaver.tools.WeavingAdaptor  - 16:58:02.732 main &gt; org.aspectj.weaver.tools.WeavingAdaptor.weaveClass org.aspectj.weaver.loadtime.ClassLoaderWeavingAdaptor@10b090ac org/hibernate/type/BlobType, byte[6859]
3212 [main] DEBUG org.aspectj.weaver.tools.WeavingAdaptor  - 16:58:02.732 main &lt; org.aspectj.weaver.tools.WeavingAdaptor.weaveClass false
3212 [main] DEBUG org.aspectj.weaver.loadtime.Aj  - 16:58:02.732 main &lt; org.aspectj.weaver.loadtime.Aj.preProcess byte[6859]
3213 [main] DEBUG org.aspectj.weaver.loadtime.Aj  - 16:58:02.733 main &gt; org.aspectj.weaver.loadtime.Aj.preProcess org.aspectj.weaver.loadtime.Aj@58027738 org/hibernate/type/ClobType, byte[7245], org.springframework.test.jpa.OrmXmlOverridingShadowingClassLoader@2bbf1be2
3213 [main] DEBUG org.aspectj.weaver.loadtime.Aj  - 16:58:02.733 main - org.aspectj.weaver.loadtime.Aj.preProcess org.aspectj.weaver.loadtime.Aj@58027738 sun.misc.Launcher$AppClassLoader@302b2c81, org.springframework.test.jpa.OrmXmlOverridingShadowingClassLoader@2bbf1be2
3213 [main] DEBUG org.aspectj.weaver.tools.WeavingAdaptor  - 16:58:02.733 main &gt; org.aspectj.weaver.tools.WeavingAdaptor.weaveClass org.aspectj.weaver.loadtime.ClassLoaderWeavingAdaptor@10b090ac org/hibernate/type/ClobType, byte[7245]
3213 [main] DEBUG org.aspectj.weaver.tools.WeavingAdaptor  - 16:58:02.733 main &lt; org.aspectj.weaver.tools.WeavingAdaptor.weaveClass false
3213 [main] DEBUG org.aspectj.weaver.loadtime.Aj  - 16:58:02.733 main &lt; org.aspectj.weaver.loadtime.Aj.preProcess byte[7245]
3214 [main] DEBUG org.aspectj.weaver.loadtime.Aj  - 16:58:02.734 main &gt; org.aspectj.weaver.loadtime.Aj.preProcess org.aspectj.weaver.loadtime.Aj@58027738 org/hibernate/type/AnyType, byte[12658], org.springframework.test.jpa.OrmXmlOverridingShadowingClassLoader@2bbf1be2
3214 [main] DEBUG org.aspectj.weaver.loadtime.Aj  - 16:58:02.734 main - org.aspectj.weaver.loadtime.Aj.preProcess org.aspectj.weaver.loadtime.Aj@58027738 sun.misc.Launcher$AppClassLoader@302b2c81, org.springframework.test.jpa.OrmXmlOverridingShadowingClassLoader@2bbf1be2
3214 [main] DEBUG org.aspectj.weaver.tools.WeavingAdaptor  - 16:58:02.734 main &gt; org.aspectj.weaver.tools.WeavingAdaptor.weaveClass org.aspectj.weaver.loadtime.ClassLoaderWeavingAdaptor@10b090ac org/hibernate/type/AnyType, byte[12658]
3214 [main] DEBUG org.aspectj.weaver.tools.WeavingAdaptor  - 16:58:02.734 main &lt; org.aspectj.weaver.tools.WeavingAdaptor.weaveClass false
3214 [main] DEBUG org.aspectj.weaver.loadtime.Aj  - 16:58:02.734 main &lt; org.aspectj.weaver.loadtime.Aj.preProcess byte[12658]
3215 [main] DEBUG org.aspectj.weaver.loadtime.Aj  - 16:58:02.735 main &gt; org.aspectj.weaver.loadtime.Aj.preProcess org.aspectj.weaver.loadtime.Aj@58027738 org/hibernate/type/AbstractComponentType, byte[1003], org.springframework.test.jpa.OrmXmlOverridingShadowingClassLoader@2bbf1be2
3215 [main] DEBUG org.aspectj.weaver.loadtime.Aj  - 16:58:02.735 main - org.aspectj.weaver.loadtime.Aj.preProcess org.aspectj.weaver.loadtime.Aj@58027738 sun.misc.Launcher$AppClassLoader@302b2c81, org.springframework.test.jpa.OrmXmlOverridingShadowingClassLoader@2bbf1be2
3215 [main] DEBUG org.aspectj.weaver.tools.WeavingAdaptor  - 16:58:02.735 main &gt; org.aspectj.weaver.tools.WeavingAdaptor.weaveClass org.aspectj.weaver.loadtime.ClassLoaderWeavingAdaptor@10b090ac org/hibernate/type/AbstractComponentType, byte[1003]
3215 [main] DEBUG org.aspectj.weaver.tools.WeavingAdaptor  - 16:58:02.735 main &lt; org.aspectj.weaver.tools.WeavingAdaptor.weaveClass false
3215 [main] DEBUG org.aspectj.weaver.loadtime.Aj  - 16:58:02.735 main &lt; org.aspectj.weaver.loadtime.Aj.preProcess byte[1003]
3216 [main] DEBUG org.aspectj.weaver.loadtime.Aj  - 16:58:02.736 main &gt; org.aspectj.weaver.loadtime.Aj.preProcess org.aspectj.weaver.loadtime.Aj@58027738 org/hibernate/JDBCException, byte[1132], org.springframework.test.jpa.OrmXmlOverridingShadowingClassLoader@2bbf1be2
3216 [main] DEBUG org.aspectj.weaver.loadtime.Aj  - 16:58:02.736 main - org.aspectj.weaver.loadtime.Aj.preProcess org.aspectj.weaver.loadtime.Aj@58027738 sun.misc.Launcher$AppClassLoader@302b2c81, org.springframework.test.jpa.OrmXmlOverridingShadowingClassLoader@2bbf1be2
3216 [main] DEBUG org.aspectj.weaver.tools.WeavingAdaptor  - 16:58:02.736 main &gt; org.aspectj.weaver.tools.WeavingAdaptor.weaveClass org.aspectj.weaver.loadtime.ClassLoaderWeavingAdaptor@10b090ac org/hibernate/JDBCException, byte[1132]
3216 [main] DEBUG org.aspectj.weaver.tools.WeavingAdaptor  - 16:58:02.736 main &lt; org.aspectj.weaver.tools.WeavingAdaptor.weaveClass false
3216 [main] DEBUG org.aspectj.weaver.loadtime.Aj  - 16:58:02.736 main &lt; org.aspectj.weaver.loadtime.Aj.preProcess byte[1132]
3217 [main] DEBUG org.aspectj.weaver.loadtime.Aj  - 16:58:02.737 main &gt; org.aspectj.weaver.loadtime.Aj.preProcess org.aspectj.weaver.loadtime.Aj@58027738 org/hibernate/type/AdaptedImmutableType, byte[2373], org.springframework.test.jpa.OrmXmlOverridingShadowingClassLoader@2bbf1be2
3217 [main] DEBUG org.aspectj.weaver.loadtime.Aj  - 16:58:02.737 main - org.aspectj.weaver.loadtime.Aj.preProcess org.aspectj.weaver.loadtime.Aj@58027738 sun.misc.Launcher$AppClassLoader@302b2c81, org.springframework.test.jpa.OrmXmlOverridingShadowingClassLoader@2bbf1be2
3217 [main] DEBUG org.aspectj.weaver.tools.WeavingAdaptor  - 16:58:02.737 main &gt; org.aspectj.weaver.tools.WeavingAdaptor.weaveClass org.aspectj.weaver.loadtime.ClassLoaderWeavingAdaptor@10b090ac org/hibernate/type/AdaptedImmutableType, byte[2373]
3217 [main] DEBUG org.aspectj.weaver.tools.WeavingAdaptor  - 16:58:02.737 main &lt; org.aspectj.weaver.tools.WeavingAdaptor.weaveClass false
3217 [main] DEBUG org.aspectj.weaver.loadtime.Aj  - 16:58:02.737 main &lt; org.aspectj.weaver.loadtime.Aj.preProcess byte[2373]
3218 [main] DEBUG org.aspectj.weaver.loadtime.Aj  - 16:58:02.738 main &gt; org.aspectj.weaver.loadtime.Aj.preProcess org.aspectj.weaver.loadtime.Aj@58027738 org/hibernate/mapping/Table$ForeignKeyKey, byte[1245], org.springframework.test.jpa.OrmXmlOverridingShadowingClassLoader@2bbf1be2
3219 [main] DEBUG org.aspectj.weaver.loadtime.Aj  - 16:58:02.739 main - org.aspectj.weaver.loadtime.Aj.preProcess org.aspectj.weaver.loadtime.Aj@58027738 sun.misc.Launcher$AppClassLoader@302b2c81, org.springframework.test.jpa.OrmXmlOverridingShadowingClassLoader@2bbf1be2
3219 [main] DEBUG org.aspectj.weaver.tools.WeavingAdaptor  - 16:58:02.739 main &gt; org.aspectj.weaver.tools.WeavingAdaptor.weaveClass org.aspectj.weaver.loadtime.ClassLoaderWeavingAdaptor@10b090ac org/hibernate/mapping/Table$ForeignKeyKey, byte[1245]
3219 [main] DEBUG org.aspectj.weaver.tools.WeavingAdaptor  - 16:58:02.739 main &lt; org.aspectj.weaver.tools.WeavingAdaptor.weaveClass false
3219 [main] DEBUG org.aspectj.weaver.loadtime.Aj  - 16:58:02.739 main &lt; org.aspectj.weaver.loadtime.Aj.preProcess byte[1245]
3219 [main] DEBUG org.aspectj.weaver.loadtime.Aj  - 16:58:02.739 main &gt; org.aspectj.weaver.loadtime.Aj.preProcess org.aspectj.weaver.loadtime.Aj@58027738 org/hibernate/util/CollectionHelper, byte[881], org.springframework.test.jpa.OrmXmlOverridingShadowingClassLoader@2bbf1be2
3219 [main] DEBUG org.aspectj.weaver.loadtime.Aj  - 16:58:02.739 main - org.aspectj.weaver.loadtime.Aj.preProcess org.aspectj.weaver.loadtime.Aj@58027738 sun.misc.Launcher$AppClassLoader@302b2c81, org.springframework.test.jpa.OrmXmlOverridingShadowingClassLoader@2bbf1be2
3219 [main] DEBUG org.aspectj.weaver.tools.WeavingAdaptor  - 16:58:02.739 main &gt; org.aspectj.weaver.tools.WeavingAdaptor.weaveClass org.aspectj.weaver.loadtime.ClassLoaderWeavingAdaptor@10b090ac org/hibernate/util/CollectionHelper, byte[881]
3219 [main] DEBUG org.aspectj.weaver.tools.WeavingAdaptor  - 16:58:02.739 main &lt; org.aspectj.weaver.tools.WeavingAdaptor.weaveClass false
3219 [main] DEBUG org.aspectj.weaver.loadtime.Aj  - 16:58:02.739 main &lt; org.aspectj.weaver.loadtime.Aj.preProcess byte[881]
3219 [main] DEBUG org.aspectj.weaver.loadtime.Aj  - 16:58:02.739 main &gt; org.aspectj.weaver.loadtime.Aj.preProcess org.aspectj.weaver.loadtime.Aj@58027738 org/hibernate/mapping/ForeignKey, byte[5623], org.springframework.test.jpa.OrmXmlOverridingShadowingClassLoader@2bbf1be2
3220 [main] DEBUG org.aspectj.weaver.loadtime.Aj  - 16:58:02.740 main - org.aspectj.weaver.loadtime.Aj.preProcess org.aspectj.weaver.loadtime.Aj@58027738 sun.misc.Launcher$AppClassLoader@302b2c81, org.springframework.test.jpa.OrmXmlOverridingShadowingClassLoader@2bbf1be2
3220 [main] DEBUG org.aspectj.weaver.tools.WeavingAdaptor  - 16:58:02.740 main &gt; org.aspectj.weaver.tools.WeavingAdaptor.weaveClass org.aspectj.weaver.loadtime.ClassLoaderWeavingAdaptor@10b090ac org/hibernate/mapping/ForeignKey, byte[5623]
3220 [main] DEBUG org.aspectj.weaver.tools.WeavingAdaptor  - 16:58:02.740 main &lt; org.aspectj.weaver.tools.WeavingAdaptor.weaveClass false
3220 [main] DEBUG org.aspectj.weaver.loadtime.Aj  - 16:58:02.740 main &lt; org.aspectj.weaver.loadtime.Aj.preProcess byte[5623]
3220 [main] DEBUG org.aspectj.weaver.loadtime.Aj  - 16:58:02.740 main &gt; org.aspectj.weaver.loadtime.Aj.preProcess org.aspectj.weaver.loadtime.Aj@58027738 org/hibernate/mapping/Constraint, byte[3998], org.springframework.test.jpa.OrmXmlOverridingShadowingClassLoader@2bbf1be2
3220 [main] DEBUG org.aspectj.weaver.loadtime.Aj  - 16:58:02.740 main - org.aspectj.weaver.loadtime.Aj.preProcess org.aspectj.weaver.loadtime.Aj@58027738 sun.misc.Launcher$AppClassLoader@302b2c81, org.springframework.test.jpa.OrmXmlOverridingShadowingClassLoader@2bbf1be2
3220 [main] DEBUG org.aspectj.weaver.tools.WeavingAdaptor  - 16:58:02.740 main &gt; org.aspectj.weaver.tools.WeavingAdaptor.weaveClass org.aspectj.weaver.loadtime.ClassLoaderWeavingAdaptor@10b090ac org/hibernate/mapping/Constraint, byte[3998]
3220 [main] DEBUG org.aspectj.weaver.tools.WeavingAdaptor  - 16:58:02.740 main &lt; org.aspectj.weaver.tools.WeavingAdaptor.weaveClass false
3220 [main] DEBUG org.aspectj.weaver.loadtime.Aj  - 16:58:02.740 main &lt; org.aspectj.weaver.loadtime.Aj.preProcess byte[3998]
3221 [main] DEBUG org.aspectj.weaver.loadtime.Aj  - 16:58:02.741 main &gt; org.aspectj.weaver.loadtime.Aj.preProcess org.aspectj.weaver.loadtime.Aj@58027738 org/hibernate/mapping/PrimaryKey, byte[1642], org.springframework.test.jpa.OrmXmlOverridingShadowingClassLoader@2bbf1be2
3221 [main] DEBUG org.aspectj.weaver.loadtime.Aj  - 16:58:02.741 main - org.aspectj.weaver.loadtime.Aj.preProcess org.aspectj.weaver.loadtime.Aj@58027738 sun.misc.Launcher$AppClassLoader@302b2c81, org.springframework.test.jpa.OrmXmlOverridingShadowingClassLoader@2bbf1be2
3221 [main] DEBUG org.aspectj.weaver.tools.WeavingAdaptor  - 16:58:02.741 main &gt; org.aspectj.weaver.tools.WeavingAdaptor.weaveClass org.aspectj.weaver.loadtime.ClassLoaderWeavingAdaptor@10b090ac org/hibernate/mapping/PrimaryKey, byte[1642]
3221 [main] DEBUG org.aspectj.weaver.tools.WeavingAdaptor  - 16:58:02.741 main &lt; org.aspectj.weaver.tools.WeavingAdaptor.weaveClass false
3221 [main] DEBUG org.aspectj.weaver.loadtime.Aj  - 16:58:02.741 main &lt; org.aspectj.weaver.loadtime.Aj.preProcess byte[1642]
3222 [main] DEBUG org.aspectj.weaver.loadtime.Aj  - 16:58:02.742 main &gt; org.aspectj.weaver.loadtime.Aj.preProcess org.aspectj.weaver.loadtime.Aj@58027738 org/hibernate/annotations/FilterJoinTable, byte[524], org.springframework.test.jpa.OrmXmlOverridingShadowingClassLoader@2bbf1be2
3222 [main] DEBUG org.aspectj.weaver.loadtime.Aj  - 16:58:02.742 main - org.aspectj.weaver.loadtime.Aj.preProcess org.aspectj.weaver.loadtime.Aj@58027738 sun.misc.Launcher$AppClassLoader@302b2c81, org.springframework.test.jpa.OrmXmlOverridingShadowingClassLoader@2bbf1be2
3222 [main] DEBUG org.aspectj.weaver.tools.WeavingAdaptor  - 16:58:02.742 main &gt; org.aspectj.weaver.tools.WeavingAdaptor.weaveClass org.aspectj.weaver.loadtime.ClassLoaderWeavingAdaptor@10b090ac org/hibernate/annotations/FilterJoinTable, byte[524]
3222 [main] DEBUG org.aspectj.weaver.tools.WeavingAdaptor  - 16:58:02.742 main &lt; org.aspectj.weaver.tools.WeavingAdaptor.weaveClass false
3222 [main] DEBUG org.aspectj.weaver.loadtime.Aj  - 16:58:02.742 main &lt; org.aspectj.weaver.loadtime.Aj.preProcess byte[524]
3222 [main] DEBUG org.aspectj.weaver.loadtime.Aj  - 16:58:02.742 main &gt; org.aspectj.weaver.loadtime.Aj.preProcess org.aspectj.weaver.loadtime.Aj@58027738 org/hibernate/annotations/FilterJoinTables, byte[493], org.springframework.test.jpa.OrmXmlOverridingShadowingClassLoader@2bbf1be2
3222 [main] DEBUG org.aspectj.weaver.loadtime.Aj  - 16:58:02.742 main - org.aspectj.weaver.loadtime.Aj.preProcess org.aspectj.weaver.loadtime.Aj@58027738 sun.misc.Launcher$AppClassLoader@302b2c81, org.springframework.test.jpa.OrmXmlOverridingShadowingClassLoader@2bbf1be2
3222 [main] DEBUG org.aspectj.weaver.tools.WeavingAdaptor  - 16:58:02.742 main &gt; org.aspectj.weaver.tools.WeavingAdaptor.weaveClass org.aspectj.weaver.loadtime.ClassLoaderWeavingAdaptor@10b090ac org/hibernate/annotations/FilterJoinTables, byte[493]
3223 [main] DEBUG org.aspectj.weaver.tools.WeavingAdaptor  - 16:58:02.743 main &lt; org.aspectj.weaver.tools.WeavingAdaptor.weaveClass false
3223 [main] DEBUG org.aspectj.weaver.loadtime.Aj  - 16:58:02.743 main &lt; org.aspectj.weaver.loadtime.Aj.preProcess byte[493]
3223 [main] DEBUG org.aspectj.weaver.loadtime.Aj  - 16:58:02.743 main &gt; org.aspectj.weaver.loadtime.Aj.preProcess org.aspectj.weaver.loadtime.Aj@58027738 org/hibernate/annotations/WhereJoinTable, byte[472], org.springframework.test.jpa.OrmXmlOverridingShadowingClassLoader@2bbf1be2
3223 [main] DEBUG org.aspectj.weaver.loadtime.Aj  - 16:58:02.743 main - org.aspectj.weaver.loadtime.Aj.preProcess org.aspectj.weaver.loadtime.Aj@58027738 sun.misc.Launcher$AppClassLoader@302b2c81, org.springframework.test.jpa.OrmXmlOverridingShadowingClassLoader@2bbf1be2
3223 [main] DEBUG org.aspectj.weaver.tools.WeavingAdaptor  - 16:58:02.743 main &gt; org.aspectj.weaver.tools.WeavingAdaptor.weaveClass org.aspectj.weaver.loadtime.ClassLoaderWeavingAdaptor@10b090ac org/hibernate/annotations/WhereJoinTable, byte[472]
3223 [main] DEBUG org.aspectj.weaver.tools.WeavingAdaptor  - 16:58:02.743 main &lt; org.aspectj.weaver.tools.WeavingAdaptor.weaveClass false
3223 [main] DEBUG org.aspectj.weaver.loadtime.Aj  - 16:58:02.743 main &lt; org.aspectj.weaver.loadtime.Aj.preProcess byte[472]
3224 [main] DEBUG org.aspectj.weaver.loadtime.Aj  - 16:58:02.744 main &gt; org.aspectj.weaver.loadtime.Aj.preProcess org.aspectj.weaver.loadtime.Aj@58027738 org/hibernate/mapping/OneToMany, byte[4017], org.springframework.test.jpa.OrmXmlOverridingShadowingClassLoader@2bbf1be2
3224 [main] DEBUG org.aspectj.weaver.loadtime.Aj  - 16:58:02.744 main - org.aspectj.weaver.loadtime.Aj.preProcess org.aspectj.weaver.loadtime.Aj@58027738 sun.misc.Launcher$AppClassLoader@302b2c81, org.springframework.test.jpa.OrmXmlOverridingShadowingClassLoader@2bbf1be2
3224 [main] DEBUG org.aspectj.weaver.tools.WeavingAdaptor  - 16:58:02.744 main &gt; org.aspectj.weaver.tools.WeavingAdaptor.weaveClass org.aspectj.weaver.loadtime.ClassLoaderWeavingAdaptor@10b090ac org/hibernate/mapping/OneToMany, byte[4017]
3224 [main] DEBUG org.aspectj.weaver.tools.WeavingAdaptor  - 16:58:02.744 main &lt; org.aspectj.weaver.tools.WeavingAdaptor.weaveClass false
3224 [main] DEBUG org.aspectj.weaver.loadtime.Aj  - 16:58:02.744 main &lt; org.aspectj.weaver.loadtime.Aj.preProcess byte[4017]
3225 [main] DEBUG org.aspectj.weaver.loadtime.Aj  - 16:58:02.745 main &gt; org.aspectj.weaver.loadtime.Aj.preProcess org.aspectj.weaver.loadtime.Aj@58027738 org/hibernate/util/JoinedIterator, byte[1770], org.springframework.test.jpa.OrmXmlOverridingShadowingClassLoader@2bbf1be2
3225 [main] DEBUG org.aspectj.weaver.loadtime.Aj  - 16:58:02.745 main - org.aspectj.weaver.loadtime.Aj.preProcess org.aspectj.weaver.loadtime.Aj@58027738 sun.misc.Launcher$AppClassLoader@302b2c81, org.springframework.test.jpa.OrmXmlOverridingShadowingClassLoader@2bbf1be2
3225 [main] DEBUG org.aspectj.weaver.tools.WeavingAdaptor  - 16:58:02.745 main &gt; org.aspectj.weaver.tools.WeavingAdaptor.weaveClass org.aspectj.weaver.loadtime.ClassLoaderWeavingAdaptor@10b090ac org/hibernate/util/JoinedIterator, byte[1770]
3225 [main] DEBUG org.aspectj.weaver.tools.WeavingAdaptor  - 16:58:02.745 main &lt; org.aspectj.weaver.tools.WeavingAdaptor.weaveClass false
3225 [main] DEBUG org.aspectj.weaver.loadtime.Aj  - 16:58:02.745 main &lt; org.aspectj.weaver.loadtime.Aj.preProcess byte[1770]
3226 [main] DEBUG org.aspectj.weaver.loadtime.Aj  - 16:58:02.746 main &gt; org.aspectj.weaver.loadtime.Aj.preProcess org.aspectj.weaver.loadtime.Aj@58027738 org/hibernate/annotations/common/util/ReflectHelper, byte[3868], org.springframework.test.jpa.OrmXmlOverridingShadowingClassLoader@2bbf1be2
3226 [main] DEBUG org.aspectj.weaver.loadtime.Aj  - 16:58:02.746 main - org.aspectj.weaver.loadtime.Aj.preProcess org.aspectj.weaver.loadtime.Aj@58027738 sun.misc.Launcher$AppClassLoader@302b2c81, org.springframework.test.jpa.OrmXmlOverridingShadowingClassLoader@2bbf1be2
3227 [main] DEBUG org.aspectj.weaver.tools.WeavingAdaptor  - 16:58:02.746 main &gt; org.aspectj.weaver.tools.WeavingAdaptor.weaveClass org.aspectj.weaver.loadtime.ClassLoaderWeavingAdaptor@10b090ac org/hibernate/annotations/common/util/ReflectHelper, byte[3868]
3227 [main] DEBUG org.aspectj.weaver.tools.WeavingAdaptor  - 16:58:02.747 main &lt; org.aspectj.weaver.tools.WeavingAdaptor.weaveClass false
3227 [main] DEBUG org.aspectj.weaver.loadtime.Aj  - 16:58:02.747 main &lt; org.aspectj.weaver.loadtime.Aj.preProcess byte[3868]
3227 [main] DEBUG org.aspectj.weaver.loadtime.Aj  - 16:58:02.747 main &gt; org.aspectj.weaver.loadtime.Aj.preProcess org.aspectj.weaver.loadtime.Aj@58027738 org/hibernate/annotations/common/AssertionFailure, byte[1061], org.springframework.test.jpa.OrmXmlOverridingShadowingClassLoader@2bbf1be2
3227 [main] DEBUG org.aspectj.weaver.loadtime.Aj  - 16:58:02.747 main - org.aspectj.weaver.loadtime.Aj.preProcess org.aspectj.weaver.loadtime.Aj@58027738 sun.misc.Launcher$AppClassLoader@302b2c81, org.springframework.test.jpa.OrmXmlOverridingShadowingClassLoader@2bbf1be2
3227 [main] DEBUG org.aspectj.weaver.tools.WeavingAdaptor  - 16:58:02.747 main &gt; org.aspectj.weaver.tools.WeavingAdaptor.weaveClass org.aspectj.weaver.loadtime.ClassLoaderWeavingAdaptor@10b090ac org/hibernate/annotations/common/AssertionFailure, byte[1061]
3227 [main] DEBUG org.aspectj.weaver.tools.WeavingAdaptor  - 16:58:02.747 main &lt; org.aspectj.weaver.tools.WeavingAdaptor.weaveClass false
3227 [main] DEBUG org.aspectj.weaver.loadtime.Aj  - 16:58:02.747 main &lt; org.aspectj.weaver.loadtime.Aj.preProcess byte[1061]
3228 [main] DEBUG org.aspectj.weaver.loadtime.Aj  - 16:58:02.748 main &gt; org.aspectj.weaver.loadtime.Aj.preProcess org.aspectj.weaver.loadtime.Aj@58027738 org/hibernate/ejb/event/CallbackResolver, byte[7390], org.springframework.test.jpa.OrmXmlOverridingShadowingClassLoader@2bbf1be2
3228 [main] DEBUG org.aspectj.weaver.loadtime.Aj  - 16:58:02.748 main - org.aspectj.weaver.loadtime.Aj.preProcess org.aspectj.weaver.loadtime.Aj@58027738 sun.misc.Launcher$AppClassLoader@302b2c81, org.springframework.test.jpa.OrmXmlOverridingShadowingClassLoader@2bbf1be2
3228 [main] DEBUG org.aspectj.weaver.tools.WeavingAdaptor  - 16:58:02.748 main &gt; org.aspectj.weaver.tools.WeavingAdaptor.weaveClass org.aspectj.weaver.loadtime.ClassLoaderWeavingAdaptor@10b090ac org/hibernate/ejb/event/CallbackResolver, byte[7390]
3228 [main] DEBUG org.aspectj.weaver.tools.WeavingAdaptor  - 16:58:02.748 main &lt; org.aspectj.weaver.tools.WeavingAdaptor.weaveClass false
3228 [main] DEBUG org.aspectj.weaver.loadtime.Aj  - 16:58:02.748 main &lt; org.aspectj.weaver.loadtime.Aj.preProcess byte[7390]
3230 [main] DEBUG org.aspectj.weaver.loadtime.Aj  - 16:58:02.750 main &gt; org.aspectj.weaver.loadtime.Aj.preProcess org.aspectj.weaver.loadtime.Aj@58027738 org/hibernate/annotations/common/reflection/java/JavaXMethod, byte[3305], org.springframework.test.jpa.OrmXmlOverridingShadowingClassLoader@2bbf1be2
3230 [main] DEBUG org.aspectj.weaver.loadtime.Aj  - 16:58:02.750 main - org.aspectj.weaver.loadtime.Aj.preProcess org.aspectj.weaver.loadtime.Aj@58027738 sun.misc.Launcher$AppClassLoader@302b2c81, org.springframework.test.jpa.OrmXmlOverridingShadowingClassLoader@2bbf1be2
3230 [main] DEBUG org.aspectj.weaver.tools.WeavingAdaptor  - 16:58:02.750 main &gt; org.aspectj.weaver.tools.WeavingAdaptor.weaveClass org.aspectj.weaver.loadtime.ClassLoaderWeavingAdaptor@10b090ac org/hibernate/annotations/common/reflection/java/JavaXMethod, byte[3305]
3230 [main] DEBUG org.aspectj.weaver.tools.WeavingAdaptor  - 16:58:02.750 main &lt; org.aspectj.weaver.tools.WeavingAdaptor.weaveClass false
3230 [main] DEBUG org.aspectj.weaver.loadtime.Aj  - 16:58:02.750 main &lt; org.aspectj.weaver.loadtime.Aj.preProcess byte[3305]
3231 [main] DEBUG org.aspectj.weaver.loadtime.Aj  - 16:58:02.751 main &gt; org.aspectj.weaver.loadtime.Aj.preProcess org.aspectj.weaver.loadtime.Aj@58027738 org/hibernate/ejb/event/Callback, byte[3329], org.springframework.test.jpa.OrmXmlOverridingShadowingClassLoader@2bbf1be2
3231 [main] DEBUG org.aspectj.weaver.loadtime.Aj  - 16:58:02.751 main - org.aspectj.weaver.loadtime.Aj.preProcess org.aspectj.weaver.loadtime.Aj@58027738 sun.misc.Launcher$AppClassLoader@302b2c81, org.springframework.test.jpa.OrmXmlOverridingShadowingClassLoader@2bbf1be2
3232 [main] DEBUG org.aspectj.weaver.tools.WeavingAdaptor  - 16:58:02.752 main &gt; org.aspectj.weaver.tools.WeavingAdaptor.weaveClass org.aspectj.weaver.loadtime.ClassLoaderWeavingAdaptor@10b090ac org/hibernate/ejb/event/Callback, byte[3329]
3232 [main] DEBUG org.aspectj.weaver.tools.WeavingAdaptor  - 16:58:02.752 main &lt; org.aspectj.weaver.tools.WeavingAdaptor.weaveClass false
3232 [main] DEBUG org.aspectj.weaver.loadtime.Aj  - 16:58:02.752 main &lt; org.aspectj.weaver.loadtime.Aj.preProcess byte[3329]
3239 [main] DEBUG org.aspectj.weaver.loadtime.Aj  - 16:58:02.759 main &gt; org.aspectj.weaver.loadtime.Aj.preProcess org.aspectj.weaver.loadtime.Aj@58027738 org/hibernate/ejb/util/NamingHelper, byte[2792], org.springframework.test.jpa.OrmXmlOverridingShadowingClassLoader@2bbf1be2
3239 [main] DEBUG org.aspectj.weaver.loadtime.Aj  - 16:58:02.759 main - org.aspectj.weaver.loadtime.Aj.preProcess org.aspectj.weaver.loadtime.Aj@58027738 sun.misc.Launcher$AppClassLoader@302b2c81, org.springframework.test.jpa.OrmXmlOverridingShadowingClassLoader@2bbf1be2
3239 [main] DEBUG org.aspectj.weaver.tools.WeavingAdaptor  - 16:58:02.759 main &gt; org.aspectj.weaver.tools.WeavingAdaptor.weaveClass org.aspectj.weaver.loadtime.ClassLoaderWeavingAdaptor@10b090ac org/hibernate/ejb/util/NamingHelper, byte[2792]
3239 [main] DEBUG org.aspectj.weaver.tools.WeavingAdaptor  - 16:58:02.759 main &lt; org.aspectj.weaver.tools.WeavingAdaptor.weaveClass false
3239 [main] DEBUG org.aspectj.weaver.loadtime.Aj  - 16:58:02.759 main &lt; org.aspectj.weaver.loadtime.Aj.preProcess byte[2792]
3240 [main] DEBUG org.aspectj.weaver.loadtime.Aj  - 16:58:02.760 main &gt; org.aspectj.weaver.loadtime.Aj.preProcess org.aspectj.weaver.loadtime.Aj@58027738 org/hibernate/ejb/util/NamingHelper$1, byte[2038], org.springframework.test.jpa.OrmXmlOverridingShadowingClassLoader@2bbf1be2
3240 [main] DEBUG org.aspectj.weaver.loadtime.Aj  - 16:58:02.760 main - org.aspectj.weaver.loadtime.Aj.preProcess org.aspectj.weaver.loadtime.Aj@58027738 sun.misc.Launcher$AppClassLoader@302b2c81, org.springframework.test.jpa.OrmXmlOverridingShadowingClassLoader@2bbf1be2
3240 [main] DEBUG org.aspectj.weaver.tools.WeavingAdaptor  - 16:58:02.760 main &gt; org.aspectj.weaver.tools.WeavingAdaptor.weaveClass org.aspectj.weaver.loadtime.ClassLoaderWeavingAdaptor@10b090ac org/hibernate/ejb/util/NamingHelper$1, byte[2038]
3240 [main] DEBUG org.aspectj.weaver.tools.WeavingAdaptor  - 16:58:02.760 main &lt; org.aspectj.weaver.tools.WeavingAdaptor.weaveClass false
3240 [main] DEBUG org.aspectj.weaver.loadtime.Aj  - 16:58:02.760 main &lt; org.aspectj.weaver.loadtime.Aj.preProcess byte[2038]
3241 [main] DEBUG org.aspectj.weaver.loadtime.Aj  - 16:58:02.761 main &gt; org.aspectj.weaver.loadtime.Aj.preProcess org.aspectj.weaver.loadtime.Aj@58027738 org/hibernate/ejb/EntityManagerFactoryImpl, byte[1820], org.springframework.test.jpa.OrmXmlOverridingShadowingClassLoader@2bbf1be2
3241 [main] DEBUG org.aspectj.weaver.loadtime.Aj  - 16:58:02.761 main - org.aspectj.weaver.loadtime.Aj.preProcess org.aspectj.weaver.loadtime.Aj@58027738 sun.misc.Launcher$AppClassLoader@302b2c81, org.springframework.test.jpa.OrmXmlOverridingShadowingClassLoader@2bbf1be2
3241 [main] DEBUG org.aspectj.weaver.tools.WeavingAdaptor  - 16:58:02.761 main &gt; org.aspectj.weaver.tools.WeavingAdaptor.weaveClass org.aspectj.weaver.loadtime.ClassLoaderWeavingAdaptor@10b090ac org/hibernate/ejb/EntityManagerFactoryImpl, byte[1820]
3241 [main] DEBUG org.aspectj.weaver.tools.WeavingAdaptor  - 16:58:02.761 main &lt; org.aspectj.weaver.tools.WeavingAdaptor.weaveClass false
3241 [main] DEBUG org.aspectj.weaver.loadtime.Aj  - 16:58:02.761 main &lt; org.aspectj.weaver.loadtime.Aj.preProcess byte[1820]
3242 [main] DEBUG org.aspectj.weaver.loadtime.Aj  - 16:58:02.762 main &gt; org.aspectj.weaver.loadtime.Aj.preProcess org.aspectj.weaver.loadtime.Aj@58027738 org/hibernate/cfg/search/SearchConfiguration, byte[4910], org.springframework.test.jpa.OrmXmlOverridingShadowingClassLoader@2bbf1be2
3242 [main] DEBUG org.aspectj.weaver.loadtime.Aj  - 16:58:02.762 main - org.aspectj.weaver.loadtime.Aj.preProcess org.aspectj.weaver.loadtime.Aj@58027738 sun.misc.Launcher$AppClassLoader@302b2c81, org.springframework.test.jpa.OrmXmlOverridingShadowingClassLoader@2bbf1be2
3242 [main] DEBUG org.aspectj.weaver.tools.WeavingAdaptor  - 16:58:02.762 main &gt; org.aspectj.weaver.tools.WeavingAdaptor.weaveClass org.aspectj.weaver.loadtime.ClassLoaderWeavingAdaptor@10b090ac org/hibernate/cfg/search/SearchConfiguration, byte[4910]
3242 [main] DEBUG org.aspectj.weaver.tools.WeavingAdaptor  - 16:58:02.762 main &lt; org.aspectj.weaver.tools.WeavingAdaptor.weaveClass false
3242 [main] DEBUG org.aspectj.weaver.loadtime.Aj  - 16:58:02.762 main &lt; org.aspectj.weaver.loadtime.Aj.preProcess byte[4910]
3243 [main] DEBUG org.aspectj.weaver.loadtime.Aj  - 16:58:02.763 main &gt; org.aspectj.weaver.loadtime.Aj.preProcess org.aspectj.weaver.loadtime.Aj@58027738 org/hibernate/util/EmptyIterator, byte[736], org.springframework.test.jpa.OrmXmlOverridingShadowingClassLoader@2bbf1be2
3243 [main] DEBUG org.aspectj.weaver.loadtime.Aj  - 16:58:02.763 main - org.aspectj.weaver.loadtime.Aj.preProcess org.aspectj.weaver.loadtime.Aj@58027738 sun.misc.Launcher$AppClassLoader@302b2c81, org.springframework.test.jpa.OrmXmlOverridingShadowingClassLoader@2bbf1be2
3243 [main] DEBUG org.aspectj.weaver.tools.WeavingAdaptor  - 16:58:02.763 main &gt; org.aspectj.weaver.tools.WeavingAdaptor.weaveClass org.aspectj.weaver.loadtime.ClassLoaderWeavingAdaptor@10b090ac org/hibernate/util/EmptyIterator, byte[736]
3243 [main] DEBUG org.aspectj.weaver.tools.WeavingAdaptor  - 16:58:02.763 main &lt; org.aspectj.weaver.tools.WeavingAdaptor.weaveClass false
3243 [main] DEBUG org.aspectj.weaver.loadtime.Aj  - 16:58:02.763 main &lt; org.aspectj.weaver.loadtime.Aj.preProcess byte[736]
3244 [main] DEBUG org.aspectj.weaver.loadtime.Aj  - 16:58:02.764 main &gt; org.aspectj.weaver.loadtime.Aj.preProcess org.aspectj.weaver.loadtime.Aj@58027738 org/hibernate/util/ArrayHelper, byte[8184], org.springframework.test.jpa.OrmXmlOverridingShadowingClassLoader@2bbf1be2
3244 [main] DEBUG org.aspectj.weaver.loadtime.Aj  - 16:58:02.764 main - org.aspectj.weaver.loadtime.Aj.preProcess org.aspectj.weaver.loadtime.Aj@58027738 sun.misc.Launcher$AppClassLoader@302b2c81, org.springframework.test.jpa.OrmXmlOverridingShadowingClassLoader@2bbf1be2
3244 [main] DEBUG org.aspectj.weaver.tools.WeavingAdaptor  - 16:58:02.764 main &gt; org.aspectj.weaver.tools.WeavingAdaptor.weaveClass org.aspectj.weaver.loadtime.ClassLoaderWeavingAdaptor@10b090ac org/hibernate/util/ArrayHelper, byte[8184]
3244 [main] DEBUG org.aspectj.weaver.tools.WeavingAdaptor  - 16:58:02.764 main &lt; org.aspectj.weaver.tools.WeavingAdaptor.weaveClass false
3244 [main] DEBUG org.aspectj.weaver.loadtime.Aj  - 16:58:02.764 main &lt; org.aspectj.weaver.loadtime.Aj.preProcess byte[8184]
3245 [main] DEBUG org.aspectj.weaver.loadtime.Aj  - 16:58:02.765 main &gt; org.aspectj.weaver.loadtime.Aj.preProcess org.aspectj.weaver.loadtime.Aj@58027738 org/hibernate/cfg/Settings, byte[12307], org.springframework.test.jpa.OrmXmlOverridingShadowingClassLoader@2bbf1be2
3245 [main] DEBUG org.aspectj.weaver.loadtime.Aj  - 16:58:02.765 main - org.aspectj.weaver.loadtime.Aj.preProcess org.aspectj.weaver.loadtime.Aj@58027738 sun.misc.Launcher$AppClassLoader@302b2c81, org.springframework.test.jpa.OrmXmlOverridingShadowingClassLoader@2bbf1be2
3245 [main] DEBUG org.aspectj.weaver.tools.WeavingAdaptor  - 16:58:02.765 main &gt; org.aspectj.weaver.tools.WeavingAdaptor.weaveClass org.aspectj.weaver.loadtime.ClassLoaderWeavingAdaptor@10b090ac org/hibernate/cfg/Settings, byte[12307]
3245 [main] DEBUG org.aspectj.weaver.tools.WeavingAdaptor  - 16:58:02.765 main &lt; org.aspectj.weaver.tools.WeavingAdaptor.weaveClass false
3245 [main] DEBUG org.aspectj.weaver.loadtime.Aj  - 16:58:02.765 main &lt; org.aspectj.weaver.loadtime.Aj.preProcess byte[12307]
3246 [main] DEBUG org.aspectj.weaver.loadtime.Aj  - 16:58:02.766 main &gt; org.aspectj.weaver.loadtime.Aj.preProcess org.aspectj.weaver.loadtime.Aj@58027738 org/hibernate/connection/ConnectionProviderFactory, byte[6344], org.springframework.test.jpa.OrmXmlOverridingShadowingClassLoader@2bbf1be2
3246 [main] DEBUG org.aspectj.weaver.loadtime.Aj  - 16:58:02.766 main - org.aspectj.weaver.loadtime.Aj.preProcess org.aspectj.weaver.loadtime.Aj@58027738 sun.misc.Launcher$AppClassLoader@302b2c81, org.springframework.test.jpa.OrmXmlOverridingShadowingClassLoader@2bbf1be2
3246 [main] DEBUG org.aspectj.weaver.tools.WeavingAdaptor  - 16:58:02.766 main &gt; org.aspectj.weaver.tools.WeavingAdaptor.weaveClass org.aspectj.weaver.loadtime.ClassLoaderWeavingAdaptor@10b090ac org/hibernate/connection/ConnectionProviderFactory, byte[6344]
3246 [main] DEBUG org.aspectj.weaver.tools.WeavingAdaptor  - 16:58:02.766 main &lt; org.aspectj.weaver.tools.WeavingAdaptor.weaveClass false
3246 [main] DEBUG org.aspectj.weaver.loadtime.Aj  - 16:58:02.766 main &lt; org.aspectj.weaver.loadtime.Aj.preProcess byte[6344]
3249 [main] DEBUG org.aspectj.weaver.loadtime.Aj  - 16:58:02.769 main &gt; org.aspectj.weaver.loadtime.Aj.preProcess org.aspectj.weaver.loadtime.Aj@58027738 org/hsqldb/jdbc/jdbcDatabaseMetaData, byte[18010], org.springframework.test.jpa.OrmXmlOverridingShadowingClassLoader@2bbf1be2
3249 [main] DEBUG org.aspectj.weaver.loadtime.Aj  - 16:58:02.769 main - org.aspectj.weaver.loadtime.Aj.preProcess org.aspectj.weaver.loadtime.Aj@58027738 sun.misc.Launcher$AppClassLoader@302b2c81, org.springframework.test.jpa.OrmXmlOverridingShadowingClassLoader@2bbf1be2
3249 [main] DEBUG org.aspectj.weaver.tools.WeavingAdaptor  - 16:58:02.769 main &gt; org.aspectj.weaver.tools.WeavingAdaptor.weaveClass org.aspectj.weaver.loadtime.ClassLoaderWeavingAdaptor@10b090ac org/hsqldb/jdbc/jdbcDatabaseMetaData, byte[18010]
3249 [main] DEBUG org.aspectj.weaver.tools.WeavingAdaptor  - 16:58:02.769 main &lt; org.aspectj.weaver.tools.WeavingAdaptor.weaveClass false
3249 [main] DEBUG org.aspectj.weaver.loadtime.Aj  - 16:58:02.769 main &lt; org.aspectj.weaver.loadtime.Aj.preProcess byte[18010]
3251 [main] DEBUG org.aspectj.weaver.loadtime.Aj  - 16:58:02.771 main &gt; org.aspectj.weaver.loadtime.Aj.preProcess org.aspectj.weaver.loadtime.Aj@58027738 org/hsqldb/jdbc/jdbcStatement, byte[5009], org.springframework.test.jpa.OrmXmlOverridingShadowingClassLoader@2bbf1be2
3251 [main] DEBUG org.aspectj.weaver.loadtime.Aj  - 16:58:02.771 main - org.aspectj.weaver.loadtime.Aj.preProcess org.aspectj.weaver.loadtime.Aj@58027738 sun.misc.Launcher$AppClassLoader@302b2c81, org.springframework.test.jpa.OrmXmlOverridingShadowingClassLoader@2bbf1be2
3251 [main] DEBUG org.aspectj.weaver.tools.WeavingAdaptor  - 16:58:02.771 main &gt; org.aspectj.weaver.tools.WeavingAdaptor.weaveClass org.aspectj.weaver.loadtime.ClassLoaderWeavingAdaptor@10b090ac org/hsqldb/jdbc/jdbcStatement, byte[5009]
3251 [main] DEBUG org.aspectj.weaver.tools.WeavingAdaptor  - 16:58:02.771 main &lt; org.aspectj.weaver.tools.WeavingAdaptor.weaveClass false
3251 [main] DEBUG org.aspectj.weaver.loadtime.Aj  - 16:58:02.771 main &lt; org.aspectj.weaver.loadtime.Aj.preProcess byte[5009]
3254 [main] DEBUG org.aspectj.weaver.loadtime.Aj  - 16:58:02.774 main &gt; org.aspectj.weaver.loadtime.Aj.preProcess org.aspectj.weaver.loadtime.Aj@58027738 org/hsqldb/Function, byte[8292], org.springframework.test.jpa.OrmXmlOverridingShadowingClassLoader@2bbf1be2
3254 [main] DEBUG org.aspectj.weaver.loadtime.Aj  - 16:58:02.774 main - org.aspectj.weaver.loadtime.Aj.preProcess org.aspectj.weaver.loadtime.Aj@58027738 sun.misc.Launcher$AppClassLoader@302b2c81, org.springframework.test.jpa.OrmXmlOverridingShadowingClassLoader@2bbf1be2
3254 [main] DEBUG org.aspectj.weaver.tools.WeavingAdaptor  - 16:58:02.774 main &gt; org.aspectj.weaver.tools.WeavingAdaptor.weaveClass org.aspectj.weaver.loadtime.ClassLoaderWeavingAdaptor@10b090ac org/hsqldb/Function, byte[8292]
3254 [main] DEBUG org.aspectj.weaver.tools.WeavingAdaptor  - 16:58:02.774 main &lt; org.aspectj.weaver.tools.WeavingAdaptor.weaveClass false
3254 [main] DEBUG org.aspectj.weaver.loadtime.Aj  - 16:58:02.774 main &lt; org.aspectj.weaver.loadtime.Aj.preProcess byte[8292]
3255 [main] DEBUG org.aspectj.weaver.loadtime.Aj  - 16:58:02.775 main &gt; org.aspectj.weaver.loadtime.Aj.preProcess org.aspectj.weaver.loadtime.Aj@58027738 org/hsqldb/Types, byte[11235], org.springframework.test.jpa.OrmXmlOverridingShadowingClassLoader@2bbf1be2
3255 [main] DEBUG org.aspectj.weaver.loadtime.Aj  - 16:58:02.775 main - org.aspectj.weaver.loadtime.Aj.preProcess org.aspectj.weaver.loadtime.Aj@58027738 sun.misc.Launcher$AppClassLoader@302b2c81, org.springframework.test.jpa.OrmXmlOverridingShadowingClassLoader@2bbf1be2
3256 [main] DEBUG org.aspectj.weaver.tools.WeavingAdaptor  - 16:58:02.776 main &gt; org.aspectj.weaver.tools.WeavingAdaptor.weaveClass org.aspectj.weaver.loadtime.ClassLoaderWeavingAdaptor@10b090ac org/hsqldb/Types, byte[11235]
3256 [main] DEBUG org.aspectj.weaver.tools.WeavingAdaptor  - 16:58:02.776 main &lt; org.aspectj.weaver.tools.WeavingAdaptor.weaveClass false
3256 [main] DEBUG org.aspectj.weaver.loadtime.Aj  - 16:58:02.776 main &lt; org.aspectj.weaver.loadtime.Aj.preProcess byte[11235]
3257 [main] DEBUG org.aspectj.weaver.loadtime.Aj  - 16:58:02.777 main &gt; org.aspectj.weaver.loadtime.Aj.preProcess org.aspectj.weaver.loadtime.Aj@58027738 org/hsqldb/CompiledStatement, byte[8954], org.springframework.test.jpa.OrmXmlOverridingShadowingClassLoader@2bbf1be2
3257 [main] DEBUG org.aspectj.weaver.loadtime.Aj  - 16:58:02.777 main - org.aspectj.weaver.loadtime.Aj.preProcess org.aspectj.weaver.loadtime.Aj@58027738 sun.misc.Launcher$AppClassLoader@302b2c81, org.springframework.test.jpa.OrmXmlOverridingShadowingClassLoader@2bbf1be2
3257 [main] DEBUG org.aspectj.weaver.tools.WeavingAdaptor  - 16:58:02.777 main &gt; org.aspectj.weaver.tools.WeavingAdaptor.weaveClass org.aspectj.weaver.loadtime.ClassLoaderWeavingAdaptor@10b090ac org/hsqldb/CompiledStatement, byte[8954]
3257 [main] DEBUG org.aspectj.weaver.tools.WeavingAdaptor  - 16:58:02.777 main &lt; org.aspectj.weaver.tools.WeavingAdaptor.weaveClass false
3257 [main] DEBUG org.aspectj.weaver.loadtime.Aj  - 16:58:02.777 main &lt; org.aspectj.weaver.loadtime.Aj.preProcess byte[8954]
3258 [main] DEBUG org.aspectj.weaver.loadtime.Aj  - 16:58:02.778 main &gt; org.aspectj.weaver.loadtime.Aj.preProcess org.aspectj.weaver.loadtime.Aj@58027738 org/hsqldb/jdbc/jdbcResultSet, byte[16908], org.springframework.test.jpa.OrmXmlOverridingShadowingClassLoader@2bbf1be2
3258 [main] DEBUG org.aspectj.weaver.loadtime.Aj  - 16:58:02.778 main - org.aspectj.weaver.loadtime.Aj.preProcess org.aspectj.weaver.loadtime.Aj@58027738 sun.misc.Launcher$AppClassLoader@302b2c81, org.springframework.test.jpa.OrmXmlOverridingShadowingClassLoader@2bbf1be2
3258 [main] DEBUG org.aspectj.weaver.tools.WeavingAdaptor  - 16:58:02.778 main &gt; org.aspectj.weaver.tools.WeavingAdaptor.weaveClass org.aspectj.weaver.loadtime.ClassLoaderWeavingAdaptor@10b090ac org/hsqldb/jdbc/jdbcResultSet, byte[16908]
3258 [main] DEBUG org.aspectj.weaver.tools.WeavingAdaptor  - 16:58:02.778 main &lt; org.aspectj.weaver.tools.WeavingAdaptor.weaveClass false
3258 [main] DEBUG org.aspectj.weaver.loadtime.Aj  - 16:58:02.778 main &lt; org.aspectj.weaver.loadtime.Aj.preProcess byte[16908]
3259 [main] DEBUG org.aspectj.weaver.loadtime.Aj  - 16:58:02.779 main &gt; org.aspectj.weaver.loadtime.Aj.preProcess org.aspectj.weaver.loadtime.Aj@58027738 org/hsqldb/Result$ResultMetaData, byte[2520], org.springframework.test.jpa.OrmXmlOverridingShadowingClassLoader@2bbf1be2
3259 [main] DEBUG org.aspectj.weaver.loadtime.Aj  - 16:58:02.779 main - org.aspectj.weaver.loadtime.Aj.preProcess org.aspectj.weaver.loadtime.Aj@58027738 sun.misc.Launcher$AppClassLoader@302b2c81, org.springframework.test.jpa.OrmXmlOverridingShadowingClassLoader@2bbf1be2
3259 [main] DEBUG org.aspectj.weaver.tools.WeavingAdaptor  - 16:58:02.779 main &gt; org.aspectj.weaver.tools.WeavingAdaptor.weaveClass org.aspectj.weaver.loadtime.ClassLoaderWeavingAdaptor@10b090ac org/hsqldb/Result$ResultMetaData, byte[2520]
3259 [main] DEBUG org.aspectj.weaver.tools.WeavingAdaptor  - 16:58:02.779 main &lt; org.aspectj.weaver.tools.WeavingAdaptor.weaveClass false
3259 [main] DEBUG org.aspectj.weaver.loadtime.Aj  - 16:58:02.779 main &lt; org.aspectj.weaver.loadtime.Aj.preProcess byte[2520]
3260 [main] DEBUG org.aspectj.weaver.loadtime.Aj  - 16:58:02.780 main &gt; org.aspectj.weaver.loadtime.Aj.preProcess org.aspectj.weaver.loadtime.Aj@58027738 org/hsqldb/Record, byte[280], org.springframework.test.jpa.OrmXmlOverridingShadowingClassLoader@2bbf1be2
3260 [main] DEBUG org.aspectj.weaver.loadtime.Aj  - 16:58:02.780 main - org.aspectj.weaver.loadtime.Aj.preProcess org.aspectj.weaver.loadtime.Aj@58027738 sun.misc.Launcher$AppClassLoader@302b2c81, org.springframework.test.jpa.OrmXmlOverridingShadowingClassLoader@2bbf1be2
3260 [main] DEBUG org.aspectj.weaver.tools.WeavingAdaptor  - 16:58:02.780 main &gt; org.aspectj.weaver.tools.WeavingAdaptor.weaveClass org.aspectj.weaver.loadtime.ClassLoaderWeavingAdaptor@10b090ac org/hsqldb/Record, byte[280]
3260 [main] DEBUG org.aspectj.weaver.tools.WeavingAdaptor  - 16:58:02.780 main &lt; org.aspectj.weaver.tools.WeavingAdaptor.weaveClass false
3260 [main] DEBUG org.aspectj.weaver.loadtime.Aj  - 16:58:02.780 main &lt; org.aspectj.weaver.loadtime.Aj.preProcess byte[280]
3261 [main] DEBUG org.aspectj.weaver.loadtime.Aj  - 16:58:02.781 main &gt; org.aspectj.weaver.loadtime.Aj.preProcess org.aspectj.weaver.loadtime.Aj@58027738 org/hsqldb/lib/StringInputStream, byte[611], org.springframework.test.jpa.OrmXmlOverridingShadowingClassLoader@2bbf1be2
3261 [main] DEBUG org.aspectj.weaver.loadtime.Aj  - 16:58:02.781 main - org.aspectj.weaver.loadtime.Aj.preProcess org.aspectj.weaver.loadtime.Aj@58027738 sun.misc.Launcher$AppClassLoader@302b2c81, org.springframework.test.jpa.OrmXmlOverridingShadowingClassLoader@2bbf1be2
3261 [main] DEBUG org.aspectj.weaver.tools.WeavingAdaptor  - 16:58:02.781 main &gt; org.aspectj.weaver.tools.WeavingAdaptor.weaveClass org.aspectj.weaver.loadtime.ClassLoaderWeavingAdaptor@10b090ac org/hsqldb/lib/StringInputStream, byte[611]
3261 [main] DEBUG org.aspectj.weaver.tools.WeavingAdaptor  - 16:58:02.781 main &lt; org.aspectj.weaver.tools.WeavingAdaptor.weaveClass false
3261 [main] DEBUG org.aspectj.weaver.loadtime.Aj  - 16:58:02.781 main &lt; org.aspectj.weaver.loadtime.Aj.preProcess byte[611]
3261 [main] DEBUG org.aspectj.weaver.loadtime.Aj  - 16:58:02.781 main &gt; org.aspectj.weaver.loadtime.Aj.preProcess org.aspectj.weaver.loadtime.Aj@58027738 org/hsqldb/lib/AsciiStringInputStream, byte[363], org.springframework.test.jpa.OrmXmlOverridingShadowingClassLoader@2bbf1be2
3261 [main] DEBUG org.aspectj.weaver.loadtime.Aj  - 16:58:02.781 main - org.aspectj.weaver.loadtime.Aj.preProcess org.aspectj.weaver.loadtime.Aj@58027738 sun.misc.Launcher$AppClassLoader@302b2c81, org.springframework.test.jpa.OrmXmlOverridingShadowingClassLoader@2bbf1be2
3261 [main] DEBUG org.aspectj.weaver.tools.WeavingAdaptor  - 16:58:02.781 main &gt; org.aspectj.weaver.tools.WeavingAdaptor.weaveClass org.aspectj.weaver.loadtime.ClassLoaderWeavingAdaptor@10b090ac org/hsqldb/lib/AsciiStringInputStream, byte[363]
3261 [main] DEBUG org.aspectj.weaver.tools.WeavingAdaptor  - 16:58:02.781 main &lt; org.aspectj.weaver.tools.WeavingAdaptor.weaveClass false
3261 [main] DEBUG org.aspectj.weaver.loadtime.Aj  - 16:58:02.781 main &lt; org.aspectj.weaver.loadtime.Aj.preProcess byte[363]
3263 [main] DEBUG org.aspectj.weaver.loadtime.Aj  - 16:58:02.783 main &gt; org.aspectj.weaver.loadtime.Aj.preProcess org.aspectj.weaver.loadtime.Aj@58027738 org/hibernate/dialect/DialectFactory, byte[4494], org.springframework.test.jpa.OrmXmlOverridingShadowingClassLoader@2bbf1be2
3263 [main] DEBUG org.aspectj.weaver.loadtime.Aj  - 16:58:02.783 main - org.aspectj.weaver.loadtime.Aj.preProcess org.aspectj.weaver.loadtime.Aj@58027738 sun.misc.Launcher$AppClassLoader@302b2c81, org.springframework.test.jpa.OrmXmlOverridingShadowingClassLoader@2bbf1be2
3263 [main] DEBUG org.aspectj.weaver.tools.WeavingAdaptor  - 16:58:02.783 main &gt; org.aspectj.weaver.tools.WeavingAdaptor.weaveClass org.aspectj.weaver.loadtime.ClassLoaderWeavingAdaptor@10b090ac org/hibernate/dialect/DialectFactory, byte[4494]
3263 [main] DEBUG org.aspectj.weaver.tools.WeavingAdaptor  - 16:58:02.783 main &lt; org.aspectj.weaver.tools.WeavingAdaptor.weaveClass false
3263 [main] DEBUG org.aspectj.weaver.loadtime.Aj  - 16:58:02.783 main &lt; org.aspectj.weaver.loadtime.Aj.preProcess byte[4494]
3263 [main] DEBUG org.aspectj.weaver.loadtime.Aj  - 16:58:02.783 main &gt; org.aspectj.weaver.loadtime.Aj.preProcess org.aspectj.weaver.loadtime.Aj@58027738 org/hibernate/dialect/DialectFactory$VersionInsensitiveMapper, byte[796], org.springframework.test.jpa.OrmXmlOverridingShadowingClassLoader@2bbf1be2
3263 [main] DEBUG org.aspectj.weaver.loadtime.Aj  - 16:58:02.783 main - org.aspectj.weaver.loadtime.Aj.preProcess org.aspectj.weaver.loadtime.Aj@58027738 sun.misc.Launcher$AppClassLoader@302b2c81, org.springframework.test.jpa.OrmXmlOverridingShadowingClassLoader@2bbf1be2
3263 [main] DEBUG org.aspectj.weaver.tools.WeavingAdaptor  - 16:58:02.783 main &gt; org.aspectj.weaver.tools.WeavingAdaptor.weaveClass org.aspectj.weaver.loadtime.ClassLoaderWeavingAdaptor@10b090ac org/hibernate/dialect/DialectFactory$VersionInsensitiveMapper, byte[796]
3264 [main] DEBUG org.aspectj.weaver.tools.WeavingAdaptor  - 16:58:02.784 main &lt; org.aspectj.weaver.tools.WeavingAdaptor.weaveClass false
3264 [main] DEBUG org.aspectj.weaver.loadtime.Aj  - 16:58:02.784 main &lt; org.aspectj.weaver.loadtime.Aj.preProcess byte[796]
3264 [main] DEBUG org.aspectj.weaver.loadtime.Aj  - 16:58:02.784 main &gt; org.aspectj.weaver.loadtime.Aj.preProcess org.aspectj.weaver.loadtime.Aj@58027738 org/hibernate/dialect/DialectFactory$DatabaseDialectMapper, byte[300], org.springframework.test.jpa.OrmXmlOverridingShadowingClassLoader@2bbf1be2
3264 [main] DEBUG org.aspectj.weaver.loadtime.Aj  - 16:58:02.784 main - org.aspectj.weaver.loadtime.Aj.preProcess org.aspectj.weaver.loadtime.Aj@58027738 sun.misc.Launcher$AppClassLoader@302b2c81, org.springframework.test.jpa.OrmXmlOverridingShadowingClassLoader@2bbf1be2
3264 [main] DEBUG org.aspectj.weaver.tools.WeavingAdaptor  - 16:58:02.784 main &gt; org.aspectj.weaver.tools.WeavingAdaptor.weaveClass org.aspectj.weaver.loadtime.ClassLoaderWeavingAdaptor@10b090ac org/hibernate/dialect/DialectFactory$DatabaseDialectMapper, byte[300]
3264 [main] DEBUG org.aspectj.weaver.tools.WeavingAdaptor  - 16:58:02.784 main &lt; org.aspectj.weaver.tools.WeavingAdaptor.weaveClass false
3264 [main] DEBUG org.aspectj.weaver.loadtime.Aj  - 16:58:02.784 main &lt; org.aspectj.weaver.loadtime.Aj.preProcess byte[300]
3264 [main] DEBUG org.aspectj.weaver.loadtime.Aj  - 16:58:02.784 main &gt; org.aspectj.weaver.loadtime.Aj.preProcess org.aspectj.weaver.loadtime.Aj@58027738 org/hibernate/dialect/DialectFactory$1, byte[1484], org.springframework.test.jpa.OrmXmlOverridingShadowingClassLoader@2bbf1be2
3264 [main] DEBUG org.aspectj.weaver.loadtime.Aj  - 16:58:02.784 main - org.aspectj.weaver.loadtime.Aj.preProcess org.aspectj.weaver.loadtime.Aj@58027738 sun.misc.Launcher$AppClassLoader@302b2c81, org.springframework.test.jpa.OrmXmlOverridingShadowingClassLoader@2bbf1be2
3264 [main] DEBUG org.aspectj.weaver.tools.WeavingAdaptor  - 16:58:02.784 main &gt; org.aspectj.weaver.tools.WeavingAdaptor.weaveClass org.aspectj.weaver.loadtime.ClassLoaderWeavingAdaptor@10b090ac org/hibernate/dialect/DialectFactory$1, byte[1484]
3264 [main] DEBUG org.aspectj.weaver.tools.WeavingAdaptor  - 16:58:02.784 main &lt; org.aspectj.weaver.tools.WeavingAdaptor.weaveClass false
3264 [main] DEBUG org.aspectj.weaver.loadtime.Aj  - 16:58:02.784 main &lt; org.aspectj.weaver.loadtime.Aj.preProcess byte[1484]
3265 [main] DEBUG org.aspectj.weaver.loadtime.Aj  - 16:58:02.785 main &gt; org.aspectj.weaver.loadtime.Aj.preProcess org.aspectj.weaver.loadtime.Aj@58027738 org/hibernate/dialect/lock/LockingStrategy, byte[361], org.springframework.test.jpa.OrmXmlOverridingShadowingClassLoader@2bbf1be2
3265 [main] DEBUG org.aspectj.weaver.loadtime.Aj  - 16:58:02.785 main - org.aspectj.weaver.loadtime.Aj.preProcess org.aspectj.weaver.loadtime.Aj@58027738 sun.misc.Launcher$AppClassLoader@302b2c81, org.springframework.test.jpa.OrmXmlOverridingShadowingClassLoader@2bbf1be2
3265 [main] DEBUG org.aspectj.weaver.tools.WeavingAdaptor  - 16:58:02.785 main &gt; org.aspectj.weaver.tools.WeavingAdaptor.weaveClass org.aspectj.weaver.loadtime.ClassLoaderWeavingAdaptor@10b090ac org/hibernate/dialect/lock/LockingStrategy, byte[361]
3265 [main] DEBUG org.aspectj.weaver.tools.WeavingAdaptor  - 16:58:02.785 main &lt; org.aspectj.weaver.tools.WeavingAdaptor.weaveClass false
3265 [main] DEBUG org.aspectj.weaver.loadtime.Aj  - 16:58:02.785 main &lt; org.aspectj.weaver.loadtime.Aj.preProcess byte[361]
3265 [main] DEBUG org.aspectj.weaver.loadtime.Aj  - 16:58:02.785 main &gt; org.aspectj.weaver.loadtime.Aj.preProcess org.aspectj.weaver.loadtime.Aj@58027738 org/hibernate/sql/JoinFragment, byte[2093], org.springframework.test.jpa.OrmXmlOverridingShadowingClassLoader@2bbf1be2
3265 [main] DEBUG org.aspectj.weaver.loadtime.Aj  - 16:58:02.785 main - org.aspectj.weaver.loadtime.Aj.preProcess org.aspectj.weaver.loadtime.Aj@58027738 sun.misc.Launcher$AppClassLoader@302b2c81, org.springframework.test.jpa.OrmXmlOverridingShadowingClassLoader@2bbf1be2
3266 [main] DEBUG org.aspectj.weaver.tools.WeavingAdaptor  - 16:58:02.786 main &gt; org.aspectj.weaver.tools.WeavingAdaptor.weaveClass org.aspectj.weaver.loadtime.ClassLoaderWeavingAdaptor@10b090ac org/hibernate/sql/JoinFragment, byte[2093]
3266 [main] DEBUG org.aspectj.weaver.tools.WeavingAdaptor  - 16:58:02.786 main &lt; org.aspectj.weaver.tools.WeavingAdaptor.weaveClass false
3266 [main] DEBUG org.aspectj.weaver.loadtime.Aj  - 16:58:02.786 main &lt; org.aspectj.weaver.loadtime.Aj.preProcess byte[2093]
3266 [main] DEBUG org.aspectj.weaver.loadtime.Aj  - 16:58:02.786 main &gt; org.aspectj.weaver.loadtime.Aj.preProcess org.aspectj.weaver.loadtime.Aj@58027738 org/hibernate/sql/ANSIJoinFragment, byte[3033], org.springframework.test.jpa.OrmXmlOverridingShadowingClassLoader@2bbf1be2
3266 [main] DEBUG org.aspectj.weaver.loadtime.Aj  - 16:58:02.786 main - org.aspectj.weaver.loadtime.Aj.preProcess org.aspectj.weaver.loadtime.Aj@58027738 sun.misc.Launcher$AppClassLoader@302b2c81, org.springframework.test.jpa.OrmXmlOverridingShadowingClassLoader@2bbf1be2
3266 [main] DEBUG org.aspectj.weaver.tools.WeavingAdaptor  - 16:58:02.786 main &gt; org.aspectj.weaver.tools.WeavingAdaptor.weaveClass org.aspectj.weaver.loadtime.ClassLoaderWeavingAdaptor@10b090ac org/hibernate/sql/ANSIJoinFragment, byte[3033]
3266 [main] DEBUG org.aspectj.weaver.tools.WeavingAdaptor  - 16:58:02.786 main &lt; org.aspectj.weaver.tools.WeavingAdaptor.weaveClass false
3266 [main] DEBUG org.aspectj.weaver.loadtime.Aj  - 16:58:02.786 main &lt; org.aspectj.weaver.loadtime.Aj.preProcess byte[3033]
3266 [main] DEBUG org.aspectj.weaver.loadtime.Aj  - 16:58:02.786 main &gt; org.aspectj.weaver.loadtime.Aj.preProcess org.aspectj.weaver.loadtime.Aj@58027738 org/hibernate/exception/SQLExceptionConverter, byte[258], org.springframework.test.jpa.OrmXmlOverridingShadowingClassLoader@2bbf1be2
3267 [main] DEBUG org.aspectj.weaver.loadtime.Aj  - 16:58:02.787 main - org.aspectj.weaver.loadtime.Aj.preProcess org.aspectj.weaver.loadtime.Aj@58027738 sun.misc.Launcher$AppClassLoader@302b2c81, org.springframework.test.jpa.OrmXmlOverridingShadowingClassLoader@2bbf1be2
3267 [main] DEBUG org.aspectj.weaver.tools.WeavingAdaptor  - 16:58:02.787 main &gt; org.aspectj.weaver.tools.WeavingAdaptor.weaveClass org.aspectj.weaver.loadtime.ClassLoaderWeavingAdaptor@10b090ac org/hibernate/exception/SQLExceptionConverter, byte[258]
3267 [main] DEBUG org.aspectj.weaver.tools.WeavingAdaptor  - 16:58:02.787 main &lt; org.aspectj.weaver.tools.WeavingAdaptor.weaveClass false
3267 [main] DEBUG org.aspectj.weaver.loadtime.Aj  - 16:58:02.787 main &lt; org.aspectj.weaver.loadtime.Aj.preProcess byte[258]
3267 [main] DEBUG org.aspectj.weaver.loadtime.Aj  - 16:58:02.787 main &gt; org.aspectj.weaver.loadtime.Aj.preProcess org.aspectj.weaver.loadtime.Aj@58027738 org/hibernate/sql/CaseFragment, byte[1452], org.springframework.test.jpa.OrmXmlOverridingShadowingClassLoader@2bbf1be2
3267 [main] DEBUG org.aspectj.weaver.loadtime.Aj  - 16:58:02.787 main - org.aspectj.weaver.loadtime.Aj.preProcess org.aspectj.weaver.loadtime.Aj@58027738 sun.misc.Launcher$AppClassLoader@302b2c81, org.springframework.test.jpa.OrmXmlOverridingShadowingClassLoader@2bbf1be2
3267 [main] DEBUG org.aspectj.weaver.tools.WeavingAdaptor  - 16:58:02.787 main &gt; org.aspectj.weaver.tools.WeavingAdaptor.weaveClass org.aspectj.weaver.loadtime.ClassLoaderWeavingAdaptor@10b090ac org/hibernate/sql/CaseFragment, byte[1452]
3267 [main] DEBUG org.aspectj.weaver.tools.WeavingAdaptor  - 16:58:02.787 main &lt; org.aspectj.weaver.tools.WeavingAdaptor.weaveClass false
3267 [main] DEBUG org.aspectj.weaver.loadtime.Aj  - 16:58:02.787 main &lt; org.aspectj.weaver.loadtime.Aj.preProcess byte[1452]
3268 [main] DEBUG org.aspectj.weaver.loadtime.Aj  - 16:58:02.788 main &gt; org.aspectj.weaver.loadtime.Aj.preProcess org.aspectj.weaver.loadtime.Aj@58027738 org/hibernate/sql/ANSICaseFragment, byte[1390], org.springframework.test.jpa.OrmXmlOverridingShadowingClassLoader@2bbf1be2
3268 [main] DEBUG org.aspectj.weaver.loadtime.Aj  - 16:58:02.788 main - org.aspectj.weaver.loadtime.Aj.preProcess org.aspectj.weaver.loadtime.Aj@58027738 sun.misc.Launcher$AppClassLoader@302b2c81, org.springframework.test.jpa.OrmXmlOverridingShadowingClassLoader@2bbf1be2
3268 [main] DEBUG org.aspectj.weaver.tools.WeavingAdaptor  - 16:58:02.788 main &gt; org.aspectj.weaver.tools.WeavingAdaptor.weaveClass org.aspectj.weaver.loadtime.ClassLoaderWeavingAdaptor@10b090ac org/hibernate/sql/ANSICaseFragment, byte[1390]
3268 [main] DEBUG org.aspectj.weaver.tools.WeavingAdaptor  - 16:58:02.788 main &lt; org.aspectj.weaver.tools.WeavingAdaptor.weaveClass false
3268 [main] DEBUG org.aspectj.weaver.loadtime.Aj  - 16:58:02.788 main &lt; org.aspectj.weaver.loadtime.Aj.preProcess byte[1390]
3268 [main] DEBUG org.aspectj.weaver.loadtime.Aj  - 16:58:02.788 main &gt; org.aspectj.weaver.loadtime.Aj.preProcess org.aspectj.weaver.loadtime.Aj@58027738 org/hibernate/exception/ViolatedConstraintNameExtracter, byte[245], org.springframework.test.jpa.OrmXmlOverridingShadowingClassLoader@2bbf1be2
3268 [main] DEBUG org.aspectj.weaver.loadtime.Aj  - 16:58:02.788 main - org.aspectj.weaver.loadtime.Aj.preProcess org.aspectj.weaver.loadtime.Aj@58027738 sun.misc.Launcher$AppClassLoader@302b2c81, org.springframework.test.jpa.OrmXmlOverridingShadowingClassLoader@2bbf1be2
3268 [main] DEBUG org.aspectj.weaver.tools.WeavingAdaptor  - 16:58:02.788 main &gt; org.aspectj.weaver.tools.WeavingAdaptor.weaveClass org.aspectj.weaver.loadtime.ClassLoaderWeavingAdaptor@10b090ac org/hibernate/exception/ViolatedConstraintNameExtracter, byte[245]
3268 [main] DEBUG org.aspectj.weaver.tools.WeavingAdaptor  - 16:58:02.788 main &lt; org.aspectj.weaver.tools.WeavingAdaptor.weaveClass false
3268 [main] DEBUG org.aspectj.weaver.loadtime.Aj  - 16:58:02.788 main &lt; org.aspectj.weaver.loadtime.Aj.preProcess byte[245]
3269 [main] DEBUG org.aspectj.weaver.loadtime.Aj  - 16:58:02.789 main &gt; org.aspectj.weaver.loadtime.Aj.preProcess org.aspectj.weaver.loadtime.Aj@58027738 org/hibernate/dialect/function/SQLFunction, byte[481], org.springframework.test.jpa.OrmXmlOverridingShadowingClassLoader@2bbf1be2
3269 [main] DEBUG org.aspectj.weaver.loadtime.Aj  - 16:58:02.789 main - org.aspectj.weaver.loadtime.Aj.preProcess org.aspectj.weaver.loadtime.Aj@58027738 sun.misc.Launcher$AppClassLoader@302b2c81, org.springframework.test.jpa.OrmXmlOverridingShadowingClassLoader@2bbf1be2
3269 [main] DEBUG org.aspectj.weaver.tools.WeavingAdaptor  - 16:58:02.789 main &gt; org.aspectj.weaver.tools.WeavingAdaptor.weaveClass org.aspectj.weaver.loadtime.ClassLoaderWeavingAdaptor@10b090ac org/hibernate/dialect/function/SQLFunction, byte[481]
3269 [main] DEBUG org.aspectj.weaver.tools.WeavingAdaptor  - 16:58:02.789 main &lt; org.aspectj.weaver.tools.WeavingAdaptor.weaveClass false
3269 [main] DEBUG org.aspectj.weaver.loadtime.Aj  - 16:58:02.789 main &lt; org.aspectj.weaver.loadtime.Aj.preProcess byte[481]
3270 [main] DEBUG org.aspectj.weaver.loadtime.Aj  - 16:58:02.790 main &gt; org.aspectj.weaver.loadtime.Aj.preProcess org.aspectj.weaver.loadtime.Aj@58027738 org/hibernate/dialect/Dialect$1, byte[764], org.springframework.test.jpa.OrmXmlOverridingShadowingClassLoader@2bbf1be2
3270 [main] DEBUG org.aspectj.weaver.loadtime.Aj  - 16:58:02.790 main - org.aspectj.weaver.loadtime.Aj.preProcess org.aspectj.weaver.loadtime.Aj@58027738 sun.misc.Launcher$AppClassLoader@302b2c81, org.springframework.test.jpa.OrmXmlOverridingShadowingClassLoader@2bbf1be2
3270 [main] DEBUG org.aspectj.weaver.tools.WeavingAdaptor  - 16:58:02.790 main &gt; org.aspectj.weaver.tools.WeavingAdaptor.weaveClass org.aspectj.weaver.loadtime.ClassLoaderWeavingAdaptor@10b090ac org/hibernate/dialect/Dialect$1, byte[764]
3270 [main] DEBUG org.aspectj.weaver.tools.WeavingAdaptor  - 16:58:02.790 main &lt; org.aspectj.weaver.tools.WeavingAdaptor.weaveClass false
3270 [main] DEBUG org.aspectj.weaver.loadtime.Aj  - 16:58:02.790 main &lt; org.aspectj.weaver.loadtime.Aj.preProcess byte[764]
3270 [main] DEBUG org.aspectj.weaver.loadtime.Aj  - 16:58:02.790 main &gt; org.aspectj.weaver.loadtime.Aj.preProcess org.aspectj.weaver.loadtime.Aj@58027738 org/hibernate/dialect/function/StandardSQLFunction, byte[2108], org.springframework.test.jpa.OrmXmlOverridingShadowingClassLoader@2bbf1be2
3270 [main] DEBUG org.aspectj.weaver.loadtime.Aj  - 16:58:02.790 main - org.aspectj.weaver.loadtime.Aj.preProcess org.aspectj.weaver.loadtime.Aj@58027738 sun.misc.Launcher$AppClassLoader@302b2c81, org.springframework.test.jpa.OrmXmlOverridingShadowingClassLoader@2bbf1be2
3270 [main] DEBUG org.aspectj.weaver.tools.WeavingAdaptor  - 16:58:02.790 main &gt; org.aspectj.weaver.tools.WeavingAdaptor.weaveClass org.aspectj.weaver.loadtime.ClassLoaderWeavingAdaptor@10b090ac org/hibernate/dialect/function/StandardSQLFunction, byte[2108]
3270 [main] DEBUG org.aspectj.weaver.tools.WeavingAdaptor  - 16:58:02.790 main &lt; org.aspectj.weaver.tools.WeavingAdaptor.weaveClass false
3270 [main] DEBUG org.aspectj.weaver.loadtime.Aj  - 16:58:02.790 main &lt; org.aspectj.weaver.loadtime.Aj.preProcess byte[2108]
3271 [main] DEBUG org.aspectj.weaver.loadtime.Aj  - 16:58:02.791 main &gt; org.aspectj.weaver.loadtime.Aj.preProcess org.aspectj.weaver.loadtime.Aj@58027738 org/hibernate/dialect/Dialect$2, byte[1152], org.springframework.test.jpa.OrmXmlOverridingShadowingClassLoader@2bbf1be2
3271 [main] DEBUG org.aspectj.weaver.loadtime.Aj  - 16:58:02.791 main - org.aspectj.weaver.loadtime.Aj.preProcess org.aspectj.weaver.loadtime.Aj@58027738 sun.misc.Launcher$AppClassLoader@302b2c81, org.springframework.test.jpa.OrmXmlOverridingShadowingClassLoader@2bbf1be2
3271 [main] DEBUG org.aspectj.weaver.tools.WeavingAdaptor  - 16:58:02.791 main &gt; org.aspectj.weaver.tools.WeavingAdaptor.weaveClass org.aspectj.weaver.loadtime.ClassLoaderWeavingAdaptor@10b090ac org/hibernate/dialect/Dialect$2, byte[1152]
3271 [main] DEBUG org.aspectj.weaver.tools.WeavingAdaptor  - 16:58:02.791 main &lt; org.aspectj.weaver.tools.WeavingAdaptor.weaveClass false
3271 [main] DEBUG org.aspectj.weaver.loadtime.Aj  - 16:58:02.791 main &lt; org.aspectj.weaver.loadtime.Aj.preProcess byte[1152]
3271 [main] DEBUG org.aspectj.weaver.loadtime.Aj  - 16:58:02.791 main &gt; org.aspectj.weaver.loadtime.Aj.preProcess org.aspectj.weaver.loadtime.Aj@58027738 org/hibernate/QueryException, byte[1400], org.springframework.test.jpa.OrmXmlOverridingShadowingClassLoader@2bbf1be2
3271 [main] DEBUG org.aspectj.weaver.loadtime.Aj  - 16:58:02.791 main - org.aspectj.weaver.loadtime.Aj.preProcess org.aspectj.weaver.loadtime.Aj@58027738 sun.misc.Launcher$AppClassLoader@302b2c81, org.springframework.test.jpa.OrmXmlOverridingShadowingClassLoader@2bbf1be2
3271 [main] DEBUG org.aspectj.weaver.tools.WeavingAdaptor  - 16:58:02.791 main &gt; org.aspectj.weaver.tools.WeavingAdaptor.weaveClass org.aspectj.weaver.loadtime.ClassLoaderWeavingAdaptor@10b090ac org/hibernate/QueryException, byte[1400]
3271 [main] DEBUG org.aspectj.weaver.tools.WeavingAdaptor  - 16:58:02.791 main &lt; org.aspectj.weaver.tools.WeavingAdaptor.weaveClass false
3271 [main] DEBUG org.aspectj.weaver.loadtime.Aj  - 16:58:02.791 main &lt; org.aspectj.weaver.loadtime.Aj.preProcess byte[1400]
3272 [main] DEBUG org.aspectj.weaver.loadtime.Aj  - 16:58:02.792 main &gt; org.aspectj.weaver.loadtime.Aj.preProcess org.aspectj.weaver.loadtime.Aj@58027738 org/hibernate/dialect/Dialect$3, byte[1471], org.springframework.test.jpa.OrmXmlOverridingShadowingClassLoader@2bbf1be2
3272 [main] DEBUG org.aspectj.weaver.loadtime.Aj  - 16:58:02.792 main - org.aspectj.weaver.loadtime.Aj.preProcess org.aspectj.weaver.loadtime.Aj@58027738 sun.misc.Launcher$AppClassLoader@302b2c81, org.springframework.test.jpa.OrmXmlOverridingShadowingClassLoader@2bbf1be2
3272 [main] DEBUG org.aspectj.weaver.tools.WeavingAdaptor  - 16:58:02.792 main &gt; org.aspectj.weaver.tools.WeavingAdaptor.weaveClass org.aspectj.weaver.loadtime.ClassLoaderWeavingAdaptor@10b090ac org/hibernate/dialect/Dialect$3, byte[1471]
3272 [main] DEBUG org.aspectj.weaver.tools.WeavingAdaptor  - 16:58:02.792 main &lt; org.aspectj.weaver.tools.WeavingAdaptor.weaveClass false
3272 [main] DEBUG org.aspectj.weaver.loadtime.Aj  - 16:58:02.792 main &lt; org.aspectj.weaver.loadtime.Aj.preProcess byte[1471]
3272 [main] DEBUG org.aspectj.weaver.loadtime.Aj  - 16:58:02.792 main &gt; org.aspectj.weaver.loadtime.Aj.preProcess org.aspectj.weaver.loadtime.Aj@58027738 org/hibernate/dialect/Dialect$4, byte[562], org.springframework.test.jpa.OrmXmlOverridingShadowingClassLoader@2bbf1be2
3272 [main] DEBUG org.aspectj.weaver.loadtime.Aj  - 16:58:02.792 main - org.aspectj.weaver.loadtime.Aj.preProcess org.aspectj.weaver.loadtime.Aj@58027738 sun.misc.Launcher$AppClassLoader@302b2c81, org.springframework.test.jpa.OrmXmlOverridingShadowingClassLoader@2bbf1be2
3272 [main] DEBUG org.aspectj.weaver.tools.WeavingAdaptor  - 16:58:02.792 main &gt; org.aspectj.weaver.tools.WeavingAdaptor.weaveClass org.aspectj.weaver.loadtime.ClassLoaderWeavingAdaptor@10b090ac org/hibernate/dialect/Dialect$4, byte[562]
3273 [main] DEBUG org.aspectj.weaver.tools.WeavingAdaptor  - 16:58:02.793 main &lt; org.aspectj.weaver.tools.WeavingAdaptor.weaveClass false
3273 [main] DEBUG org.aspectj.weaver.loadtime.Aj  - 16:58:02.793 main &lt; org.aspectj.weaver.loadtime.Aj.preProcess byte[562]
3273 [main] DEBUG org.aspectj.weaver.loadtime.Aj  - 16:58:02.793 main &gt; org.aspectj.weaver.loadtime.Aj.preProcess org.aspectj.weaver.loadtime.Aj@58027738 org/hibernate/dialect/HSQLDialect$1, byte[1244], org.springframework.test.jpa.OrmXmlOverridingShadowingClassLoader@2bbf1be2
3273 [main] DEBUG org.aspectj.weaver.loadtime.Aj  - 16:58:02.793 main - org.aspectj.weaver.loadtime.Aj.preProcess org.aspectj.weaver.loadtime.Aj@58027738 sun.misc.Launcher$AppClassLoader@302b2c81, org.springframework.test.jpa.OrmXmlOverridingShadowingClassLoader@2bbf1be2
3273 [main] DEBUG org.aspectj.weaver.tools.WeavingAdaptor  - 16:58:02.793 main &gt; org.aspectj.weaver.tools.WeavingAdaptor.weaveClass org.aspectj.weaver.loadtime.ClassLoaderWeavingAdaptor@10b090ac org/hibernate/dialect/HSQLDialect$1, byte[1244]
3273 [main] DEBUG org.aspectj.weaver.tools.WeavingAdaptor  - 16:58:02.793 main &lt; org.aspectj.weaver.tools.WeavingAdaptor.weaveClass false
3273 [main] DEBUG org.aspectj.weaver.loadtime.Aj  - 16:58:02.793 main &lt; org.aspectj.weaver.loadtime.Aj.preProcess byte[1244]
3274 [main] DEBUG org.aspectj.weaver.loadtime.Aj  - 16:58:02.794 main &gt; org.aspectj.weaver.loadtime.Aj.preProcess org.aspectj.weaver.loadtime.Aj@58027738 org/hibernate/exception/TemplatedViolatedConstraintNameExtracter, byte[1028], org.springframework.test.jpa.OrmXmlOverridingShadowingClassLoader@2bbf1be2
3274 [main] DEBUG org.aspectj.weaver.loadtime.Aj  - 16:58:02.794 main - org.aspectj.weaver.loadtime.Aj.preProcess org.aspectj.weaver.loadtime.Aj@58027738 sun.misc.Launcher$AppClassLoader@302b2c81, org.springframework.test.jpa.OrmXmlOverridingShadowingClassLoader@2bbf1be2
3274 [main] DEBUG org.aspectj.weaver.tools.WeavingAdaptor  - 16:58:02.794 main &gt; org.aspectj.weaver.tools.WeavingAdaptor.weaveClass org.aspectj.weaver.loadtime.ClassLoaderWeavingAdaptor@10b090ac org/hibernate/exception/TemplatedViolatedConstraintNameExtracter, byte[1028]
3274 [main] DEBUG org.aspectj.weaver.tools.WeavingAdaptor  - 16:58:02.794 main &lt; org.aspectj.weaver.tools.WeavingAdaptor.weaveClass false
3274 [main] DEBUG org.aspectj.weaver.loadtime.Aj  - 16:58:02.794 main &lt; org.aspectj.weaver.loadtime.Aj.preProcess byte[1028]
3274 [main] DEBUG org.aspectj.weaver.loadtime.Aj  - 16:58:02.794 main &gt; org.aspectj.weaver.loadtime.Aj.preProcess org.aspectj.weaver.loadtime.Aj@58027738 org/hibernate/dialect/TypeNames, byte[2725], org.springframework.test.jpa.OrmXmlOverridingShadowingClassLoader@2bbf1be2
3274 [main] DEBUG org.aspectj.weaver.loadtime.Aj  - 16:58:02.794 main - org.aspectj.weaver.loadtime.Aj.preProcess org.aspectj.weaver.loadtime.Aj@58027738 sun.misc.Launcher$AppClassLoader@302b2c81, org.springframework.test.jpa.OrmXmlOverridingShadowingClassLoader@2bbf1be2
3274 [main] DEBUG org.aspectj.weaver.tools.WeavingAdaptor  - 16:58:02.794 main &gt; org.aspectj.weaver.tools.WeavingAdaptor.weaveClass org.aspectj.weaver.loadtime.ClassLoaderWeavingAdaptor@10b090ac org/hibernate/dialect/TypeNames, byte[2725]
3275 [main] DEBUG org.aspectj.weaver.tools.WeavingAdaptor  - 16:58:02.794 main &lt; org.aspectj.weaver.tools.WeavingAdaptor.weaveClass false
3275 [main] DEBUG org.aspectj.weaver.loadtime.Aj  - 16:58:02.795 main &lt; org.aspectj.weaver.loadtime.Aj.preProcess byte[2725]
3276 [main] DEBUG org.aspectj.weaver.loadtime.Aj  - 16:58:02.796 main &gt; org.aspectj.weaver.loadtime.Aj.preProcess org.aspectj.weaver.loadtime.Aj@58027738 org/hibernate/dialect/function/SQLFunctionTemplate, byte[3227], org.springframework.test.jpa.OrmXmlOverridingShadowingClassLoader@2bbf1be2
3276 [main] DEBUG org.aspectj.weaver.loadtime.Aj  - 16:58:02.796 main - org.aspectj.weaver.loadtime.Aj.preProcess org.aspectj.weaver.loadtime.Aj@58027738 sun.misc.Launcher$AppClassLoader@302b2c81, org.springframework.test.jpa.OrmXmlOverridingShadowingClassLoader@2bbf1be2
3276 [main] DEBUG org.aspectj.weaver.tools.WeavingAdaptor  - 16:58:02.796 main &gt; org.aspectj.weaver.tools.WeavingAdaptor.weaveClass org.aspectj.weaver.loadtime.ClassLoaderWeavingAdaptor@10b090ac org/hibernate/dialect/function/SQLFunctionTemplate, byte[3227]
3276 [main] DEBUG org.aspectj.weaver.tools.WeavingAdaptor  - 16:58:02.796 main &lt; org.aspectj.weaver.tools.WeavingAdaptor.weaveClass false
3276 [main] DEBUG org.aspectj.weaver.loadtime.Aj  - 16:58:02.796 main &lt; org.aspectj.weaver.loadtime.Aj.preProcess byte[3227]
3277 [main] DEBUG org.aspectj.weaver.loadtime.Aj  - 16:58:02.797 main &gt; org.aspectj.weaver.loadtime.Aj.preProcess org.aspectj.weaver.loadtime.Aj@58027738 org/hibernate/dialect/function/CastFunction, byte[2246], org.springframework.test.jpa.OrmXmlOverridingShadowingClassLoader@2bbf1be2
3277 [main] DEBUG org.aspectj.weaver.loadtime.Aj  - 16:58:02.797 main - org.aspectj.weaver.loadtime.Aj.preProcess org.aspectj.weaver.loadtime.Aj@58027738 sun.misc.Launcher$AppClassLoader@302b2c81, org.springframework.test.jpa.OrmXmlOverridingShadowingClassLoader@2bbf1be2
3277 [main] DEBUG org.aspectj.weaver.tools.WeavingAdaptor  - 16:58:02.797 main &gt; org.aspectj.weaver.tools.WeavingAdaptor.weaveClass org.aspectj.weaver.loadtime.ClassLoaderWeavingAdaptor@10b090ac org/hibernate/dialect/function/CastFunction, byte[2246]
3277 [main] DEBUG org.aspectj.weaver.tools.WeavingAdaptor  - 16:58:02.797 main &lt; org.aspectj.weaver.tools.WeavingAdaptor.weaveClass false
3277 [main] DEBUG org.aspectj.weaver.loadtime.Aj  - 16:58:02.797 main &lt; org.aspectj.weaver.loadtime.Aj.preProcess byte[2246]
3277 [main] DEBUG org.aspectj.weaver.loadtime.Aj  - 16:58:02.797 main &gt; org.aspectj.weaver.loadtime.Aj.preProcess org.aspectj.weaver.loadtime.Aj@58027738 org/hibernate/dialect/function/NoArgSQLFunction, byte[1851], org.springframework.test.jpa.OrmXmlOverridingShadowingClassLoader@2bbf1be2
3277 [main] DEBUG org.aspectj.weaver.loadtime.Aj  - 16:58:02.797 main - org.aspectj.weaver.loadtime.Aj.preProcess org.aspectj.weaver.loadtime.Aj@58027738 sun.misc.Launcher$AppClassLoader@302b2c81, org.springframework.test.jpa.OrmXmlOverridingShadowingClassLoader@2bbf1be2
3277 [main] DEBUG org.aspectj.weaver.tools.WeavingAdaptor  - 16:58:02.797 main &gt; org.aspectj.weaver.tools.WeavingAdaptor.weaveClass org.aspectj.weaver.loadtime.ClassLoaderWeavingAdaptor@10b090ac org/hibernate/dialect/function/NoArgSQLFunction, byte[1851]
3277 [main] DEBUG org.aspectj.weaver.tools.WeavingAdaptor  - 16:58:02.797 main &lt; org.aspectj.weaver.tools.WeavingAdaptor.weaveClass false
3277 [main] DEBUG org.aspectj.weaver.loadtime.Aj  - 16:58:02.797 main &lt; org.aspectj.weaver.loadtime.Aj.preProcess byte[1851]
3278 [main] DEBUG org.aspectj.weaver.loadtime.Aj  - 16:58:02.798 main &gt; org.aspectj.weaver.loadtime.Aj.preProcess org.aspectj.weaver.loadtime.Aj@58027738 org/hibernate/dialect/function/VarArgsSQLFunction, byte[2084], org.springframework.test.jpa.OrmXmlOverridingShadowingClassLoader@2bbf1be2
3278 [main] DEBUG org.aspectj.weaver.loadtime.Aj  - 16:58:02.798 main - org.aspectj.weaver.loadtime.Aj.preProcess org.aspectj.weaver.loadtime.Aj@58027738 sun.misc.Launcher$AppClassLoader@302b2c81, org.springframework.test.jpa.OrmXmlOverridingShadowingClassLoader@2bbf1be2
3278 [main] DEBUG org.aspectj.weaver.tools.WeavingAdaptor  - 16:58:02.798 main &gt; org.aspectj.weaver.tools.WeavingAdaptor.weaveClass org.aspectj.weaver.loadtime.ClassLoaderWeavingAdaptor@10b090ac org/hibernate/dialect/function/VarArgsSQLFunction, byte[2084]
3278 [main] DEBUG org.aspectj.weaver.tools.WeavingAdaptor  - 16:58:02.798 main &lt; org.aspectj.weaver.tools.WeavingAdaptor.weaveClass false
3278 [main] DEBUG org.aspectj.weaver.loadtime.Aj  - 16:58:02.798 main &lt; org.aspectj.weaver.loadtime.Aj.preProcess byte[2084]
3278 [main] DEBUG org.aspectj.weaver.loadtime.Aj  - 16:58:02.798 main &gt; org.aspectj.weaver.loadtime.Aj.preProcess org.aspectj.weaver.loadtime.Aj@58027738 org/hibernate/transaction/TransactionFactoryFactory, byte[3068], org.springframework.test.jpa.OrmXmlOverridingShadowingClassLoader@2bbf1be2
3278 [main] DEBUG org.aspectj.weaver.loadtime.Aj  - 16:58:02.798 main - org.aspectj.weaver.loadtime.Aj.preProcess org.aspectj.weaver.loadtime.Aj@58027738 sun.misc.Launcher$AppClassLoader@302b2c81, org.springframework.test.jpa.OrmXmlOverridingShadowingClassLoader@2bbf1be2
3278 [main] DEBUG org.aspectj.weaver.tools.WeavingAdaptor  - 16:58:02.798 main &gt; org.aspectj.weaver.tools.WeavingAdaptor.weaveClass org.aspectj.weaver.loadtime.ClassLoaderWeavingAdaptor@10b090ac org/hibernate/transaction/TransactionFactoryFactory, byte[3068]
3278 [main] DEBUG org.aspectj.weaver.tools.WeavingAdaptor  - 16:58:02.798 main &lt; org.aspectj.weaver.tools.WeavingAdaptor.weaveClass false
3279 [main] DEBUG org.aspectj.weaver.loadtime.Aj  - 16:58:02.799 main &lt; org.aspectj.weaver.loadtime.Aj.preProcess byte[3068]
3279 [main] DEBUG org.aspectj.weaver.loadtime.Aj  - 16:58:02.799 main &gt; org.aspectj.weaver.loadtime.Aj.preProcess org.aspectj.weaver.loadtime.Aj@58027738 org/hibernate/Transaction, byte[471], org.springframework.test.jpa.OrmXmlOverridingShadowingClassLoader@2bbf1be2
3279 [main] DEBUG org.aspectj.weaver.loadtime.Aj  - 16:58:02.799 main - org.aspectj.weaver.loadtime.Aj.preProcess org.aspectj.weaver.loadtime.Aj@58027738 sun.misc.Launcher$AppClassLoader@302b2c81, org.springframework.test.jpa.OrmXmlOverridingShadowingClassLoader@2bbf1be2
3279 [main] DEBUG org.aspectj.weaver.tools.WeavingAdaptor  - 16:58:02.799 main &gt; org.aspectj.weaver.tools.WeavingAdaptor.weaveClass org.aspectj.weaver.loadtime.ClassLoaderWeavingAdaptor@10b090ac org/hibernate/Transaction, byte[471]
3279 [main] DEBUG org.aspectj.weaver.tools.WeavingAdaptor  - 16:58:02.799 main &lt; org.aspectj.weaver.tools.WeavingAdaptor.weaveClass false
3279 [main] DEBUG org.aspectj.weaver.loadtime.Aj  - 16:58:02.799 main &lt; org.aspectj.weaver.loadtime.Aj.preProcess byte[471]
3280 [main] DEBUG org.aspectj.weaver.loadtime.Aj  - 16:58:02.800 main &gt; org.aspectj.weaver.loadtime.Aj.preProcess org.aspectj.weaver.loadtime.Aj@58027738 org/hibernate/transaction/TransactionManagerLookupFactory, byte[3005], org.springframework.test.jpa.OrmXmlOverridingShadowingClassLoader@2bbf1be2
3280 [main] DEBUG org.aspectj.weaver.loadtime.Aj  - 16:58:02.800 main - org.aspectj.weaver.loadtime.Aj.preProcess org.aspectj.weaver.loadtime.Aj@58027738 sun.misc.Launcher$AppClassLoader@302b2c81, org.springframework.test.jpa.OrmXmlOverridingShadowingClassLoader@2bbf1be2
3280 [main] DEBUG org.aspectj.weaver.tools.WeavingAdaptor  - 16:58:02.800 main &gt; org.aspectj.weaver.tools.WeavingAdaptor.weaveClass org.aspectj.weaver.loadtime.ClassLoaderWeavingAdaptor@10b090ac org/hibernate/transaction/TransactionManagerLookupFactory, byte[3005]
3280 [main] DEBUG org.aspectj.weaver.tools.WeavingAdaptor  - 16:58:02.800 main &lt; org.aspectj.weaver.tools.WeavingAdaptor.weaveClass false
3280 [main] DEBUG org.aspectj.weaver.loadtime.Aj  - 16:58:02.800 main &lt; org.aspectj.weaver.loadtime.Aj.preProcess byte[3005]
3280 [main] DEBUG org.aspectj.weaver.loadtime.Aj  - 16:58:02.800 main &gt; org.aspectj.weaver.loadtime.Aj.preProcess org.aspectj.weaver.loadtime.Aj@58027738 org/hibernate/jdbc/Batcher, byte[1797], org.springframework.test.jpa.OrmXmlOverridingShadowingClassLoader@2bbf1be2
3280 [main] DEBUG org.aspectj.weaver.loadtime.Aj  - 16:58:02.800 main - org.aspectj.weaver.loadtime.Aj.preProcess org.aspectj.weaver.loadtime.Aj@58027738 sun.misc.Launcher$AppClassLoader@302b2c81, org.springframework.test.jpa.OrmXmlOverridingShadowingClassLoader@2bbf1be2
3280 [main] DEBUG org.aspectj.weaver.tools.WeavingAdaptor  - 16:58:02.800 main &gt; org.aspectj.weaver.tools.WeavingAdaptor.weaveClass org.aspectj.weaver.loadtime.ClassLoaderWeavingAdaptor@10b090ac org/hibernate/jdbc/Batcher, byte[1797]
3280 [main] DEBUG org.aspectj.weaver.tools.WeavingAdaptor  - 16:58:02.800 main &lt; org.aspectj.weaver.tools.WeavingAdaptor.weaveClass false
3280 [main] DEBUG org.aspectj.weaver.loadtime.Aj  - 16:58:02.800 main &lt; org.aspectj.weaver.loadtime.Aj.preProcess byte[1797]
3281 [main] DEBUG org.aspectj.weaver.loadtime.Aj  - 16:58:02.801 main &gt; org.aspectj.weaver.loadtime.Aj.preProcess org.aspectj.weaver.loadtime.Aj@58027738 org/hibernate/ConnectionReleaseMode, byte[1460], org.springframework.test.jpa.OrmXmlOverridingShadowingClassLoader@2bbf1be2
3281 [main] DEBUG org.aspectj.weaver.loadtime.Aj  - 16:58:02.801 main - org.aspectj.weaver.loadtime.Aj.preProcess org.aspectj.weaver.loadtime.Aj@58027738 sun.misc.Launcher$AppClassLoader@302b2c81, org.springframework.test.jpa.OrmXmlOverridingShadowingClassLoader@2bbf1be2
3281 [main] DEBUG org.aspectj.weaver.tools.WeavingAdaptor  - 16:58:02.801 main &gt; org.aspectj.weaver.tools.WeavingAdaptor.weaveClass org.aspectj.weaver.loadtime.ClassLoaderWeavingAdaptor@10b090ac org/hibernate/ConnectionReleaseMode, byte[1460]
3281 [main] DEBUG org.aspectj.weaver.tools.WeavingAdaptor  - 16:58:02.801 main &lt; org.aspectj.weaver.tools.WeavingAdaptor.weaveClass false
3281 [main] DEBUG org.aspectj.weaver.loadtime.Aj  - 16:58:02.801 main &lt; org.aspectj.weaver.loadtime.Aj.preProcess byte[1460]
3281 [main] DEBUG org.aspectj.weaver.loadtime.Aj  - 16:58:02.801 main &gt; org.aspectj.weaver.loadtime.Aj.preProcess org.aspectj.weaver.loadtime.Aj@58027738 org/hibernate/hql/ast/ASTQueryTranslatorFactory, byte[2184], org.springframework.test.jpa.OrmXmlOverridingShadowingClassLoader@2bbf1be2
3281 [main] DEBUG org.aspectj.weaver.loadtime.Aj  - 16:58:02.801 main - org.aspectj.weaver.loadtime.Aj.preProcess org.aspectj.weaver.loadtime.Aj@58027738 sun.misc.Launcher$AppClassLoader@302b2c81, org.springframework.test.jpa.OrmXmlOverridingShadowingClassLoader@2bbf1be2
3281 [main] DEBUG org.aspectj.weaver.tools.WeavingAdaptor  - 16:58:02.801 main &gt; org.aspectj.weaver.tools.WeavingAdaptor.weaveClass org.aspectj.weaver.loadtime.ClassLoaderWeavingAdaptor@10b090ac org/hibernate/hql/ast/ASTQueryTranslatorFactory, byte[2184]
3281 [main] DEBUG org.aspectj.weaver.tools.WeavingAdaptor  - 16:58:02.801 main &lt; org.aspectj.weaver.tools.WeavingAdaptor.weaveClass false
3281 [main] DEBUG org.aspectj.weaver.loadtime.Aj  - 16:58:02.801 main &lt; org.aspectj.weaver.loadtime.Aj.preProcess byte[2184]
3282 [main] DEBUG org.aspectj.weaver.loadtime.Aj  - 16:58:02.802 main &gt; org.aspectj.weaver.loadtime.Aj.preProcess org.aspectj.weaver.loadtime.Aj@58027738 org/hibernate/hql/QueryTranslatorFactory, byte[487], org.springframework.test.jpa.OrmXmlOverridingShadowingClassLoader@2bbf1be2
3282 [main] DEBUG org.aspectj.weaver.loadtime.Aj  - 16:58:02.802 main - org.aspectj.weaver.loadtime.Aj.preProcess org.aspectj.weaver.loadtime.Aj@58027738 sun.misc.Launcher$AppClassLoader@302b2c81, org.springframework.test.jpa.OrmXmlOverridingShadowingClassLoader@2bbf1be2
3282 [main] DEBUG org.aspectj.weaver.tools.WeavingAdaptor  - 16:58:02.802 main &gt; org.aspectj.weaver.tools.WeavingAdaptor.weaveClass org.aspectj.weaver.loadtime.ClassLoaderWeavingAdaptor@10b090ac org/hibernate/hql/QueryTranslatorFactory, byte[487]
3282 [main] DEBUG org.aspectj.weaver.tools.WeavingAdaptor  - 16:58:02.802 main &lt; org.aspectj.weaver.tools.WeavingAdaptor.weaveClass false
3282 [main] DEBUG org.aspectj.weaver.loadtime.Aj  - 16:58:02.802 main &lt; org.aspectj.weaver.loadtime.Aj.preProcess byte[487]
3282 [main] DEBUG org.aspectj.weaver.loadtime.Aj  - 16:58:02.802 main &gt; org.aspectj.weaver.loadtime.Aj.preProcess org.aspectj.weaver.loadtime.Aj@58027738 org/hibernate/hql/FilterTranslator, byte[325], org.springframework.test.jpa.OrmXmlOverridingShadowingClassLoader@2bbf1be2
3282 [main] DEBUG org.aspectj.weaver.loadtime.Aj  - 16:58:02.802 main - org.aspectj.weaver.loadtime.Aj.preProcess org.aspectj.weaver.loadtime.Aj@58027738 sun.misc.Launcher$AppClassLoader@302b2c81, org.springframework.test.jpa.OrmXmlOverridingShadowingClassLoader@2bbf1be2
3282 [main] DEBUG org.aspectj.weaver.tools.WeavingAdaptor  - 16:58:02.802 main &gt; org.aspectj.weaver.tools.WeavingAdaptor.weaveClass org.aspectj.weaver.loadtime.ClassLoaderWeavingAdaptor@10b090ac org/hibernate/hql/FilterTranslator, byte[325]
3282 [main] DEBUG org.aspectj.weaver.tools.WeavingAdaptor  - 16:58:02.802 main &lt; org.aspectj.weaver.tools.WeavingAdaptor.weaveClass false
3282 [main] DEBUG org.aspectj.weaver.loadtime.Aj  - 16:58:02.802 main &lt; org.aspectj.weaver.loadtime.Aj.preProcess byte[325]
3283 [main] DEBUG org.aspectj.weaver.loadtime.Aj  - 16:58:02.803 main &gt; org.aspectj.weaver.loadtime.Aj.preProcess org.aspectj.weaver.loadtime.Aj@58027738 org/hibernate/hql/QueryTranslator, byte[1844], org.springframework.test.jpa.OrmXmlOverridingShadowingClassLoader@2bbf1be2
3283 [main] DEBUG org.aspectj.weaver.loadtime.Aj  - 16:58:02.803 main - org.aspectj.weaver.loadtime.Aj.preProcess org.aspectj.weaver.loadtime.Aj@58027738 sun.misc.Launcher$AppClassLoader@302b2c81, org.springframework.test.jpa.OrmXmlOverridingShadowingClassLoader@2bbf1be2
3283 [main] DEBUG org.aspectj.weaver.tools.WeavingAdaptor  - 16:58:02.803 main &gt; org.aspectj.weaver.tools.WeavingAdaptor.weaveClass org.aspectj.weaver.loadtime.ClassLoaderWeavingAdaptor@10b090ac org/hibernate/hql/QueryTranslator, byte[1844]
3283 [main] DEBUG org.aspectj.weaver.tools.WeavingAdaptor  - 16:58:02.803 main &lt; org.aspectj.weaver.tools.WeavingAdaptor.weaveClass false
3283 [main] DEBUG org.aspectj.weaver.loadtime.Aj  - 16:58:02.803 main &lt; org.aspectj.weaver.loadtime.Aj.preProcess byte[1844]
3283 [main] DEBUG org.aspectj.weaver.loadtime.Aj  - 16:58:02.803 main &gt; org.aspectj.weaver.loadtime.Aj.preProcess org.aspectj.weaver.loadtime.Aj@58027738 net/sf/ehcache/hibernate/EhCacheProvider, byte[5169], org.springframework.test.jpa.OrmXmlOverridingShadowingClassLoader@2bbf1be2
3284 [main] DEBUG org.aspectj.weaver.loadtime.Aj  - 16:58:02.804 main - org.aspectj.weaver.loadtime.Aj.preProcess org.aspectj.weaver.loadtime.Aj@58027738 sun.misc.Launcher$AppClassLoader@302b2c81, org.springframework.test.jpa.OrmXmlOverridingShadowingClassLoader@2bbf1be2
3284 [main] DEBUG org.aspectj.weaver.tools.WeavingAdaptor  - 16:58:02.804 main &gt; org.aspectj.weaver.tools.WeavingAdaptor.weaveClass org.aspectj.weaver.loadtime.ClassLoaderWeavingAdaptor@10b090ac net/sf/ehcache/hibernate/EhCacheProvider, byte[5169]
3284 [main] DEBUG org.aspectj.weaver.tools.WeavingAdaptor  - 16:58:02.804 main &lt; org.aspectj.weaver.tools.WeavingAdaptor.weaveClass false
3284 [main] DEBUG org.aspectj.weaver.loadtime.Aj  - 16:58:02.804 main &lt; org.aspectj.weaver.loadtime.Aj.preProcess byte[5169]
3285 [main] DEBUG org.aspectj.weaver.loadtime.Aj  - 16:58:02.805 main &gt; org.aspectj.weaver.loadtime.Aj.preProcess org.aspectj.weaver.loadtime.Aj@58027738 net/sf/ehcache/CacheException, byte[909], org.springframework.test.jpa.OrmXmlOverridingShadowingClassLoader@2bbf1be2
3285 [main] DEBUG org.aspectj.weaver.loadtime.Aj  - 16:58:02.805 main - org.aspectj.weaver.loadtime.Aj.preProcess org.aspectj.weaver.loadtime.Aj@58027738 sun.misc.Launcher$AppClassLoader@302b2c81, org.springframework.test.jpa.OrmXmlOverridingShadowingClassLoader@2bbf1be2
3285 [main] DEBUG org.aspectj.weaver.tools.WeavingAdaptor  - 16:58:02.805 main &gt; org.aspectj.weaver.tools.WeavingAdaptor.weaveClass org.aspectj.weaver.loadtime.ClassLoaderWeavingAdaptor@10b090ac net/sf/ehcache/CacheException, byte[909]
3285 [main] DEBUG org.aspectj.weaver.tools.WeavingAdaptor  - 16:58:02.805 main &lt; org.aspectj.weaver.tools.WeavingAdaptor.weaveClass false
3285 [main] DEBUG org.aspectj.weaver.loadtime.Aj  - 16:58:02.805 main &lt; org.aspectj.weaver.loadtime.Aj.preProcess byte[909]
3285 [main] DEBUG org.aspectj.weaver.loadtime.Aj  - 16:58:02.805 main &gt; org.aspectj.weaver.loadtime.Aj.preProcess org.aspectj.weaver.loadtime.Aj@58027738 org/hibernate/cache/Cache, byte[742], org.springframework.test.jpa.OrmXmlOverridingShadowingClassLoader@2bbf1be2
3285 [main] DEBUG org.aspectj.weaver.loadtime.Aj  - 16:58:02.805 main - org.aspectj.weaver.loadtime.Aj.preProcess org.aspectj.weaver.loadtime.Aj@58027738 sun.misc.Launcher$AppClassLoader@302b2c81, org.springframework.test.jpa.OrmXmlOverridingShadowingClassLoader@2bbf1be2
3285 [main] DEBUG org.aspectj.weaver.tools.WeavingAdaptor  - 16:58:02.805 main &gt; org.aspectj.weaver.tools.WeavingAdaptor.weaveClass org.aspectj.weaver.loadtime.ClassLoaderWeavingAdaptor@10b090ac org/hibernate/cache/Cache, byte[742]
3285 [main] DEBUG org.aspectj.weaver.tools.WeavingAdaptor  - 16:58:02.805 main &lt; org.aspectj.weaver.tools.WeavingAdaptor.weaveClass false
3285 [main] DEBUG org.aspectj.weaver.loadtime.Aj  - 16:58:02.805 main &lt; org.aspectj.weaver.loadtime.Aj.preProcess byte[742]
3286 [main] DEBUG org.aspectj.weaver.loadtime.Aj  - 16:58:02.806 main &gt; org.aspectj.weaver.loadtime.Aj.preProcess org.aspectj.weaver.loadtime.Aj@58027738 org/hibernate/exception/SQLExceptionConverterFactory, byte[4370], org.springframework.test.jpa.OrmXmlOverridingShadowingClassLoader@2bbf1be2
3286 [main] DEBUG org.aspectj.weaver.loadtime.Aj  - 16:58:02.806 main - org.aspectj.weaver.loadtime.Aj.preProcess org.aspectj.weaver.loadtime.Aj@58027738 sun.misc.Launcher$AppClassLoader@302b2c81, org.springframework.test.jpa.OrmXmlOverridingShadowingClassLoader@2bbf1be2
3286 [main] DEBUG org.aspectj.weaver.tools.WeavingAdaptor  - 16:58:02.806 main &gt; org.aspectj.weaver.tools.WeavingAdaptor.weaveClass org.aspectj.weaver.loadtime.ClassLoaderWeavingAdaptor@10b090ac org/hibernate/exception/SQLExceptionConverterFactory, byte[4370]
3286 [main] DEBUG org.aspectj.weaver.tools.WeavingAdaptor  - 16:58:02.806 main &lt; org.aspectj.weaver.tools.WeavingAdaptor.weaveClass false
3286 [main] DEBUG org.aspectj.weaver.loadtime.Aj  - 16:58:02.806 main &lt; org.aspectj.weaver.loadtime.Aj.preProcess byte[4370]
3286 [main] DEBUG org.aspectj.weaver.loadtime.Aj  - 16:58:02.806 main &gt; org.aspectj.weaver.loadtime.Aj.preProcess org.aspectj.weaver.loadtime.Aj@58027738 org/hibernate/exception/SQLStateConverter, byte[2845], org.springframework.test.jpa.OrmXmlOverridingShadowingClassLoader@2bbf1be2
3286 [main] DEBUG org.aspectj.weaver.loadtime.Aj  - 16:58:02.806 main - org.aspectj.weaver.loadtime.Aj.preProcess org.aspectj.weaver.loadtime.Aj@58027738 sun.misc.Launcher$AppClassLoader@302b2c81, org.springframework.test.jpa.OrmXmlOverridingShadowingClassLoader@2bbf1be2
3286 [main] DEBUG org.aspectj.weaver.tools.WeavingAdaptor  - 16:58:02.806 main &gt; org.aspectj.weaver.tools.WeavingAdaptor.weaveClass org.aspectj.weaver.loadtime.ClassLoaderWeavingAdaptor@10b090ac org/hibernate/exception/SQLStateConverter, byte[2845]
3286 [main] DEBUG org.aspectj.weaver.tools.WeavingAdaptor  - 16:58:02.806 main &lt; org.aspectj.weaver.tools.WeavingAdaptor.weaveClass false
3287 [main] DEBUG org.aspectj.weaver.loadtime.Aj  - 16:58:02.807 main &lt; org.aspectj.weaver.loadtime.Aj.preProcess byte[2845]
3287 [main] DEBUG org.aspectj.weaver.loadtime.Aj  - 16:58:02.807 main &gt; org.aspectj.weaver.loadtime.Aj.preProcess org.aspectj.weaver.loadtime.Aj@58027738 org/hibernate/exception/GenericJDBCException, byte[653], org.springframework.test.jpa.OrmXmlOverridingShadowingClassLoader@2bbf1be2
3287 [main] DEBUG org.aspectj.weaver.loadtime.Aj  - 16:58:02.807 main - org.aspectj.weaver.loadtime.Aj.preProcess org.aspectj.weaver.loadtime.Aj@58027738 sun.misc.Launcher$AppClassLoader@302b2c81, org.springframework.test.jpa.OrmXmlOverridingShadowingClassLoader@2bbf1be2
3287 [main] DEBUG org.aspectj.weaver.tools.WeavingAdaptor  - 16:58:02.807 main &gt; org.aspectj.weaver.tools.WeavingAdaptor.weaveClass org.aspectj.weaver.loadtime.ClassLoaderWeavingAdaptor@10b090ac org/hibernate/exception/GenericJDBCException, byte[653]
3287 [main] DEBUG org.aspectj.weaver.tools.WeavingAdaptor  - 16:58:02.807 main &lt; org.aspectj.weaver.tools.WeavingAdaptor.weaveClass false
3287 [main] DEBUG org.aspectj.weaver.loadtime.Aj  - 16:58:02.807 main &lt; org.aspectj.weaver.loadtime.Aj.preProcess byte[653]
3287 [main] DEBUG org.aspectj.weaver.loadtime.Aj  - 16:58:02.807 main &gt; org.aspectj.weaver.loadtime.Aj.preProcess org.aspectj.weaver.loadtime.Aj@58027738 org/hibernate/exception/SQLGrammarException, byte[651], org.springframework.test.jpa.OrmXmlOverridingShadowingClassLoader@2bbf1be2
3287 [main] DEBUG org.aspectj.weaver.loadtime.Aj  - 16:58:02.807 main - org.aspectj.weaver.loadtime.Aj.preProcess org.aspectj.weaver.loadtime.Aj@58027738 sun.misc.Launcher$AppClassLoader@302b2c81, org.springframework.test.jpa.OrmXmlOverridingShadowingClassLoader@2bbf1be2
3287 [main] DEBUG org.aspectj.weaver.tools.WeavingAdaptor  - 16:58:02.807 main &gt; org.aspectj.weaver.tools.WeavingAdaptor.weaveClass org.aspectj.weaver.loadtime.ClassLoaderWeavingAdaptor@10b090ac org/hibernate/exception/SQLGrammarException, byte[651]
3287 [main] DEBUG org.aspectj.weaver.tools.WeavingAdaptor  - 16:58:02.807 main &lt; org.aspectj.weaver.tools.WeavingAdaptor.weaveClass false
3287 [main] DEBUG org.aspectj.weaver.loadtime.Aj  - 16:58:02.807 main &lt; org.aspectj.weaver.loadtime.Aj.preProcess byte[651]
3288 [main] DEBUG org.aspectj.weaver.loadtime.Aj  - 16:58:02.808 main &gt; org.aspectj.weaver.loadtime.Aj.preProcess org.aspectj.weaver.loadtime.Aj@58027738 org/hibernate/exception/ConstraintViolationException, byte[939], org.springframework.test.jpa.OrmXmlOverridingShadowingClassLoader@2bbf1be2
3288 [main] DEBUG org.aspectj.weaver.loadtime.Aj  - 16:58:02.808 main - org.aspectj.weaver.loadtime.Aj.preProcess org.aspectj.weaver.loadtime.Aj@58027738 sun.misc.Launcher$AppClassLoader@302b2c81, org.springframework.test.jpa.OrmXmlOverridingShadowingClassLoader@2bbf1be2
3288 [main] DEBUG org.aspectj.weaver.tools.WeavingAdaptor  - 16:58:02.808 main &gt; org.aspectj.weaver.tools.WeavingAdaptor.weaveClass org.aspectj.weaver.loadtime.ClassLoaderWeavingAdaptor@10b090ac org/hibernate/exception/ConstraintViolationException, byte[939]
3288 [main] DEBUG org.aspectj.weaver.tools.WeavingAdaptor  - 16:58:02.808 main &lt; org.aspectj.weaver.tools.WeavingAdaptor.weaveClass false
3288 [main] DEBUG org.aspectj.weaver.loadtime.Aj  - 16:58:02.808 main &lt; org.aspectj.weaver.loadtime.Aj.preProcess byte[939]
3288 [main] DEBUG org.aspectj.weaver.loadtime.Aj  - 16:58:02.808 main &gt; org.aspectj.weaver.loadtime.Aj.preProcess org.aspectj.weaver.loadtime.Aj@58027738 org/hibernate/exception/JDBCConnectionException, byte[662], org.springframework.test.jpa.OrmXmlOverridingShadowingClassLoader@2bbf1be2
3288 [main] DEBUG org.aspectj.weaver.loadtime.Aj  - 16:58:02.808 main - org.aspectj.weaver.loadtime.Aj.preProcess org.aspectj.weaver.loadtime.Aj@58027738 sun.misc.Launcher$AppClassLoader@302b2c81, org.springframework.test.jpa.OrmXmlOverridingShadowingClassLoader@2bbf1be2
3288 [main] DEBUG org.aspectj.weaver.tools.WeavingAdaptor  - 16:58:02.808 main &gt; org.aspectj.weaver.tools.WeavingAdaptor.weaveClass org.aspectj.weaver.loadtime.ClassLoaderWeavingAdaptor@10b090ac org/hibernate/exception/JDBCConnectionException, byte[662]
3288 [main] DEBUG org.aspectj.weaver.tools.WeavingAdaptor  - 16:58:02.808 main &lt; org.aspectj.weaver.tools.WeavingAdaptor.weaveClass false
3288 [main] DEBUG org.aspectj.weaver.loadtime.Aj  - 16:58:02.808 main &lt; org.aspectj.weaver.loadtime.Aj.preProcess byte[662]
3289 [main] DEBUG org.aspectj.weaver.loadtime.Aj  - 16:58:02.809 main &gt; org.aspectj.weaver.loadtime.Aj.preProcess org.aspectj.weaver.loadtime.Aj@58027738 org/hibernate/exception/DataException, byte[633], org.springframework.test.jpa.OrmXmlOverridingShadowingClassLoader@2bbf1be2
3289 [main] DEBUG org.aspectj.weaver.loadtime.Aj  - 16:58:02.809 main - org.aspectj.weaver.loadtime.Aj.preProcess org.aspectj.weaver.loadtime.Aj@58027738 sun.misc.Launcher$AppClassLoader@302b2c81, org.springframework.test.jpa.OrmXmlOverridingShadowingClassLoader@2bbf1be2
3289 [main] DEBUG org.aspectj.weaver.tools.WeavingAdaptor  - 16:58:02.809 main &gt; org.aspectj.weaver.tools.WeavingAdaptor.weaveClass org.aspectj.weaver.loadtime.ClassLoaderWeavingAdaptor@10b090ac org/hibernate/exception/DataException, byte[633]
3289 [main] DEBUG org.aspectj.weaver.tools.WeavingAdaptor  - 16:58:02.809 main &lt; org.aspectj.weaver.tools.WeavingAdaptor.weaveClass false
3289 [main] DEBUG org.aspectj.weaver.loadtime.Aj  - 16:58:02.809 main &lt; org.aspectj.weaver.loadtime.Aj.preProcess byte[633]
3289 [main] DEBUG org.aspectj.weaver.loadtime.Aj  - 16:58:02.809 main &gt; org.aspectj.weaver.loadtime.Aj.preProcess org.aspectj.weaver.loadtime.Aj@58027738 org/hibernate/exception/LockAcquisitionException, byte[665], org.springframework.test.jpa.OrmXmlOverridingShadowingClassLoader@2bbf1be2
3289 [main] DEBUG org.aspectj.weaver.loadtime.Aj  - 16:58:02.809 main - org.aspectj.weaver.loadtime.Aj.preProcess org.aspectj.weaver.loadtime.Aj@58027738 sun.misc.Launcher$AppClassLoader@302b2c81, org.springframework.test.jpa.OrmXmlOverridingShadowingClassLoader@2bbf1be2
3289 [main] DEBUG org.aspectj.weaver.tools.WeavingAdaptor  - 16:58:02.809 main &gt; org.aspectj.weaver.tools.WeavingAdaptor.weaveClass org.aspectj.weaver.loadtime.ClassLoaderWeavingAdaptor@10b090ac org/hibernate/exception/LockAcquisitionException, byte[665]
3289 [main] DEBUG org.aspectj.weaver.tools.WeavingAdaptor  - 16:58:02.809 main &lt; org.aspectj.weaver.tools.WeavingAdaptor.weaveClass false
3289 [main] DEBUG org.aspectj.weaver.loadtime.Aj  - 16:58:02.809 main &lt; org.aspectj.weaver.loadtime.Aj.preProcess byte[665]
3290 [main] DEBUG org.aspectj.weaver.loadtime.Aj  - 16:58:02.810 main &gt; org.aspectj.weaver.loadtime.Aj.preProcess org.aspectj.weaver.loadtime.Aj@58027738 org/hibernate/exception/Configurable, byte[238], org.springframework.test.jpa.OrmXmlOverridingShadowingClassLoader@2bbf1be2
3290 [main] DEBUG org.aspectj.weaver.loadtime.Aj  - 16:58:02.810 main - org.aspectj.weaver.loadtime.Aj.preProcess org.aspectj.weaver.loadtime.Aj@58027738 sun.misc.Launcher$AppClassLoader@302b2c81, org.springframework.test.jpa.OrmXmlOverridingShadowingClassLoader@2bbf1be2
3290 [main] DEBUG org.aspectj.weaver.tools.WeavingAdaptor  - 16:58:02.810 main &gt; org.aspectj.weaver.tools.WeavingAdaptor.weaveClass org.aspectj.weaver.loadtime.ClassLoaderWeavingAdaptor@10b090ac org/hibernate/exception/Configurable, byte[238]
3290 [main] DEBUG org.aspectj.weaver.tools.WeavingAdaptor  - 16:58:02.810 main &lt; org.aspectj.weaver.tools.WeavingAdaptor.weaveClass false
3290 [main] DEBUG org.aspectj.weaver.loadtime.Aj  - 16:58:02.810 main &lt; org.aspectj.weaver.loadtime.Aj.preProcess byte[238]
3290 [main] DEBUG org.aspectj.weaver.loadtime.Aj  - 16:58:02.810 main &gt; org.aspectj.weaver.loadtime.Aj.preProcess org.aspectj.weaver.loadtime.Aj@58027738 org/hibernate/EntityMode, byte[1297], org.springframework.test.jpa.OrmXmlOverridingShadowingClassLoader@2bbf1be2
3290 [main] DEBUG org.aspectj.weaver.loadtime.Aj  - 16:58:02.810 main - org.aspectj.weaver.loadtime.Aj.preProcess org.aspectj.weaver.loadtime.Aj@58027738 sun.misc.Launcher$AppClassLoader@302b2c81, org.springframework.test.jpa.OrmXmlOverridingShadowingClassLoader@2bbf1be2
3290 [main] DEBUG org.aspectj.weaver.tools.WeavingAdaptor  - 16:58:02.810 main &gt; org.aspectj.weaver.tools.WeavingAdaptor.weaveClass org.aspectj.weaver.loadtime.ClassLoaderWeavingAdaptor@10b090ac org/hibernate/EntityMode, byte[1297]
3290 [main] DEBUG org.aspectj.weaver.tools.WeavingAdaptor  - 16:58:02.810 main &lt; org.aspectj.weaver.tools.WeavingAdaptor.weaveClass false
3290 [main] DEBUG org.aspectj.weaver.loadtime.Aj  - 16:58:02.810 main &lt; org.aspectj.weaver.loadtime.Aj.preProcess byte[1297]
3291 [main] DEBUG org.aspectj.weaver.loadtime.Aj  - 16:58:02.811 main &gt; org.aspectj.weaver.loadtime.Aj.preProcess org.aspectj.weaver.loadtime.Aj@58027738 org/hibernate/impl/SessionFactoryImpl, byte[34049], org.springframework.test.jpa.OrmXmlOverridingShadowingClassLoader@2bbf1be2
3291 [main] DEBUG org.aspectj.weaver.loadtime.Aj  - 16:58:02.811 main - org.aspectj.weaver.loadtime.Aj.preProcess org.aspectj.weaver.loadtime.Aj@58027738 sun.misc.Launcher$AppClassLoader@302b2c81, org.springframework.test.jpa.OrmXmlOverridingShadowingClassLoader@2bbf1be2
3291 [main] DEBUG org.aspectj.weaver.tools.WeavingAdaptor  - 16:58:02.811 main &gt; org.aspectj.weaver.tools.WeavingAdaptor.weaveClass org.aspectj.weaver.loadtime.ClassLoaderWeavingAdaptor@10b090ac org/hibernate/impl/SessionFactoryImpl, byte[34049]
3291 [main] DEBUG org.aspectj.weaver.tools.WeavingAdaptor  - 16:58:02.811 main &lt; org.aspectj.weaver.tools.WeavingAdaptor.weaveClass false
3291 [main] DEBUG org.aspectj.weaver.loadtime.Aj  - 16:58:02.811 main &lt; org.aspectj.weaver.loadtime.Aj.preProcess byte[34049]
3292 [main] DEBUG org.aspectj.weaver.loadtime.Aj  - 16:58:02.812 main &gt; org.aspectj.weaver.loadtime.Aj.preProcess org.aspectj.weaver.loadtime.Aj@58027738 org/hibernate/engine/SessionFactoryImplementor, byte[2596], org.springframework.test.jpa.OrmXmlOverridingShadowingClassLoader@2bbf1be2
3292 [main] DEBUG org.aspectj.weaver.loadtime.Aj  - 16:58:02.812 main - org.aspectj.weaver.loadtime.Aj.preProcess org.aspectj.weaver.loadtime.Aj@58027738 sun.misc.Launcher$AppClassLoader@302b2c81, org.springframework.test.jpa.OrmXmlOverridingShadowingClassLoader@2bbf1be2
3292 [main] DEBUG org.aspectj.weaver.tools.WeavingAdaptor  - 16:58:02.812 main &gt; org.aspectj.weaver.tools.WeavingAdaptor.weaveClass org.aspectj.weaver.loadtime.ClassLoaderWeavingAdaptor@10b090ac org/hibernate/engine/SessionFactoryImplementor, byte[2596]
3292 [main] DEBUG org.aspectj.weaver.tools.WeavingAdaptor  - 16:58:02.812 main &lt; org.aspectj.weaver.tools.WeavingAdaptor.weaveClass false
3292 [main] DEBUG org.aspectj.weaver.loadtime.Aj  - 16:58:02.812 main &lt; org.aspectj.weaver.loadtime.Aj.preProcess byte[2596]
3293 [main] DEBUG org.aspectj.weaver.loadtime.Aj  - 16:58:02.813 main &gt; org.aspectj.weaver.loadtime.Aj.preProcess org.aspectj.weaver.loadtime.Aj@58027738 org/hibernate/context/CurrentSessionContext, byte[295], org.springframework.test.jpa.OrmXmlOverridingShadowingClassLoader@2bbf1be2
3293 [main] DEBUG org.aspectj.weaver.loadtime.Aj  - 16:58:02.813 main - org.aspectj.weaver.loadtime.Aj.preProcess org.aspectj.weaver.loadtime.Aj@58027738 sun.misc.Launcher$AppClassLoader@302b2c81, org.springframework.test.jpa.OrmXmlOverridingShadowingClassLoader@2bbf1be2
3293 [main] DEBUG org.aspectj.weaver.tools.WeavingAdaptor  - 16:58:02.813 main &gt; org.aspectj.weaver.tools.WeavingAdaptor.weaveClass org.aspectj.weaver.loadtime.ClassLoaderWeavingAdaptor@10b090ac org/hibernate/context/CurrentSessionContext, byte[295]
3293 [main] DEBUG org.aspectj.weaver.tools.WeavingAdaptor  - 16:58:02.813 main &lt; org.aspectj.weaver.tools.WeavingAdaptor.weaveClass false
3293 [main] DEBUG org.aspectj.weaver.loadtime.Aj  - 16:58:02.813 main &lt; org.aspectj.weaver.loadtime.Aj.preProcess byte[295]
3294 [main] DEBUG org.aspectj.weaver.loadtime.Aj  - 16:58:02.814 main &gt; org.aspectj.weaver.loadtime.Aj.preProcess org.aspectj.weaver.loadtime.Aj@58027738 org/hibernate/engine/query/sql/NativeSQLQuerySpecification, byte[2043], org.springframework.test.jpa.OrmXmlOverridingShadowingClassLoader@2bbf1be2
3294 [main] DEBUG org.aspectj.weaver.loadtime.Aj  - 16:58:02.814 main - org.aspectj.weaver.loadtime.Aj.preProcess org.aspectj.weaver.loadtime.Aj@58027738 sun.misc.Launcher$AppClassLoader@302b2c81, org.springframework.test.jpa.OrmXmlOverridingShadowingClassLoader@2bbf1be2
3294 [main] DEBUG org.aspectj.weaver.tools.WeavingAdaptor  - 16:58:02.814 main &gt; org.aspectj.weaver.tools.WeavingAdaptor.weaveClass org.aspectj.weaver.loadtime.ClassLoaderWeavingAdaptor@10b090ac org/hibernate/engine/query/sql/NativeSQLQuerySpecification, byte[2043]
3294 [main] DEBUG org.aspectj.weaver.tools.WeavingAdaptor  - 16:58:02.814 main &lt; org.aspectj.weaver.tools.WeavingAdaptor.weaveClass false
3294 [main] DEBUG org.aspectj.weaver.loadtime.Aj  - 16:58:02.814 main &lt; org.aspectj.weaver.loadtime.Aj.preProcess byte[2043]
3294 [main] DEBUG org.aspectj.weaver.loadtime.Aj  - 16:58:02.814 main &gt; org.aspectj.weaver.loadtime.Aj.preProcess org.aspectj.weaver.loadtime.Aj@58027738 org/hibernate/classic/Session, byte[2178], org.springframework.test.jpa.OrmXmlOverridingShadowingClassLoader@2bbf1be2
3294 [main] DEBUG org.aspectj.weaver.loadtime.Aj  - 16:58:02.814 main - org.aspectj.weaver.loadtime.Aj.preProcess org.aspectj.weaver.loadtime.Aj@58027738 sun.misc.Launcher$AppClassLoader@302b2c81, org.springframework.test.jpa.OrmXmlOverridingShadowingClassLoader@2bbf1be2
3294 [main] DEBUG org.aspectj.weaver.tools.WeavingAdaptor  - 16:58:02.814 main &gt; org.aspectj.weaver.tools.WeavingAdaptor.weaveClass org.aspectj.weaver.loadtime.ClassLoaderWeavingAdaptor@10b090ac org/hibernate/classic/Session, byte[2178]
3294 [main] DEBUG org.aspectj.weaver.tools.WeavingAdaptor  - 16:58:02.814 main &lt; org.aspectj.weaver.tools.WeavingAdaptor.weaveClass false
3294 [main] DEBUG org.aspectj.weaver.loadtime.Aj  - 16:58:02.814 main &lt; org.aspectj.weaver.loadtime.Aj.preProcess byte[2178]
3295 [main] DEBUG org.aspectj.weaver.loadtime.Aj  - 16:58:02.815 main &gt; org.aspectj.weaver.loadtime.Aj.preProcess org.aspectj.weaver.loadtime.Aj@58027738 org/hibernate/stat/Statistics, byte[1827], org.springframework.test.jpa.OrmXmlOverridingShadowingClassLoader@2bbf1be2
3295 [main] DEBUG org.aspectj.weaver.loadtime.Aj  - 16:58:02.815 main - org.aspectj.weaver.loadtime.Aj.preProcess org.aspectj.weaver.loadtime.Aj@58027738 sun.misc.Launcher$AppClassLoader@302b2c81, org.springframework.test.jpa.OrmXmlOverridingShadowingClassLoader@2bbf1be2
3295 [main] DEBUG org.aspectj.weaver.tools.WeavingAdaptor  - 16:58:02.815 main &gt; org.aspectj.weaver.tools.WeavingAdaptor.weaveClass org.aspectj.weaver.loadtime.ClassLoaderWeavingAdaptor@10b090ac org/hibernate/stat/Statistics, byte[1827]
3295 [main] DEBUG org.aspectj.weaver.tools.WeavingAdaptor  - 16:58:02.815 main &lt; org.aspectj.weaver.tools.WeavingAdaptor.weaveClass false
3295 [main] DEBUG org.aspectj.weaver.loadtime.Aj  - 16:58:02.815 main &lt; org.aspectj.weaver.loadtime.Aj.preProcess byte[1827]
3295 [main] DEBUG org.aspectj.weaver.loadtime.Aj  - 16:58:02.815 main &gt; org.aspectj.weaver.loadtime.Aj.preProcess org.aspectj.weaver.loadtime.Aj@58027738 org/hibernate/StatelessSession, byte[1543], org.springframework.test.jpa.OrmXmlOverridingShadowingClassLoader@2bbf1be2
3295 [main] DEBUG org.aspectj.weaver.loadtime.Aj  - 16:58:02.815 main - org.aspectj.weaver.loadtime.Aj.preProcess org.aspectj.weaver.loadtime.Aj@58027738 sun.misc.Launcher$AppClassLoader@302b2c81, org.springframework.test.jpa.OrmXmlOverridingShadowingClassLoader@2bbf1be2
3295 [main] DEBUG org.aspectj.weaver.tools.WeavingAdaptor  - 16:58:02.815 main &gt; org.aspectj.weaver.tools.WeavingAdaptor.weaveClass org.aspectj.weaver.loadtime.ClassLoaderWeavingAdaptor@10b090ac org/hibernate/StatelessSession, byte[1543]
3296 [main] DEBUG org.aspectj.weaver.tools.WeavingAdaptor  - 16:58:02.815 main &lt; org.aspectj.weaver.tools.WeavingAdaptor.weaveClass false
3296 [main] DEBUG org.aspectj.weaver.loadtime.Aj  - 16:58:02.816 main &lt; org.aspectj.weaver.loadtime.Aj.preProcess byte[1543]
3296 [main] DEBUG org.aspectj.weaver.loadtime.Aj  - 16:58:02.816 main &gt; org.aspectj.weaver.loadtime.Aj.preProcess org.aspectj.weaver.loadtime.Aj@58027738 org/hibernate/stat/StatisticsImplementor, byte[890], org.springframework.test.jpa.OrmXmlOverridingShadowingClassLoader@2bbf1be2
3296 [main] DEBUG org.aspectj.weaver.loadtime.Aj  - 16:58:02.816 main - org.aspectj.weaver.loadtime.Aj.preProcess org.aspectj.weaver.loadtime.Aj@58027738 sun.misc.Launcher$AppClassLoader@302b2c81, org.springframework.test.jpa.OrmXmlOverridingShadowingClassLoader@2bbf1be2
3296 [main] DEBUG org.aspectj.weaver.tools.WeavingAdaptor  - 16:58:02.816 main &gt; org.aspectj.weaver.tools.WeavingAdaptor.weaveClass org.aspectj.weaver.loadtime.ClassLoaderWeavingAdaptor@10b090ac org/hibernate/stat/StatisticsImplementor, byte[890]
3296 [main] DEBUG org.aspectj.weaver.tools.WeavingAdaptor  - 16:58:02.816 main &lt; org.aspectj.weaver.tools.WeavingAdaptor.weaveClass false
3296 [main] DEBUG org.aspectj.weaver.loadtime.Aj  - 16:58:02.816 main &lt; org.aspectj.weaver.loadtime.Aj.preProcess byte[890]
3297 [main] DEBUG org.aspectj.weaver.loadtime.Aj  - 16:58:02.817 main &gt; org.aspectj.weaver.loadtime.Aj.preProcess org.aspectj.weaver.loadtime.Aj@58027738 org/hibernate/cache/OptimisticCacheSource, byte[229], org.springframework.test.jpa.OrmXmlOverridingShadowingClassLoader@2bbf1be2
3297 [main] DEBUG org.aspectj.weaver.loadtime.Aj  - 16:58:02.817 main - org.aspectj.weaver.loadtime.Aj.preProcess org.aspectj.weaver.loadtime.Aj@58027738 sun.misc.Launcher$AppClassLoader@302b2c81, org.springframework.test.jpa.OrmXmlOverridingShadowingClassLoader@2bbf1be2
3297 [main] DEBUG org.aspectj.weaver.tools.WeavingAdaptor  - 16:58:02.817 main &gt; org.aspectj.weaver.tools.WeavingAdaptor.weaveClass org.aspectj.weaver.loadtime.ClassLoaderWeavingAdaptor@10b090ac org/hibernate/cache/OptimisticCacheSource, byte[229]
3297 [main] DEBUG org.aspectj.weaver.tools.WeavingAdaptor  - 16:58:02.817 main &lt; org.aspectj.weaver.tools.WeavingAdaptor.weaveClass false
3297 [main] DEBUG org.aspectj.weaver.loadtime.Aj  - 16:58:02.817 main &lt; org.aspectj.weaver.loadtime.Aj.preProcess byte[229]
3298 [main] DEBUG org.aspectj.weaver.loadtime.Aj  - 16:58:02.818 main &gt; org.aspectj.weaver.loadtime.Aj.preProcess org.aspectj.weaver.loadtime.Aj@58027738 org/hibernate/id/UUIDHexGenerator, byte[2989], org.springframework.test.jpa.OrmXmlOverridingShadowingClassLoader@2bbf1be2
3298 [main] DEBUG org.aspectj.weaver.loadtime.Aj  - 16:58:02.818 main - org.aspectj.weaver.loadtime.Aj.preProcess org.aspectj.weaver.loadtime.Aj@58027738 sun.misc.Launcher$AppClassLoader@302b2c81, org.springframework.test.jpa.OrmXmlOverridingShadowingClassLoader@2bbf1be2
3298 [main] DEBUG org.aspectj.weaver.tools.WeavingAdaptor  - 16:58:02.818 main &gt; org.aspectj.weaver.tools.WeavingAdaptor.weaveClass org.aspectj.weaver.loadtime.ClassLoaderWeavingAdaptor@10b090ac org/hibernate/id/UUIDHexGenerator, byte[2989]
3298 [main] DEBUG org.aspectj.weaver.tools.WeavingAdaptor  - 16:58:02.818 main &lt; org.aspectj.weaver.tools.WeavingAdaptor.weaveClass false
3298 [main] DEBUG org.aspectj.weaver.loadtime.Aj  - 16:58:02.818 main &lt; org.aspectj.weaver.loadtime.Aj.preProcess byte[2989]
3298 [main] DEBUG org.aspectj.weaver.loadtime.Aj  - 16:58:02.818 main &gt; org.aspectj.weaver.loadtime.Aj.preProcess org.aspectj.weaver.loadtime.Aj@58027738 org/hibernate/id/AbstractUUIDGenerator, byte[1893], org.springframework.test.jpa.OrmXmlOverridingShadowingClassLoader@2bbf1be2
3298 [main] DEBUG org.aspectj.weaver.loadtime.Aj  - 16:58:02.818 main - org.aspectj.weaver.loadtime.Aj.preProcess org.aspectj.weaver.loadtime.Aj@58027738 sun.misc.Launcher$AppClassLoader@302b2c81, org.springframework.test.jpa.OrmXmlOverridingShadowingClassLoader@2bbf1be2
3298 [main] DEBUG org.aspectj.weaver.tools.WeavingAdaptor  - 16:58:02.818 main &gt; org.aspectj.weaver.tools.WeavingAdaptor.weaveClass org.aspectj.weaver.loadtime.ClassLoaderWeavingAdaptor@10b090ac org/hibernate/id/AbstractUUIDGenerator, byte[1893]
3298 [main] DEBUG org.aspectj.weaver.tools.WeavingAdaptor  - 16:58:02.818 main &lt; org.aspectj.weaver.tools.WeavingAdaptor.weaveClass false
3298 [main] DEBUG org.aspectj.weaver.loadtime.Aj  - 16:58:02.818 main &lt; org.aspectj.weaver.loadtime.Aj.preProcess byte[1893]
3302 [main] DEBUG org.aspectj.weaver.loadtime.Aj  - 16:58:02.822 main &gt; org.aspectj.weaver.loadtime.Aj.preProcess org.aspectj.weaver.loadtime.Aj@58027738 org/hibernate/util/BytesHelper, byte[463], org.springframework.test.jpa.OrmXmlOverridingShadowingClassLoader@2bbf1be2
3302 [main] DEBUG org.aspectj.weaver.loadtime.Aj  - 16:58:02.822 main - org.aspectj.weaver.loadtime.Aj.preProcess org.aspectj.weaver.loadtime.Aj@58027738 sun.misc.Launcher$AppClassLoader@302b2c81, org.springframework.test.jpa.OrmXmlOverridingShadowingClassLoader@2bbf1be2
3302 [main] DEBUG org.aspectj.weaver.tools.WeavingAdaptor  - 16:58:02.822 main &gt; org.aspectj.weaver.tools.WeavingAdaptor.weaveClass org.aspectj.weaver.loadtime.ClassLoaderWeavingAdaptor@10b090ac org/hibernate/util/BytesHelper, byte[463]
3302 [main] DEBUG org.aspectj.weaver.tools.WeavingAdaptor  - 16:58:02.822 main &lt; org.aspectj.weaver.tools.WeavingAdaptor.weaveClass false
3302 [main] DEBUG org.aspectj.weaver.loadtime.Aj  - 16:58:02.822 main &lt; org.aspectj.weaver.loadtime.Aj.preProcess byte[463]
3303 [main] DEBUG org.aspectj.weaver.loadtime.Aj  - 16:58:02.823 main &gt; org.aspectj.weaver.loadtime.Aj.preProcess org.aspectj.weaver.loadtime.Aj@58027738 org/hibernate/util/Cloneable$1, byte[688], org.springframework.test.jpa.OrmXmlOverridingShadowingClassLoader@2bbf1be2
3303 [main] DEBUG org.aspectj.weaver.loadtime.Aj  - 16:58:02.823 main - org.aspectj.weaver.loadtime.Aj.preProcess org.aspectj.weaver.loadtime.Aj@58027738 sun.misc.Launcher$AppClassLoader@302b2c81, org.springframework.test.jpa.OrmXmlOverridingShadowingClassLoader@2bbf1be2
3303 [main] DEBUG org.aspectj.weaver.tools.WeavingAdaptor  - 16:58:02.823 main &gt; org.aspectj.weaver.tools.WeavingAdaptor.weaveClass org.aspectj.weaver.loadtime.ClassLoaderWeavingAdaptor@10b090ac org/hibernate/util/Cloneable$1, byte[688]
3303 [main] DEBUG org.aspectj.weaver.tools.WeavingAdaptor  - 16:58:02.823 main &lt; org.aspectj.weaver.tools.WeavingAdaptor.weaveClass false
3303 [main] DEBUG org.aspectj.weaver.loadtime.Aj  - 16:58:02.823 main &lt; org.aspectj.weaver.loadtime.Aj.preProcess byte[688]
3307 [main] DEBUG org.aspectj.weaver.loadtime.Aj  - 16:58:02.827 main &gt; org.aspectj.weaver.loadtime.Aj.preProcess org.aspectj.weaver.loadtime.Aj@58027738 org/hibernate/stat/StatisticsImpl, byte[17705], org.springframework.test.jpa.OrmXmlOverridingShadowingClassLoader@2bbf1be2
3307 [main] DEBUG org.aspectj.weaver.loadtime.Aj  - 16:58:02.827 main - org.aspectj.weaver.loadtime.Aj.preProcess org.aspectj.weaver.loadtime.Aj@58027738 sun.misc.Launcher$AppClassLoader@302b2c81, org.springframework.test.jpa.OrmXmlOverridingShadowingClassLoader@2bbf1be2
3307 [main] DEBUG org.aspectj.weaver.tools.WeavingAdaptor  - 16:58:02.827 main &gt; org.aspectj.weaver.tools.WeavingAdaptor.weaveClass org.aspectj.weaver.loadtime.ClassLoaderWeavingAdaptor@10b090ac org/hibernate/stat/StatisticsImpl, byte[17705]
3307 [main] DEBUG org.aspectj.weaver.tools.WeavingAdaptor  - 16:58:02.827 main &lt; org.aspectj.weaver.tools.WeavingAdaptor.weaveClass false
3307 [main] DEBUG org.aspectj.weaver.loadtime.Aj  - 16:58:02.827 main &lt; org.aspectj.weaver.loadtime.Aj.preProcess byte[17705]
3309 [main] DEBUG org.aspectj.weaver.loadtime.Aj  - 16:58:02.829 main &gt; org.aspectj.weaver.loadtime.Aj.preProcess org.aspectj.weaver.loadtime.Aj@58027738 org/hibernate/engine/query/QueryPlanCache, byte[7448], org.springframework.test.jpa.OrmXmlOverridingShadowingClassLoader@2bbf1be2
3309 [main] DEBUG org.aspectj.weaver.loadtime.Aj  - 16:58:02.829 main - org.aspectj.weaver.loadtime.Aj.preProcess org.aspectj.weaver.loadtime.Aj@58027738 sun.misc.Launcher$AppClassLoader@302b2c81, org.springframework.test.jpa.OrmXmlOverridingShadowingClassLoader@2bbf1be2
3309 [main] DEBUG org.aspectj.weaver.tools.WeavingAdaptor  - 16:58:02.829 main &gt; org.aspectj.weaver.tools.WeavingAdaptor.weaveClass org.aspectj.weaver.loadtime.ClassLoaderWeavingAdaptor@10b090ac org/hibernate/engine/query/QueryPlanCache, byte[7448]
3309 [main] DEBUG org.aspectj.weaver.tools.WeavingAdaptor  - 16:58:02.829 main &lt; org.aspectj.weaver.tools.WeavingAdaptor.weaveClass false
3309 [main] DEBUG org.aspectj.weaver.loadtime.Aj  - 16:58:02.829 main &lt; org.aspectj.weaver.loadtime.Aj.preProcess byte[7448]
3310 [main] DEBUG org.aspectj.weaver.loadtime.Aj  - 16:58:02.830 main &gt; org.aspectj.weaver.loadtime.Aj.preProcess org.aspectj.weaver.loadtime.Aj@58027738 org/hibernate/util/SimpleMRUCache, byte[1581], org.springframework.test.jpa.OrmXmlOverridingShadowingClassLoader@2bbf1be2
3310 [main] DEBUG org.aspectj.weaver.loadtime.Aj  - 16:58:02.830 main - org.aspectj.weaver.loadtime.Aj.preProcess org.aspectj.weaver.loadtime.Aj@58027738 sun.misc.Launcher$AppClassLoader@302b2c81, org.springframework.test.jpa.OrmXmlOverridingShadowingClassLoader@2bbf1be2
3310 [main] DEBUG org.aspectj.weaver.tools.WeavingAdaptor  - 16:58:02.830 main &gt; org.aspectj.weaver.tools.WeavingAdaptor.weaveClass org.aspectj.weaver.loadtime.ClassLoaderWeavingAdaptor@10b090ac org/hibernate/util/SimpleMRUCache, byte[1581]
3310 [main] DEBUG org.aspectj.weaver.tools.WeavingAdaptor  - 16:58:02.830 main &lt; org.aspectj.weaver.tools.WeavingAdaptor.weaveClass false
3310 [main] DEBUG org.aspectj.weaver.loadtime.Aj  - 16:58:02.830 main &lt; org.aspectj.weaver.loadtime.Aj.preProcess byte[1581]
3311 [main] DEBUG org.aspectj.weaver.loadtime.Aj  - 16:58:02.831 main &gt; org.aspectj.weaver.loadtime.Aj.preProcess org.aspectj.weaver.loadtime.Aj@58027738 org/apache/commons/collections/LRUMap, byte[2724], org.springframework.test.jpa.OrmXmlOverridingShadowingClassLoader@2bbf1be2
3311 [main] DEBUG org.aspectj.weaver.loadtime.Aj  - 16:58:02.831 main - org.aspectj.weaver.loadtime.Aj.preProcess org.aspectj.weaver.loadtime.Aj@58027738 sun.misc.Launcher$AppClassLoader@302b2c81, org.springframework.test.jpa.OrmXmlOverridingShadowingClassLoader@2bbf1be2
3311 [main] DEBUG org.aspectj.weaver.tools.WeavingAdaptor  - 16:58:02.831 main &gt; org.aspectj.weaver.tools.WeavingAdaptor.weaveClass org.aspectj.weaver.loadtime.ClassLoaderWeavingAdaptor@10b090ac org/apache/commons/collections/LRUMap, byte[2724]
3311 [main] DEBUG org.aspectj.weaver.tools.WeavingAdaptor  - 16:58:02.831 main &lt; org.aspectj.weaver.tools.WeavingAdaptor.weaveClass false
3311 [main] DEBUG org.aspectj.weaver.loadtime.Aj  - 16:58:02.831 main &lt; org.aspectj.weaver.loadtime.Aj.preProcess byte[2724]
3311 [main] DEBUG org.aspectj.weaver.loadtime.Aj  - 16:58:02.831 main &gt; org.aspectj.weaver.loadtime.Aj.preProcess org.aspectj.weaver.loadtime.Aj@58027738 org/hibernate/util/SoftLimitMRUCache, byte[1955], org.springframework.test.jpa.OrmXmlOverridingShadowingClassLoader@2bbf1be2
3311 [main] DEBUG org.aspectj.weaver.loadtime.Aj  - 16:58:02.831 main - org.aspectj.weaver.loadtime.Aj.preProcess org.aspectj.weaver.loadtime.Aj@58027738 sun.misc.Launcher$AppClassLoader@302b2c81, org.springframework.test.jpa.OrmXmlOverridingShadowingClassLoader@2bbf1be2
3311 [main] DEBUG org.aspectj.weaver.tools.WeavingAdaptor  - 16:58:02.831 main &gt; org.aspectj.weaver.tools.WeavingAdaptor.weaveClass org.aspectj.weaver.loadtime.ClassLoaderWeavingAdaptor@10b090ac org/hibernate/util/SoftLimitMRUCache, byte[1955]
3311 [main] DEBUG org.aspectj.weaver.tools.WeavingAdaptor  - 16:58:02.831 main &lt; org.aspectj.weaver.tools.WeavingAdaptor.weaveClass false
3312 [main] DEBUG org.aspectj.weaver.loadtime.Aj  - 16:58:02.832 main &lt; org.aspectj.weaver.loadtime.Aj.preProcess byte[1955]
3312 [main] DEBUG org.aspectj.weaver.loadtime.Aj  - 16:58:02.832 main &gt; org.aspectj.weaver.loadtime.Aj.preProcess org.aspectj.weaver.loadtime.Aj@58027738 org/apache/commons/collections/ReferenceMap, byte[9118], org.springframework.test.jpa.OrmXmlOverridingShadowingClassLoader@2bbf1be2
3312 [main] DEBUG org.aspectj.weaver.loadtime.Aj  - 16:58:02.832 main - org.aspectj.weaver.loadtime.Aj.preProcess org.aspectj.weaver.loadtime.Aj@58027738 sun.misc.Launcher$AppClassLoader@302b2c81, org.springframework.test.jpa.OrmXmlOverridingShadowingClassLoader@2bbf1be2
3312 [main] DEBUG org.aspectj.weaver.tools.WeavingAdaptor  - 16:58:02.832 main &gt; org.aspectj.weaver.tools.WeavingAdaptor.weaveClass org.aspectj.weaver.loadtime.ClassLoaderWeavingAdaptor@10b090ac org/apache/commons/collections/ReferenceMap, byte[9118]
3312 [main] DEBUG org.aspectj.weaver.tools.WeavingAdaptor  - 16:58:02.832 main &lt; org.aspectj.weaver.tools.WeavingAdaptor.weaveClass false
3312 [main] DEBUG org.aspectj.weaver.loadtime.Aj  - 16:58:02.832 main &lt; org.aspectj.weaver.loadtime.Aj.preProcess byte[9118]
3313 [main] DEBUG org.aspectj.weaver.loadtime.Aj  - 16:58:02.833 main &gt; org.aspectj.weaver.loadtime.Aj.preProcess org.aspectj.weaver.loadtime.Aj@58027738 org/apache/commons/collections/ReferenceMap$Entry, byte[2776], org.springframework.test.jpa.OrmXmlOverridingShadowingClassLoader@2bbf1be2
3313 [main] DEBUG org.aspectj.weaver.loadtime.Aj  - 16:58:02.833 main - org.aspectj.weaver.loadtime.Aj.preProcess org.aspectj.weaver.loadtime.Aj@58027738 sun.misc.Launcher$AppClassLoader@302b2c81, org.springframework.test.jpa.OrmXmlOverridingShadowingClassLoader@2bbf1be2
3313 [main] DEBUG org.aspectj.weaver.tools.WeavingAdaptor  - 16:58:02.833 main &gt; org.aspectj.weaver.tools.WeavingAdaptor.weaveClass org.aspectj.weaver.loadtime.ClassLoaderWeavingAdaptor@10b090ac org/apache/commons/collections/ReferenceMap$Entry, byte[2776]
3313 [main] DEBUG org.aspectj.weaver.tools.WeavingAdaptor  - 16:58:02.833 main &lt; org.aspectj.weaver.tools.WeavingAdaptor.weaveClass false
3313 [main] DEBUG org.aspectj.weaver.loadtime.Aj  - 16:58:02.833 main &lt; org.aspectj.weaver.loadtime.Aj.preProcess byte[2776]
3314 [main] DEBUG org.aspectj.weaver.loadtime.Aj  - 16:58:02.834 main &gt; org.aspectj.weaver.loadtime.Aj.preProcess org.aspectj.weaver.loadtime.Aj@58027738 org/hibernate/dialect/function/SQLFunctionRegistry, byte[1485], org.springframework.test.jpa.OrmXmlOverridingShadowingClassLoader@2bbf1be2
3314 [main] DEBUG org.aspectj.weaver.loadtime.Aj  - 16:58:02.834 main - org.aspectj.weaver.loadtime.Aj.preProcess org.aspectj.weaver.loadtime.Aj@58027738 sun.misc.Launcher$AppClassLoader@302b2c81, org.springframework.test.jpa.OrmXmlOverridingShadowingClassLoader@2bbf1be2
3314 [main] DEBUG org.aspectj.weaver.tools.WeavingAdaptor  - 16:58:02.834 main &gt; org.aspectj.weaver.tools.WeavingAdaptor.weaveClass org.aspectj.weaver.loadtime.ClassLoaderWeavingAdaptor@10b090ac org/hibernate/dialect/function/SQLFunctionRegistry, byte[1485]
3314 [main] DEBUG org.aspectj.weaver.tools.WeavingAdaptor  - 16:58:02.834 main &lt; org.aspectj.weaver.tools.WeavingAdaptor.weaveClass false
3314 [main] DEBUG org.aspectj.weaver.loadtime.Aj  - 16:58:02.834 main &lt; org.aspectj.weaver.loadtime.Aj.preProcess byte[1485]
3314 [main] DEBUG org.aspectj.weaver.loadtime.Aj  - 16:58:02.834 main &gt; org.aspectj.weaver.loadtime.Aj.preProcess org.aspectj.weaver.loadtime.Aj@58027738 net/sf/ehcache/util/ClassLoaderUtil, byte[2265], org.springframework.test.jpa.OrmXmlOverridingShadowingClassLoader@2bbf1be2
3314 [main] DEBUG org.aspectj.weaver.loadtime.Aj  - 16:58:02.834 main - org.aspectj.weaver.loadtime.Aj.preProcess org.aspectj.weaver.loadtime.Aj@58027738 sun.misc.Launcher$AppClassLoader@302b2c81, org.springframework.test.jpa.OrmXmlOverridingShadowingClassLoader@2bbf1be2
3315 [main] DEBUG org.aspectj.weaver.tools.WeavingAdaptor  - 16:58:02.834 main &gt; org.aspectj.weaver.tools.WeavingAdaptor.weaveClass org.aspectj.weaver.loadtime.ClassLoaderWeavingAdaptor@10b090ac net/sf/ehcache/util/ClassLoaderUtil, byte[2265]
3315 [main] DEBUG org.aspectj.weaver.tools.WeavingAdaptor  - 16:58:02.835 main &lt; org.aspectj.weaver.tools.WeavingAdaptor.weaveClass false
3315 [main] DEBUG org.aspectj.weaver.loadtime.Aj  - 16:58:02.835 main &lt; org.aspectj.weaver.loadtime.Aj.preProcess byte[2265]
3315 [main] DEBUG org.aspectj.weaver.loadtime.Aj  - 16:58:02.835 main &gt; org.aspectj.weaver.loadtime.Aj.preProcess org.aspectj.weaver.loadtime.Aj@58027738 net/sf/ehcache/CacheManager, byte[18862], org.springframework.test.jpa.OrmXmlOverridingShadowingClassLoader@2bbf1be2
3315 [main] DEBUG org.aspectj.weaver.loadtime.Aj  - 16:58:02.835 main - org.aspectj.weaver.loadtime.Aj.preProcess org.aspectj.weaver.loadtime.Aj@58027738 sun.misc.Launcher$AppClassLoader@302b2c81, org.springframework.test.jpa.OrmXmlOverridingShadowingClassLoader@2bbf1be2
3315 [main] DEBUG org.aspectj.weaver.tools.WeavingAdaptor  - 16:58:02.835 main &gt; org.aspectj.weaver.tools.WeavingAdaptor.weaveClass org.aspectj.weaver.loadtime.ClassLoaderWeavingAdaptor@10b090ac net/sf/ehcache/CacheManager, byte[18862]
3315 [main] DEBUG org.aspectj.weaver.tools.WeavingAdaptor  - 16:58:02.835 main &lt; org.aspectj.weaver.tools.WeavingAdaptor.weaveClass false
3315 [main] DEBUG org.aspectj.weaver.loadtime.Aj  - 16:58:02.835 main &lt; org.aspectj.weaver.loadtime.Aj.preProcess byte[18862]
3316 [main] DEBUG org.aspectj.weaver.loadtime.Aj  - 16:58:02.836 main &gt; org.aspectj.weaver.loadtime.Aj.preProcess org.aspectj.weaver.loadtime.Aj@58027738 net/sf/ehcache/event/CacheManagerEventListener, byte[387], org.springframework.test.jpa.OrmXmlOverridingShadowingClassLoader@2bbf1be2
3316 [main] DEBUG org.aspectj.weaver.loadtime.Aj  - 16:58:02.836 main - org.aspectj.weaver.loadtime.Aj.preProcess org.aspectj.weaver.loadtime.Aj@58027738 sun.misc.Launcher$AppClassLoader@302b2c81, org.springframework.test.jpa.OrmXmlOverridingShadowingClassLoader@2bbf1be2
3316 [main] DEBUG org.aspectj.weaver.tools.WeavingAdaptor  - 16:58:02.836 main &gt; org.aspectj.weaver.tools.WeavingAdaptor.weaveClass org.aspectj.weaver.loadtime.ClassLoaderWeavingAdaptor@10b090ac net/sf/ehcache/event/CacheManagerEventListener, byte[387]
3316 [main] DEBUG org.aspectj.weaver.tools.WeavingAdaptor  - 16:58:02.836 main &lt; org.aspectj.weaver.tools.WeavingAdaptor.weaveClass false
3316 [main] DEBUG org.aspectj.weaver.loadtime.Aj  - 16:58:02.836 main &lt; org.aspectj.weaver.loadtime.Aj.preProcess byte[387]
3316 [main] DEBUG org.aspectj.weaver.loadtime.Aj  - 16:58:02.836 main &gt; org.aspectj.weaver.loadtime.Aj.preProcess org.aspectj.weaver.loadtime.Aj@58027738 net/sf/ehcache/ObjectExistsException, byte[476], org.springframework.test.jpa.OrmXmlOverridingShadowingClassLoader@2bbf1be2
3317 [main] DEBUG org.aspectj.weaver.loadtime.Aj  - 16:58:02.837 main - org.aspectj.weaver.loadtime.Aj.preProcess org.aspectj.weaver.loadtime.Aj@58027738 sun.misc.Launcher$AppClassLoader@302b2c81, org.springframework.test.jpa.OrmXmlOverridingShadowingClassLoader@2bbf1be2
3317 [main] DEBUG org.aspectj.weaver.tools.WeavingAdaptor  - 16:58:02.837 main &gt; org.aspectj.weaver.tools.WeavingAdaptor.weaveClass org.aspectj.weaver.loadtime.ClassLoaderWeavingAdaptor@10b090ac net/sf/ehcache/ObjectExistsException, byte[476]
3317 [main] DEBUG org.aspectj.weaver.tools.WeavingAdaptor  - 16:58:02.837 main &lt; org.aspectj.weaver.tools.WeavingAdaptor.weaveClass false
3317 [main] DEBUG org.aspectj.weaver.loadtime.Aj  - 16:58:02.837 main &lt; org.aspectj.weaver.loadtime.Aj.preProcess byte[476]
3317 [main] DEBUG org.aspectj.weaver.loadtime.Aj  - 16:58:02.837 main &gt; org.aspectj.weaver.loadtime.Aj.preProcess org.aspectj.weaver.loadtime.Aj@58027738 net/sf/ehcache/CacheManager$1, byte[1218], org.springframework.test.jpa.OrmXmlOverridingShadowingClassLoader@2bbf1be2
3317 [main] DEBUG org.aspectj.weaver.loadtime.Aj  - 16:58:02.837 main - org.aspectj.weaver.loadtime.Aj.preProcess org.aspectj.weaver.loadtime.Aj@58027738 sun.misc.Launcher$AppClassLoader@302b2c81, org.springframework.test.jpa.OrmXmlOverridingShadowingClassLoader@2bbf1be2
3317 [main] DEBUG org.aspectj.weaver.tools.WeavingAdaptor  - 16:58:02.837 main &gt; org.aspectj.weaver.tools.WeavingAdaptor.weaveClass org.aspectj.weaver.loadtime.ClassLoaderWeavingAdaptor@10b090ac net/sf/ehcache/CacheManager$1, byte[1218]
3317 [main] DEBUG org.aspectj.weaver.tools.WeavingAdaptor  - 16:58:02.837 main &lt; org.aspectj.weaver.tools.WeavingAdaptor.weaveClass false
3317 [main] DEBUG org.aspectj.weaver.loadtime.Aj  - 16:58:02.837 main &lt; org.aspectj.weaver.loadtime.Aj.preProcess byte[1218]
3318 [main] DEBUG org.aspectj.weaver.loadtime.Aj  - 16:58:02.838 main &gt; org.aspectj.weaver.loadtime.Aj.preProcess org.aspectj.weaver.loadtime.Aj@58027738 net/sf/ehcache/Ehcache, byte[3654], org.springframework.test.jpa.OrmXmlOverridingShadowingClassLoader@2bbf1be2
3318 [main] DEBUG org.aspectj.weaver.loadtime.Aj  - 16:58:02.838 main - org.aspectj.weaver.loadtime.Aj.preProcess org.aspectj.weaver.loadtime.Aj@58027738 sun.misc.Launcher$AppClassLoader@302b2c81, org.springframework.test.jpa.OrmXmlOverridingShadowingClassLoader@2bbf1be2
3318 [main] DEBUG org.aspectj.weaver.tools.WeavingAdaptor  - 16:58:02.838 main &gt; org.aspectj.weaver.tools.WeavingAdaptor.weaveClass org.aspectj.weaver.loadtime.ClassLoaderWeavingAdaptor@10b090ac net/sf/ehcache/Ehcache, byte[3654]
3318 [main] DEBUG org.aspectj.weaver.tools.WeavingAdaptor  - 16:58:02.838 main &lt; org.aspectj.weaver.tools.WeavingAdaptor.weaveClass false
3318 [main] DEBUG org.aspectj.weaver.loadtime.Aj  - 16:58:02.838 main &lt; org.aspectj.weaver.loadtime.Aj.preProcess byte[3654]
3319 [main] DEBUG org.aspectj.weaver.loadtime.Aj  - 16:58:02.839 main &gt; org.aspectj.weaver.loadtime.Aj.preProcess org.aspectj.weaver.loadtime.Aj@58027738 net/sf/ehcache/event/CacheManagerEventListenerRegistry, byte[2779], org.springframework.test.jpa.OrmXmlOverridingShadowingClassLoader@2bbf1be2
3319 [main] DEBUG org.aspectj.weaver.loadtime.Aj  - 16:58:02.839 main - org.aspectj.weaver.loadtime.Aj.preProcess org.aspectj.weaver.loadtime.Aj@58027738 sun.misc.Launcher$AppClassLoader@302b2c81, org.springframework.test.jpa.OrmXmlOverridingShadowingClassLoader@2bbf1be2
3319 [main] DEBUG org.aspectj.weaver.tools.WeavingAdaptor  - 16:58:02.839 main &gt; org.aspectj.weaver.tools.WeavingAdaptor.weaveClass org.aspectj.weaver.loadtime.ClassLoaderWeavingAdaptor@10b090ac net/sf/ehcache/event/CacheManagerEventListenerRegistry, byte[2779]
3319 [main] DEBUG org.aspectj.weaver.tools.WeavingAdaptor  - 16:58:02.839 main &lt; org.aspectj.weaver.tools.WeavingAdaptor.weaveClass false
3319 [main] DEBUG org.aspectj.weaver.loadtime.Aj  - 16:58:02.839 main &lt; org.aspectj.weaver.loadtime.Aj.preProcess byte[2779]
3319 [main] DEBUG org.aspectj.weaver.loadtime.Aj  - 16:58:02.839 main &gt; org.aspectj.weaver.loadtime.Aj.preProcess org.aspectj.weaver.loadtime.Aj@58027738 net/sf/ehcache/Status, byte[1673], org.springframework.test.jpa.OrmXmlOverridingShadowingClassLoader@2bbf1be2
3319 [main] DEBUG org.aspectj.weaver.loadtime.Aj  - 16:58:02.839 main - org.aspectj.weaver.loadtime.Aj.preProcess org.aspectj.weaver.loadtime.Aj@58027738 sun.misc.Launcher$AppClassLoader@302b2c81, org.springframework.test.jpa.OrmXmlOverridingShadowingClassLoader@2bbf1be2
3320 [main] DEBUG org.aspectj.weaver.tools.WeavingAdaptor  - 16:58:02.840 main &gt; org.aspectj.weaver.tools.WeavingAdaptor.weaveClass org.aspectj.weaver.loadtime.ClassLoaderWeavingAdaptor@10b090ac net/sf/ehcache/Status, byte[1673]
3320 [main] DEBUG org.aspectj.weaver.tools.WeavingAdaptor  - 16:58:02.840 main &lt; org.aspectj.weaver.tools.WeavingAdaptor.weaveClass false
3320 [main] DEBUG org.aspectj.weaver.loadtime.Aj  - 16:58:02.840 main &lt; org.aspectj.weaver.loadtime.Aj.preProcess byte[1673]
3320 [main] DEBUG org.aspectj.weaver.loadtime.Aj  - 16:58:02.840 main &gt; org.aspectj.weaver.loadtime.Aj.preProcess org.aspectj.weaver.loadtime.Aj@58027738 net/sf/ehcache/config/ConfigurationFactory, byte[5248], org.springframework.test.jpa.OrmXmlOverridingShadowingClassLoader@2bbf1be2
3320 [main] DEBUG org.aspectj.weaver.loadtime.Aj  - 16:58:02.840 main - org.aspectj.weaver.loadtime.Aj.preProcess org.aspectj.weaver.loadtime.Aj@58027738 sun.misc.Launcher$AppClassLoader@302b2c81, org.springframework.test.jpa.OrmXmlOverridingShadowingClassLoader@2bbf1be2
3320 [main] DEBUG org.aspectj.weaver.tools.WeavingAdaptor  - 16:58:02.840 main &gt; org.aspectj.weaver.tools.WeavingAdaptor.weaveClass org.aspectj.weaver.loadtime.ClassLoaderWeavingAdaptor@10b090ac net/sf/ehcache/config/ConfigurationFactory, byte[5248]
3320 [main] DEBUG org.aspectj.weaver.tools.WeavingAdaptor  - 16:58:02.840 main &lt; org.aspectj.weaver.tools.WeavingAdaptor.weaveClass false
3320 [main] DEBUG org.aspectj.weaver.loadtime.Aj  - 16:58:02.840 main &lt; org.aspectj.weaver.loadtime.Aj.preProcess byte[5248]
3321 [main] DEBUG org.aspectj.weaver.loadtime.Aj  - 16:58:02.841 main &gt; org.aspectj.weaver.loadtime.Aj.preProcess org.aspectj.weaver.loadtime.Aj@58027738 net/sf/ehcache/config/BeanHandler, byte[9379], org.springframework.test.jpa.OrmXmlOverridingShadowingClassLoader@2bbf1be2
3321 [main] DEBUG org.aspectj.weaver.loadtime.Aj  - 16:58:02.841 main - org.aspectj.weaver.loadtime.Aj.preProcess org.aspectj.weaver.loadtime.Aj@58027738 sun.misc.Launcher$AppClassLoader@302b2c81, org.springframework.test.jpa.OrmXmlOverridingShadowingClassLoader@2bbf1be2
3321 [main] DEBUG org.aspectj.weaver.tools.WeavingAdaptor  - 16:58:02.841 main &gt; org.aspectj.weaver.tools.WeavingAdaptor.weaveClass org.aspectj.weaver.loadtime.ClassLoaderWeavingAdaptor@10b090ac net/sf/ehcache/config/BeanHandler, byte[9379]
3321 [main] DEBUG org.aspectj.weaver.tools.WeavingAdaptor  - 16:58:02.841 main &lt; org.aspectj.weaver.tools.WeavingAdaptor.weaveClass false
3321 [main] DEBUG org.aspectj.weaver.loadtime.Aj  - 16:58:02.841 main &lt; org.aspectj.weaver.loadtime.Aj.preProcess byte[9379]
3322 [main] DEBUG org.aspectj.weaver.loadtime.Aj  - 16:58:02.842 main &gt; org.aspectj.weaver.loadtime.Aj.preProcess org.aspectj.weaver.loadtime.Aj@58027738 net/sf/ehcache/config/Configuration, byte[3839], org.springframework.test.jpa.OrmXmlOverridingShadowingClassLoader@2bbf1be2
3322 [main] DEBUG org.aspectj.weaver.loadtime.Aj  - 16:58:02.842 main - org.aspectj.weaver.loadtime.Aj.preProcess org.aspectj.weaver.loadtime.Aj@58027738 sun.misc.Launcher$AppClassLoader@302b2c81, org.springframework.test.jpa.OrmXmlOverridingShadowingClassLoader@2bbf1be2
3322 [main] DEBUG org.aspectj.weaver.tools.WeavingAdaptor  - 16:58:02.842 main &gt; org.aspectj.weaver.tools.WeavingAdaptor.weaveClass org.aspectj.weaver.loadtime.ClassLoaderWeavingAdaptor@10b090ac net/sf/ehcache/config/Configuration, byte[3839]
3322 [main] DEBUG org.aspectj.weaver.tools.WeavingAdaptor  - 16:58:02.842 main &lt; org.aspectj.weaver.tools.WeavingAdaptor.weaveClass false
3322 [main] DEBUG org.aspectj.weaver.loadtime.Aj  - 16:58:02.842 main &lt; org.aspectj.weaver.loadtime.Aj.preProcess byte[3839]
3324 [main] DEBUG org.aspectj.weaver.loadtime.Aj  - 16:58:02.844 main &gt; org.aspectj.weaver.loadtime.Aj.preProcess org.aspectj.weaver.loadtime.Aj@58027738 net/sf/ehcache/config/BeanHandler$ElementInfo, byte[1336], org.springframework.test.jpa.OrmXmlOverridingShadowingClassLoader@2bbf1be2
3324 [main] DEBUG org.aspectj.weaver.loadtime.Aj  - 16:58:02.844 main - org.aspectj.weaver.loadtime.Aj.preProcess org.aspectj.weaver.loadtime.Aj@58027738 sun.misc.Launcher$AppClassLoader@302b2c81, org.springframework.test.jpa.OrmXmlOverridingShadowingClassLoader@2bbf1be2
3324 [main] DEBUG org.aspectj.weaver.tools.WeavingAdaptor  - 16:58:02.844 main &gt; org.aspectj.weaver.tools.WeavingAdaptor.weaveClass org.aspectj.weaver.loadtime.ClassLoaderWeavingAdaptor@10b090ac net/sf/ehcache/config/BeanHandler$ElementInfo, byte[1336]
3324 [main] DEBUG org.aspectj.weaver.tools.WeavingAdaptor  - 16:58:02.844 main &lt; org.aspectj.weaver.tools.WeavingAdaptor.weaveClass false
3324 [main] DEBUG org.aspectj.weaver.loadtime.Aj  - 16:58:02.844 main &lt; org.aspectj.weaver.loadtime.Aj.preProcess byte[1336]
3325 [main] DEBUG org.aspectj.weaver.loadtime.Aj  - 16:58:02.845 main &gt; org.aspectj.weaver.loadtime.Aj.preProcess org.aspectj.weaver.loadtime.Aj@58027738 net/sf/ehcache/config/FactoryConfiguration, byte[1039], org.springframework.test.jpa.OrmXmlOverridingShadowingClassLoader@2bbf1be2
3325 [main] DEBUG org.aspectj.weaver.loadtime.Aj  - 16:58:02.845 main - org.aspectj.weaver.loadtime.Aj.preProcess org.aspectj.weaver.loadtime.Aj@58027738 sun.misc.Launcher$AppClassLoader@302b2c81, org.springframework.test.jpa.OrmXmlOverridingShadowingClassLoader@2bbf1be2
3325 [main] DEBUG org.aspectj.weaver.tools.WeavingAdaptor  - 16:58:02.845 main &gt; org.aspectj.weaver.tools.WeavingAdaptor.weaveClass org.aspectj.weaver.loadtime.ClassLoaderWeavingAdaptor@10b090ac net/sf/ehcache/config/FactoryConfiguration, byte[1039]
3325 [main] DEBUG org.aspectj.weaver.tools.WeavingAdaptor  - 16:58:02.845 main &lt; org.aspectj.weaver.tools.WeavingAdaptor.weaveClass false
3325 [main] DEBUG org.aspectj.weaver.loadtime.Aj  - 16:58:02.845 main &lt; org.aspectj.weaver.loadtime.Aj.preProcess byte[1039]
3325 [main] DEBUG org.aspectj.weaver.loadtime.Aj  - 16:58:02.845 main &gt; org.aspectj.weaver.loadtime.Aj.preProcess org.aspectj.weaver.loadtime.Aj@58027738 net/sf/ehcache/config/DiskStoreConfiguration, byte[2507], org.springframework.test.jpa.OrmXmlOverridingShadowingClassLoader@2bbf1be2
3325 [main] DEBUG org.aspectj.weaver.loadtime.Aj  - 16:58:02.845 main - org.aspectj.weaver.loadtime.Aj.preProcess org.aspectj.weaver.loadtime.Aj@58027738 sun.misc.Launcher$AppClassLoader@302b2c81, org.springframework.test.jpa.OrmXmlOverridingShadowingClassLoader@2bbf1be2
3325 [main] DEBUG org.aspectj.weaver.tools.WeavingAdaptor  - 16:58:02.845 main &gt; org.aspectj.weaver.tools.WeavingAdaptor.weaveClass org.aspectj.weaver.loadtime.ClassLoaderWeavingAdaptor@10b090ac net/sf/ehcache/config/DiskStoreConfiguration, byte[2507]
3325 [main] DEBUG org.aspectj.weaver.tools.WeavingAdaptor  - 16:58:02.845 main &lt; org.aspectj.weaver.tools.WeavingAdaptor.weaveClass false
3325 [main] DEBUG org.aspectj.weaver.loadtime.Aj  - 16:58:02.845 main &lt; org.aspectj.weaver.loadtime.Aj.preProcess byte[2507]
3326 [main] DEBUG org.aspectj.weaver.loadtime.Aj  - 16:58:02.846 main &gt; org.aspectj.weaver.loadtime.Aj.preProcess org.aspectj.weaver.loadtime.Aj@58027738 net/sf/ehcache/config/CacheConfiguration, byte[7018], org.springframework.test.jpa.OrmXmlOverridingShadowingClassLoader@2bbf1be2
3326 [main] DEBUG org.aspectj.weaver.loadtime.Aj  - 16:58:02.846 main - org.aspectj.weaver.loadtime.Aj.preProcess org.aspectj.weaver.loadtime.Aj@58027738 sun.misc.Launcher$AppClassLoader@302b2c81, org.springframework.test.jpa.OrmXmlOverridingShadowingClassLoader@2bbf1be2
3326 [main] DEBUG org.aspectj.weaver.tools.WeavingAdaptor  - 16:58:02.846 main &gt; org.aspectj.weaver.tools.WeavingAdaptor.weaveClass org.aspectj.weaver.loadtime.ClassLoaderWeavingAdaptor@10b090ac net/sf/ehcache/config/CacheConfiguration, byte[7018]
3326 [main] DEBUG org.aspectj.weaver.tools.WeavingAdaptor  - 16:58:02.846 main &lt; org.aspectj.weaver.tools.WeavingAdaptor.weaveClass false
3326 [main] DEBUG org.aspectj.weaver.loadtime.Aj  - 16:58:02.846 main &lt; org.aspectj.weaver.loadtime.Aj.preProcess byte[7018]
3327 [main] DEBUG org.aspectj.weaver.loadtime.Aj  - 16:58:02.847 main &gt; org.aspectj.weaver.loadtime.Aj.preProcess org.aspectj.weaver.loadtime.Aj@58027738 net/sf/ehcache/config/CacheConfiguration$CacheExceptionHandlerFactoryConfiguration, byte[697], org.springframework.test.jpa.OrmXmlOverridingShadowingClassLoader@2bbf1be2
3327 [main] DEBUG org.aspectj.weaver.loadtime.Aj  - 16:58:02.847 main - org.aspectj.weaver.loadtime.Aj.preProcess org.aspectj.weaver.loadtime.Aj@58027738 sun.misc.Launcher$AppClassLoader@302b2c81, org.springframework.test.jpa.OrmXmlOverridingShadowingClassLoader@2bbf1be2
3327 [main] DEBUG org.aspectj.weaver.tools.WeavingAdaptor  - 16:58:02.847 main &gt; org.aspectj.weaver.tools.WeavingAdaptor.weaveClass org.aspectj.weaver.loadtime.ClassLoaderWeavingAdaptor@10b090ac net/sf/ehcache/config/CacheConfiguration$CacheExceptionHandlerFactoryConfiguration, byte[697]
3327 [main] DEBUG org.aspectj.weaver.tools.WeavingAdaptor  - 16:58:02.847 main &lt; org.aspectj.weaver.tools.WeavingAdaptor.weaveClass false
3327 [main] DEBUG org.aspectj.weaver.loadtime.Aj  - 16:58:02.847 main &lt; org.aspectj.weaver.loadtime.Aj.preProcess byte[697]
3327 [main] DEBUG org.aspectj.weaver.loadtime.Aj  - 16:58:02.847 main &gt; org.aspectj.weaver.loadtime.Aj.preProcess org.aspectj.weaver.loadtime.Aj@58027738 net/sf/ehcache/store/MemoryStoreEvictionPolicy, byte[2185], org.springframework.test.jpa.OrmXmlOverridingShadowingClassLoader@2bbf1be2
3327 [main] DEBUG org.aspectj.weaver.loadtime.Aj  - 16:58:02.847 main - org.aspectj.weaver.loadtime.Aj.preProcess org.aspectj.weaver.loadtime.Aj@58027738 sun.misc.Launcher$AppClassLoader@302b2c81, org.springframework.test.jpa.OrmXmlOverridingShadowingClassLoader@2bbf1be2
3327 [main] DEBUG org.aspectj.weaver.tools.WeavingAdaptor  - 16:58:02.847 main &gt; org.aspectj.weaver.tools.WeavingAdaptor.weaveClass org.aspectj.weaver.loadtime.ClassLoaderWeavingAdaptor@10b090ac net/sf/ehcache/store/MemoryStoreEvictionPolicy, byte[2185]
3327 [main] DEBUG org.aspectj.weaver.tools.WeavingAdaptor  - 16:58:02.847 main &lt; org.aspectj.weaver.tools.WeavingAdaptor.weaveClass false
3328 [main] DEBUG org.aspectj.weaver.loadtime.Aj  - 16:58:02.848 main &lt; org.aspectj.weaver.loadtime.Aj.preProcess byte[2185]
3328 [main] DEBUG org.aspectj.weaver.loadtime.Aj  - 16:58:02.848 main &gt; org.aspectj.weaver.loadtime.Aj.preProcess org.aspectj.weaver.loadtime.Aj@58027738 net/sf/ehcache/config/CacheConfiguration$BootstrapCacheLoaderFactoryConfiguration, byte[694], org.springframework.test.jpa.OrmXmlOverridingShadowingClassLoader@2bbf1be2
3328 [main] DEBUG org.aspectj.weaver.loadtime.Aj  - 16:58:02.848 main - org.aspectj.weaver.loadtime.Aj.preProcess org.aspectj.weaver.loadtime.Aj@58027738 sun.misc.Launcher$AppClassLoader@302b2c81, org.springframework.test.jpa.OrmXmlOverridingShadowingClassLoader@2bbf1be2
3328 [main] DEBUG org.aspectj.weaver.tools.WeavingAdaptor  - 16:58:02.848 main &gt; org.aspectj.weaver.tools.WeavingAdaptor.weaveClass org.aspectj.weaver.loadtime.ClassLoaderWeavingAdaptor@10b090ac net/sf/ehcache/config/CacheConfiguration$BootstrapCacheLoaderFactoryConfiguration, byte[694]
3328 [main] DEBUG org.aspectj.weaver.tools.WeavingAdaptor  - 16:58:02.848 main &lt; org.aspectj.weaver.tools.WeavingAdaptor.weaveClass false
3328 [main] DEBUG org.aspectj.weaver.loadtime.Aj  - 16:58:02.848 main &lt; org.aspectj.weaver.loadtime.Aj.preProcess byte[694]
3328 [main] DEBUG org.aspectj.weaver.loadtime.Aj  - 16:58:02.848 main &gt; org.aspectj.weaver.loadtime.Aj.preProcess org.aspectj.weaver.loadtime.Aj@58027738 net/sf/ehcache/config/CacheConfiguration$CacheLoaderFactoryConfiguration, byte[667], org.springframework.test.jpa.OrmXmlOverridingShadowingClassLoader@2bbf1be2
3329 [main] DEBUG org.aspectj.weaver.loadtime.Aj  - 16:58:02.849 main - org.aspectj.weaver.loadtime.Aj.preProcess org.aspectj.weaver.loadtime.Aj@58027738 sun.misc.Launcher$AppClassLoader@302b2c81, org.springframework.test.jpa.OrmXmlOverridingShadowingClassLoader@2bbf1be2
3329 [main] DEBUG org.aspectj.weaver.tools.WeavingAdaptor  - 16:58:02.849 main &gt; org.aspectj.weaver.tools.WeavingAdaptor.weaveClass org.aspectj.weaver.loadtime.ClassLoaderWeavingAdaptor@10b090ac net/sf/ehcache/config/CacheConfiguration$CacheLoaderFactoryConfiguration, byte[667]
3329 [main] DEBUG org.aspectj.weaver.tools.WeavingAdaptor  - 16:58:02.849 main &lt; org.aspectj.weaver.tools.WeavingAdaptor.weaveClass false
3329 [main] DEBUG org.aspectj.weaver.loadtime.Aj  - 16:58:02.849 main &lt; org.aspectj.weaver.loadtime.Aj.preProcess byte[667]
3329 [main] DEBUG org.aspectj.weaver.loadtime.Aj  - 16:58:02.849 main &gt; org.aspectj.weaver.loadtime.Aj.preProcess org.aspectj.weaver.loadtime.Aj@58027738 net/sf/ehcache/config/CacheConfiguration$CacheEventListenerFactoryConfiguration, byte[688], org.springframework.test.jpa.OrmXmlOverridingShadowingClassLoader@2bbf1be2
3329 [main] DEBUG org.aspectj.weaver.loadtime.Aj  - 16:58:02.849 main - org.aspectj.weaver.loadtime.Aj.preProcess org.aspectj.weaver.loadtime.Aj@58027738 sun.misc.Launcher$AppClassLoader@302b2c81, org.springframework.test.jpa.OrmXmlOverridingShadowingClassLoader@2bbf1be2
3329 [main] DEBUG org.aspectj.weaver.tools.WeavingAdaptor  - 16:58:02.849 main &gt; org.aspectj.weaver.tools.WeavingAdaptor.weaveClass org.aspectj.weaver.loadtime.ClassLoaderWeavingAdaptor@10b090ac net/sf/ehcache/config/CacheConfiguration$CacheEventListenerFactoryConfiguration, byte[688]
3329 [main] DEBUG org.aspectj.weaver.tools.WeavingAdaptor  - 16:58:02.849 main &lt; org.aspectj.weaver.tools.WeavingAdaptor.weaveClass false
3329 [main] DEBUG org.aspectj.weaver.loadtime.Aj  - 16:58:02.849 main &lt; org.aspectj.weaver.loadtime.Aj.preProcess byte[688]
3329 [main] DEBUG org.aspectj.weaver.loadtime.Aj  - 16:58:02.849 main &gt; org.aspectj.weaver.loadtime.Aj.preProcess org.aspectj.weaver.loadtime.Aj@58027738 net/sf/ehcache/config/CacheConfiguration$CacheExtensionFactoryConfiguration, byte[676], org.springframework.test.jpa.OrmXmlOverridingShadowingClassLoader@2bbf1be2
3329 [main] DEBUG org.aspectj.weaver.loadtime.Aj  - 16:58:02.849 main - org.aspectj.weaver.loadtime.Aj.preProcess org.aspectj.weaver.loadtime.Aj@58027738 sun.misc.Launcher$AppClassLoader@302b2c81, org.springframework.test.jpa.OrmXmlOverridingShadowingClassLoader@2bbf1be2
3330 [main] DEBUG org.aspectj.weaver.tools.WeavingAdaptor  - 16:58:02.850 main &gt; org.aspectj.weaver.tools.WeavingAdaptor.weaveClass org.aspectj.weaver.loadtime.ClassLoaderWeavingAdaptor@10b090ac net/sf/ehcache/config/CacheConfiguration$CacheExtensionFactoryConfiguration, byte[676]
3330 [main] DEBUG org.aspectj.weaver.tools.WeavingAdaptor  - 16:58:02.850 main &lt; org.aspectj.weaver.tools.WeavingAdaptor.weaveClass false
3330 [main] DEBUG org.aspectj.weaver.loadtime.Aj  - 16:58:02.850 main &lt; org.aspectj.weaver.loadtime.Aj.preProcess byte[676]
3332 [main] DEBUG org.aspectj.weaver.loadtime.Aj  - 16:58:02.852 main &gt; org.aspectj.weaver.loadtime.Aj.preProcess org.aspectj.weaver.loadtime.Aj@58027738 net/sf/ehcache/config/ConfigurationHelper, byte[15074], org.springframework.test.jpa.OrmXmlOverridingShadowingClassLoader@2bbf1be2
3332 [main] DEBUG org.aspectj.weaver.loadtime.Aj  - 16:58:02.852 main - org.aspectj.weaver.loadtime.Aj.preProcess org.aspectj.weaver.loadtime.Aj@58027738 sun.misc.Launcher$AppClassLoader@302b2c81, org.springframework.test.jpa.OrmXmlOverridingShadowingClassLoader@2bbf1be2
3332 [main] DEBUG org.aspectj.weaver.tools.WeavingAdaptor  - 16:58:02.852 main &gt; org.aspectj.weaver.tools.WeavingAdaptor.weaveClass org.aspectj.weaver.loadtime.ClassLoaderWeavingAdaptor@10b090ac net/sf/ehcache/config/ConfigurationHelper, byte[15074]
3332 [main] DEBUG org.aspectj.weaver.tools.WeavingAdaptor  - 16:58:02.852 main &lt; org.aspectj.weaver.tools.WeavingAdaptor.weaveClass false
3332 [main] DEBUG org.aspectj.weaver.loadtime.Aj  - 16:58:02.852 main &lt; org.aspectj.weaver.loadtime.Aj.preProcess byte[15074]
3333 [main] DEBUG org.aspectj.weaver.loadtime.Aj  - 16:58:02.853 main &gt; org.aspectj.weaver.loadtime.Aj.preProcess org.aspectj.weaver.loadtime.Aj@58027738 net/sf/ehcache/Cache, byte[31229], org.springframework.test.jpa.OrmXmlOverridingShadowingClassLoader@2bbf1be2
3334 [main] DEBUG org.aspectj.weaver.loadtime.Aj  - 16:58:02.854 main - org.aspectj.weaver.loadtime.Aj.preProcess org.aspectj.weaver.loadtime.Aj@58027738 sun.misc.Launcher$AppClassLoader@302b2c81, org.springframework.test.jpa.OrmXmlOverridingShadowingClassLoader@2bbf1be2
3334 [main] DEBUG org.aspectj.weaver.tools.WeavingAdaptor  - 16:58:02.854 main &gt; org.aspectj.weaver.tools.WeavingAdaptor.weaveClass org.aspectj.weaver.loadtime.ClassLoaderWeavingAdaptor@10b090ac net/sf/ehcache/Cache, byte[31229]
3334 [main] DEBUG org.aspectj.weaver.tools.WeavingAdaptor  - 16:58:02.854 main &lt; org.aspectj.weaver.tools.WeavingAdaptor.weaveClass false
3334 [main] DEBUG org.aspectj.weaver.loadtime.Aj  - 16:58:02.854 main &lt; org.aspectj.weaver.loadtime.Aj.preProcess byte[31229]
3334 [main] DEBUG org.aspectj.weaver.loadtime.Aj  - 16:58:02.854 main &gt; org.aspectj.weaver.loadtime.Aj.preProcess org.aspectj.weaver.loadtime.Aj@58027738 edu/emory/mathcs/backport/java/util/concurrent/BlockingQueue, byte[761], org.springframework.test.jpa.OrmXmlOverridingShadowingClassLoader@2bbf1be2
3335 [main] DEBUG org.aspectj.weaver.loadtime.Aj  - 16:58:02.855 main - org.aspectj.weaver.loadtime.Aj.preProcess org.aspectj.weaver.loadtime.Aj@58027738 sun.misc.Launcher$AppClassLoader@302b2c81, org.springframework.test.jpa.OrmXmlOverridingShadowingClassLoader@2bbf1be2
3335 [main] DEBUG org.aspectj.weaver.tools.WeavingAdaptor  - 16:58:02.855 main &gt; org.aspectj.weaver.tools.WeavingAdaptor.weaveClass org.aspectj.weaver.loadtime.ClassLoaderWeavingAdaptor@10b090ac edu/emory/mathcs/backport/java/util/concurrent/BlockingQueue, byte[761]
3335 [main] DEBUG org.aspectj.weaver.tools.WeavingAdaptor  - 16:58:02.855 main &lt; org.aspectj.weaver.tools.WeavingAdaptor.weaveClass false
3335 [main] DEBUG org.aspectj.weaver.loadtime.Aj  - 16:58:02.855 main &lt; org.aspectj.weaver.loadtime.Aj.preProcess byte[761]
3335 [main] DEBUG org.aspectj.weaver.loadtime.Aj  - 16:58:02.855 main &gt; org.aspectj.weaver.loadtime.Aj.preProcess org.aspectj.weaver.loadtime.Aj@58027738 edu/emory/mathcs/backport/java/util/Queue, byte[297], org.springframework.test.jpa.OrmXmlOverridingShadowingClassLoader@2bbf1be2
3335 [main] DEBUG org.aspectj.weaver.loadtime.Aj  - 16:58:02.855 main - org.aspectj.weaver.loadtime.Aj.preProcess org.aspectj.weaver.loadtime.Aj@58027738 sun.misc.Launcher$AppClassLoader@302b2c81, org.springframework.test.jpa.OrmXmlOverridingShadowingClassLoader@2bbf1be2
3335 [main] DEBUG org.aspectj.weaver.tools.WeavingAdaptor  - 16:58:02.855 main &gt; org.aspectj.weaver.tools.WeavingAdaptor.weaveClass org.aspectj.weaver.loadtime.ClassLoaderWeavingAdaptor@10b090ac edu/emory/mathcs/backport/java/util/Queue, byte[297]
3335 [main] DEBUG org.aspectj.weaver.tools.WeavingAdaptor  - 16:58:02.855 main &lt; org.aspectj.weaver.tools.WeavingAdaptor.weaveClass false
3335 [main] DEBUG org.aspectj.weaver.loadtime.Aj  - 16:58:02.855 main &lt; org.aspectj.weaver.loadtime.Aj.preProcess byte[297]
3336 [main] DEBUG org.aspectj.weaver.loadtime.Aj  - 16:58:02.856 main &gt; org.aspectj.weaver.loadtime.Aj.preProcess org.aspectj.weaver.loadtime.Aj@58027738 net/sf/ehcache/store/Store, byte[630], org.springframework.test.jpa.OrmXmlOverridingShadowingClassLoader@2bbf1be2
3336 [main] DEBUG org.aspectj.weaver.loadtime.Aj  - 16:58:02.856 main - org.aspectj.weaver.loadtime.Aj.preProcess org.aspectj.weaver.loadtime.Aj@58027738 sun.misc.Launcher$AppClassLoader@302b2c81, org.springframework.test.jpa.OrmXmlOverridingShadowingClassLoader@2bbf1be2
3336 [main] DEBUG org.aspectj.weaver.tools.WeavingAdaptor  - 16:58:02.856 main &gt; org.aspectj.weaver.tools.WeavingAdaptor.weaveClass org.aspectj.weaver.loadtime.ClassLoaderWeavingAdaptor@10b090ac net/sf/ehcache/store/Store, byte[630]
3336 [main] DEBUG org.aspectj.weaver.tools.WeavingAdaptor  - 16:58:02.856 main &lt; org.aspectj.weaver.tools.WeavingAdaptor.weaveClass false
3336 [main] DEBUG org.aspectj.weaver.loadtime.Aj  - 16:58:02.856 main &lt; org.aspectj.weaver.loadtime.Aj.preProcess byte[630]
3336 [main] DEBUG org.aspectj.weaver.loadtime.Aj  - 16:58:02.856 main &gt; org.aspectj.weaver.loadtime.Aj.preProcess org.aspectj.weaver.loadtime.Aj@58027738 edu/emory/mathcs/backport/java/util/concurrent/AbstractExecutorService, byte[7884], org.springframework.test.jpa.OrmXmlOverridingShadowingClassLoader@2bbf1be2
3336 [main] DEBUG org.aspectj.weaver.loadtime.Aj  - 16:58:02.856 main - org.aspectj.weaver.loadtime.Aj.preProcess org.aspectj.weaver.loadtime.Aj@58027738 sun.misc.Launcher$AppClassLoader@302b2c81, org.springframework.test.jpa.OrmXmlOverridingShadowingClassLoader@2bbf1be2
3336 [main] DEBUG org.aspectj.weaver.tools.WeavingAdaptor  - 16:58:02.856 main &gt; org.aspectj.weaver.tools.WeavingAdaptor.weaveClass org.aspectj.weaver.loadtime.ClassLoaderWeavingAdaptor@10b090ac edu/emory/mathcs/backport/java/util/concurrent/AbstractExecutorService, byte[7884]
3336 [main] DEBUG org.aspectj.weaver.tools.WeavingAdaptor  - 16:58:02.856 main &lt; org.aspectj.weaver.tools.WeavingAdaptor.weaveClass false
3336 [main] DEBUG org.aspectj.weaver.loadtime.Aj  - 16:58:02.856 main &lt; org.aspectj.weaver.loadtime.Aj.preProcess byte[7884]
3337 [main] DEBUG org.aspectj.weaver.loadtime.Aj  - 16:58:02.857 main &gt; org.aspectj.weaver.loadtime.Aj.preProcess org.aspectj.weaver.loadtime.Aj@58027738 edu/emory/mathcs/backport/java/util/concurrent/ExecutorService, byte[1351], org.springframework.test.jpa.OrmXmlOverridingShadowingClassLoader@2bbf1be2
3337 [main] DEBUG org.aspectj.weaver.loadtime.Aj  - 16:58:02.857 main - org.aspectj.weaver.loadtime.Aj.preProcess org.aspectj.weaver.loadtime.Aj@58027738 sun.misc.Launcher$AppClassLoader@302b2c81, org.springframework.test.jpa.OrmXmlOverridingShadowingClassLoader@2bbf1be2
3337 [main] DEBUG org.aspectj.weaver.tools.WeavingAdaptor  - 16:58:02.857 main &gt; org.aspectj.weaver.tools.WeavingAdaptor.weaveClass org.aspectj.weaver.loadtime.ClassLoaderWeavingAdaptor@10b090ac edu/emory/mathcs/backport/java/util/concurrent/ExecutorService, byte[1351]
3337 [main] DEBUG org.aspectj.weaver.tools.WeavingAdaptor  - 16:58:02.857 main &lt; org.aspectj.weaver.tools.WeavingAdaptor.weaveClass false
3337 [main] DEBUG org.aspectj.weaver.loadtime.Aj  - 16:58:02.857 main &lt; org.aspectj.weaver.loadtime.Aj.preProcess byte[1351]
3337 [main] DEBUG org.aspectj.weaver.loadtime.Aj  - 16:58:02.857 main &gt; org.aspectj.weaver.loadtime.Aj.preProcess org.aspectj.weaver.loadtime.Aj@58027738 edu/emory/mathcs/backport/java/util/concurrent/Executor, byte[188], org.springframework.test.jpa.OrmXmlOverridingShadowingClassLoader@2bbf1be2
3337 [main] DEBUG org.aspectj.weaver.loadtime.Aj  - 16:58:02.857 main - org.aspectj.weaver.loadtime.Aj.preProcess org.aspectj.weaver.loadtime.Aj@58027738 sun.misc.Launcher$AppClassLoader@302b2c81, org.springframework.test.jpa.OrmXmlOverridingShadowingClassLoader@2bbf1be2
3337 [main] DEBUG org.aspectj.weaver.tools.WeavingAdaptor  - 16:58:02.857 main &gt; org.aspectj.weaver.tools.WeavingAdaptor.weaveClass org.aspectj.weaver.loadtime.ClassLoaderWeavingAdaptor@10b090ac edu/emory/mathcs/backport/java/util/concurrent/Executor, byte[188]
3337 [main] DEBUG org.aspectj.weaver.tools.WeavingAdaptor  - 16:58:02.857 main &lt; org.aspectj.weaver.tools.WeavingAdaptor.weaveClass false
3337 [main] DEBUG org.aspectj.weaver.loadtime.Aj  - 16:58:02.857 main &lt; org.aspectj.weaver.loadtime.Aj.preProcess byte[188]
3338 [main] DEBUG org.aspectj.weaver.loadtime.Aj  - 16:58:02.858 main &gt; org.aspectj.weaver.loadtime.Aj.preProcess org.aspectj.weaver.loadtime.Aj@58027738 edu/emory/mathcs/backport/java/util/concurrent/ThreadPoolExecutor, byte[18590], org.springframework.test.jpa.OrmXmlOverridingShadowingClassLoader@2bbf1be2
3338 [main] DEBUG org.aspectj.weaver.loadtime.Aj  - 16:58:02.858 main - org.aspectj.weaver.loadtime.Aj.preProcess org.aspectj.weaver.loadtime.Aj@58027738 sun.misc.Launcher$AppClassLoader@302b2c81, org.springframework.test.jpa.OrmXmlOverridingShadowingClassLoader@2bbf1be2
3338 [main] DEBUG org.aspectj.weaver.tools.WeavingAdaptor  - 16:58:02.858 main &gt; org.aspectj.weaver.tools.WeavingAdaptor.weaveClass org.aspectj.weaver.loadtime.ClassLoaderWeavingAdaptor@10b090ac edu/emory/mathcs/backport/java/util/concurrent/ThreadPoolExecutor, byte[18590]
3338 [main] DEBUG org.aspectj.weaver.tools.WeavingAdaptor  - 16:58:02.858 main &lt; org.aspectj.weaver.tools.WeavingAdaptor.weaveClass false
3338 [main] DEBUG org.aspectj.weaver.loadtime.Aj  - 16:58:02.858 main &lt; org.aspectj.weaver.loadtime.Aj.preProcess byte[18590]
3339 [main] DEBUG org.aspectj.weaver.loadtime.Aj  - 16:58:02.859 main &gt; org.aspectj.weaver.loadtime.Aj.preProcess org.aspectj.weaver.loadtime.Aj@58027738 edu/emory/mathcs/backport/java/util/concurrent/ExecutionException, byte[868], org.springframework.test.jpa.OrmXmlOverridingShadowingClassLoader@2bbf1be2
3339 [main] DEBUG org.aspectj.weaver.loadtime.Aj  - 16:58:02.859 main - org.aspectj.weaver.loadtime.Aj.preProcess org.aspectj.weaver.loadtime.Aj@58027738 sun.misc.Launcher$AppClassLoader@302b2c81, org.springframework.test.jpa.OrmXmlOverridingShadowingClassLoader@2bbf1be2
3339 [main] DEBUG org.aspectj.weaver.tools.WeavingAdaptor  - 16:58:02.859 main &gt; org.aspectj.weaver.tools.WeavingAdaptor.weaveClass org.aspectj.weaver.loadtime.ClassLoaderWeavingAdaptor@10b090ac edu/emory/mathcs/backport/java/util/concurrent/ExecutionException, byte[868]
3339 [main] DEBUG org.aspectj.weaver.tools.WeavingAdaptor  - 16:58:02.859 main &lt; org.aspectj.weaver.tools.WeavingAdaptor.weaveClass false
3339 [main] DEBUG org.aspectj.weaver.loadtime.Aj  - 16:58:02.859 main &lt; org.aspectj.weaver.loadtime.Aj.preProcess byte[868]
3377 [main] DEBUG org.aspectj.weaver.loadtime.Aj  - 16:58:02.897 main &gt; org.aspectj.weaver.loadtime.Aj.preProcess org.aspectj.weaver.loadtime.Aj@58027738 net/sf/ehcache/event/RegisteredEventListeners, byte[5738], org.springframework.test.jpa.OrmXmlOverridingShadowingClassLoader@2bbf1be2
3377 [main] DEBUG org.aspectj.weaver.loadtime.Aj  - 16:58:02.897 main - org.aspectj.weaver.loadtime.Aj.preProcess org.aspectj.weaver.loadtime.Aj@58027738 sun.misc.Launcher$AppClassLoader@302b2c81, org.springframework.test.jpa.OrmXmlOverridingShadowingClassLoader@2bbf1be2
3377 [main] DEBUG org.aspectj.weaver.tools.WeavingAdaptor  - 16:58:02.897 main &gt; org.aspectj.weaver.tools.WeavingAdaptor.weaveClass org.aspectj.weaver.loadtime.ClassLoaderWeavingAdaptor@10b090ac net/sf/ehcache/event/RegisteredEventListeners, byte[5738]
3377 [main] DEBUG org.aspectj.weaver.tools.WeavingAdaptor  - 16:58:02.897 main &lt; org.aspectj.weaver.tools.WeavingAdaptor.weaveClass false
3377 [main] DEBUG org.aspectj.weaver.loadtime.Aj  - 16:58:02.897 main &lt; org.aspectj.weaver.loadtime.Aj.preProcess byte[5738]
3378 [main] DEBUG org.aspectj.weaver.loadtime.Aj  - 16:58:02.898 main &gt; org.aspectj.weaver.loadtime.Aj.preProcess org.aspectj.weaver.loadtime.Aj@58027738 net/sf/ehcache/util/PropertyUtil, byte[3221], org.springframework.test.jpa.OrmXmlOverridingShadowingClassLoader@2bbf1be2
3378 [main] DEBUG org.aspectj.weaver.loadtime.Aj  - 16:58:02.898 main - org.aspectj.weaver.loadtime.Aj.preProcess org.aspectj.weaver.loadtime.Aj@58027738 sun.misc.Launcher$AppClassLoader@302b2c81, org.springframework.test.jpa.OrmXmlOverridingShadowingClassLoader@2bbf1be2
3378 [main] DEBUG org.aspectj.weaver.tools.WeavingAdaptor  - 16:58:02.898 main &gt; org.aspectj.weaver.tools.WeavingAdaptor.weaveClass org.aspectj.weaver.loadtime.ClassLoaderWeavingAdaptor@10b090ac net/sf/ehcache/util/PropertyUtil, byte[3221]
3378 [main] DEBUG org.aspectj.weaver.tools.WeavingAdaptor  - 16:58:02.898 main &lt; org.aspectj.weaver.tools.WeavingAdaptor.weaveClass false
3378 [main] DEBUG org.aspectj.weaver.loadtime.Aj  - 16:58:02.898 main &lt; org.aspectj.weaver.loadtime.Aj.preProcess byte[3221]
3379 [main] DEBUG org.aspectj.weaver.loadtime.Aj  - 16:58:02.899 main &gt; org.aspectj.weaver.loadtime.Aj.preProcess org.aspectj.weaver.loadtime.Aj@58027738 net/sf/ehcache/store/DiskStore, byte[23375], org.springframework.test.jpa.OrmXmlOverridingShadowingClassLoader@2bbf1be2
3379 [main] DEBUG org.aspectj.weaver.loadtime.Aj  - 16:58:02.899 main - org.aspectj.weaver.loadtime.Aj.preProcess org.aspectj.weaver.loadtime.Aj@58027738 sun.misc.Launcher$AppClassLoader@302b2c81, org.springframework.test.jpa.OrmXmlOverridingShadowingClassLoader@2bbf1be2
3379 [main] DEBUG org.aspectj.weaver.tools.WeavingAdaptor  - 16:58:02.899 main &gt; org.aspectj.weaver.tools.WeavingAdaptor.weaveClass org.aspectj.weaver.loadtime.ClassLoaderWeavingAdaptor@10b090ac net/sf/ehcache/store/DiskStore, byte[23375]
3379 [main] DEBUG org.aspectj.weaver.tools.WeavingAdaptor  - 16:58:02.899 main &lt; org.aspectj.weaver.tools.WeavingAdaptor.weaveClass false
3379 [main] DEBUG org.aspectj.weaver.loadtime.Aj  - 16:58:02.899 main &lt; org.aspectj.weaver.loadtime.Aj.preProcess byte[23375]
3380 [main] DEBUG org.aspectj.weaver.loadtime.Aj  - 16:58:02.900 main &gt; org.aspectj.weaver.loadtime.Aj.preProcess org.aspectj.weaver.loadtime.Aj@58027738 net/sf/ehcache/store/DiskStore$1, byte[1281], org.springframework.test.jpa.OrmXmlOverridingShadowingClassLoader@2bbf1be2
3380 [main] DEBUG org.aspectj.weaver.loadtime.Aj  - 16:58:02.900 main - org.aspectj.weaver.loadtime.Aj.preProcess org.aspectj.weaver.loadtime.Aj@58027738 sun.misc.Launcher$AppClassLoader@302b2c81, org.springframework.test.jpa.OrmXmlOverridingShadowingClassLoader@2bbf1be2
3380 [main] DEBUG org.aspectj.weaver.tools.WeavingAdaptor  - 16:58:02.900 main &gt; org.aspectj.weaver.tools.WeavingAdaptor.weaveClass org.aspectj.weaver.loadtime.ClassLoaderWeavingAdaptor@10b090ac net/sf/ehcache/store/DiskStore$1, byte[1281]
3380 [main] DEBUG org.aspectj.weaver.tools.WeavingAdaptor  - 16:58:02.900 main &lt; org.aspectj.weaver.tools.WeavingAdaptor.weaveClass false
3380 [main] DEBUG org.aspectj.weaver.loadtime.Aj  - 16:58:02.900 main &lt; org.aspectj.weaver.loadtime.Aj.preProcess byte[1281]
3381 [main] DEBUG org.aspectj.weaver.loadtime.Aj  - 16:58:02.901 main &gt; org.aspectj.weaver.loadtime.Aj.preProcess org.aspectj.weaver.loadtime.Aj@58027738 net/sf/ehcache/store/DiskStore$MemoryEfficientByteArrayOutputStream, byte[742], org.springframework.test.jpa.OrmXmlOverridingShadowingClassLoader@2bbf1be2
3381 [main] DEBUG org.aspectj.weaver.loadtime.Aj  - 16:58:02.901 main - org.aspectj.weaver.loadtime.Aj.preProcess org.aspectj.weaver.loadtime.Aj@58027738 sun.misc.Launcher$AppClassLoader@302b2c81, org.springframework.test.jpa.OrmXmlOverridingShadowingClassLoader@2bbf1be2
3381 [main] DEBUG org.aspectj.weaver.tools.WeavingAdaptor  - 16:58:02.901 main &gt; org.aspectj.weaver.tools.WeavingAdaptor.weaveClass org.aspectj.weaver.loadtime.ClassLoaderWeavingAdaptor@10b090ac net/sf/ehcache/store/DiskStore$MemoryEfficientByteArrayOutputStream, byte[742]
3381 [main] DEBUG org.aspectj.weaver.tools.WeavingAdaptor  - 16:58:02.901 main &lt; org.aspectj.weaver.tools.WeavingAdaptor.weaveClass false
3381 [main] DEBUG org.aspectj.weaver.loadtime.Aj  - 16:58:02.901 main &lt; org.aspectj.weaver.loadtime.Aj.preProcess byte[742]
3382 [main] DEBUG org.aspectj.weaver.loadtime.Aj  - 16:58:02.902 main &gt; org.aspectj.weaver.loadtime.Aj.preProcess org.aspectj.weaver.loadtime.Aj@58027738 net/sf/ehcache/store/DiskStore$DiskElement, byte[2509], org.springframework.test.jpa.OrmXmlOverridingShadowingClassLoader@2bbf1be2
3382 [main] DEBUG org.aspectj.weaver.loadtime.Aj  - 16:58:02.902 main - org.aspectj.weaver.loadtime.Aj.preProcess org.aspectj.weaver.loadtime.Aj@58027738 sun.misc.Launcher$AppClassLoader@302b2c81, org.springframework.test.jpa.OrmXmlOverridingShadowingClassLoader@2bbf1be2
3382 [main] DEBUG org.aspectj.weaver.tools.WeavingAdaptor  - 16:58:02.902 main &gt; org.aspectj.weaver.tools.WeavingAdaptor.weaveClass org.aspectj.weaver.loadtime.ClassLoaderWeavingAdaptor@10b090ac net/sf/ehcache/store/DiskStore$DiskElement, byte[2509]
3382 [main] DEBUG org.aspectj.weaver.tools.WeavingAdaptor  - 16:58:02.902 main &lt; org.aspectj.weaver.tools.WeavingAdaptor.weaveClass false
3382 [main] DEBUG org.aspectj.weaver.loadtime.Aj  - 16:58:02.902 main &lt; org.aspectj.weaver.loadtime.Aj.preProcess byte[2509]
3382 [main] DEBUG org.aspectj.weaver.loadtime.Aj  - 16:58:02.902 main &gt; org.aspectj.weaver.loadtime.Aj.preProcess org.aspectj.weaver.loadtime.Aj@58027738 net/sf/ehcache/store/LfuPolicy$Metadata, byte[281], org.springframework.test.jpa.OrmXmlOverridingShadowingClassLoader@2bbf1be2
3382 [main] DEBUG org.aspectj.weaver.loadtime.Aj  - 16:58:02.902 main - org.aspectj.weaver.loadtime.Aj.preProcess org.aspectj.weaver.loadtime.Aj@58027738 sun.misc.Launcher$AppClassLoader@302b2c81, org.springframework.test.jpa.OrmXmlOverridingShadowingClassLoader@2bbf1be2
3382 [main] DEBUG org.aspectj.weaver.tools.WeavingAdaptor  - 16:58:02.902 main &gt; org.aspectj.weaver.tools.WeavingAdaptor.weaveClass org.aspectj.weaver.loadtime.ClassLoaderWeavingAdaptor@10b090ac net/sf/ehcache/store/LfuPolicy$Metadata, byte[281]
3382 [main] DEBUG org.aspectj.weaver.tools.WeavingAdaptor  - 16:58:02.902 main &lt; org.aspectj.weaver.tools.WeavingAdaptor.weaveClass false
3382 [main] DEBUG org.aspectj.weaver.loadtime.Aj  - 16:58:02.902 main &lt; org.aspectj.weaver.loadtime.Aj.preProcess byte[281]
3383 [main] DEBUG org.aspectj.weaver.loadtime.Aj  - 16:58:02.903 main &gt; org.aspectj.weaver.loadtime.Aj.preProcess org.aspectj.weaver.loadtime.Aj@58027738 net/sf/ehcache/store/DiskStore$SpoolAndExpiryThread, byte[1040], org.springframework.test.jpa.OrmXmlOverridingShadowingClassLoader@2bbf1be2
3383 [main] DEBUG org.aspectj.weaver.loadtime.Aj  - 16:58:02.903 main - org.aspectj.weaver.loadtime.Aj.preProcess org.aspectj.weaver.loadtime.Aj@58027738 sun.misc.Launcher$AppClassLoader@302b2c81, org.springframework.test.jpa.OrmXmlOverridingShadowingClassLoader@2bbf1be2
3383 [main] DEBUG org.aspectj.weaver.tools.WeavingAdaptor  - 16:58:02.903 main &gt; org.aspectj.weaver.tools.WeavingAdaptor.weaveClass org.aspectj.weaver.loadtime.ClassLoaderWeavingAdaptor@10b090ac net/sf/ehcache/store/DiskStore$SpoolAndExpiryThread, byte[1040]
3383 [main] DEBUG org.aspectj.weaver.tools.WeavingAdaptor  - 16:58:02.903 main &lt; org.aspectj.weaver.tools.WeavingAdaptor.weaveClass false
3383 [main] DEBUG org.aspectj.weaver.loadtime.Aj  - 16:58:02.903 main &lt; org.aspectj.weaver.loadtime.Aj.preProcess byte[1040]
3386 [main] DEBUG org.aspectj.weaver.loadtime.Aj  - 16:58:02.906 main &gt; org.aspectj.weaver.loadtime.Aj.preProcess org.aspectj.weaver.loadtime.Aj@58027738 net/sf/ehcache/store/MemoryStore, byte[7651], org.springframework.test.jpa.OrmXmlOverridingShadowingClassLoader@2bbf1be2
3387 [main] DEBUG org.aspectj.weaver.loadtime.Aj  - 16:58:02.907 main - org.aspectj.weaver.loadtime.Aj.preProcess org.aspectj.weaver.loadtime.Aj@58027738 sun.misc.Launcher$AppClassLoader@302b2c81, org.springframework.test.jpa.OrmXmlOverridingShadowingClassLoader@2bbf1be2
3387 [main] DEBUG org.aspectj.weaver.tools.WeavingAdaptor  - 16:58:02.907 main &gt; org.aspectj.weaver.tools.WeavingAdaptor.weaveClass org.aspectj.weaver.loadtime.ClassLoaderWeavingAdaptor@10b090ac net/sf/ehcache/store/MemoryStore, byte[7651]
3387 [main] DEBUG org.aspectj.weaver.tools.WeavingAdaptor  - 16:58:02.907 main &lt; org.aspectj.weaver.tools.WeavingAdaptor.weaveClass false
3387 [main] DEBUG org.aspectj.weaver.loadtime.Aj  - 16:58:02.907 main &lt; org.aspectj.weaver.loadtime.Aj.preProcess byte[7651]
3387 [main] DEBUG org.aspectj.weaver.loadtime.Aj  - 16:58:02.907 main &gt; org.aspectj.weaver.loadtime.Aj.preProcess org.aspectj.weaver.loadtime.Aj@58027738 net/sf/ehcache/store/LruMemoryStore, byte[3136], org.springframework.test.jpa.OrmXmlOverridingShadowingClassLoader@2bbf1be2
3387 [main] DEBUG org.aspectj.weaver.loadtime.Aj  - 16:58:02.907 main - org.aspectj.weaver.loadtime.Aj.preProcess org.aspectj.weaver.loadtime.Aj@58027738 sun.misc.Launcher$AppClassLoader@302b2c81, org.springframework.test.jpa.OrmXmlOverridingShadowingClassLoader@2bbf1be2
3387 [main] DEBUG org.aspectj.weaver.tools.WeavingAdaptor  - 16:58:02.907 main &gt; org.aspectj.weaver.tools.WeavingAdaptor.weaveClass org.aspectj.weaver.loadtime.ClassLoaderWeavingAdaptor@10b090ac net/sf/ehcache/store/LruMemoryStore, byte[3136]
3387 [main] DEBUG org.aspectj.weaver.tools.WeavingAdaptor  - 16:58:02.907 main &lt; org.aspectj.weaver.tools.WeavingAdaptor.weaveClass false
3387 [main] DEBUG org.aspectj.weaver.loadtime.Aj  - 16:58:02.907 main &lt; org.aspectj.weaver.loadtime.Aj.preProcess byte[3136]
3388 [main] DEBUG org.aspectj.weaver.loadtime.Aj  - 16:58:02.908 main &gt; org.aspectj.weaver.loadtime.Aj.preProcess org.aspectj.weaver.loadtime.Aj@58027738 net/sf/ehcache/store/FifoMemoryStore, byte[2694], org.springframework.test.jpa.OrmXmlOverridingShadowingClassLoader@2bbf1be2
3388 [main] DEBUG org.aspectj.weaver.loadtime.Aj  - 16:58:02.908 main - org.aspectj.weaver.loadtime.Aj.preProcess org.aspectj.weaver.loadtime.Aj@58027738 sun.misc.Launcher$AppClassLoader@302b2c81, org.springframework.test.jpa.OrmXmlOverridingShadowingClassLoader@2bbf1be2
3388 [main] DEBUG org.aspectj.weaver.tools.WeavingAdaptor  - 16:58:02.908 main &gt; org.aspectj.weaver.tools.WeavingAdaptor.weaveClass org.aspectj.weaver.loadtime.ClassLoaderWeavingAdaptor@10b090ac net/sf/ehcache/store/FifoMemoryStore, byte[2694]
3388 [main] DEBUG org.aspectj.weaver.tools.WeavingAdaptor  - 16:58:02.908 main &lt; org.aspectj.weaver.tools.WeavingAdaptor.weaveClass false
3388 [main] DEBUG org.aspectj.weaver.loadtime.Aj  - 16:58:02.908 main &lt; org.aspectj.weaver.loadtime.Aj.preProcess byte[2694]
3388 [main] DEBUG org.aspectj.weaver.loadtime.Aj  - 16:58:02.908 main &gt; org.aspectj.weaver.loadtime.Aj.preProcess org.aspectj.weaver.loadtime.Aj@58027738 net/sf/ehcache/store/LfuMemoryStore, byte[3701], org.springframework.test.jpa.OrmXmlOverridingShadowingClassLoader@2bbf1be2
3388 [main] DEBUG org.aspectj.weaver.loadtime.Aj  - 16:58:02.908 main - org.aspectj.weaver.loadtime.Aj.preProcess org.aspectj.weaver.loadtime.Aj@58027738 sun.misc.Launcher$AppClassLoader@302b2c81, org.springframework.test.jpa.OrmXmlOverridingShadowingClassLoader@2bbf1be2
3388 [main] DEBUG org.aspectj.weaver.tools.WeavingAdaptor  - 16:58:02.908 main &gt; org.aspectj.weaver.tools.WeavingAdaptor.weaveClass org.aspectj.weaver.loadtime.ClassLoaderWeavingAdaptor@10b090ac net/sf/ehcache/store/LfuMemoryStore, byte[3701]
3388 [main] DEBUG org.aspectj.weaver.tools.WeavingAdaptor  - 16:58:02.908 main &lt; org.aspectj.weaver.tools.WeavingAdaptor.weaveClass false
3388 [main] DEBUG org.aspectj.weaver.loadtime.Aj  - 16:58:02.908 main &lt; org.aspectj.weaver.loadtime.Aj.preProcess byte[3701]
3389 [main] DEBUG org.aspectj.weaver.loadtime.Aj  - 16:58:02.909 main &gt; org.aspectj.weaver.loadtime.Aj.preProcess org.aspectj.weaver.loadtime.Aj@58027738 net/sf/ehcache/store/LruMemoryStore$SpoolingLinkedHashMap, byte[1469], org.springframework.test.jpa.OrmXmlOverridingShadowingClassLoader@2bbf1be2
3389 [main] DEBUG org.aspectj.weaver.loadtime.Aj  - 16:58:02.909 main - org.aspectj.weaver.loadtime.Aj.preProcess org.aspectj.weaver.loadtime.Aj@58027738 sun.misc.Launcher$AppClassLoader@302b2c81, org.springframework.test.jpa.OrmXmlOverridingShadowingClassLoader@2bbf1be2
3389 [main] DEBUG org.aspectj.weaver.tools.WeavingAdaptor  - 16:58:02.909 main &gt; org.aspectj.weaver.tools.WeavingAdaptor.weaveClass org.aspectj.weaver.loadtime.ClassLoaderWeavingAdaptor@10b090ac net/sf/ehcache/store/LruMemoryStore$SpoolingLinkedHashMap, byte[1469]
3389 [main] DEBUG org.aspectj.weaver.tools.WeavingAdaptor  - 16:58:02.909 main &lt; org.aspectj.weaver.tools.WeavingAdaptor.weaveClass false
3389 [main] DEBUG org.aspectj.weaver.loadtime.Aj  - 16:58:02.909 main &lt; org.aspectj.weaver.loadtime.Aj.preProcess byte[1469]
3398 [main] DEBUG org.aspectj.weaver.loadtime.Aj  - 16:58:02.918 main &gt; org.aspectj.weaver.loadtime.Aj.preProcess org.aspectj.weaver.loadtime.Aj@58027738 org/hibernate/util/SingletonIterator, byte[830], org.springframework.test.jpa.OrmXmlOverridingShadowingClassLoader@2bbf1be2
3398 [main] DEBUG org.aspectj.weaver.loadtime.Aj  - 16:58:02.918 main - org.aspectj.weaver.loadtime.Aj.preProcess org.aspectj.weaver.loadtime.Aj@58027738 sun.misc.Launcher$AppClassLoader@302b2c81, org.springframework.test.jpa.OrmXmlOverridingShadowingClassLoader@2bbf1be2
3398 [main] DEBUG org.aspectj.weaver.tools.WeavingAdaptor  - 16:58:02.918 main &gt; org.aspectj.weaver.tools.WeavingAdaptor.weaveClass org.aspectj.weaver.loadtime.ClassLoaderWeavingAdaptor@10b090ac org/hibernate/util/SingletonIterator, byte[830]
3398 [main] DEBUG org.aspectj.weaver.tools.WeavingAdaptor  - 16:58:02.918 main &lt; org.aspectj.weaver.tools.WeavingAdaptor.weaveClass false
3398 [main] DEBUG org.aspectj.weaver.loadtime.Aj  - 16:58:02.918 main &lt; org.aspectj.weaver.loadtime.Aj.preProcess byte[830]
3398 [main] DEBUG org.aspectj.weaver.loadtime.Aj  - 16:58:02.918 main &gt; org.aspectj.weaver.loadtime.Aj.preProcess org.aspectj.weaver.loadtime.Aj@58027738 org/hibernate/id/IdentifierGeneratorFactory, byte[7284], org.springframework.test.jpa.OrmXmlOverridingShadowingClassLoader@2bbf1be2
3399 [main] DEBUG org.aspectj.weaver.loadtime.Aj  - 16:58:02.918 main - org.aspectj.weaver.loadtime.Aj.preProcess org.aspectj.weaver.loadtime.Aj@58027738 sun.misc.Launcher$AppClassLoader@302b2c81, org.springframework.test.jpa.OrmXmlOverridingShadowingClassLoader@2bbf1be2
3399 [main] DEBUG org.aspectj.weaver.tools.WeavingAdaptor  - 16:58:02.919 main &gt; org.aspectj.weaver.tools.WeavingAdaptor.weaveClass org.aspectj.weaver.loadtime.ClassLoaderWeavingAdaptor@10b090ac org/hibernate/id/IdentifierGeneratorFactory, byte[7284]
3399 [main] DEBUG org.aspectj.weaver.tools.WeavingAdaptor  - 16:58:02.919 main &lt; org.aspectj.weaver.tools.WeavingAdaptor.weaveClass false
3399 [main] DEBUG org.aspectj.weaver.loadtime.Aj  - 16:58:02.919 main &lt; org.aspectj.weaver.loadtime.Aj.preProcess byte[7284]
3400 [main] DEBUG org.aspectj.weaver.loadtime.Aj  - 16:58:02.920 main &gt; org.aspectj.weaver.loadtime.Aj.preProcess org.aspectj.weaver.loadtime.Aj@58027738 org/hibernate/id/TableHiLoGenerator, byte[2837], org.springframework.test.jpa.OrmXmlOverridingShadowingClassLoader@2bbf1be2
3400 [main] DEBUG org.aspectj.weaver.loadtime.Aj  - 16:58:02.920 main - org.aspectj.weaver.loadtime.Aj.preProcess org.aspectj.weaver.loadtime.Aj@58027738 sun.misc.Launcher$AppClassLoader@302b2c81, org.springframework.test.jpa.OrmXmlOverridingShadowingClassLoader@2bbf1be2
3400 [main] DEBUG org.aspectj.weaver.tools.WeavingAdaptor  - 16:58:02.920 main &gt; org.aspectj.weaver.tools.WeavingAdaptor.weaveClass org.aspectj.weaver.loadtime.ClassLoaderWeavingAdaptor@10b090ac org/hibernate/id/TableHiLoGenerator, byte[2837]
3400 [main] DEBUG org.aspectj.weaver.tools.WeavingAdaptor  - 16:58:02.920 main &lt; org.aspectj.weaver.tools.WeavingAdaptor.weaveClass false
3400 [main] DEBUG org.aspectj.weaver.loadtime.Aj  - 16:58:02.920 main &lt; org.aspectj.weaver.loadtime.Aj.preProcess byte[2837]
3400 [main] DEBUG org.aspectj.weaver.loadtime.Aj  - 16:58:02.920 main &gt; org.aspectj.weaver.loadtime.Aj.preProcess org.aspectj.weaver.loadtime.Aj@58027738 org/hibernate/id/TableGenerator, byte[5989], org.springframework.test.jpa.OrmXmlOverridingShadowingClassLoader@2bbf1be2
3400 [main] DEBUG org.aspectj.weaver.loadtime.Aj  - 16:58:02.920 main - org.aspectj.weaver.loadtime.Aj.preProcess org.aspectj.weaver.loadtime.Aj@58027738 sun.misc.Launcher$AppClassLoader@302b2c81, org.springframework.test.jpa.OrmXmlOverridingShadowingClassLoader@2bbf1be2
3400 [main] DEBUG org.aspectj.weaver.tools.WeavingAdaptor  - 16:58:02.920 main &gt; org.aspectj.weaver.tools.WeavingAdaptor.weaveClass org.aspectj.weaver.loadtime.ClassLoaderWeavingAdaptor@10b090ac org/hibernate/id/TableGenerator, byte[5989]
3400 [main] DEBUG org.aspectj.weaver.tools.WeavingAdaptor  - 16:58:02.920 main &lt; org.aspectj.weaver.tools.WeavingAdaptor.weaveClass false
3400 [main] DEBUG org.aspectj.weaver.loadtime.Aj  - 16:58:02.920 main &lt; org.aspectj.weaver.loadtime.Aj.preProcess byte[5989]
3401 [main] DEBUG org.aspectj.weaver.loadtime.Aj  - 16:58:02.921 main &gt; org.aspectj.weaver.loadtime.Aj.preProcess org.aspectj.weaver.loadtime.Aj@58027738 org/hibernate/engine/transaction/IsolatedWork, byte[243], org.springframework.test.jpa.OrmXmlOverridingShadowingClassLoader@2bbf1be2
3401 [main] DEBUG org.aspectj.weaver.loadtime.Aj  - 16:58:02.921 main - org.aspectj.weaver.loadtime.Aj.preProcess org.aspectj.weaver.loadtime.Aj@58027738 sun.misc.Launcher$AppClassLoader@302b2c81, org.springframework.test.jpa.OrmXmlOverridingShadowingClassLoader@2bbf1be2
3401 [main] DEBUG org.aspectj.weaver.tools.WeavingAdaptor  - 16:58:02.921 main &gt; org.aspectj.weaver.tools.WeavingAdaptor.weaveClass org.aspectj.weaver.loadtime.ClassLoaderWeavingAdaptor@10b090ac org/hibernate/engine/transaction/IsolatedWork, byte[243]
3401 [main] DEBUG org.aspectj.weaver.tools.WeavingAdaptor  - 16:58:02.921 main &lt; org.aspectj.weaver.tools.WeavingAdaptor.weaveClass false
3401 [main] DEBUG org.aspectj.weaver.loadtime.Aj  - 16:58:02.921 main &lt; org.aspectj.weaver.loadtime.Aj.preProcess byte[243]
3402 [main] DEBUG org.aspectj.weaver.loadtime.Aj  - 16:58:02.922 main &gt; org.aspectj.weaver.loadtime.Aj.preProcess org.aspectj.weaver.loadtime.Aj@58027738 org/hibernate/id/Assigned, byte[2025], org.springframework.test.jpa.OrmXmlOverridingShadowingClassLoader@2bbf1be2
3402 [main] DEBUG org.aspectj.weaver.loadtime.Aj  - 16:58:02.922 main - org.aspectj.weaver.loadtime.Aj.preProcess org.aspectj.weaver.loadtime.Aj@58027738 sun.misc.Launcher$AppClassLoader@302b2c81, org.springframework.test.jpa.OrmXmlOverridingShadowingClassLoader@2bbf1be2
3402 [main] DEBUG org.aspectj.weaver.tools.WeavingAdaptor  - 16:58:02.922 main &gt; org.aspectj.weaver.tools.WeavingAdaptor.weaveClass org.aspectj.weaver.loadtime.ClassLoaderWeavingAdaptor@10b090ac org/hibernate/id/Assigned, byte[2025]
3402 [main] DEBUG org.aspectj.weaver.tools.WeavingAdaptor  - 16:58:02.922 main &lt; org.aspectj.weaver.tools.WeavingAdaptor.weaveClass false
3402 [main] DEBUG org.aspectj.weaver.loadtime.Aj  - 16:58:02.922 main &lt; org.aspectj.weaver.loadtime.Aj.preProcess byte[2025]
3402 [main] DEBUG org.aspectj.weaver.loadtime.Aj  - 16:58:02.922 main &gt; org.aspectj.weaver.loadtime.Aj.preProcess org.aspectj.weaver.loadtime.Aj@58027738 org/hibernate/id/IdentityGenerator, byte[1342], org.springframework.test.jpa.OrmXmlOverridingShadowingClassLoader@2bbf1be2
3403 [main] DEBUG org.aspectj.weaver.loadtime.Aj  - 16:58:02.923 main - org.aspectj.weaver.loadtime.Aj.preProcess org.aspectj.weaver.loadtime.Aj@58027738 sun.misc.Launcher$AppClassLoader@302b2c81, org.springframework.test.jpa.OrmXmlOverridingShadowingClassLoader@2bbf1be2
3403 [main] DEBUG org.aspectj.weaver.tools.WeavingAdaptor  - 16:58:02.923 main &gt; org.aspectj.weaver.tools.WeavingAdaptor.weaveClass org.aspectj.weaver.loadtime.ClassLoaderWeavingAdaptor@10b090ac org/hibernate/id/IdentityGenerator, byte[1342]
3403 [main] DEBUG org.aspectj.weaver.tools.WeavingAdaptor  - 16:58:02.923 main &lt; org.aspectj.weaver.tools.WeavingAdaptor.weaveClass false
3403 [main] DEBUG org.aspectj.weaver.loadtime.Aj  - 16:58:02.923 main &lt; org.aspectj.weaver.loadtime.Aj.preProcess byte[1342]
3403 [main] DEBUG org.aspectj.weaver.loadtime.Aj  - 16:58:02.923 main &gt; org.aspectj.weaver.loadtime.Aj.preProcess org.aspectj.weaver.loadtime.Aj@58027738 org/hibernate/id/AbstractPostInsertGenerator, byte[754], org.springframework.test.jpa.OrmXmlOverridingShadowingClassLoader@2bbf1be2
3403 [main] DEBUG org.aspectj.weaver.loadtime.Aj  - 16:58:02.923 main - org.aspectj.weaver.loadtime.Aj.preProcess org.aspectj.weaver.loadtime.Aj@58027738 sun.misc.Launcher$AppClassLoader@302b2c81, org.springframework.test.jpa.OrmXmlOverridingShadowingClassLoader@2bbf1be2
3403 [main] DEBUG org.aspectj.weaver.tools.WeavingAdaptor  - 16:58:02.923 main &gt; org.aspectj.weaver.tools.WeavingAdaptor.weaveClass org.aspectj.weaver.loadtime.ClassLoaderWeavingAdaptor@10b090ac org/hibernate/id/AbstractPostInsertGenerator, byte[754]
3403 [main] DEBUG org.aspectj.weaver.tools.WeavingAdaptor  - 16:58:02.923 main &lt; org.aspectj.weaver.tools.WeavingAdaptor.weaveClass false
3403 [main] DEBUG org.aspectj.weaver.loadtime.Aj  - 16:58:02.923 main &lt; org.aspectj.weaver.loadtime.Aj.preProcess byte[754]
3403 [main] DEBUG org.aspectj.weaver.loadtime.Aj  - 16:58:02.923 main &gt; org.aspectj.weaver.loadtime.Aj.preProcess org.aspectj.weaver.loadtime.Aj@58027738 org/hibernate/id/PostInsertIdentifierGenerator, byte[450], org.springframework.test.jpa.OrmXmlOverridingShadowingClassLoader@2bbf1be2
3403 [main] DEBUG org.aspectj.weaver.loadtime.Aj  - 16:58:02.923 main - org.aspectj.weaver.loadtime.Aj.preProcess org.aspectj.weaver.loadtime.Aj@58027738 sun.misc.Launcher$AppClassLoader@302b2c81, org.springframework.test.jpa.OrmXmlOverridingShadowingClassLoader@2bbf1be2
3403 [main] DEBUG org.aspectj.weaver.tools.WeavingAdaptor  - 16:58:02.923 main &gt; org.aspectj.weaver.tools.WeavingAdaptor.weaveClass org.aspectj.weaver.loadtime.ClassLoaderWeavingAdaptor@10b090ac org/hibernate/id/PostInsertIdentifierGenerator, byte[450]
3404 [main] DEBUG org.aspectj.weaver.tools.WeavingAdaptor  - 16:58:02.924 main &lt; org.aspectj.weaver.tools.WeavingAdaptor.weaveClass false
3404 [main] DEBUG org.aspectj.weaver.loadtime.Aj  - 16:58:02.924 main &lt; org.aspectj.weaver.loadtime.Aj.preProcess byte[450]
3404 [main] DEBUG org.aspectj.weaver.loadtime.Aj  - 16:58:02.924 main &gt; org.aspectj.weaver.loadtime.Aj.preProcess org.aspectj.weaver.loadtime.Aj@58027738 org/hibernate/id/insert/InsertGeneratedIdentifierDelegate, byte[414], org.springframework.test.jpa.OrmXmlOverridingShadowingClassLoader@2bbf1be2
3404 [main] DEBUG org.aspectj.weaver.loadtime.Aj  - 16:58:02.924 main - org.aspectj.weaver.loadtime.Aj.preProcess org.aspectj.weaver.loadtime.Aj@58027738 sun.misc.Launcher$AppClassLoader@302b2c81, org.springframework.test.jpa.OrmXmlOverridingShadowingClassLoader@2bbf1be2
3404 [main] DEBUG org.aspectj.weaver.tools.WeavingAdaptor  - 16:58:02.924 main &gt; org.aspectj.weaver.tools.WeavingAdaptor.weaveClass org.aspectj.weaver.loadtime.ClassLoaderWeavingAdaptor@10b090ac org/hibernate/id/insert/InsertGeneratedIdentifierDelegate, byte[414]
3404 [main] DEBUG org.aspectj.weaver.tools.WeavingAdaptor  - 16:58:02.924 main &lt; org.aspectj.weaver.tools.WeavingAdaptor.weaveClass false
3404 [main] DEBUG org.aspectj.weaver.loadtime.Aj  - 16:58:02.924 main &lt; org.aspectj.weaver.loadtime.Aj.preProcess byte[414]
3405 [main] DEBUG org.aspectj.weaver.loadtime.Aj  - 16:58:02.925 main &gt; org.aspectj.weaver.loadtime.Aj.preProcess org.aspectj.weaver.loadtime.Aj@58027738 org/hibernate/id/SelectGenerator, byte[2890], org.springframework.test.jpa.OrmXmlOverridingShadowingClassLoader@2bbf1be2
3405 [main] DEBUG org.aspectj.weaver.loadtime.Aj  - 16:58:02.925 main - org.aspectj.weaver.loadtime.Aj.preProcess org.aspectj.weaver.loadtime.Aj@58027738 sun.misc.Launcher$AppClassLoader@302b2c81, org.springframework.test.jpa.OrmXmlOverridingShadowingClassLoader@2bbf1be2
3405 [main] DEBUG org.aspectj.weaver.tools.WeavingAdaptor  - 16:58:02.925 main &gt; org.aspectj.weaver.tools.WeavingAdaptor.weaveClass org.aspectj.weaver.loadtime.ClassLoaderWeavingAdaptor@10b090ac org/hibernate/id/SelectGenerator, byte[2890]
3405 [main] DEBUG org.aspectj.weaver.tools.WeavingAdaptor  - 16:58:02.925 main &lt; org.aspectj.weaver.tools.WeavingAdaptor.weaveClass false
3405 [main] DEBUG org.aspectj.weaver.loadtime.Aj  - 16:58:02.925 main &lt; org.aspectj.weaver.loadtime.Aj.preProcess byte[2890]
3405 [main] DEBUG org.aspectj.weaver.loadtime.Aj  - 16:58:02.925 main &gt; org.aspectj.weaver.loadtime.Aj.preProcess org.aspectj.weaver.loadtime.Aj@58027738 org/hibernate/id/SequenceGenerator, byte[5281], org.springframework.test.jpa.OrmXmlOverridingShadowingClassLoader@2bbf1be2
3405 [main] DEBUG org.aspectj.weaver.loadtime.Aj  - 16:58:02.925 main - org.aspectj.weaver.loadtime.Aj.preProcess org.aspectj.weaver.loadtime.Aj@58027738 sun.misc.Launcher$AppClassLoader@302b2c81, org.springframework.test.jpa.OrmXmlOverridingShadowingClassLoader@2bbf1be2
3405 [main] DEBUG org.aspectj.weaver.tools.WeavingAdaptor  - 16:58:02.925 main &gt; org.aspectj.weaver.tools.WeavingAdaptor.weaveClass org.aspectj.weaver.loadtime.ClassLoaderWeavingAdaptor@10b090ac org/hibernate/id/SequenceGenerator, byte[5281]
3405 [main] DEBUG org.aspectj.weaver.tools.WeavingAdaptor  - 16:58:02.925 main &lt; org.aspectj.weaver.tools.WeavingAdaptor.weaveClass false
3405 [main] DEBUG org.aspectj.weaver.loadtime.Aj  - 16:58:02.925 main &lt; org.aspectj.weaver.loadtime.Aj.preProcess byte[5281]
3406 [main] DEBUG org.aspectj.weaver.loadtime.Aj  - 16:58:02.926 main &gt; org.aspectj.weaver.loadtime.Aj.preProcess org.aspectj.weaver.loadtime.Aj@58027738 org/hibernate/id/SequenceHiLoGenerator, byte[2948], org.springframework.test.jpa.OrmXmlOverridingShadowingClassLoader@2bbf1be2
3406 [main] DEBUG org.aspectj.weaver.loadtime.Aj  - 16:58:02.926 main - org.aspectj.weaver.loadtime.Aj.preProcess org.aspectj.weaver.loadtime.Aj@58027738 sun.misc.Launcher$AppClassLoader@302b2c81, org.springframework.test.jpa.OrmXmlOverridingShadowingClassLoader@2bbf1be2
3406 [main] DEBUG org.aspectj.weaver.tools.WeavingAdaptor  - 16:58:02.926 main &gt; org.aspectj.weaver.tools.WeavingAdaptor.weaveClass org.aspectj.weaver.loadtime.ClassLoaderWeavingAdaptor@10b090ac org/hibernate/id/SequenceHiLoGenerator, byte[2948]
3406 [main] DEBUG org.aspectj.weaver.tools.WeavingAdaptor  - 16:58:02.926 main &lt; org.aspectj.weaver.tools.WeavingAdaptor.weaveClass false
3406 [main] DEBUG org.aspectj.weaver.loadtime.Aj  - 16:58:02.926 main &lt; org.aspectj.weaver.loadtime.Aj.preProcess byte[2948]
3407 [main] DEBUG org.aspectj.weaver.loadtime.Aj  - 16:58:02.927 main &gt; org.aspectj.weaver.loadtime.Aj.preProcess org.aspectj.weaver.loadtime.Aj@58027738 org/hibernate/id/IncrementGenerator, byte[5119], org.springframework.test.jpa.OrmXmlOverridingShadowingClassLoader@2bbf1be2
3407 [main] DEBUG org.aspectj.weaver.loadtime.Aj  - 16:58:02.927 main - org.aspectj.weaver.loadtime.Aj.preProcess org.aspectj.weaver.loadtime.Aj@58027738 sun.misc.Launcher$AppClassLoader@302b2c81, org.springframework.test.jpa.OrmXmlOverridingShadowingClassLoader@2bbf1be2
3407 [main] DEBUG org.aspectj.weaver.tools.WeavingAdaptor  - 16:58:02.927 main &gt; org.aspectj.weaver.tools.WeavingAdaptor.weaveClass org.aspectj.weaver.loadtime.ClassLoaderWeavingAdaptor@10b090ac org/hibernate/id/IncrementGenerator, byte[5119]
3407 [main] DEBUG org.aspectj.weaver.tools.WeavingAdaptor  - 16:58:02.927 main &lt; org.aspectj.weaver.tools.WeavingAdaptor.weaveClass false
3407 [main] DEBUG org.aspectj.weaver.loadtime.Aj  - 16:58:02.927 main &lt; org.aspectj.weaver.loadtime.Aj.preProcess byte[5119]
3408 [main] DEBUG org.aspectj.weaver.loadtime.Aj  - 16:58:02.928 main &gt; org.aspectj.weaver.loadtime.Aj.preProcess org.aspectj.weaver.loadtime.Aj@58027738 org/hibernate/id/ForeignGenerator, byte[3190], org.springframework.test.jpa.OrmXmlOverridingShadowingClassLoader@2bbf1be2
3408 [main] DEBUG org.aspectj.weaver.loadtime.Aj  - 16:58:02.928 main - org.aspectj.weaver.loadtime.Aj.preProcess org.aspectj.weaver.loadtime.Aj@58027738 sun.misc.Launcher$AppClassLoader@302b2c81, org.springframework.test.jpa.OrmXmlOverridingShadowingClassLoader@2bbf1be2
3408 [main] DEBUG org.aspectj.weaver.tools.WeavingAdaptor  - 16:58:02.928 main &gt; org.aspectj.weaver.tools.WeavingAdaptor.weaveClass org.aspectj.weaver.loadtime.ClassLoaderWeavingAdaptor@10b090ac org/hibernate/id/ForeignGenerator, byte[3190]
3408 [main] DEBUG org.aspectj.weaver.tools.WeavingAdaptor  - 16:58:02.928 main &lt; org.aspectj.weaver.tools.WeavingAdaptor.weaveClass false
3408 [main] DEBUG org.aspectj.weaver.loadtime.Aj  - 16:58:02.928 main &lt; org.aspectj.weaver.loadtime.Aj.preProcess byte[3190]
3408 [main] DEBUG org.aspectj.weaver.loadtime.Aj  - 16:58:02.928 main &gt; org.aspectj.weaver.loadtime.Aj.preProcess org.aspectj.weaver.loadtime.Aj@58027738 org/hibernate/id/GUIDGenerator, byte[3213], org.springframework.test.jpa.OrmXmlOverridingShadowingClassLoader@2bbf1be2
3408 [main] DEBUG org.aspectj.weaver.loadtime.Aj  - 16:58:02.928 main - org.aspectj.weaver.loadtime.Aj.preProcess org.aspectj.weaver.loadtime.Aj@58027738 sun.misc.Launcher$AppClassLoader@302b2c81, org.springframework.test.jpa.OrmXmlOverridingShadowingClassLoader@2bbf1be2
3408 [main] DEBUG org.aspectj.weaver.tools.WeavingAdaptor  - 16:58:02.928 main &gt; org.aspectj.weaver.tools.WeavingAdaptor.weaveClass org.aspectj.weaver.loadtime.ClassLoaderWeavingAdaptor@10b090ac org/hibernate/id/GUIDGenerator, byte[3213]
3408 [main] DEBUG org.aspectj.weaver.tools.WeavingAdaptor  - 16:58:02.928 main &lt; org.aspectj.weaver.tools.WeavingAdaptor.weaveClass false
3408 [main] DEBUG org.aspectj.weaver.loadtime.Aj  - 16:58:02.928 main &lt; org.aspectj.weaver.loadtime.Aj.preProcess byte[3213]
3409 [main] DEBUG org.aspectj.weaver.loadtime.Aj  - 16:58:02.929 main &gt; org.aspectj.weaver.loadtime.Aj.preProcess org.aspectj.weaver.loadtime.Aj@58027738 org/hibernate/id/SequenceIdentityGenerator, byte[2840], org.springframework.test.jpa.OrmXmlOverridingShadowingClassLoader@2bbf1be2
3409 [main] DEBUG org.aspectj.weaver.loadtime.Aj  - 16:58:02.929 main - org.aspectj.weaver.loadtime.Aj.preProcess org.aspectj.weaver.loadtime.Aj@58027738 sun.misc.Launcher$AppClassLoader@302b2c81, org.springframework.test.jpa.OrmXmlOverridingShadowingClassLoader@2bbf1be2
3409 [main] DEBUG org.aspectj.weaver.tools.WeavingAdaptor  - 16:58:02.929 main &gt; org.aspectj.weaver.tools.WeavingAdaptor.weaveClass org.aspectj.weaver.loadtime.ClassLoaderWeavingAdaptor@10b090ac org/hibernate/id/SequenceIdentityGenerator, byte[2840]
3409 [main] DEBUG org.aspectj.weaver.tools.WeavingAdaptor  - 16:58:02.929 main &lt; org.aspectj.weaver.tools.WeavingAdaptor.weaveClass false
3409 [main] DEBUG org.aspectj.weaver.loadtime.Aj  - 16:58:02.929 main &lt; org.aspectj.weaver.loadtime.Aj.preProcess byte[2840]
3410 [main] DEBUG org.aspectj.weaver.loadtime.Aj  - 16:58:02.930 main &gt; org.aspectj.weaver.loadtime.Aj.preProcess org.aspectj.weaver.loadtime.Aj@58027738 org/hibernate/id/IdentifierGeneratorFactory$1, byte[525], org.springframework.test.jpa.OrmXmlOverridingShadowingClassLoader@2bbf1be2
3410 [main] DEBUG org.aspectj.weaver.loadtime.Aj  - 16:58:02.930 main - org.aspectj.weaver.loadtime.Aj.preProcess org.aspectj.weaver.loadtime.Aj@58027738 sun.misc.Launcher$AppClassLoader@302b2c81, org.springframework.test.jpa.OrmXmlOverridingShadowingClassLoader@2bbf1be2
3410 [main] DEBUG org.aspectj.weaver.tools.WeavingAdaptor  - 16:58:02.930 main &gt; org.aspectj.weaver.tools.WeavingAdaptor.weaveClass org.aspectj.weaver.loadtime.ClassLoaderWeavingAdaptor@10b090ac org/hibernate/id/IdentifierGeneratorFactory$1, byte[525]
3410 [main] DEBUG org.aspectj.weaver.tools.WeavingAdaptor  - 16:58:02.930 main &lt; org.aspectj.weaver.tools.WeavingAdaptor.weaveClass false
3410 [main] DEBUG org.aspectj.weaver.loadtime.Aj  - 16:58:02.930 main &lt; org.aspectj.weaver.loadtime.Aj.preProcess byte[525]
3410 [main] DEBUG org.aspectj.weaver.loadtime.Aj  - 16:58:02.930 main &gt; org.aspectj.weaver.loadtime.Aj.preProcess org.aspectj.weaver.loadtime.Aj@58027738 org/hibernate/id/IdentifierGeneratorFactory$2, byte[523], org.springframework.test.jpa.OrmXmlOverridingShadowingClassLoader@2bbf1be2
3410 [main] DEBUG org.aspectj.weaver.loadtime.Aj  - 16:58:02.930 main - org.aspectj.weaver.loadtime.Aj.preProcess org.aspectj.weaver.loadtime.Aj@58027738 sun.misc.Launcher$AppClassLoader@302b2c81, org.springframework.test.jpa.OrmXmlOverridingShadowingClassLoader@2bbf1be2
3410 [main] DEBUG org.aspectj.weaver.tools.WeavingAdaptor  - 16:58:02.930 main &gt; org.aspectj.weaver.tools.WeavingAdaptor.weaveClass org.aspectj.weaver.loadtime.ClassLoaderWeavingAdaptor@10b090ac org/hibernate/id/IdentifierGeneratorFactory$2, byte[523]
3410 [main] DEBUG org.aspectj.weaver.tools.WeavingAdaptor  - 16:58:02.930 main &lt; org.aspectj.weaver.tools.WeavingAdaptor.weaveClass false
3410 [main] DEBUG org.aspectj.weaver.loadtime.Aj  - 16:58:02.930 main &lt; org.aspectj.weaver.loadtime.Aj.preProcess byte[523]
3412 [main] DEBUG org.aspectj.weaver.loadtime.Aj  - 16:58:02.932 main &gt; org.aspectj.weaver.loadtime.Aj.preProcess org.aspectj.weaver.loadtime.Aj@58027738 org/apache/commons/collections/SequencedHashMap$2, byte[2099], org.springframework.test.jpa.OrmXmlOverridingShadowingClassLoader@2bbf1be2
3412 [main] DEBUG org.aspectj.weaver.loadtime.Aj  - 16:58:02.932 main - org.aspectj.weaver.loadtime.Aj.preProcess org.aspectj.weaver.loadtime.Aj@58027738 sun.misc.Launcher$AppClassLoader@302b2c81, org.springframework.test.jpa.OrmXmlOverridingShadowingClassLoader@2bbf1be2
3412 [main] DEBUG org.aspectj.weaver.tools.WeavingAdaptor  - 16:58:02.932 main &gt; org.aspectj.weaver.tools.WeavingAdaptor.weaveClass org.aspectj.weaver.loadtime.ClassLoaderWeavingAdaptor@10b090ac org/apache/commons/collections/SequencedHashMap$2, byte[2099]
3412 [main] DEBUG org.aspectj.weaver.tools.WeavingAdaptor  - 16:58:02.932 main &lt; org.aspectj.weaver.tools.WeavingAdaptor.weaveClass false
3412 [main] DEBUG org.aspectj.weaver.loadtime.Aj  - 16:58:02.932 main &lt; org.aspectj.weaver.loadtime.Aj.preProcess byte[2099]
3412 [main] DEBUG org.aspectj.weaver.loadtime.Aj  - 16:58:02.932 main &gt; org.aspectj.weaver.loadtime.Aj.preProcess org.aspectj.weaver.loadtime.Aj@58027738 org/apache/commons/collections/SequencedHashMap$OrderedIterator, byte[2350], org.springframework.test.jpa.OrmXmlOverridingShadowingClassLoader@2bbf1be2
3413 [main] DEBUG org.aspectj.weaver.loadtime.Aj  - 16:58:02.933 main - org.aspectj.weaver.loadtime.Aj.preProcess org.aspectj.weaver.loadtime.Aj@58027738 sun.misc.Launcher$AppClassLoader@302b2c81, org.springframework.test.jpa.OrmXmlOverridingShadowingClassLoader@2bbf1be2
3413 [main] DEBUG org.aspectj.weaver.tools.WeavingAdaptor  - 16:58:02.933 main &gt; org.aspectj.weaver.tools.WeavingAdaptor.weaveClass org.aspectj.weaver.loadtime.ClassLoaderWeavingAdaptor@10b090ac org/apache/commons/collections/SequencedHashMap$OrderedIterator, byte[2350]
3413 [main] DEBUG org.aspectj.weaver.tools.WeavingAdaptor  - 16:58:02.933 main &lt; org.aspectj.weaver.tools.WeavingAdaptor.weaveClass false
3413 [main] DEBUG org.aspectj.weaver.loadtime.Aj  - 16:58:02.933 main &lt; org.aspectj.weaver.loadtime.Aj.preProcess byte[2350]
3413 [main] DEBUG org.aspectj.weaver.loadtime.Aj  - 16:58:02.933 main &gt; org.aspectj.weaver.loadtime.Aj.preProcess org.aspectj.weaver.loadtime.Aj@58027738 org/hibernate/cache/CacheFactory, byte[3730], org.springframework.test.jpa.OrmXmlOverridingShadowingClassLoader@2bbf1be2
3413 [main] DEBUG org.aspectj.weaver.loadtime.Aj  - 16:58:02.933 main - org.aspectj.weaver.loadtime.Aj.preProcess org.aspectj.weaver.loadtime.Aj@58027738 sun.misc.Launcher$AppClassLoader@302b2c81, org.springframework.test.jpa.OrmXmlOverridingShadowingClassLoader@2bbf1be2
3413 [main] DEBUG org.aspectj.weaver.tools.WeavingAdaptor  - 16:58:02.933 main &gt; org.aspectj.weaver.tools.WeavingAdaptor.weaveClass org.aspectj.weaver.loadtime.ClassLoaderWeavingAdaptor@10b090ac org/hibernate/cache/CacheFactory, byte[3730]
3413 [main] DEBUG org.aspectj.weaver.tools.WeavingAdaptor  - 16:58:02.933 main &lt; org.aspectj.weaver.tools.WeavingAdaptor.weaveClass false
3413 [main] DEBUG org.aspectj.weaver.loadtime.Aj  - 16:58:02.933 main &lt; org.aspectj.weaver.loadtime.Aj.preProcess byte[3730]
3414 [main] DEBUG org.aspectj.weaver.loadtime.Aj  - 16:58:02.934 main &gt; org.aspectj.weaver.loadtime.Aj.preProcess org.aspectj.weaver.loadtime.Aj@58027738 org/hibernate/cache/ReadOnlyCache, byte[5105], org.springframework.test.jpa.OrmXmlOverridingShadowingClassLoader@2bbf1be2
3414 [main] DEBUG org.aspectj.weaver.loadtime.Aj  - 16:58:02.934 main - org.aspectj.weaver.loadtime.Aj.preProcess org.aspectj.weaver.loadtime.Aj@58027738 sun.misc.Launcher$AppClassLoader@302b2c81, org.springframework.test.jpa.OrmXmlOverridingShadowingClassLoader@2bbf1be2
3414 [main] DEBUG org.aspectj.weaver.tools.WeavingAdaptor  - 16:58:02.934 main &gt; org.aspectj.weaver.tools.WeavingAdaptor.weaveClass org.aspectj.weaver.loadtime.ClassLoaderWeavingAdaptor@10b090ac org/hibernate/cache/ReadOnlyCache, byte[5105]
3414 [main] DEBUG org.aspectj.weaver.tools.WeavingAdaptor  - 16:58:02.934 main &lt; org.aspectj.weaver.tools.WeavingAdaptor.weaveClass false
3414 [main] DEBUG org.aspectj.weaver.loadtime.Aj  - 16:58:02.934 main &lt; org.aspectj.weaver.loadtime.Aj.preProcess byte[5105]
3414 [main] DEBUG org.aspectj.weaver.loadtime.Aj  - 16:58:02.934 main &gt; org.aspectj.weaver.loadtime.Aj.preProcess org.aspectj.weaver.loadtime.Aj@58027738 org/hibernate/cache/CacheConcurrencyStrategy, byte[1353], org.springframework.test.jpa.OrmXmlOverridingShadowingClassLoader@2bbf1be2
3414 [main] DEBUG org.aspectj.weaver.loadtime.Aj  - 16:58:02.934 main - org.aspectj.weaver.loadtime.Aj.preProcess org.aspectj.weaver.loadtime.Aj@58027738 sun.misc.Launcher$AppClassLoader@302b2c81, org.springframework.test.jpa.OrmXmlOverridingShadowingClassLoader@2bbf1be2
3415 [main] DEBUG org.aspectj.weaver.tools.WeavingAdaptor  - 16:58:02.935 main &gt; org.aspectj.weaver.tools.WeavingAdaptor.weaveClass org.aspectj.weaver.loadtime.ClassLoaderWeavingAdaptor@10b090ac org/hibernate/cache/CacheConcurrencyStrategy, byte[1353]
3415 [main] DEBUG org.aspectj.weaver.tools.WeavingAdaptor  - 16:58:02.935 main &lt; org.aspectj.weaver.tools.WeavingAdaptor.weaveClass false
3415 [main] DEBUG org.aspectj.weaver.loadtime.Aj  - 16:58:02.935 main &lt; org.aspectj.weaver.loadtime.Aj.preProcess byte[1353]
3415 [main] DEBUG org.aspectj.weaver.loadtime.Aj  - 16:58:02.935 main &gt; org.aspectj.weaver.loadtime.Aj.preProcess org.aspectj.weaver.loadtime.Aj@58027738 org/hibernate/cache/ReadWriteCache, byte[8116], org.springframework.test.jpa.OrmXmlOverridingShadowingClassLoader@2bbf1be2
3415 [main] DEBUG org.aspectj.weaver.loadtime.Aj  - 16:58:02.935 main - org.aspectj.weaver.loadtime.Aj.preProcess org.aspectj.weaver.loadtime.Aj@58027738 sun.misc.Launcher$AppClassLoader@302b2c81, org.springframework.test.jpa.OrmXmlOverridingShadowingClassLoader@2bbf1be2
3415 [main] DEBUG org.aspectj.weaver.tools.WeavingAdaptor  - 16:58:02.935 main &gt; org.aspectj.weaver.tools.WeavingAdaptor.weaveClass org.aspectj.weaver.loadtime.ClassLoaderWeavingAdaptor@10b090ac org/hibernate/cache/ReadWriteCache, byte[8116]
3415 [main] DEBUG org.aspectj.weaver.tools.WeavingAdaptor  - 16:58:02.935 main &lt; org.aspectj.weaver.tools.WeavingAdaptor.weaveClass false
3415 [main] DEBUG org.aspectj.weaver.loadtime.Aj  - 16:58:02.935 main &lt; org.aspectj.weaver.loadtime.Aj.preProcess byte[8116]
3416 [main] DEBUG org.aspectj.weaver.loadtime.Aj  - 16:58:02.936 main &gt; org.aspectj.weaver.loadtime.Aj.preProcess org.aspectj.weaver.loadtime.Aj@58027738 org/hibernate/cache/CacheConcurrencyStrategy$SoftLock, byte[250], org.springframework.test.jpa.OrmXmlOverridingShadowingClassLoader@2bbf1be2
3416 [main] DEBUG org.aspectj.weaver.loadtime.Aj  - 16:58:02.936 main - org.aspectj.weaver.loadtime.Aj.preProcess org.aspectj.weaver.loadtime.Aj@58027738 sun.misc.Launcher$AppClassLoader@302b2c81, org.springframework.test.jpa.OrmXmlOverridingShadowingClassLoader@2bbf1be2
3416 [main] DEBUG org.aspectj.weaver.tools.WeavingAdaptor  - 16:58:02.936 main &gt; org.aspectj.weaver.tools.WeavingAdaptor.weaveClass org.aspectj.weaver.loadtime.ClassLoaderWeavingAdaptor@10b090ac org/hibernate/cache/CacheConcurrencyStrategy$SoftLock, byte[250]
3416 [main] DEBUG org.aspectj.weaver.tools.WeavingAdaptor  - 16:58:02.936 main &lt; org.aspectj.weaver.tools.WeavingAdaptor.weaveClass false
3416 [main] DEBUG org.aspectj.weaver.loadtime.Aj  - 16:58:02.936 main &lt; org.aspectj.weaver.loadtime.Aj.preProcess byte[250]
3417 [main] DEBUG org.aspectj.weaver.loadtime.Aj  - 16:58:02.937 main &gt; org.aspectj.weaver.loadtime.Aj.preProcess org.aspectj.weaver.loadtime.Aj@58027738 net/sf/ehcache/hibernate/EhCache, byte[5629], org.springframework.test.jpa.OrmXmlOverridingShadowingClassLoader@2bbf1be2
3417 [main] DEBUG org.aspectj.weaver.loadtime.Aj  - 16:58:02.937 main - org.aspectj.weaver.loadtime.Aj.preProcess org.aspectj.weaver.loadtime.Aj@58027738 sun.misc.Launcher$AppClassLoader@302b2c81, org.springframework.test.jpa.OrmXmlOverridingShadowingClassLoader@2bbf1be2
3417 [main] DEBUG org.aspectj.weaver.tools.WeavingAdaptor  - 16:58:02.937 main &gt; org.aspectj.weaver.tools.WeavingAdaptor.weaveClass org.aspectj.weaver.loadtime.ClassLoaderWeavingAdaptor@10b090ac net/sf/ehcache/hibernate/EhCache, byte[5629]
3417 [main] DEBUG org.aspectj.weaver.tools.WeavingAdaptor  - 16:58:02.937 main &lt; org.aspectj.weaver.tools.WeavingAdaptor.weaveClass false
3417 [main] DEBUG org.aspectj.weaver.loadtime.Aj  - 16:58:02.937 main &lt; org.aspectj.weaver.loadtime.Aj.preProcess byte[5629]
3418 [main] DEBUG org.aspectj.weaver.loadtime.Aj  - 16:58:02.938 main &gt; org.aspectj.weaver.loadtime.Aj.preProcess org.aspectj.weaver.loadtime.Aj@58027738 org/hibernate/persister/PersisterFactory, byte[6694], org.springframework.test.jpa.OrmXmlOverridingShadowingClassLoader@2bbf1be2
3418 [main] DEBUG org.aspectj.weaver.loadtime.Aj  - 16:58:02.938 main - org.aspectj.weaver.loadtime.Aj.preProcess org.aspectj.weaver.loadtime.Aj@58027738 sun.misc.Launcher$AppClassLoader@302b2c81, org.springframework.test.jpa.OrmXmlOverridingShadowingClassLoader@2bbf1be2
3418 [main] DEBUG org.aspectj.weaver.tools.WeavingAdaptor  - 16:58:02.938 main &gt; org.aspectj.weaver.tools.WeavingAdaptor.weaveClass org.aspectj.weaver.loadtime.ClassLoaderWeavingAdaptor@10b090ac org/hibernate/persister/PersisterFactory, byte[6694]
3418 [main] DEBUG org.aspectj.weaver.tools.WeavingAdaptor  - 16:58:02.938 main &lt; org.aspectj.weaver.tools.WeavingAdaptor.weaveClass false
3418 [main] DEBUG org.aspectj.weaver.loadtime.Aj  - 16:58:02.938 main &lt; org.aspectj.weaver.loadtime.Aj.preProcess byte[6694]
3418 [main] DEBUG org.aspectj.weaver.loadtime.Aj  - 16:58:02.938 main &gt; org.aspectj.weaver.loadtime.Aj.preProcess org.aspectj.weaver.loadtime.Aj@58027738 org/hibernate/persister/entity/EntityPersister, byte[6344], org.springframework.test.jpa.OrmXmlOverridingShadowingClassLoader@2bbf1be2
3418 [main] DEBUG org.aspectj.weaver.loadtime.Aj  - 16:58:02.938 main - org.aspectj.weaver.loadtime.Aj.preProcess org.aspectj.weaver.loadtime.Aj@58027738 sun.misc.Launcher$AppClassLoader@302b2c81, org.springframework.test.jpa.OrmXmlOverridingShadowingClassLoader@2bbf1be2
3418 [main] DEBUG org.aspectj.weaver.tools.WeavingAdaptor  - 16:58:02.938 main &gt; org.aspectj.weaver.tools.WeavingAdaptor.weaveClass org.aspectj.weaver.loadtime.ClassLoaderWeavingAdaptor@10b090ac org/hibernate/persister/entity/EntityPersister, byte[6344]
3419 [main] DEBUG org.aspectj.weaver.tools.WeavingAdaptor  - 16:58:02.939 main &lt; org.aspectj.weaver.tools.WeavingAdaptor.weaveClass false
3419 [main] DEBUG org.aspectj.weaver.loadtime.Aj  - 16:58:02.939 main &lt; org.aspectj.weaver.loadtime.Aj.preProcess byte[6344]
3419 [main] DEBUG org.aspectj.weaver.loadtime.Aj  - 16:58:02.939 main &gt; org.aspectj.weaver.loadtime.Aj.preProcess org.aspectj.weaver.loadtime.Aj@58027738 org/hibernate/persister/collection/OneToManyPersister, byte[12604], org.springframework.test.jpa.OrmXmlOverridingShadowingClassLoader@2bbf1be2
3419 [main] DEBUG org.aspectj.weaver.loadtime.Aj  - 16:58:02.939 main - org.aspectj.weaver.loadtime.Aj.preProcess org.aspectj.weaver.loadtime.Aj@58027738 sun.misc.Launcher$AppClassLoader@302b2c81, org.springframework.test.jpa.OrmXmlOverridingShadowingClassLoader@2bbf1be2
3419 [main] DEBUG org.aspectj.weaver.tools.WeavingAdaptor  - 16:58:02.939 main &gt; org.aspectj.weaver.tools.WeavingAdaptor.weaveClass org.aspectj.weaver.loadtime.ClassLoaderWeavingAdaptor@10b090ac org/hibernate/persister/collection/OneToManyPersister, byte[12604]
3419 [main] DEBUG org.aspectj.weaver.tools.WeavingAdaptor  - 16:58:02.939 main &lt; org.aspectj.weaver.tools.WeavingAdaptor.weaveClass false
3419 [main] DEBUG org.aspectj.weaver.loadtime.Aj  - 16:58:02.939 main &lt; org.aspectj.weaver.loadtime.Aj.preProcess byte[12604]
3420 [main] DEBUG org.aspectj.weaver.loadtime.Aj  - 16:58:02.940 main &gt; org.aspectj.weaver.loadtime.Aj.preProcess org.aspectj.weaver.loadtime.Aj@58027738 org/hibernate/persister/collection/AbstractCollectionPersister, byte[44358], org.springframework.test.jpa.OrmXmlOverridingShadowingClassLoader@2bbf1be2
3420 [main] DEBUG org.aspectj.weaver.loadtime.Aj  - 16:58:02.940 main - org.aspectj.weaver.loadtime.Aj.preProcess org.aspectj.weaver.loadtime.Aj@58027738 sun.misc.Launcher$AppClassLoader@302b2c81, org.springframework.test.jpa.OrmXmlOverridingShadowingClassLoader@2bbf1be2
3420 [main] DEBUG org.aspectj.weaver.tools.WeavingAdaptor  - 16:58:02.940 main &gt; org.aspectj.weaver.tools.WeavingAdaptor.weaveClass org.aspectj.weaver.loadtime.ClassLoaderWeavingAdaptor@10b090ac org/hibernate/persister/collection/AbstractCollectionPersister, byte[44358]
3420 [main] DEBUG org.aspectj.weaver.tools.WeavingAdaptor  - 16:58:02.940 main &lt; org.aspectj.weaver.tools.WeavingAdaptor.weaveClass false
3420 [main] DEBUG org.aspectj.weaver.loadtime.Aj  - 16:58:02.940 main &lt; org.aspectj.weaver.loadtime.Aj.preProcess byte[44358]
3421 [main] DEBUG org.aspectj.weaver.loadtime.Aj  - 16:58:02.941 main &gt; org.aspectj.weaver.loadtime.Aj.preProcess org.aspectj.weaver.loadtime.Aj@58027738 org/hibernate/metadata/CollectionMetadata, byte[367], org.springframework.test.jpa.OrmXmlOverridingShadowingClassLoader@2bbf1be2
3421 [main] DEBUG org.aspectj.weaver.loadtime.Aj  - 16:58:02.941 main - org.aspectj.weaver.loadtime.Aj.preProcess org.aspectj.weaver.loadtime.Aj@58027738 sun.misc.Launcher$AppClassLoader@302b2c81, org.springframework.test.jpa.OrmXmlOverridingShadowingClassLoader@2bbf1be2
3421 [main] DEBUG org.aspectj.weaver.tools.WeavingAdaptor  - 16:58:02.941 main &gt; org.aspectj.weaver.tools.WeavingAdaptor.weaveClass org.aspectj.weaver.loadtime.ClassLoaderWeavingAdaptor@10b090ac org/hibernate/metadata/CollectionMetadata, byte[367]
3421 [main] DEBUG org.aspectj.weaver.tools.WeavingAdaptor  - 16:58:02.941 main &lt; org.aspectj.weaver.tools.WeavingAdaptor.weaveClass false
3421 [main] DEBUG org.aspectj.weaver.loadtime.Aj  - 16:58:02.941 main &lt; org.aspectj.weaver.loadtime.Aj.preProcess byte[367]
3421 [main] DEBUG org.aspectj.weaver.loadtime.Aj  - 16:58:02.941 main &gt; org.aspectj.weaver.loadtime.Aj.preProcess org.aspectj.weaver.loadtime.Aj@58027738 org/hibernate/persister/collection/SQLLoadableCollection, byte[382], org.springframework.test.jpa.OrmXmlOverridingShadowingClassLoader@2bbf1be2
3421 [main] DEBUG org.aspectj.weaver.loadtime.Aj  - 16:58:02.941 main - org.aspectj.weaver.loadtime.Aj.preProcess org.aspectj.weaver.loadtime.Aj@58027738 sun.misc.Launcher$AppClassLoader@302b2c81, org.springframework.test.jpa.OrmXmlOverridingShadowingClassLoader@2bbf1be2
3421 [main] DEBUG org.aspectj.weaver.tools.WeavingAdaptor  - 16:58:02.941 main &gt; org.aspectj.weaver.tools.WeavingAdaptor.weaveClass org.aspectj.weaver.loadtime.ClassLoaderWeavingAdaptor@10b090ac org/hibernate/persister/collection/SQLLoadableCollection, byte[382]
3421 [main] DEBUG org.aspectj.weaver.tools.WeavingAdaptor  - 16:58:02.941 main &lt; org.aspectj.weaver.tools.WeavingAdaptor.weaveClass false
3421 [main] DEBUG org.aspectj.weaver.loadtime.Aj  - 16:58:02.941 main &lt; org.aspectj.weaver.loadtime.Aj.preProcess byte[382]
3422 [main] DEBUG org.aspectj.weaver.loadtime.Aj  - 16:58:02.942 main &gt; org.aspectj.weaver.loadtime.Aj.preProcess org.aspectj.weaver.loadtime.Aj@58027738 org/hibernate/persister/collection/QueryableCollection, byte[841], org.springframework.test.jpa.OrmXmlOverridingShadowingClassLoader@2bbf1be2
3422 [main] DEBUG org.aspectj.weaver.loadtime.Aj  - 16:58:02.942 main - org.aspectj.weaver.loadtime.Aj.preProcess org.aspectj.weaver.loadtime.Aj@58027738 sun.misc.Launcher$AppClassLoader@302b2c81, org.springframework.test.jpa.OrmXmlOverridingShadowingClassLoader@2bbf1be2
3422 [main] DEBUG org.aspectj.weaver.tools.WeavingAdaptor  - 16:58:02.942 main &gt; org.aspectj.weaver.tools.WeavingAdaptor.weaveClass org.aspectj.weaver.loadtime.ClassLoaderWeavingAdaptor@10b090ac org/hibernate/persister/collection/QueryableCollection, byte[841]
3422 [main] DEBUG org.aspectj.weaver.tools.WeavingAdaptor  - 16:58:02.942 main &lt; org.aspectj.weaver.tools.WeavingAdaptor.weaveClass false
3422 [main] DEBUG org.aspectj.weaver.loadtime.Aj  - 16:58:02.942 main &lt; org.aspectj.weaver.loadtime.Aj.preProcess byte[841]
3422 [main] DEBUG org.aspectj.weaver.loadtime.Aj  - 16:58:02.942 main &gt; org.aspectj.weaver.loadtime.Aj.preProcess org.aspectj.weaver.loadtime.Aj@58027738 org/hibernate/persister/entity/PropertyMapping, byte[509], org.springframework.test.jpa.OrmXmlOverridingShadowingClassLoader@2bbf1be2
3422 [main] DEBUG org.aspectj.weaver.loadtime.Aj  - 16:58:02.942 main - org.aspectj.weaver.loadtime.Aj.preProcess org.aspectj.weaver.loadtime.Aj@58027738 sun.misc.Launcher$AppClassLoader@302b2c81, org.springframework.test.jpa.OrmXmlOverridingShadowingClassLoader@2bbf1be2
3422 [main] DEBUG org.aspectj.weaver.tools.WeavingAdaptor  - 16:58:02.942 main &gt; org.aspectj.weaver.tools.WeavingAdaptor.weaveClass org.aspectj.weaver.loadtime.ClassLoaderWeavingAdaptor@10b090ac org/hibernate/persister/entity/PropertyMapping, byte[509]
3422 [main] DEBUG org.aspectj.weaver.tools.WeavingAdaptor  - 16:58:02.942 main &lt; org.aspectj.weaver.tools.WeavingAdaptor.weaveClass false
3422 [main] DEBUG org.aspectj.weaver.loadtime.Aj  - 16:58:02.942 main &lt; org.aspectj.weaver.loadtime.Aj.preProcess byte[509]
3423 [main] DEBUG org.aspectj.weaver.loadtime.Aj  - 16:58:02.943 main &gt; org.aspectj.weaver.loadtime.Aj.preProcess org.aspectj.weaver.loadtime.Aj@58027738 org/hibernate/persister/entity/Joinable, byte[822], org.springframework.test.jpa.OrmXmlOverridingShadowingClassLoader@2bbf1be2
3423 [main] DEBUG org.aspectj.weaver.loadtime.Aj  - 16:58:02.943 main - org.aspectj.weaver.loadtime.Aj.preProcess org.aspectj.weaver.loadtime.Aj@58027738 sun.misc.Launcher$AppClassLoader@302b2c81, org.springframework.test.jpa.OrmXmlOverridingShadowingClassLoader@2bbf1be2
3423 [main] DEBUG org.aspectj.weaver.tools.WeavingAdaptor  - 16:58:02.943 main &gt; org.aspectj.weaver.tools.WeavingAdaptor.weaveClass org.aspectj.weaver.loadtime.ClassLoaderWeavingAdaptor@10b090ac org/hibernate/persister/entity/Joinable, byte[822]
3423 [main] DEBUG org.aspectj.weaver.tools.WeavingAdaptor  - 16:58:02.943 main &lt; org.aspectj.weaver.tools.WeavingAdaptor.weaveClass false
3423 [main] DEBUG org.aspectj.weaver.loadtime.Aj  - 16:58:02.943 main &lt; org.aspectj.weaver.loadtime.Aj.preProcess byte[822]
3423 [main] DEBUG org.aspectj.weaver.loadtime.Aj  - 16:58:02.943 main &gt; org.aspectj.weaver.loadtime.Aj.preProcess org.aspectj.weaver.loadtime.Aj@58027738 org/hibernate/persister/collection/CollectionPersister, byte[3136], org.springframework.test.jpa.OrmXmlOverridingShadowingClassLoader@2bbf1be2
3423 [main] DEBUG org.aspectj.weaver.loadtime.Aj  - 16:58:02.943 main - org.aspectj.weaver.loadtime.Aj.preProcess org.aspectj.weaver.loadtime.Aj@58027738 sun.misc.Launcher$AppClassLoader@302b2c81, org.springframework.test.jpa.OrmXmlOverridingShadowingClassLoader@2bbf1be2
3423 [main] DEBUG org.aspectj.weaver.tools.WeavingAdaptor  - 16:58:02.943 main &gt; org.aspectj.weaver.tools.WeavingAdaptor.weaveClass org.aspectj.weaver.loadtime.ClassLoaderWeavingAdaptor@10b090ac org/hibernate/persister/collection/CollectionPersister, byte[3136]
3423 [main] DEBUG org.aspectj.weaver.tools.WeavingAdaptor  - 16:58:02.943 main &lt; org.aspectj.weaver.tools.WeavingAdaptor.weaveClass false
3423 [main] DEBUG org.aspectj.weaver.loadtime.Aj  - 16:58:02.943 main &lt; org.aspectj.weaver.loadtime.Aj.preProcess byte[3136]
3424 [main] DEBUG org.aspectj.weaver.loadtime.Aj  - 16:58:02.944 main &gt; org.aspectj.weaver.loadtime.Aj.preProcess org.aspectj.weaver.loadtime.Aj@58027738 org/hibernate/persister/collection/BasicCollectionPersister, byte[12541], org.springframework.test.jpa.OrmXmlOverridingShadowingClassLoader@2bbf1be2
3424 [main] DEBUG org.aspectj.weaver.loadtime.Aj  - 16:58:02.944 main - org.aspectj.weaver.loadtime.Aj.preProcess org.aspectj.weaver.loadtime.Aj@58027738 sun.misc.Launcher$AppClassLoader@302b2c81, org.springframework.test.jpa.OrmXmlOverridingShadowingClassLoader@2bbf1be2
3424 [main] DEBUG org.aspectj.weaver.tools.WeavingAdaptor  - 16:58:02.944 main &gt; org.aspectj.weaver.tools.WeavingAdaptor.weaveClass org.aspectj.weaver.loadtime.ClassLoaderWeavingAdaptor@10b090ac org/hibernate/persister/collection/BasicCollectionPersister, byte[12541]
3424 [main] DEBUG org.aspectj.weaver.tools.WeavingAdaptor  - 16:58:02.944 main &lt; org.aspectj.weaver.tools.WeavingAdaptor.weaveClass false
3424 [main] DEBUG org.aspectj.weaver.loadtime.Aj  - 16:58:02.944 main &lt; org.aspectj.weaver.loadtime.Aj.preProcess byte[12541]
3425 [main] DEBUG org.aspectj.weaver.loadtime.Aj  - 16:58:02.945 main &gt; org.aspectj.weaver.loadtime.Aj.preProcess org.aspectj.weaver.loadtime.Aj@58027738 org/hibernate/persister/entity/SingleTableEntityPersister, byte[21981], org.springframework.test.jpa.OrmXmlOverridingShadowingClassLoader@2bbf1be2
3425 [main] DEBUG org.aspectj.weaver.loadtime.Aj  - 16:58:02.945 main - org.aspectj.weaver.loadtime.Aj.preProcess org.aspectj.weaver.loadtime.Aj@58027738 sun.misc.Launcher$AppClassLoader@302b2c81, org.springframework.test.jpa.OrmXmlOverridingShadowingClassLoader@2bbf1be2
3425 [main] DEBUG org.aspectj.weaver.tools.WeavingAdaptor  - 16:58:02.945 main &gt; org.aspectj.weaver.tools.WeavingAdaptor.weaveClass org.aspectj.weaver.loadtime.ClassLoaderWeavingAdaptor@10b090ac org/hibernate/persister/entity/SingleTableEntityPersister, byte[21981]
3425 [main] DEBUG org.aspectj.weaver.tools.WeavingAdaptor  - 16:58:02.945 main &lt; org.aspectj.weaver.tools.WeavingAdaptor.weaveClass false
3425 [main] DEBUG org.aspectj.weaver.loadtime.Aj  - 16:58:02.945 main &lt; org.aspectj.weaver.loadtime.Aj.preProcess byte[21981]
3426 [main] DEBUG org.aspectj.weaver.loadtime.Aj  - 16:58:02.946 main &gt; org.aspectj.weaver.loadtime.Aj.preProcess org.aspectj.weaver.loadtime.Aj@58027738 org/hibernate/persister/entity/AbstractEntityPersister, byte[95253], org.springframework.test.jpa.OrmXmlOverridingShadowingClassLoader@2bbf1be2
3426 [main] DEBUG org.aspectj.weaver.loadtime.Aj  - 16:58:02.946 main - org.aspectj.weaver.loadtime.Aj.preProcess org.aspectj.weaver.loadtime.Aj@58027738 sun.misc.Launcher$AppClassLoader@302b2c81, org.springframework.test.jpa.OrmXmlOverridingShadowingClassLoader@2bbf1be2
3427 [main] DEBUG org.aspectj.weaver.tools.WeavingAdaptor  - 16:58:02.946 main &gt; org.aspectj.weaver.tools.WeavingAdaptor.weaveClass org.aspectj.weaver.loadtime.ClassLoaderWeavingAdaptor@10b090ac org/hibernate/persister/entity/AbstractEntityPersister, byte[95253]
3427 [main] DEBUG org.aspectj.weaver.tools.WeavingAdaptor  - 16:58:02.947 main &lt; org.aspectj.weaver.tools.WeavingAdaptor.weaveClass false
3427 [main] DEBUG org.aspectj.weaver.loadtime.Aj  - 16:58:02.947 main &lt; org.aspectj.weaver.loadtime.Aj.preProcess byte[95253]
3428 [main] DEBUG org.aspectj.weaver.loadtime.Aj  - 16:58:02.948 main &gt; org.aspectj.weaver.loadtime.Aj.preProcess org.aspectj.weaver.loadtime.Aj@58027738 org/hibernate/persister/entity/OuterJoinLoadable, byte[1085], org.springframework.test.jpa.OrmXmlOverridingShadowingClassLoader@2bbf1be2
3428 [main] DEBUG org.aspectj.weaver.loadtime.Aj  - 16:58:02.948 main - org.aspectj.weaver.loadtime.Aj.preProcess org.aspectj.weaver.loadtime.Aj@58027738 sun.misc.Launcher$AppClassLoader@302b2c81, org.springframework.test.jpa.OrmXmlOverridingShadowingClassLoader@2bbf1be2
3428 [main] DEBUG org.aspectj.weaver.tools.WeavingAdaptor  - 16:58:02.948 main &gt; org.aspectj.weaver.tools.WeavingAdaptor.weaveClass org.aspectj.weaver.loadtime.ClassLoaderWeavingAdaptor@10b090ac org/hibernate/persister/entity/OuterJoinLoadable, byte[1085]
3428 [main] DEBUG org.aspectj.weaver.tools.WeavingAdaptor  - 16:58:02.948 main &lt; org.aspectj.weaver.tools.WeavingAdaptor.weaveClass false
3428 [main] DEBUG org.aspectj.weaver.loadtime.Aj  - 16:58:02.948 main &lt; org.aspectj.weaver.loadtime.Aj.preProcess byte[1085]
3428 [main] DEBUG org.aspectj.weaver.loadtime.Aj  - 16:58:02.948 main &gt; org.aspectj.weaver.loadtime.Aj.preProcess org.aspectj.weaver.loadtime.Aj@58027738 org/hibernate/persister/entity/Loadable, byte[1166], org.springframework.test.jpa.OrmXmlOverridingShadowingClassLoader@2bbf1be2
3428 [main] DEBUG org.aspectj.weaver.loadtime.Aj  - 16:58:02.948 main - org.aspectj.weaver.loadtime.Aj.preProcess org.aspectj.weaver.loadtime.Aj@58027738 sun.misc.Launcher$AppClassLoader@302b2c81, org.springframework.test.jpa.OrmXmlOverridingShadowingClassLoader@2bbf1be2
3428 [main] DEBUG org.aspectj.weaver.tools.WeavingAdaptor  - 16:58:02.948 main &gt; org.aspectj.weaver.tools.WeavingAdaptor.weaveClass org.aspectj.weaver.loadtime.ClassLoaderWeavingAdaptor@10b090ac org/hibernate/persister/entity/Loadable, byte[1166]
3428 [main] DEBUG org.aspectj.weaver.tools.WeavingAdaptor  - 16:58:02.948 main &lt; org.aspectj.weaver.tools.WeavingAdaptor.weaveClass false
3428 [main] DEBUG org.aspectj.weaver.loadtime.Aj  - 16:58:02.948 main &lt; org.aspectj.weaver.loadtime.Aj.preProcess byte[1166]
3429 [main] DEBUG org.aspectj.weaver.loadtime.Aj  - 16:58:02.949 main &gt; org.aspectj.weaver.loadtime.Aj.preProcess org.aspectj.weaver.loadtime.Aj@58027738 org/hibernate/persister/entity/Queryable, byte[1332], org.springframework.test.jpa.OrmXmlOverridingShadowingClassLoader@2bbf1be2
3429 [main] DEBUG org.aspectj.weaver.loadtime.Aj  - 16:58:02.949 main - org.aspectj.weaver.loadtime.Aj.preProcess org.aspectj.weaver.loadtime.Aj@58027738 sun.misc.Launcher$AppClassLoader@302b2c81, org.springframework.test.jpa.OrmXmlOverridingShadowingClassLoader@2bbf1be2
3429 [main] DEBUG org.aspectj.weaver.tools.WeavingAdaptor  - 16:58:02.949 main &gt; org.aspectj.weaver.tools.WeavingAdaptor.weaveClass org.aspectj.weaver.loadtime.ClassLoaderWeavingAdaptor@10b090ac org/hibernate/persister/entity/Queryable, byte[1332]
3429 [main] DEBUG org.aspectj.weaver.tools.WeavingAdaptor  - 16:58:02.949 main &lt; org.aspectj.weaver.tools.WeavingAdaptor.weaveClass false
3429 [main] DEBUG org.aspectj.weaver.loadtime.Aj  - 16:58:02.949 main &lt; org.aspectj.weaver.loadtime.Aj.preProcess byte[1332]
3429 [main] DEBUG org.aspectj.weaver.loadtime.Aj  - 16:58:02.949 main &gt; org.aspectj.weaver.loadtime.Aj.preProcess org.aspectj.weaver.loadtime.Aj@58027738 org/hibernate/metadata/ClassMetadata, byte[2025], org.springframework.test.jpa.OrmXmlOverridingShadowingClassLoader@2bbf1be2
3429 [main] DEBUG org.aspectj.weaver.loadtime.Aj  - 16:58:02.949 main - org.aspectj.weaver.loadtime.Aj.preProcess org.aspectj.weaver.loadtime.Aj@58027738 sun.misc.Launcher$AppClassLoader@302b2c81, org.springframework.test.jpa.OrmXmlOverridingShadowingClassLoader@2bbf1be2
3429 [main] DEBUG org.aspectj.weaver.tools.WeavingAdaptor  - 16:58:02.949 main &gt; org.aspectj.weaver.tools.WeavingAdaptor.weaveClass org.aspectj.weaver.loadtime.ClassLoaderWeavingAdaptor@10b090ac org/hibernate/metadata/ClassMetadata, byte[2025]
3429 [main] DEBUG org.aspectj.weaver.tools.WeavingAdaptor  - 16:58:02.949 main &lt; org.aspectj.weaver.tools.WeavingAdaptor.weaveClass false
3429 [main] DEBUG org.aspectj.weaver.loadtime.Aj  - 16:58:02.949 main &lt; org.aspectj.weaver.loadtime.Aj.preProcess byte[2025]
3429 [main] DEBUG org.aspectj.weaver.loadtime.Aj  - 16:58:02.949 main &gt; org.aspectj.weaver.loadtime.Aj.preProcess org.aspectj.weaver.loadtime.Aj@58027738 org/hibernate/persister/entity/UniqueKeyLoadable, byte[431], org.springframework.test.jpa.OrmXmlOverridingShadowingClassLoader@2bbf1be2
3430 [main] DEBUG org.aspectj.weaver.loadtime.Aj  - 16:58:02.950 main - org.aspectj.weaver.loadtime.Aj.preProcess org.aspectj.weaver.loadtime.Aj@58027738 sun.misc.Launcher$AppClassLoader@302b2c81, org.springframework.test.jpa.OrmXmlOverridingShadowingClassLoader@2bbf1be2
3430 [main] DEBUG org.aspectj.weaver.tools.WeavingAdaptor  - 16:58:02.950 main &gt; org.aspectj.weaver.tools.WeavingAdaptor.weaveClass org.aspectj.weaver.loadtime.ClassLoaderWeavingAdaptor@10b090ac org/hibernate/persister/entity/UniqueKeyLoadable, byte[431]
3430 [main] DEBUG org.aspectj.weaver.tools.WeavingAdaptor  - 16:58:02.950 main &lt; org.aspectj.weaver.tools.WeavingAdaptor.weaveClass false
3430 [main] DEBUG org.aspectj.weaver.loadtime.Aj  - 16:58:02.950 main &lt; org.aspectj.weaver.loadtime.Aj.preProcess byte[431]
3430 [main] DEBUG org.aspectj.weaver.loadtime.Aj  - 16:58:02.950 main &gt; org.aspectj.weaver.loadtime.Aj.preProcess org.aspectj.weaver.loadtime.Aj@58027738 org/hibernate/persister/entity/SQLLoadable, byte[499], org.springframework.test.jpa.OrmXmlOverridingShadowingClassLoader@2bbf1be2
3430 [main] DEBUG org.aspectj.weaver.loadtime.Aj  - 16:58:02.950 main - org.aspectj.weaver.loadtime.Aj.preProcess org.aspectj.weaver.loadtime.Aj@58027738 sun.misc.Launcher$AppClassLoader@302b2c81, org.springframework.test.jpa.OrmXmlOverridingShadowingClassLoader@2bbf1be2
3430 [main] DEBUG org.aspectj.weaver.tools.WeavingAdaptor  - 16:58:02.950 main &gt; org.aspectj.weaver.tools.WeavingAdaptor.weaveClass org.aspectj.weaver.loadtime.ClassLoaderWeavingAdaptor@10b090ac org/hibernate/persister/entity/SQLLoadable, byte[499]
3430 [main] DEBUG org.aspectj.weaver.tools.WeavingAdaptor  - 16:58:02.950 main &lt; org.aspectj.weaver.tools.WeavingAdaptor.weaveClass false
3430 [main] DEBUG org.aspectj.weaver.loadtime.Aj  - 16:58:02.950 main &lt; org.aspectj.weaver.loadtime.Aj.preProcess byte[499]
3430 [main] DEBUG org.aspectj.weaver.loadtime.Aj  - 16:58:02.950 main &gt; org.aspectj.weaver.loadtime.Aj.preProcess org.aspectj.weaver.loadtime.Aj@58027738 org/hibernate/intercept/LazyPropertyInitializer, byte[608], org.springframework.test.jpa.OrmXmlOverridingShadowingClassLoader@2bbf1be2
3430 [main] DEBUG org.aspectj.weaver.loadtime.Aj  - 16:58:02.950 main - org.aspectj.weaver.loadtime.Aj.preProcess org.aspectj.weaver.loadtime.Aj@58027738 sun.misc.Launcher$AppClassLoader@302b2c81, org.springframework.test.jpa.OrmXmlOverridingShadowingClassLoader@2bbf1be2
3430 [main] DEBUG org.aspectj.weaver.tools.WeavingAdaptor  - 16:58:02.950 main &gt; org.aspectj.weaver.tools.WeavingAdaptor.weaveClass org.aspectj.weaver.loadtime.ClassLoaderWeavingAdaptor@10b090ac org/hibernate/intercept/LazyPropertyInitializer, byte[608]
3430 [main] DEBUG org.aspectj.weaver.tools.WeavingAdaptor  - 16:58:02.950 main &lt; org.aspectj.weaver.tools.WeavingAdaptor.weaveClass false
3431 [main] DEBUG org.aspectj.weaver.loadtime.Aj  - 16:58:02.951 main &lt; org.aspectj.weaver.loadtime.Aj.preProcess byte[608]
3431 [main] DEBUG org.aspectj.weaver.loadtime.Aj  - 16:58:02.951 main &gt; org.aspectj.weaver.loadtime.Aj.preProcess org.aspectj.weaver.loadtime.Aj@58027738 org/hibernate/id/PostInsertIdentityPersister, byte[402], org.springframework.test.jpa.OrmXmlOverridingShadowingClassLoader@2bbf1be2
3431 [main] DEBUG org.aspectj.weaver.loadtime.Aj  - 16:58:02.951 main - org.aspectj.weaver.loadtime.Aj.preProcess org.aspectj.weaver.loadtime.Aj@58027738 sun.misc.Launcher$AppClassLoader@302b2c81, org.springframework.test.jpa.OrmXmlOverridingShadowingClassLoader@2bbf1be2
3431 [main] DEBUG org.aspectj.weaver.tools.WeavingAdaptor  - 16:58:02.951 main &gt; org.aspectj.weaver.tools.WeavingAdaptor.weaveClass org.aspectj.weaver.loadtime.ClassLoaderWeavingAdaptor@10b090ac org/hibernate/id/PostInsertIdentityPersister, byte[402]
3431 [main] DEBUG org.aspectj.weaver.tools.WeavingAdaptor  - 16:58:02.951 main &lt; org.aspectj.weaver.tools.WeavingAdaptor.weaveClass false
3431 [main] DEBUG org.aspectj.weaver.loadtime.Aj  - 16:58:02.951 main &lt; org.aspectj.weaver.loadtime.Aj.preProcess byte[402]
3431 [main] DEBUG org.aspectj.weaver.loadtime.Aj  - 16:58:02.951 main &gt; org.aspectj.weaver.loadtime.Aj.preProcess org.aspectj.weaver.loadtime.Aj@58027738 org/hibernate/persister/entity/Lockable, byte[400], org.springframework.test.jpa.OrmXmlOverridingShadowingClassLoader@2bbf1be2
3431 [main] DEBUG org.aspectj.weaver.loadtime.Aj  - 16:58:02.951 main - org.aspectj.weaver.loadtime.Aj.preProcess org.aspectj.weaver.loadtime.Aj@58027738 sun.misc.Launcher$AppClassLoader@302b2c81, org.springframework.test.jpa.OrmXmlOverridingShadowingClassLoader@2bbf1be2
3431 [main] DEBUG org.aspectj.weaver.tools.WeavingAdaptor  - 16:58:02.951 main &gt; org.aspectj.weaver.tools.WeavingAdaptor.weaveClass org.aspectj.weaver.loadtime.ClassLoaderWeavingAdaptor@10b090ac org/hibernate/persister/entity/Lockable, byte[400]
3431 [main] DEBUG org.aspectj.weaver.tools.WeavingAdaptor  - 16:58:02.951 main &lt; org.aspectj.weaver.tools.WeavingAdaptor.weaveClass false
3431 [main] DEBUG org.aspectj.weaver.loadtime.Aj  - 16:58:02.951 main &lt; org.aspectj.weaver.loadtime.Aj.preProcess byte[400]
3433 [main] DEBUG org.aspectj.weaver.loadtime.Aj  - 16:58:02.953 main &gt; org.aspectj.weaver.loadtime.Aj.preProcess org.aspectj.weaver.loadtime.Aj@58027738 org/hibernate/persister/entity/AbstractEntityPersister$InclusionChecker, byte[318], org.springframework.test.jpa.OrmXmlOverridingShadowingClassLoader@2bbf1be2
3433 [main] DEBUG org.aspectj.weaver.loadtime.Aj  - 16:58:02.953 main - org.aspectj.weaver.loadtime.Aj.preProcess org.aspectj.weaver.loadtime.Aj@58027738 sun.misc.Launcher$AppClassLoader@302b2c81, org.springframework.test.jpa.OrmXmlOverridingShadowingClassLoader@2bbf1be2
3433 [main] DEBUG org.aspectj.weaver.tools.WeavingAdaptor  - 16:58:02.953 main &gt; org.aspectj.weaver.tools.WeavingAdaptor.weaveClass org.aspectj.weaver.loadtime.ClassLoaderWeavingAdaptor@10b090ac org/hibernate/persister/entity/AbstractEntityPersister$InclusionChecker, byte[318]
3433 [main] DEBUG org.aspectj.weaver.tools.WeavingAdaptor  - 16:58:02.953 main &lt; org.aspectj.weaver.tools.WeavingAdaptor.weaveClass false
3433 [main] DEBUG org.aspectj.weaver.loadtime.Aj  - 16:58:02.953 main &lt; org.aspectj.weaver.loadtime.Aj.preProcess byte[318]
3435 [main] DEBUG org.aspectj.weaver.loadtime.Aj  - 16:58:02.955 main &gt; org.aspectj.weaver.loadtime.Aj.preProcess org.aspectj.weaver.loadtime.Aj@58027738 org/hibernate/tuple/Tuplizer, byte[555], org.springframework.test.jpa.OrmXmlOverridingShadowingClassLoader@2bbf1be2
3435 [main] DEBUG org.aspectj.weaver.loadtime.Aj  - 16:58:02.955 main - org.aspectj.weaver.loadtime.Aj.preProcess org.aspectj.weaver.loadtime.Aj@58027738 sun.misc.Launcher$AppClassLoader@302b2c81, org.springframework.test.jpa.OrmXmlOverridingShadowingClassLoader@2bbf1be2
3435 [main] DEBUG org.aspectj.weaver.tools.WeavingAdaptor  - 16:58:02.955 main &gt; org.aspectj.weaver.tools.WeavingAdaptor.weaveClass org.aspectj.weaver.loadtime.ClassLoaderWeavingAdaptor@10b090ac org/hibernate/tuple/Tuplizer, byte[555]
3435 [main] DEBUG org.aspectj.weaver.tools.WeavingAdaptor  - 16:58:02.955 main &lt; org.aspectj.weaver.tools.WeavingAdaptor.weaveClass false
3435 [main] DEBUG org.aspectj.weaver.loadtime.Aj  - 16:58:02.955 main &lt; org.aspectj.weaver.loadtime.Aj.preProcess byte[555]
3436 [main] DEBUG org.aspectj.weaver.loadtime.Aj  - 16:58:02.956 main &gt; org.aspectj.weaver.loadtime.Aj.preProcess org.aspectj.weaver.loadtime.Aj@58027738 org/hibernate/loader/entity/UniqueEntityLoader, byte[325], org.springframework.test.jpa.OrmXmlOverridingShadowingClassLoader@2bbf1be2
3436 [main] DEBUG org.aspectj.weaver.loadtime.Aj  - 16:58:02.956 main - org.aspectj.weaver.loadtime.Aj.preProcess org.aspectj.weaver.loadtime.Aj@58027738 sun.misc.Launcher$AppClassLoader@302b2c81, org.springframework.test.jpa.OrmXmlOverridingShadowingClassLoader@2bbf1be2
3436 [main] DEBUG org.aspectj.weaver.tools.WeavingAdaptor  - 16:58:02.956 main &gt; org.aspectj.weaver.tools.WeavingAdaptor.weaveClass org.aspectj.weaver.loadtime.ClassLoaderWeavingAdaptor@10b090ac org/hibernate/loader/entity/UniqueEntityLoader, byte[325]
3436 [main] DEBUG org.aspectj.weaver.tools.WeavingAdaptor  - 16:58:02.956 main &lt; org.aspectj.weaver.tools.WeavingAdaptor.weaveClass false
3436 [main] DEBUG org.aspectj.weaver.loadtime.Aj  - 16:58:02.956 main &lt; org.aspectj.weaver.loadtime.Aj.preProcess byte[325]
3436 [main] DEBUG org.aspectj.weaver.loadtime.Aj  - 16:58:02.956 main &gt; org.aspectj.weaver.loadtime.Aj.preProcess org.aspectj.weaver.loadtime.Aj@58027738 org/hibernate/sql/Insert, byte[3566], org.springframework.test.jpa.OrmXmlOverridingShadowingClassLoader@2bbf1be2
3436 [main] DEBUG org.aspectj.weaver.loadtime.Aj  - 16:58:02.956 main - org.aspectj.weaver.loadtime.Aj.preProcess org.aspectj.weaver.loadtime.Aj@58027738 sun.misc.Launcher$AppClassLoader@302b2c81, org.springframework.test.jpa.OrmXmlOverridingShadowingClassLoader@2bbf1be2
3436 [main] DEBUG org.aspectj.weaver.tools.WeavingAdaptor  - 16:58:02.956 main &gt; org.aspectj.weaver.tools.WeavingAdaptor.weaveClass org.aspectj.weaver.loadtime.ClassLoaderWeavingAdaptor@10b090ac org/hibernate/sql/Insert, byte[3566]
3436 [main] DEBUG org.aspectj.weaver.tools.WeavingAdaptor  - 16:58:02.956 main &lt; org.aspectj.weaver.tools.WeavingAdaptor.weaveClass false
3436 [main] DEBUG org.aspectj.weaver.loadtime.Aj  - 16:58:02.956 main &lt; org.aspectj.weaver.loadtime.Aj.preProcess byte[3566]
3437 [main] DEBUG org.aspectj.weaver.loadtime.Aj  - 16:58:02.957 main &gt; org.aspectj.weaver.loadtime.Aj.preProcess org.aspectj.weaver.loadtime.Aj@58027738 org/hibernate/id/insert/IdentifierGeneratingInsert, byte[449], org.springframework.test.jpa.OrmXmlOverridingShadowingClassLoader@2bbf1be2
3437 [main] DEBUG org.aspectj.weaver.loadtime.Aj  - 16:58:02.957 main - org.aspectj.weaver.loadtime.Aj.preProcess org.aspectj.weaver.loadtime.Aj@58027738 sun.misc.Launcher$AppClassLoader@302b2c81, org.springframework.test.jpa.OrmXmlOverridingShadowingClassLoader@2bbf1be2
3437 [main] DEBUG org.aspectj.weaver.tools.WeavingAdaptor  - 16:58:02.957 main &gt; org.aspectj.weaver.tools.WeavingAdaptor.weaveClass org.aspectj.weaver.loadtime.ClassLoaderWeavingAdaptor@10b090ac org/hibernate/id/insert/IdentifierGeneratingInsert, byte[449]
3437 [main] DEBUG org.aspectj.weaver.tools.WeavingAdaptor  - 16:58:02.957 main &lt; org.aspectj.weaver.tools.WeavingAdaptor.weaveClass false
3437 [main] DEBUG org.aspectj.weaver.loadtime.Aj  - 16:58:02.957 main &lt; org.aspectj.weaver.loadtime.Aj.preProcess byte[449]
3438 [main] DEBUG org.aspectj.weaver.loadtime.Aj  - 16:58:02.958 main &gt; org.aspectj.weaver.loadtime.Aj.preProcess org.aspectj.weaver.loadtime.Aj@58027738 org/hibernate/jdbc/TooManyRowsAffectedException, byte[737], org.springframework.test.jpa.OrmXmlOverridingShadowingClassLoader@2bbf1be2
3438 [main] DEBUG org.aspectj.weaver.loadtime.Aj  - 16:58:02.958 main - org.aspectj.weaver.loadtime.Aj.preProcess org.aspectj.weaver.loadtime.Aj@58027738 sun.misc.Launcher$AppClassLoader@302b2c81, org.springframework.test.jpa.OrmXmlOverridingShadowingClassLoader@2bbf1be2
3438 [main] DEBUG org.aspectj.weaver.tools.WeavingAdaptor  - 16:58:02.958 main &gt; org.aspectj.weaver.tools.WeavingAdaptor.weaveClass org.aspectj.weaver.loadtime.ClassLoaderWeavingAdaptor@10b090ac org/hibernate/jdbc/TooManyRowsAffectedException, byte[737]
3438 [main] DEBUG org.aspectj.weaver.tools.WeavingAdaptor  - 16:58:02.958 main &lt; org.aspectj.weaver.tools.WeavingAdaptor.weaveClass false
3438 [main] DEBUG org.aspectj.weaver.loadtime.Aj  - 16:58:02.958 main &lt; org.aspectj.weaver.loadtime.Aj.preProcess byte[737]
3439 [main] DEBUG org.aspectj.weaver.loadtime.Aj  - 16:58:02.959 main &gt; org.aspectj.weaver.loadtime.Aj.preProcess org.aspectj.weaver.loadtime.Aj@58027738 org/hibernate/id/insert/Binder, byte[265], org.springframework.test.jpa.OrmXmlOverridingShadowingClassLoader@2bbf1be2
3439 [main] DEBUG org.aspectj.weaver.loadtime.Aj  - 16:58:02.959 main - org.aspectj.weaver.loadtime.Aj.preProcess org.aspectj.weaver.loadtime.Aj@58027738 sun.misc.Launcher$AppClassLoader@302b2c81, org.springframework.test.jpa.OrmXmlOverridingShadowingClassLoader@2bbf1be2
3439 [main] DEBUG org.aspectj.weaver.tools.WeavingAdaptor  - 16:58:02.959 main &gt; org.aspectj.weaver.tools.WeavingAdaptor.weaveClass org.aspectj.weaver.loadtime.ClassLoaderWeavingAdaptor@10b090ac org/hibernate/id/insert/Binder, byte[265]
3439 [main] DEBUG org.aspectj.weaver.tools.WeavingAdaptor  - 16:58:02.959 main &lt; org.aspectj.weaver.tools.WeavingAdaptor.weaveClass false
3439 [main] DEBUG org.aspectj.weaver.loadtime.Aj  - 16:58:02.959 main &lt; org.aspectj.weaver.loadtime.Aj.preProcess byte[265]
3440 [main] DEBUG org.aspectj.weaver.loadtime.Aj  - 16:58:02.960 main &gt; org.aspectj.weaver.loadtime.Aj.preProcess org.aspectj.weaver.loadtime.Aj@58027738 org/hibernate/cache/entry/StructuredCacheEntry, byte[2549], org.springframework.test.jpa.OrmXmlOverridingShadowingClassLoader@2bbf1be2
3440 [main] DEBUG org.aspectj.weaver.loadtime.Aj  - 16:58:02.960 main - org.aspectj.weaver.loadtime.Aj.preProcess org.aspectj.weaver.loadtime.Aj@58027738 sun.misc.Launcher$AppClassLoader@302b2c81, org.springframework.test.jpa.OrmXmlOverridingShadowingClassLoader@2bbf1be2
3440 [main] DEBUG org.aspectj.weaver.tools.WeavingAdaptor  - 16:58:02.960 main &gt; org.aspectj.weaver.tools.WeavingAdaptor.weaveClass org.aspectj.weaver.loadtime.ClassLoaderWeavingAdaptor@10b090ac org/hibernate/cache/entry/StructuredCacheEntry, byte[2549]
3440 [main] DEBUG org.aspectj.weaver.tools.WeavingAdaptor  - 16:58:02.960 main &lt; org.aspectj.weaver.tools.WeavingAdaptor.weaveClass false
3440 [main] DEBUG org.aspectj.weaver.loadtime.Aj  - 16:58:02.960 main &lt; org.aspectj.weaver.loadtime.Aj.preProcess byte[2549]
3440 [main] DEBUG org.aspectj.weaver.loadtime.Aj  - 16:58:02.960 main &gt; org.aspectj.weaver.loadtime.Aj.preProcess org.aspectj.weaver.loadtime.Aj@58027738 org/hibernate/cache/entry/CacheEntryStructure, byte[317], org.springframework.test.jpa.OrmXmlOverridingShadowingClassLoader@2bbf1be2
3440 [main] DEBUG org.aspectj.weaver.loadtime.Aj  - 16:58:02.960 main - org.aspectj.weaver.loadtime.Aj.preProcess org.aspectj.weaver.loadtime.Aj@58027738 sun.misc.Launcher$AppClassLoader@302b2c81, org.springframework.test.jpa.OrmXmlOverridingShadowingClassLoader@2bbf1be2
3440 [main] DEBUG org.aspectj.weaver.tools.WeavingAdaptor  - 16:58:02.960 main &gt; org.aspectj.weaver.tools.WeavingAdaptor.weaveClass org.aspectj.weaver.loadtime.ClassLoaderWeavingAdaptor@10b090ac org/hibernate/cache/entry/CacheEntryStructure, byte[317]
3440 [main] DEBUG org.aspectj.weaver.tools.WeavingAdaptor  - 16:58:02.960 main &lt; org.aspectj.weaver.tools.WeavingAdaptor.weaveClass false
3440 [main] DEBUG org.aspectj.weaver.loadtime.Aj  - 16:58:02.960 main &lt; org.aspectj.weaver.loadtime.Aj.preProcess byte[317]
3441 [main] DEBUG org.aspectj.weaver.loadtime.Aj  - 16:58:02.961 main &gt; org.aspectj.weaver.loadtime.Aj.preProcess org.aspectj.weaver.loadtime.Aj@58027738 org/hibernate/cache/entry/UnstructuredCacheEntry, byte[793], org.springframework.test.jpa.OrmXmlOverridingShadowingClassLoader@2bbf1be2
3441 [main] DEBUG org.aspectj.weaver.loadtime.Aj  - 16:58:02.961 main - org.aspectj.weaver.loadtime.Aj.preProcess org.aspectj.weaver.loadtime.Aj@58027738 sun.misc.Launcher$AppClassLoader@302b2c81, org.springframework.test.jpa.OrmXmlOverridingShadowingClassLoader@2bbf1be2
3441 [main] DEBUG org.aspectj.weaver.tools.WeavingAdaptor  - 16:58:02.961 main &gt; org.aspectj.weaver.tools.WeavingAdaptor.weaveClass org.aspectj.weaver.loadtime.ClassLoaderWeavingAdaptor@10b090ac org/hibernate/cache/entry/UnstructuredCacheEntry, byte[793]
3441 [main] DEBUG org.aspectj.weaver.tools.WeavingAdaptor  - 16:58:02.961 main &lt; org.aspectj.weaver.tools.WeavingAdaptor.weaveClass false
3441 [main] DEBUG org.aspectj.weaver.loadtime.Aj  - 16:58:02.961 main &lt; org.aspectj.weaver.loadtime.Aj.preProcess byte[793]
3443 [main] DEBUG org.aspectj.weaver.loadtime.Aj  - 16:58:02.963 main &gt; org.aspectj.weaver.loadtime.Aj.preProcess org.aspectj.weaver.loadtime.Aj@58027738 org/hibernate/util/MarkerObject, byte[487], org.springframework.test.jpa.OrmXmlOverridingShadowingClassLoader@2bbf1be2
3443 [main] DEBUG org.aspectj.weaver.loadtime.Aj  - 16:58:02.963 main - org.aspectj.weaver.loadtime.Aj.preProcess org.aspectj.weaver.loadtime.Aj@58027738 sun.misc.Launcher$AppClassLoader@302b2c81, org.springframework.test.jpa.OrmXmlOverridingShadowingClassLoader@2bbf1be2
3443 [main] DEBUG org.aspectj.weaver.tools.WeavingAdaptor  - 16:58:02.963 main &gt; org.aspectj.weaver.tools.WeavingAdaptor.weaveClass org.aspectj.weaver.loadtime.ClassLoaderWeavingAdaptor@10b090ac org/hibernate/util/MarkerObject, byte[487]
3443 [main] DEBUG org.aspectj.weaver.tools.WeavingAdaptor  - 16:58:02.963 main &lt; org.aspectj.weaver.tools.WeavingAdaptor.weaveClass false
3443 [main] DEBUG org.aspectj.weaver.loadtime.Aj  - 16:58:02.963 main &lt; org.aspectj.weaver.loadtime.Aj.preProcess byte[487]
3444 [main] DEBUG org.aspectj.weaver.loadtime.Aj  - 16:58:02.964 main &gt; org.aspectj.weaver.loadtime.Aj.preProcess org.aspectj.weaver.loadtime.Aj@58027738 org/hibernate/tuple/entity/EntityMetamodel, byte[17157], org.springframework.test.jpa.OrmXmlOverridingShadowingClassLoader@2bbf1be2
3444 [main] DEBUG org.aspectj.weaver.loadtime.Aj  - 16:58:02.964 main - org.aspectj.weaver.loadtime.Aj.preProcess org.aspectj.weaver.loadtime.Aj@58027738 sun.misc.Launcher$AppClassLoader@302b2c81, org.springframework.test.jpa.OrmXmlOverridingShadowingClassLoader@2bbf1be2
3444 [main] DEBUG org.aspectj.weaver.tools.WeavingAdaptor  - 16:58:02.964 main &gt; org.aspectj.weaver.tools.WeavingAdaptor.weaveClass org.aspectj.weaver.loadtime.ClassLoaderWeavingAdaptor@10b090ac org/hibernate/tuple/entity/EntityMetamodel, byte[17157]
3444 [main] DEBUG org.aspectj.weaver.tools.WeavingAdaptor  - 16:58:02.964 main &lt; org.aspectj.weaver.tools.WeavingAdaptor.weaveClass false
3444 [main] DEBUG org.aspectj.weaver.loadtime.Aj  - 16:58:02.964 main &lt; org.aspectj.weaver.loadtime.Aj.preProcess byte[17157]
3445 [main] DEBUG org.aspectj.weaver.loadtime.Aj  - 16:58:02.965 main &gt; org.aspectj.weaver.loadtime.Aj.preProcess org.aspectj.weaver.loadtime.Aj@58027738 org/hibernate/tuple/PropertyFactory, byte[5301], org.springframework.test.jpa.OrmXmlOverridingShadowingClassLoader@2bbf1be2
3445 [main] DEBUG org.aspectj.weaver.loadtime.Aj  - 16:58:02.965 main - org.aspectj.weaver.loadtime.Aj.preProcess org.aspectj.weaver.loadtime.Aj@58027738 sun.misc.Launcher$AppClassLoader@302b2c81, org.springframework.test.jpa.OrmXmlOverridingShadowingClassLoader@2bbf1be2
3445 [main] DEBUG org.aspectj.weaver.tools.WeavingAdaptor  - 16:58:02.965 main &gt; org.aspectj.weaver.tools.WeavingAdaptor.weaveClass org.aspectj.weaver.loadtime.ClassLoaderWeavingAdaptor@10b090ac org/hibernate/tuple/PropertyFactory, byte[5301]
3445 [main] DEBUG org.aspectj.weaver.tools.WeavingAdaptor  - 16:58:02.965 main &lt; org.aspectj.weaver.tools.WeavingAdaptor.weaveClass false
3445 [main] DEBUG org.aspectj.weaver.loadtime.Aj  - 16:58:02.965 main &lt; org.aspectj.weaver.loadtime.Aj.preProcess byte[5301]
3446 [main] DEBUG org.aspectj.weaver.loadtime.Aj  - 16:58:02.966 main &gt; org.aspectj.weaver.loadtime.Aj.preProcess org.aspectj.weaver.loadtime.Aj@58027738 org/hibernate/property/PropertyAccessorFactory, byte[4645], org.springframework.test.jpa.OrmXmlOverridingShadowingClassLoader@2bbf1be2
3446 [main] DEBUG org.aspectj.weaver.loadtime.Aj  - 16:58:02.966 main - org.aspectj.weaver.loadtime.Aj.preProcess org.aspectj.weaver.loadtime.Aj@58027738 sun.misc.Launcher$AppClassLoader@302b2c81, org.springframework.test.jpa.OrmXmlOverridingShadowingClassLoader@2bbf1be2
3446 [main] DEBUG org.aspectj.weaver.tools.WeavingAdaptor  - 16:58:02.966 main &gt; org.aspectj.weaver.tools.WeavingAdaptor.weaveClass org.aspectj.weaver.loadtime.ClassLoaderWeavingAdaptor@10b090ac org/hibernate/property/PropertyAccessorFactory, byte[4645]
3446 [main] DEBUG org.aspectj.weaver.tools.WeavingAdaptor  - 16:58:02.966 main &lt; org.aspectj.weaver.tools.WeavingAdaptor.weaveClass false
3446 [main] DEBUG org.aspectj.weaver.loadtime.Aj  - 16:58:02.966 main &lt; org.aspectj.weaver.loadtime.Aj.preProcess byte[4645]
3447 [main] DEBUG org.aspectj.weaver.loadtime.Aj  - 16:58:02.967 main &gt; org.aspectj.weaver.loadtime.Aj.preProcess org.aspectj.weaver.loadtime.Aj@58027738 org/hibernate/property/MapAccessor, byte[1472], org.springframework.test.jpa.OrmXmlOverridingShadowingClassLoader@2bbf1be2
3447 [main] DEBUG org.aspectj.weaver.loadtime.Aj  - 16:58:02.967 main - org.aspectj.weaver.loadtime.Aj.preProcess org.aspectj.weaver.loadtime.Aj@58027738 sun.misc.Launcher$AppClassLoader@302b2c81, org.springframework.test.jpa.OrmXmlOverridingShadowingClassLoader@2bbf1be2
3447 [main] DEBUG org.aspectj.weaver.tools.WeavingAdaptor  - 16:58:02.967 main &gt; org.aspectj.weaver.tools.WeavingAdaptor.weaveClass org.aspectj.weaver.loadtime.ClassLoaderWeavingAdaptor@10b090ac org/hibernate/property/MapAccessor, byte[1472]
3447 [main] DEBUG org.aspectj.weaver.tools.WeavingAdaptor  - 16:58:02.967 main &lt; org.aspectj.weaver.tools.WeavingAdaptor.weaveClass false
3447 [main] DEBUG org.aspectj.weaver.loadtime.Aj  - 16:58:02.967 main &lt; org.aspectj.weaver.loadtime.Aj.preProcess byte[1472]
3447 [main] DEBUG org.aspectj.weaver.loadtime.Aj  - 16:58:02.967 main &gt; org.aspectj.weaver.loadtime.Aj.preProcess org.aspectj.weaver.loadtime.Aj@58027738 org/hibernate/property/NoopAccessor, byte[1544], org.springframework.test.jpa.OrmXmlOverridingShadowingClassLoader@2bbf1be2
3447 [main] DEBUG org.aspectj.weaver.loadtime.Aj  - 16:58:02.967 main - org.aspectj.weaver.loadtime.Aj.preProcess org.aspectj.weaver.loadtime.Aj@58027738 sun.misc.Launcher$AppClassLoader@302b2c81, org.springframework.test.jpa.OrmXmlOverridingShadowingClassLoader@2bbf1be2
3447 [main] DEBUG org.aspectj.weaver.tools.WeavingAdaptor  - 16:58:02.967 main &gt; org.aspectj.weaver.tools.WeavingAdaptor.weaveClass org.aspectj.weaver.loadtime.ClassLoaderWeavingAdaptor@10b090ac org/hibernate/property/NoopAccessor, byte[1544]
3447 [main] DEBUG org.aspectj.weaver.tools.WeavingAdaptor  - 16:58:02.967 main &lt; org.aspectj.weaver.tools.WeavingAdaptor.weaveClass false
3447 [main] DEBUG org.aspectj.weaver.loadtime.Aj  - 16:58:02.967 main &lt; org.aspectj.weaver.loadtime.Aj.preProcess byte[1544]
3448 [main] DEBUG org.aspectj.weaver.loadtime.Aj  - 16:58:02.968 main &gt; org.aspectj.weaver.loadtime.Aj.preProcess org.aspectj.weaver.loadtime.Aj@58027738 org/hibernate/property/EmbeddedPropertyAccessor, byte[1122], org.springframework.test.jpa.OrmXmlOverridingShadowingClassLoader@2bbf1be2
3448 [main] DEBUG org.aspectj.weaver.loadtime.Aj  - 16:58:02.968 main - org.aspectj.weaver.loadtime.Aj.preProcess org.aspectj.weaver.loadtime.Aj@58027738 sun.misc.Launcher$AppClassLoader@302b2c81, org.springframework.test.jpa.OrmXmlOverridingShadowingClassLoader@2bbf1be2
3448 [main] DEBUG org.aspectj.weaver.tools.WeavingAdaptor  - 16:58:02.968 main &gt; org.aspectj.weaver.tools.WeavingAdaptor.weaveClass org.aspectj.weaver.loadtime.ClassLoaderWeavingAdaptor@10b090ac org/hibernate/property/EmbeddedPropertyAccessor, byte[1122]
3448 [main] DEBUG org.aspectj.weaver.tools.WeavingAdaptor  - 16:58:02.968 main &lt; org.aspectj.weaver.tools.WeavingAdaptor.weaveClass false
3448 [main] DEBUG org.aspectj.weaver.loadtime.Aj  - 16:58:02.968 main &lt; org.aspectj.weaver.loadtime.Aj.preProcess byte[1122]
3448 [main] DEBUG org.aspectj.weaver.loadtime.Aj  - 16:58:02.968 main &gt; org.aspectj.weaver.loadtime.Aj.preProcess org.aspectj.weaver.loadtime.Aj@58027738 org/hibernate/property/BasicPropertyAccessor$BasicGetter, byte[3548], org.springframework.test.jpa.OrmXmlOverridingShadowingClassLoader@2bbf1be2
3448 [main] DEBUG org.aspectj.weaver.loadtime.Aj  - 16:58:02.968 main - org.aspectj.weaver.loadtime.Aj.preProcess org.aspectj.weaver.loadtime.Aj@58027738 sun.misc.Launcher$AppClassLoader@302b2c81, org.springframework.test.jpa.OrmXmlOverridingShadowingClassLoader@2bbf1be2
3448 [main] DEBUG org.aspectj.weaver.tools.WeavingAdaptor  - 16:58:02.968 main &gt; org.aspectj.weaver.tools.WeavingAdaptor.weaveClass org.aspectj.weaver.loadtime.ClassLoaderWeavingAdaptor@10b090ac org/hibernate/property/BasicPropertyAccessor$BasicGetter, byte[3548]
3449 [main] DEBUG org.aspectj.weaver.tools.WeavingAdaptor  - 16:58:02.969 main &lt; org.aspectj.weaver.tools.WeavingAdaptor.weaveClass false
3449 [main] DEBUG org.aspectj.weaver.loadtime.Aj  - 16:58:02.969 main &lt; org.aspectj.weaver.loadtime.Aj.preProcess byte[3548]
3449 [main] DEBUG org.aspectj.weaver.loadtime.Aj  - 16:58:02.969 main &gt; org.aspectj.weaver.loadtime.Aj.preProcess org.aspectj.weaver.loadtime.Aj@58027738 org/hibernate/PropertyAccessException, byte[1381], org.springframework.test.jpa.OrmXmlOverridingShadowingClassLoader@2bbf1be2
3449 [main] DEBUG org.aspectj.weaver.loadtime.Aj  - 16:58:02.969 main - org.aspectj.weaver.loadtime.Aj.preProcess org.aspectj.weaver.loadtime.Aj@58027738 sun.misc.Launcher$AppClassLoader@302b2c81, org.springframework.test.jpa.OrmXmlOverridingShadowingClassLoader@2bbf1be2
3449 [main] DEBUG org.aspectj.weaver.tools.WeavingAdaptor  - 16:58:02.969 main &gt; org.aspectj.weaver.tools.WeavingAdaptor.weaveClass org.aspectj.weaver.loadtime.ClassLoaderWeavingAdaptor@10b090ac org/hibernate/PropertyAccessException, byte[1381]
3449 [main] DEBUG org.aspectj.weaver.tools.WeavingAdaptor  - 16:58:02.969 main &lt; org.aspectj.weaver.tools.WeavingAdaptor.weaveClass false
3449 [main] DEBUG org.aspectj.weaver.loadtime.Aj  - 16:58:02.969 main &lt; org.aspectj.weaver.loadtime.Aj.preProcess byte[1381]
3450 [main] DEBUG org.aspectj.weaver.loadtime.Aj  - 16:58:02.970 main &gt; org.aspectj.weaver.loadtime.Aj.preProcess org.aspectj.weaver.loadtime.Aj@58027738 org/hibernate/engine/UnsavedValueFactory, byte[3661], org.springframework.test.jpa.OrmXmlOverridingShadowingClassLoader@2bbf1be2
3450 [main] DEBUG org.aspectj.weaver.loadtime.Aj  - 16:58:02.970 main - org.aspectj.weaver.loadtime.Aj.preProcess org.aspectj.weaver.loadtime.Aj@58027738 sun.misc.Launcher$AppClassLoader@302b2c81, org.springframework.test.jpa.OrmXmlOverridingShadowingClassLoader@2bbf1be2
3450 [main] DEBUG org.aspectj.weaver.tools.WeavingAdaptor  - 16:58:02.970 main &gt; org.aspectj.weaver.tools.WeavingAdaptor.weaveClass org.aspectj.weaver.loadtime.ClassLoaderWeavingAdaptor@10b090ac org/hibernate/engine/UnsavedValueFactory, byte[3661]
3450 [main] DEBUG org.aspectj.weaver.tools.WeavingAdaptor  - 16:58:02.970 main &lt; org.aspectj.weaver.tools.WeavingAdaptor.weaveClass false
3450 [main] DEBUG org.aspectj.weaver.loadtime.Aj  - 16:58:02.970 main &lt; org.aspectj.weaver.loadtime.Aj.preProcess byte[3661]
3450 [main] DEBUG org.aspectj.weaver.loadtime.Aj  - 16:58:02.970 main &gt; org.aspectj.weaver.loadtime.Aj.preProcess org.aspectj.weaver.loadtime.Aj@58027738 org/hibernate/InstantiationException, byte[1355], org.springframework.test.jpa.OrmXmlOverridingShadowingClassLoader@2bbf1be2
3450 [main] DEBUG org.aspectj.weaver.loadtime.Aj  - 16:58:02.970 main - org.aspectj.weaver.loadtime.Aj.preProcess org.aspectj.weaver.loadtime.Aj@58027738 sun.misc.Launcher$AppClassLoader@302b2c81, org.springframework.test.jpa.OrmXmlOverridingShadowingClassLoader@2bbf1be2
3450 [main] DEBUG org.aspectj.weaver.tools.WeavingAdaptor  - 16:58:02.970 main &gt; org.aspectj.weaver.tools.WeavingAdaptor.weaveClass org.aspectj.weaver.loadtime.ClassLoaderWeavingAdaptor@10b090ac org/hibernate/InstantiationException, byte[1355]
3450 [main] DEBUG org.aspectj.weaver.tools.WeavingAdaptor  - 16:58:02.970 main &lt; org.aspectj.weaver.tools.WeavingAdaptor.weaveClass false
3450 [main] DEBUG org.aspectj.weaver.loadtime.Aj  - 16:58:02.970 main &lt; org.aspectj.weaver.loadtime.Aj.preProcess byte[1355]
3451 [main] DEBUG org.aspectj.weaver.loadtime.Aj  - 16:58:02.971 main &gt; org.aspectj.weaver.loadtime.Aj.preProcess org.aspectj.weaver.loadtime.Aj@58027738 org/hibernate/engine/IdentifierValue, byte[2730], org.springframework.test.jpa.OrmXmlOverridingShadowingClassLoader@2bbf1be2
3451 [main] DEBUG org.aspectj.weaver.loadtime.Aj  - 16:58:02.971 main - org.aspectj.weaver.loadtime.Aj.preProcess org.aspectj.weaver.loadtime.Aj@58027738 sun.misc.Launcher$AppClassLoader@302b2c81, org.springframework.test.jpa.OrmXmlOverridingShadowingClassLoader@2bbf1be2
3451 [main] DEBUG org.aspectj.weaver.tools.WeavingAdaptor  - 16:58:02.971 main &gt; org.aspectj.weaver.tools.WeavingAdaptor.weaveClass org.aspectj.weaver.loadtime.ClassLoaderWeavingAdaptor@10b090ac org/hibernate/engine/IdentifierValue, byte[2730]
3451 [main] DEBUG org.aspectj.weaver.tools.WeavingAdaptor  - 16:58:02.971 main &lt; org.aspectj.weaver.tools.WeavingAdaptor.weaveClass false
3451 [main] DEBUG org.aspectj.weaver.loadtime.Aj  - 16:58:02.971 main &lt; org.aspectj.weaver.loadtime.Aj.preProcess byte[2730]
3451 [main] DEBUG org.aspectj.weaver.loadtime.Aj  - 16:58:02.971 main &gt; org.aspectj.weaver.loadtime.Aj.preProcess org.aspectj.weaver.loadtime.Aj@58027738 org/hibernate/engine/IdentifierValue$1, byte[1034], org.springframework.test.jpa.OrmXmlOverridingShadowingClassLoader@2bbf1be2
3452 [main] DEBUG org.aspectj.weaver.loadtime.Aj  - 16:58:02.972 main - org.aspectj.weaver.loadtime.Aj.preProcess org.aspectj.weaver.loadtime.Aj@58027738 sun.misc.Launcher$AppClassLoader@302b2c81, org.springframework.test.jpa.OrmXmlOverridingShadowingClassLoader@2bbf1be2
3452 [main] DEBUG org.aspectj.weaver.tools.WeavingAdaptor  - 16:58:02.972 main &gt; org.aspectj.weaver.tools.WeavingAdaptor.weaveClass org.aspectj.weaver.loadtime.ClassLoaderWeavingAdaptor@10b090ac org/hibernate/engine/IdentifierValue$1, byte[1034]
3452 [main] DEBUG org.aspectj.weaver.tools.WeavingAdaptor  - 16:58:02.972 main &lt; org.aspectj.weaver.tools.WeavingAdaptor.weaveClass false
3452 [main] DEBUG org.aspectj.weaver.loadtime.Aj  - 16:58:02.972 main &lt; org.aspectj.weaver.loadtime.Aj.preProcess byte[1034]
3452 [main] DEBUG org.aspectj.weaver.loadtime.Aj  - 16:58:02.972 main &gt; org.aspectj.weaver.loadtime.Aj.preProcess org.aspectj.weaver.loadtime.Aj@58027738 org/hibernate/engine/IdentifierValue$2, byte[1037], org.springframework.test.jpa.OrmXmlOverridingShadowingClassLoader@2bbf1be2
3452 [main] DEBUG org.aspectj.weaver.loadtime.Aj  - 16:58:02.972 main - org.aspectj.weaver.loadtime.Aj.preProcess org.aspectj.weaver.loadtime.Aj@58027738 sun.misc.Launcher$AppClassLoader@302b2c81, org.springframework.test.jpa.OrmXmlOverridingShadowingClassLoader@2bbf1be2
3452 [main] DEBUG org.aspectj.weaver.tools.WeavingAdaptor  - 16:58:02.972 main &gt; org.aspectj.weaver.tools.WeavingAdaptor.weaveClass org.aspectj.weaver.loadtime.ClassLoaderWeavingAdaptor@10b090ac org/hibernate/engine/IdentifierValue$2, byte[1037]
3452 [main] DEBUG org.aspectj.weaver.tools.WeavingAdaptor  - 16:58:02.972 main &lt; org.aspectj.weaver.tools.WeavingAdaptor.weaveClass false
3452 [main] DEBUG org.aspectj.weaver.loadtime.Aj  - 16:58:02.972 main &lt; org.aspectj.weaver.loadtime.Aj.preProcess byte[1037]
3452 [main] DEBUG org.aspectj.weaver.loadtime.Aj  - 16:58:02.972 main &gt; org.aspectj.weaver.loadtime.Aj.preProcess org.aspectj.weaver.loadtime.Aj@58027738 org/hibernate/engine/IdentifierValue$3, byte[1064], org.springframework.test.jpa.OrmXmlOverridingShadowingClassLoader@2bbf1be2
3452 [main] DEBUG org.aspectj.weaver.loadtime.Aj  - 16:58:02.972 main - org.aspectj.weaver.loadtime.Aj.preProcess org.aspectj.weaver.loadtime.Aj@58027738 sun.misc.Launcher$AppClassLoader@302b2c81, org.springframework.test.jpa.OrmXmlOverridingShadowingClassLoader@2bbf1be2
3452 [main] DEBUG org.aspectj.weaver.tools.WeavingAdaptor  - 16:58:02.972 main &gt; org.aspectj.weaver.tools.WeavingAdaptor.weaveClass org.aspectj.weaver.loadtime.ClassLoaderWeavingAdaptor@10b090ac org/hibernate/engine/IdentifierValue$3, byte[1064]
3453 [main] DEBUG org.aspectj.weaver.tools.WeavingAdaptor  - 16:58:02.973 main &lt; org.aspectj.weaver.tools.WeavingAdaptor.weaveClass false
3453 [main] DEBUG org.aspectj.weaver.loadtime.Aj  - 16:58:02.973 main &lt; org.aspectj.weaver.loadtime.Aj.preProcess byte[1064]
3453 [main] DEBUG org.aspectj.weaver.loadtime.Aj  - 16:58:02.973 main &gt; org.aspectj.weaver.loadtime.Aj.preProcess org.aspectj.weaver.loadtime.Aj@58027738 org/hibernate/engine/IdentifierValue$4, byte[977], org.springframework.test.jpa.OrmXmlOverridingShadowingClassLoader@2bbf1be2
3453 [main] DEBUG org.aspectj.weaver.loadtime.Aj  - 16:58:02.973 main - org.aspectj.weaver.loadtime.Aj.preProcess org.aspectj.weaver.loadtime.Aj@58027738 sun.misc.Launcher$AppClassLoader@302b2c81, org.springframework.test.jpa.OrmXmlOverridingShadowingClassLoader@2bbf1be2
3453 [main] DEBUG org.aspectj.weaver.tools.WeavingAdaptor  - 16:58:02.973 main &gt; org.aspectj.weaver.tools.WeavingAdaptor.weaveClass org.aspectj.weaver.loadtime.ClassLoaderWeavingAdaptor@10b090ac org/hibernate/engine/IdentifierValue$4, byte[977]
3453 [main] DEBUG org.aspectj.weaver.tools.WeavingAdaptor  - 16:58:02.973 main &lt; org.aspectj.weaver.tools.WeavingAdaptor.weaveClass false
3453 [main] DEBUG org.aspectj.weaver.loadtime.Aj  - 16:58:02.973 main &lt; org.aspectj.weaver.loadtime.Aj.preProcess byte[977]
3453 [main] DEBUG org.aspectj.weaver.loadtime.Aj  - 16:58:02.973 main &gt; org.aspectj.weaver.loadtime.Aj.preProcess org.aspectj.weaver.loadtime.Aj@58027738 org/hibernate/tuple/IdentifierProperty, byte[1933], org.springframework.test.jpa.OrmXmlOverridingShadowingClassLoader@2bbf1be2
3453 [main] DEBUG org.aspectj.weaver.loadtime.Aj  - 16:58:02.973 main - org.aspectj.weaver.loadtime.Aj.preProcess org.aspectj.weaver.loadtime.Aj@58027738 sun.misc.Launcher$AppClassLoader@302b2c81, org.springframework.test.jpa.OrmXmlOverridingShadowingClassLoader@2bbf1be2
3454 [main] DEBUG org.aspectj.weaver.tools.WeavingAdaptor  - 16:58:02.974 main &gt; org.aspectj.weaver.tools.WeavingAdaptor.weaveClass org.aspectj.weaver.loadtime.ClassLoaderWeavingAdaptor@10b090ac org/hibernate/tuple/IdentifierProperty, byte[1933]
3454 [main] DEBUG org.aspectj.weaver.tools.WeavingAdaptor  - 16:58:02.974 main &lt; org.aspectj.weaver.tools.WeavingAdaptor.weaveClass false
3454 [main] DEBUG org.aspectj.weaver.loadtime.Aj  - 16:58:02.974 main &lt; org.aspectj.weaver.loadtime.Aj.preProcess byte[1933]
3454 [main] DEBUG org.aspectj.weaver.loadtime.Aj  - 16:58:02.974 main &gt; org.aspectj.weaver.loadtime.Aj.preProcess org.aspectj.weaver.loadtime.Aj@58027738 org/hibernate/tuple/Property, byte[1150], org.springframework.test.jpa.OrmXmlOverridingShadowingClassLoader@2bbf1be2
3454 [main] DEBUG org.aspectj.weaver.loadtime.Aj  - 16:58:02.974 main - org.aspectj.weaver.loadtime.Aj.preProcess org.aspectj.weaver.loadtime.Aj@58027738 sun.misc.Launcher$AppClassLoader@302b2c81, org.springframework.test.jpa.OrmXmlOverridingShadowingClassLoader@2bbf1be2
3454 [main] DEBUG org.aspectj.weaver.tools.WeavingAdaptor  - 16:58:02.974 main &gt; org.aspectj.weaver.tools.WeavingAdaptor.weaveClass org.aspectj.weaver.loadtime.ClassLoaderWeavingAdaptor@10b090ac org/hibernate/tuple/Property, byte[1150]
3454 [main] DEBUG org.aspectj.weaver.tools.WeavingAdaptor  - 16:58:02.974 main &lt; org.aspectj.weaver.tools.WeavingAdaptor.weaveClass false
3454 [main] DEBUG org.aspectj.weaver.loadtime.Aj  - 16:58:02.974 main &lt; org.aspectj.weaver.loadtime.Aj.preProcess byte[1150]
3455 [main] DEBUG org.aspectj.weaver.loadtime.Aj  - 16:58:02.975 main &gt; org.aspectj.weaver.loadtime.Aj.preProcess org.aspectj.weaver.loadtime.Aj@58027738 org/hibernate/intercept/FieldInterceptionHelper, byte[2351], org.springframework.test.jpa.OrmXmlOverridingShadowingClassLoader@2bbf1be2
3455 [main] DEBUG org.aspectj.weaver.loadtime.Aj  - 16:58:02.975 main - org.aspectj.weaver.loadtime.Aj.preProcess org.aspectj.weaver.loadtime.Aj@58027738 sun.misc.Launcher$AppClassLoader@302b2c81, org.springframework.test.jpa.OrmXmlOverridingShadowingClassLoader@2bbf1be2
3455 [main] DEBUG org.aspectj.weaver.tools.WeavingAdaptor  - 16:58:02.975 main &gt; org.aspectj.weaver.tools.WeavingAdaptor.weaveClass org.aspectj.weaver.loadtime.ClassLoaderWeavingAdaptor@10b090ac org/hibernate/intercept/FieldInterceptionHelper, byte[2351]
3455 [main] DEBUG org.aspectj.weaver.tools.WeavingAdaptor  - 16:58:02.975 main &lt; org.aspectj.weaver.tools.WeavingAdaptor.weaveClass false
3455 [main] DEBUG org.aspectj.weaver.loadtime.Aj  - 16:58:02.975 main &lt; org.aspectj.weaver.loadtime.Aj.preProcess byte[2351]
3455 [main] DEBUG org.aspectj.weaver.loadtime.Aj  - 16:58:02.975 main &gt; org.aspectj.weaver.loadtime.Aj.preProcess org.aspectj.weaver.loadtime.Aj@58027738 org/hibernate/tuple/StandardProperty, byte[2220], org.springframework.test.jpa.OrmXmlOverridingShadowingClassLoader@2bbf1be2
3455 [main] DEBUG org.aspectj.weaver.loadtime.Aj  - 16:58:02.975 main - org.aspectj.weaver.loadtime.Aj.preProcess org.aspectj.weaver.loadtime.Aj@58027738 sun.misc.Launcher$AppClassLoader@302b2c81, org.springframework.test.jpa.OrmXmlOverridingShadowingClassLoader@2bbf1be2
3455 [main] DEBUG org.aspectj.weaver.tools.WeavingAdaptor  - 16:58:02.975 main &gt; org.aspectj.weaver.tools.WeavingAdaptor.weaveClass org.aspectj.weaver.loadtime.ClassLoaderWeavingAdaptor@10b090ac org/hibernate/tuple/StandardProperty, byte[2220]
3455 [main] DEBUG org.aspectj.weaver.tools.WeavingAdaptor  - 16:58:02.975 main &lt; org.aspectj.weaver.tools.WeavingAdaptor.weaveClass false
3455 [main] DEBUG org.aspectj.weaver.loadtime.Aj  - 16:58:02.975 main &lt; org.aspectj.weaver.loadtime.Aj.preProcess byte[2220]
3456 [main] DEBUG org.aspectj.weaver.loadtime.Aj  - 16:58:02.976 main &gt; org.aspectj.weaver.loadtime.Aj.preProcess org.aspectj.weaver.loadtime.Aj@58027738 org/hibernate/engine/ValueInclusion, byte[1385], org.springframework.test.jpa.OrmXmlOverridingShadowingClassLoader@2bbf1be2
3456 [main] DEBUG org.aspectj.weaver.loadtime.Aj  - 16:58:02.976 main - org.aspectj.weaver.loadtime.Aj.preProcess org.aspectj.weaver.loadtime.Aj@58027738 sun.misc.Launcher$AppClassLoader@302b2c81, org.springframework.test.jpa.OrmXmlOverridingShadowingClassLoader@2bbf1be2
3456 [main] DEBUG org.aspectj.weaver.tools.WeavingAdaptor  - 16:58:02.976 main &gt; org.aspectj.weaver.tools.WeavingAdaptor.weaveClass org.aspectj.weaver.loadtime.ClassLoaderWeavingAdaptor@10b090ac org/hibernate/engine/ValueInclusion, byte[1385]
3456 [main] DEBUG org.aspectj.weaver.tools.WeavingAdaptor  - 16:58:02.976 main &lt; org.aspectj.weaver.tools.WeavingAdaptor.weaveClass false
3456 [main] DEBUG org.aspectj.weaver.loadtime.Aj  - 16:58:02.976 main &lt; org.aspectj.weaver.loadtime.Aj.preProcess byte[1385]
3457 [main] DEBUG org.aspectj.weaver.loadtime.Aj  - 16:58:02.977 main &gt; org.aspectj.weaver.loadtime.Aj.preProcess org.aspectj.weaver.loadtime.Aj@58027738 org/hibernate/tuple/entity/EntityEntityModeToTuplizerMapping, byte[4477], org.springframework.test.jpa.OrmXmlOverridingShadowingClassLoader@2bbf1be2
3457 [main] DEBUG org.aspectj.weaver.loadtime.Aj  - 16:58:02.977 main - org.aspectj.weaver.loadtime.Aj.preProcess org.aspectj.weaver.loadtime.Aj@58027738 sun.misc.Launcher$AppClassLoader@302b2c81, org.springframework.test.jpa.OrmXmlOverridingShadowingClassLoader@2bbf1be2
3457 [main] DEBUG org.aspectj.weaver.tools.WeavingAdaptor  - 16:58:02.977 main &gt; org.aspectj.weaver.tools.WeavingAdaptor.weaveClass org.aspectj.weaver.loadtime.ClassLoaderWeavingAdaptor@10b090ac org/hibernate/tuple/entity/EntityEntityModeToTuplizerMapping, byte[4477]
3457 [main] DEBUG org.aspectj.weaver.tools.WeavingAdaptor  - 16:58:02.977 main &lt; org.aspectj.weaver.tools.WeavingAdaptor.weaveClass false
3457 [main] DEBUG org.aspectj.weaver.loadtime.Aj  - 16:58:02.977 main &lt; org.aspectj.weaver.loadtime.Aj.preProcess byte[4477]
3457 [main] DEBUG org.aspectj.weaver.loadtime.Aj  - 16:58:02.977 main &gt; org.aspectj.weaver.loadtime.Aj.preProcess org.aspectj.weaver.loadtime.Aj@58027738 org/hibernate/tuple/EntityModeToTuplizerMapping, byte[2394], org.springframework.test.jpa.OrmXmlOverridingShadowingClassLoader@2bbf1be2
3457 [main] DEBUG org.aspectj.weaver.loadtime.Aj  - 16:58:02.977 main - org.aspectj.weaver.loadtime.Aj.preProcess org.aspectj.weaver.loadtime.Aj@58027738 sun.misc.Launcher$AppClassLoader@302b2c81, org.springframework.test.jpa.OrmXmlOverridingShadowingClassLoader@2bbf1be2
3457 [main] DEBUG org.aspectj.weaver.tools.WeavingAdaptor  - 16:58:02.977 main &gt; org.aspectj.weaver.tools.WeavingAdaptor.weaveClass org.aspectj.weaver.loadtime.ClassLoaderWeavingAdaptor@10b090ac org/hibernate/tuple/EntityModeToTuplizerMapping, byte[2394]
3457 [main] DEBUG org.aspectj.weaver.tools.WeavingAdaptor  - 16:58:02.977 main &lt; org.aspectj.weaver.tools.WeavingAdaptor.weaveClass false
3457 [main] DEBUG org.aspectj.weaver.loadtime.Aj  - 16:58:02.977 main &lt; org.aspectj.weaver.loadtime.Aj.preProcess byte[2394]
3458 [main] DEBUG org.aspectj.weaver.loadtime.Aj  - 16:58:02.978 main &gt; org.aspectj.weaver.loadtime.Aj.preProcess org.aspectj.weaver.loadtime.Aj@58027738 org/hibernate/tuple/entity/DynamicMapEntityTuplizer, byte[4695], org.springframework.test.jpa.OrmXmlOverridingShadowingClassLoader@2bbf1be2
3458 [main] DEBUG org.aspectj.weaver.loadtime.Aj  - 16:58:02.978 main - org.aspectj.weaver.loadtime.Aj.preProcess org.aspectj.weaver.loadtime.Aj@58027738 sun.misc.Launcher$AppClassLoader@302b2c81, org.springframework.test.jpa.OrmXmlOverridingShadowingClassLoader@2bbf1be2
3458 [main] DEBUG org.aspectj.weaver.tools.WeavingAdaptor  - 16:58:02.978 main &gt; org.aspectj.weaver.tools.WeavingAdaptor.weaveClass org.aspectj.weaver.loadtime.ClassLoaderWeavingAdaptor@10b090ac org/hibernate/tuple/entity/DynamicMapEntityTuplizer, byte[4695]
3458 [main] DEBUG org.aspectj.weaver.tools.WeavingAdaptor  - 16:58:02.978 main &lt; org.aspectj.weaver.tools.WeavingAdaptor.weaveClass false
3458 [main] DEBUG org.aspectj.weaver.loadtime.Aj  - 16:58:02.978 main &lt; org.aspectj.weaver.loadtime.Aj.preProcess byte[4695]
3458 [main] DEBUG org.aspectj.weaver.loadtime.Aj  - 16:58:02.978 main &gt; org.aspectj.weaver.loadtime.Aj.preProcess org.aspectj.weaver.loadtime.Aj@58027738 org/hibernate/tuple/entity/AbstractEntityTuplizer, byte[12079], org.springframework.test.jpa.OrmXmlOverridingShadowingClassLoader@2bbf1be2
3459 [main] DEBUG org.aspectj.weaver.loadtime.Aj  - 16:58:02.979 main - org.aspectj.weaver.loadtime.Aj.preProcess org.aspectj.weaver.loadtime.Aj@58027738 sun.misc.Launcher$AppClassLoader@302b2c81, org.springframework.test.jpa.OrmXmlOverridingShadowingClassLoader@2bbf1be2
3459 [main] DEBUG org.aspectj.weaver.tools.WeavingAdaptor  - 16:58:02.979 main &gt; org.aspectj.weaver.tools.WeavingAdaptor.weaveClass org.aspectj.weaver.loadtime.ClassLoaderWeavingAdaptor@10b090ac org/hibernate/tuple/entity/AbstractEntityTuplizer, byte[12079]
3459 [main] DEBUG org.aspectj.weaver.tools.WeavingAdaptor  - 16:58:02.979 main &lt; org.aspectj.weaver.tools.WeavingAdaptor.weaveClass false
3459 [main] DEBUG org.aspectj.weaver.loadtime.Aj  - 16:58:02.979 main &lt; org.aspectj.weaver.loadtime.Aj.preProcess byte[12079]
3459 [main] DEBUG org.aspectj.weaver.loadtime.Aj  - 16:58:02.979 main &gt; org.aspectj.weaver.loadtime.Aj.preProcess org.aspectj.weaver.loadtime.Aj@58027738 org/hibernate/tuple/entity/EntityTuplizer, byte[1466], org.springframework.test.jpa.OrmXmlOverridingShadowingClassLoader@2bbf1be2
3459 [main] DEBUG org.aspectj.weaver.loadtime.Aj  - 16:58:02.979 main - org.aspectj.weaver.loadtime.Aj.preProcess org.aspectj.weaver.loadtime.Aj@58027738 sun.misc.Launcher$AppClassLoader@302b2c81, org.springframework.test.jpa.OrmXmlOverridingShadowingClassLoader@2bbf1be2
3459 [main] DEBUG org.aspectj.weaver.tools.WeavingAdaptor  - 16:58:02.979 main &gt; org.aspectj.weaver.tools.WeavingAdaptor.weaveClass org.aspectj.weaver.loadtime.ClassLoaderWeavingAdaptor@10b090ac org/hibernate/tuple/entity/EntityTuplizer, byte[1466]
3459 [main] DEBUG org.aspectj.weaver.tools.WeavingAdaptor  - 16:58:02.979 main &lt; org.aspectj.weaver.tools.WeavingAdaptor.weaveClass false
3459 [main] DEBUG org.aspectj.weaver.loadtime.Aj  - 16:58:02.979 main &lt; org.aspectj.weaver.loadtime.Aj.preProcess byte[1466]
3460 [main] DEBUG org.aspectj.weaver.loadtime.Aj  - 16:58:02.980 main &gt; org.aspectj.weaver.loadtime.Aj.preProcess org.aspectj.weaver.loadtime.Aj@58027738 org/hibernate/tuple/entity/PojoEntityTuplizer, byte[11556], org.springframework.test.jpa.OrmXmlOverridingShadowingClassLoader@2bbf1be2
3460 [main] DEBUG org.aspectj.weaver.loadtime.Aj  - 16:58:02.980 main - org.aspectj.weaver.loadtime.Aj.preProcess org.aspectj.weaver.loadtime.Aj@58027738 sun.misc.Launcher$AppClassLoader@302b2c81, org.springframework.test.jpa.OrmXmlOverridingShadowingClassLoader@2bbf1be2
3460 [main] DEBUG org.aspectj.weaver.tools.WeavingAdaptor  - 16:58:02.980 main &gt; org.aspectj.weaver.tools.WeavingAdaptor.weaveClass org.aspectj.weaver.loadtime.ClassLoaderWeavingAdaptor@10b090ac org/hibernate/tuple/entity/PojoEntityTuplizer, byte[11556]
3460 [main] DEBUG org.aspectj.weaver.tools.WeavingAdaptor  - 16:58:02.980 main &lt; org.aspectj.weaver.tools.WeavingAdaptor.weaveClass false
3460 [main] DEBUG org.aspectj.weaver.loadtime.Aj  - 16:58:02.980 main &lt; org.aspectj.weaver.loadtime.Aj.preProcess byte[11556]
3460 [main] DEBUG org.aspectj.weaver.loadtime.Aj  - 16:58:02.980 main &gt; org.aspectj.weaver.loadtime.Aj.preProcess org.aspectj.weaver.loadtime.Aj@58027738 org/hibernate/tuple/entity/Dom4jEntityTuplizer, byte[6276], org.springframework.test.jpa.OrmXmlOverridingShadowingClassLoader@2bbf1be2
3460 [main] DEBUG org.aspectj.weaver.loadtime.Aj  - 16:58:02.980 main - org.aspectj.weaver.loadtime.Aj.preProcess org.aspectj.weaver.loadtime.Aj@58027738 sun.misc.Launcher$AppClassLoader@302b2c81, org.springframework.test.jpa.OrmXmlOverridingShadowingClassLoader@2bbf1be2
3460 [main] DEBUG org.aspectj.weaver.tools.WeavingAdaptor  - 16:58:02.980 main &gt; org.aspectj.weaver.tools.WeavingAdaptor.weaveClass org.aspectj.weaver.loadtime.ClassLoaderWeavingAdaptor@10b090ac org/hibernate/tuple/entity/Dom4jEntityTuplizer, byte[6276]
3460 [main] DEBUG org.aspectj.weaver.tools.WeavingAdaptor  - 16:58:02.980 main &lt; org.aspectj.weaver.tools.WeavingAdaptor.weaveClass false
3460 [main] DEBUG org.aspectj.weaver.loadtime.Aj  - 16:58:02.980 main &lt; org.aspectj.weaver.loadtime.Aj.preProcess byte[6276]
3461 [main] DEBUG org.aspectj.weaver.loadtime.Aj  - 16:58:02.981 main &gt; org.aspectj.weaver.loadtime.Aj.preProcess org.aspectj.weaver.loadtime.Aj@58027738 org/hibernate/util/FastHashMap, byte[3549], org.springframework.test.jpa.OrmXmlOverridingShadowingClassLoader@2bbf1be2
3461 [main] DEBUG org.aspectj.weaver.loadtime.Aj  - 16:58:02.981 main - org.aspectj.weaver.loadtime.Aj.preProcess org.aspectj.weaver.loadtime.Aj@58027738 sun.misc.Launcher$AppClassLoader@302b2c81, org.springframework.test.jpa.OrmXmlOverridingShadowingClassLoader@2bbf1be2
3461 [main] DEBUG org.aspectj.weaver.tools.WeavingAdaptor  - 16:58:02.981 main &gt; org.aspectj.weaver.tools.WeavingAdaptor.weaveClass org.aspectj.weaver.loadtime.ClassLoaderWeavingAdaptor@10b090ac org/hibernate/util/FastHashMap, byte[3549]
3461 [main] DEBUG org.aspectj.weaver.tools.WeavingAdaptor  - 16:58:02.981 main &lt; org.aspectj.weaver.tools.WeavingAdaptor.weaveClass false
3461 [main] DEBUG org.aspectj.weaver.loadtime.Aj  - 16:58:02.981 main &lt; org.aspectj.weaver.loadtime.Aj.preProcess byte[3549]
3462 [main] DEBUG org.aspectj.weaver.loadtime.Aj  - 16:58:02.982 main &gt; org.aspectj.weaver.loadtime.Aj.preProcess org.aspectj.weaver.loadtime.Aj@58027738 org/hibernate/tuple/Instantiator, byte[296], org.springframework.test.jpa.OrmXmlOverridingShadowingClassLoader@2bbf1be2
3462 [main] DEBUG org.aspectj.weaver.loadtime.Aj  - 16:58:02.982 main - org.aspectj.weaver.loadtime.Aj.preProcess org.aspectj.weaver.loadtime.Aj@58027738 sun.misc.Launcher$AppClassLoader@302b2c81, org.springframework.test.jpa.OrmXmlOverridingShadowingClassLoader@2bbf1be2
3462 [main] DEBUG org.aspectj.weaver.tools.WeavingAdaptor  - 16:58:02.982 main &gt; org.aspectj.weaver.tools.WeavingAdaptor.weaveClass org.aspectj.weaver.loadtime.ClassLoaderWeavingAdaptor@10b090ac org/hibernate/tuple/Instantiator, byte[296]
3462 [main] DEBUG org.aspectj.weaver.tools.WeavingAdaptor  - 16:58:02.982 main &lt; org.aspectj.weaver.tools.WeavingAdaptor.weaveClass false
3462 [main] DEBUG org.aspectj.weaver.loadtime.Aj  - 16:58:02.982 main &lt; org.aspectj.weaver.loadtime.Aj.preProcess byte[296]
3462 [main] DEBUG org.aspectj.weaver.loadtime.Aj  - 16:58:02.982 main &gt; org.aspectj.weaver.loadtime.Aj.preProcess org.aspectj.weaver.loadtime.Aj@58027738 org/hibernate/proxy/ProxyFactory, byte[495], org.springframework.test.jpa.OrmXmlOverridingShadowingClassLoader@2bbf1be2
3462 [main] DEBUG org.aspectj.weaver.loadtime.Aj  - 16:58:02.982 main - org.aspectj.weaver.loadtime.Aj.preProcess org.aspectj.weaver.loadtime.Aj@58027738 sun.misc.Launcher$AppClassLoader@302b2c81, org.springframework.test.jpa.OrmXmlOverridingShadowingClassLoader@2bbf1be2
3462 [main] DEBUG org.aspectj.weaver.tools.WeavingAdaptor  - 16:58:02.982 main &gt; org.aspectj.weaver.tools.WeavingAdaptor.weaveClass org.aspectj.weaver.loadtime.ClassLoaderWeavingAdaptor@10b090ac org/hibernate/proxy/ProxyFactory, byte[495]
3463 [main] DEBUG org.aspectj.weaver.tools.WeavingAdaptor  - 16:58:02.982 main &lt; org.aspectj.weaver.tools.WeavingAdaptor.weaveClass false
3463 [main] DEBUG org.aspectj.weaver.loadtime.Aj  - 16:58:02.983 main &lt; org.aspectj.weaver.loadtime.Aj.preProcess byte[495]
3463 [main] DEBUG org.aspectj.weaver.loadtime.Aj  - 16:58:02.983 main &gt; org.aspectj.weaver.loadtime.Aj.preProcess org.aspectj.weaver.loadtime.Aj@58027738 org/hibernate/property/MapAccessor$MapGetter, byte[1526], org.springframework.test.jpa.OrmXmlOverridingShadowingClassLoader@2bbf1be2
3463 [main] DEBUG org.aspectj.weaver.loadtime.Aj  - 16:58:02.983 main - org.aspectj.weaver.loadtime.Aj.preProcess org.aspectj.weaver.loadtime.Aj@58027738 sun.misc.Launcher$AppClassLoader@302b2c81, org.springframework.test.jpa.OrmXmlOverridingShadowingClassLoader@2bbf1be2
3463 [main] DEBUG org.aspectj.weaver.tools.WeavingAdaptor  - 16:58:02.983 main &gt; org.aspectj.weaver.tools.WeavingAdaptor.weaveClass org.aspectj.weaver.loadtime.ClassLoaderWeavingAdaptor@10b090ac org/hibernate/property/MapAccessor$MapGetter, byte[1526]
3463 [main] DEBUG org.aspectj.weaver.tools.WeavingAdaptor  - 16:58:02.983 main &lt; org.aspectj.weaver.tools.WeavingAdaptor.weaveClass false
3463 [main] DEBUG org.aspectj.weaver.loadtime.Aj  - 16:58:02.983 main &lt; org.aspectj.weaver.loadtime.Aj.preProcess byte[1526]
3464 [main] DEBUG org.aspectj.weaver.loadtime.Aj  - 16:58:02.984 main &gt; org.aspectj.weaver.loadtime.Aj.preProcess org.aspectj.weaver.loadtime.Aj@58027738 org/hibernate/property/MapAccessor$MapSetter, byte[1191], org.springframework.test.jpa.OrmXmlOverridingShadowingClassLoader@2bbf1be2
3464 [main] DEBUG org.aspectj.weaver.loadtime.Aj  - 16:58:02.984 main - org.aspectj.weaver.loadtime.Aj.preProcess org.aspectj.weaver.loadtime.Aj@58027738 sun.misc.Launcher$AppClassLoader@302b2c81, org.springframework.test.jpa.OrmXmlOverridingShadowingClassLoader@2bbf1be2
3464 [main] DEBUG org.aspectj.weaver.tools.WeavingAdaptor  - 16:58:02.984 main &gt; org.aspectj.weaver.tools.WeavingAdaptor.weaveClass org.aspectj.weaver.loadtime.ClassLoaderWeavingAdaptor@10b090ac org/hibernate/property/MapAccessor$MapSetter, byte[1191]
3464 [main] DEBUG org.aspectj.weaver.tools.WeavingAdaptor  - 16:58:02.984 main &lt; org.aspectj.weaver.tools.WeavingAdaptor.weaveClass false
3464 [main] DEBUG org.aspectj.weaver.loadtime.Aj  - 16:58:02.984 main &lt; org.aspectj.weaver.loadtime.Aj.preProcess byte[1191]
3464 [main] DEBUG org.aspectj.weaver.loadtime.Aj  - 16:58:02.984 main &gt; org.aspectj.weaver.loadtime.Aj.preProcess org.aspectj.weaver.loadtime.Aj@58027738 org/hibernate/tuple/DynamicMapInstantiator, byte[2108], org.springframework.test.jpa.OrmXmlOverridingShadowingClassLoader@2bbf1be2
3464 [main] DEBUG org.aspectj.weaver.loadtime.Aj  - 16:58:02.984 main - org.aspectj.weaver.loadtime.Aj.preProcess org.aspectj.weaver.loadtime.Aj@58027738 sun.misc.Launcher$AppClassLoader@302b2c81, org.springframework.test.jpa.OrmXmlOverridingShadowingClassLoader@2bbf1be2
3464 [main] DEBUG org.aspectj.weaver.tools.WeavingAdaptor  - 16:58:02.984 main &gt; org.aspectj.weaver.tools.WeavingAdaptor.weaveClass org.aspectj.weaver.loadtime.ClassLoaderWeavingAdaptor@10b090ac org/hibernate/tuple/DynamicMapInstantiator, byte[2108]
3464 [main] DEBUG org.aspectj.weaver.tools.WeavingAdaptor  - 16:58:02.984 main &lt; org.aspectj.weaver.tools.WeavingAdaptor.weaveClass false
3464 [main] DEBUG org.aspectj.weaver.loadtime.Aj  - 16:58:02.984 main &lt; org.aspectj.weaver.loadtime.Aj.preProcess byte[2108]
3465 [main] DEBUG org.aspectj.weaver.loadtime.Aj  - 16:58:02.985 main &gt; org.aspectj.weaver.loadtime.Aj.preProcess org.aspectj.weaver.loadtime.Aj@58027738 org/hibernate/proxy/map/MapProxyFactory, byte[1519], org.springframework.test.jpa.OrmXmlOverridingShadowingClassLoader@2bbf1be2
3465 [main] DEBUG org.aspectj.weaver.loadtime.Aj  - 16:58:02.985 main - org.aspectj.weaver.loadtime.Aj.preProcess org.aspectj.weaver.loadtime.Aj@58027738 sun.misc.Launcher$AppClassLoader@302b2c81, org.springframework.test.jpa.OrmXmlOverridingShadowingClassLoader@2bbf1be2
3465 [main] DEBUG org.aspectj.weaver.tools.WeavingAdaptor  - 16:58:02.985 main &gt; org.aspectj.weaver.tools.WeavingAdaptor.weaveClass org.aspectj.weaver.loadtime.ClassLoaderWeavingAdaptor@10b090ac org/hibernate/proxy/map/MapProxyFactory, byte[1519]
3465 [main] DEBUG org.aspectj.weaver.tools.WeavingAdaptor  - 16:58:02.985 main &lt; org.aspectj.weaver.tools.WeavingAdaptor.weaveClass false
3465 [main] DEBUG org.aspectj.weaver.loadtime.Aj  - 16:58:02.985 main &lt; org.aspectj.weaver.loadtime.Aj.preProcess byte[1519]
3465 [main] DEBUG org.aspectj.weaver.loadtime.Aj  - 16:58:02.985 main &gt; org.aspectj.weaver.loadtime.Aj.preProcess org.aspectj.weaver.loadtime.Aj@58027738 org/hibernate/proxy/HibernateProxy, byte[283], org.springframework.test.jpa.OrmXmlOverridingShadowingClassLoader@2bbf1be2
3465 [main] DEBUG org.aspectj.weaver.loadtime.Aj  - 16:58:02.985 main - org.aspectj.weaver.loadtime.Aj.preProcess org.aspectj.weaver.loadtime.Aj@58027738 sun.misc.Launcher$AppClassLoader@302b2c81, org.springframework.test.jpa.OrmXmlOverridingShadowingClassLoader@2bbf1be2
3465 [main] DEBUG org.aspectj.weaver.tools.WeavingAdaptor  - 16:58:02.985 main &gt; org.aspectj.weaver.tools.WeavingAdaptor.weaveClass org.aspectj.weaver.loadtime.ClassLoaderWeavingAdaptor@10b090ac org/hibernate/proxy/HibernateProxy, byte[283]
3465 [main] DEBUG org.aspectj.weaver.tools.WeavingAdaptor  - 16:58:02.985 main &lt; org.aspectj.weaver.tools.WeavingAdaptor.weaveClass false
3465 [main] DEBUG org.aspectj.weaver.loadtime.Aj  - 16:58:02.985 main &lt; org.aspectj.weaver.loadtime.Aj.preProcess byte[283]
3466 [main] DEBUG org.aspectj.weaver.loadtime.Aj  - 16:58:02.986 main &gt; org.aspectj.weaver.loadtime.Aj.preProcess org.aspectj.weaver.loadtime.Aj@58027738 org/hibernate/property/BasicPropertyAccessor$BasicSetter, byte[3872], org.springframework.test.jpa.OrmXmlOverridingShadowingClassLoader@2bbf1be2
3466 [main] DEBUG org.aspectj.weaver.loadtime.Aj  - 16:58:02.986 main - org.aspectj.weaver.loadtime.Aj.preProcess org.aspectj.weaver.loadtime.Aj@58027738 sun.misc.Launcher$AppClassLoader@302b2c81, org.springframework.test.jpa.OrmXmlOverridingShadowingClassLoader@2bbf1be2
3466 [main] DEBUG org.aspectj.weaver.tools.WeavingAdaptor  - 16:58:02.986 main &gt; org.aspectj.weaver.tools.WeavingAdaptor.weaveClass org.aspectj.weaver.loadtime.ClassLoaderWeavingAdaptor@10b090ac org/hibernate/property/BasicPropertyAccessor$BasicSetter, byte[3872]
3466 [main] DEBUG org.aspectj.weaver.tools.WeavingAdaptor  - 16:58:02.986 main &lt; org.aspectj.weaver.tools.WeavingAdaptor.weaveClass false
3466 [main] DEBUG org.aspectj.weaver.loadtime.Aj  - 16:58:02.986 main &lt; org.aspectj.weaver.loadtime.Aj.preProcess byte[3872]
3467 [main] DEBUG org.aspectj.weaver.loadtime.Aj  - 16:58:02.987 main &gt; org.aspectj.weaver.loadtime.Aj.preProcess org.aspectj.weaver.loadtime.Aj@58027738 org/hibernate/tuple/PojoInstantiator, byte[4640], org.springframework.test.jpa.OrmXmlOverridingShadowingClassLoader@2bbf1be2
3467 [main] DEBUG org.aspectj.weaver.loadtime.Aj  - 16:58:02.987 main - org.aspectj.weaver.loadtime.Aj.preProcess org.aspectj.weaver.loadtime.Aj@58027738 sun.misc.Launcher$AppClassLoader@302b2c81, org.springframework.test.jpa.OrmXmlOverridingShadowingClassLoader@2bbf1be2
3467 [main] DEBUG org.aspectj.weaver.tools.WeavingAdaptor  - 16:58:02.987 main &gt; org.aspectj.weaver.tools.WeavingAdaptor.weaveClass org.aspectj.weaver.loadtime.ClassLoaderWeavingAdaptor@10b090ac org/hibernate/tuple/PojoInstantiator, byte[4640]
3467 [main] DEBUG org.aspectj.weaver.tools.WeavingAdaptor  - 16:58:02.987 main &lt; org.aspectj.weaver.tools.WeavingAdaptor.weaveClass false
3467 [main] DEBUG org.aspectj.weaver.loadtime.Aj  - 16:58:02.987 main &lt; org.aspectj.weaver.loadtime.Aj.preProcess byte[4640]
3468 [main] DEBUG org.aspectj.weaver.loadtime.Aj  - 16:58:02.988 main &gt; org.aspectj.weaver.loadtime.Aj.preProcess org.aspectj.weaver.loadtime.Aj@58027738 org/hibernate/bytecode/cglib/ProxyFactoryFactoryImpl, byte[2259], org.springframework.test.jpa.OrmXmlOverridingShadowingClassLoader@2bbf1be2
3468 [main] DEBUG org.aspectj.weaver.loadtime.Aj  - 16:58:02.988 main - org.aspectj.weaver.loadtime.Aj.preProcess org.aspectj.weaver.loadtime.Aj@58027738 sun.misc.Launcher$AppClassLoader@302b2c81, org.springframework.test.jpa.OrmXmlOverridingShadowingClassLoader@2bbf1be2
3468 [main] DEBUG org.aspectj.weaver.tools.WeavingAdaptor  - 16:58:02.988 main &gt; org.aspectj.weaver.tools.WeavingAdaptor.weaveClass org.aspectj.weaver.loadtime.ClassLoaderWeavingAdaptor@10b090ac org/hibernate/bytecode/cglib/ProxyFactoryFactoryImpl, byte[2259]
3468 [main] DEBUG org.aspectj.weaver.tools.WeavingAdaptor  - 16:58:02.988 main &lt; org.aspectj.weaver.tools.WeavingAdaptor.weaveClass false
3468 [main] DEBUG org.aspectj.weaver.loadtime.Aj  - 16:58:02.988 main &lt; org.aspectj.weaver.loadtime.Aj.preProcess byte[2259]
3468 [main] DEBUG org.aspectj.weaver.loadtime.Aj  - 16:58:02.988 main &gt; org.aspectj.weaver.loadtime.Aj.preProcess org.aspectj.weaver.loadtime.Aj@58027738 org/hibernate/bytecode/BasicProxyFactory, byte[180], org.springframework.test.jpa.OrmXmlOverridingShadowingClassLoader@2bbf1be2
3469 [main] DEBUG org.aspectj.weaver.loadtime.Aj  - 16:58:02.989 main - org.aspectj.weaver.loadtime.Aj.preProcess org.aspectj.weaver.loadtime.Aj@58027738 sun.misc.Launcher$AppClassLoader@302b2c81, org.springframework.test.jpa.OrmXmlOverridingShadowingClassLoader@2bbf1be2
3469 [main] DEBUG org.aspectj.weaver.tools.WeavingAdaptor  - 16:58:02.989 main &gt; org.aspectj.weaver.tools.WeavingAdaptor.weaveClass org.aspectj.weaver.loadtime.ClassLoaderWeavingAdaptor@10b090ac org/hibernate/bytecode/BasicProxyFactory, byte[180]
3469 [main] DEBUG org.aspectj.weaver.tools.WeavingAdaptor  - 16:58:02.989 main &lt; org.aspectj.weaver.tools.WeavingAdaptor.weaveClass false
3469 [main] DEBUG org.aspectj.weaver.loadtime.Aj  - 16:58:02.989 main &lt; org.aspectj.weaver.loadtime.Aj.preProcess byte[180]
3470 [main] DEBUG org.aspectj.weaver.loadtime.Aj  - 16:58:02.990 main &gt; org.aspectj.weaver.loadtime.Aj.preProcess org.aspectj.weaver.loadtime.Aj@58027738 org/hibernate/bytecode/cglib/ProxyFactoryFactoryImpl$1, byte[813], org.springframework.test.jpa.OrmXmlOverridingShadowingClassLoader@2bbf1be2
3470 [main] DEBUG org.aspectj.weaver.loadtime.Aj  - 16:58:02.990 main - org.aspectj.weaver.loadtime.Aj.preProcess org.aspectj.weaver.loadtime.Aj@58027738 sun.misc.Launcher$AppClassLoader@302b2c81, org.springframework.test.jpa.OrmXmlOverridingShadowingClassLoader@2bbf1be2
3470 [main] DEBUG org.aspectj.weaver.tools.WeavingAdaptor  - 16:58:02.990 main &gt; org.aspectj.weaver.tools.WeavingAdaptor.weaveClass org.aspectj.weaver.loadtime.ClassLoaderWeavingAdaptor@10b090ac org/hibernate/bytecode/cglib/ProxyFactoryFactoryImpl$1, byte[813]
3470 [main] DEBUG org.aspectj.weaver.tools.WeavingAdaptor  - 16:58:02.990 main &lt; org.aspectj.weaver.tools.WeavingAdaptor.weaveClass false
3470 [main] DEBUG org.aspectj.weaver.loadtime.Aj  - 16:58:02.990 main &lt; org.aspectj.weaver.loadtime.Aj.preProcess byte[813]
3471 [main] DEBUG org.aspectj.weaver.loadtime.Aj  - 16:58:02.991 main &gt; org.aspectj.weaver.loadtime.Aj.preProcess org.aspectj.weaver.loadtime.Aj@58027738 org/hibernate/proxy/pojo/cglib/CGLIBProxyFactory, byte[2140], org.springframework.test.jpa.OrmXmlOverridingShadowingClassLoader@2bbf1be2
3471 [main] DEBUG org.aspectj.weaver.loadtime.Aj  - 16:58:02.991 main - org.aspectj.weaver.loadtime.Aj.preProcess org.aspectj.weaver.loadtime.Aj@58027738 sun.misc.Launcher$AppClassLoader@302b2c81, org.springframework.test.jpa.OrmXmlOverridingShadowingClassLoader@2bbf1be2
3471 [main] DEBUG org.aspectj.weaver.tools.WeavingAdaptor  - 16:58:02.991 main &gt; org.aspectj.weaver.tools.WeavingAdaptor.weaveClass org.aspectj.weaver.loadtime.ClassLoaderWeavingAdaptor@10b090ac org/hibernate/proxy/pojo/cglib/CGLIBProxyFactory, byte[2140]
3471 [main] DEBUG org.aspectj.weaver.tools.WeavingAdaptor  - 16:58:02.991 main &lt; org.aspectj.weaver.tools.WeavingAdaptor.weaveClass false
3471 [main] DEBUG org.aspectj.weaver.loadtime.Aj  - 16:58:02.991 main &lt; org.aspectj.weaver.loadtime.Aj.preProcess byte[2140]
3472 [main] DEBUG org.aspectj.weaver.loadtime.Aj  - 16:58:02.992 main &gt; org.aspectj.weaver.loadtime.Aj.preProcess org.aspectj.weaver.loadtime.Aj@58027738 org/hibernate/proxy/pojo/cglib/CGLIBLazyInitializer, byte[7416], org.springframework.test.jpa.OrmXmlOverridingShadowingClassLoader@2bbf1be2
3472 [main] DEBUG org.aspectj.weaver.loadtime.Aj  - 16:58:02.992 main - org.aspectj.weaver.loadtime.Aj.preProcess org.aspectj.weaver.loadtime.Aj@58027738 sun.misc.Launcher$AppClassLoader@302b2c81, org.springframework.test.jpa.OrmXmlOverridingShadowingClassLoader@2bbf1be2
3472 [main] DEBUG org.aspectj.weaver.tools.WeavingAdaptor  - 16:58:02.992 main &gt; org.aspectj.weaver.tools.WeavingAdaptor.weaveClass org.aspectj.weaver.loadtime.ClassLoaderWeavingAdaptor@10b090ac org/hibernate/proxy/pojo/cglib/CGLIBLazyInitializer, byte[7416]
3472 [main] DEBUG org.aspectj.weaver.tools.WeavingAdaptor  - 16:58:02.992 main &lt; org.aspectj.weaver.tools.WeavingAdaptor.weaveClass false
3472 [main] DEBUG org.aspectj.weaver.loadtime.Aj  - 16:58:02.992 main &lt; org.aspectj.weaver.loadtime.Aj.preProcess byte[7416]
3473 [main] DEBUG org.aspectj.weaver.loadtime.Aj  - 16:58:02.993 main &gt; org.aspectj.weaver.loadtime.Aj.preProcess org.aspectj.weaver.loadtime.Aj@58027738 org/hibernate/proxy/pojo/BasicLazyInitializer, byte[4195], org.springframework.test.jpa.OrmXmlOverridingShadowingClassLoader@2bbf1be2
3473 [main] DEBUG org.aspectj.weaver.loadtime.Aj  - 16:58:02.993 main - org.aspectj.weaver.loadtime.Aj.preProcess org.aspectj.weaver.loadtime.Aj@58027738 sun.misc.Launcher$AppClassLoader@302b2c81, org.springframework.test.jpa.OrmXmlOverridingShadowingClassLoader@2bbf1be2
3473 [main] DEBUG org.aspectj.weaver.tools.WeavingAdaptor  - 16:58:02.993 main &gt; org.aspectj.weaver.tools.WeavingAdaptor.weaveClass org.aspectj.weaver.loadtime.ClassLoaderWeavingAdaptor@10b090ac org/hibernate/proxy/pojo/BasicLazyInitializer, byte[4195]
3473 [main] DEBUG org.aspectj.weaver.tools.WeavingAdaptor  - 16:58:02.993 main &lt; org.aspectj.weaver.tools.WeavingAdaptor.weaveClass false
3473 [main] DEBUG org.aspectj.weaver.loadtime.Aj  - 16:58:02.993 main &lt; org.aspectj.weaver.loadtime.Aj.preProcess byte[4195]
3473 [main] DEBUG org.aspectj.weaver.loadtime.Aj  - 16:58:02.993 main &gt; org.aspectj.weaver.loadtime.Aj.preProcess org.aspectj.weaver.loadtime.Aj@58027738 org/hibernate/proxy/AbstractLazyInitializer, byte[4262], org.springframework.test.jpa.OrmXmlOverridingShadowingClassLoader@2bbf1be2
3473 [main] DEBUG org.aspectj.weaver.loadtime.Aj  - 16:58:02.993 main - org.aspectj.weaver.loadtime.Aj.preProcess org.aspectj.weaver.loadtime.Aj@58027738 sun.misc.Launcher$AppClassLoader@302b2c81, org.springframework.test.jpa.OrmXmlOverridingShadowingClassLoader@2bbf1be2
3473 [main] DEBUG org.aspectj.weaver.tools.WeavingAdaptor  - 16:58:02.993 main &gt; org.aspectj.weaver.tools.WeavingAdaptor.weaveClass org.aspectj.weaver.loadtime.ClassLoaderWeavingAdaptor@10b090ac org/hibernate/proxy/AbstractLazyInitializer, byte[4262]
3473 [main] DEBUG org.aspectj.weaver.tools.WeavingAdaptor  - 16:58:02.993 main &lt; org.aspectj.weaver.tools.WeavingAdaptor.weaveClass false
3473 [main] DEBUG org.aspectj.weaver.loadtime.Aj  - 16:58:02.993 main &lt; org.aspectj.weaver.loadtime.Aj.preProcess byte[4262]
3474 [main] DEBUG org.aspectj.weaver.loadtime.Aj  - 16:58:02.994 main &gt; org.aspectj.weaver.loadtime.Aj.preProcess org.aspectj.weaver.loadtime.Aj@58027738 org/hibernate/LazyInitializationException, byte[1217], org.springframework.test.jpa.OrmXmlOverridingShadowingClassLoader@2bbf1be2
3474 [main] DEBUG org.aspectj.weaver.loadtime.Aj  - 16:58:02.994 main - org.aspectj.weaver.loadtime.Aj.preProcess org.aspectj.weaver.loadtime.Aj@58027738 sun.misc.Launcher$AppClassLoader@302b2c81, org.springframework.test.jpa.OrmXmlOverridingShadowingClassLoader@2bbf1be2
3474 [main] DEBUG org.aspectj.weaver.tools.WeavingAdaptor  - 16:58:02.994 main &gt; org.aspectj.weaver.tools.WeavingAdaptor.weaveClass org.aspectj.weaver.loadtime.ClassLoaderWeavingAdaptor@10b090ac org/hibernate/LazyInitializationException, byte[1217]
3474 [main] DEBUG org.aspectj.weaver.tools.WeavingAdaptor  - 16:58:02.994 main &lt; org.aspectj.weaver.tools.WeavingAdaptor.weaveClass false
3474 [main] DEBUG org.aspectj.weaver.loadtime.Aj  - 16:58:02.994 main &lt; org.aspectj.weaver.loadtime.Aj.preProcess byte[1217]
3475 [main] DEBUG org.aspectj.weaver.loadtime.Aj  - 16:58:02.995 main &gt; org.aspectj.weaver.loadtime.Aj.preProcess org.aspectj.weaver.loadtime.Aj@58027738 org/hibernate/proxy/pojo/cglib/CGLIBLazyInitializer$1, byte[808], org.springframework.test.jpa.OrmXmlOverridingShadowingClassLoader@2bbf1be2
3475 [main] DEBUG org.aspectj.weaver.loadtime.Aj  - 16:58:02.995 main - org.aspectj.weaver.loadtime.Aj.preProcess org.aspectj.weaver.loadtime.Aj@58027738 sun.misc.Launcher$AppClassLoader@302b2c81, org.springframework.test.jpa.OrmXmlOverridingShadowingClassLoader@2bbf1be2
3475 [main] DEBUG org.aspectj.weaver.tools.WeavingAdaptor  - 16:58:02.995 main &gt; org.aspectj.weaver.tools.WeavingAdaptor.weaveClass org.aspectj.weaver.loadtime.ClassLoaderWeavingAdaptor@10b090ac org/hibernate/proxy/pojo/cglib/CGLIBLazyInitializer$1, byte[808]
3475 [main] DEBUG org.aspectj.weaver.tools.WeavingAdaptor  - 16:58:02.995 main &lt; org.aspectj.weaver.tools.WeavingAdaptor.weaveClass false
3475 [main] DEBUG org.aspectj.weaver.loadtime.Aj  - 16:58:02.995 main &lt; org.aspectj.weaver.loadtime.Aj.preProcess byte[808]
3512 [main] DEBUG org.aspectj.weaver.loadtime.Aj  - 16:58:03.032 main &gt; org.aspectj.weaver.loadtime.Aj.preProcess org.aspectj.weaver.loadtime.Aj@58027738 org/hibernate/classic/Lifecycle, byte[432], org.springframework.test.jpa.OrmXmlOverridingShadowingClassLoader@2bbf1be2
3513 [main] DEBUG org.aspectj.weaver.loadtime.Aj  - 16:58:03.033 main - org.aspectj.weaver.loadtime.Aj.preProcess org.aspectj.weaver.loadtime.Aj@58027738 sun.misc.Launcher$AppClassLoader@302b2c81, org.springframework.test.jpa.OrmXmlOverridingShadowingClassLoader@2bbf1be2
3513 [main] DEBUG org.aspectj.weaver.tools.WeavingAdaptor  - 16:58:03.033 main &gt; org.aspectj.weaver.tools.WeavingAdaptor.weaveClass org.aspectj.weaver.loadtime.ClassLoaderWeavingAdaptor@10b090ac org/hibernate/classic/Lifecycle, byte[432]
3513 [main] DEBUG org.aspectj.weaver.tools.WeavingAdaptor  - 16:58:03.033 main &lt; org.aspectj.weaver.tools.WeavingAdaptor.weaveClass false
3513 [main] DEBUG org.aspectj.weaver.loadtime.Aj  - 16:58:03.033 main &lt; org.aspectj.weaver.loadtime.Aj.preProcess byte[432]
3513 [main] DEBUG org.aspectj.weaver.loadtime.Aj  - 16:58:03.033 main &gt; org.aspectj.weaver.loadtime.Aj.preProcess org.aspectj.weaver.loadtime.Aj@58027738 org/hibernate/classic/Validatable, byte[218], org.springframework.test.jpa.OrmXmlOverridingShadowingClassLoader@2bbf1be2
3513 [main] DEBUG org.aspectj.weaver.loadtime.Aj  - 16:58:03.033 main - org.aspectj.weaver.loadtime.Aj.preProcess org.aspectj.weaver.loadtime.Aj@58027738 sun.misc.Launcher$AppClassLoader@302b2c81, org.springframework.test.jpa.OrmXmlOverridingShadowingClassLoader@2bbf1be2
3513 [main] DEBUG org.aspectj.weaver.tools.WeavingAdaptor  - 16:58:03.033 main &gt; org.aspectj.weaver.tools.WeavingAdaptor.weaveClass org.aspectj.weaver.loadtime.ClassLoaderWeavingAdaptor@10b090ac org/hibernate/classic/Validatable, byte[218]
3513 [main] DEBUG org.aspectj.weaver.tools.WeavingAdaptor  - 16:58:03.033 main &lt; org.aspectj.weaver.tools.WeavingAdaptor.weaveClass false
3513 [main] DEBUG org.aspectj.weaver.loadtime.Aj  - 16:58:03.033 main &lt; org.aspectj.weaver.loadtime.Aj.preProcess byte[218]
3514 [main] DEBUG org.aspectj.weaver.loadtime.Aj  - 16:58:03.034 main &gt; org.aspectj.weaver.loadtime.Aj.preProcess org.aspectj.weaver.loadtime.Aj@58027738 org/hibernate/property/Dom4jAccessor, byte[3336], org.springframework.test.jpa.OrmXmlOverridingShadowingClassLoader@2bbf1be2
3514 [main] DEBUG org.aspectj.weaver.loadtime.Aj  - 16:58:03.034 main - org.aspectj.weaver.loadtime.Aj.preProcess org.aspectj.weaver.loadtime.Aj@58027738 sun.misc.Launcher$AppClassLoader@302b2c81, org.springframework.test.jpa.OrmXmlOverridingShadowingClassLoader@2bbf1be2
3514 [main] DEBUG org.aspectj.weaver.tools.WeavingAdaptor  - 16:58:03.034 main &gt; org.aspectj.weaver.tools.WeavingAdaptor.weaveClass org.aspectj.weaver.loadtime.ClassLoaderWeavingAdaptor@10b090ac org/hibernate/property/Dom4jAccessor, byte[3336]
3514 [main] DEBUG org.aspectj.weaver.tools.WeavingAdaptor  - 16:58:03.034 main &lt; org.aspectj.weaver.tools.WeavingAdaptor.weaveClass false
3514 [main] DEBUG org.aspectj.weaver.loadtime.Aj  - 16:58:03.034 main &lt; org.aspectj.weaver.loadtime.Aj.preProcess byte[3336]
3515 [main] DEBUG org.aspectj.weaver.loadtime.Aj  - 16:58:03.035 main &gt; org.aspectj.weaver.loadtime.Aj.preProcess org.aspectj.weaver.loadtime.Aj@58027738 org/hibernate/property/Dom4jAccessor$ElementGetter, byte[1413], org.springframework.test.jpa.OrmXmlOverridingShadowingClassLoader@2bbf1be2
3515 [main] DEBUG org.aspectj.weaver.loadtime.Aj  - 16:58:03.035 main - org.aspectj.weaver.loadtime.Aj.preProcess org.aspectj.weaver.loadtime.Aj@58027738 sun.misc.Launcher$AppClassLoader@302b2c81, org.springframework.test.jpa.OrmXmlOverridingShadowingClassLoader@2bbf1be2
3515 [main] DEBUG org.aspectj.weaver.tools.WeavingAdaptor  - 16:58:03.035 main &gt; org.aspectj.weaver.tools.WeavingAdaptor.weaveClass org.aspectj.weaver.loadtime.ClassLoaderWeavingAdaptor@10b090ac org/hibernate/property/Dom4jAccessor$ElementGetter, byte[1413]
3515 [main] DEBUG org.aspectj.weaver.tools.WeavingAdaptor  - 16:58:03.035 main &lt; org.aspectj.weaver.tools.WeavingAdaptor.weaveClass false
3515 [main] DEBUG org.aspectj.weaver.loadtime.Aj  - 16:58:03.035 main &lt; org.aspectj.weaver.loadtime.Aj.preProcess byte[1413]
3515 [main] DEBUG org.aspectj.weaver.loadtime.Aj  - 16:58:03.035 main &gt; org.aspectj.weaver.loadtime.Aj.preProcess org.aspectj.weaver.loadtime.Aj@58027738 org/hibernate/property/Dom4jAccessor$Dom4jGetter, byte[1603], org.springframework.test.jpa.OrmXmlOverridingShadowingClassLoader@2bbf1be2
3515 [main] DEBUG org.aspectj.weaver.loadtime.Aj  - 16:58:03.035 main - org.aspectj.weaver.loadtime.Aj.preProcess org.aspectj.weaver.loadtime.Aj@58027738 sun.misc.Launcher$AppClassLoader@302b2c81, org.springframework.test.jpa.OrmXmlOverridingShadowingClassLoader@2bbf1be2
3515 [main] DEBUG org.aspectj.weaver.tools.WeavingAdaptor  - 16:58:03.035 main &gt; org.aspectj.weaver.tools.WeavingAdaptor.weaveClass org.aspectj.weaver.loadtime.ClassLoaderWeavingAdaptor@10b090ac org/hibernate/property/Dom4jAccessor$Dom4jGetter, byte[1603]
3515 [main] DEBUG org.aspectj.weaver.tools.WeavingAdaptor  - 16:58:03.035 main &lt; org.aspectj.weaver.tools.WeavingAdaptor.weaveClass false
3515 [main] DEBUG org.aspectj.weaver.loadtime.Aj  - 16:58:03.035 main &lt; org.aspectj.weaver.loadtime.Aj.preProcess byte[1603]
3516 [main] DEBUG org.aspectj.weaver.loadtime.Aj  - 16:58:03.036 main &gt; org.aspectj.weaver.loadtime.Aj.preProcess org.aspectj.weaver.loadtime.Aj@58027738 org/hibernate/property/Dom4jAccessor$ElementSetter, byte[1575], org.springframework.test.jpa.OrmXmlOverridingShadowingClassLoader@2bbf1be2
3516 [main] DEBUG org.aspectj.weaver.loadtime.Aj  - 16:58:03.036 main - org.aspectj.weaver.loadtime.Aj.preProcess org.aspectj.weaver.loadtime.Aj@58027738 sun.misc.Launcher$AppClassLoader@302b2c81, org.springframework.test.jpa.OrmXmlOverridingShadowingClassLoader@2bbf1be2
3516 [main] DEBUG org.aspectj.weaver.tools.WeavingAdaptor  - 16:58:03.036 main &gt; org.aspectj.weaver.tools.WeavingAdaptor.weaveClass org.aspectj.weaver.loadtime.ClassLoaderWeavingAdaptor@10b090ac org/hibernate/property/Dom4jAccessor$ElementSetter, byte[1575]
3516 [main] DEBUG org.aspectj.weaver.tools.WeavingAdaptor  - 16:58:03.036 main &lt; org.aspectj.weaver.tools.WeavingAdaptor.weaveClass false
3516 [main] DEBUG org.aspectj.weaver.loadtime.Aj  - 16:58:03.036 main &lt; org.aspectj.weaver.loadtime.Aj.preProcess byte[1575]
3516 [main] DEBUG org.aspectj.weaver.loadtime.Aj  - 16:58:03.036 main &gt; org.aspectj.weaver.loadtime.Aj.preProcess org.aspectj.weaver.loadtime.Aj@58027738 org/hibernate/property/Dom4jAccessor$Dom4jSetter, byte[771], org.springframework.test.jpa.OrmXmlOverridingShadowingClassLoader@2bbf1be2
3516 [main] DEBUG org.aspectj.weaver.loadtime.Aj  - 16:58:03.036 main - org.aspectj.weaver.loadtime.Aj.preProcess org.aspectj.weaver.loadtime.Aj@58027738 sun.misc.Launcher$AppClassLoader@302b2c81, org.springframework.test.jpa.OrmXmlOverridingShadowingClassLoader@2bbf1be2
3516 [main] DEBUG org.aspectj.weaver.tools.WeavingAdaptor  - 16:58:03.036 main &gt; org.aspectj.weaver.tools.WeavingAdaptor.weaveClass org.aspectj.weaver.loadtime.ClassLoaderWeavingAdaptor@10b090ac org/hibernate/property/Dom4jAccessor$Dom4jSetter, byte[771]
3516 [main] DEBUG org.aspectj.weaver.tools.WeavingAdaptor  - 16:58:03.036 main &lt; org.aspectj.weaver.tools.WeavingAdaptor.weaveClass false
3516 [main] DEBUG org.aspectj.weaver.loadtime.Aj  - 16:58:03.036 main &lt; org.aspectj.weaver.loadtime.Aj.preProcess byte[771]
3517 [main] DEBUG org.aspectj.weaver.loadtime.Aj  - 16:58:03.037 main &gt; org.aspectj.weaver.loadtime.Aj.preProcess org.aspectj.weaver.loadtime.Aj@58027738 org/hibernate/tuple/Dom4jInstantiator, byte[1895], org.springframework.test.jpa.OrmXmlOverridingShadowingClassLoader@2bbf1be2
3517 [main] DEBUG org.aspectj.weaver.loadtime.Aj  - 16:58:03.037 main - org.aspectj.weaver.loadtime.Aj.preProcess org.aspectj.weaver.loadtime.Aj@58027738 sun.misc.Launcher$AppClassLoader@302b2c81, org.springframework.test.jpa.OrmXmlOverridingShadowingClassLoader@2bbf1be2
3517 [main] DEBUG org.aspectj.weaver.tools.WeavingAdaptor  - 16:58:03.037 main &gt; org.aspectj.weaver.tools.WeavingAdaptor.weaveClass org.aspectj.weaver.loadtime.ClassLoaderWeavingAdaptor@10b090ac org/hibernate/tuple/Dom4jInstantiator, byte[1895]
3517 [main] DEBUG org.aspectj.weaver.tools.WeavingAdaptor  - 16:58:03.037 main &lt; org.aspectj.weaver.tools.WeavingAdaptor.weaveClass false
3517 [main] DEBUG org.aspectj.weaver.loadtime.Aj  - 16:58:03.037 main &lt; org.aspectj.weaver.loadtime.Aj.preProcess byte[1895]
3518 [main] DEBUG org.aspectj.weaver.loadtime.Aj  - 16:58:03.038 main &gt; org.aspectj.weaver.loadtime.Aj.preProcess org.aspectj.weaver.loadtime.Aj@58027738 org/hibernate/proxy/dom4j/Dom4jProxyFactory, byte[1541], org.springframework.test.jpa.OrmXmlOverridingShadowingClassLoader@2bbf1be2
3518 [main] DEBUG org.aspectj.weaver.loadtime.Aj  - 16:58:03.038 main - org.aspectj.weaver.loadtime.Aj.preProcess org.aspectj.weaver.loadtime.Aj@58027738 sun.misc.Launcher$AppClassLoader@302b2c81, org.springframework.test.jpa.OrmXmlOverridingShadowingClassLoader@2bbf1be2
3518 [main] DEBUG org.aspectj.weaver.tools.WeavingAdaptor  - 16:58:03.038 main &gt; org.aspectj.weaver.tools.WeavingAdaptor.weaveClass org.aspectj.weaver.loadtime.ClassLoaderWeavingAdaptor@10b090ac org/hibernate/proxy/dom4j/Dom4jProxyFactory, byte[1541]
3518 [main] DEBUG org.aspectj.weaver.tools.WeavingAdaptor  - 16:58:03.038 main &lt; org.aspectj.weaver.tools.WeavingAdaptor.weaveClass false
3518 [main] DEBUG org.aspectj.weaver.loadtime.Aj  - 16:58:03.038 main &lt; org.aspectj.weaver.loadtime.Aj.preProcess byte[1541]
3518 [main] DEBUG org.aspectj.weaver.loadtime.Aj  - 16:58:03.038 main &gt; org.aspectj.weaver.loadtime.Aj.preProcess org.aspectj.weaver.loadtime.Aj@58027738 org/hibernate/persister/entity/BasicEntityPropertyMapping, byte[1410], org.springframework.test.jpa.OrmXmlOverridingShadowingClassLoader@2bbf1be2
3518 [main] DEBUG org.aspectj.weaver.loadtime.Aj  - 16:58:03.038 main - org.aspectj.weaver.loadtime.Aj.preProcess org.aspectj.weaver.loadtime.Aj@58027738 sun.misc.Launcher$AppClassLoader@302b2c81, org.springframework.test.jpa.OrmXmlOverridingShadowingClassLoader@2bbf1be2
3518 [main] DEBUG org.aspectj.weaver.tools.WeavingAdaptor  - 16:58:03.038 main &gt; org.aspectj.weaver.tools.WeavingAdaptor.weaveClass org.aspectj.weaver.loadtime.ClassLoaderWeavingAdaptor@10b090ac org/hibernate/persister/entity/BasicEntityPropertyMapping, byte[1410]
3518 [main] DEBUG org.aspectj.weaver.tools.WeavingAdaptor  - 16:58:03.038 main &lt; org.aspectj.weaver.tools.WeavingAdaptor.weaveClass false
3519 [main] DEBUG org.aspectj.weaver.loadtime.Aj  - 16:58:03.039 main &lt; org.aspectj.weaver.loadtime.Aj.preProcess byte[1410]
3519 [main] DEBUG org.aspectj.weaver.loadtime.Aj  - 16:58:03.039 main &gt; org.aspectj.weaver.loadtime.Aj.preProcess org.aspectj.weaver.loadtime.Aj@58027738 org/hibernate/persister/entity/AbstractPropertyMapping, byte[6913], org.springframework.test.jpa.OrmXmlOverridingShadowingClassLoader@2bbf1be2
3519 [main] DEBUG org.aspectj.weaver.loadtime.Aj  - 16:58:03.039 main - org.aspectj.weaver.loadtime.Aj.preProcess org.aspectj.weaver.loadtime.Aj@58027738 sun.misc.Launcher$AppClassLoader@302b2c81, org.springframework.test.jpa.OrmXmlOverridingShadowingClassLoader@2bbf1be2
3519 [main] DEBUG org.aspectj.weaver.tools.WeavingAdaptor  - 16:58:03.039 main &gt; org.aspectj.weaver.tools.WeavingAdaptor.weaveClass org.aspectj.weaver.loadtime.ClassLoaderWeavingAdaptor@10b090ac org/hibernate/persister/entity/AbstractPropertyMapping, byte[6913]
3519 [main] DEBUG org.aspectj.weaver.tools.WeavingAdaptor  - 16:58:03.039 main &lt; org.aspectj.weaver.tools.WeavingAdaptor.weaveClass false
3519 [main] DEBUG org.aspectj.weaver.loadtime.Aj  - 16:58:03.039 main &lt; org.aspectj.weaver.loadtime.Aj.preProcess byte[6913]
3520 [main] DEBUG org.aspectj.weaver.loadtime.Aj  - 16:58:03.040 main &gt; org.aspectj.weaver.loadtime.Aj.preProcess org.aspectj.weaver.loadtime.Aj@58027738 org/hibernate/util/FilterHelper, byte[2757], org.springframework.test.jpa.OrmXmlOverridingShadowingClassLoader@2bbf1be2
3520 [main] DEBUG org.aspectj.weaver.loadtime.Aj  - 16:58:03.040 main - org.aspectj.weaver.loadtime.Aj.preProcess org.aspectj.weaver.loadtime.Aj@58027738 sun.misc.Launcher$AppClassLoader@302b2c81, org.springframework.test.jpa.OrmXmlOverridingShadowingClassLoader@2bbf1be2
3520 [main] DEBUG org.aspectj.weaver.tools.WeavingAdaptor  - 16:58:03.040 main &gt; org.aspectj.weaver.tools.WeavingAdaptor.weaveClass org.aspectj.weaver.loadtime.ClassLoaderWeavingAdaptor@10b090ac org/hibernate/util/FilterHelper, byte[2757]
3520 [main] DEBUG org.aspectj.weaver.tools.WeavingAdaptor  - 16:58:03.040 main &lt; org.aspectj.weaver.tools.WeavingAdaptor.weaveClass false
3520 [main] DEBUG org.aspectj.weaver.loadtime.Aj  - 16:58:03.040 main &lt; org.aspectj.weaver.loadtime.Aj.preProcess byte[2757]
3521 [main] DEBUG org.aspectj.weaver.loadtime.Aj  - 16:58:03.041 main &gt; org.aspectj.weaver.loadtime.Aj.preProcess org.aspectj.weaver.loadtime.Aj@58027738 org/hibernate/engine/ExecuteUpdateResultCheckStyle, byte[1673], org.springframework.test.jpa.OrmXmlOverridingShadowingClassLoader@2bbf1be2
3521 [main] DEBUG org.aspectj.weaver.loadtime.Aj  - 16:58:03.041 main - org.aspectj.weaver.loadtime.Aj.preProcess org.aspectj.weaver.loadtime.Aj@58027738 sun.misc.Launcher$AppClassLoader@302b2c81, org.springframework.test.jpa.OrmXmlOverridingShadowingClassLoader@2bbf1be2
3521 [main] DEBUG org.aspectj.weaver.tools.WeavingAdaptor  - 16:58:03.041 main &gt; org.aspectj.weaver.tools.WeavingAdaptor.weaveClass org.aspectj.weaver.loadtime.ClassLoaderWeavingAdaptor@10b090ac org/hibernate/engine/ExecuteUpdateResultCheckStyle, byte[1673]
3521 [main] DEBUG org.aspectj.weaver.tools.WeavingAdaptor  - 16:58:03.041 main &lt; org.aspectj.weaver.tools.WeavingAdaptor.weaveClass false
3521 [main] DEBUG org.aspectj.weaver.loadtime.Aj  - 16:58:03.041 main &lt; org.aspectj.weaver.loadtime.Aj.preProcess byte[1673]
3522 [main] DEBUG org.aspectj.weaver.loadtime.Aj  - 16:58:03.042 main &gt; org.aspectj.weaver.loadtime.Aj.preProcess org.aspectj.weaver.loadtime.Aj@58027738 org/hibernate/dialect/HSQLDialect$ReadUncommittedLockingStrategy, byte[1515], org.springframework.test.jpa.OrmXmlOverridingShadowingClassLoader@2bbf1be2
3522 [main] DEBUG org.aspectj.weaver.loadtime.Aj  - 16:58:03.042 main - org.aspectj.weaver.loadtime.Aj.preProcess org.aspectj.weaver.loadtime.Aj@58027738 sun.misc.Launcher$AppClassLoader@302b2c81, org.springframework.test.jpa.OrmXmlOverridingShadowingClassLoader@2bbf1be2
3522 [main] DEBUG org.aspectj.weaver.tools.WeavingAdaptor  - 16:58:03.042 main &gt; org.aspectj.weaver.tools.WeavingAdaptor.weaveClass org.aspectj.weaver.loadtime.ClassLoaderWeavingAdaptor@10b090ac org/hibernate/dialect/HSQLDialect$ReadUncommittedLockingStrategy, byte[1515]
3522 [main] DEBUG org.aspectj.weaver.tools.WeavingAdaptor  - 16:58:03.042 main &lt; org.aspectj.weaver.tools.WeavingAdaptor.weaveClass false
3522 [main] DEBUG org.aspectj.weaver.loadtime.Aj  - 16:58:03.042 main &lt; org.aspectj.weaver.loadtime.Aj.preProcess byte[1515]
3522 [main] DEBUG org.aspectj.weaver.loadtime.Aj  - 16:58:03.042 main &gt; org.aspectj.weaver.loadtime.Aj.preProcess org.aspectj.weaver.loadtime.Aj@58027738 org/hibernate/dialect/lock/SelectLockingStrategy, byte[5142], org.springframework.test.jpa.OrmXmlOverridingShadowingClassLoader@2bbf1be2
3522 [main] DEBUG org.aspectj.weaver.loadtime.Aj  - 16:58:03.042 main - org.aspectj.weaver.loadtime.Aj.preProcess org.aspectj.weaver.loadtime.Aj@58027738 sun.misc.Launcher$AppClassLoader@302b2c81, org.springframework.test.jpa.OrmXmlOverridingShadowingClassLoader@2bbf1be2
3522 [main] DEBUG org.aspectj.weaver.tools.WeavingAdaptor  - 16:58:03.042 main &gt; org.aspectj.weaver.tools.WeavingAdaptor.weaveClass org.aspectj.weaver.loadtime.ClassLoaderWeavingAdaptor@10b090ac org/hibernate/dialect/lock/SelectLockingStrategy, byte[5142]
3522 [main] DEBUG org.aspectj.weaver.tools.WeavingAdaptor  - 16:58:03.042 main &lt; org.aspectj.weaver.tools.WeavingAdaptor.weaveClass false
3522 [main] DEBUG org.aspectj.weaver.loadtime.Aj  - 16:58:03.042 main &lt; org.aspectj.weaver.loadtime.Aj.preProcess byte[5142]
3523 [main] DEBUG org.aspectj.weaver.loadtime.Aj  - 16:58:03.043 main &gt; org.aspectj.weaver.loadtime.Aj.preProcess org.aspectj.weaver.loadtime.Aj@58027738 org/hibernate/sql/SimpleSelect, byte[5386], org.springframework.test.jpa.OrmXmlOverridingShadowingClassLoader@2bbf1be2
3523 [main] DEBUG org.aspectj.weaver.loadtime.Aj  - 16:58:03.043 main - org.aspectj.weaver.loadtime.Aj.preProcess org.aspectj.weaver.loadtime.Aj@58027738 sun.misc.Launcher$AppClassLoader@302b2c81, org.springframework.test.jpa.OrmXmlOverridingShadowingClassLoader@2bbf1be2
3523 [main] DEBUG org.aspectj.weaver.tools.WeavingAdaptor  - 16:58:03.043 main &gt; org.aspectj.weaver.tools.WeavingAdaptor.weaveClass org.aspectj.weaver.loadtime.ClassLoaderWeavingAdaptor@10b090ac org/hibernate/sql/SimpleSelect, byte[5386]
3523 [main] DEBUG org.aspectj.weaver.tools.WeavingAdaptor  - 16:58:03.043 main &lt; org.aspectj.weaver.tools.WeavingAdaptor.weaveClass false
3523 [main] DEBUG org.aspectj.weaver.loadtime.Aj  - 16:58:03.043 main &lt; org.aspectj.weaver.loadtime.Aj.preProcess byte[5386]
3524 [main] DEBUG org.aspectj.weaver.loadtime.Aj  - 16:58:03.044 main &gt; org.aspectj.weaver.loadtime.Aj.preProcess org.aspectj.weaver.loadtime.Aj@58027738 org/apache/commons/collections/SequencedHashMap$1, byte[1681], org.springframework.test.jpa.OrmXmlOverridingShadowingClassLoader@2bbf1be2
3524 [main] DEBUG org.aspectj.weaver.loadtime.Aj  - 16:58:03.044 main - org.aspectj.weaver.loadtime.Aj.preProcess org.aspectj.weaver.loadtime.Aj@58027738 sun.misc.Launcher$AppClassLoader@302b2c81, org.springframework.test.jpa.OrmXmlOverridingShadowingClassLoader@2bbf1be2
3524 [main] DEBUG org.aspectj.weaver.tools.WeavingAdaptor  - 16:58:03.044 main &gt; org.aspectj.weaver.tools.WeavingAdaptor.weaveClass org.aspectj.weaver.loadtime.ClassLoaderWeavingAdaptor@10b090ac org/apache/commons/collections/SequencedHashMap$1, byte[1681]
3524 [main] DEBUG org.aspectj.weaver.tools.WeavingAdaptor  - 16:58:03.044 main &lt; org.aspectj.weaver.tools.WeavingAdaptor.weaveClass false
3524 [main] DEBUG org.aspectj.weaver.loadtime.Aj  - 16:58:03.044 main &lt; org.aspectj.weaver.loadtime.Aj.preProcess byte[1681]
3525 [main] DEBUG org.aspectj.weaver.loadtime.Aj  - 16:58:03.045 main &gt; org.aspectj.weaver.loadtime.Aj.preProcess org.aspectj.weaver.loadtime.Aj@58027738 org/hibernate/sql/Update, byte[5142], org.springframework.test.jpa.OrmXmlOverridingShadowingClassLoader@2bbf1be2
3525 [main] DEBUG org.aspectj.weaver.loadtime.Aj  - 16:58:03.045 main - org.aspectj.weaver.loadtime.Aj.preProcess org.aspectj.weaver.loadtime.Aj@58027738 sun.misc.Launcher$AppClassLoader@302b2c81, org.springframework.test.jpa.OrmXmlOverridingShadowingClassLoader@2bbf1be2
3525 [main] DEBUG org.aspectj.weaver.tools.WeavingAdaptor  - 16:58:03.045 main &gt; org.aspectj.weaver.tools.WeavingAdaptor.weaveClass org.aspectj.weaver.loadtime.ClassLoaderWeavingAdaptor@10b090ac org/hibernate/sql/Update, byte[5142]
3525 [main] DEBUG org.aspectj.weaver.tools.WeavingAdaptor  - 16:58:03.045 main &lt; org.aspectj.weaver.tools.WeavingAdaptor.weaveClass false
3525 [main] DEBUG org.aspectj.weaver.loadtime.Aj  - 16:58:03.045 main &lt; org.aspectj.weaver.loadtime.Aj.preProcess byte[5142]
3526 [main] DEBUG org.aspectj.weaver.loadtime.Aj  - 16:58:03.046 main &gt; org.aspectj.weaver.loadtime.Aj.preProcess org.aspectj.weaver.loadtime.Aj@58027738 org/apache/commons/collections/SequencedHashMap$3, byte[2283], org.springframework.test.jpa.OrmXmlOverridingShadowingClassLoader@2bbf1be2
3526 [main] DEBUG org.aspectj.weaver.loadtime.Aj  - 16:58:03.046 main - org.aspectj.weaver.loadtime.Aj.preProcess org.aspectj.weaver.loadtime.Aj@58027738 sun.misc.Launcher$AppClassLoader@302b2c81, org.springframework.test.jpa.OrmXmlOverridingShadowingClassLoader@2bbf1be2
3526 [main] DEBUG org.aspectj.weaver.tools.WeavingAdaptor  - 16:58:03.046 main &gt; org.aspectj.weaver.tools.WeavingAdaptor.weaveClass org.aspectj.weaver.loadtime.ClassLoaderWeavingAdaptor@10b090ac org/apache/commons/collections/SequencedHashMap$3, byte[2283]
3534 [main] DEBUG org.aspectj.weaver.tools.WeavingAdaptor  - 16:58:03.054 main &lt; org.aspectj.weaver.tools.WeavingAdaptor.weaveClass false
3534 [main] DEBUG org.aspectj.weaver.loadtime.Aj  - 16:58:03.054 main &lt; org.aspectj.weaver.loadtime.Aj.preProcess byte[2283]
3535 [main] DEBUG org.aspectj.weaver.loadtime.Aj  - 16:58:03.055 main &gt; org.aspectj.weaver.loadtime.Aj.preProcess org.aspectj.weaver.loadtime.Aj@58027738 org/hibernate/sql/Delete, byte[2029], org.springframework.test.jpa.OrmXmlOverridingShadowingClassLoader@2bbf1be2
3535 [main] DEBUG org.aspectj.weaver.loadtime.Aj  - 16:58:03.055 main - org.aspectj.weaver.loadtime.Aj.preProcess org.aspectj.weaver.loadtime.Aj@58027738 sun.misc.Launcher$AppClassLoader@302b2c81, org.springframework.test.jpa.OrmXmlOverridingShadowingClassLoader@2bbf1be2
3535 [main] DEBUG org.aspectj.weaver.tools.WeavingAdaptor  - 16:58:03.055 main &gt; org.aspectj.weaver.tools.WeavingAdaptor.weaveClass org.aspectj.weaver.loadtime.ClassLoaderWeavingAdaptor@10b090ac org/hibernate/sql/Delete, byte[2029]
3535 [main] DEBUG org.aspectj.weaver.tools.WeavingAdaptor  - 16:58:03.055 main &lt; org.aspectj.weaver.tools.WeavingAdaptor.weaveClass false
3535 [main] DEBUG org.aspectj.weaver.loadtime.Aj  - 16:58:03.055 main &lt; org.aspectj.weaver.loadtime.Aj.preProcess byte[2029]
3536 [main] DEBUG org.aspectj.weaver.loadtime.Aj  - 16:58:03.056 main &gt; org.aspectj.weaver.loadtime.Aj.preProcess org.aspectj.weaver.loadtime.Aj@58027738 org/hibernate/sql/Select, byte[3355], org.springframework.test.jpa.OrmXmlOverridingShadowingClassLoader@2bbf1be2
3536 [main] DEBUG org.aspectj.weaver.loadtime.Aj  - 16:58:03.056 main - org.aspectj.weaver.loadtime.Aj.preProcess org.aspectj.weaver.loadtime.Aj@58027738 sun.misc.Launcher$AppClassLoader@302b2c81, org.springframework.test.jpa.OrmXmlOverridingShadowingClassLoader@2bbf1be2
3536 [main] DEBUG org.aspectj.weaver.tools.WeavingAdaptor  - 16:58:03.056 main &gt; org.aspectj.weaver.tools.WeavingAdaptor.weaveClass org.aspectj.weaver.loadtime.ClassLoaderWeavingAdaptor@10b090ac org/hibernate/sql/Select, byte[3355]
3536 [main] DEBUG org.aspectj.weaver.tools.WeavingAdaptor  - 16:58:03.056 main &lt; org.aspectj.weaver.tools.WeavingAdaptor.weaveClass false
3536 [main] DEBUG org.aspectj.weaver.loadtime.Aj  - 16:58:03.056 main &lt; org.aspectj.weaver.loadtime.Aj.preProcess byte[3355]
3536 [main] DEBUG org.aspectj.weaver.loadtime.Aj  - 16:58:03.056 main &gt; org.aspectj.weaver.loadtime.Aj.preProcess org.aspectj.weaver.loadtime.Aj@58027738 org/hibernate/persister/entity/AbstractEntityPersister$2, byte[908], org.springframework.test.jpa.OrmXmlOverridingShadowingClassLoader@2bbf1be2
3536 [main] DEBUG org.aspectj.weaver.loadtime.Aj  - 16:58:03.056 main - org.aspectj.weaver.loadtime.Aj.preProcess org.aspectj.weaver.loadtime.Aj@58027738 sun.misc.Launcher$AppClassLoader@302b2c81, org.springframework.test.jpa.OrmXmlOverridingShadowingClassLoader@2bbf1be2
3537 [main] DEBUG org.aspectj.weaver.tools.WeavingAdaptor  - 16:58:03.057 main &gt; org.aspectj.weaver.tools.WeavingAdaptor.weaveClass org.aspectj.weaver.loadtime.ClassLoaderWeavingAdaptor@10b090ac org/hibernate/persister/entity/AbstractEntityPersister$2, byte[908]
3537 [main] DEBUG org.aspectj.weaver.tools.WeavingAdaptor  - 16:58:03.057 main &lt; org.aspectj.weaver.tools.WeavingAdaptor.weaveClass false
3537 [main] DEBUG org.aspectj.weaver.loadtime.Aj  - 16:58:03.057 main &lt; org.aspectj.weaver.loadtime.Aj.preProcess byte[908]
3537 [main] DEBUG org.aspectj.weaver.loadtime.Aj  - 16:58:03.057 main &gt; org.aspectj.weaver.loadtime.Aj.preProcess org.aspectj.weaver.loadtime.Aj@58027738 org/hibernate/sql/SelectFragment, byte[4333], org.springframework.test.jpa.OrmXmlOverridingShadowingClassLoader@2bbf1be2
3537 [main] DEBUG org.aspectj.weaver.loadtime.Aj  - 16:58:03.057 main - org.aspectj.weaver.loadtime.Aj.preProcess org.aspectj.weaver.loadtime.Aj@58027738 sun.misc.Launcher$AppClassLoader@302b2c81, org.springframework.test.jpa.OrmXmlOverridingShadowingClassLoader@2bbf1be2
3537 [main] DEBUG org.aspectj.weaver.tools.WeavingAdaptor  - 16:58:03.057 main &gt; org.aspectj.weaver.tools.WeavingAdaptor.weaveClass org.aspectj.weaver.loadtime.ClassLoaderWeavingAdaptor@10b090ac org/hibernate/sql/SelectFragment, byte[4333]
3538 [main] DEBUG org.aspectj.weaver.tools.WeavingAdaptor  - 16:58:03.058 main &lt; org.aspectj.weaver.tools.WeavingAdaptor.weaveClass false
3538 [main] DEBUG org.aspectj.weaver.loadtime.Aj  - 16:58:03.058 main &lt; org.aspectj.weaver.loadtime.Aj.preProcess byte[4333]
3539 [main] DEBUG org.aspectj.weaver.loadtime.Aj  - 16:58:03.059 main &gt; org.aspectj.weaver.loadtime.Aj.preProcess org.aspectj.weaver.loadtime.Aj@58027738 org/hibernate/cache/OptimisticCache, byte[435], org.springframework.test.jpa.OrmXmlOverridingShadowingClassLoader@2bbf1be2
3539 [main] DEBUG org.aspectj.weaver.loadtime.Aj  - 16:58:03.059 main - org.aspectj.weaver.loadtime.Aj.preProcess org.aspectj.weaver.loadtime.Aj@58027738 sun.misc.Launcher$AppClassLoader@302b2c81, org.springframework.test.jpa.OrmXmlOverridingShadowingClassLoader@2bbf1be2
3539 [main] DEBUG org.aspectj.weaver.tools.WeavingAdaptor  - 16:58:03.059 main &gt; org.aspectj.weaver.tools.WeavingAdaptor.weaveClass org.aspectj.weaver.loadtime.ClassLoaderWeavingAdaptor@10b090ac org/hibernate/cache/OptimisticCache, byte[435]
3539 [main] DEBUG org.aspectj.weaver.tools.WeavingAdaptor  - 16:58:03.059 main &lt; org.aspectj.weaver.tools.WeavingAdaptor.weaveClass false
3539 [main] DEBUG org.aspectj.weaver.loadtime.Aj  - 16:58:03.059 main &lt; org.aspectj.weaver.loadtime.Aj.preProcess byte[435]
3542 [main] DEBUG org.aspectj.weaver.loadtime.Aj  - 16:58:03.062 main &gt; org.aspectj.weaver.loadtime.Aj.preProcess org.aspectj.weaver.loadtime.Aj@58027738 org/hibernate/collection/PersistentCollection, byte[2862], org.springframework.test.jpa.OrmXmlOverridingShadowingClassLoader@2bbf1be2
3542 [main] DEBUG org.aspectj.weaver.loadtime.Aj  - 16:58:03.062 main - org.aspectj.weaver.loadtime.Aj.preProcess org.aspectj.weaver.loadtime.Aj@58027738 sun.misc.Launcher$AppClassLoader@302b2c81, org.springframework.test.jpa.OrmXmlOverridingShadowingClassLoader@2bbf1be2
3542 [main] DEBUG org.aspectj.weaver.tools.WeavingAdaptor  - 16:58:03.062 main &gt; org.aspectj.weaver.tools.WeavingAdaptor.weaveClass org.aspectj.weaver.loadtime.ClassLoaderWeavingAdaptor@10b090ac org/hibernate/collection/PersistentCollection, byte[2862]
3542 [main] DEBUG org.aspectj.weaver.tools.WeavingAdaptor  - 16:58:03.062 main &lt; org.aspectj.weaver.tools.WeavingAdaptor.weaveClass false
3542 [main] DEBUG org.aspectj.weaver.loadtime.Aj  - 16:58:03.062 main &lt; org.aspectj.weaver.loadtime.Aj.preProcess byte[2862]
3558 [main] DEBUG org.aspectj.weaver.loadtime.Aj  - 16:58:03.078 main &gt; org.aspectj.weaver.loadtime.Aj.preProcess org.aspectj.weaver.loadtime.Aj@58027738 org/hibernate/loader/collection/CollectionInitializer, byte[306], org.springframework.test.jpa.OrmXmlOverridingShadowingClassLoader@2bbf1be2
3558 [main] DEBUG org.aspectj.weaver.loadtime.Aj  - 16:58:03.078 main - org.aspectj.weaver.loadtime.Aj.preProcess org.aspectj.weaver.loadtime.Aj@58027738 sun.misc.Launcher$AppClassLoader@302b2c81, org.springframework.test.jpa.OrmXmlOverridingShadowingClassLoader@2bbf1be2
3558 [main] DEBUG org.aspectj.weaver.tools.WeavingAdaptor  - 16:58:03.078 main &gt; org.aspectj.weaver.tools.WeavingAdaptor.weaveClass org.aspectj.weaver.loadtime.ClassLoaderWeavingAdaptor@10b090ac org/hibernate/loader/collection/CollectionInitializer, byte[306]
3558 [main] DEBUG org.aspectj.weaver.tools.WeavingAdaptor  - 16:58:03.078 main &lt; org.aspectj.weaver.tools.WeavingAdaptor.weaveClass false
3558 [main] DEBUG org.aspectj.weaver.loadtime.Aj  - 16:58:03.078 main &lt; org.aspectj.weaver.loadtime.Aj.preProcess byte[306]
3560 [main] DEBUG org.aspectj.weaver.loadtime.Aj  - 16:58:03.080 main &gt; org.aspectj.weaver.loadtime.Aj.preProcess org.aspectj.weaver.loadtime.Aj@58027738 org/hibernate/cache/entry/StructuredMapCacheEntry, byte[1902], org.springframework.test.jpa.OrmXmlOverridingShadowingClassLoader@2bbf1be2
3560 [main] DEBUG org.aspectj.weaver.loadtime.Aj  - 16:58:03.080 main - org.aspectj.weaver.loadtime.Aj.preProcess org.aspectj.weaver.loadtime.Aj@58027738 sun.misc.Launcher$AppClassLoader@302b2c81, org.springframework.test.jpa.OrmXmlOverridingShadowingClassLoader@2bbf1be2
3560 [main] DEBUG org.aspectj.weaver.tools.WeavingAdaptor  - 16:58:03.080 main &gt; org.aspectj.weaver.tools.WeavingAdaptor.weaveClass org.aspectj.weaver.loadtime.ClassLoaderWeavingAdaptor@10b090ac org/hibernate/cache/entry/StructuredMapCacheEntry, byte[1902]
3560 [main] DEBUG org.aspectj.weaver.tools.WeavingAdaptor  - 16:58:03.080 main &lt; org.aspectj.weaver.tools.WeavingAdaptor.weaveClass false
3560 [main] DEBUG org.aspectj.weaver.loadtime.Aj  - 16:58:03.080 main &lt; org.aspectj.weaver.loadtime.Aj.preProcess byte[1902]
3561 [main] DEBUG org.aspectj.weaver.loadtime.Aj  - 16:58:03.081 main &gt; org.aspectj.weaver.loadtime.Aj.preProcess org.aspectj.weaver.loadtime.Aj@58027738 org/hibernate/cache/entry/StructuredCollectionCacheEntry, byte[1313], org.springframework.test.jpa.OrmXmlOverridingShadowingClassLoader@2bbf1be2
3561 [main] DEBUG org.aspectj.weaver.loadtime.Aj  - 16:58:03.081 main - org.aspectj.weaver.loadtime.Aj.preProcess org.aspectj.weaver.loadtime.Aj@58027738 sun.misc.Launcher$AppClassLoader@302b2c81, org.springframework.test.jpa.OrmXmlOverridingShadowingClassLoader@2bbf1be2
3561 [main] DEBUG org.aspectj.weaver.tools.WeavingAdaptor  - 16:58:03.081 main &gt; org.aspectj.weaver.tools.WeavingAdaptor.weaveClass org.aspectj.weaver.loadtime.ClassLoaderWeavingAdaptor@10b090ac org/hibernate/cache/entry/StructuredCollectionCacheEntry, byte[1313]
3561 [main] DEBUG org.aspectj.weaver.tools.WeavingAdaptor  - 16:58:03.081 main &lt; org.aspectj.weaver.tools.WeavingAdaptor.weaveClass false
3561 [main] DEBUG org.aspectj.weaver.loadtime.Aj  - 16:58:03.081 main &lt; org.aspectj.weaver.loadtime.Aj.preProcess byte[1313]
3563 [main] DEBUG org.aspectj.weaver.loadtime.Aj  - 16:58:03.083 main &gt; org.aspectj.weaver.loadtime.Aj.preProcess org.aspectj.weaver.loadtime.Aj@58027738 org/hibernate/loader/entity/BatchingEntityLoader, byte[4623], org.springframework.test.jpa.OrmXmlOverridingShadowingClassLoader@2bbf1be2
3563 [main] DEBUG org.aspectj.weaver.loadtime.Aj  - 16:58:03.083 main - org.aspectj.weaver.loadtime.Aj.preProcess org.aspectj.weaver.loadtime.Aj@58027738 sun.misc.Launcher$AppClassLoader@302b2c81, org.springframework.test.jpa.OrmXmlOverridingShadowingClassLoader@2bbf1be2
3563 [main] DEBUG org.aspectj.weaver.tools.WeavingAdaptor  - 16:58:03.083 main &gt; org.aspectj.weaver.tools.WeavingAdaptor.weaveClass org.aspectj.weaver.loadtime.ClassLoaderWeavingAdaptor@10b090ac org/hibernate/loader/entity/BatchingEntityLoader, byte[4623]
3563 [main] DEBUG org.aspectj.weaver.tools.WeavingAdaptor  - 16:58:03.083 main &lt; org.aspectj.weaver.tools.WeavingAdaptor.weaveClass false
3563 [main] DEBUG org.aspectj.weaver.loadtime.Aj  - 16:58:03.083 main &lt; org.aspectj.weaver.loadtime.Aj.preProcess byte[4623]
3564 [main] DEBUG org.aspectj.weaver.loadtime.Aj  - 16:58:03.084 main &gt; org.aspectj.weaver.loadtime.Aj.preProcess org.aspectj.weaver.loadtime.Aj@58027738 org/hibernate/loader/entity/EntityLoader, byte[3307], org.springframework.test.jpa.OrmXmlOverridingShadowingClassLoader@2bbf1be2
3564 [main] DEBUG org.aspectj.weaver.loadtime.Aj  - 16:58:03.084 main - org.aspectj.weaver.loadtime.Aj.preProcess org.aspectj.weaver.loadtime.Aj@58027738 sun.misc.Launcher$AppClassLoader@302b2c81, org.springframework.test.jpa.OrmXmlOverridingShadowingClassLoader@2bbf1be2
3564 [main] DEBUG org.aspectj.weaver.tools.WeavingAdaptor  - 16:58:03.084 main &gt; org.aspectj.weaver.tools.WeavingAdaptor.weaveClass org.aspectj.weaver.loadtime.ClassLoaderWeavingAdaptor@10b090ac org/hibernate/loader/entity/EntityLoader, byte[3307]
3564 [main] DEBUG org.aspectj.weaver.tools.WeavingAdaptor  - 16:58:03.084 main &lt; org.aspectj.weaver.tools.WeavingAdaptor.weaveClass false
3564 [main] DEBUG org.aspectj.weaver.loadtime.Aj  - 16:58:03.084 main &lt; org.aspectj.weaver.loadtime.Aj.preProcess byte[3307]
3565 [main] DEBUG org.aspectj.weaver.loadtime.Aj  - 16:58:03.085 main &gt; org.aspectj.weaver.loadtime.Aj.preProcess org.aspectj.weaver.loadtime.Aj@58027738 org/hibernate/loader/entity/AbstractEntityLoader, byte[3881], org.springframework.test.jpa.OrmXmlOverridingShadowingClassLoader@2bbf1be2
3565 [main] DEBUG org.aspectj.weaver.loadtime.Aj  - 16:58:03.085 main - org.aspectj.weaver.loadtime.Aj.preProcess org.aspectj.weaver.loadtime.Aj@58027738 sun.misc.Launcher$AppClassLoader@302b2c81, org.springframework.test.jpa.OrmXmlOverridingShadowingClassLoader@2bbf1be2
3565 [main] DEBUG org.aspectj.weaver.tools.WeavingAdaptor  - 16:58:03.085 main &gt; org.aspectj.weaver.tools.WeavingAdaptor.weaveClass org.aspectj.weaver.loadtime.ClassLoaderWeavingAdaptor@10b090ac org/hibernate/loader/entity/AbstractEntityLoader, byte[3881]
3565 [main] DEBUG org.aspectj.weaver.tools.WeavingAdaptor  - 16:58:03.085 main &lt; org.aspectj.weaver.tools.WeavingAdaptor.weaveClass false
3565 [main] DEBUG org.aspectj.weaver.loadtime.Aj  - 16:58:03.085 main &lt; org.aspectj.weaver.loadtime.Aj.preProcess byte[3881]
3565 [main] DEBUG org.aspectj.weaver.loadtime.Aj  - 16:58:03.085 main &gt; org.aspectj.weaver.loadtime.Aj.preProcess org.aspectj.weaver.loadtime.Aj@58027738 org/hibernate/loader/OuterJoinLoader, byte[3052], org.springframework.test.jpa.OrmXmlOverridingShadowingClassLoader@2bbf1be2
3565 [main] DEBUG org.aspectj.weaver.loadtime.Aj  - 16:58:03.085 main - org.aspectj.weaver.loadtime.Aj.preProcess org.aspectj.weaver.loadtime.Aj@58027738 sun.misc.Launcher$AppClassLoader@302b2c81, org.springframework.test.jpa.OrmXmlOverridingShadowingClassLoader@2bbf1be2
3565 [main] DEBUG org.aspectj.weaver.tools.WeavingAdaptor  - 16:58:03.085 main &gt; org.aspectj.weaver.tools.WeavingAdaptor.weaveClass org.aspectj.weaver.loadtime.ClassLoaderWeavingAdaptor@10b090ac org/hibernate/loader/OuterJoinLoader, byte[3052]
3565 [main] DEBUG org.aspectj.weaver.tools.WeavingAdaptor  - 16:58:03.085 main &lt; org.aspectj.weaver.tools.WeavingAdaptor.weaveClass false
3565 [main] DEBUG org.aspectj.weaver.loadtime.Aj  - 16:58:03.085 main &lt; org.aspectj.weaver.loadtime.Aj.preProcess byte[3052]
3566 [main] DEBUG org.aspectj.weaver.loadtime.Aj  - 16:58:03.086 main &gt; org.aspectj.weaver.loadtime.Aj.preProcess org.aspectj.weaver.loadtime.Aj@58027738 org/hibernate/loader/BasicLoader, byte[3888], org.springframework.test.jpa.OrmXmlOverridingShadowingClassLoader@2bbf1be2
3566 [main] DEBUG org.aspectj.weaver.loadtime.Aj  - 16:58:03.086 main - org.aspectj.weaver.loadtime.Aj.preProcess org.aspectj.weaver.loadtime.Aj@58027738 sun.misc.Launcher$AppClassLoader@302b2c81, org.springframework.test.jpa.OrmXmlOverridingShadowingClassLoader@2bbf1be2
3566 [main] DEBUG org.aspectj.weaver.tools.WeavingAdaptor  - 16:58:03.086 main &gt; org.aspectj.weaver.tools.WeavingAdaptor.weaveClass org.aspectj.weaver.loadtime.ClassLoaderWeavingAdaptor@10b090ac org/hibernate/loader/BasicLoader, byte[3888]
3566 [main] DEBUG org.aspectj.weaver.tools.WeavingAdaptor  - 16:58:03.086 main &lt; org.aspectj.weaver.tools.WeavingAdaptor.weaveClass false
3566 [main] DEBUG org.aspectj.weaver.loadtime.Aj  - 16:58:03.086 main &lt; org.aspectj.weaver.loadtime.Aj.preProcess byte[3888]
3566 [main] DEBUG org.aspectj.weaver.loadtime.Aj  - 16:58:03.086 main &gt; org.aspectj.weaver.loadtime.Aj.preProcess org.aspectj.weaver.loadtime.Aj@58027738 org/hibernate/loader/Loader, byte[48136], org.springframework.test.jpa.OrmXmlOverridingShadowingClassLoader@2bbf1be2
3566 [main] DEBUG org.aspectj.weaver.loadtime.Aj  - 16:58:03.086 main - org.aspectj.weaver.loadtime.Aj.preProcess org.aspectj.weaver.loadtime.Aj@58027738 sun.misc.Launcher$AppClassLoader@302b2c81, org.springframework.test.jpa.OrmXmlOverridingShadowingClassLoader@2bbf1be2
3566 [main] DEBUG org.aspectj.weaver.tools.WeavingAdaptor  - 16:58:03.086 main &gt; org.aspectj.weaver.tools.WeavingAdaptor.weaveClass org.aspectj.weaver.loadtime.ClassLoaderWeavingAdaptor@10b090ac org/hibernate/loader/Loader, byte[48136]
3566 [main] DEBUG org.aspectj.weaver.tools.WeavingAdaptor  - 16:58:03.086 main &lt; org.aspectj.weaver.tools.WeavingAdaptor.weaveClass false
3567 [main] DEBUG org.aspectj.weaver.loadtime.Aj  - 16:58:03.087 main &lt; org.aspectj.weaver.loadtime.Aj.preProcess byte[48136]
3569 [main] DEBUG org.aspectj.weaver.loadtime.Aj  - 16:58:03.089 main &gt; org.aspectj.weaver.loadtime.Aj.preProcess org.aspectj.weaver.loadtime.Aj@58027738 org/hibernate/ScrollableResults, byte[1677], org.springframework.test.jpa.OrmXmlOverridingShadowingClassLoader@2bbf1be2
3569 [main] DEBUG org.aspectj.weaver.loadtime.Aj  - 16:58:03.089 main - org.aspectj.weaver.loadtime.Aj.preProcess org.aspectj.weaver.loadtime.Aj@58027738 sun.misc.Launcher$AppClassLoader@302b2c81, org.springframework.test.jpa.OrmXmlOverridingShadowingClassLoader@2bbf1be2
3569 [main] DEBUG org.aspectj.weaver.tools.WeavingAdaptor  - 16:58:03.089 main &gt; org.aspectj.weaver.tools.WeavingAdaptor.weaveClass org.aspectj.weaver.loadtime.ClassLoaderWeavingAdaptor@10b090ac org/hibernate/ScrollableResults, byte[1677]
3569 [main] DEBUG org.aspectj.weaver.tools.WeavingAdaptor  - 16:58:03.089 main &lt; org.aspectj.weaver.tools.WeavingAdaptor.weaveClass false
3569 [main] DEBUG org.aspectj.weaver.loadtime.Aj  - 16:58:03.089 main &lt; org.aspectj.weaver.loadtime.Aj.preProcess byte[1677]
3571 [main] DEBUG org.aspectj.weaver.loadtime.Aj  - 16:58:03.090 main &gt; org.aspectj.weaver.loadtime.Aj.preProcess org.aspectj.weaver.loadtime.Aj@58027738 org/hibernate/loader/JoinWalker, byte[21825], org.springframework.test.jpa.OrmXmlOverridingShadowingClassLoader@2bbf1be2
3571 [main] DEBUG org.aspectj.weaver.loadtime.Aj  - 16:58:03.091 main - org.aspectj.weaver.loadtime.Aj.preProcess org.aspectj.weaver.loadtime.Aj@58027738 sun.misc.Launcher$AppClassLoader@302b2c81, org.springframework.test.jpa.OrmXmlOverridingShadowingClassLoader@2bbf1be2
3571 [main] DEBUG org.aspectj.weaver.tools.WeavingAdaptor  - 16:58:03.091 main &gt; org.aspectj.weaver.tools.WeavingAdaptor.weaveClass org.aspectj.weaver.loadtime.ClassLoaderWeavingAdaptor@10b090ac org/hibernate/loader/JoinWalker, byte[21825]
3571 [main] DEBUG org.aspectj.weaver.tools.WeavingAdaptor  - 16:58:03.091 main &lt; org.aspectj.weaver.tools.WeavingAdaptor.weaveClass false
3571 [main] DEBUG org.aspectj.weaver.loadtime.Aj  - 16:58:03.091 main &lt; org.aspectj.weaver.loadtime.Aj.preProcess byte[21825]
3572 [main] DEBUG org.aspectj.weaver.loadtime.Aj  - 16:58:03.092 main &gt; org.aspectj.weaver.loadtime.Aj.preProcess org.aspectj.weaver.loadtime.Aj@58027738 org/hibernate/loader/entity/EntityJoinWalker, byte[2417], org.springframework.test.jpa.OrmXmlOverridingShadowingClassLoader@2bbf1be2
3572 [main] DEBUG org.aspectj.weaver.loadtime.Aj  - 16:58:03.092 main - org.aspectj.weaver.loadtime.Aj.preProcess org.aspectj.weaver.loadtime.Aj@58027738 sun.misc.Launcher$AppClassLoader@302b2c81, org.springframework.test.jpa.OrmXmlOverridingShadowingClassLoader@2bbf1be2
3572 [main] DEBUG org.aspectj.weaver.tools.WeavingAdaptor  - 16:58:03.092 main &gt; org.aspectj.weaver.tools.WeavingAdaptor.weaveClass org.aspectj.weaver.loadtime.ClassLoaderWeavingAdaptor@10b090ac org/hibernate/loader/entity/EntityJoinWalker, byte[2417]
3572 [main] DEBUG org.aspectj.weaver.tools.WeavingAdaptor  - 16:58:03.092 main &lt; org.aspectj.weaver.tools.WeavingAdaptor.weaveClass false
3572 [main] DEBUG org.aspectj.weaver.loadtime.Aj  - 16:58:03.092 main &lt; org.aspectj.weaver.loadtime.Aj.preProcess byte[2417]
3572 [main] DEBUG org.aspectj.weaver.loadtime.Aj  - 16:58:03.092 main &gt; org.aspectj.weaver.loadtime.Aj.preProcess org.aspectj.weaver.loadtime.Aj@58027738 org/hibernate/loader/AbstractEntityJoinWalker, byte[6407], org.springframework.test.jpa.OrmXmlOverridingShadowingClassLoader@2bbf1be2
3573 [main] DEBUG org.aspectj.weaver.loadtime.Aj  - 16:58:03.093 main - org.aspectj.weaver.loadtime.Aj.preProcess org.aspectj.weaver.loadtime.Aj@58027738 sun.misc.Launcher$AppClassLoader@302b2c81, org.springframework.test.jpa.OrmXmlOverridingShadowingClassLoader@2bbf1be2
3573 [main] DEBUG org.aspectj.weaver.tools.WeavingAdaptor  - 16:58:03.093 main &gt; org.aspectj.weaver.tools.WeavingAdaptor.weaveClass org.aspectj.weaver.loadtime.ClassLoaderWeavingAdaptor@10b090ac org/hibernate/loader/AbstractEntityJoinWalker, byte[6407]
3573 [main] DEBUG org.aspectj.weaver.tools.WeavingAdaptor  - 16:58:03.093 main &lt; org.aspectj.weaver.tools.WeavingAdaptor.weaveClass false
3573 [main] DEBUG org.aspectj.weaver.loadtime.Aj  - 16:58:03.093 main &lt; org.aspectj.weaver.loadtime.Aj.preProcess byte[6407]
3574 [main] DEBUG org.aspectj.weaver.loadtime.Aj  - 16:58:03.094 main &gt; org.aspectj.weaver.loadtime.Aj.preProcess org.aspectj.weaver.loadtime.Aj@58027738 org/hibernate/sql/InFragment, byte[2835], org.springframework.test.jpa.OrmXmlOverridingShadowingClassLoader@2bbf1be2
3574 [main] DEBUG org.aspectj.weaver.loadtime.Aj  - 16:58:03.094 main - org.aspectj.weaver.loadtime.Aj.preProcess org.aspectj.weaver.loadtime.Aj@58027738 sun.misc.Launcher$AppClassLoader@302b2c81, org.springframework.test.jpa.OrmXmlOverridingShadowingClassLoader@2bbf1be2
3574 [main] DEBUG org.aspectj.weaver.tools.WeavingAdaptor  - 16:58:03.094 main &gt; org.aspectj.weaver.tools.WeavingAdaptor.weaveClass org.aspectj.weaver.loadtime.ClassLoaderWeavingAdaptor@10b090ac org/hibernate/sql/InFragment, byte[2835]
3574 [main] DEBUG org.aspectj.weaver.tools.WeavingAdaptor  - 16:58:03.094 main &lt; org.aspectj.weaver.tools.WeavingAdaptor.weaveClass false
3575 [main] DEBUG org.aspectj.weaver.loadtime.Aj  - 16:58:03.095 main &lt; org.aspectj.weaver.loadtime.Aj.preProcess byte[2835]
3575 [main] DEBUG org.aspectj.weaver.loadtime.Aj  - 16:58:03.095 main &gt; org.aspectj.weaver.loadtime.Aj.preProcess org.aspectj.weaver.loadtime.Aj@58027738 org/hibernate/loader/OuterJoinableAssociation, byte[5199], org.springframework.test.jpa.OrmXmlOverridingShadowingClassLoader@2bbf1be2
3575 [main] DEBUG org.aspectj.weaver.loadtime.Aj  - 16:58:03.095 main - org.aspectj.weaver.loadtime.Aj.preProcess org.aspectj.weaver.loadtime.Aj@58027738 sun.misc.Launcher$AppClassLoader@302b2c81, org.springframework.test.jpa.OrmXmlOverridingShadowingClassLoader@2bbf1be2
3575 [main] DEBUG org.aspectj.weaver.tools.WeavingAdaptor  - 16:58:03.095 main &gt; org.aspectj.weaver.tools.WeavingAdaptor.weaveClass org.aspectj.weaver.loadtime.ClassLoaderWeavingAdaptor@10b090ac org/hibernate/loader/OuterJoinableAssociation, byte[5199]
3575 [main] DEBUG org.aspectj.weaver.tools.WeavingAdaptor  - 16:58:03.095 main &lt; org.aspectj.weaver.tools.WeavingAdaptor.weaveClass false
3575 [main] DEBUG org.aspectj.weaver.loadtime.Aj  - 16:58:03.095 main &lt; org.aspectj.weaver.loadtime.Aj.preProcess byte[5199]
3576 [main] DEBUG org.aspectj.weaver.loadtime.Aj  - 16:58:03.096 main &gt; org.aspectj.weaver.loadtime.Aj.preProcess org.aspectj.weaver.loadtime.Aj@58027738 org/hibernate/engine/JoinHelper, byte[3787], org.springframework.test.jpa.OrmXmlOverridingShadowingClassLoader@2bbf1be2
3576 [main] DEBUG org.aspectj.weaver.loadtime.Aj  - 16:58:03.096 main - org.aspectj.weaver.loadtime.Aj.preProcess org.aspectj.weaver.loadtime.Aj@58027738 sun.misc.Launcher$AppClassLoader@302b2c81, org.springframework.test.jpa.OrmXmlOverridingShadowingClassLoader@2bbf1be2
3576 [main] DEBUG org.aspectj.weaver.tools.WeavingAdaptor  - 16:58:03.096 main &gt; org.aspectj.weaver.tools.WeavingAdaptor.weaveClass org.aspectj.weaver.loadtime.ClassLoaderWeavingAdaptor@10b090ac org/hibernate/engine/JoinHelper, byte[3787]
3576 [main] DEBUG org.aspectj.weaver.tools.WeavingAdaptor  - 16:58:03.096 main &lt; org.aspectj.weaver.tools.WeavingAdaptor.weaveClass false
3576 [main] DEBUG org.aspectj.weaver.loadtime.Aj  - 16:58:03.096 main &lt; org.aspectj.weaver.loadtime.Aj.preProcess byte[3787]
3577 [main] DEBUG org.aspectj.weaver.loadtime.Aj  - 16:58:03.097 main &gt; org.aspectj.weaver.loadtime.Aj.preProcess org.aspectj.weaver.loadtime.Aj@58027738 org/hibernate/loader/EntityAliases, byte[443], org.springframework.test.jpa.OrmXmlOverridingShadowingClassLoader@2bbf1be2
3577 [main] DEBUG org.aspectj.weaver.loadtime.Aj  - 16:58:03.097 main - org.aspectj.weaver.loadtime.Aj.preProcess org.aspectj.weaver.loadtime.Aj@58027738 sun.misc.Launcher$AppClassLoader@302b2c81, org.springframework.test.jpa.OrmXmlOverridingShadowingClassLoader@2bbf1be2
3577 [main] DEBUG org.aspectj.weaver.tools.WeavingAdaptor  - 16:58:03.097 main &gt; org.aspectj.weaver.tools.WeavingAdaptor.weaveClass org.aspectj.weaver.loadtime.ClassLoaderWeavingAdaptor@10b090ac org/hibernate/loader/EntityAliases, byte[443]
3577 [main] DEBUG org.aspectj.weaver.tools.WeavingAdaptor  - 16:58:03.097 main &lt; org.aspectj.weaver.tools.WeavingAdaptor.weaveClass false
3577 [main] DEBUG org.aspectj.weaver.loadtime.Aj  - 16:58:03.097 main &lt; org.aspectj.weaver.loadtime.Aj.preProcess byte[443]
3577 [main] DEBUG org.aspectj.weaver.loadtime.Aj  - 16:58:03.097 main &gt; org.aspectj.weaver.loadtime.Aj.preProcess org.aspectj.weaver.loadtime.Aj@58027738 org/hibernate/loader/DefaultEntityAliases, byte[3998], org.springframework.test.jpa.OrmXmlOverridingShadowingClassLoader@2bbf1be2
3577 [main] DEBUG org.aspectj.weaver.loadtime.Aj  - 16:58:03.097 main - org.aspectj.weaver.loadtime.Aj.preProcess org.aspectj.weaver.loadtime.Aj@58027738 sun.misc.Launcher$AppClassLoader@302b2c81, org.springframework.test.jpa.OrmXmlOverridingShadowingClassLoader@2bbf1be2
3578 [main] DEBUG org.aspectj.weaver.tools.WeavingAdaptor  - 16:58:03.098 main &gt; org.aspectj.weaver.tools.WeavingAdaptor.weaveClass org.aspectj.weaver.loadtime.ClassLoaderWeavingAdaptor@10b090ac org/hibernate/loader/DefaultEntityAliases, byte[3998]
3578 [main] DEBUG org.aspectj.weaver.tools.WeavingAdaptor  - 16:58:03.098 main &lt; org.aspectj.weaver.tools.WeavingAdaptor.weaveClass false
3578 [main] DEBUG org.aspectj.weaver.loadtime.Aj  - 16:58:03.098 main &lt; org.aspectj.weaver.loadtime.Aj.preProcess byte[3998]
3578 [main] DEBUG org.aspectj.weaver.loadtime.Aj  - 16:58:03.098 main &gt; org.aspectj.weaver.loadtime.Aj.preProcess org.aspectj.weaver.loadtime.Aj@58027738 org/hibernate/loader/entity/CascadeEntityLoader, byte[1895], org.springframework.test.jpa.OrmXmlOverridingShadowingClassLoader@2bbf1be2
3579 [main] DEBUG org.aspectj.weaver.loadtime.Aj  - 16:58:03.099 main - org.aspectj.weaver.loadtime.Aj.preProcess org.aspectj.weaver.loadtime.Aj@58027738 sun.misc.Launcher$AppClassLoader@302b2c81, org.springframework.test.jpa.OrmXmlOverridingShadowingClassLoader@2bbf1be2
3579 [main] DEBUG org.aspectj.weaver.tools.WeavingAdaptor  - 16:58:03.099 main &gt; org.aspectj.weaver.tools.WeavingAdaptor.weaveClass org.aspectj.weaver.loadtime.ClassLoaderWeavingAdaptor@10b090ac org/hibernate/loader/entity/CascadeEntityLoader, byte[1895]
3579 [main] DEBUG org.aspectj.weaver.tools.WeavingAdaptor  - 16:58:03.099 main &lt; org.aspectj.weaver.tools.WeavingAdaptor.weaveClass false
3579 [main] DEBUG org.aspectj.weaver.loadtime.Aj  - 16:58:03.099 main &lt; org.aspectj.weaver.loadtime.Aj.preProcess byte[1895]
3579 [main] DEBUG org.aspectj.weaver.loadtime.Aj  - 16:58:03.099 main &gt; org.aspectj.weaver.loadtime.Aj.preProcess org.aspectj.weaver.loadtime.Aj@58027738 org/hibernate/loader/entity/CascadeEntityJoinWalker, byte[2809], org.springframework.test.jpa.OrmXmlOverridingShadowingClassLoader@2bbf1be2
3579 [main] DEBUG org.aspectj.weaver.loadtime.Aj  - 16:58:03.099 main - org.aspectj.weaver.loadtime.Aj.preProcess org.aspectj.weaver.loadtime.Aj@58027738 sun.misc.Launcher$AppClassLoader@302b2c81, org.springframework.test.jpa.OrmXmlOverridingShadowingClassLoader@2bbf1be2
3579 [main] DEBUG org.aspectj.weaver.tools.WeavingAdaptor  - 16:58:03.099 main &gt; org.aspectj.weaver.tools.WeavingAdaptor.weaveClass org.aspectj.weaver.loadtime.ClassLoaderWeavingAdaptor@10b090ac org/hibernate/loader/entity/CascadeEntityJoinWalker, byte[2809]
3579 [main] DEBUG org.aspectj.weaver.tools.WeavingAdaptor  - 16:58:03.099 main &lt; org.aspectj.weaver.tools.WeavingAdaptor.weaveClass false
3579 [main] DEBUG org.aspectj.weaver.loadtime.Aj  - 16:58:03.099 main &lt; org.aspectj.weaver.loadtime.Aj.preProcess byte[2809]
3579 [main] DEBUG org.aspectj.weaver.loadtime.Aj  - 16:58:03.099 main &gt; org.aspectj.weaver.loadtime.Aj.preProcess org.aspectj.weaver.loadtime.Aj@58027738 org/hibernate/engine/CascadingAction, byte[4214], org.springframework.test.jpa.OrmXmlOverridingShadowingClassLoader@2bbf1be2
3580 [main] DEBUG org.aspectj.weaver.loadtime.Aj  - 16:58:03.100 main - org.aspectj.weaver.loadtime.Aj.preProcess org.aspectj.weaver.loadtime.Aj@58027738 sun.misc.Launcher$AppClassLoader@302b2c81, org.springframework.test.jpa.OrmXmlOverridingShadowingClassLoader@2bbf1be2
3580 [main] DEBUG org.aspectj.weaver.tools.WeavingAdaptor  - 16:58:03.100 main &gt; org.aspectj.weaver.tools.WeavingAdaptor.weaveClass org.aspectj.weaver.loadtime.ClassLoaderWeavingAdaptor@10b090ac org/hibernate/engine/CascadingAction, byte[4214]
3580 [main] DEBUG org.aspectj.weaver.tools.WeavingAdaptor  - 16:58:03.100 main &lt; org.aspectj.weaver.tools.WeavingAdaptor.weaveClass false
3580 [main] DEBUG org.aspectj.weaver.loadtime.Aj  - 16:58:03.100 main &lt; org.aspectj.weaver.loadtime.Aj.preProcess byte[4214]
3580 [main] DEBUG org.aspectj.weaver.loadtime.Aj  - 16:58:03.100 main &gt; org.aspectj.weaver.loadtime.Aj.preProcess org.aspectj.weaver.loadtime.Aj@58027738 org/hibernate/engine/CascadingAction$1, byte[1809], org.springframework.test.jpa.OrmXmlOverridingShadowingClassLoader@2bbf1be2
3580 [main] DEBUG org.aspectj.weaver.loadtime.Aj  - 16:58:03.100 main - org.aspectj.weaver.loadtime.Aj.preProcess org.aspectj.weaver.loadtime.Aj@58027738 sun.misc.Launcher$AppClassLoader@302b2c81, org.springframework.test.jpa.OrmXmlOverridingShadowingClassLoader@2bbf1be2
3580 [main] DEBUG org.aspectj.weaver.tools.WeavingAdaptor  - 16:58:03.100 main &gt; org.aspectj.weaver.tools.WeavingAdaptor.weaveClass org.aspectj.weaver.loadtime.ClassLoaderWeavingAdaptor@10b090ac org/hibernate/engine/CascadingAction$1, byte[1809]
3580 [main] DEBUG org.aspectj.weaver.tools.WeavingAdaptor  - 16:58:03.100 main &lt; org.aspectj.weaver.tools.WeavingAdaptor.weaveClass false
3580 [main] DEBUG org.aspectj.weaver.loadtime.Aj  - 16:58:03.100 main &lt; org.aspectj.weaver.loadtime.Aj.preProcess byte[1809]
3581 [main] DEBUG org.aspectj.weaver.loadtime.Aj  - 16:58:03.101 main &gt; org.aspectj.weaver.loadtime.Aj.preProcess org.aspectj.weaver.loadtime.Aj@58027738 org/hibernate/engine/CascadingAction$2, byte[1994], org.springframework.test.jpa.OrmXmlOverridingShadowingClassLoader@2bbf1be2
3581 [main] DEBUG org.aspectj.weaver.loadtime.Aj  - 16:58:03.101 main - org.aspectj.weaver.loadtime.Aj.preProcess org.aspectj.weaver.loadtime.Aj@58027738 sun.misc.Launcher$AppClassLoader@302b2c81, org.springframework.test.jpa.OrmXmlOverridingShadowingClassLoader@2bbf1be2
3581 [main] DEBUG org.aspectj.weaver.tools.WeavingAdaptor  - 16:58:03.101 main &gt; org.aspectj.weaver.tools.WeavingAdaptor.weaveClass org.aspectj.weaver.loadtime.ClassLoaderWeavingAdaptor@10b090ac org/hibernate/engine/CascadingAction$2, byte[1994]
3581 [main] DEBUG org.aspectj.weaver.tools.WeavingAdaptor  - 16:58:03.101 main &lt; org.aspectj.weaver.tools.WeavingAdaptor.weaveClass false
3581 [main] DEBUG org.aspectj.weaver.loadtime.Aj  - 16:58:03.101 main &lt; org.aspectj.weaver.loadtime.Aj.preProcess byte[1994]
3581 [main] DEBUG org.aspectj.weaver.loadtime.Aj  - 16:58:03.101 main &gt; org.aspectj.weaver.loadtime.Aj.preProcess org.aspectj.weaver.loadtime.Aj@58027738 org/hibernate/engine/CascadingAction$3, byte[1924], org.springframework.test.jpa.OrmXmlOverridingShadowingClassLoader@2bbf1be2
3581 [main] DEBUG org.aspectj.weaver.loadtime.Aj  - 16:58:03.101 main - org.aspectj.weaver.loadtime.Aj.preProcess org.aspectj.weaver.loadtime.Aj@58027738 sun.misc.Launcher$AppClassLoader@302b2c81, org.springframework.test.jpa.OrmXmlOverridingShadowingClassLoader@2bbf1be2
3581 [main] DEBUG org.aspectj.weaver.tools.WeavingAdaptor  - 16:58:03.101 main &gt; org.aspectj.weaver.tools.WeavingAdaptor.weaveClass org.aspectj.weaver.loadtime.ClassLoaderWeavingAdaptor@10b090ac org/hibernate/engine/CascadingAction$3, byte[1924]
3581 [main] DEBUG org.aspectj.weaver.tools.WeavingAdaptor  - 16:58:03.101 main &lt; org.aspectj.weaver.tools.WeavingAdaptor.weaveClass false
3581 [main] DEBUG org.aspectj.weaver.loadtime.Aj  - 16:58:03.101 main &lt; org.aspectj.weaver.loadtime.Aj.preProcess byte[1924]
3581 [main] DEBUG org.aspectj.weaver.loadtime.Aj  - 16:58:03.101 main &gt; org.aspectj.weaver.loadtime.Aj.preProcess org.aspectj.weaver.loadtime.Aj@58027738 org/hibernate/engine/CascadingAction$4, byte[1937], org.springframework.test.jpa.OrmXmlOverridingShadowingClassLoader@2bbf1be2
3581 [main] DEBUG org.aspectj.weaver.loadtime.Aj  - 16:58:03.101 main - org.aspectj.weaver.loadtime.Aj.preProcess org.aspectj.weaver.loadtime.Aj@58027738 sun.misc.Launcher$AppClassLoader@302b2c81, org.springframework.test.jpa.OrmXmlOverridingShadowingClassLoader@2bbf1be2
3582 [main] DEBUG org.aspectj.weaver.tools.WeavingAdaptor  - 16:58:03.102 main &gt; org.aspectj.weaver.tools.WeavingAdaptor.weaveClass org.aspectj.weaver.loadtime.ClassLoaderWeavingAdaptor@10b090ac org/hibernate/engine/CascadingAction$4, byte[1937]
3582 [main] DEBUG org.aspectj.weaver.tools.WeavingAdaptor  - 16:58:03.102 main &lt; org.aspectj.weaver.tools.WeavingAdaptor.weaveClass false
3582 [main] DEBUG org.aspectj.weaver.loadtime.Aj  - 16:58:03.102 main &lt; org.aspectj.weaver.loadtime.Aj.preProcess byte[1937]
3582 [main] DEBUG org.aspectj.weaver.loadtime.Aj  - 16:58:03.102 main &gt; org.aspectj.weaver.loadtime.Aj.preProcess org.aspectj.weaver.loadtime.Aj@58027738 org/hibernate/engine/CascadingAction$5, byte[2000], org.springframework.test.jpa.OrmXmlOverridingShadowingClassLoader@2bbf1be2
3582 [main] DEBUG org.aspectj.weaver.loadtime.Aj  - 16:58:03.102 main - org.aspectj.weaver.loadtime.Aj.preProcess org.aspectj.weaver.loadtime.Aj@58027738 sun.misc.Launcher$AppClassLoader@302b2c81, org.springframework.test.jpa.OrmXmlOverridingShadowingClassLoader@2bbf1be2
3582 [main] DEBUG org.aspectj.weaver.tools.WeavingAdaptor  - 16:58:03.102 main &gt; org.aspectj.weaver.tools.WeavingAdaptor.weaveClass org.aspectj.weaver.loadtime.ClassLoaderWeavingAdaptor@10b090ac org/hibernate/engine/CascadingAction$5, byte[2000]
3582 [main] DEBUG org.aspectj.weaver.tools.WeavingAdaptor  - 16:58:03.102 main &lt; org.aspectj.weaver.tools.WeavingAdaptor.weaveClass false
3582 [main] DEBUG org.aspectj.weaver.loadtime.Aj  - 16:58:03.102 main &lt; org.aspectj.weaver.loadtime.Aj.preProcess byte[2000]
3582 [main] DEBUG org.aspectj.weaver.loadtime.Aj  - 16:58:03.102 main &gt; org.aspectj.weaver.loadtime.Aj.preProcess org.aspectj.weaver.loadtime.Aj@58027738 org/hibernate/engine/CascadingAction$6, byte[1937], org.springframework.test.jpa.OrmXmlOverridingShadowingClassLoader@2bbf1be2
3582 [main] DEBUG org.aspectj.weaver.loadtime.Aj  - 16:58:03.102 main - org.aspectj.weaver.loadtime.Aj.preProcess org.aspectj.weaver.loadtime.Aj@58027738 sun.misc.Launcher$AppClassLoader@302b2c81, org.springframework.test.jpa.OrmXmlOverridingShadowingClassLoader@2bbf1be2
3583 [main] DEBUG org.aspectj.weaver.tools.WeavingAdaptor  - 16:58:03.103 main &gt; org.aspectj.weaver.tools.WeavingAdaptor.weaveClass org.aspectj.weaver.loadtime.ClassLoaderWeavingAdaptor@10b090ac org/hibernate/engine/CascadingAction$6, byte[1937]
3583 [main] DEBUG org.aspectj.weaver.tools.WeavingAdaptor  - 16:58:03.103 main &lt; org.aspectj.weaver.tools.WeavingAdaptor.weaveClass false
3583 [main] DEBUG org.aspectj.weaver.loadtime.Aj  - 16:58:03.103 main &lt; org.aspectj.weaver.loadtime.Aj.preProcess byte[1937]
3583 [main] DEBUG org.aspectj.weaver.loadtime.Aj  - 16:58:03.103 main &gt; org.aspectj.weaver.loadtime.Aj.preProcess org.aspectj.weaver.loadtime.Aj@58027738 org/hibernate/engine/CascadingAction$7, byte[1970], org.springframework.test.jpa.OrmXmlOverridingShadowingClassLoader@2bbf1be2
3583 [main] DEBUG org.aspectj.weaver.loadtime.Aj  - 16:58:03.103 main - org.aspectj.weaver.loadtime.Aj.preProcess org.aspectj.weaver.loadtime.Aj@58027738 sun.misc.Launcher$AppClassLoader@302b2c81, org.springframework.test.jpa.OrmXmlOverridingShadowingClassLoader@2bbf1be2
3583 [main] DEBUG org.aspectj.weaver.tools.WeavingAdaptor  - 16:58:03.103 main &gt; org.aspectj.weaver.tools.WeavingAdaptor.weaveClass org.aspectj.weaver.loadtime.ClassLoaderWeavingAdaptor@10b090ac org/hibernate/engine/CascadingAction$7, byte[1970]
3583 [main] DEBUG org.aspectj.weaver.tools.WeavingAdaptor  - 16:58:03.103 main &lt; org.aspectj.weaver.tools.WeavingAdaptor.weaveClass false
3583 [main] DEBUG org.aspectj.weaver.loadtime.Aj  - 16:58:03.103 main &lt; org.aspectj.weaver.loadtime.Aj.preProcess byte[1970]
3584 [main] DEBUG org.aspectj.weaver.loadtime.Aj  - 16:58:03.104 main &gt; org.aspectj.weaver.loadtime.Aj.preProcess org.aspectj.weaver.loadtime.Aj@58027738 org/hibernate/engine/CascadingAction$8, byte[1891], org.springframework.test.jpa.OrmXmlOverridingShadowingClassLoader@2bbf1be2
3584 [main] DEBUG org.aspectj.weaver.loadtime.Aj  - 16:58:03.104 main - org.aspectj.weaver.loadtime.Aj.preProcess org.aspectj.weaver.loadtime.Aj@58027738 sun.misc.Launcher$AppClassLoader@302b2c81, org.springframework.test.jpa.OrmXmlOverridingShadowingClassLoader@2bbf1be2
3584 [main] DEBUG org.aspectj.weaver.tools.WeavingAdaptor  - 16:58:03.104 main &gt; org.aspectj.weaver.tools.WeavingAdaptor.weaveClass org.aspectj.weaver.loadtime.ClassLoaderWeavingAdaptor@10b090ac org/hibernate/engine/CascadingAction$8, byte[1891]
3584 [main] DEBUG org.aspectj.weaver.tools.WeavingAdaptor  - 16:58:03.104 main &lt; org.aspectj.weaver.tools.WeavingAdaptor.weaveClass false
3584 [main] DEBUG org.aspectj.weaver.loadtime.Aj  - 16:58:03.104 main &lt; org.aspectj.weaver.loadtime.Aj.preProcess byte[1891]
3584 [main] DEBUG org.aspectj.weaver.loadtime.Aj  - 16:58:03.104 main &gt; org.aspectj.weaver.loadtime.Aj.preProcess org.aspectj.weaver.loadtime.Aj@58027738 org/hibernate/engine/CascadingAction$9, byte[4302], org.springframework.test.jpa.OrmXmlOverridingShadowingClassLoader@2bbf1be2
3584 [main] DEBUG org.aspectj.weaver.loadtime.Aj  - 16:58:03.104 main - org.aspectj.weaver.loadtime.Aj.preProcess org.aspectj.weaver.loadtime.Aj@58027738 sun.misc.Launcher$AppClassLoader@302b2c81, org.springframework.test.jpa.OrmXmlOverridingShadowingClassLoader@2bbf1be2
3584 [main] DEBUG org.aspectj.weaver.tools.WeavingAdaptor  - 16:58:03.104 main &gt; org.aspectj.weaver.tools.WeavingAdaptor.weaveClass org.aspectj.weaver.loadtime.ClassLoaderWeavingAdaptor@10b090ac org/hibernate/engine/CascadingAction$9, byte[4302]
3584 [main] DEBUG org.aspectj.weaver.tools.WeavingAdaptor  - 16:58:03.104 main &lt; org.aspectj.weaver.tools.WeavingAdaptor.weaveClass false
3584 [main] DEBUG org.aspectj.weaver.loadtime.Aj  - 16:58:03.104 main &lt; org.aspectj.weaver.loadtime.Aj.preProcess byte[4302]
3585 [main] DEBUG org.aspectj.weaver.loadtime.Aj  - 16:58:03.105 main &gt; org.aspectj.weaver.loadtime.Aj.preProcess org.aspectj.weaver.loadtime.Aj@58027738 org/hibernate/engine/CascadingAction$10, byte[1983], org.springframework.test.jpa.OrmXmlOverridingShadowingClassLoader@2bbf1be2
3585 [main] DEBUG org.aspectj.weaver.loadtime.Aj  - 16:58:03.105 main - org.aspectj.weaver.loadtime.Aj.preProcess org.aspectj.weaver.loadtime.Aj@58027738 sun.misc.Launcher$AppClassLoader@302b2c81, org.springframework.test.jpa.OrmXmlOverridingShadowingClassLoader@2bbf1be2
3585 [main] DEBUG org.aspectj.weaver.tools.WeavingAdaptor  - 16:58:03.105 main &gt; org.aspectj.weaver.tools.WeavingAdaptor.weaveClass org.aspectj.weaver.loadtime.ClassLoaderWeavingAdaptor@10b090ac org/hibernate/engine/CascadingAction$10, byte[1983]
3585 [main] DEBUG org.aspectj.weaver.tools.WeavingAdaptor  - 16:58:03.105 main &lt; org.aspectj.weaver.tools.WeavingAdaptor.weaveClass false
3585 [main] DEBUG org.aspectj.weaver.loadtime.Aj  - 16:58:03.105 main &lt; org.aspectj.weaver.loadtime.Aj.preProcess byte[1983]
3587 [main] DEBUG org.aspectj.weaver.loadtime.Aj  - 16:58:03.107 main &gt; org.aspectj.weaver.loadtime.Aj.preProcess org.aspectj.weaver.loadtime.Aj@58027738 org/hibernate/type/ForeignKeyDirection, byte[680], org.springframework.test.jpa.OrmXmlOverridingShadowingClassLoader@2bbf1be2
3587 [main] DEBUG org.aspectj.weaver.loadtime.Aj  - 16:58:03.107 main - org.aspectj.weaver.loadtime.Aj.preProcess org.aspectj.weaver.loadtime.Aj@58027738 sun.misc.Launcher$AppClassLoader@302b2c81, org.springframework.test.jpa.OrmXmlOverridingShadowingClassLoader@2bbf1be2
3587 [main] DEBUG org.aspectj.weaver.tools.WeavingAdaptor  - 16:58:03.107 main &gt; org.aspectj.weaver.tools.WeavingAdaptor.weaveClass org.aspectj.weaver.loadtime.ClassLoaderWeavingAdaptor@10b090ac org/hibernate/type/ForeignKeyDirection, byte[680]
3587 [main] DEBUG org.aspectj.weaver.tools.WeavingAdaptor  - 16:58:03.107 main &lt; org.aspectj.weaver.tools.WeavingAdaptor.weaveClass false
3587 [main] DEBUG org.aspectj.weaver.loadtime.Aj  - 16:58:03.107 main &lt; org.aspectj.weaver.loadtime.Aj.preProcess byte[680]
3588 [main] DEBUG org.aspectj.weaver.loadtime.Aj  - 16:58:03.108 main &gt; org.aspectj.weaver.loadtime.Aj.preProcess org.aspectj.weaver.loadtime.Aj@58027738 org/hibernate/type/ForeignKeyDirection$1, byte[777], org.springframework.test.jpa.OrmXmlOverridingShadowingClassLoader@2bbf1be2
3588 [main] DEBUG org.aspectj.weaver.loadtime.Aj  - 16:58:03.108 main - org.aspectj.weaver.loadtime.Aj.preProcess org.aspectj.weaver.loadtime.Aj@58027738 sun.misc.Launcher$AppClassLoader@302b2c81, org.springframework.test.jpa.OrmXmlOverridingShadowingClassLoader@2bbf1be2
3588 [main] DEBUG org.aspectj.weaver.tools.WeavingAdaptor  - 16:58:03.108 main &gt; org.aspectj.weaver.tools.WeavingAdaptor.weaveClass org.aspectj.weaver.loadtime.ClassLoaderWeavingAdaptor@10b090ac org/hibernate/type/ForeignKeyDirection$1, byte[777]
3588 [main] DEBUG org.aspectj.weaver.tools.WeavingAdaptor  - 16:58:03.108 main &lt; org.aspectj.weaver.tools.WeavingAdaptor.weaveClass false
3588 [main] DEBUG org.aspectj.weaver.loadtime.Aj  - 16:58:03.108 main &lt; org.aspectj.weaver.loadtime.Aj.preProcess byte[777]
3588 [main] DEBUG org.aspectj.weaver.loadtime.Aj  - 16:58:03.108 main &gt; org.aspectj.weaver.loadtime.Aj.preProcess org.aspectj.weaver.loadtime.Aj@58027738 org/hibernate/type/ForeignKeyDirection$2, byte[781], org.springframework.test.jpa.OrmXmlOverridingShadowingClassLoader@2bbf1be2
3588 [main] DEBUG org.aspectj.weaver.loadtime.Aj  - 16:58:03.108 main - org.aspectj.weaver.loadtime.Aj.preProcess org.aspectj.weaver.loadtime.Aj@58027738 sun.misc.Launcher$AppClassLoader@302b2c81, org.springframework.test.jpa.OrmXmlOverridingShadowingClassLoader@2bbf1be2
3588 [main] DEBUG org.aspectj.weaver.tools.WeavingAdaptor  - 16:58:03.108 main &gt; org.aspectj.weaver.tools.WeavingAdaptor.weaveClass org.aspectj.weaver.loadtime.ClassLoaderWeavingAdaptor@10b090ac org/hibernate/type/ForeignKeyDirection$2, byte[781]
3588 [main] DEBUG org.aspectj.weaver.tools.WeavingAdaptor  - 16:58:03.108 main &lt; org.aspectj.weaver.tools.WeavingAdaptor.weaveClass false
3588 [main] DEBUG org.aspectj.weaver.loadtime.Aj  - 16:58:03.108 main &lt; org.aspectj.weaver.loadtime.Aj.preProcess byte[781]
3589 [main] DEBUG org.aspectj.weaver.loadtime.Aj  - 16:58:03.109 main &gt; org.aspectj.weaver.loadtime.Aj.preProcess org.aspectj.weaver.loadtime.Aj@58027738 org/hibernate/loader/JoinWalker$AssociationKey, byte[1283], org.springframework.test.jpa.OrmXmlOverridingShadowingClassLoader@2bbf1be2
3589 [main] DEBUG org.aspectj.weaver.loadtime.Aj  - 16:58:03.109 main - org.aspectj.weaver.loadtime.Aj.preProcess org.aspectj.weaver.loadtime.Aj@58027738 sun.misc.Launcher$AppClassLoader@302b2c81, org.springframework.test.jpa.OrmXmlOverridingShadowingClassLoader@2bbf1be2
3589 [main] DEBUG org.aspectj.weaver.tools.WeavingAdaptor  - 16:58:03.109 main &gt; org.aspectj.weaver.tools.WeavingAdaptor.weaveClass org.aspectj.weaver.loadtime.ClassLoaderWeavingAdaptor@10b090ac org/hibernate/loader/JoinWalker$AssociationKey, byte[1283]
3589 [main] DEBUG org.aspectj.weaver.tools.WeavingAdaptor  - 16:58:03.109 main &lt; org.aspectj.weaver.tools.WeavingAdaptor.weaveClass false
3589 [main] DEBUG org.aspectj.weaver.loadtime.Aj  - 16:58:03.109 main &lt; org.aspectj.weaver.loadtime.Aj.preProcess byte[1283]
3590 [main] DEBUG org.aspectj.weaver.loadtime.Aj  - 16:58:03.110 main &gt; org.aspectj.weaver.loadtime.Aj.preProcess org.aspectj.weaver.loadtime.Aj@58027738 org/hibernate/loader/collection/BatchingCollectionInitializer, byte[3866], org.springframework.test.jpa.OrmXmlOverridingShadowingClassLoader@2bbf1be2
3590 [main] DEBUG org.aspectj.weaver.loadtime.Aj  - 16:58:03.110 main - org.aspectj.weaver.loadtime.Aj.preProcess org.aspectj.weaver.loadtime.Aj@58027738 sun.misc.Launcher$AppClassLoader@302b2c81, org.springframework.test.jpa.OrmXmlOverridingShadowingClassLoader@2bbf1be2
3591 [main] DEBUG org.aspectj.weaver.tools.WeavingAdaptor  - 16:58:03.111 main &gt; org.aspectj.weaver.tools.WeavingAdaptor.weaveClass org.aspectj.weaver.loadtime.ClassLoaderWeavingAdaptor@10b090ac org/hibernate/loader/collection/BatchingCollectionInitializer, byte[3866]
3591 [main] DEBUG org.aspectj.weaver.tools.WeavingAdaptor  - 16:58:03.111 main &lt; org.aspectj.weaver.tools.WeavingAdaptor.weaveClass false
3591 [main] DEBUG org.aspectj.weaver.loadtime.Aj  - 16:58:03.111 main &lt; org.aspectj.weaver.loadtime.Aj.preProcess byte[3866]
3591 [main] DEBUG org.aspectj.weaver.loadtime.Aj  - 16:58:03.111 main &gt; org.aspectj.weaver.loadtime.Aj.preProcess org.aspectj.weaver.loadtime.Aj@58027738 org/hibernate/loader/collection/BasicCollectionLoader, byte[2881], org.springframework.test.jpa.OrmXmlOverridingShadowingClassLoader@2bbf1be2
3591 [main] DEBUG org.aspectj.weaver.loadtime.Aj  - 16:58:03.111 main - org.aspectj.weaver.loadtime.Aj.preProcess org.aspectj.weaver.loadtime.Aj@58027738 sun.misc.Launcher$AppClassLoader@302b2c81, org.springframework.test.jpa.OrmXmlOverridingShadowingClassLoader@2bbf1be2
3591 [main] DEBUG org.aspectj.weaver.tools.WeavingAdaptor  - 16:58:03.111 main &gt; org.aspectj.weaver.tools.WeavingAdaptor.weaveClass org.aspectj.weaver.loadtime.ClassLoaderWeavingAdaptor@10b090ac org/hibernate/loader/collection/BasicCollectionLoader, byte[2881]
3591 [main] DEBUG org.aspectj.weaver.tools.WeavingAdaptor  - 16:58:03.111 main &lt; org.aspectj.weaver.tools.WeavingAdaptor.weaveClass false
3591 [main] DEBUG org.aspectj.weaver.loadtime.Aj  - 16:58:03.111 main &lt; org.aspectj.weaver.loadtime.Aj.preProcess byte[2881]
3592 [main] DEBUG org.aspectj.weaver.loadtime.Aj  - 16:58:03.112 main &gt; org.aspectj.weaver.loadtime.Aj.preProcess org.aspectj.weaver.loadtime.Aj@58027738 org/hibernate/loader/collection/CollectionLoader, byte[2027], org.springframework.test.jpa.OrmXmlOverridingShadowingClassLoader@2bbf1be2
3592 [main] DEBUG org.aspectj.weaver.loadtime.Aj  - 16:58:03.112 main - org.aspectj.weaver.loadtime.Aj.preProcess org.aspectj.weaver.loadtime.Aj@58027738 sun.misc.Launcher$AppClassLoader@302b2c81, org.springframework.test.jpa.OrmXmlOverridingShadowingClassLoader@2bbf1be2
3592 [main] DEBUG org.aspectj.weaver.tools.WeavingAdaptor  - 16:58:03.112 main &gt; org.aspectj.weaver.tools.WeavingAdaptor.weaveClass org.aspectj.weaver.loadtime.ClassLoaderWeavingAdaptor@10b090ac org/hibernate/loader/collection/CollectionLoader, byte[2027]
3592 [main] DEBUG org.aspectj.weaver.tools.WeavingAdaptor  - 16:58:03.112 main &lt; org.aspectj.weaver.tools.WeavingAdaptor.weaveClass false
3592 [main] DEBUG org.aspectj.weaver.loadtime.Aj  - 16:58:03.112 main &lt; org.aspectj.weaver.loadtime.Aj.preProcess byte[2027]
3592 [main] DEBUG org.aspectj.weaver.loadtime.Aj  - 16:58:03.112 main &gt; org.aspectj.weaver.loadtime.Aj.preProcess org.aspectj.weaver.loadtime.Aj@58027738 org/hibernate/loader/collection/BasicCollectionJoinWalker, byte[6679], org.springframework.test.jpa.OrmXmlOverridingShadowingClassLoader@2bbf1be2
3592 [main] DEBUG org.aspectj.weaver.loadtime.Aj  - 16:58:03.112 main - org.aspectj.weaver.loadtime.Aj.preProcess org.aspectj.weaver.loadtime.Aj@58027738 sun.misc.Launcher$AppClassLoader@302b2c81, org.springframework.test.jpa.OrmXmlOverridingShadowingClassLoader@2bbf1be2
3592 [main] DEBUG org.aspectj.weaver.tools.WeavingAdaptor  - 16:58:03.112 main &gt; org.aspectj.weaver.tools.WeavingAdaptor.weaveClass org.aspectj.weaver.loadtime.ClassLoaderWeavingAdaptor@10b090ac org/hibernate/loader/collection/BasicCollectionJoinWalker, byte[6679]
3592 [main] DEBUG org.aspectj.weaver.tools.WeavingAdaptor  - 16:58:03.112 main &lt; org.aspectj.weaver.tools.WeavingAdaptor.weaveClass false
3592 [main] DEBUG org.aspectj.weaver.loadtime.Aj  - 16:58:03.112 main &lt; org.aspectj.weaver.loadtime.Aj.preProcess byte[6679]
3593 [main] DEBUG org.aspectj.weaver.loadtime.Aj  - 16:58:03.113 main &gt; org.aspectj.weaver.loadtime.Aj.preProcess org.aspectj.weaver.loadtime.Aj@58027738 org/hibernate/loader/collection/CollectionJoinWalker, byte[1439], org.springframework.test.jpa.OrmXmlOverridingShadowingClassLoader@2bbf1be2
3593 [main] DEBUG org.aspectj.weaver.loadtime.Aj  - 16:58:03.113 main - org.aspectj.weaver.loadtime.Aj.preProcess org.aspectj.weaver.loadtime.Aj@58027738 sun.misc.Launcher$AppClassLoader@302b2c81, org.springframework.test.jpa.OrmXmlOverridingShadowingClassLoader@2bbf1be2
3593 [main] DEBUG org.aspectj.weaver.tools.WeavingAdaptor  - 16:58:03.113 main &gt; org.aspectj.weaver.tools.WeavingAdaptor.weaveClass org.aspectj.weaver.loadtime.ClassLoaderWeavingAdaptor@10b090ac org/hibernate/loader/collection/CollectionJoinWalker, byte[1439]
3593 [main] DEBUG org.aspectj.weaver.tools.WeavingAdaptor  - 16:58:03.113 main &lt; org.aspectj.weaver.tools.WeavingAdaptor.weaveClass false
3593 [main] DEBUG org.aspectj.weaver.loadtime.Aj  - 16:58:03.113 main &lt; org.aspectj.weaver.loadtime.Aj.preProcess byte[1439]
3594 [main] DEBUG org.aspectj.weaver.loadtime.Aj  - 16:58:03.114 main &gt; org.aspectj.weaver.loadtime.Aj.preProcess org.aspectj.weaver.loadtime.Aj@58027738 org/hibernate/loader/CollectionAliases, byte[342], org.springframework.test.jpa.OrmXmlOverridingShadowingClassLoader@2bbf1be2
3594 [main] DEBUG org.aspectj.weaver.loadtime.Aj  - 16:58:03.114 main - org.aspectj.weaver.loadtime.Aj.preProcess org.aspectj.weaver.loadtime.Aj@58027738 sun.misc.Launcher$AppClassLoader@302b2c81, org.springframework.test.jpa.OrmXmlOverridingShadowingClassLoader@2bbf1be2
3594 [main] DEBUG org.aspectj.weaver.tools.WeavingAdaptor  - 16:58:03.114 main &gt; org.aspectj.weaver.tools.WeavingAdaptor.weaveClass org.aspectj.weaver.loadtime.ClassLoaderWeavingAdaptor@10b090ac org/hibernate/loader/CollectionAliases, byte[342]
3594 [main] DEBUG org.aspectj.weaver.tools.WeavingAdaptor  - 16:58:03.114 main &lt; org.aspectj.weaver.tools.WeavingAdaptor.weaveClass false
3594 [main] DEBUG org.aspectj.weaver.loadtime.Aj  - 16:58:03.114 main &lt; org.aspectj.weaver.loadtime.Aj.preProcess byte[342]
3594 [main] DEBUG org.aspectj.weaver.loadtime.Aj  - 16:58:03.114 main &gt; org.aspectj.weaver.loadtime.Aj.preProcess org.aspectj.weaver.loadtime.Aj@58027738 org/hibernate/loader/GeneratedCollectionAliases, byte[3275], org.springframework.test.jpa.OrmXmlOverridingShadowingClassLoader@2bbf1be2
3594 [main] DEBUG org.aspectj.weaver.loadtime.Aj  - 16:58:03.114 main - org.aspectj.weaver.loadtime.Aj.preProcess org.aspectj.weaver.loadtime.Aj@58027738 sun.misc.Launcher$AppClassLoader@302b2c81, org.springframework.test.jpa.OrmXmlOverridingShadowingClassLoader@2bbf1be2
3594 [main] DEBUG org.aspectj.weaver.tools.WeavingAdaptor  - 16:58:03.114 main &gt; org.aspectj.weaver.tools.WeavingAdaptor.weaveClass org.aspectj.weaver.loadtime.ClassLoaderWeavingAdaptor@10b090ac org/hibernate/loader/GeneratedCollectionAliases, byte[3275]
3594 [main] DEBUG org.aspectj.weaver.tools.WeavingAdaptor  - 16:58:03.114 main &lt; org.aspectj.weaver.tools.WeavingAdaptor.weaveClass false
3594 [main] DEBUG org.aspectj.weaver.loadtime.Aj  - 16:58:03.114 main &lt; org.aspectj.weaver.loadtime.Aj.preProcess byte[3275]
3595 [main] DEBUG org.aspectj.weaver.loadtime.Aj  - 16:58:03.115 main &gt; org.aspectj.weaver.loadtime.Aj.preProcess org.aspectj.weaver.loadtime.Aj@58027738 org/hibernate/loader/collection/OneToManyLoader, byte[2845], org.springframework.test.jpa.OrmXmlOverridingShadowingClassLoader@2bbf1be2
3595 [main] DEBUG org.aspectj.weaver.loadtime.Aj  - 16:58:03.115 main - org.aspectj.weaver.loadtime.Aj.preProcess org.aspectj.weaver.loadtime.Aj@58027738 sun.misc.Launcher$AppClassLoader@302b2c81, org.springframework.test.jpa.OrmXmlOverridingShadowingClassLoader@2bbf1be2
3595 [main] DEBUG org.aspectj.weaver.tools.WeavingAdaptor  - 16:58:03.115 main &gt; org.aspectj.weaver.tools.WeavingAdaptor.weaveClass org.aspectj.weaver.loadtime.ClassLoaderWeavingAdaptor@10b090ac org/hibernate/loader/collection/OneToManyLoader, byte[2845]
3595 [main] DEBUG org.aspectj.weaver.tools.WeavingAdaptor  - 16:58:03.115 main &lt; org.aspectj.weaver.tools.WeavingAdaptor.weaveClass false
3595 [main] DEBUG org.aspectj.weaver.loadtime.Aj  - 16:58:03.115 main &lt; org.aspectj.weaver.loadtime.Aj.preProcess byte[2845]
3595 [main] DEBUG org.aspectj.weaver.loadtime.Aj  - 16:58:03.115 main &gt; org.aspectj.weaver.loadtime.Aj.preProcess org.aspectj.weaver.loadtime.Aj@58027738 org/hibernate/loader/collection/OneToManyJoinWalker, byte[6041], org.springframework.test.jpa.OrmXmlOverridingShadowingClassLoader@2bbf1be2
3595 [main] DEBUG org.aspectj.weaver.loadtime.Aj  - 16:58:03.115 main - org.aspectj.weaver.loadtime.Aj.preProcess org.aspectj.weaver.loadtime.Aj@58027738 sun.misc.Launcher$AppClassLoader@302b2c81, org.springframework.test.jpa.OrmXmlOverridingShadowingClassLoader@2bbf1be2
3595 [main] DEBUG org.aspectj.weaver.tools.WeavingAdaptor  - 16:58:03.115 main &gt; org.aspectj.weaver.tools.WeavingAdaptor.weaveClass org.aspectj.weaver.loadtime.ClassLoaderWeavingAdaptor@10b090ac org/hibernate/loader/collection/OneToManyJoinWalker, byte[6041]
3596 [main] DEBUG org.aspectj.weaver.tools.WeavingAdaptor  - 16:58:03.116 main &lt; org.aspectj.weaver.tools.WeavingAdaptor.weaveClass false
3596 [main] DEBUG org.aspectj.weaver.loadtime.Aj  - 16:58:03.116 main &lt; org.aspectj.weaver.loadtime.Aj.preProcess byte[6041]
3597 [main] DEBUG org.aspectj.weaver.loadtime.Aj  - 16:58:03.117 main &gt; org.aspectj.weaver.loadtime.Aj.preProcess org.aspectj.weaver.loadtime.Aj@58027738 org/hibernate/impl/SessionFactoryObjectFactory, byte[5673], org.springframework.test.jpa.OrmXmlOverridingShadowingClassLoader@2bbf1be2
3597 [main] DEBUG org.aspectj.weaver.loadtime.Aj  - 16:58:03.117 main - org.aspectj.weaver.loadtime.Aj.preProcess org.aspectj.weaver.loadtime.Aj@58027738 sun.misc.Launcher$AppClassLoader@302b2c81, org.springframework.test.jpa.OrmXmlOverridingShadowingClassLoader@2bbf1be2
3597 [main] DEBUG org.aspectj.weaver.tools.WeavingAdaptor  - 16:58:03.117 main &gt; org.aspectj.weaver.tools.WeavingAdaptor.weaveClass org.aspectj.weaver.loadtime.ClassLoaderWeavingAdaptor@10b090ac org/hibernate/impl/SessionFactoryObjectFactory, byte[5673]
3597 [main] DEBUG org.aspectj.weaver.tools.WeavingAdaptor  - 16:58:03.117 main &lt; org.aspectj.weaver.tools.WeavingAdaptor.weaveClass false
3597 [main] DEBUG org.aspectj.weaver.loadtime.Aj  - 16:58:03.117 main &lt; org.aspectj.weaver.loadtime.Aj.preProcess byte[5673]
3598 [main] DEBUG org.aspectj.weaver.loadtime.Aj  - 16:58:03.118 main &gt; org.aspectj.weaver.loadtime.Aj.preProcess org.aspectj.weaver.loadtime.Aj@58027738 org/hibernate/impl/SessionFactoryObjectFactory$1, byte[2659], org.springframework.test.jpa.OrmXmlOverridingShadowingClassLoader@2bbf1be2
3598 [main] DEBUG org.aspectj.weaver.loadtime.Aj  - 16:58:03.118 main - org.aspectj.weaver.loadtime.Aj.preProcess org.aspectj.weaver.loadtime.Aj@58027738 sun.misc.Launcher$AppClassLoader@302b2c81, org.springframework.test.jpa.OrmXmlOverridingShadowingClassLoader@2bbf1be2
3598 [main] DEBUG org.aspectj.weaver.tools.WeavingAdaptor  - 16:58:03.118 main &gt; org.aspectj.weaver.tools.WeavingAdaptor.weaveClass org.aspectj.weaver.loadtime.ClassLoaderWeavingAdaptor@10b090ac org/hibernate/impl/SessionFactoryObjectFactory$1, byte[2659]
3598 [main] DEBUG org.aspectj.weaver.tools.WeavingAdaptor  - 16:58:03.118 main &lt; org.aspectj.weaver.tools.WeavingAdaptor.weaveClass false
3598 [main] DEBUG org.aspectj.weaver.loadtime.Aj  - 16:58:03.118 main &lt; org.aspectj.weaver.loadtime.Aj.preProcess byte[2659]
3598 [main] DEBUG org.aspectj.weaver.loadtime.Aj  - 16:58:03.118 main &gt; org.aspectj.weaver.loadtime.Aj.preProcess org.aspectj.weaver.loadtime.Aj@58027738 org/hibernate/tool/hbm2ddl/SchemaUpdate, byte[6946], org.springframework.test.jpa.OrmXmlOverridingShadowingClassLoader@2bbf1be2
3598 [main] DEBUG org.aspectj.weaver.loadtime.Aj  - 16:58:03.118 main - org.aspectj.weaver.loadtime.Aj.preProcess org.aspectj.weaver.loadtime.Aj@58027738 sun.misc.Launcher$AppClassLoader@302b2c81, org.springframework.test.jpa.OrmXmlOverridingShadowingClassLoader@2bbf1be2
3598 [main] DEBUG org.aspectj.weaver.tools.WeavingAdaptor  - 16:58:03.118 main &gt; org.aspectj.weaver.tools.WeavingAdaptor.weaveClass org.aspectj.weaver.loadtime.ClassLoaderWeavingAdaptor@10b090ac org/hibernate/tool/hbm2ddl/SchemaUpdate, byte[6946]
3598 [main] DEBUG org.aspectj.weaver.tools.WeavingAdaptor  - 16:58:03.118 main &lt; org.aspectj.weaver.tools.WeavingAdaptor.weaveClass false
3599 [main] DEBUG org.aspectj.weaver.loadtime.Aj  - 16:58:03.119 main &lt; org.aspectj.weaver.loadtime.Aj.preProcess byte[6946]
3599 [main] DEBUG org.aspectj.weaver.loadtime.Aj  - 16:58:03.119 main &gt; org.aspectj.weaver.loadtime.Aj.preProcess org.aspectj.weaver.loadtime.Aj@58027738 org/hibernate/tool/hbm2ddl/DatabaseMetadata, byte[6676], org.springframework.test.jpa.OrmXmlOverridingShadowingClassLoader@2bbf1be2
3599 [main] DEBUG org.aspectj.weaver.loadtime.Aj  - 16:58:03.119 main - org.aspectj.weaver.loadtime.Aj.preProcess org.aspectj.weaver.loadtime.Aj@58027738 sun.misc.Launcher$AppClassLoader@302b2c81, org.springframework.test.jpa.OrmXmlOverridingShadowingClassLoader@2bbf1be2
3599 [main] DEBUG org.aspectj.weaver.tools.WeavingAdaptor  - 16:58:03.119 main &gt; org.aspectj.weaver.tools.WeavingAdaptor.weaveClass org.aspectj.weaver.loadtime.ClassLoaderWeavingAdaptor@10b090ac org/hibernate/tool/hbm2ddl/DatabaseMetadata, byte[6676]
3599 [main] DEBUG org.aspectj.weaver.tools.WeavingAdaptor  - 16:58:03.119 main &lt; org.aspectj.weaver.tools.WeavingAdaptor.weaveClass false
3599 [main] DEBUG org.aspectj.weaver.loadtime.Aj  - 16:58:03.119 main &lt; org.aspectj.weaver.loadtime.Aj.preProcess byte[6676]
3600 [main] DEBUG org.aspectj.weaver.loadtime.Aj  - 16:58:03.120 main &gt; org.aspectj.weaver.loadtime.Aj.preProcess org.aspectj.weaver.loadtime.Aj@58027738 org/hibernate/tool/hbm2ddl/ConnectionHelper, byte[309], org.springframework.test.jpa.OrmXmlOverridingShadowingClassLoader@2bbf1be2
3600 [main] DEBUG org.aspectj.weaver.loadtime.Aj  - 16:58:03.120 main - org.aspectj.weaver.loadtime.Aj.preProcess org.aspectj.weaver.loadtime.Aj@58027738 sun.misc.Launcher$AppClassLoader@302b2c81, org.springframework.test.jpa.OrmXmlOverridingShadowingClassLoader@2bbf1be2
3600 [main] DEBUG org.aspectj.weaver.tools.WeavingAdaptor  - 16:58:03.120 main &gt; org.aspectj.weaver.tools.WeavingAdaptor.weaveClass org.aspectj.weaver.loadtime.ClassLoaderWeavingAdaptor@10b090ac org/hibernate/tool/hbm2ddl/ConnectionHelper, byte[309]
3600 [main] DEBUG org.aspectj.weaver.tools.WeavingAdaptor  - 16:58:03.120 main &lt; org.aspectj.weaver.tools.WeavingAdaptor.weaveClass false
3600 [main] DEBUG org.aspectj.weaver.loadtime.Aj  - 16:58:03.120 main &lt; org.aspectj.weaver.loadtime.Aj.preProcess byte[309]
3600 [main] DEBUG org.aspectj.weaver.loadtime.Aj  - 16:58:03.120 main &gt; org.aspectj.weaver.loadtime.Aj.preProcess org.aspectj.weaver.loadtime.Aj@58027738 org/hibernate/tool/hbm2ddl/SuppliedConnectionProviderConnectionHelper, byte[1584], org.springframework.test.jpa.OrmXmlOverridingShadowingClassLoader@2bbf1be2
3600 [main] DEBUG org.aspectj.weaver.loadtime.Aj  - 16:58:03.120 main - org.aspectj.weaver.loadtime.Aj.preProcess org.aspectj.weaver.loadtime.Aj@58027738 sun.misc.Launcher$AppClassLoader@302b2c81, org.springframework.test.jpa.OrmXmlOverridingShadowingClassLoader@2bbf1be2
3601 [main] DEBUG org.aspectj.weaver.tools.WeavingAdaptor  - 16:58:03.121 main &gt; org.aspectj.weaver.tools.WeavingAdaptor.weaveClass org.aspectj.weaver.loadtime.ClassLoaderWeavingAdaptor@10b090ac org/hibernate/tool/hbm2ddl/SuppliedConnectionProviderConnectionHelper, byte[1584]
3601 [main] DEBUG org.aspectj.weaver.tools.WeavingAdaptor  - 16:58:03.121 main &lt; org.aspectj.weaver.tools.WeavingAdaptor.weaveClass false
3601 [main] DEBUG org.aspectj.weaver.loadtime.Aj  - 16:58:03.121 main &lt; org.aspectj.weaver.loadtime.Aj.preProcess byte[1584]
3602 [main] DEBUG org.aspectj.weaver.loadtime.Aj  - 16:58:03.122 main &gt; org.aspectj.weaver.loadtime.Aj.preProcess org.aspectj.weaver.loadtime.Aj@58027738 org/apache/commons/dbcp/DelegatingStatement, byte[8862], org.springframework.test.jpa.OrmXmlOverridingShadowingClassLoader@2bbf1be2
3602 [main] DEBUG org.aspectj.weaver.loadtime.Aj  - 16:58:03.122 main - org.aspectj.weaver.loadtime.Aj.preProcess org.aspectj.weaver.loadtime.Aj@58027738 sun.misc.Launcher$AppClassLoader@302b2c81, org.springframework.test.jpa.OrmXmlOverridingShadowingClassLoader@2bbf1be2
3602 [main] DEBUG org.aspectj.weaver.tools.WeavingAdaptor  - 16:58:03.122 main &gt; org.aspectj.weaver.tools.WeavingAdaptor.weaveClass org.aspectj.weaver.loadtime.ClassLoaderWeavingAdaptor@10b090ac org/apache/commons/dbcp/DelegatingStatement, byte[8862]
3602 [main] DEBUG org.aspectj.weaver.tools.WeavingAdaptor  - 16:58:03.122 main &lt; org.aspectj.weaver.tools.WeavingAdaptor.weaveClass false
3602 [main] DEBUG org.aspectj.weaver.loadtime.Aj  - 16:58:03.122 main &lt; org.aspectj.weaver.loadtime.Aj.preProcess byte[8862]
3603 [main] DEBUG org.aspectj.weaver.loadtime.Aj  - 16:58:03.123 main &gt; org.aspectj.weaver.loadtime.Aj.preProcess org.aspectj.weaver.loadtime.Aj@58027738 org/hsqldb/Select, byte[13167], org.springframework.test.jpa.OrmXmlOverridingShadowingClassLoader@2bbf1be2
3603 [main] DEBUG org.aspectj.weaver.loadtime.Aj  - 16:58:03.123 main - org.aspectj.weaver.loadtime.Aj.preProcess org.aspectj.weaver.loadtime.Aj@58027738 sun.misc.Launcher$AppClassLoader@302b2c81, org.springframework.test.jpa.OrmXmlOverridingShadowingClassLoader@2bbf1be2
3603 [main] DEBUG org.aspectj.weaver.tools.WeavingAdaptor  - 16:58:03.123 main &gt; org.aspectj.weaver.tools.WeavingAdaptor.weaveClass org.aspectj.weaver.loadtime.ClassLoaderWeavingAdaptor@10b090ac org/hsqldb/Select, byte[13167]
3603 [main] DEBUG org.aspectj.weaver.tools.WeavingAdaptor  - 16:58:03.123 main &lt; org.aspectj.weaver.tools.WeavingAdaptor.weaveClass false
3603 [main] DEBUG org.aspectj.weaver.loadtime.Aj  - 16:58:03.123 main &lt; org.aspectj.weaver.loadtime.Aj.preProcess byte[13167]
3605 [main] DEBUG org.aspectj.weaver.loadtime.Aj  - 16:58:03.125 main &gt; org.aspectj.weaver.loadtime.Aj.preProcess org.aspectj.weaver.loadtime.Aj@58027738 org/hsqldb/lib/HashMap$Values, byte[1073], org.springframework.test.jpa.OrmXmlOverridingShadowingClassLoader@2bbf1be2
3605 [main] DEBUG org.aspectj.weaver.loadtime.Aj  - 16:58:03.125 main - org.aspectj.weaver.loadtime.Aj.preProcess org.aspectj.weaver.loadtime.Aj@58027738 sun.misc.Launcher$AppClassLoader@302b2c81, org.springframework.test.jpa.OrmXmlOverridingShadowingClassLoader@2bbf1be2
3605 [main] DEBUG org.aspectj.weaver.tools.WeavingAdaptor  - 16:58:03.125 main &gt; org.aspectj.weaver.tools.WeavingAdaptor.weaveClass org.aspectj.weaver.loadtime.ClassLoaderWeavingAdaptor@10b090ac org/hsqldb/lib/HashMap$Values, byte[1073]
3605 [main] DEBUG org.aspectj.weaver.tools.WeavingAdaptor  - 16:58:03.125 main &lt; org.aspectj.weaver.tools.WeavingAdaptor.weaveClass false
3605 [main] DEBUG org.aspectj.weaver.loadtime.Aj  - 16:58:03.125 main &lt; org.aspectj.weaver.loadtime.Aj.preProcess byte[1073]
3605 [main] DEBUG org.aspectj.weaver.loadtime.Aj  - 16:58:03.125 main &gt; org.aspectj.weaver.loadtime.Aj.preProcess org.aspectj.weaver.loadtime.Aj@58027738 org/hsqldb/lib/WrapperIterator, byte[1357], org.springframework.test.jpa.OrmXmlOverridingShadowingClassLoader@2bbf1be2
3605 [main] DEBUG org.aspectj.weaver.loadtime.Aj  - 16:58:03.125 main - org.aspectj.weaver.loadtime.Aj.preProcess org.aspectj.weaver.loadtime.Aj@58027738 sun.misc.Launcher$AppClassLoader@302b2c81, org.springframework.test.jpa.OrmXmlOverridingShadowingClassLoader@2bbf1be2
3606 [main] DEBUG org.aspectj.weaver.tools.WeavingAdaptor  - 16:58:03.126 main &gt; org.aspectj.weaver.tools.WeavingAdaptor.weaveClass org.aspectj.weaver.loadtime.ClassLoaderWeavingAdaptor@10b090ac org/hsqldb/lib/WrapperIterator, byte[1357]
3606 [main] DEBUG org.aspectj.weaver.tools.WeavingAdaptor  - 16:58:03.126 main &lt; org.aspectj.weaver.tools.WeavingAdaptor.weaveClass false
3606 [main] DEBUG org.aspectj.weaver.loadtime.Aj  - 16:58:03.126 main &lt; org.aspectj.weaver.loadtime.Aj.preProcess byte[1357]
3606 [main] DEBUG org.aspectj.weaver.loadtime.Aj  - 16:58:03.126 main &gt; org.aspectj.weaver.loadtime.Aj.preProcess org.aspectj.weaver.loadtime.Aj@58027738 org/hsqldb/TableFilter, byte[6500], org.springframework.test.jpa.OrmXmlOverridingShadowingClassLoader@2bbf1be2
3606 [main] DEBUG org.aspectj.weaver.loadtime.Aj  - 16:58:03.126 main - org.aspectj.weaver.loadtime.Aj.preProcess org.aspectj.weaver.loadtime.Aj@58027738 sun.misc.Launcher$AppClassLoader@302b2c81, org.springframework.test.jpa.OrmXmlOverridingShadowingClassLoader@2bbf1be2
3606 [main] DEBUG org.aspectj.weaver.tools.WeavingAdaptor  - 16:58:03.126 main &gt; org.aspectj.weaver.tools.WeavingAdaptor.weaveClass org.aspectj.weaver.loadtime.ClassLoaderWeavingAdaptor@10b090ac org/hsqldb/TableFilter, byte[6500]
3606 [main] DEBUG org.aspectj.weaver.tools.WeavingAdaptor  - 16:58:03.126 main &lt; org.aspectj.weaver.tools.WeavingAdaptor.weaveClass false
3606 [main] DEBUG org.aspectj.weaver.loadtime.Aj  - 16:58:03.126 main &lt; org.aspectj.weaver.loadtime.Aj.preProcess byte[6500]
3607 [main] DEBUG org.aspectj.weaver.loadtime.Aj  - 16:58:03.127 main &gt; org.aspectj.weaver.loadtime.Aj.preProcess org.aspectj.weaver.loadtime.Aj@58027738 org/hsqldb/GroupedResult, byte[1957], org.springframework.test.jpa.OrmXmlOverridingShadowingClassLoader@2bbf1be2
3607 [main] DEBUG org.aspectj.weaver.loadtime.Aj  - 16:58:03.127 main - org.aspectj.weaver.loadtime.Aj.preProcess org.aspectj.weaver.loadtime.Aj@58027738 sun.misc.Launcher$AppClassLoader@302b2c81, org.springframework.test.jpa.OrmXmlOverridingShadowingClassLoader@2bbf1be2
3607 [main] DEBUG org.aspectj.weaver.tools.WeavingAdaptor  - 16:58:03.127 main &gt; org.aspectj.weaver.tools.WeavingAdaptor.weaveClass org.aspectj.weaver.loadtime.ClassLoaderWeavingAdaptor@10b090ac org/hsqldb/GroupedResult, byte[1957]
3608 [main] DEBUG org.aspectj.weaver.tools.WeavingAdaptor  - 16:58:03.128 main &lt; org.aspectj.weaver.tools.WeavingAdaptor.weaveClass false
3608 [main] DEBUG org.aspectj.weaver.loadtime.Aj  - 16:58:03.128 main &lt; org.aspectj.weaver.loadtime.Aj.preProcess byte[1957]
3608 [main] DEBUG org.aspectj.weaver.loadtime.Aj  - 16:58:03.128 main &gt; org.aspectj.weaver.loadtime.Aj.preProcess org.aspectj.weaver.loadtime.Aj@58027738 org/hsqldb/Result$ResultIterator, byte[1464], org.springframework.test.jpa.OrmXmlOverridingShadowingClassLoader@2bbf1be2
3608 [main] DEBUG org.aspectj.weaver.loadtime.Aj  - 16:58:03.128 main - org.aspectj.weaver.loadtime.Aj.preProcess org.aspectj.weaver.loadtime.Aj@58027738 sun.misc.Launcher$AppClassLoader@302b2c81, org.springframework.test.jpa.OrmXmlOverridingShadowingClassLoader@2bbf1be2
3608 [main] DEBUG org.aspectj.weaver.tools.WeavingAdaptor  - 16:58:03.128 main &gt; org.aspectj.weaver.tools.WeavingAdaptor.weaveClass org.aspectj.weaver.loadtime.ClassLoaderWeavingAdaptor@10b090ac org/hsqldb/Result$ResultIterator, byte[1464]
3608 [main] DEBUG org.aspectj.weaver.tools.WeavingAdaptor  - 16:58:03.128 main &lt; org.aspectj.weaver.tools.WeavingAdaptor.weaveClass false
3608 [main] DEBUG org.aspectj.weaver.loadtime.Aj  - 16:58:03.128 main &lt; org.aspectj.weaver.loadtime.Aj.preProcess byte[1464]
3609 [main] DEBUG org.aspectj.weaver.loadtime.Aj  - 16:58:03.129 main &gt; org.aspectj.weaver.loadtime.Aj.preProcess org.aspectj.weaver.loadtime.Aj@58027738 org/apache/commons/dbcp/DelegatingResultSet, byte[23613], org.springframework.test.jpa.OrmXmlOverridingShadowingClassLoader@2bbf1be2
3609 [main] DEBUG org.aspectj.weaver.loadtime.Aj  - 16:58:03.129 main - org.aspectj.weaver.loadtime.Aj.preProcess org.aspectj.weaver.loadtime.Aj@58027738 sun.misc.Launcher$AppClassLoader@302b2c81, org.springframework.test.jpa.OrmXmlOverridingShadowingClassLoader@2bbf1be2
3609 [main] DEBUG org.aspectj.weaver.tools.WeavingAdaptor  - 16:58:03.129 main &gt; org.aspectj.weaver.tools.WeavingAdaptor.weaveClass org.aspectj.weaver.loadtime.ClassLoaderWeavingAdaptor@10b090ac org/apache/commons/dbcp/DelegatingResultSet, byte[23613]
3609 [main] DEBUG org.aspectj.weaver.tools.WeavingAdaptor  - 16:58:03.129 main &lt; org.aspectj.weaver.tools.WeavingAdaptor.weaveClass false
3609 [main] DEBUG org.aspectj.weaver.loadtime.Aj  - 16:58:03.129 main &lt; org.aspectj.weaver.loadtime.Aj.preProcess byte[23613]
3611 [main] DEBUG org.aspectj.weaver.loadtime.Aj  - 16:58:03.131 main &gt; org.aspectj.weaver.loadtime.Aj.preProcess org.aspectj.weaver.loadtime.Aj@58027738 org/hsqldb/lib/StringConverter, byte[4304], org.springframework.test.jpa.OrmXmlOverridingShadowingClassLoader@2bbf1be2
3611 [main] DEBUG org.aspectj.weaver.loadtime.Aj  - 16:58:03.131 main - org.aspectj.weaver.loadtime.Aj.preProcess org.aspectj.weaver.loadtime.Aj@58027738 sun.misc.Launcher$AppClassLoader@302b2c81, org.springframework.test.jpa.OrmXmlOverridingShadowingClassLoader@2bbf1be2
3611 [main] DEBUG org.aspectj.weaver.tools.WeavingAdaptor  - 16:58:03.131 main &gt; org.aspectj.weaver.tools.WeavingAdaptor.weaveClass org.aspectj.weaver.loadtime.ClassLoaderWeavingAdaptor@10b090ac org/hsqldb/lib/StringConverter, byte[4304]
3611 [main] DEBUG org.aspectj.weaver.tools.WeavingAdaptor  - 16:58:03.131 main &lt; org.aspectj.weaver.tools.WeavingAdaptor.weaveClass false
3611 [main] DEBUG org.aspectj.weaver.loadtime.Aj  - 16:58:03.131 main &lt; org.aspectj.weaver.loadtime.Aj.preProcess byte[4304]
3612 [main] DEBUG org.aspectj.weaver.loadtime.Aj  - 16:58:03.132 main &gt; org.aspectj.weaver.loadtime.Aj.preProcess org.aspectj.weaver.loadtime.Aj@58027738 org/hsqldb/lib/StringUtil, byte[2673], org.springframework.test.jpa.OrmXmlOverridingShadowingClassLoader@2bbf1be2
3612 [main] DEBUG org.aspectj.weaver.loadtime.Aj  - 16:58:03.132 main - org.aspectj.weaver.loadtime.Aj.preProcess org.aspectj.weaver.loadtime.Aj@58027738 sun.misc.Launcher$AppClassLoader@302b2c81, org.springframework.test.jpa.OrmXmlOverridingShadowingClassLoader@2bbf1be2
3612 [main] DEBUG org.aspectj.weaver.tools.WeavingAdaptor  - 16:58:03.132 main &gt; org.aspectj.weaver.tools.WeavingAdaptor.weaveClass org.aspectj.weaver.loadtime.ClassLoaderWeavingAdaptor@10b090ac org/hsqldb/lib/StringUtil, byte[2673]
3612 [main] DEBUG org.aspectj.weaver.tools.WeavingAdaptor  - 16:58:03.132 main &lt; org.aspectj.weaver.tools.WeavingAdaptor.weaveClass false
3612 [main] DEBUG org.aspectj.weaver.loadtime.Aj  - 16:58:03.132 main &lt; org.aspectj.weaver.loadtime.Aj.preProcess byte[2673]
3612 [main] DEBUG org.aspectj.weaver.loadtime.Aj  - 16:58:03.132 main &gt; org.aspectj.weaver.loadtime.Aj.preProcess org.aspectj.weaver.loadtime.Aj@58027738 org/hsqldb/DITableInfo, byte[6290], org.springframework.test.jpa.OrmXmlOverridingShadowingClassLoader@2bbf1be2
3612 [main] DEBUG org.aspectj.weaver.loadtime.Aj  - 16:58:03.132 main - org.aspectj.weaver.loadtime.Aj.preProcess org.aspectj.weaver.loadtime.Aj@58027738 sun.misc.Launcher$AppClassLoader@302b2c81, org.springframework.test.jpa.OrmXmlOverridingShadowingClassLoader@2bbf1be2
3613 [main] DEBUG org.aspectj.weaver.tools.WeavingAdaptor  - 16:58:03.132 main &gt; org.aspectj.weaver.tools.WeavingAdaptor.weaveClass org.aspectj.weaver.loadtime.ClassLoaderWeavingAdaptor@10b090ac org/hsqldb/DITableInfo, byte[6290]
3613 [main] DEBUG org.aspectj.weaver.tools.WeavingAdaptor  - 16:58:03.133 main &lt; org.aspectj.weaver.tools.WeavingAdaptor.weaveClass false
3613 [main] DEBUG org.aspectj.weaver.loadtime.Aj  - 16:58:03.133 main &lt; org.aspectj.weaver.loadtime.Aj.preProcess byte[6290]
3613 [main] DEBUG org.aspectj.weaver.loadtime.Aj  - 16:58:03.133 main &gt; org.aspectj.weaver.loadtime.Aj.preProcess org.aspectj.weaver.loadtime.Aj@58027738 org/hsqldb/DITypeInfo, byte[7058], org.springframework.test.jpa.OrmXmlOverridingShadowingClassLoader@2bbf1be2
3613 [main] DEBUG org.aspectj.weaver.loadtime.Aj  - 16:58:03.133 main - org.aspectj.weaver.loadtime.Aj.preProcess org.aspectj.weaver.loadtime.Aj@58027738 sun.misc.Launcher$AppClassLoader@302b2c81, org.springframework.test.jpa.OrmXmlOverridingShadowingClassLoader@2bbf1be2
3613 [main] DEBUG org.aspectj.weaver.tools.WeavingAdaptor  - 16:58:03.133 main &gt; org.aspectj.weaver.tools.WeavingAdaptor.weaveClass org.aspectj.weaver.loadtime.ClassLoaderWeavingAdaptor@10b090ac org/hsqldb/DITypeInfo, byte[7058]
3613 [main] DEBUG org.aspectj.weaver.tools.WeavingAdaptor  - 16:58:03.133 main &lt; org.aspectj.weaver.tools.WeavingAdaptor.weaveClass false
3613 [main] DEBUG org.aspectj.weaver.loadtime.Aj  - 16:58:03.133 main &lt; org.aspectj.weaver.loadtime.Aj.preProcess byte[7058]
3617 [main] DEBUG org.aspectj.weaver.loadtime.Aj  - 16:58:03.137 main &gt; org.aspectj.weaver.loadtime.Aj.preProcess org.aspectj.weaver.loadtime.Aj@58027738 org/hsqldb/Node, byte[1753], org.springframework.test.jpa.OrmXmlOverridingShadowingClassLoader@2bbf1be2
3617 [main] DEBUG org.aspectj.weaver.loadtime.Aj  - 16:58:03.137 main - org.aspectj.weaver.loadtime.Aj.preProcess org.aspectj.weaver.loadtime.Aj@58027738 sun.misc.Launcher$AppClassLoader@302b2c81, org.springframework.test.jpa.OrmXmlOverridingShadowingClassLoader@2bbf1be2
3617 [main] DEBUG org.aspectj.weaver.tools.WeavingAdaptor  - 16:58:03.137 main &gt; org.aspectj.weaver.tools.WeavingAdaptor.weaveClass org.aspectj.weaver.loadtime.ClassLoaderWeavingAdaptor@10b090ac org/hsqldb/Node, byte[1753]
3617 [main] DEBUG org.aspectj.weaver.tools.WeavingAdaptor  - 16:58:03.137 main &lt; org.aspectj.weaver.tools.WeavingAdaptor.weaveClass false
3617 [main] DEBUG org.aspectj.weaver.loadtime.Aj  - 16:58:03.137 main &lt; org.aspectj.weaver.loadtime.Aj.preProcess byte[1753]
3617 [main] DEBUG org.aspectj.weaver.loadtime.Aj  - 16:58:03.137 main &gt; org.aspectj.weaver.loadtime.Aj.preProcess org.aspectj.weaver.loadtime.Aj@58027738 org/hsqldb/MemoryNode, byte[537], org.springframework.test.jpa.OrmXmlOverridingShadowingClassLoader@2bbf1be2
3617 [main] DEBUG org.aspectj.weaver.loadtime.Aj  - 16:58:03.137 main - org.aspectj.weaver.loadtime.Aj.preProcess org.aspectj.weaver.loadtime.Aj@58027738 sun.misc.Launcher$AppClassLoader@302b2c81, org.springframework.test.jpa.OrmXmlOverridingShadowingClassLoader@2bbf1be2
3617 [main] DEBUG org.aspectj.weaver.tools.WeavingAdaptor  - 16:58:03.137 main &gt; org.aspectj.weaver.tools.WeavingAdaptor.weaveClass org.aspectj.weaver.loadtime.ClassLoaderWeavingAdaptor@10b090ac org/hsqldb/MemoryNode, byte[537]
3617 [main] DEBUG org.aspectj.weaver.tools.WeavingAdaptor  - 16:58:03.137 main &lt; org.aspectj.weaver.tools.WeavingAdaptor.weaveClass false
3617 [main] DEBUG org.aspectj.weaver.loadtime.Aj  - 16:58:03.137 main &lt; org.aspectj.weaver.loadtime.Aj.preProcess byte[537]
3618 [main] DEBUG org.aspectj.weaver.loadtime.Aj  - 16:58:03.138 main &gt; org.aspectj.weaver.loadtime.Aj.preProcess org.aspectj.weaver.loadtime.Aj@58027738 org/hsqldb/BaseMemoryNode, byte[1254], org.springframework.test.jpa.OrmXmlOverridingShadowingClassLoader@2bbf1be2
3618 [main] DEBUG org.aspectj.weaver.loadtime.Aj  - 16:58:03.138 main - org.aspectj.weaver.loadtime.Aj.preProcess org.aspectj.weaver.loadtime.Aj@58027738 sun.misc.Launcher$AppClassLoader@302b2c81, org.springframework.test.jpa.OrmXmlOverridingShadowingClassLoader@2bbf1be2
3618 [main] DEBUG org.aspectj.weaver.tools.WeavingAdaptor  - 16:58:03.138 main &gt; org.aspectj.weaver.tools.WeavingAdaptor.weaveClass org.aspectj.weaver.loadtime.ClassLoaderWeavingAdaptor@10b090ac org/hsqldb/BaseMemoryNode, byte[1254]
3618 [main] DEBUG org.aspectj.weaver.tools.WeavingAdaptor  - 16:58:03.138 main &lt; org.aspectj.weaver.tools.WeavingAdaptor.weaveClass false
3618 [main] DEBUG org.aspectj.weaver.loadtime.Aj  - 16:58:03.138 main &lt; org.aspectj.weaver.loadtime.Aj.preProcess byte[1254]
3618 [main] DEBUG org.aspectj.weaver.loadtime.Aj  - 16:58:03.138 main &gt; org.aspectj.weaver.loadtime.Aj.preProcess org.aspectj.weaver.loadtime.Aj@58027738 org/hsqldb/PointerNode, byte[892], org.springframework.test.jpa.OrmXmlOverridingShadowingClassLoader@2bbf1be2
3618 [main] DEBUG org.aspectj.weaver.loadtime.Aj  - 16:58:03.138 main - org.aspectj.weaver.loadtime.Aj.preProcess org.aspectj.weaver.loadtime.Aj@58027738 sun.misc.Launcher$AppClassLoader@302b2c81, org.springframework.test.jpa.OrmXmlOverridingShadowingClassLoader@2bbf1be2
3618 [main] DEBUG org.aspectj.weaver.tools.WeavingAdaptor  - 16:58:03.138 main &gt; org.aspectj.weaver.tools.WeavingAdaptor.weaveClass org.aspectj.weaver.loadtime.ClassLoaderWeavingAdaptor@10b090ac org/hsqldb/PointerNode, byte[892]
3618 [main] DEBUG org.aspectj.weaver.tools.WeavingAdaptor  - 16:58:03.138 main &lt; org.aspectj.weaver.tools.WeavingAdaptor.weaveClass false
3618 [main] DEBUG org.aspectj.weaver.loadtime.Aj  - 16:58:03.138 main &lt; org.aspectj.weaver.loadtime.Aj.preProcess byte[892]
3619 [main] DEBUG org.aspectj.weaver.loadtime.Aj  - 16:58:03.139 main &gt; org.aspectj.weaver.loadtime.Aj.preProcess org.aspectj.weaver.loadtime.Aj@58027738 org/hsqldb/DiskNode, byte[3025], org.springframework.test.jpa.OrmXmlOverridingShadowingClassLoader@2bbf1be2
3619 [main] DEBUG org.aspectj.weaver.loadtime.Aj  - 16:58:03.139 main - org.aspectj.weaver.loadtime.Aj.preProcess org.aspectj.weaver.loadtime.Aj@58027738 sun.misc.Launcher$AppClassLoader@302b2c81, org.springframework.test.jpa.OrmXmlOverridingShadowingClassLoader@2bbf1be2
3619 [main] DEBUG org.aspectj.weaver.tools.WeavingAdaptor  - 16:58:03.139 main &gt; org.aspectj.weaver.tools.WeavingAdaptor.weaveClass org.aspectj.weaver.loadtime.ClassLoaderWeavingAdaptor@10b090ac org/hsqldb/DiskNode, byte[3025]
3619 [main] DEBUG org.aspectj.weaver.tools.WeavingAdaptor  - 16:58:03.139 main &lt; org.aspectj.weaver.tools.WeavingAdaptor.weaveClass false
3619 [main] DEBUG org.aspectj.weaver.loadtime.Aj  - 16:58:03.139 main &lt; org.aspectj.weaver.loadtime.Aj.preProcess byte[3025]
3621 [main] DEBUG org.aspectj.weaver.loadtime.Aj  - 16:58:03.141 main &gt; org.aspectj.weaver.loadtime.Aj.preProcess org.aspectj.weaver.loadtime.Aj@58027738 org/hsqldb/Like, byte[3535], org.springframework.test.jpa.OrmXmlOverridingShadowingClassLoader@2bbf1be2
3621 [main] DEBUG org.aspectj.weaver.loadtime.Aj  - 16:58:03.141 main - org.aspectj.weaver.loadtime.Aj.preProcess org.aspectj.weaver.loadtime.Aj@58027738 sun.misc.Launcher$AppClassLoader@302b2c81, org.springframework.test.jpa.OrmXmlOverridingShadowingClassLoader@2bbf1be2
3621 [main] DEBUG org.aspectj.weaver.tools.WeavingAdaptor  - 16:58:03.141 main &gt; org.aspectj.weaver.tools.WeavingAdaptor.weaveClass org.aspectj.weaver.loadtime.ClassLoaderWeavingAdaptor@10b090ac org/hsqldb/Like, byte[3535]
3621 [main] DEBUG org.aspectj.weaver.tools.WeavingAdaptor  - 16:58:03.141 main &lt; org.aspectj.weaver.tools.WeavingAdaptor.weaveClass false
3622 [main] DEBUG org.aspectj.weaver.loadtime.Aj  - 16:58:03.142 main &lt; org.aspectj.weaver.loadtime.Aj.preProcess byte[3535]
3625 [main] DEBUG org.aspectj.weaver.loadtime.Aj  - 16:58:03.145 main &gt; org.aspectj.weaver.loadtime.Aj.preProcess org.aspectj.weaver.loadtime.Aj@58027738 org/hsqldb/ConstraintCore, byte[657], org.springframework.test.jpa.OrmXmlOverridingShadowingClassLoader@2bbf1be2
3625 [main] DEBUG org.aspectj.weaver.loadtime.Aj  - 16:58:03.145 main - org.aspectj.weaver.loadtime.Aj.preProcess org.aspectj.weaver.loadtime.Aj@58027738 sun.misc.Launcher$AppClassLoader@302b2c81, org.springframework.test.jpa.OrmXmlOverridingShadowingClassLoader@2bbf1be2
3625 [main] DEBUG org.aspectj.weaver.tools.WeavingAdaptor  - 16:58:03.145 main &gt; org.aspectj.weaver.tools.WeavingAdaptor.weaveClass org.aspectj.weaver.loadtime.ClassLoaderWeavingAdaptor@10b090ac org/hsqldb/ConstraintCore, byte[657]
3625 [main] DEBUG org.aspectj.weaver.tools.WeavingAdaptor  - 16:58:03.145 main &lt; org.aspectj.weaver.tools.WeavingAdaptor.weaveClass false
3625 [main] DEBUG org.aspectj.weaver.loadtime.Aj  - 16:58:03.145 main &lt; org.aspectj.weaver.loadtime.Aj.preProcess byte[657]
3627 [main] DEBUG org.aspectj.weaver.loadtime.Aj  - 16:58:03.147 main &gt; org.aspectj.weaver.loadtime.Aj.preProcess org.aspectj.weaver.loadtime.Aj@58027738 org/hsqldb/TableWorks, byte[10299], org.springframework.test.jpa.OrmXmlOverridingShadowingClassLoader@2bbf1be2
3627 [main] DEBUG org.aspectj.weaver.loadtime.Aj  - 16:58:03.147 main - org.aspectj.weaver.loadtime.Aj.preProcess org.aspectj.weaver.loadtime.Aj@58027738 sun.misc.Launcher$AppClassLoader@302b2c81, org.springframework.test.jpa.OrmXmlOverridingShadowingClassLoader@2bbf1be2
3627 [main] DEBUG org.aspectj.weaver.tools.WeavingAdaptor  - 16:58:03.147 main &gt; org.aspectj.weaver.tools.WeavingAdaptor.weaveClass org.aspectj.weaver.loadtime.ClassLoaderWeavingAdaptor@10b090ac org/hsqldb/TableWorks, byte[10299]
3627 [main] DEBUG org.aspectj.weaver.tools.WeavingAdaptor  - 16:58:03.147 main &lt; org.aspectj.weaver.tools.WeavingAdaptor.weaveClass false
3627 [main] DEBUG org.aspectj.weaver.loadtime.Aj  - 16:58:03.147 main &lt; org.aspectj.weaver.loadtime.Aj.preProcess byte[10299]
3628 [main] DEBUG org.aspectj.weaver.loadtime.Aj  - 16:58:03.148 main &gt; org.aspectj.weaver.loadtime.Aj.preProcess org.aspectj.weaver.loadtime.Aj@58027738 org/hsqldb/lib/IntKeyHashMap$Values, byte[1097], org.springframework.test.jpa.OrmXmlOverridingShadowingClassLoader@2bbf1be2
3628 [main] DEBUG org.aspectj.weaver.loadtime.Aj  - 16:58:03.148 main - org.aspectj.weaver.loadtime.Aj.preProcess org.aspectj.weaver.loadtime.Aj@58027738 sun.misc.Launcher$AppClassLoader@302b2c81, org.springframework.test.jpa.OrmXmlOverridingShadowingClassLoader@2bbf1be2
3628 [main] DEBUG org.aspectj.weaver.tools.WeavingAdaptor  - 16:58:03.148 main &gt; org.aspectj.weaver.tools.WeavingAdaptor.weaveClass org.aspectj.weaver.loadtime.ClassLoaderWeavingAdaptor@10b090ac org/hsqldb/lib/IntKeyHashMap$Values, byte[1097]
3629 [main] DEBUG org.aspectj.weaver.tools.WeavingAdaptor  - 16:58:03.148 main &lt; org.aspectj.weaver.tools.WeavingAdaptor.weaveClass false
3629 [main] DEBUG org.aspectj.weaver.loadtime.Aj  - 16:58:03.149 main &lt; org.aspectj.weaver.loadtime.Aj.preProcess byte[1097]
3630 [main] DEBUG org.aspectj.weaver.loadtime.Aj  - 16:58:03.150 main &gt; org.aspectj.weaver.loadtime.Aj.preProcess org.aspectj.weaver.loadtime.Aj@58027738 org/hibernate/util/JDBCExceptionReporter, byte[3434], org.springframework.test.jpa.OrmXmlOverridingShadowingClassLoader@2bbf1be2
3630 [main] DEBUG org.aspectj.weaver.loadtime.Aj  - 16:58:03.150 main - org.aspectj.weaver.loadtime.Aj.preProcess org.aspectj.weaver.loadtime.Aj@58027738 sun.misc.Launcher$AppClassLoader@302b2c81, org.springframework.test.jpa.OrmXmlOverridingShadowingClassLoader@2bbf1be2
3630 [main] DEBUG org.aspectj.weaver.tools.WeavingAdaptor  - 16:58:03.150 main &gt; org.aspectj.weaver.tools.WeavingAdaptor.weaveClass org.aspectj.weaver.loadtime.ClassLoaderWeavingAdaptor@10b090ac org/hibernate/util/JDBCExceptionReporter, byte[3434]
3630 [main] DEBUG org.aspectj.weaver.tools.WeavingAdaptor  - 16:58:03.150 main &lt; org.aspectj.weaver.tools.WeavingAdaptor.weaveClass false
3630 [main] DEBUG org.aspectj.weaver.loadtime.Aj  - 16:58:03.150 main &lt; org.aspectj.weaver.loadtime.Aj.preProcess byte[3434]
3631 [main] DEBUG org.aspectj.weaver.loadtime.Aj  - 16:58:03.151 main &gt; org.aspectj.weaver.loadtime.Aj.preProcess org.aspectj.weaver.loadtime.Aj@58027738 org/hibernate/engine/query/QueryPlanCache$HQLQueryPlanKey, byte[1647], org.springframework.test.jpa.OrmXmlOverridingShadowingClassLoader@2bbf1be2
3631 [main] DEBUG org.aspectj.weaver.loadtime.Aj  - 16:58:03.151 main - org.aspectj.weaver.loadtime.Aj.preProcess org.aspectj.weaver.loadtime.Aj@58027738 sun.misc.Launcher$AppClassLoader@302b2c81, org.springframework.test.jpa.OrmXmlOverridingShadowingClassLoader@2bbf1be2
3631 [main] DEBUG org.aspectj.weaver.tools.WeavingAdaptor  - 16:58:03.151 main &gt; org.aspectj.weaver.tools.WeavingAdaptor.weaveClass org.aspectj.weaver.loadtime.ClassLoaderWeavingAdaptor@10b090ac org/hibernate/engine/query/QueryPlanCache$HQLQueryPlanKey, byte[1647]
3631 [main] DEBUG org.aspectj.weaver.tools.WeavingAdaptor  - 16:58:03.151 main &lt; org.aspectj.weaver.tools.WeavingAdaptor.weaveClass false
3631 [main] DEBUG org.aspectj.weaver.loadtime.Aj  - 16:58:03.151 main &lt; org.aspectj.weaver.loadtime.Aj.preProcess byte[1647]
3631 [main] DEBUG org.aspectj.weaver.loadtime.Aj  - 16:58:03.151 main &gt; org.aspectj.weaver.loadtime.Aj.preProcess org.aspectj.weaver.loadtime.Aj@58027738 org/hibernate/engine/query/HQLQueryPlan, byte[13126], org.springframework.test.jpa.OrmXmlOverridingShadowingClassLoader@2bbf1be2
3631 [main] DEBUG org.aspectj.weaver.loadtime.Aj  - 16:58:03.151 main - org.aspectj.weaver.loadtime.Aj.preProcess org.aspectj.weaver.loadtime.Aj@58027738 sun.misc.Launcher$AppClassLoader@302b2c81, org.springframework.test.jpa.OrmXmlOverridingShadowingClassLoader@2bbf1be2
3632 [main] DEBUG org.aspectj.weaver.tools.WeavingAdaptor  - 16:58:03.151 main &gt; org.aspectj.weaver.tools.WeavingAdaptor.weaveClass org.aspectj.weaver.loadtime.ClassLoaderWeavingAdaptor@10b090ac org/hibernate/engine/query/HQLQueryPlan, byte[13126]
3632 [main] DEBUG org.aspectj.weaver.tools.WeavingAdaptor  - 16:58:03.152 main &lt; org.aspectj.weaver.tools.WeavingAdaptor.weaveClass false
3632 [main] DEBUG org.aspectj.weaver.loadtime.Aj  - 16:58:03.152 main &lt; org.aspectj.weaver.loadtime.Aj.preProcess byte[13126]
3633 [main] DEBUG org.aspectj.weaver.loadtime.Aj  - 16:58:03.153 main &gt; org.aspectj.weaver.loadtime.Aj.preProcess org.aspectj.weaver.loadtime.Aj@58027738 org/hibernate/hql/QuerySplitter, byte[4369], org.springframework.test.jpa.OrmXmlOverridingShadowingClassLoader@2bbf1be2
3633 [main] DEBUG org.aspectj.weaver.loadtime.Aj  - 16:58:03.153 main - org.aspectj.weaver.loadtime.Aj.preProcess org.aspectj.weaver.loadtime.Aj@58027738 sun.misc.Launcher$AppClassLoader@302b2c81, org.springframework.test.jpa.OrmXmlOverridingShadowingClassLoader@2bbf1be2
3633 [main] DEBUG org.aspectj.weaver.tools.WeavingAdaptor  - 16:58:03.153 main &gt; org.aspectj.weaver.tools.WeavingAdaptor.weaveClass org.aspectj.weaver.loadtime.ClassLoaderWeavingAdaptor@10b090ac org/hibernate/hql/QuerySplitter, byte[4369]
3633 [main] DEBUG org.aspectj.weaver.tools.WeavingAdaptor  - 16:58:03.153 main &lt; org.aspectj.weaver.tools.WeavingAdaptor.weaveClass false
3633 [main] DEBUG org.aspectj.weaver.loadtime.Aj  - 16:58:03.153 main &lt; org.aspectj.weaver.loadtime.Aj.preProcess byte[4369]
3634 [main] DEBUG org.aspectj.weaver.loadtime.Aj  - 16:58:03.154 main &gt; org.aspectj.weaver.loadtime.Aj.preProcess org.aspectj.weaver.loadtime.Aj@58027738 org/hibernate/hql/classic/ParserHelper, byte[1580], org.springframework.test.jpa.OrmXmlOverridingShadowingClassLoader@2bbf1be2
3634 [main] DEBUG org.aspectj.weaver.loadtime.Aj  - 16:58:03.154 main - org.aspectj.weaver.loadtime.Aj.preProcess org.aspectj.weaver.loadtime.Aj@58027738 sun.misc.Launcher$AppClassLoader@302b2c81, org.springframework.test.jpa.OrmXmlOverridingShadowingClassLoader@2bbf1be2
3634 [main] DEBUG org.aspectj.weaver.tools.WeavingAdaptor  - 16:58:03.154 main &gt; org.aspectj.weaver.tools.WeavingAdaptor.weaveClass org.aspectj.weaver.loadtime.ClassLoaderWeavingAdaptor@10b090ac org/hibernate/hql/classic/ParserHelper, byte[1580]
3634 [main] DEBUG org.aspectj.weaver.tools.WeavingAdaptor  - 16:58:03.154 main &lt; org.aspectj.weaver.tools.WeavingAdaptor.weaveClass false
3634 [main] DEBUG org.aspectj.weaver.loadtime.Aj  - 16:58:03.154 main &lt; org.aspectj.weaver.loadtime.Aj.preProcess byte[1580]
3635 [main] DEBUG org.aspectj.weaver.loadtime.Aj  - 16:58:03.154 main &gt; org.aspectj.weaver.loadtime.Aj.preProcess org.aspectj.weaver.loadtime.Aj@58027738 org/hibernate/hql/ast/QueryTranslatorImpl, byte[16291], org.springframework.test.jpa.OrmXmlOverridingShadowingClassLoader@2bbf1be2
3635 [main] DEBUG org.aspectj.weaver.loadtime.Aj  - 16:58:03.155 main - org.aspectj.weaver.loadtime.Aj.preProcess org.aspectj.weaver.loadtime.Aj@58027738 sun.misc.Launcher$AppClassLoader@302b2c81, org.springframework.test.jpa.OrmXmlOverridingShadowingClassLoader@2bbf1be2
3635 [main] DEBUG org.aspectj.weaver.tools.WeavingAdaptor  - 16:58:03.155 main &gt; org.aspectj.weaver.tools.WeavingAdaptor.weaveClass org.aspectj.weaver.loadtime.ClassLoaderWeavingAdaptor@10b090ac org/hibernate/hql/ast/QueryTranslatorImpl, byte[16291]
3635 [main] DEBUG org.aspectj.weaver.tools.WeavingAdaptor  - 16:58:03.155 main &lt; org.aspectj.weaver.tools.WeavingAdaptor.weaveClass false
3635 [main] DEBUG org.aspectj.weaver.loadtime.Aj  - 16:58:03.155 main &lt; org.aspectj.weaver.loadtime.Aj.preProcess byte[16291]
3636 [main] DEBUG org.aspectj.weaver.loadtime.Aj  - 16:58:03.156 main &gt; org.aspectj.weaver.loadtime.Aj.preProcess org.aspectj.weaver.loadtime.Aj@58027738 org/hibernate/hql/ParameterTranslations, byte[558], org.springframework.test.jpa.OrmXmlOverridingShadowingClassLoader@2bbf1be2
3636 [main] DEBUG org.aspectj.weaver.loadtime.Aj  - 16:58:03.156 main - org.aspectj.weaver.loadtime.Aj.preProcess org.aspectj.weaver.loadtime.Aj@58027738 sun.misc.Launcher$AppClassLoader@302b2c81, org.springframework.test.jpa.OrmXmlOverridingShadowingClassLoader@2bbf1be2
3636 [main] DEBUG org.aspectj.weaver.tools.WeavingAdaptor  - 16:58:03.156 main &gt; org.aspectj.weaver.tools.WeavingAdaptor.weaveClass org.aspectj.weaver.loadtime.ClassLoaderWeavingAdaptor@10b090ac org/hibernate/hql/ParameterTranslations, byte[558]
3636 [main] DEBUG org.aspectj.weaver.tools.WeavingAdaptor  - 16:58:03.156 main &lt; org.aspectj.weaver.tools.WeavingAdaptor.weaveClass false
3636 [main] DEBUG org.aspectj.weaver.loadtime.Aj  - 16:58:03.156 main &lt; org.aspectj.weaver.loadtime.Aj.preProcess byte[558]
3636 [main] DEBUG org.aspectj.weaver.loadtime.Aj  - 16:58:03.156 main &gt; org.aspectj.weaver.loadtime.Aj.preProcess org.aspectj.weaver.loadtime.Aj@58027738 org/hibernate/hql/ast/exec/StatementExecutor, byte[357], org.springframework.test.jpa.OrmXmlOverridingShadowingClassLoader@2bbf1be2
3636 [main] DEBUG org.aspectj.weaver.loadtime.Aj  - 16:58:03.156 main - org.aspectj.weaver.loadtime.Aj.preProcess org.aspectj.weaver.loadtime.Aj@58027738 sun.misc.Launcher$AppClassLoader@302b2c81, org.springframework.test.jpa.OrmXmlOverridingShadowingClassLoader@2bbf1be2
3636 [main] DEBUG org.aspectj.weaver.tools.WeavingAdaptor  - 16:58:03.156 main &gt; org.aspectj.weaver.tools.WeavingAdaptor.weaveClass org.aspectj.weaver.loadtime.ClassLoaderWeavingAdaptor@10b090ac org/hibernate/hql/ast/exec/StatementExecutor, byte[357]
3636 [main] DEBUG org.aspectj.weaver.tools.WeavingAdaptor  - 16:58:03.156 main &lt; org.aspectj.weaver.tools.WeavingAdaptor.weaveClass false
3636 [main] DEBUG org.aspectj.weaver.loadtime.Aj  - 16:58:03.156 main &lt; org.aspectj.weaver.loadtime.Aj.preProcess byte[357]
3637 [main] DEBUG org.aspectj.weaver.loadtime.Aj  - 16:58:03.157 main &gt; org.aspectj.weaver.loadtime.Aj.preProcess org.aspectj.weaver.loadtime.Aj@58027738 antlr/ANTLRException, byte[486], org.springframework.test.jpa.OrmXmlOverridingShadowingClassLoader@2bbf1be2
3637 [main] DEBUG org.aspectj.weaver.loadtime.Aj  - 16:58:03.157 main - org.aspectj.weaver.loadtime.Aj.preProcess org.aspectj.weaver.loadtime.Aj@58027738 sun.misc.Launcher$AppClassLoader@302b2c81, org.springframework.test.jpa.OrmXmlOverridingShadowingClassLoader@2bbf1be2
3637 [main] DEBUG org.aspectj.weaver.tools.WeavingAdaptor  - 16:58:03.157 main &gt; org.aspectj.weaver.tools.WeavingAdaptor.weaveClass org.aspectj.weaver.loadtime.ClassLoaderWeavingAdaptor@10b090ac antlr/ANTLRException, byte[486]
3637 [main] DEBUG org.aspectj.weaver.tools.WeavingAdaptor  - 16:58:03.157 main &lt; org.aspectj.weaver.tools.WeavingAdaptor.weaveClass false
3637 [main] DEBUG org.aspectj.weaver.loadtime.Aj  - 16:58:03.157 main &lt; org.aspectj.weaver.loadtime.Aj.preProcess byte[486]
3638 [main] DEBUG org.aspectj.weaver.loadtime.Aj  - 16:58:03.158 main &gt; org.aspectj.weaver.loadtime.Aj.preProcess org.aspectj.weaver.loadtime.Aj@58027738 antlr/RecognitionException, byte[1365], org.springframework.test.jpa.OrmXmlOverridingShadowingClassLoader@2bbf1be2
3638 [main] DEBUG org.aspectj.weaver.loadtime.Aj  - 16:58:03.158 main - org.aspectj.weaver.loadtime.Aj.preProcess org.aspectj.weaver.loadtime.Aj@58027738 sun.misc.Launcher$AppClassLoader@302b2c81, org.springframework.test.jpa.OrmXmlOverridingShadowingClassLoader@2bbf1be2
3638 [main] DEBUG org.aspectj.weaver.tools.WeavingAdaptor  - 16:58:03.158 main &gt; org.aspectj.weaver.tools.WeavingAdaptor.weaveClass org.aspectj.weaver.loadtime.ClassLoaderWeavingAdaptor@10b090ac antlr/RecognitionException, byte[1365]
3638 [main] DEBUG org.aspectj.weaver.tools.WeavingAdaptor  - 16:58:03.158 main &lt; org.aspectj.weaver.tools.WeavingAdaptor.weaveClass false
3638 [main] DEBUG org.aspectj.weaver.loadtime.Aj  - 16:58:03.158 main &lt; org.aspectj.weaver.loadtime.Aj.preProcess byte[1365]
3638 [main] DEBUG org.aspectj.weaver.loadtime.Aj  - 16:58:03.158 main &gt; org.aspectj.weaver.loadtime.Aj.preProcess org.aspectj.weaver.loadtime.Aj@58027738 antlr/collections/AST, byte[874], org.springframework.test.jpa.OrmXmlOverridingShadowingClassLoader@2bbf1be2
3638 [main] DEBUG org.aspectj.weaver.loadtime.Aj  - 16:58:03.158 main - org.aspectj.weaver.loadtime.Aj.preProcess org.aspectj.weaver.loadtime.Aj@58027738 sun.misc.Launcher$AppClassLoader@302b2c81, org.springframework.test.jpa.OrmXmlOverridingShadowingClassLoader@2bbf1be2
3639 [main] DEBUG org.aspectj.weaver.tools.WeavingAdaptor  - 16:58:03.159 main &gt; org.aspectj.weaver.tools.WeavingAdaptor.weaveClass org.aspectj.weaver.loadtime.ClassLoaderWeavingAdaptor@10b090ac antlr/collections/AST, byte[874]
3639 [main] DEBUG org.aspectj.weaver.tools.WeavingAdaptor  - 16:58:03.159 main &lt; org.aspectj.weaver.tools.WeavingAdaptor.weaveClass false
3639 [main] DEBUG org.aspectj.weaver.loadtime.Aj  - 16:58:03.159 main &lt; org.aspectj.weaver.loadtime.Aj.preProcess byte[874]
3639 [main] DEBUG org.aspectj.weaver.loadtime.Aj  - 16:58:03.159 main &gt; org.aspectj.weaver.loadtime.Aj.preProcess org.aspectj.weaver.loadtime.Aj@58027738 org/hibernate/hql/ast/QuerySyntaxException, byte[1393], org.springframework.test.jpa.OrmXmlOverridingShadowingClassLoader@2bbf1be2
3639 [main] DEBUG org.aspectj.weaver.loadtime.Aj  - 16:58:03.159 main - org.aspectj.weaver.loadtime.Aj.preProcess org.aspectj.weaver.loadtime.Aj@58027738 sun.misc.Launcher$AppClassLoader@302b2c81, org.springframework.test.jpa.OrmXmlOverridingShadowingClassLoader@2bbf1be2
3639 [main] DEBUG org.aspectj.weaver.tools.WeavingAdaptor  - 16:58:03.159 main &gt; org.aspectj.weaver.tools.WeavingAdaptor.weaveClass org.aspectj.weaver.loadtime.ClassLoaderWeavingAdaptor@10b090ac org/hibernate/hql/ast/QuerySyntaxException, byte[1393]
3639 [main] DEBUG org.aspectj.weaver.tools.WeavingAdaptor  - 16:58:03.159 main &lt; org.aspectj.weaver.tools.WeavingAdaptor.weaveClass false
3639 [main] DEBUG org.aspectj.weaver.loadtime.Aj  - 16:58:03.159 main &lt; org.aspectj.weaver.loadtime.Aj.preProcess byte[1393]
3640 [main] DEBUG org.aspectj.weaver.loadtime.Aj  - 16:58:03.160 main &gt; org.aspectj.weaver.loadtime.Aj.preProcess org.aspectj.weaver.loadtime.Aj@58027738 org/hibernate/hql/QueryExecutionRequestException, byte[470], org.springframework.test.jpa.OrmXmlOverridingShadowingClassLoader@2bbf1be2
3640 [main] DEBUG org.aspectj.weaver.loadtime.Aj  - 16:58:03.160 main - org.aspectj.weaver.loadtime.Aj.preProcess org.aspectj.weaver.loadtime.Aj@58027738 sun.misc.Launcher$AppClassLoader@302b2c81, org.springframework.test.jpa.OrmXmlOverridingShadowingClassLoader@2bbf1be2
3640 [main] DEBUG org.aspectj.weaver.tools.WeavingAdaptor  - 16:58:03.160 main &gt; org.aspectj.weaver.tools.WeavingAdaptor.weaveClass org.aspectj.weaver.loadtime.ClassLoaderWeavingAdaptor@10b090ac org/hibernate/hql/QueryExecutionRequestException, byte[470]
3640 [main] DEBUG org.aspectj.weaver.tools.WeavingAdaptor  - 16:58:03.160 main &lt; org.aspectj.weaver.tools.WeavingAdaptor.weaveClass false
3640 [main] DEBUG org.aspectj.weaver.loadtime.Aj  - 16:58:03.160 main &lt; org.aspectj.weaver.loadtime.Aj.preProcess byte[470]
3640 [main] DEBUG org.aspectj.weaver.loadtime.Aj  - 16:58:03.160 main &gt; org.aspectj.weaver.loadtime.Aj.preProcess org.aspectj.weaver.loadtime.Aj@58027738 org/hibernate/hql/ast/util/NodeTraverser$VisitationStrategy, byte[296], org.springframework.test.jpa.OrmXmlOverridingShadowingClassLoader@2bbf1be2
3640 [main] DEBUG org.aspectj.weaver.loadtime.Aj  - 16:58:03.160 main - org.aspectj.weaver.loadtime.Aj.preProcess org.aspectj.weaver.loadtime.Aj@58027738 sun.misc.Launcher$AppClassLoader@302b2c81, org.springframework.test.jpa.OrmXmlOverridingShadowingClassLoader@2bbf1be2
3640 [main] DEBUG org.aspectj.weaver.tools.WeavingAdaptor  - 16:58:03.160 main &gt; org.aspectj.weaver.tools.WeavingAdaptor.weaveClass org.aspectj.weaver.loadtime.ClassLoaderWeavingAdaptor@10b090ac org/hibernate/hql/ast/util/NodeTraverser$VisitationStrategy, byte[296]
3640 [main] DEBUG org.aspectj.weaver.tools.WeavingAdaptor  - 16:58:03.160 main &lt; org.aspectj.weaver.tools.WeavingAdaptor.weaveClass false
3640 [main] DEBUG org.aspectj.weaver.loadtime.Aj  - 16:58:03.160 main &lt; org.aspectj.weaver.loadtime.Aj.preProcess byte[296]
3641 [main] DEBUG org.aspectj.weaver.loadtime.Aj  - 16:58:03.161 main &gt; org.aspectj.weaver.loadtime.Aj.preProcess org.aspectj.weaver.loadtime.Aj@58027738 org/hibernate/hql/ast/HqlParser, byte[8797], org.springframework.test.jpa.OrmXmlOverridingShadowingClassLoader@2bbf1be2
3641 [main] DEBUG org.aspectj.weaver.loadtime.Aj  - 16:58:03.161 main - org.aspectj.weaver.loadtime.Aj.preProcess org.aspectj.weaver.loadtime.Aj@58027738 sun.misc.Launcher$AppClassLoader@302b2c81, org.springframework.test.jpa.OrmXmlOverridingShadowingClassLoader@2bbf1be2
3641 [main] DEBUG org.aspectj.weaver.tools.WeavingAdaptor  - 16:58:03.161 main &gt; org.aspectj.weaver.tools.WeavingAdaptor.weaveClass org.aspectj.weaver.loadtime.ClassLoaderWeavingAdaptor@10b090ac org/hibernate/hql/ast/HqlParser, byte[8797]
3641 [main] DEBUG org.aspectj.weaver.tools.WeavingAdaptor  - 16:58:03.161 main &lt; org.aspectj.weaver.tools.WeavingAdaptor.weaveClass false
3641 [main] DEBUG org.aspectj.weaver.loadtime.Aj  - 16:58:03.161 main &lt; org.aspectj.weaver.loadtime.Aj.preProcess byte[8797]
3642 [main] DEBUG org.aspectj.weaver.loadtime.Aj  - 16:58:03.162 main &gt; org.aspectj.weaver.loadtime.Aj.preProcess org.aspectj.weaver.loadtime.Aj@58027738 org/hibernate/hql/antlr/HqlBaseParser, byte[57801], org.springframework.test.jpa.OrmXmlOverridingShadowingClassLoader@2bbf1be2
3642 [main] DEBUG org.aspectj.weaver.loadtime.Aj  - 16:58:03.162 main - org.aspectj.weaver.loadtime.Aj.preProcess org.aspectj.weaver.loadtime.Aj@58027738 sun.misc.Launcher$AppClassLoader@302b2c81, org.springframework.test.jpa.OrmXmlOverridingShadowingClassLoader@2bbf1be2
3642 [main] DEBUG org.aspectj.weaver.tools.WeavingAdaptor  - 16:58:03.162 main &gt; org.aspectj.weaver.tools.WeavingAdaptor.weaveClass org.aspectj.weaver.loadtime.ClassLoaderWeavingAdaptor@10b090ac org/hibernate/hql/antlr/HqlBaseParser, byte[57801]
3642 [main] DEBUG org.aspectj.weaver.tools.WeavingAdaptor  - 16:58:03.162 main &lt; org.aspectj.weaver.tools.WeavingAdaptor.weaveClass false
3642 [main] DEBUG org.aspectj.weaver.loadtime.Aj  - 16:58:03.162 main &lt; org.aspectj.weaver.loadtime.Aj.preProcess byte[57801]
3643 [main] DEBUG org.aspectj.weaver.loadtime.Aj  - 16:58:03.163 main &gt; org.aspectj.weaver.loadtime.Aj.preProcess org.aspectj.weaver.loadtime.Aj@58027738 org/hibernate/hql/antlr/HqlTokenTypes, byte[3975], org.springframework.test.jpa.OrmXmlOverridingShadowingClassLoader@2bbf1be2
3643 [main] DEBUG org.aspectj.weaver.loadtime.Aj  - 16:58:03.163 main - org.aspectj.weaver.loadtime.Aj.preProcess org.aspectj.weaver.loadtime.Aj@58027738 sun.misc.Launcher$AppClassLoader@302b2c81, org.springframework.test.jpa.OrmXmlOverridingShadowingClassLoader@2bbf1be2
3643 [main] DEBUG org.aspectj.weaver.tools.WeavingAdaptor  - 16:58:03.163 main &gt; org.aspectj.weaver.tools.WeavingAdaptor.weaveClass org.aspectj.weaver.loadtime.ClassLoaderWeavingAdaptor@10b090ac org/hibernate/hql/antlr/HqlTokenTypes, byte[3975]
3643 [main] DEBUG org.aspectj.weaver.tools.WeavingAdaptor  - 16:58:03.163 main &lt; org.aspectj.weaver.tools.WeavingAdaptor.weaveClass false
3643 [main] DEBUG org.aspectj.weaver.loadtime.Aj  - 16:58:03.163 main &lt; org.aspectj.weaver.loadtime.Aj.preProcess byte[3975]
3644 [main] DEBUG org.aspectj.weaver.loadtime.Aj  - 16:58:03.164 main &gt; org.aspectj.weaver.loadtime.Aj.preProcess org.aspectj.weaver.loadtime.Aj@58027738 antlr/LLkParser, byte[2133], org.springframework.test.jpa.OrmXmlOverridingShadowingClassLoader@2bbf1be2
3644 [main] DEBUG org.aspectj.weaver.loadtime.Aj  - 16:58:03.164 main - org.aspectj.weaver.loadtime.Aj.preProcess org.aspectj.weaver.loadtime.Aj@58027738 sun.misc.Launcher$AppClassLoader@302b2c81, org.springframework.test.jpa.OrmXmlOverridingShadowingClassLoader@2bbf1be2
3644 [main] DEBUG org.aspectj.weaver.tools.WeavingAdaptor  - 16:58:03.164 main &gt; org.aspectj.weaver.tools.WeavingAdaptor.weaveClass org.aspectj.weaver.loadtime.ClassLoaderWeavingAdaptor@10b090ac antlr/LLkParser, byte[2133]
3644 [main] DEBUG org.aspectj.weaver.tools.WeavingAdaptor  - 16:58:03.164 main &lt; org.aspectj.weaver.tools.WeavingAdaptor.weaveClass false
3644 [main] DEBUG org.aspectj.weaver.loadtime.Aj  - 16:58:03.164 main &lt; org.aspectj.weaver.loadtime.Aj.preProcess byte[2133]
3644 [main] DEBUG org.aspectj.weaver.loadtime.Aj  - 16:58:03.164 main &gt; org.aspectj.weaver.loadtime.Aj.preProcess org.aspectj.weaver.loadtime.Aj@58027738 antlr/Parser, byte[7671], org.springframework.test.jpa.OrmXmlOverridingShadowingClassLoader@2bbf1be2
3644 [main] DEBUG org.aspectj.weaver.loadtime.Aj  - 16:58:03.164 main - org.aspectj.weaver.loadtime.Aj.preProcess org.aspectj.weaver.loadtime.Aj@58027738 sun.misc.Launcher$AppClassLoader@302b2c81, org.springframework.test.jpa.OrmXmlOverridingShadowingClassLoader@2bbf1be2
3644 [main] DEBUG org.aspectj.weaver.tools.WeavingAdaptor  - 16:58:03.164 main &gt; org.aspectj.weaver.tools.WeavingAdaptor.weaveClass org.aspectj.weaver.loadtime.ClassLoaderWeavingAdaptor@10b090ac antlr/Parser, byte[7671]
3644 [main] DEBUG org.aspectj.weaver.tools.WeavingAdaptor  - 16:58:03.164 main &lt; org.aspectj.weaver.tools.WeavingAdaptor.weaveClass false
3644 [main] DEBUG org.aspectj.weaver.loadtime.Aj  - 16:58:03.164 main &lt; org.aspectj.weaver.loadtime.Aj.preProcess byte[7671]
3645 [main] DEBUG org.aspectj.weaver.loadtime.Aj  - 16:58:03.165 main &gt; org.aspectj.weaver.loadtime.Aj.preProcess org.aspectj.weaver.loadtime.Aj@58027738 antlr/MismatchedTokenException, byte[3580], org.springframework.test.jpa.OrmXmlOverridingShadowingClassLoader@2bbf1be2
3645 [main] DEBUG org.aspectj.weaver.loadtime.Aj  - 16:58:03.165 main - org.aspectj.weaver.loadtime.Aj.preProcess org.aspectj.weaver.loadtime.Aj@58027738 sun.misc.Launcher$AppClassLoader@302b2c81, org.springframework.test.jpa.OrmXmlOverridingShadowingClassLoader@2bbf1be2
3645 [main] DEBUG org.aspectj.weaver.tools.WeavingAdaptor  - 16:58:03.165 main &gt; org.aspectj.weaver.tools.WeavingAdaptor.weaveClass org.aspectj.weaver.loadtime.ClassLoaderWeavingAdaptor@10b090ac antlr/MismatchedTokenException, byte[3580]
3645 [main] DEBUG org.aspectj.weaver.tools.WeavingAdaptor  - 16:58:03.165 main &lt; org.aspectj.weaver.tools.WeavingAdaptor.weaveClass false
3645 [main] DEBUG org.aspectj.weaver.loadtime.Aj  - 16:58:03.165 main &lt; org.aspectj.weaver.loadtime.Aj.preProcess byte[3580]
3646 [main] DEBUG org.aspectj.weaver.loadtime.Aj  - 16:58:03.166 main &gt; org.aspectj.weaver.loadtime.Aj.preProcess org.aspectj.weaver.loadtime.Aj@58027738 antlr/NoViableAltException, byte[1139], org.springframework.test.jpa.OrmXmlOverridingShadowingClassLoader@2bbf1be2
3646 [main] DEBUG org.aspectj.weaver.loadtime.Aj  - 16:58:03.166 main - org.aspectj.weaver.loadtime.Aj.preProcess org.aspectj.weaver.loadtime.Aj@58027738 sun.misc.Launcher$AppClassLoader@302b2c81, org.springframework.test.jpa.OrmXmlOverridingShadowingClassLoader@2bbf1be2
3646 [main] DEBUG org.aspectj.weaver.tools.WeavingAdaptor  - 16:58:03.166 main &gt; org.aspectj.weaver.tools.WeavingAdaptor.weaveClass org.aspectj.weaver.loadtime.ClassLoaderWeavingAdaptor@10b090ac antlr/NoViableAltException, byte[1139]
3646 [main] DEBUG org.aspectj.weaver.tools.WeavingAdaptor  - 16:58:03.166 main &lt; org.aspectj.weaver.tools.WeavingAdaptor.weaveClass false
3646 [main] DEBUG org.aspectj.weaver.loadtime.Aj  - 16:58:03.166 main &lt; org.aspectj.weaver.loadtime.Aj.preProcess byte[1139]
3648 [main] DEBUG org.aspectj.weaver.loadtime.Aj  - 16:58:03.168 main &gt; org.aspectj.weaver.loadtime.Aj.preProcess org.aspectj.weaver.loadtime.Aj@58027738 antlr/SemanticException, byte[471], org.springframework.test.jpa.OrmXmlOverridingShadowingClassLoader@2bbf1be2
3648 [main] DEBUG org.aspectj.weaver.loadtime.Aj  - 16:58:03.168 main - org.aspectj.weaver.loadtime.Aj.preProcess org.aspectj.weaver.loadtime.Aj@58027738 sun.misc.Launcher$AppClassLoader@302b2c81, org.springframework.test.jpa.OrmXmlOverridingShadowingClassLoader@2bbf1be2
3648 [main] DEBUG org.aspectj.weaver.tools.WeavingAdaptor  - 16:58:03.168 main &gt; org.aspectj.weaver.tools.WeavingAdaptor.weaveClass org.aspectj.weaver.loadtime.ClassLoaderWeavingAdaptor@10b090ac antlr/SemanticException, byte[471]
3648 [main] DEBUG org.aspectj.weaver.tools.WeavingAdaptor  - 16:58:03.168 main &lt; org.aspectj.weaver.tools.WeavingAdaptor.weaveClass false
3648 [main] DEBUG org.aspectj.weaver.loadtime.Aj  - 16:58:03.168 main &lt; org.aspectj.weaver.loadtime.Aj.preProcess byte[471]
3651 [main] DEBUG org.aspectj.weaver.loadtime.Aj  - 16:58:03.171 main &gt; org.aspectj.weaver.loadtime.Aj.preProcess org.aspectj.weaver.loadtime.Aj@58027738 org/hibernate/hql/ast/ParseErrorHandler, byte[303], org.springframework.test.jpa.OrmXmlOverridingShadowingClassLoader@2bbf1be2
3651 [main] DEBUG org.aspectj.weaver.loadtime.Aj  - 16:58:03.171 main - org.aspectj.weaver.loadtime.Aj.preProcess org.aspectj.weaver.loadtime.Aj@58027738 sun.misc.Launcher$AppClassLoader@302b2c81, org.springframework.test.jpa.OrmXmlOverridingShadowingClassLoader@2bbf1be2
3651 [main] DEBUG org.aspectj.weaver.tools.WeavingAdaptor  - 16:58:03.171 main &gt; org.aspectj.weaver.tools.WeavingAdaptor.weaveClass org.aspectj.weaver.loadtime.ClassLoaderWeavingAdaptor@10b090ac org/hibernate/hql/ast/ParseErrorHandler, byte[303]
3651 [main] DEBUG org.aspectj.weaver.tools.WeavingAdaptor  - 16:58:03.171 main &lt; org.aspectj.weaver.tools.WeavingAdaptor.weaveClass false
3651 [main] DEBUG org.aspectj.weaver.loadtime.Aj  - 16:58:03.171 main &lt; org.aspectj.weaver.loadtime.Aj.preProcess byte[303]
3651 [main] DEBUG org.aspectj.weaver.loadtime.Aj  - 16:58:03.171 main &gt; org.aspectj.weaver.loadtime.Aj.preProcess org.aspectj.weaver.loadtime.Aj@58027738 org/hibernate/hql/ast/ErrorReporter, byte[241], org.springframework.test.jpa.OrmXmlOverridingShadowingClassLoader@2bbf1be2
3651 [main] DEBUG org.aspectj.weaver.loadtime.Aj  - 16:58:03.171 main - org.aspectj.weaver.loadtime.Aj.preProcess org.aspectj.weaver.loadtime.Aj@58027738 sun.misc.Launcher$AppClassLoader@302b2c81, org.springframework.test.jpa.OrmXmlOverridingShadowingClassLoader@2bbf1be2
3651 [main] DEBUG org.aspectj.weaver.tools.WeavingAdaptor  - 16:58:03.171 main &gt; org.aspectj.weaver.tools.WeavingAdaptor.weaveClass org.aspectj.weaver.loadtime.ClassLoaderWeavingAdaptor@10b090ac org/hibernate/hql/ast/ErrorReporter, byte[241]
3651 [main] DEBUG org.aspectj.weaver.tools.WeavingAdaptor  - 16:58:03.171 main &lt; org.aspectj.weaver.tools.WeavingAdaptor.weaveClass false
3651 [main] DEBUG org.aspectj.weaver.loadtime.Aj  - 16:58:03.171 main &lt; org.aspectj.weaver.loadtime.Aj.preProcess byte[241]
3652 [main] DEBUG org.aspectj.weaver.loadtime.Aj  - 16:58:03.172 main &gt; org.aspectj.weaver.loadtime.Aj.preProcess org.aspectj.weaver.loadtime.Aj@58027738 antlr/ASTFactory, byte[5916], org.springframework.test.jpa.OrmXmlOverridingShadowingClassLoader@2bbf1be2
3652 [main] DEBUG org.aspectj.weaver.loadtime.Aj  - 16:58:03.172 main - org.aspectj.weaver.loadtime.Aj.preProcess org.aspectj.weaver.loadtime.Aj@58027738 sun.misc.Launcher$AppClassLoader@302b2c81, org.springframework.test.jpa.OrmXmlOverridingShadowingClassLoader@2bbf1be2
3652 [main] DEBUG org.aspectj.weaver.tools.WeavingAdaptor  - 16:58:03.172 main &gt; org.aspectj.weaver.tools.WeavingAdaptor.weaveClass org.aspectj.weaver.loadtime.ClassLoaderWeavingAdaptor@10b090ac antlr/ASTFactory, byte[5916]
3652 [main] DEBUG org.aspectj.weaver.tools.WeavingAdaptor  - 16:58:03.172 main &lt; org.aspectj.weaver.tools.WeavingAdaptor.weaveClass false
3652 [main] DEBUG org.aspectj.weaver.loadtime.Aj  - 16:58:03.172 main &lt; org.aspectj.weaver.loadtime.Aj.preProcess byte[5916]
3652 [main] DEBUG org.aspectj.weaver.loadtime.Aj  - 16:58:03.172 main &gt; org.aspectj.weaver.loadtime.Aj.preProcess org.aspectj.weaver.loadtime.Aj@58027738 org/hibernate/hql/ast/HqlASTFactory, byte[999], org.springframework.test.jpa.OrmXmlOverridingShadowingClassLoader@2bbf1be2
3652 [main] DEBUG org.aspectj.weaver.loadtime.Aj  - 16:58:03.172 main - org.aspectj.weaver.loadtime.Aj.preProcess org.aspectj.weaver.loadtime.Aj@58027738 sun.misc.Launcher$AppClassLoader@302b2c81, org.springframework.test.jpa.OrmXmlOverridingShadowingClassLoader@2bbf1be2
3653 [main] DEBUG org.aspectj.weaver.tools.WeavingAdaptor  - 16:58:03.173 main &gt; org.aspectj.weaver.tools.WeavingAdaptor.weaveClass org.aspectj.weaver.loadtime.ClassLoaderWeavingAdaptor@10b090ac org/hibernate/hql/ast/HqlASTFactory, byte[999]
3653 [main] DEBUG org.aspectj.weaver.tools.WeavingAdaptor  - 16:58:03.173 main &lt; org.aspectj.weaver.tools.WeavingAdaptor.weaveClass false
3653 [main] DEBUG org.aspectj.weaver.loadtime.Aj  - 16:58:03.173 main &lt; org.aspectj.weaver.loadtime.Aj.preProcess byte[999]
3653 [main] DEBUG org.aspectj.weaver.loadtime.Aj  - 16:58:03.173 main &gt; org.aspectj.weaver.loadtime.Aj.preProcess org.aspectj.weaver.loadtime.Aj@58027738 antlr/TokenStream, byte[202], org.springframework.test.jpa.OrmXmlOverridingShadowingClassLoader@2bbf1be2
3653 [main] DEBUG org.aspectj.weaver.loadtime.Aj  - 16:58:03.173 main - org.aspectj.weaver.loadtime.Aj.preProcess org.aspectj.weaver.loadtime.Aj@58027738 sun.misc.Launcher$AppClassLoader@302b2c81, org.springframework.test.jpa.OrmXmlOverridingShadowingClassLoader@2bbf1be2
3653 [main] DEBUG org.aspectj.weaver.tools.WeavingAdaptor  - 16:58:03.173 main &gt; org.aspectj.weaver.tools.WeavingAdaptor.weaveClass org.aspectj.weaver.loadtime.ClassLoaderWeavingAdaptor@10b090ac antlr/TokenStream, byte[202]
3653 [main] DEBUG org.aspectj.weaver.tools.WeavingAdaptor  - 16:58:03.173 main &lt; org.aspectj.weaver.tools.WeavingAdaptor.weaveClass false
3653 [main] DEBUG org.aspectj.weaver.loadtime.Aj  - 16:58:03.173 main &lt; org.aspectj.weaver.loadtime.Aj.preProcess byte[202]
3653 [main] DEBUG org.aspectj.weaver.loadtime.Aj  - 16:58:03.173 main &gt; org.aspectj.weaver.loadtime.Aj.preProcess org.aspectj.weaver.loadtime.Aj@58027738 antlr/collections/impl/BitSet, byte[6527], org.springframework.test.jpa.OrmXmlOverridingShadowingClassLoader@2bbf1be2
3654 [main] DEBUG org.aspectj.weaver.loadtime.Aj  - 16:58:03.174 main - org.aspectj.weaver.loadtime.Aj.preProcess org.aspectj.weaver.loadtime.Aj@58027738 sun.misc.Launcher$AppClassLoader@302b2c81, org.springframework.test.jpa.OrmXmlOverridingShadowingClassLoader@2bbf1be2
3654 [main] DEBUG org.aspectj.weaver.tools.WeavingAdaptor  - 16:58:03.174 main &gt; org.aspectj.weaver.tools.WeavingAdaptor.weaveClass org.aspectj.weaver.loadtime.ClassLoaderWeavingAdaptor@10b090ac antlr/collections/impl/BitSet, byte[6527]
3654 [main] DEBUG org.aspectj.weaver.tools.WeavingAdaptor  - 16:58:03.174 main &lt; org.aspectj.weaver.tools.WeavingAdaptor.weaveClass false
3654 [main] DEBUG org.aspectj.weaver.loadtime.Aj  - 16:58:03.174 main &lt; org.aspectj.weaver.loadtime.Aj.preProcess byte[6527]
3655 [main] DEBUG org.aspectj.weaver.loadtime.Aj  - 16:58:03.175 main &gt; org.aspectj.weaver.loadtime.Aj.preProcess org.aspectj.weaver.loadtime.Aj@58027738 org/hibernate/hql/ast/HqlLexer, byte[2031], org.springframework.test.jpa.OrmXmlOverridingShadowingClassLoader@2bbf1be2
3655 [main] DEBUG org.aspectj.weaver.loadtime.Aj  - 16:58:03.175 main - org.aspectj.weaver.loadtime.Aj.preProcess org.aspectj.weaver.loadtime.Aj@58027738 sun.misc.Launcher$AppClassLoader@302b2c81, org.springframework.test.jpa.OrmXmlOverridingShadowingClassLoader@2bbf1be2
3655 [main] DEBUG org.aspectj.weaver.tools.WeavingAdaptor  - 16:58:03.175 main &gt; org.aspectj.weaver.tools.WeavingAdaptor.weaveClass org.aspectj.weaver.loadtime.ClassLoaderWeavingAdaptor@10b090ac org/hibernate/hql/ast/HqlLexer, byte[2031]
3655 [main] DEBUG org.aspectj.weaver.tools.WeavingAdaptor  - 16:58:03.175 main &lt; org.aspectj.weaver.tools.WeavingAdaptor.weaveClass false
3655 [main] DEBUG org.aspectj.weaver.loadtime.Aj  - 16:58:03.175 main &lt; org.aspectj.weaver.loadtime.Aj.preProcess byte[2031]
3655 [main] DEBUG org.aspectj.weaver.loadtime.Aj  - 16:58:03.175 main &gt; org.aspectj.weaver.loadtime.Aj.preProcess org.aspectj.weaver.loadtime.Aj@58027738 org/hibernate/hql/antlr/HqlBaseLexer, byte[18639], org.springframework.test.jpa.OrmXmlOverridingShadowingClassLoader@2bbf1be2
3655 [main] DEBUG org.aspectj.weaver.loadtime.Aj  - 16:58:03.175 main - org.aspectj.weaver.loadtime.Aj.preProcess org.aspectj.weaver.loadtime.Aj@58027738 sun.misc.Launcher$AppClassLoader@302b2c81, org.springframework.test.jpa.OrmXmlOverridingShadowingClassLoader@2bbf1be2
3655 [main] DEBUG org.aspectj.weaver.tools.WeavingAdaptor  - 16:58:03.175 main &gt; org.aspectj.weaver.tools.WeavingAdaptor.weaveClass org.aspectj.weaver.loadtime.ClassLoaderWeavingAdaptor@10b090ac org/hibernate/hql/antlr/HqlBaseLexer, byte[18639]
3655 [main] DEBUG org.aspectj.weaver.tools.WeavingAdaptor  - 16:58:03.175 main &lt; org.aspectj.weaver.tools.WeavingAdaptor.weaveClass false
3655 [main] DEBUG org.aspectj.weaver.loadtime.Aj  - 16:58:03.175 main &lt; org.aspectj.weaver.loadtime.Aj.preProcess byte[18639]
3656 [main] DEBUG org.aspectj.weaver.loadtime.Aj  - 16:58:03.176 main &gt; org.aspectj.weaver.loadtime.Aj.preProcess org.aspectj.weaver.loadtime.Aj@58027738 antlr/CharScanner, byte[7891], org.springframework.test.jpa.OrmXmlOverridingShadowingClassLoader@2bbf1be2
3656 [main] DEBUG org.aspectj.weaver.loadtime.Aj  - 16:58:03.176 main - org.aspectj.weaver.loadtime.Aj.preProcess org.aspectj.weaver.loadtime.Aj@58027738 sun.misc.Launcher$AppClassLoader@302b2c81, org.springframework.test.jpa.OrmXmlOverridingShadowingClassLoader@2bbf1be2
3656 [main] DEBUG org.aspectj.weaver.tools.WeavingAdaptor  - 16:58:03.176 main &gt; org.aspectj.weaver.tools.WeavingAdaptor.weaveClass org.aspectj.weaver.loadtime.ClassLoaderWeavingAdaptor@10b090ac antlr/CharScanner, byte[7891]
3656 [main] DEBUG org.aspectj.weaver.tools.WeavingAdaptor  - 16:58:03.176 main &lt; org.aspectj.weaver.tools.WeavingAdaptor.weaveClass false
3656 [main] DEBUG org.aspectj.weaver.loadtime.Aj  - 16:58:03.176 main &lt; org.aspectj.weaver.loadtime.Aj.preProcess byte[7891]
3657 [main] DEBUG org.aspectj.weaver.loadtime.Aj  - 16:58:03.177 main &gt; org.aspectj.weaver.loadtime.Aj.preProcess org.aspectj.weaver.loadtime.Aj@58027738 antlr/MismatchedCharException, byte[2498], org.springframework.test.jpa.OrmXmlOverridingShadowingClassLoader@2bbf1be2
3657 [main] DEBUG org.aspectj.weaver.loadtime.Aj  - 16:58:03.177 main - org.aspectj.weaver.loadtime.Aj.preProcess org.aspectj.weaver.loadtime.Aj@58027738 sun.misc.Launcher$AppClassLoader@302b2c81, org.springframework.test.jpa.OrmXmlOverridingShadowingClassLoader@2bbf1be2
3657 [main] DEBUG org.aspectj.weaver.tools.WeavingAdaptor  - 16:58:03.177 main &gt; org.aspectj.weaver.tools.WeavingAdaptor.weaveClass org.aspectj.weaver.loadtime.ClassLoaderWeavingAdaptor@10b090ac antlr/MismatchedCharException, byte[2498]
3657 [main] DEBUG org.aspectj.weaver.tools.WeavingAdaptor  - 16:58:03.177 main &lt; org.aspectj.weaver.tools.WeavingAdaptor.weaveClass false
3657 [main] DEBUG org.aspectj.weaver.loadtime.Aj  - 16:58:03.177 main &lt; org.aspectj.weaver.loadtime.Aj.preProcess byte[2498]
3658 [main] DEBUG org.aspectj.weaver.loadtime.Aj  - 16:58:03.178 main &gt; org.aspectj.weaver.loadtime.Aj.preProcess org.aspectj.weaver.loadtime.Aj@58027738 antlr/NoViableAltForCharException, byte[1214], org.springframework.test.jpa.OrmXmlOverridingShadowingClassLoader@2bbf1be2
3658 [main] DEBUG org.aspectj.weaver.loadtime.Aj  - 16:58:03.178 main - org.aspectj.weaver.loadtime.Aj.preProcess org.aspectj.weaver.loadtime.Aj@58027738 sun.misc.Launcher$AppClassLoader@302b2c81, org.springframework.test.jpa.OrmXmlOverridingShadowingClassLoader@2bbf1be2
3658 [main] DEBUG org.aspectj.weaver.tools.WeavingAdaptor  - 16:58:03.178 main &gt; org.aspectj.weaver.tools.WeavingAdaptor.weaveClass org.aspectj.weaver.loadtime.ClassLoaderWeavingAdaptor@10b090ac antlr/NoViableAltForCharException, byte[1214]
3658 [main] DEBUG org.aspectj.weaver.tools.WeavingAdaptor  - 16:58:03.178 main &lt; org.aspectj.weaver.tools.WeavingAdaptor.weaveClass false
3658 [main] DEBUG org.aspectj.weaver.loadtime.Aj  - 16:58:03.178 main &lt; org.aspectj.weaver.loadtime.Aj.preProcess byte[1214]
3659 [main] DEBUG org.aspectj.weaver.loadtime.Aj  - 16:58:03.179 main &gt; org.aspectj.weaver.loadtime.Aj.preProcess org.aspectj.weaver.loadtime.Aj@58027738 antlr/CharStreamException, byte[245], org.springframework.test.jpa.OrmXmlOverridingShadowingClassLoader@2bbf1be2
3659 [main] DEBUG org.aspectj.weaver.loadtime.Aj  - 16:58:03.179 main - org.aspectj.weaver.loadtime.Aj.preProcess org.aspectj.weaver.loadtime.Aj@58027738 sun.misc.Launcher$AppClassLoader@302b2c81, org.springframework.test.jpa.OrmXmlOverridingShadowingClassLoader@2bbf1be2
3659 [main] DEBUG org.aspectj.weaver.tools.WeavingAdaptor  - 16:58:03.179 main &gt; org.aspectj.weaver.tools.WeavingAdaptor.weaveClass org.aspectj.weaver.loadtime.ClassLoaderWeavingAdaptor@10b090ac antlr/CharStreamException, byte[245]
3659 [main] DEBUG org.aspectj.weaver.tools.WeavingAdaptor  - 16:58:03.179 main &lt; org.aspectj.weaver.tools.WeavingAdaptor.weaveClass false
3659 [main] DEBUG org.aspectj.weaver.loadtime.Aj  - 16:58:03.179 main &lt; org.aspectj.weaver.loadtime.Aj.preProcess byte[245]
3659 [main] DEBUG org.aspectj.weaver.loadtime.Aj  - 16:58:03.179 main &gt; org.aspectj.weaver.loadtime.Aj.preProcess org.aspectj.weaver.loadtime.Aj@58027738 antlr/TokenStreamRecognitionException, byte[523], org.springframework.test.jpa.OrmXmlOverridingShadowingClassLoader@2bbf1be2
3659 [main] DEBUG org.aspectj.weaver.loadtime.Aj  - 16:58:03.179 main - org.aspectj.weaver.loadtime.Aj.preProcess org.aspectj.weaver.loadtime.Aj@58027738 sun.misc.Launcher$AppClassLoader@302b2c81, org.springframework.test.jpa.OrmXmlOverridingShadowingClassLoader@2bbf1be2
3659 [main] DEBUG org.aspectj.weaver.tools.WeavingAdaptor  - 16:58:03.179 main &gt; org.aspectj.weaver.tools.WeavingAdaptor.weaveClass org.aspectj.weaver.loadtime.ClassLoaderWeavingAdaptor@10b090ac antlr/TokenStreamRecognitionException, byte[523]
3659 [main] DEBUG org.aspectj.weaver.tools.WeavingAdaptor  - 16:58:03.179 main &lt; org.aspectj.weaver.tools.WeavingAdaptor.weaveClass false
3659 [main] DEBUG org.aspectj.weaver.loadtime.Aj  - 16:58:03.179 main &lt; org.aspectj.weaver.loadtime.Aj.preProcess byte[523]
3659 [main] DEBUG org.aspectj.weaver.loadtime.Aj  - 16:58:03.179 main &gt; org.aspectj.weaver.loadtime.Aj.preProcess org.aspectj.weaver.loadtime.Aj@58027738 antlr/TokenStreamException, byte[499], org.springframework.test.jpa.OrmXmlOverridingShadowingClassLoader@2bbf1be2
3660 [main] DEBUG org.aspectj.weaver.loadtime.Aj  - 16:58:03.180 main - org.aspectj.weaver.loadtime.Aj.preProcess org.aspectj.weaver.loadtime.Aj@58027738 sun.misc.Launcher$AppClassLoader@302b2c81, org.springframework.test.jpa.OrmXmlOverridingShadowingClassLoader@2bbf1be2
3660 [main] DEBUG org.aspectj.weaver.tools.WeavingAdaptor  - 16:58:03.180 main &gt; org.aspectj.weaver.tools.WeavingAdaptor.weaveClass org.aspectj.weaver.loadtime.ClassLoaderWeavingAdaptor@10b090ac antlr/TokenStreamException, byte[499]
3660 [main] DEBUG org.aspectj.weaver.tools.WeavingAdaptor  - 16:58:03.180 main &lt; org.aspectj.weaver.tools.WeavingAdaptor.weaveClass false
3660 [main] DEBUG org.aspectj.weaver.loadtime.Aj  - 16:58:03.180 main &lt; org.aspectj.weaver.loadtime.Aj.preProcess byte[499]
3660 [main] DEBUG org.aspectj.weaver.loadtime.Aj  - 16:58:03.180 main &gt; org.aspectj.weaver.loadtime.Aj.preProcess org.aspectj.weaver.loadtime.Aj@58027738 antlr/TokenStreamIOException, byte[414], org.springframework.test.jpa.OrmXmlOverridingShadowingClassLoader@2bbf1be2
3660 [main] DEBUG org.aspectj.weaver.loadtime.Aj  - 16:58:03.180 main - org.aspectj.weaver.loadtime.Aj.preProcess org.aspectj.weaver.loadtime.Aj@58027738 sun.misc.Launcher$AppClassLoader@302b2c81, org.springframework.test.jpa.OrmXmlOverridingShadowingClassLoader@2bbf1be2
3660 [main] DEBUG org.aspectj.weaver.tools.WeavingAdaptor  - 16:58:03.180 main &gt; org.aspectj.weaver.tools.WeavingAdaptor.weaveClass org.aspectj.weaver.loadtime.ClassLoaderWeavingAdaptor@10b090ac antlr/TokenStreamIOException, byte[414]
3660 [main] DEBUG org.aspectj.weaver.tools.WeavingAdaptor  - 16:58:03.180 main &lt; org.aspectj.weaver.tools.WeavingAdaptor.weaveClass false
3660 [main] DEBUG org.aspectj.weaver.loadtime.Aj  - 16:58:03.180 main &lt; org.aspectj.weaver.loadtime.Aj.preProcess byte[414]
3661 [main] DEBUG org.aspectj.weaver.loadtime.Aj  - 16:58:03.181 main &gt; org.aspectj.weaver.loadtime.Aj.preProcess org.aspectj.weaver.loadtime.Aj@58027738 antlr/InputBuffer, byte[1594], org.springframework.test.jpa.OrmXmlOverridingShadowingClassLoader@2bbf1be2
3661 [main] DEBUG org.aspectj.weaver.loadtime.Aj  - 16:58:03.181 main - org.aspectj.weaver.loadtime.Aj.preProcess org.aspectj.weaver.loadtime.Aj@58027738 sun.misc.Launcher$AppClassLoader@302b2c81, org.springframework.test.jpa.OrmXmlOverridingShadowingClassLoader@2bbf1be2
3661 [main] DEBUG org.aspectj.weaver.tools.WeavingAdaptor  - 16:58:03.181 main &gt; org.aspectj.weaver.tools.WeavingAdaptor.weaveClass org.aspectj.weaver.loadtime.ClassLoaderWeavingAdaptor@10b090ac antlr/InputBuffer, byte[1594]
3661 [main] DEBUG org.aspectj.weaver.tools.WeavingAdaptor  - 16:58:03.181 main &lt; org.aspectj.weaver.tools.WeavingAdaptor.weaveClass false
3661 [main] DEBUG org.aspectj.weaver.loadtime.Aj  - 16:58:03.181 main &lt; org.aspectj.weaver.loadtime.Aj.preProcess byte[1594]
3661 [main] DEBUG org.aspectj.weaver.loadtime.Aj  - 16:58:03.181 main &gt; org.aspectj.weaver.loadtime.Aj.preProcess org.aspectj.weaver.loadtime.Aj@58027738 antlr/ByteBuffer, byte[785], org.springframework.test.jpa.OrmXmlOverridingShadowingClassLoader@2bbf1be2
3661 [main] DEBUG org.aspectj.weaver.loadtime.Aj  - 16:58:03.181 main - org.aspectj.weaver.loadtime.Aj.preProcess org.aspectj.weaver.loadtime.Aj@58027738 sun.misc.Launcher$AppClassLoader@302b2c81, org.springframework.test.jpa.OrmXmlOverridingShadowingClassLoader@2bbf1be2
3661 [main] DEBUG org.aspectj.weaver.tools.WeavingAdaptor  - 16:58:03.181 main &gt; org.aspectj.weaver.tools.WeavingAdaptor.weaveClass org.aspectj.weaver.loadtime.ClassLoaderWeavingAdaptor@10b090ac antlr/ByteBuffer, byte[785]
3661 [main] DEBUG org.aspectj.weaver.tools.WeavingAdaptor  - 16:58:03.181 main &lt; org.aspectj.weaver.tools.WeavingAdaptor.weaveClass false
3661 [main] DEBUG org.aspectj.weaver.loadtime.Aj  - 16:58:03.181 main &lt; org.aspectj.weaver.loadtime.Aj.preProcess byte[785]
3661 [main] DEBUG org.aspectj.weaver.loadtime.Aj  - 16:58:03.181 main &gt; org.aspectj.weaver.loadtime.Aj.preProcess org.aspectj.weaver.loadtime.Aj@58027738 antlr/CharBuffer, byte[770], org.springframework.test.jpa.OrmXmlOverridingShadowingClassLoader@2bbf1be2
3662 [main] DEBUG org.aspectj.weaver.loadtime.Aj  - 16:58:03.182 main - org.aspectj.weaver.loadtime.Aj.preProcess org.aspectj.weaver.loadtime.Aj@58027738 sun.misc.Launcher$AppClassLoader@302b2c81, org.springframework.test.jpa.OrmXmlOverridingShadowingClassLoader@2bbf1be2
3662 [main] DEBUG org.aspectj.weaver.tools.WeavingAdaptor  - 16:58:03.182 main &gt; org.aspectj.weaver.tools.WeavingAdaptor.weaveClass org.aspectj.weaver.loadtime.ClassLoaderWeavingAdaptor@10b090ac antlr/CharBuffer, byte[770]
3662 [main] DEBUG org.aspectj.weaver.tools.WeavingAdaptor  - 16:58:03.182 main &lt; org.aspectj.weaver.tools.WeavingAdaptor.weaveClass false
3662 [main] DEBUG org.aspectj.weaver.loadtime.Aj  - 16:58:03.182 main &lt; org.aspectj.weaver.loadtime.Aj.preProcess byte[770]
3663 [main] DEBUG org.aspectj.weaver.loadtime.Aj  - 16:58:03.183 main &gt; org.aspectj.weaver.loadtime.Aj.preProcess org.aspectj.weaver.loadtime.Aj@58027738 antlr/Token, byte[1621], org.springframework.test.jpa.OrmXmlOverridingShadowingClassLoader@2bbf1be2
3663 [main] DEBUG org.aspectj.weaver.loadtime.Aj  - 16:58:03.183 main - org.aspectj.weaver.loadtime.Aj.preProcess org.aspectj.weaver.loadtime.Aj@58027738 sun.misc.Launcher$AppClassLoader@302b2c81, org.springframework.test.jpa.OrmXmlOverridingShadowingClassLoader@2bbf1be2
3663 [main] DEBUG org.aspectj.weaver.tools.WeavingAdaptor  - 16:58:03.183 main &gt; org.aspectj.weaver.tools.WeavingAdaptor.weaveClass org.aspectj.weaver.loadtime.ClassLoaderWeavingAdaptor@10b090ac antlr/Token, byte[1621]
3663 [main] DEBUG org.aspectj.weaver.tools.WeavingAdaptor  - 16:58:03.183 main &lt; org.aspectj.weaver.tools.WeavingAdaptor.weaveClass false
3663 [main] DEBUG org.aspectj.weaver.loadtime.Aj  - 16:58:03.183 main &lt; org.aspectj.weaver.loadtime.Aj.preProcess byte[1621]
3663 [main] DEBUG org.aspectj.weaver.loadtime.Aj  - 16:58:03.183 main &gt; org.aspectj.weaver.loadtime.Aj.preProcess org.aspectj.weaver.loadtime.Aj@58027738 org/hibernate/hql/ast/HqlToken, byte[1294], org.springframework.test.jpa.OrmXmlOverridingShadowingClassLoader@2bbf1be2
3663 [main] DEBUG org.aspectj.weaver.loadtime.Aj  - 16:58:03.183 main - org.aspectj.weaver.loadtime.Aj.preProcess org.aspectj.weaver.loadtime.Aj@58027738 sun.misc.Launcher$AppClassLoader@302b2c81, org.springframework.test.jpa.OrmXmlOverridingShadowingClassLoader@2bbf1be2
3663 [main] DEBUG org.aspectj.weaver.tools.WeavingAdaptor  - 16:58:03.183 main &gt; org.aspectj.weaver.tools.WeavingAdaptor.weaveClass org.aspectj.weaver.loadtime.ClassLoaderWeavingAdaptor@10b090ac org/hibernate/hql/ast/HqlToken, byte[1294]
3663 [main] DEBUG org.aspectj.weaver.tools.WeavingAdaptor  - 16:58:03.183 main &lt; org.aspectj.weaver.tools.WeavingAdaptor.weaveClass false
3663 [main] DEBUG org.aspectj.weaver.loadtime.Aj  - 16:58:03.183 main &lt; org.aspectj.weaver.loadtime.Aj.preProcess byte[1294]
3663 [main] DEBUG org.aspectj.weaver.loadtime.Aj  - 16:58:03.183 main &gt; org.aspectj.weaver.loadtime.Aj.preProcess org.aspectj.weaver.loadtime.Aj@58027738 antlr/CommonToken, byte[1217], org.springframework.test.jpa.OrmXmlOverridingShadowingClassLoader@2bbf1be2
3663 [main] DEBUG org.aspectj.weaver.loadtime.Aj  - 16:58:03.183 main - org.aspectj.weaver.loadtime.Aj.preProcess org.aspectj.weaver.loadtime.Aj@58027738 sun.misc.Launcher$AppClassLoader@302b2c81, org.springframework.test.jpa.OrmXmlOverridingShadowingClassLoader@2bbf1be2
3664 [main] DEBUG org.aspectj.weaver.tools.WeavingAdaptor  - 16:58:03.184 main &gt; org.aspectj.weaver.tools.WeavingAdaptor.weaveClass org.aspectj.weaver.loadtime.ClassLoaderWeavingAdaptor@10b090ac antlr/CommonToken, byte[1217]
3664 [main] DEBUG org.aspectj.weaver.tools.WeavingAdaptor  - 16:58:03.184 main &lt; org.aspectj.weaver.tools.WeavingAdaptor.weaveClass false
3664 [main] DEBUG org.aspectj.weaver.loadtime.Aj  - 16:58:03.184 main &lt; org.aspectj.weaver.loadtime.Aj.preProcess byte[1217]
3664 [main] DEBUG org.aspectj.weaver.loadtime.Aj  - 16:58:03.184 main &gt; org.aspectj.weaver.loadtime.Aj.preProcess org.aspectj.weaver.loadtime.Aj@58027738 antlr/CharStreamIOException, byte[411], org.springframework.test.jpa.OrmXmlOverridingShadowingClassLoader@2bbf1be2
3664 [main] DEBUG org.aspectj.weaver.loadtime.Aj  - 16:58:03.184 main - org.aspectj.weaver.loadtime.Aj.preProcess org.aspectj.weaver.loadtime.Aj@58027738 sun.misc.Launcher$AppClassLoader@302b2c81, org.springframework.test.jpa.OrmXmlOverridingShadowingClassLoader@2bbf1be2
3664 [main] DEBUG org.aspectj.weaver.tools.WeavingAdaptor  - 16:58:03.184 main &gt; org.aspectj.weaver.tools.WeavingAdaptor.weaveClass org.aspectj.weaver.loadtime.ClassLoaderWeavingAdaptor@10b090ac antlr/CharStreamIOException, byte[411]
3664 [main] DEBUG org.aspectj.weaver.tools.WeavingAdaptor  - 16:58:03.184 main &lt; org.aspectj.weaver.tools.WeavingAdaptor.weaveClass false
3664 [main] DEBUG org.aspectj.weaver.loadtime.Aj  - 16:58:03.184 main &lt; org.aspectj.weaver.loadtime.Aj.preProcess byte[411]
3665 [main] DEBUG org.aspectj.weaver.loadtime.Aj  - 16:58:03.185 main &gt; org.aspectj.weaver.loadtime.Aj.preProcess org.aspectj.weaver.loadtime.Aj@58027738 antlr/CharQueue, byte[1010], org.springframework.test.jpa.OrmXmlOverridingShadowingClassLoader@2bbf1be2
3665 [main] DEBUG org.aspectj.weaver.loadtime.Aj  - 16:58:03.185 main - org.aspectj.weaver.loadtime.Aj.preProcess org.aspectj.weaver.loadtime.Aj@58027738 sun.misc.Launcher$AppClassLoader@302b2c81, org.springframework.test.jpa.OrmXmlOverridingShadowingClassLoader@2bbf1be2
3665 [main] DEBUG org.aspectj.weaver.tools.WeavingAdaptor  - 16:58:03.185 main &gt; org.aspectj.weaver.tools.WeavingAdaptor.weaveClass org.aspectj.weaver.loadtime.ClassLoaderWeavingAdaptor@10b090ac antlr/CharQueue, byte[1010]
3665 [main] DEBUG org.aspectj.weaver.tools.WeavingAdaptor  - 16:58:03.185 main &lt; org.aspectj.weaver.tools.WeavingAdaptor.weaveClass false
3665 [main] DEBUG org.aspectj.weaver.loadtime.Aj  - 16:58:03.185 main &lt; org.aspectj.weaver.loadtime.Aj.preProcess byte[1010]
3665 [main] DEBUG org.aspectj.weaver.loadtime.Aj  - 16:58:03.185 main &gt; org.aspectj.weaver.loadtime.Aj.preProcess org.aspectj.weaver.loadtime.Aj@58027738 antlr/LexerSharedInputState, byte[1338], org.springframework.test.jpa.OrmXmlOverridingShadowingClassLoader@2bbf1be2
3665 [main] DEBUG org.aspectj.weaver.loadtime.Aj  - 16:58:03.185 main - org.aspectj.weaver.loadtime.Aj.preProcess org.aspectj.weaver.loadtime.Aj@58027738 sun.misc.Launcher$AppClassLoader@302b2c81, org.springframework.test.jpa.OrmXmlOverridingShadowingClassLoader@2bbf1be2
3665 [main] DEBUG org.aspectj.weaver.tools.WeavingAdaptor  - 16:58:03.185 main &gt; org.aspectj.weaver.tools.WeavingAdaptor.weaveClass org.aspectj.weaver.loadtime.ClassLoaderWeavingAdaptor@10b090ac antlr/LexerSharedInputState, byte[1338]
3665 [main] DEBUG org.aspectj.weaver.tools.WeavingAdaptor  - 16:58:03.185 main &lt; org.aspectj.weaver.tools.WeavingAdaptor.weaveClass false
3665 [main] DEBUG org.aspectj.weaver.loadtime.Aj  - 16:58:03.185 main &lt; org.aspectj.weaver.loadtime.Aj.preProcess byte[1338]
3666 [main] DEBUG org.aspectj.weaver.loadtime.Aj  - 16:58:03.186 main &gt; org.aspectj.weaver.loadtime.Aj.preProcess org.aspectj.weaver.loadtime.Aj@58027738 antlr/ANTLRStringBuffer, byte[1186], org.springframework.test.jpa.OrmXmlOverridingShadowingClassLoader@2bbf1be2
3666 [main] DEBUG org.aspectj.weaver.loadtime.Aj  - 16:58:03.186 main - org.aspectj.weaver.loadtime.Aj.preProcess org.aspectj.weaver.loadtime.Aj@58027738 sun.misc.Launcher$AppClassLoader@302b2c81, org.springframework.test.jpa.OrmXmlOverridingShadowingClassLoader@2bbf1be2
3666 [main] DEBUG org.aspectj.weaver.tools.WeavingAdaptor  - 16:58:03.186 main &gt; org.aspectj.weaver.tools.WeavingAdaptor.weaveClass org.aspectj.weaver.loadtime.ClassLoaderWeavingAdaptor@10b090ac antlr/ANTLRStringBuffer, byte[1186]
3666 [main] DEBUG org.aspectj.weaver.tools.WeavingAdaptor  - 16:58:03.186 main &lt; org.aspectj.weaver.tools.WeavingAdaptor.weaveClass false
3666 [main] DEBUG org.aspectj.weaver.loadtime.Aj  - 16:58:03.186 main &lt; org.aspectj.weaver.loadtime.Aj.preProcess byte[1186]
3666 [main] DEBUG org.aspectj.weaver.loadtime.Aj  - 16:58:03.186 main &gt; org.aspectj.weaver.loadtime.Aj.preProcess org.aspectj.weaver.loadtime.Aj@58027738 antlr/ANTLRHashString, byte[1604], org.springframework.test.jpa.OrmXmlOverridingShadowingClassLoader@2bbf1be2
3666 [main] DEBUG org.aspectj.weaver.loadtime.Aj  - 16:58:03.186 main - org.aspectj.weaver.loadtime.Aj.preProcess org.aspectj.weaver.loadtime.Aj@58027738 sun.misc.Launcher$AppClassLoader@302b2c81, org.springframework.test.jpa.OrmXmlOverridingShadowingClassLoader@2bbf1be2
3666 [main] DEBUG org.aspectj.weaver.tools.WeavingAdaptor  - 16:58:03.186 main &gt; org.aspectj.weaver.tools.WeavingAdaptor.weaveClass org.aspectj.weaver.loadtime.ClassLoaderWeavingAdaptor@10b090ac antlr/ANTLRHashString, byte[1604]
3667 [main] DEBUG org.aspectj.weaver.tools.WeavingAdaptor  - 16:58:03.187 main &lt; org.aspectj.weaver.tools.WeavingAdaptor.weaveClass false
3667 [main] DEBUG org.aspectj.weaver.loadtime.Aj  - 16:58:03.187 main &lt; org.aspectj.weaver.loadtime.Aj.preProcess byte[1604]
3667 [main] DEBUG org.aspectj.weaver.loadtime.Aj  - 16:58:03.187 main &gt; org.aspectj.weaver.loadtime.Aj.preProcess org.aspectj.weaver.loadtime.Aj@58027738 antlr/Utils, byte[1837], org.springframework.test.jpa.OrmXmlOverridingShadowingClassLoader@2bbf1be2
3667 [main] DEBUG org.aspectj.weaver.loadtime.Aj  - 16:58:03.187 main - org.aspectj.weaver.loadtime.Aj.preProcess org.aspectj.weaver.loadtime.Aj@58027738 sun.misc.Launcher$AppClassLoader@302b2c81, org.springframework.test.jpa.OrmXmlOverridingShadowingClassLoader@2bbf1be2
3667 [main] DEBUG org.aspectj.weaver.tools.WeavingAdaptor  - 16:58:03.187 main &gt; org.aspectj.weaver.tools.WeavingAdaptor.weaveClass org.aspectj.weaver.loadtime.ClassLoaderWeavingAdaptor@10b090ac antlr/Utils, byte[1837]
3667 [main] DEBUG org.aspectj.weaver.tools.WeavingAdaptor  - 16:58:03.187 main &lt; org.aspectj.weaver.tools.WeavingAdaptor.weaveClass false
3667 [main] DEBUG org.aspectj.weaver.loadtime.Aj  - 16:58:03.187 main &lt; org.aspectj.weaver.loadtime.Aj.preProcess byte[1837]
3668 [main] DEBUG org.aspectj.weaver.loadtime.Aj  - 16:58:03.188 main &gt; org.aspectj.weaver.loadtime.Aj.preProcess org.aspectj.weaver.loadtime.Aj@58027738 antlr/ParserSharedInputState, byte[631], org.springframework.test.jpa.OrmXmlOverridingShadowingClassLoader@2bbf1be2
3668 [main] DEBUG org.aspectj.weaver.loadtime.Aj  - 16:58:03.188 main - org.aspectj.weaver.loadtime.Aj.preProcess org.aspectj.weaver.loadtime.Aj@58027738 sun.misc.Launcher$AppClassLoader@302b2c81, org.springframework.test.jpa.OrmXmlOverridingShadowingClassLoader@2bbf1be2
3668 [main] DEBUG org.aspectj.weaver.tools.WeavingAdaptor  - 16:58:03.188 main &gt; org.aspectj.weaver.tools.WeavingAdaptor.weaveClass org.aspectj.weaver.loadtime.ClassLoaderWeavingAdaptor@10b090ac antlr/ParserSharedInputState, byte[631]
3668 [main] DEBUG org.aspectj.weaver.tools.WeavingAdaptor  - 16:58:03.188 main &lt; org.aspectj.weaver.tools.WeavingAdaptor.weaveClass false
3668 [main] DEBUG org.aspectj.weaver.loadtime.Aj  - 16:58:03.188 main &lt; org.aspectj.weaver.loadtime.Aj.preProcess byte[631]
3668 [main] DEBUG org.aspectj.weaver.loadtime.Aj  - 16:58:03.188 main &gt; org.aspectj.weaver.loadtime.Aj.preProcess org.aspectj.weaver.loadtime.Aj@58027738 antlr/TokenBuffer, byte[1593], org.springframework.test.jpa.OrmXmlOverridingShadowingClassLoader@2bbf1be2
3669 [main] DEBUG org.aspectj.weaver.loadtime.Aj  - 16:58:03.189 main - org.aspectj.weaver.loadtime.Aj.preProcess org.aspectj.weaver.loadtime.Aj@58027738 sun.misc.Launcher$AppClassLoader@302b2c81, org.springframework.test.jpa.OrmXmlOverridingShadowingClassLoader@2bbf1be2
3669 [main] DEBUG org.aspectj.weaver.tools.WeavingAdaptor  - 16:58:03.189 main &gt; org.aspectj.weaver.tools.WeavingAdaptor.weaveClass org.aspectj.weaver.loadtime.ClassLoaderWeavingAdaptor@10b090ac antlr/TokenBuffer, byte[1593]
3669 [main] DEBUG org.aspectj.weaver.tools.WeavingAdaptor  - 16:58:03.189 main &lt; org.aspectj.weaver.tools.WeavingAdaptor.weaveClass false
3669 [main] DEBUG org.aspectj.weaver.loadtime.Aj  - 16:58:03.189 main &lt; org.aspectj.weaver.loadtime.Aj.preProcess byte[1593]
3669 [main] DEBUG org.aspectj.weaver.loadtime.Aj  - 16:58:03.189 main &gt; org.aspectj.weaver.loadtime.Aj.preProcess org.aspectj.weaver.loadtime.Aj@58027738 antlr/TokenQueue, byte[1067], org.springframework.test.jpa.OrmXmlOverridingShadowingClassLoader@2bbf1be2
3669 [main] DEBUG org.aspectj.weaver.loadtime.Aj  - 16:58:03.189 main - org.aspectj.weaver.loadtime.Aj.preProcess org.aspectj.weaver.loadtime.Aj@58027738 sun.misc.Launcher$AppClassLoader@302b2c81, org.springframework.test.jpa.OrmXmlOverridingShadowingClassLoader@2bbf1be2
3669 [main] DEBUG org.aspectj.weaver.tools.WeavingAdaptor  - 16:58:03.189 main &gt; org.aspectj.weaver.tools.WeavingAdaptor.weaveClass org.aspectj.weaver.loadtime.ClassLoaderWeavingAdaptor@10b090ac antlr/TokenQueue, byte[1067]
3669 [main] DEBUG org.aspectj.weaver.tools.WeavingAdaptor  - 16:58:03.189 main &lt; org.aspectj.weaver.tools.WeavingAdaptor.weaveClass false
3669 [main] DEBUG org.aspectj.weaver.loadtime.Aj  - 16:58:03.189 main &lt; org.aspectj.weaver.loadtime.Aj.preProcess byte[1067]
3670 [main] DEBUG org.aspectj.weaver.loadtime.Aj  - 16:58:03.190 main &gt; org.aspectj.weaver.loadtime.Aj.preProcess org.aspectj.weaver.loadtime.Aj@58027738 org/hibernate/hql/ast/util/ASTPrinter, byte[6014], org.springframework.test.jpa.OrmXmlOverridingShadowingClassLoader@2bbf1be2
3670 [main] DEBUG org.aspectj.weaver.loadtime.Aj  - 16:58:03.190 main - org.aspectj.weaver.loadtime.Aj.preProcess org.aspectj.weaver.loadtime.Aj@58027738 sun.misc.Launcher$AppClassLoader@302b2c81, org.springframework.test.jpa.OrmXmlOverridingShadowingClassLoader@2bbf1be2
3670 [main] DEBUG org.aspectj.weaver.tools.WeavingAdaptor  - 16:58:03.190 main &gt; org.aspectj.weaver.tools.WeavingAdaptor.weaveClass org.aspectj.weaver.loadtime.ClassLoaderWeavingAdaptor@10b090ac org/hibernate/hql/ast/util/ASTPrinter, byte[6014]
3670 [main] DEBUG org.aspectj.weaver.tools.WeavingAdaptor  - 16:58:03.190 main &lt; org.aspectj.weaver.tools.WeavingAdaptor.weaveClass false
3670 [main] DEBUG org.aspectj.weaver.loadtime.Aj  - 16:58:03.190 main &lt; org.aspectj.weaver.loadtime.Aj.preProcess byte[6014]
3671 [main] DEBUG org.aspectj.weaver.loadtime.Aj  - 16:58:03.191 main &gt; org.aspectj.weaver.loadtime.Aj.preProcess org.aspectj.weaver.loadtime.Aj@58027738 org/hibernate/hql/ast/ErrorCounter, byte[3308], org.springframework.test.jpa.OrmXmlOverridingShadowingClassLoader@2bbf1be2
3671 [main] DEBUG org.aspectj.weaver.loadtime.Aj  - 16:58:03.191 main - org.aspectj.weaver.loadtime.Aj.preProcess org.aspectj.weaver.loadtime.Aj@58027738 sun.misc.Launcher$AppClassLoader@302b2c81, org.springframework.test.jpa.OrmXmlOverridingShadowingClassLoader@2bbf1be2
3671 [main] DEBUG org.aspectj.weaver.tools.WeavingAdaptor  - 16:58:03.191 main &gt; org.aspectj.weaver.tools.WeavingAdaptor.weaveClass org.aspectj.weaver.loadtime.ClassLoaderWeavingAdaptor@10b090ac org/hibernate/hql/ast/ErrorCounter, byte[3308]
3671 [main] DEBUG org.aspectj.weaver.tools.WeavingAdaptor  - 16:58:03.191 main &lt; org.aspectj.weaver.tools.WeavingAdaptor.weaveClass false
3671 [main] DEBUG org.aspectj.weaver.loadtime.Aj  - 16:58:03.191 main &lt; org.aspectj.weaver.loadtime.Aj.preProcess byte[3308]
3672 [main] DEBUG org.aspectj.weaver.loadtime.Aj  - 16:58:03.192 main &gt; org.aspectj.weaver.loadtime.Aj.preProcess org.aspectj.weaver.loadtime.Aj@58027738 antlr/ASTPair, byte[885], org.springframework.test.jpa.OrmXmlOverridingShadowingClassLoader@2bbf1be2
3672 [main] DEBUG org.aspectj.weaver.loadtime.Aj  - 16:58:03.192 main - org.aspectj.weaver.loadtime.Aj.preProcess org.aspectj.weaver.loadtime.Aj@58027738 sun.misc.Launcher$AppClassLoader@302b2c81, org.springframework.test.jpa.OrmXmlOverridingShadowingClassLoader@2bbf1be2
3672 [main] DEBUG org.aspectj.weaver.tools.WeavingAdaptor  - 16:58:03.192 main &gt; org.aspectj.weaver.tools.WeavingAdaptor.weaveClass org.aspectj.weaver.loadtime.ClassLoaderWeavingAdaptor@10b090ac antlr/ASTPair, byte[885]
3672 [main] DEBUG org.aspectj.weaver.tools.WeavingAdaptor  - 16:58:03.192 main &lt; org.aspectj.weaver.tools.WeavingAdaptor.weaveClass false
3672 [main] DEBUG org.aspectj.weaver.loadtime.Aj  - 16:58:03.192 main &lt; org.aspectj.weaver.loadtime.Aj.preProcess byte[885]
3673 [main] DEBUG org.aspectj.weaver.loadtime.Aj  - 16:58:03.193 main &gt; org.aspectj.weaver.loadtime.Aj.preProcess org.aspectj.weaver.loadtime.Aj@58027738 org/hibernate/hql/ast/tree/Node, byte[1714], org.springframework.test.jpa.OrmXmlOverridingShadowingClassLoader@2bbf1be2
3673 [main] DEBUG org.aspectj.weaver.loadtime.Aj  - 16:58:03.193 main - org.aspectj.weaver.loadtime.Aj.preProcess org.aspectj.weaver.loadtime.Aj@58027738 sun.misc.Launcher$AppClassLoader@302b2c81, org.springframework.test.jpa.OrmXmlOverridingShadowingClassLoader@2bbf1be2
3673 [main] DEBUG org.aspectj.weaver.tools.WeavingAdaptor  - 16:58:03.193 main &gt; org.aspectj.weaver.tools.WeavingAdaptor.weaveClass org.aspectj.weaver.loadtime.ClassLoaderWeavingAdaptor@10b090ac org/hibernate/hql/ast/tree/Node, byte[1714]
3673 [main] DEBUG org.aspectj.weaver.tools.WeavingAdaptor  - 16:58:03.193 main &lt; org.aspectj.weaver.tools.WeavingAdaptor.weaveClass false
3673 [main] DEBUG org.aspectj.weaver.loadtime.Aj  - 16:58:03.193 main &lt; org.aspectj.weaver.loadtime.Aj.preProcess byte[1714]
3673 [main] DEBUG org.aspectj.weaver.loadtime.Aj  - 16:58:03.193 main &gt; org.aspectj.weaver.loadtime.Aj.preProcess org.aspectj.weaver.loadtime.Aj@58027738 antlr/CommonAST, byte[1008], org.springframework.test.jpa.OrmXmlOverridingShadowingClassLoader@2bbf1be2
3673 [main] DEBUG org.aspectj.weaver.loadtime.Aj  - 16:58:03.193 main - org.aspectj.weaver.loadtime.Aj.preProcess org.aspectj.weaver.loadtime.Aj@58027738 sun.misc.Launcher$AppClassLoader@302b2c81, org.springframework.test.jpa.OrmXmlOverridingShadowingClassLoader@2bbf1be2
3673 [main] DEBUG org.aspectj.weaver.tools.WeavingAdaptor  - 16:58:03.193 main &gt; org.aspectj.weaver.tools.WeavingAdaptor.weaveClass org.aspectj.weaver.loadtime.ClassLoaderWeavingAdaptor@10b090ac antlr/CommonAST, byte[1008]
3673 [main] DEBUG org.aspectj.weaver.tools.WeavingAdaptor  - 16:58:03.193 main &lt; org.aspectj.weaver.tools.WeavingAdaptor.weaveClass false
3673 [main] DEBUG org.aspectj.weaver.loadtime.Aj  - 16:58:03.193 main &lt; org.aspectj.weaver.loadtime.Aj.preProcess byte[1008]
3674 [main] DEBUG org.aspectj.weaver.loadtime.Aj  - 16:58:03.194 main &gt; org.aspectj.weaver.loadtime.Aj.preProcess org.aspectj.weaver.loadtime.Aj@58027738 antlr/BaseAST, byte[6434], org.springframework.test.jpa.OrmXmlOverridingShadowingClassLoader@2bbf1be2
3674 [main] DEBUG org.aspectj.weaver.loadtime.Aj  - 16:58:03.194 main - org.aspectj.weaver.loadtime.Aj.preProcess org.aspectj.weaver.loadtime.Aj@58027738 sun.misc.Launcher$AppClassLoader@302b2c81, org.springframework.test.jpa.OrmXmlOverridingShadowingClassLoader@2bbf1be2
3674 [main] DEBUG org.aspectj.weaver.tools.WeavingAdaptor  - 16:58:03.194 main &gt; org.aspectj.weaver.tools.WeavingAdaptor.weaveClass org.aspectj.weaver.loadtime.ClassLoaderWeavingAdaptor@10b090ac antlr/BaseAST, byte[6434]
3674 [main] DEBUG org.aspectj.weaver.tools.WeavingAdaptor  - 16:58:03.194 main &lt; org.aspectj.weaver.tools.WeavingAdaptor.weaveClass false
3674 [main] DEBUG org.aspectj.weaver.loadtime.Aj  - 16:58:03.194 main &lt; org.aspectj.weaver.loadtime.Aj.preProcess byte[6434]
3675 [main] DEBUG org.aspectj.weaver.loadtime.Aj  - 16:58:03.195 main &gt; org.aspectj.weaver.loadtime.Aj.preProcess org.aspectj.weaver.loadtime.Aj@58027738 antlr/collections/ASTEnumeration, byte[203], org.springframework.test.jpa.OrmXmlOverridingShadowingClassLoader@2bbf1be2
3675 [main] DEBUG org.aspectj.weaver.loadtime.Aj  - 16:58:03.195 main - org.aspectj.weaver.loadtime.Aj.preProcess org.aspectj.weaver.loadtime.Aj@58027738 sun.misc.Launcher$AppClassLoader@302b2c81, org.springframework.test.jpa.OrmXmlOverridingShadowingClassLoader@2bbf1be2
3675 [main] DEBUG org.aspectj.weaver.tools.WeavingAdaptor  - 16:58:03.195 main &gt; org.aspectj.weaver.tools.WeavingAdaptor.weaveClass org.aspectj.weaver.loadtime.ClassLoaderWeavingAdaptor@10b090ac antlr/collections/ASTEnumeration, byte[203]
3675 [main] DEBUG org.aspectj.weaver.tools.WeavingAdaptor  - 16:58:03.195 main &lt; org.aspectj.weaver.tools.WeavingAdaptor.weaveClass false
3675 [main] DEBUG org.aspectj.weaver.loadtime.Aj  - 16:58:03.195 main &lt; org.aspectj.weaver.loadtime.Aj.preProcess byte[203]
3677 [main] DEBUG org.aspectj.weaver.loadtime.Aj  - 16:58:03.197 main &gt; org.aspectj.weaver.loadtime.Aj.preProcess org.aspectj.weaver.loadtime.Aj@58027738 antlr/collections/impl/ASTArray, byte[482], org.springframework.test.jpa.OrmXmlOverridingShadowingClassLoader@2bbf1be2
3677 [main] DEBUG org.aspectj.weaver.loadtime.Aj  - 16:58:03.197 main - org.aspectj.weaver.loadtime.Aj.preProcess org.aspectj.weaver.loadtime.Aj@58027738 sun.misc.Launcher$AppClassLoader@302b2c81, org.springframework.test.jpa.OrmXmlOverridingShadowingClassLoader@2bbf1be2
3677 [main] DEBUG org.aspectj.weaver.tools.WeavingAdaptor  - 16:58:03.197 main &gt; org.aspectj.weaver.tools.WeavingAdaptor.weaveClass org.aspectj.weaver.loadtime.ClassLoaderWeavingAdaptor@10b090ac antlr/collections/impl/ASTArray, byte[482]
3677 [main] DEBUG org.aspectj.weaver.tools.WeavingAdaptor  - 16:58:03.197 main &lt; org.aspectj.weaver.tools.WeavingAdaptor.weaveClass false
3677 [main] DEBUG org.aspectj.weaver.loadtime.Aj  - 16:58:03.197 main &lt; org.aspectj.weaver.loadtime.Aj.preProcess byte[482]
3678 [main] DEBUG org.aspectj.weaver.loadtime.Aj  - 16:58:03.198 main &gt; org.aspectj.weaver.loadtime.Aj.preProcess org.aspectj.weaver.loadtime.Aj@58027738 org/hibernate/hql/ast/QueryTranslatorImpl$JavaConstantConverter, byte[1572], org.springframework.test.jpa.OrmXmlOverridingShadowingClassLoader@2bbf1be2
3678 [main] DEBUG org.aspectj.weaver.loadtime.Aj  - 16:58:03.198 main - org.aspectj.weaver.loadtime.Aj.preProcess org.aspectj.weaver.loadtime.Aj@58027738 sun.misc.Launcher$AppClassLoader@302b2c81, org.springframework.test.jpa.OrmXmlOverridingShadowingClassLoader@2bbf1be2
3678 [main] DEBUG org.aspectj.weaver.tools.WeavingAdaptor  - 16:58:03.198 main &gt; org.aspectj.weaver.tools.WeavingAdaptor.weaveClass org.aspectj.weaver.loadtime.ClassLoaderWeavingAdaptor@10b090ac org/hibernate/hql/ast/QueryTranslatorImpl$JavaConstantConverter, byte[1572]
3678 [main] DEBUG org.aspectj.weaver.tools.WeavingAdaptor  - 16:58:03.198 main &lt; org.aspectj.weaver.tools.WeavingAdaptor.weaveClass false
3678 [main] DEBUG org.aspectj.weaver.loadtime.Aj  - 16:58:03.198 main &lt; org.aspectj.weaver.loadtime.Aj.preProcess byte[1572]
3679 [main] DEBUG org.aspectj.weaver.loadtime.Aj  - 16:58:03.199 main &gt; org.aspectj.weaver.loadtime.Aj.preProcess org.aspectj.weaver.loadtime.Aj@58027738 org/hibernate/hql/ast/util/NodeTraverser, byte[1191], org.springframework.test.jpa.OrmXmlOverridingShadowingClassLoader@2bbf1be2
3679 [main] DEBUG org.aspectj.weaver.loadtime.Aj  - 16:58:03.199 main - org.aspectj.weaver.loadtime.Aj.preProcess org.aspectj.weaver.loadtime.Aj@58027738 sun.misc.Launcher$AppClassLoader@302b2c81, org.springframework.test.jpa.OrmXmlOverridingShadowingClassLoader@2bbf1be2
3679 [main] DEBUG org.aspectj.weaver.tools.WeavingAdaptor  - 16:58:03.199 main &gt; org.aspectj.weaver.tools.WeavingAdaptor.weaveClass org.aspectj.weaver.loadtime.ClassLoaderWeavingAdaptor@10b090ac org/hibernate/hql/ast/util/NodeTraverser, byte[1191]
3679 [main] DEBUG org.aspectj.weaver.tools.WeavingAdaptor  - 16:58:03.199 main &lt; org.aspectj.weaver.tools.WeavingAdaptor.weaveClass false
3679 [main] DEBUG org.aspectj.weaver.loadtime.Aj  - 16:58:03.199 main &lt; org.aspectj.weaver.loadtime.Aj.preProcess byte[1191]
3679 [main] DEBUG org.aspectj.weaver.loadtime.Aj  - 16:58:03.199 main &gt; org.aspectj.weaver.loadtime.Aj.preProcess org.aspectj.weaver.loadtime.Aj@58027738 org/hibernate/hql/ast/util/ASTUtil, byte[6368], org.springframework.test.jpa.OrmXmlOverridingShadowingClassLoader@2bbf1be2
3680 [main] DEBUG org.aspectj.weaver.loadtime.Aj  - 16:58:03.200 main - org.aspectj.weaver.loadtime.Aj.preProcess org.aspectj.weaver.loadtime.Aj@58027738 sun.misc.Launcher$AppClassLoader@302b2c81, org.springframework.test.jpa.OrmXmlOverridingShadowingClassLoader@2bbf1be2
3680 [main] DEBUG org.aspectj.weaver.tools.WeavingAdaptor  - 16:58:03.200 main &gt; org.aspectj.weaver.tools.WeavingAdaptor.weaveClass org.aspectj.weaver.loadtime.ClassLoaderWeavingAdaptor@10b090ac org/hibernate/hql/ast/util/ASTUtil, byte[6368]
3680 [main] DEBUG org.aspectj.weaver.tools.WeavingAdaptor  - 16:58:03.200 main &lt; org.aspectj.weaver.tools.WeavingAdaptor.weaveClass false
3680 [main] DEBUG org.aspectj.weaver.loadtime.Aj  - 16:58:03.200 main &lt; org.aspectj.weaver.loadtime.Aj.preProcess byte[6368]
3681 [main] DEBUG org.aspectj.weaver.loadtime.Aj  - 16:58:03.201 main &gt; org.aspectj.weaver.loadtime.Aj.preProcess org.aspectj.weaver.loadtime.Aj@58027738 org/hibernate/hql/ast/HqlSqlWalker, byte[33725], org.springframework.test.jpa.OrmXmlOverridingShadowingClassLoader@2bbf1be2
3681 [main] DEBUG org.aspectj.weaver.loadtime.Aj  - 16:58:03.201 main - org.aspectj.weaver.loadtime.Aj.preProcess org.aspectj.weaver.loadtime.Aj@58027738 sun.misc.Launcher$AppClassLoader@302b2c81, org.springframework.test.jpa.OrmXmlOverridingShadowingClassLoader@2bbf1be2
3681 [main] DEBUG org.aspectj.weaver.tools.WeavingAdaptor  - 16:58:03.201 main &gt; org.aspectj.weaver.tools.WeavingAdaptor.weaveClass org.aspectj.weaver.loadtime.ClassLoaderWeavingAdaptor@10b090ac org/hibernate/hql/ast/HqlSqlWalker, byte[33725]
3681 [main] DEBUG org.aspectj.weaver.tools.WeavingAdaptor  - 16:58:03.201 main &lt; org.aspectj.weaver.tools.WeavingAdaptor.weaveClass false
3681 [main] DEBUG org.aspectj.weaver.loadtime.Aj  - 16:58:03.201 main &lt; org.aspectj.weaver.loadtime.Aj.preProcess byte[33725]
3682 [main] DEBUG org.aspectj.weaver.loadtime.Aj  - 16:58:03.202 main &gt; org.aspectj.weaver.loadtime.Aj.preProcess org.aspectj.weaver.loadtime.Aj@58027738 org/hibernate/engine/ParameterBinder$NamedParameterSource, byte[311], org.springframework.test.jpa.OrmXmlOverridingShadowingClassLoader@2bbf1be2
3682 [main] DEBUG org.aspectj.weaver.loadtime.Aj  - 16:58:03.202 main - org.aspectj.weaver.loadtime.Aj.preProcess org.aspectj.weaver.loadtime.Aj@58027738 sun.misc.Launcher$AppClassLoader@302b2c81, org.springframework.test.jpa.OrmXmlOverridingShadowingClassLoader@2bbf1be2
3682 [main] DEBUG org.aspectj.weaver.tools.WeavingAdaptor  - 16:58:03.202 main &gt; org.aspectj.weaver.tools.WeavingAdaptor.weaveClass org.aspectj.weaver.loadtime.ClassLoaderWeavingAdaptor@10b090ac org/hibernate/engine/ParameterBinder$NamedParameterSource, byte[311]
3682 [main] DEBUG org.aspectj.weaver.tools.WeavingAdaptor  - 16:58:03.202 main &lt; org.aspectj.weaver.tools.WeavingAdaptor.weaveClass false
3682 [main] DEBUG org.aspectj.weaver.loadtime.Aj  - 16:58:03.202 main &lt; org.aspectj.weaver.loadtime.Aj.preProcess byte[311]
3683 [main] DEBUG org.aspectj.weaver.loadtime.Aj  - 16:58:03.203 main &gt; org.aspectj.weaver.loadtime.Aj.preProcess org.aspectj.weaver.loadtime.Aj@58027738 org/hibernate/hql/antlr/HqlSqlBaseWalker, byte[70409], org.springframework.test.jpa.OrmXmlOverridingShadowingClassLoader@2bbf1be2
3683 [main] DEBUG org.aspectj.weaver.loadtime.Aj  - 16:58:03.203 main - org.aspectj.weaver.loadtime.Aj.preProcess org.aspectj.weaver.loadtime.Aj@58027738 sun.misc.Launcher$AppClassLoader@302b2c81, org.springframework.test.jpa.OrmXmlOverridingShadowingClassLoader@2bbf1be2
3683 [main] DEBUG org.aspectj.weaver.tools.WeavingAdaptor  - 16:58:03.203 main &gt; org.aspectj.weaver.tools.WeavingAdaptor.weaveClass org.aspectj.weaver.loadtime.ClassLoaderWeavingAdaptor@10b090ac org/hibernate/hql/antlr/HqlSqlBaseWalker, byte[70409]
3683 [main] DEBUG org.aspectj.weaver.tools.WeavingAdaptor  - 16:58:03.203 main &lt; org.aspectj.weaver.tools.WeavingAdaptor.weaveClass false
3683 [main] DEBUG org.aspectj.weaver.loadtime.Aj  - 16:58:03.203 main &lt; org.aspectj.weaver.loadtime.Aj.preProcess byte[70409]
3684 [main] DEBUG org.aspectj.weaver.loadtime.Aj  - 16:58:03.204 main &gt; org.aspectj.weaver.loadtime.Aj.preProcess org.aspectj.weaver.loadtime.Aj@58027738 org/hibernate/hql/antlr/HqlSqlTokenTypes, byte[4537], org.springframework.test.jpa.OrmXmlOverridingShadowingClassLoader@2bbf1be2
3684 [main] DEBUG org.aspectj.weaver.loadtime.Aj  - 16:58:03.204 main - org.aspectj.weaver.loadtime.Aj.preProcess org.aspectj.weaver.loadtime.Aj@58027738 sun.misc.Launcher$AppClassLoader@302b2c81, org.springframework.test.jpa.OrmXmlOverridingShadowingClassLoader@2bbf1be2
3684 [main] DEBUG org.aspectj.weaver.tools.WeavingAdaptor  - 16:58:03.204 main &gt; org.aspectj.weaver.tools.WeavingAdaptor.weaveClass org.aspectj.weaver.loadtime.ClassLoaderWeavingAdaptor@10b090ac org/hibernate/hql/antlr/HqlSqlTokenTypes, byte[4537]
3684 [main] DEBUG org.aspectj.weaver.tools.WeavingAdaptor  - 16:58:03.204 main &lt; org.aspectj.weaver.tools.WeavingAdaptor.weaveClass false
3684 [main] DEBUG org.aspectj.weaver.loadtime.Aj  - 16:58:03.204 main &lt; org.aspectj.weaver.loadtime.Aj.preProcess byte[4537]
3685 [main] DEBUG org.aspectj.weaver.loadtime.Aj  - 16:58:03.205 main &gt; org.aspectj.weaver.loadtime.Aj.preProcess org.aspectj.weaver.loadtime.Aj@58027738 antlr/TreeParser, byte[3331], org.springframework.test.jpa.OrmXmlOverridingShadowingClassLoader@2bbf1be2
3685 [main] DEBUG org.aspectj.weaver.loadtime.Aj  - 16:58:03.205 main - org.aspectj.weaver.loadtime.Aj.preProcess org.aspectj.weaver.loadtime.Aj@58027738 sun.misc.Launcher$AppClassLoader@302b2c81, org.springframework.test.jpa.OrmXmlOverridingShadowingClassLoader@2bbf1be2
3685 [main] DEBUG org.aspectj.weaver.tools.WeavingAdaptor  - 16:58:03.205 main &gt; org.aspectj.weaver.tools.WeavingAdaptor.weaveClass org.aspectj.weaver.loadtime.ClassLoaderWeavingAdaptor@10b090ac antlr/TreeParser, byte[3331]
3685 [main] DEBUG org.aspectj.weaver.tools.WeavingAdaptor  - 16:58:03.205 main &lt; org.aspectj.weaver.tools.WeavingAdaptor.weaveClass false
3685 [main] DEBUG org.aspectj.weaver.loadtime.Aj  - 16:58:03.205 main &lt; org.aspectj.weaver.loadtime.Aj.preProcess byte[3331]
3690 [main] DEBUG org.aspectj.weaver.loadtime.Aj  - 16:58:03.210 main &gt; org.aspectj.weaver.loadtime.Aj.preProcess org.aspectj.weaver.loadtime.Aj@58027738 org/hibernate/param/ParameterSpecification, byte[488], org.springframework.test.jpa.OrmXmlOverridingShadowingClassLoader@2bbf1be2
3690 [main] DEBUG org.aspectj.weaver.loadtime.Aj  - 16:58:03.210 main - org.aspectj.weaver.loadtime.Aj.preProcess org.aspectj.weaver.loadtime.Aj@58027738 sun.misc.Launcher$AppClassLoader@302b2c81, org.springframework.test.jpa.OrmXmlOverridingShadowingClassLoader@2bbf1be2
3690 [main] DEBUG org.aspectj.weaver.tools.WeavingAdaptor  - 16:58:03.210 main &gt; org.aspectj.weaver.tools.WeavingAdaptor.weaveClass org.aspectj.weaver.loadtime.ClassLoaderWeavingAdaptor@10b090ac org/hibernate/param/ParameterSpecification, byte[488]
3690 [main] DEBUG org.aspectj.weaver.tools.WeavingAdaptor  - 16:58:03.210 main &lt; org.aspectj.weaver.tools.WeavingAdaptor.weaveClass false
3690 [main] DEBUG org.aspectj.weaver.loadtime.Aj  - 16:58:03.210 main &lt; org.aspectj.weaver.loadtime.Aj.preProcess byte[488]
3691 [main] DEBUG org.aspectj.weaver.loadtime.Aj  - 16:58:03.211 main &gt; org.aspectj.weaver.loadtime.Aj.preProcess org.aspectj.weaver.loadtime.Aj@58027738 org/hibernate/param/VersionTypeSeedParameterSpecification, byte[1828], org.springframework.test.jpa.OrmXmlOverridingShadowingClassLoader@2bbf1be2
3691 [main] DEBUG org.aspectj.weaver.loadtime.Aj  - 16:58:03.211 main - org.aspectj.weaver.loadtime.Aj.preProcess org.aspectj.weaver.loadtime.Aj@58027738 sun.misc.Launcher$AppClassLoader@302b2c81, org.springframework.test.jpa.OrmXmlOverridingShadowingClassLoader@2bbf1be2
3691 [main] DEBUG org.aspectj.weaver.tools.WeavingAdaptor  - 16:58:03.211 main &gt; org.aspectj.weaver.tools.WeavingAdaptor.weaveClass org.aspectj.weaver.loadtime.ClassLoaderWeavingAdaptor@10b090ac org/hibernate/param/VersionTypeSeedParameterSpecification, byte[1828]
3691 [main] DEBUG org.aspectj.weaver.tools.WeavingAdaptor  - 16:58:03.211 main &lt; org.aspectj.weaver.tools.WeavingAdaptor.weaveClass false
3691 [main] DEBUG org.aspectj.weaver.loadtime.Aj  - 16:58:03.211 main &lt; org.aspectj.weaver.loadtime.Aj.preProcess byte[1828]
3692 [main] DEBUG org.aspectj.weaver.loadtime.Aj  - 16:58:03.212 main &gt; org.aspectj.weaver.loadtime.Aj.preProcess org.aspectj.weaver.loadtime.Aj@58027738 org/hibernate/hql/ast/tree/RestrictableStatement, byte[346], org.springframework.test.jpa.OrmXmlOverridingShadowingClassLoader@2bbf1be2
3692 [main] DEBUG org.aspectj.weaver.loadtime.Aj  - 16:58:03.212 main - org.aspectj.weaver.loadtime.Aj.preProcess org.aspectj.weaver.loadtime.Aj@58027738 sun.misc.Launcher$AppClassLoader@302b2c81, org.springframework.test.jpa.OrmXmlOverridingShadowingClassLoader@2bbf1be2
3692 [main] DEBUG org.aspectj.weaver.tools.WeavingAdaptor  - 16:58:03.212 main &gt; org.aspectj.weaver.tools.WeavingAdaptor.weaveClass org.aspectj.weaver.loadtime.ClassLoaderWeavingAdaptor@10b090ac org/hibernate/hql/ast/tree/RestrictableStatement, byte[346]
3692 [main] DEBUG org.aspectj.weaver.tools.WeavingAdaptor  - 16:58:03.212 main &lt; org.aspectj.weaver.tools.WeavingAdaptor.weaveClass false
3692 [main] DEBUG org.aspectj.weaver.loadtime.Aj  - 16:58:03.212 main &lt; org.aspectj.weaver.loadtime.Aj.preProcess byte[346]
3692 [main] DEBUG org.aspectj.weaver.loadtime.Aj  - 16:58:03.212 main &gt; org.aspectj.weaver.loadtime.Aj.preProcess org.aspectj.weaver.loadtime.Aj@58027738 org/hibernate/hql/ast/tree/Statement, byte[250], org.springframework.test.jpa.OrmXmlOverridingShadowingClassLoader@2bbf1be2
3692 [main] DEBUG org.aspectj.weaver.loadtime.Aj  - 16:58:03.212 main - org.aspectj.weaver.loadtime.Aj.preProcess org.aspectj.weaver.loadtime.Aj@58027738 sun.misc.Launcher$AppClassLoader@302b2c81, org.springframework.test.jpa.OrmXmlOverridingShadowingClassLoader@2bbf1be2
3692 [main] DEBUG org.aspectj.weaver.tools.WeavingAdaptor  - 16:58:03.212 main &gt; org.aspectj.weaver.tools.WeavingAdaptor.weaveClass org.aspectj.weaver.loadtime.ClassLoaderWeavingAdaptor@10b090ac org/hibernate/hql/ast/tree/Statement, byte[250]
3692 [main] DEBUG org.aspectj.weaver.tools.WeavingAdaptor  - 16:58:03.212 main &lt; org.aspectj.weaver.tools.WeavingAdaptor.weaveClass false
3692 [main] DEBUG org.aspectj.weaver.loadtime.Aj  - 16:58:03.212 main &lt; org.aspectj.weaver.loadtime.Aj.preProcess byte[250]
3693 [main] DEBUG org.aspectj.weaver.loadtime.Aj  - 16:58:03.213 main &gt; org.aspectj.weaver.loadtime.Aj.preProcess org.aspectj.weaver.loadtime.Aj@58027738 org/hibernate/hql/ast/InvalidWithClauseException, byte[590], org.springframework.test.jpa.OrmXmlOverridingShadowingClassLoader@2bbf1be2
3693 [main] DEBUG org.aspectj.weaver.loadtime.Aj  - 16:58:03.213 main - org.aspectj.weaver.loadtime.Aj.preProcess org.aspectj.weaver.loadtime.Aj@58027738 sun.misc.Launcher$AppClassLoader@302b2c81, org.springframework.test.jpa.OrmXmlOverridingShadowingClassLoader@2bbf1be2
3693 [main] DEBUG org.aspectj.weaver.tools.WeavingAdaptor  - 16:58:03.213 main &gt; org.aspectj.weaver.tools.WeavingAdaptor.weaveClass org.aspectj.weaver.loadtime.ClassLoaderWeavingAdaptor@10b090ac org/hibernate/hql/ast/InvalidWithClauseException, byte[590]
3693 [main] DEBUG org.aspectj.weaver.tools.WeavingAdaptor  - 16:58:03.213 main &lt; org.aspectj.weaver.tools.WeavingAdaptor.weaveClass false
3693 [main] DEBUG org.aspectj.weaver.loadtime.Aj  - 16:58:03.213 main &lt; org.aspectj.weaver.loadtime.Aj.preProcess byte[590]
3694 [main] DEBUG org.aspectj.weaver.loadtime.Aj  - 16:58:03.214 main &gt; org.aspectj.weaver.loadtime.Aj.preProcess org.aspectj.weaver.loadtime.Aj@58027738 org/hibernate/hql/ast/SqlASTFactory, byte[9019], org.springframework.test.jpa.OrmXmlOverridingShadowingClassLoader@2bbf1be2
3694 [main] DEBUG org.aspectj.weaver.loadtime.Aj  - 16:58:03.214 main - org.aspectj.weaver.loadtime.Aj.preProcess org.aspectj.weaver.loadtime.Aj@58027738 sun.misc.Launcher$AppClassLoader@302b2c81, org.springframework.test.jpa.OrmXmlOverridingShadowingClassLoader@2bbf1be2
3694 [main] DEBUG org.aspectj.weaver.tools.WeavingAdaptor  - 16:58:03.214 main &gt; org.aspectj.weaver.tools.WeavingAdaptor.weaveClass org.aspectj.weaver.loadtime.ClassLoaderWeavingAdaptor@10b090ac org/hibernate/hql/ast/SqlASTFactory, byte[9019]
3694 [main] DEBUG org.aspectj.weaver.tools.WeavingAdaptor  - 16:58:03.214 main &lt; org.aspectj.weaver.tools.WeavingAdaptor.weaveClass false
3694 [main] DEBUG org.aspectj.weaver.loadtime.Aj  - 16:58:03.214 main &lt; org.aspectj.weaver.loadtime.Aj.preProcess byte[9019]
3695 [main] DEBUG org.aspectj.weaver.loadtime.Aj  - 16:58:03.214 main &gt; org.aspectj.weaver.loadtime.Aj.preProcess org.aspectj.weaver.loadtime.Aj@58027738 antlr/ASTNULLType, byte[1827], org.springframework.test.jpa.OrmXmlOverridingShadowingClassLoader@2bbf1be2
3695 [main] DEBUG org.aspectj.weaver.loadtime.Aj  - 16:58:03.215 main - org.aspectj.weaver.loadtime.Aj.preProcess org.aspectj.weaver.loadtime.Aj@58027738 sun.misc.Launcher$AppClassLoader@302b2c81, org.springframework.test.jpa.OrmXmlOverridingShadowingClassLoader@2bbf1be2
3695 [main] DEBUG org.aspectj.weaver.tools.WeavingAdaptor  - 16:58:03.215 main &gt; org.aspectj.weaver.tools.WeavingAdaptor.weaveClass org.aspectj.weaver.loadtime.ClassLoaderWeavingAdaptor@10b090ac antlr/ASTNULLType, byte[1827]
3695 [main] DEBUG org.aspectj.weaver.tools.WeavingAdaptor  - 16:58:03.215 main &lt; org.aspectj.weaver.tools.WeavingAdaptor.weaveClass false
3695 [main] DEBUG org.aspectj.weaver.loadtime.Aj  - 16:58:03.215 main &lt; org.aspectj.weaver.loadtime.Aj.preProcess byte[1827]
3695 [main] DEBUG org.aspectj.weaver.loadtime.Aj  - 16:58:03.215 main &gt; org.aspectj.weaver.loadtime.Aj.preProcess org.aspectj.weaver.loadtime.Aj@58027738 antlr/TreeParserSharedInputState, byte[274], org.springframework.test.jpa.OrmXmlOverridingShadowingClassLoader@2bbf1be2
3695 [main] DEBUG org.aspectj.weaver.loadtime.Aj  - 16:58:03.215 main - org.aspectj.weaver.loadtime.Aj.preProcess org.aspectj.weaver.loadtime.Aj@58027738 sun.misc.Launcher$AppClassLoader@302b2c81, org.springframework.test.jpa.OrmXmlOverridingShadowingClassLoader@2bbf1be2
3695 [main] DEBUG org.aspectj.weaver.tools.WeavingAdaptor  - 16:58:03.215 main &gt; org.aspectj.weaver.tools.WeavingAdaptor.weaveClass org.aspectj.weaver.loadtime.ClassLoaderWeavingAdaptor@10b090ac antlr/TreeParserSharedInputState, byte[274]
3696 [main] DEBUG org.aspectj.weaver.tools.WeavingAdaptor  - 16:58:03.216 main &lt; org.aspectj.weaver.tools.WeavingAdaptor.weaveClass false
3696 [main] DEBUG org.aspectj.weaver.loadtime.Aj  - 16:58:03.216 main &lt; org.aspectj.weaver.loadtime.Aj.preProcess byte[274]
3696 [main] DEBUG org.aspectj.weaver.loadtime.Aj  - 16:58:03.216 main &gt; org.aspectj.weaver.loadtime.Aj.preProcess org.aspectj.weaver.loadtime.Aj@58027738 org/hibernate/hql/ast/util/AliasGenerator, byte[717], org.springframework.test.jpa.OrmXmlOverridingShadowingClassLoader@2bbf1be2
3696 [main] DEBUG org.aspectj.weaver.loadtime.Aj  - 16:58:03.216 main - org.aspectj.weaver.loadtime.Aj.preProcess org.aspectj.weaver.loadtime.Aj@58027738 sun.misc.Launcher$AppClassLoader@302b2c81, org.springframework.test.jpa.OrmXmlOverridingShadowingClassLoader@2bbf1be2
3696 [main] DEBUG org.aspectj.weaver.tools.WeavingAdaptor  - 16:58:03.216 main &gt; org.aspectj.weaver.tools.WeavingAdaptor.weaveClass org.aspectj.weaver.loadtime.ClassLoaderWeavingAdaptor@10b090ac org/hibernate/hql/ast/util/AliasGenerator, byte[717]
3696 [main] DEBUG org.aspectj.weaver.tools.WeavingAdaptor  - 16:58:03.216 main &lt; org.aspectj.weaver.tools.WeavingAdaptor.weaveClass false
3696 [main] DEBUG org.aspectj.weaver.loadtime.Aj  - 16:58:03.216 main &lt; org.aspectj.weaver.loadtime.Aj.preProcess byte[717]
3697 [main] DEBUG org.aspectj.weaver.loadtime.Aj  - 16:58:03.217 main &gt; org.aspectj.weaver.loadtime.Aj.preProcess org.aspectj.weaver.loadtime.Aj@58027738 org/hibernate/hql/ast/util/SessionFactoryHelper, byte[9547], org.springframework.test.jpa.OrmXmlOverridingShadowingClassLoader@2bbf1be2
3697 [main] DEBUG org.aspectj.weaver.loadtime.Aj  - 16:58:03.217 main - org.aspectj.weaver.loadtime.Aj.preProcess org.aspectj.weaver.loadtime.Aj@58027738 sun.misc.Launcher$AppClassLoader@302b2c81, org.springframework.test.jpa.OrmXmlOverridingShadowingClassLoader@2bbf1be2
3697 [main] DEBUG org.aspectj.weaver.tools.WeavingAdaptor  - 16:58:03.217 main &gt; org.aspectj.weaver.tools.WeavingAdaptor.weaveClass org.aspectj.weaver.loadtime.ClassLoaderWeavingAdaptor@10b090ac org/hibernate/hql/ast/util/SessionFactoryHelper, byte[9547]
3697 [main] DEBUG org.aspectj.weaver.tools.WeavingAdaptor  - 16:58:03.217 main &lt; org.aspectj.weaver.tools.WeavingAdaptor.weaveClass false
3697 [main] DEBUG org.aspectj.weaver.loadtime.Aj  - 16:58:03.217 main &lt; org.aspectj.weaver.loadtime.Aj.preProcess byte[9547]
3698 [main] DEBUG org.aspectj.weaver.loadtime.Aj  - 16:58:03.218 main &gt; org.aspectj.weaver.loadtime.Aj.preProcess org.aspectj.weaver.loadtime.Aj@58027738 org/hibernate/hql/ast/DetailedSemanticException, byte[1564], org.springframework.test.jpa.OrmXmlOverridingShadowingClassLoader@2bbf1be2
3698 [main] DEBUG org.aspectj.weaver.loadtime.Aj  - 16:58:03.218 main - org.aspectj.weaver.loadtime.Aj.preProcess org.aspectj.weaver.loadtime.Aj@58027738 sun.misc.Launcher$AppClassLoader@302b2c81, org.springframework.test.jpa.OrmXmlOverridingShadowingClassLoader@2bbf1be2
3698 [main] DEBUG org.aspectj.weaver.tools.WeavingAdaptor  - 16:58:03.218 main &gt; org.aspectj.weaver.tools.WeavingAdaptor.weaveClass org.aspectj.weaver.loadtime.ClassLoaderWeavingAdaptor@10b090ac org/hibernate/hql/ast/DetailedSemanticException, byte[1564]
3698 [main] DEBUG org.aspectj.weaver.tools.WeavingAdaptor  - 16:58:03.218 main &lt; org.aspectj.weaver.tools.WeavingAdaptor.weaveClass false
3698 [main] DEBUG org.aspectj.weaver.loadtime.Aj  - 16:58:03.218 main &lt; org.aspectj.weaver.loadtime.Aj.preProcess byte[1564]
3698 [main] DEBUG org.aspectj.weaver.loadtime.Aj  - 16:58:03.218 main &gt; org.aspectj.weaver.loadtime.Aj.preProcess org.aspectj.weaver.loadtime.Aj@58027738 org/hibernate/hql/ast/util/LiteralProcessor, byte[9975], org.springframework.test.jpa.OrmXmlOverridingShadowingClassLoader@2bbf1be2
3698 [main] DEBUG org.aspectj.weaver.loadtime.Aj  - 16:58:03.218 main - org.aspectj.weaver.loadtime.Aj.preProcess org.aspectj.weaver.loadtime.Aj@58027738 sun.misc.Launcher$AppClassLoader@302b2c81, org.springframework.test.jpa.OrmXmlOverridingShadowingClassLoader@2bbf1be2
3698 [main] DEBUG org.aspectj.weaver.tools.WeavingAdaptor  - 16:58:03.218 main &gt; org.aspectj.weaver.tools.WeavingAdaptor.weaveClass org.aspectj.weaver.loadtime.ClassLoaderWeavingAdaptor@10b090ac org/hibernate/hql/ast/util/LiteralProcessor, byte[9975]
3698 [main] DEBUG org.aspectj.weaver.tools.WeavingAdaptor  - 16:58:03.218 main &lt; org.aspectj.weaver.tools.WeavingAdaptor.weaveClass false
3698 [main] DEBUG org.aspectj.weaver.loadtime.Aj  - 16:58:03.218 main &lt; org.aspectj.weaver.loadtime.Aj.preProcess byte[9975]
3699 [main] DEBUG org.aspectj.weaver.loadtime.Aj  - 16:58:03.219 main &gt; org.aspectj.weaver.loadtime.Aj.preProcess org.aspectj.weaver.loadtime.Aj@58027738 org/hibernate/hql/ast/InvalidPathException, byte[394], org.springframework.test.jpa.OrmXmlOverridingShadowingClassLoader@2bbf1be2
3699 [main] DEBUG org.aspectj.weaver.loadtime.Aj  - 16:58:03.219 main - org.aspectj.weaver.loadtime.Aj.preProcess org.aspectj.weaver.loadtime.Aj@58027738 sun.misc.Launcher$AppClassLoader@302b2c81, org.springframework.test.jpa.OrmXmlOverridingShadowingClassLoader@2bbf1be2
3699 [main] DEBUG org.aspectj.weaver.tools.WeavingAdaptor  - 16:58:03.219 main &gt; org.aspectj.weaver.tools.WeavingAdaptor.weaveClass org.aspectj.weaver.loadtime.ClassLoaderWeavingAdaptor@10b090ac org/hibernate/hql/ast/InvalidPathException, byte[394]
3699 [main] DEBUG org.aspectj.weaver.tools.WeavingAdaptor  - 16:58:03.219 main &lt; org.aspectj.weaver.tools.WeavingAdaptor.weaveClass false
3699 [main] DEBUG org.aspectj.weaver.loadtime.Aj  - 16:58:03.219 main &lt; org.aspectj.weaver.loadtime.Aj.preProcess byte[394]
3700 [main] DEBUG org.aspectj.weaver.loadtime.Aj  - 16:58:03.220 main &gt; org.aspectj.weaver.loadtime.Aj.preProcess org.aspectj.weaver.loadtime.Aj@58027738 org/hibernate/hql/ast/tree/IdentNode, byte[8875], org.springframework.test.jpa.OrmXmlOverridingShadowingClassLoader@2bbf1be2
3700 [main] DEBUG org.aspectj.weaver.loadtime.Aj  - 16:58:03.220 main - org.aspectj.weaver.loadtime.Aj.preProcess org.aspectj.weaver.loadtime.Aj@58027738 sun.misc.Launcher$AppClassLoader@302b2c81, org.springframework.test.jpa.OrmXmlOverridingShadowingClassLoader@2bbf1be2
3700 [main] DEBUG org.aspectj.weaver.tools.WeavingAdaptor  - 16:58:03.220 main &gt; org.aspectj.weaver.tools.WeavingAdaptor.weaveClass org.aspectj.weaver.loadtime.ClassLoaderWeavingAdaptor@10b090ac org/hibernate/hql/ast/tree/IdentNode, byte[8875]
3700 [main] DEBUG org.aspectj.weaver.tools.WeavingAdaptor  - 16:58:03.220 main &lt; org.aspectj.weaver.tools.WeavingAdaptor.weaveClass false
3700 [main] DEBUG org.aspectj.weaver.loadtime.Aj  - 16:58:03.220 main &lt; org.aspectj.weaver.loadtime.Aj.preProcess byte[8875]
3700 [main] DEBUG org.aspectj.weaver.loadtime.Aj  - 16:58:03.220 main &gt; org.aspectj.weaver.loadtime.Aj.preProcess org.aspectj.weaver.loadtime.Aj@58027738 org/hibernate/hql/ast/tree/SelectExpression, byte[552], org.springframework.test.jpa.OrmXmlOverridingShadowingClassLoader@2bbf1be2
3700 [main] DEBUG org.aspectj.weaver.loadtime.Aj  - 16:58:03.220 main - org.aspectj.weaver.loadtime.Aj.preProcess org.aspectj.weaver.loadtime.Aj@58027738 sun.misc.Launcher$AppClassLoader@302b2c81, org.springframework.test.jpa.OrmXmlOverridingShadowingClassLoader@2bbf1be2
3700 [main] DEBUG org.aspectj.weaver.tools.WeavingAdaptor  - 16:58:03.220 main &gt; org.aspectj.weaver.tools.WeavingAdaptor.weaveClass org.aspectj.weaver.loadtime.ClassLoaderWeavingAdaptor@10b090ac org/hibernate/hql/ast/tree/SelectExpression, byte[552]
3700 [main] DEBUG org.aspectj.weaver.tools.WeavingAdaptor  - 16:58:03.220 main &lt; org.aspectj.weaver.tools.WeavingAdaptor.weaveClass false
3700 [main] DEBUG org.aspectj.weaver.loadtime.Aj  - 16:58:03.220 main &lt; org.aspectj.weaver.loadtime.Aj.preProcess byte[552]
3701 [main] DEBUG org.aspectj.weaver.loadtime.Aj  - 16:58:03.221 main &gt; org.aspectj.weaver.loadtime.Aj.preProcess org.aspectj.weaver.loadtime.Aj@58027738 org/hibernate/hql/ast/tree/FromReferenceNode, byte[4311], org.springframework.test.jpa.OrmXmlOverridingShadowingClassLoader@2bbf1be2
3701 [main] DEBUG org.aspectj.weaver.loadtime.Aj  - 16:58:03.221 main - org.aspectj.weaver.loadtime.Aj.preProcess org.aspectj.weaver.loadtime.Aj@58027738 sun.misc.Launcher$AppClassLoader@302b2c81, org.springframework.test.jpa.OrmXmlOverridingShadowingClassLoader@2bbf1be2
3701 [main] DEBUG org.aspectj.weaver.tools.WeavingAdaptor  - 16:58:03.221 main &gt; org.aspectj.weaver.tools.WeavingAdaptor.weaveClass org.aspectj.weaver.loadtime.ClassLoaderWeavingAdaptor@10b090ac org/hibernate/hql/ast/tree/FromReferenceNode, byte[4311]
3701 [main] DEBUG org.aspectj.weaver.tools.WeavingAdaptor  - 16:58:03.221 main &lt; org.aspectj.weaver.tools.WeavingAdaptor.weaveClass false
3701 [main] DEBUG org.aspectj.weaver.loadtime.Aj  - 16:58:03.221 main &lt; org.aspectj.weaver.loadtime.Aj.preProcess byte[4311]
3701 [main] DEBUG org.aspectj.weaver.loadtime.Aj  - 16:58:03.221 main &gt; org.aspectj.weaver.loadtime.Aj.preProcess org.aspectj.weaver.loadtime.Aj@58027738 org/hibernate/hql/ast/tree/ResolvableNode, byte[429], org.springframework.test.jpa.OrmXmlOverridingShadowingClassLoader@2bbf1be2
3701 [main] DEBUG org.aspectj.weaver.loadtime.Aj  - 16:58:03.221 main - org.aspectj.weaver.loadtime.Aj.preProcess org.aspectj.weaver.loadtime.Aj@58027738 sun.misc.Launcher$AppClassLoader@302b2c81, org.springframework.test.jpa.OrmXmlOverridingShadowingClassLoader@2bbf1be2
3701 [main] DEBUG org.aspectj.weaver.tools.WeavingAdaptor  - 16:58:03.221 main &gt; org.aspectj.weaver.tools.WeavingAdaptor.weaveClass org.aspectj.weaver.loadtime.ClassLoaderWeavingAdaptor@10b090ac org/hibernate/hql/ast/tree/ResolvableNode, byte[429]
3702 [main] DEBUG org.aspectj.weaver.tools.WeavingAdaptor  - 16:58:03.222 main &lt; org.aspectj.weaver.tools.WeavingAdaptor.weaveClass false
3702 [main] DEBUG org.aspectj.weaver.loadtime.Aj  - 16:58:03.222 main &lt; org.aspectj.weaver.loadtime.Aj.preProcess byte[429]
3702 [main] DEBUG org.aspectj.weaver.loadtime.Aj  - 16:58:03.222 main &gt; org.aspectj.weaver.loadtime.Aj.preProcess org.aspectj.weaver.loadtime.Aj@58027738 org/hibernate/hql/ast/tree/DisplayableNode, byte[186], org.springframework.test.jpa.OrmXmlOverridingShadowingClassLoader@2bbf1be2
3702 [main] DEBUG org.aspectj.weaver.loadtime.Aj  - 16:58:03.222 main - org.aspectj.weaver.loadtime.Aj.preProcess org.aspectj.weaver.loadtime.Aj@58027738 sun.misc.Launcher$AppClassLoader@302b2c81, org.springframework.test.jpa.OrmXmlOverridingShadowingClassLoader@2bbf1be2
3702 [main] DEBUG org.aspectj.weaver.tools.WeavingAdaptor  - 16:58:03.222 main &gt; org.aspectj.weaver.tools.WeavingAdaptor.weaveClass org.aspectj.weaver.loadtime.ClassLoaderWeavingAdaptor@10b090ac org/hibernate/hql/ast/tree/DisplayableNode, byte[186]
3702 [main] DEBUG org.aspectj.weaver.tools.WeavingAdaptor  - 16:58:03.222 main &lt; org.aspectj.weaver.tools.WeavingAdaptor.weaveClass false
3702 [main] DEBUG org.aspectj.weaver.loadtime.Aj  - 16:58:03.222 main &lt; org.aspectj.weaver.loadtime.Aj.preProcess byte[186]
3702 [main] DEBUG org.aspectj.weaver.loadtime.Aj  - 16:58:03.222 main &gt; org.aspectj.weaver.loadtime.Aj.preProcess org.aspectj.weaver.loadtime.Aj@58027738 org/hibernate/hql/ast/tree/InitializeableNode, byte[189], org.springframework.test.jpa.OrmXmlOverridingShadowingClassLoader@2bbf1be2
3702 [main] DEBUG org.aspectj.weaver.loadtime.Aj  - 16:58:03.222 main - org.aspectj.weaver.loadtime.Aj.preProcess org.aspectj.weaver.loadtime.Aj@58027738 sun.misc.Launcher$AppClassLoader@302b2c81, org.springframework.test.jpa.OrmXmlOverridingShadowingClassLoader@2bbf1be2
3702 [main] DEBUG org.aspectj.weaver.tools.WeavingAdaptor  - 16:58:03.222 main &gt; org.aspectj.weaver.tools.WeavingAdaptor.weaveClass org.aspectj.weaver.loadtime.ClassLoaderWeavingAdaptor@10b090ac org/hibernate/hql/ast/tree/InitializeableNode, byte[189]
3702 [main] DEBUG org.aspectj.weaver.tools.WeavingAdaptor  - 16:58:03.222 main &lt; org.aspectj.weaver.tools.WeavingAdaptor.weaveClass false
3702 [main] DEBUG org.aspectj.weaver.loadtime.Aj  - 16:58:03.222 main &lt; org.aspectj.weaver.loadtime.Aj.preProcess byte[189]
3703 [main] DEBUG org.aspectj.weaver.loadtime.Aj  - 16:58:03.223 main &gt; org.aspectj.weaver.loadtime.Aj.preProcess org.aspectj.weaver.loadtime.Aj@58027738 org/hibernate/hql/ast/tree/PathNode, byte[165], org.springframework.test.jpa.OrmXmlOverridingShadowingClassLoader@2bbf1be2
3703 [main] DEBUG org.aspectj.weaver.loadtime.Aj  - 16:58:03.223 main - org.aspectj.weaver.loadtime.Aj.preProcess org.aspectj.weaver.loadtime.Aj@58027738 sun.misc.Launcher$AppClassLoader@302b2c81, org.springframework.test.jpa.OrmXmlOverridingShadowingClassLoader@2bbf1be2
3703 [main] DEBUG org.aspectj.weaver.tools.WeavingAdaptor  - 16:58:03.223 main &gt; org.aspectj.weaver.tools.WeavingAdaptor.weaveClass org.aspectj.weaver.loadtime.ClassLoaderWeavingAdaptor@10b090ac org/hibernate/hql/ast/tree/PathNode, byte[165]
3703 [main] DEBUG org.aspectj.weaver.tools.WeavingAdaptor  - 16:58:03.223 main &lt; org.aspectj.weaver.tools.WeavingAdaptor.weaveClass false
3703 [main] DEBUG org.aspectj.weaver.loadtime.Aj  - 16:58:03.223 main &lt; org.aspectj.weaver.loadtime.Aj.preProcess byte[165]
3703 [main] DEBUG org.aspectj.weaver.loadtime.Aj  - 16:58:03.223 main &gt; org.aspectj.weaver.loadtime.Aj.preProcess org.aspectj.weaver.loadtime.Aj@58027738 org/hibernate/hql/ast/tree/AbstractSelectExpression, byte[1276], org.springframework.test.jpa.OrmXmlOverridingShadowingClassLoader@2bbf1be2
3703 [main] DEBUG org.aspectj.weaver.loadtime.Aj  - 16:58:03.223 main - org.aspectj.weaver.loadtime.Aj.preProcess org.aspectj.weaver.loadtime.Aj@58027738 sun.misc.Launcher$AppClassLoader@302b2c81, org.springframework.test.jpa.OrmXmlOverridingShadowingClassLoader@2bbf1be2
3703 [main] DEBUG org.aspectj.weaver.tools.WeavingAdaptor  - 16:58:03.223 main &gt; org.aspectj.weaver.tools.WeavingAdaptor.weaveClass org.aspectj.weaver.loadtime.ClassLoaderWeavingAdaptor@10b090ac org/hibernate/hql/ast/tree/AbstractSelectExpression, byte[1276]
3703 [main] DEBUG org.aspectj.weaver.tools.WeavingAdaptor  - 16:58:03.223 main &lt; org.aspectj.weaver.tools.WeavingAdaptor.weaveClass false
3703 [main] DEBUG org.aspectj.weaver.loadtime.Aj  - 16:58:03.223 main &lt; org.aspectj.weaver.loadtime.Aj.preProcess byte[1276]
3704 [main] DEBUG org.aspectj.weaver.loadtime.Aj  - 16:58:03.224 main &gt; org.aspectj.weaver.loadtime.Aj.preProcess org.aspectj.weaver.loadtime.Aj@58027738 org/hibernate/hql/ast/tree/HqlSqlWalkerNode, byte[1172], org.springframework.test.jpa.OrmXmlOverridingShadowingClassLoader@2bbf1be2
3704 [main] DEBUG org.aspectj.weaver.loadtime.Aj  - 16:58:03.224 main - org.aspectj.weaver.loadtime.Aj.preProcess org.aspectj.weaver.loadtime.Aj@58027738 sun.misc.Launcher$AppClassLoader@302b2c81, org.springframework.test.jpa.OrmXmlOverridingShadowingClassLoader@2bbf1be2
3704 [main] DEBUG org.aspectj.weaver.tools.WeavingAdaptor  - 16:58:03.224 main &gt; org.aspectj.weaver.tools.WeavingAdaptor.weaveClass org.aspectj.weaver.loadtime.ClassLoaderWeavingAdaptor@10b090ac org/hibernate/hql/ast/tree/HqlSqlWalkerNode, byte[1172]
3704 [main] DEBUG org.aspectj.weaver.tools.WeavingAdaptor  - 16:58:03.224 main &lt; org.aspectj.weaver.tools.WeavingAdaptor.weaveClass false
3704 [main] DEBUG org.aspectj.weaver.loadtime.Aj  - 16:58:03.224 main &lt; org.aspectj.weaver.loadtime.Aj.preProcess byte[1172]
3704 [main] DEBUG org.aspectj.weaver.loadtime.Aj  - 16:58:03.224 main &gt; org.aspectj.weaver.loadtime.Aj.preProcess org.aspectj.weaver.loadtime.Aj@58027738 org/hibernate/hql/ast/tree/SqlNode, byte[956], org.springframework.test.jpa.OrmXmlOverridingShadowingClassLoader@2bbf1be2
3704 [main] DEBUG org.aspectj.weaver.loadtime.Aj  - 16:58:03.224 main - org.aspectj.weaver.loadtime.Aj.preProcess org.aspectj.weaver.loadtime.Aj@58027738 sun.misc.Launcher$AppClassLoader@302b2c81, org.springframework.test.jpa.OrmXmlOverridingShadowingClassLoader@2bbf1be2
3704 [main] DEBUG org.aspectj.weaver.tools.WeavingAdaptor  - 16:58:03.224 main &gt; org.aspectj.weaver.tools.WeavingAdaptor.weaveClass org.aspectj.weaver.loadtime.ClassLoaderWeavingAdaptor@10b090ac org/hibernate/hql/ast/tree/SqlNode, byte[956]
3704 [main] DEBUG org.aspectj.weaver.tools.WeavingAdaptor  - 16:58:03.224 main &lt; org.aspectj.weaver.tools.WeavingAdaptor.weaveClass false
3704 [main] DEBUG org.aspectj.weaver.loadtime.Aj  - 16:58:03.224 main &lt; org.aspectj.weaver.loadtime.Aj.preProcess byte[956]
3705 [main] DEBUG org.aspectj.weaver.loadtime.Aj  - 16:58:03.225 main &gt; org.aspectj.weaver.loadtime.Aj.preProcess org.aspectj.weaver.loadtime.Aj@58027738 org/hibernate/hql/ast/util/LiteralProcessor$DecimalFormatter, byte[318], org.springframework.test.jpa.OrmXmlOverridingShadowingClassLoader@2bbf1be2
3705 [main] DEBUG org.aspectj.weaver.loadtime.Aj  - 16:58:03.225 main - org.aspectj.weaver.loadtime.Aj.preProcess org.aspectj.weaver.loadtime.Aj@58027738 sun.misc.Launcher$AppClassLoader@302b2c81, org.springframework.test.jpa.OrmXmlOverridingShadowingClassLoader@2bbf1be2
3705 [main] DEBUG org.aspectj.weaver.tools.WeavingAdaptor  - 16:58:03.225 main &gt; org.aspectj.weaver.tools.WeavingAdaptor.weaveClass org.aspectj.weaver.loadtime.ClassLoaderWeavingAdaptor@10b090ac org/hibernate/hql/ast/util/LiteralProcessor$DecimalFormatter, byte[318]
3705 [main] DEBUG org.aspectj.weaver.tools.WeavingAdaptor  - 16:58:03.225 main &lt; org.aspectj.weaver.tools.WeavingAdaptor.weaveClass false
3705 [main] DEBUG org.aspectj.weaver.loadtime.Aj  - 16:58:03.225 main &lt; org.aspectj.weaver.loadtime.Aj.preProcess byte[318]
3706 [main] DEBUG org.aspectj.weaver.loadtime.Aj  - 16:58:03.226 main &gt; org.aspectj.weaver.loadtime.Aj.preProcess org.aspectj.weaver.loadtime.Aj@58027738 org/hibernate/hql/ast/util/LiteralProcessor$ExactDecimalFormatter, byte[1063], org.springframework.test.jpa.OrmXmlOverridingShadowingClassLoader@2bbf1be2
3706 [main] DEBUG org.aspectj.weaver.loadtime.Aj  - 16:58:03.226 main - org.aspectj.weaver.loadtime.Aj.preProcess org.aspectj.weaver.loadtime.Aj@58027738 sun.misc.Launcher$AppClassLoader@302b2c81, org.springframework.test.jpa.OrmXmlOverridingShadowingClassLoader@2bbf1be2
3706 [main] DEBUG org.aspectj.weaver.tools.WeavingAdaptor  - 16:58:03.226 main &gt; org.aspectj.weaver.tools.WeavingAdaptor.weaveClass org.aspectj.weaver.loadtime.ClassLoaderWeavingAdaptor@10b090ac org/hibernate/hql/ast/util/LiteralProcessor$ExactDecimalFormatter, byte[1063]
3706 [main] DEBUG org.aspectj.weaver.tools.WeavingAdaptor  - 16:58:03.226 main &lt; org.aspectj.weaver.tools.WeavingAdaptor.weaveClass false
3706 [main] DEBUG org.aspectj.weaver.loadtime.Aj  - 16:58:03.226 main &lt; org.aspectj.weaver.loadtime.Aj.preProcess byte[1063]
3706 [main] DEBUG org.aspectj.weaver.loadtime.Aj  - 16:58:03.226 main &gt; org.aspectj.weaver.loadtime.Aj.preProcess org.aspectj.weaver.loadtime.Aj@58027738 org/hibernate/hql/ast/util/LiteralProcessor$ApproximateDecimalFormatter, byte[1830], org.springframework.test.jpa.OrmXmlOverridingShadowingClassLoader@2bbf1be2
3706 [main] DEBUG org.aspectj.weaver.loadtime.Aj  - 16:58:03.226 main - org.aspectj.weaver.loadtime.Aj.preProcess org.aspectj.weaver.loadtime.Aj@58027738 sun.misc.Launcher$AppClassLoader@302b2c81, org.springframework.test.jpa.OrmXmlOverridingShadowingClassLoader@2bbf1be2
3706 [main] DEBUG org.aspectj.weaver.tools.WeavingAdaptor  - 16:58:03.226 main &gt; org.aspectj.weaver.tools.WeavingAdaptor.weaveClass org.aspectj.weaver.loadtime.ClassLoaderWeavingAdaptor@10b090ac org/hibernate/hql/ast/util/LiteralProcessor$ApproximateDecimalFormatter, byte[1830]
3706 [main] DEBUG org.aspectj.weaver.tools.WeavingAdaptor  - 16:58:03.226 main &lt; org.aspectj.weaver.tools.WeavingAdaptor.weaveClass false
3707 [main] DEBUG org.aspectj.weaver.loadtime.Aj  - 16:58:03.227 main &lt; org.aspectj.weaver.loadtime.Aj.preProcess byte[1830]
3707 [main] DEBUG org.aspectj.weaver.loadtime.Aj  - 16:58:03.227 main &gt; org.aspectj.weaver.loadtime.Aj.preProcess org.aspectj.weaver.loadtime.Aj@58027738 org/hibernate/hql/antlr/SqlTokenTypes, byte[4563], org.springframework.test.jpa.OrmXmlOverridingShadowingClassLoader@2bbf1be2
3707 [main] DEBUG org.aspectj.weaver.loadtime.Aj  - 16:58:03.227 main - org.aspectj.weaver.loadtime.Aj.preProcess org.aspectj.weaver.loadtime.Aj@58027738 sun.misc.Launcher$AppClassLoader@302b2c81, org.springframework.test.jpa.OrmXmlOverridingShadowingClassLoader@2bbf1be2
3707 [main] DEBUG org.aspectj.weaver.tools.WeavingAdaptor  - 16:58:03.227 main &gt; org.aspectj.weaver.tools.WeavingAdaptor.weaveClass org.aspectj.weaver.loadtime.ClassLoaderWeavingAdaptor@10b090ac org/hibernate/hql/antlr/SqlTokenTypes, byte[4563]
3707 [main] DEBUG org.aspectj.weaver.tools.WeavingAdaptor  - 16:58:03.227 main &lt; org.aspectj.weaver.tools.WeavingAdaptor.weaveClass false
3707 [main] DEBUG org.aspectj.weaver.loadtime.Aj  - 16:58:03.227 main &lt; org.aspectj.weaver.loadtime.Aj.preProcess byte[4563]
3708 [main] DEBUG org.aspectj.weaver.loadtime.Aj  - 16:58:03.228 main &gt; org.aspectj.weaver.loadtime.Aj.preProcess org.aspectj.weaver.loadtime.Aj@58027738 org/hibernate/hql/ast/tree/QueryNode, byte[4127], org.springframework.test.jpa.OrmXmlOverridingShadowingClassLoader@2bbf1be2
3708 [main] DEBUG org.aspectj.weaver.loadtime.Aj  - 16:58:03.228 main - org.aspectj.weaver.loadtime.Aj.preProcess org.aspectj.weaver.loadtime.Aj@58027738 sun.misc.Launcher$AppClassLoader@302b2c81, org.springframework.test.jpa.OrmXmlOverridingShadowingClassLoader@2bbf1be2
3708 [main] DEBUG org.aspectj.weaver.tools.WeavingAdaptor  - 16:58:03.228 main &gt; org.aspectj.weaver.tools.WeavingAdaptor.weaveClass org.aspectj.weaver.loadtime.ClassLoaderWeavingAdaptor@10b090ac org/hibernate/hql/ast/tree/QueryNode, byte[4127]
3708 [main] DEBUG org.aspectj.weaver.tools.WeavingAdaptor  - 16:58:03.228 main &lt; org.aspectj.weaver.tools.WeavingAdaptor.weaveClass false
3708 [main] DEBUG org.aspectj.weaver.loadtime.Aj  - 16:58:03.228 main &lt; org.aspectj.weaver.loadtime.Aj.preProcess byte[4127]
3709 [main] DEBUG org.aspectj.weaver.loadtime.Aj  - 16:58:03.229 main &gt; org.aspectj.weaver.loadtime.Aj.preProcess org.aspectj.weaver.loadtime.Aj@58027738 org/hibernate/hql/ast/tree/AbstractRestrictableStatement, byte[1990], org.springframework.test.jpa.OrmXmlOverridingShadowingClassLoader@2bbf1be2
3709 [main] DEBUG org.aspectj.weaver.loadtime.Aj  - 16:58:03.229 main - org.aspectj.weaver.loadtime.Aj.preProcess org.aspectj.weaver.loadtime.Aj@58027738 sun.misc.Launcher$AppClassLoader@302b2c81, org.springframework.test.jpa.OrmXmlOverridingShadowingClassLoader@2bbf1be2
3709 [main] DEBUG org.aspectj.weaver.tools.WeavingAdaptor  - 16:58:03.229 main &gt; org.aspectj.weaver.tools.WeavingAdaptor.weaveClass org.aspectj.weaver.loadtime.ClassLoaderWeavingAdaptor@10b090ac org/hibernate/hql/ast/tree/AbstractRestrictableStatement, byte[1990]
3709 [main] DEBUG org.aspectj.weaver.tools.WeavingAdaptor  - 16:58:03.229 main &lt; org.aspectj.weaver.tools.WeavingAdaptor.weaveClass false
3709 [main] DEBUG org.aspectj.weaver.loadtime.Aj  - 16:58:03.229 main &lt; org.aspectj.weaver.loadtime.Aj.preProcess byte[1990]
3709 [main] DEBUG org.aspectj.weaver.loadtime.Aj  - 16:58:03.229 main &gt; org.aspectj.weaver.loadtime.Aj.preProcess org.aspectj.weaver.loadtime.Aj@58027738 org/hibernate/hql/ast/tree/AbstractStatement, byte[1288], org.springframework.test.jpa.OrmXmlOverridingShadowingClassLoader@2bbf1be2
3709 [main] DEBUG org.aspectj.weaver.loadtime.Aj  - 16:58:03.229 main - org.aspectj.weaver.loadtime.Aj.preProcess org.aspectj.weaver.loadtime.Aj@58027738 sun.misc.Launcher$AppClassLoader@302b2c81, org.springframework.test.jpa.OrmXmlOverridingShadowingClassLoader@2bbf1be2
3709 [main] DEBUG org.aspectj.weaver.tools.WeavingAdaptor  - 16:58:03.229 main &gt; org.aspectj.weaver.tools.WeavingAdaptor.weaveClass org.aspectj.weaver.loadtime.ClassLoaderWeavingAdaptor@10b090ac org/hibernate/hql/ast/tree/AbstractStatement, byte[1288]
3709 [main] DEBUG org.aspectj.weaver.tools.WeavingAdaptor  - 16:58:03.229 main &lt; org.aspectj.weaver.tools.WeavingAdaptor.weaveClass false
3709 [main] DEBUG org.aspectj.weaver.loadtime.Aj  - 16:58:03.229 main &lt; org.aspectj.weaver.loadtime.Aj.preProcess byte[1288]
3710 [main] DEBUG org.aspectj.weaver.loadtime.Aj  - 16:58:03.230 main &gt; org.aspectj.weaver.loadtime.Aj.preProcess org.aspectj.weaver.loadtime.Aj@58027738 org/hibernate/hql/ast/tree/SessionFactoryAwareNode, byte[236], org.springframework.test.jpa.OrmXmlOverridingShadowingClassLoader@2bbf1be2
3711 [main] DEBUG org.aspectj.weaver.loadtime.Aj  - 16:58:03.231 main - org.aspectj.weaver.loadtime.Aj.preProcess org.aspectj.weaver.loadtime.Aj@58027738 sun.misc.Launcher$AppClassLoader@302b2c81, org.springframework.test.jpa.OrmXmlOverridingShadowingClassLoader@2bbf1be2
3711 [main] DEBUG org.aspectj.weaver.tools.WeavingAdaptor  - 16:58:03.231 main &gt; org.aspectj.weaver.tools.WeavingAdaptor.weaveClass org.aspectj.weaver.loadtime.ClassLoaderWeavingAdaptor@10b090ac org/hibernate/hql/ast/tree/SessionFactoryAwareNode, byte[236]
3711 [main] DEBUG org.aspectj.weaver.tools.WeavingAdaptor  - 16:58:03.231 main &lt; org.aspectj.weaver.tools.WeavingAdaptor.weaveClass false
3711 [main] DEBUG org.aspectj.weaver.loadtime.Aj  - 16:58:03.231 main &lt; org.aspectj.weaver.loadtime.Aj.preProcess byte[236]
3711 [main] DEBUG org.aspectj.weaver.loadtime.Aj  - 16:58:03.231 main &gt; org.aspectj.weaver.loadtime.Aj.preProcess org.aspectj.weaver.loadtime.Aj@58027738 org/hibernate/hql/ast/tree/FromClause, byte[10319], org.springframework.test.jpa.OrmXmlOverridingShadowingClassLoader@2bbf1be2
3711 [main] DEBUG org.aspectj.weaver.loadtime.Aj  - 16:58:03.231 main - org.aspectj.weaver.loadtime.Aj.preProcess org.aspectj.weaver.loadtime.Aj@58027738 sun.misc.Launcher$AppClassLoader@302b2c81, org.springframework.test.jpa.OrmXmlOverridingShadowingClassLoader@2bbf1be2
3711 [main] DEBUG org.aspectj.weaver.tools.WeavingAdaptor  - 16:58:03.231 main &gt; org.aspectj.weaver.tools.WeavingAdaptor.weaveClass org.aspectj.weaver.loadtime.ClassLoaderWeavingAdaptor@10b090ac org/hibernate/hql/ast/tree/FromClause, byte[10319]
3711 [main] DEBUG org.aspectj.weaver.tools.WeavingAdaptor  - 16:58:03.231 main &lt; org.aspectj.weaver.tools.WeavingAdaptor.weaveClass false
3711 [main] DEBUG org.aspectj.weaver.loadtime.Aj  - 16:58:03.231 main &lt; org.aspectj.weaver.loadtime.Aj.preProcess byte[10319]
3712 [main] DEBUG org.aspectj.weaver.loadtime.Aj  - 16:58:03.232 main &gt; org.aspectj.weaver.loadtime.Aj.preProcess org.aspectj.weaver.loadtime.Aj@58027738 org/hibernate/hql/ast/util/ASTUtil$FilterPredicate, byte[274], org.springframework.test.jpa.OrmXmlOverridingShadowingClassLoader@2bbf1be2
3712 [main] DEBUG org.aspectj.weaver.loadtime.Aj  - 16:58:03.232 main - org.aspectj.weaver.loadtime.Aj.preProcess org.aspectj.weaver.loadtime.Aj@58027738 sun.misc.Launcher$AppClassLoader@302b2c81, org.springframework.test.jpa.OrmXmlOverridingShadowingClassLoader@2bbf1be2
3712 [main] DEBUG org.aspectj.weaver.tools.WeavingAdaptor  - 16:58:03.232 main &gt; org.aspectj.weaver.tools.WeavingAdaptor.weaveClass org.aspectj.weaver.loadtime.ClassLoaderWeavingAdaptor@10b090ac org/hibernate/hql/ast/util/ASTUtil$FilterPredicate, byte[274]
3712 [main] DEBUG org.aspectj.weaver.tools.WeavingAdaptor  - 16:58:03.232 main &lt; org.aspectj.weaver.tools.WeavingAdaptor.weaveClass false
3712 [main] DEBUG org.aspectj.weaver.loadtime.Aj  - 16:58:03.232 main &lt; org.aspectj.weaver.loadtime.Aj.preProcess byte[274]
3713 [main] DEBUG org.aspectj.weaver.loadtime.Aj  - 16:58:03.233 main &gt; org.aspectj.weaver.loadtime.Aj.preProcess org.aspectj.weaver.loadtime.Aj@58027738 org/hibernate/hql/ast/tree/FromClause$1, byte[751], org.springframework.test.jpa.OrmXmlOverridingShadowingClassLoader@2bbf1be2
3713 [main] DEBUG org.aspectj.weaver.loadtime.Aj  - 16:58:03.233 main - org.aspectj.weaver.loadtime.Aj.preProcess org.aspectj.weaver.loadtime.Aj@58027738 sun.misc.Launcher$AppClassLoader@302b2c81, org.springframework.test.jpa.OrmXmlOverridingShadowingClassLoader@2bbf1be2
3713 [main] DEBUG org.aspectj.weaver.tools.WeavingAdaptor  - 16:58:03.233 main &gt; org.aspectj.weaver.tools.WeavingAdaptor.weaveClass org.aspectj.weaver.loadtime.ClassLoaderWeavingAdaptor@10b090ac org/hibernate/hql/ast/tree/FromClause$1, byte[751]
3713 [main] DEBUG org.aspectj.weaver.tools.WeavingAdaptor  - 16:58:03.233 main &lt; org.aspectj.weaver.tools.WeavingAdaptor.weaveClass false
3713 [main] DEBUG org.aspectj.weaver.loadtime.Aj  - 16:58:03.233 main &lt; org.aspectj.weaver.loadtime.Aj.preProcess byte[751]
3713 [main] DEBUG org.aspectj.weaver.loadtime.Aj  - 16:58:03.233 main &gt; org.aspectj.weaver.loadtime.Aj.preProcess org.aspectj.weaver.loadtime.Aj@58027738 org/hibernate/hql/ast/util/ASTUtil$IncludePredicate, byte[688], org.springframework.test.jpa.OrmXmlOverridingShadowingClassLoader@2bbf1be2
3713 [main] DEBUG org.aspectj.weaver.loadtime.Aj  - 16:58:03.233 main - org.aspectj.weaver.loadtime.Aj.preProcess org.aspectj.weaver.loadtime.Aj@58027738 sun.misc.Launcher$AppClassLoader@302b2c81, org.springframework.test.jpa.OrmXmlOverridingShadowingClassLoader@2bbf1be2
3714 [main] DEBUG org.aspectj.weaver.tools.WeavingAdaptor  - 16:58:03.233 main &gt; org.aspectj.weaver.tools.WeavingAdaptor.weaveClass org.aspectj.weaver.loadtime.ClassLoaderWeavingAdaptor@10b090ac org/hibernate/hql/ast/util/ASTUtil$IncludePredicate, byte[688]
3714 [main] DEBUG org.aspectj.weaver.tools.WeavingAdaptor  - 16:58:03.234 main &lt; org.aspectj.weaver.tools.WeavingAdaptor.weaveClass false
3714 [main] DEBUG org.aspectj.weaver.loadtime.Aj  - 16:58:03.234 main &lt; org.aspectj.weaver.loadtime.Aj.preProcess byte[688]
3714 [main] DEBUG org.aspectj.weaver.loadtime.Aj  - 16:58:03.234 main &gt; org.aspectj.weaver.loadtime.Aj.preProcess org.aspectj.weaver.loadtime.Aj@58027738 org/hibernate/hql/ast/tree/FromClause$2, byte[747], org.springframework.test.jpa.OrmXmlOverridingShadowingClassLoader@2bbf1be2
3714 [main] DEBUG org.aspectj.weaver.loadtime.Aj  - 16:58:03.234 main - org.aspectj.weaver.loadtime.Aj.preProcess org.aspectj.weaver.loadtime.Aj@58027738 sun.misc.Launcher$AppClassLoader@302b2c81, org.springframework.test.jpa.OrmXmlOverridingShadowingClassLoader@2bbf1be2
3714 [main] DEBUG org.aspectj.weaver.tools.WeavingAdaptor  - 16:58:03.234 main &gt; org.aspectj.weaver.tools.WeavingAdaptor.weaveClass org.aspectj.weaver.loadtime.ClassLoaderWeavingAdaptor@10b090ac org/hibernate/hql/ast/tree/FromClause$2, byte[747]
3714 [main] DEBUG org.aspectj.weaver.tools.WeavingAdaptor  - 16:58:03.234 main &lt; org.aspectj.weaver.tools.WeavingAdaptor.weaveClass false
3714 [main] DEBUG org.aspectj.weaver.loadtime.Aj  - 16:58:03.234 main &lt; org.aspectj.weaver.loadtime.Aj.preProcess byte[747]
3714 [main] DEBUG org.aspectj.weaver.loadtime.Aj  - 16:58:03.234 main &gt; org.aspectj.weaver.loadtime.Aj.preProcess org.aspectj.weaver.loadtime.Aj@58027738 org/hibernate/hql/ast/tree/FromClause$3, byte[849], org.springframework.test.jpa.OrmXmlOverridingShadowingClassLoader@2bbf1be2
3714 [main] DEBUG org.aspectj.weaver.loadtime.Aj  - 16:58:03.234 main - org.aspectj.weaver.loadtime.Aj.preProcess org.aspectj.weaver.loadtime.Aj@58027738 sun.misc.Launcher$AppClassLoader@302b2c81, org.springframework.test.jpa.OrmXmlOverridingShadowingClassLoader@2bbf1be2
3715 [main] DEBUG org.aspectj.weaver.tools.WeavingAdaptor  - 16:58:03.235 main &gt; org.aspectj.weaver.tools.WeavingAdaptor.weaveClass org.aspectj.weaver.loadtime.ClassLoaderWeavingAdaptor@10b090ac org/hibernate/hql/ast/tree/FromClause$3, byte[849]
3715 [main] DEBUG org.aspectj.weaver.tools.WeavingAdaptor  - 16:58:03.235 main &lt; org.aspectj.weaver.tools.WeavingAdaptor.weaveClass false
3715 [main] DEBUG org.aspectj.weaver.loadtime.Aj  - 16:58:03.235 main &lt; org.aspectj.weaver.loadtime.Aj.preProcess byte[849]
3715 [main] DEBUG org.aspectj.weaver.loadtime.Aj  - 16:58:03.235 main &gt; org.aspectj.weaver.loadtime.Aj.preProcess org.aspectj.weaver.loadtime.Aj@58027738 org/hibernate/hql/ast/tree/FromClause$4, byte[748], org.springframework.test.jpa.OrmXmlOverridingShadowingClassLoader@2bbf1be2
3715 [main] DEBUG org.aspectj.weaver.loadtime.Aj  - 16:58:03.235 main - org.aspectj.weaver.loadtime.Aj.preProcess org.aspectj.weaver.loadtime.Aj@58027738 sun.misc.Launcher$AppClassLoader@302b2c81, org.springframework.test.jpa.OrmXmlOverridingShadowingClassLoader@2bbf1be2
3715 [main] DEBUG org.aspectj.weaver.tools.WeavingAdaptor  - 16:58:03.235 main &gt; org.aspectj.weaver.tools.WeavingAdaptor.weaveClass org.aspectj.weaver.loadtime.ClassLoaderWeavingAdaptor@10b090ac org/hibernate/hql/ast/tree/FromClause$4, byte[748]
3715 [main] DEBUG org.aspectj.weaver.tools.WeavingAdaptor  - 16:58:03.235 main &lt; org.aspectj.weaver.tools.WeavingAdaptor.weaveClass false
3715 [main] DEBUG org.aspectj.weaver.loadtime.Aj  - 16:58:03.235 main &lt; org.aspectj.weaver.loadtime.Aj.preProcess byte[748]
3716 [main] DEBUG org.aspectj.weaver.loadtime.Aj  - 16:58:03.236 main &gt; org.aspectj.weaver.loadtime.Aj.preProcess org.aspectj.weaver.loadtime.Aj@58027738 org/hibernate/hql/ast/tree/DotNode, byte[17616], org.springframework.test.jpa.OrmXmlOverridingShadowingClassLoader@2bbf1be2
3716 [main] DEBUG org.aspectj.weaver.loadtime.Aj  - 16:58:03.236 main - org.aspectj.weaver.loadtime.Aj.preProcess org.aspectj.weaver.loadtime.Aj@58027738 sun.misc.Launcher$AppClassLoader@302b2c81, org.springframework.test.jpa.OrmXmlOverridingShadowingClassLoader@2bbf1be2
3716 [main] DEBUG org.aspectj.weaver.tools.WeavingAdaptor  - 16:58:03.236 main &gt; org.aspectj.weaver.tools.WeavingAdaptor.weaveClass org.aspectj.weaver.loadtime.ClassLoaderWeavingAdaptor@10b090ac org/hibernate/hql/ast/tree/DotNode, byte[17616]
3716 [main] DEBUG org.aspectj.weaver.tools.WeavingAdaptor  - 16:58:03.236 main &lt; org.aspectj.weaver.tools.WeavingAdaptor.weaveClass false
3716 [main] DEBUG org.aspectj.weaver.loadtime.Aj  - 16:58:03.236 main &lt; org.aspectj.weaver.loadtime.Aj.preProcess byte[17616]
3718 [main] DEBUG org.aspectj.weaver.loadtime.Aj  - 16:58:03.238 main &gt; org.aspectj.weaver.loadtime.Aj.preProcess org.aspectj.weaver.loadtime.Aj@58027738 org/hibernate/hql/ast/tree/DotNode$IllegalCollectionDereferenceExceptionBuilder, byte[437], org.springframework.test.jpa.OrmXmlOverridingShadowingClassLoader@2bbf1be2
3718 [main] DEBUG org.aspectj.weaver.loadtime.Aj  - 16:58:03.238 main - org.aspectj.weaver.loadtime.Aj.preProcess org.aspectj.weaver.loadtime.Aj@58027738 sun.misc.Launcher$AppClassLoader@302b2c81, org.springframework.test.jpa.OrmXmlOverridingShadowingClassLoader@2bbf1be2
3718 [main] DEBUG org.aspectj.weaver.tools.WeavingAdaptor  - 16:58:03.238 main &gt; org.aspectj.weaver.tools.WeavingAdaptor.weaveClass org.aspectj.weaver.loadtime.ClassLoaderWeavingAdaptor@10b090ac org/hibernate/hql/ast/tree/DotNode$IllegalCollectionDereferenceExceptionBuilder, byte[437]
3718 [main] DEBUG org.aspectj.weaver.tools.WeavingAdaptor  - 16:58:03.238 main &lt; org.aspectj.weaver.tools.WeavingAdaptor.weaveClass false
3718 [main] DEBUG org.aspectj.weaver.loadtime.Aj  - 16:58:03.238 main &lt; org.aspectj.weaver.loadtime.Aj.preProcess byte[437]
3719 [main] DEBUG org.aspectj.weaver.loadtime.Aj  - 16:58:03.239 main &gt; org.aspectj.weaver.loadtime.Aj.preProcess org.aspectj.weaver.loadtime.Aj@58027738 org/hibernate/hql/ast/tree/DotNode$1, byte[1319], org.springframework.test.jpa.OrmXmlOverridingShadowingClassLoader@2bbf1be2
3719 [main] DEBUG org.aspectj.weaver.loadtime.Aj  - 16:58:03.239 main - org.aspectj.weaver.loadtime.Aj.preProcess org.aspectj.weaver.loadtime.Aj@58027738 sun.misc.Launcher$AppClassLoader@302b2c81, org.springframework.test.jpa.OrmXmlOverridingShadowingClassLoader@2bbf1be2
3719 [main] DEBUG org.aspectj.weaver.tools.WeavingAdaptor  - 16:58:03.239 main &gt; org.aspectj.weaver.tools.WeavingAdaptor.weaveClass org.aspectj.weaver.loadtime.ClassLoaderWeavingAdaptor@10b090ac org/hibernate/hql/ast/tree/DotNode$1, byte[1319]
3719 [main] DEBUG org.aspectj.weaver.tools.WeavingAdaptor  - 16:58:03.239 main &lt; org.aspectj.weaver.tools.WeavingAdaptor.weaveClass false
3719 [main] DEBUG org.aspectj.weaver.loadtime.Aj  - 16:58:03.239 main &lt; org.aspectj.weaver.loadtime.Aj.preProcess byte[1319]
3720 [main] DEBUG org.aspectj.weaver.loadtime.Aj  - 16:58:03.240 main &gt; org.aspectj.weaver.loadtime.Aj.preProcess org.aspectj.weaver.loadtime.Aj@58027738 org/hibernate/hql/ast/tree/FromElementFactory, byte[16322], org.springframework.test.jpa.OrmXmlOverridingShadowingClassLoader@2bbf1be2
3720 [main] DEBUG org.aspectj.weaver.loadtime.Aj  - 16:58:03.240 main - org.aspectj.weaver.loadtime.Aj.preProcess org.aspectj.weaver.loadtime.Aj@58027738 sun.misc.Launcher$AppClassLoader@302b2c81, org.springframework.test.jpa.OrmXmlOverridingShadowingClassLoader@2bbf1be2
3720 [main] DEBUG org.aspectj.weaver.tools.WeavingAdaptor  - 16:58:03.240 main &gt; org.aspectj.weaver.tools.WeavingAdaptor.weaveClass org.aspectj.weaver.loadtime.ClassLoaderWeavingAdaptor@10b090ac org/hibernate/hql/ast/tree/FromElementFactory, byte[16322]
3720 [main] DEBUG org.aspectj.weaver.tools.WeavingAdaptor  - 16:58:03.240 main &lt; org.aspectj.weaver.tools.WeavingAdaptor.weaveClass false
3720 [main] DEBUG org.aspectj.weaver.loadtime.Aj  - 16:58:03.240 main &lt; org.aspectj.weaver.loadtime.Aj.preProcess byte[16322]
3722 [main] DEBUG org.aspectj.weaver.loadtime.Aj  - 16:58:03.242 main &gt; org.aspectj.weaver.loadtime.Aj.preProcess org.aspectj.weaver.loadtime.Aj@58027738 org/hibernate/engine/JoinSequence, byte[8286], org.springframework.test.jpa.OrmXmlOverridingShadowingClassLoader@2bbf1be2
3722 [main] DEBUG org.aspectj.weaver.loadtime.Aj  - 16:58:03.242 main - org.aspectj.weaver.loadtime.Aj.preProcess org.aspectj.weaver.loadtime.Aj@58027738 sun.misc.Launcher$AppClassLoader@302b2c81, org.springframework.test.jpa.OrmXmlOverridingShadowingClassLoader@2bbf1be2
3722 [main] DEBUG org.aspectj.weaver.tools.WeavingAdaptor  - 16:58:03.242 main &gt; org.aspectj.weaver.tools.WeavingAdaptor.weaveClass org.aspectj.weaver.loadtime.ClassLoaderWeavingAdaptor@10b090ac org/hibernate/engine/JoinSequence, byte[8286]
3722 [main] DEBUG org.aspectj.weaver.tools.WeavingAdaptor  - 16:58:03.242 main &lt; org.aspectj.weaver.tools.WeavingAdaptor.weaveClass false
3722 [main] DEBUG org.aspectj.weaver.loadtime.Aj  - 16:58:03.242 main &lt; org.aspectj.weaver.loadtime.Aj.preProcess byte[8286]
3723 [main] DEBUG org.aspectj.weaver.loadtime.Aj  - 16:58:03.243 main &gt; org.aspectj.weaver.loadtime.Aj.preProcess org.aspectj.weaver.loadtime.Aj@58027738 org/hibernate/hql/ast/tree/FromElement, byte[16410], org.springframework.test.jpa.OrmXmlOverridingShadowingClassLoader@2bbf1be2
3723 [main] DEBUG org.aspectj.weaver.loadtime.Aj  - 16:58:03.243 main - org.aspectj.weaver.loadtime.Aj.preProcess org.aspectj.weaver.loadtime.Aj@58027738 sun.misc.Launcher$AppClassLoader@302b2c81, org.springframework.test.jpa.OrmXmlOverridingShadowingClassLoader@2bbf1be2
3723 [main] DEBUG org.aspectj.weaver.tools.WeavingAdaptor  - 16:58:03.243 main &gt; org.aspectj.weaver.tools.WeavingAdaptor.weaveClass org.aspectj.weaver.loadtime.ClassLoaderWeavingAdaptor@10b090ac org/hibernate/hql/ast/tree/FromElement, byte[16410]
3723 [main] DEBUG org.aspectj.weaver.tools.WeavingAdaptor  - 16:58:03.243 main &lt; org.aspectj.weaver.tools.WeavingAdaptor.weaveClass false
3723 [main] DEBUG org.aspectj.weaver.loadtime.Aj  - 16:58:03.243 main &lt; org.aspectj.weaver.loadtime.Aj.preProcess byte[16410]
3725 [main] DEBUG org.aspectj.weaver.loadtime.Aj  - 16:58:03.245 main &gt; org.aspectj.weaver.loadtime.Aj.preProcess org.aspectj.weaver.loadtime.Aj@58027738 org/hibernate/hql/ast/tree/FromElementType, byte[11605], org.springframework.test.jpa.OrmXmlOverridingShadowingClassLoader@2bbf1be2
3725 [main] DEBUG org.aspectj.weaver.loadtime.Aj  - 16:58:03.245 main - org.aspectj.weaver.loadtime.Aj.preProcess org.aspectj.weaver.loadtime.Aj@58027738 sun.misc.Launcher$AppClassLoader@302b2c81, org.springframework.test.jpa.OrmXmlOverridingShadowingClassLoader@2bbf1be2
3725 [main] DEBUG org.aspectj.weaver.tools.WeavingAdaptor  - 16:58:03.245 main &gt; org.aspectj.weaver.tools.WeavingAdaptor.weaveClass org.aspectj.weaver.loadtime.ClassLoaderWeavingAdaptor@10b090ac org/hibernate/hql/ast/tree/FromElementType, byte[11605]
3725 [main] DEBUG org.aspectj.weaver.tools.WeavingAdaptor  - 16:58:03.245 main &lt; org.aspectj.weaver.tools.WeavingAdaptor.weaveClass false
3725 [main] DEBUG org.aspectj.weaver.loadtime.Aj  - 16:58:03.245 main &lt; org.aspectj.weaver.loadtime.Aj.preProcess byte[11605]
3726 [main] DEBUG org.aspectj.weaver.loadtime.Aj  - 16:58:03.246 main &gt; org.aspectj.weaver.loadtime.Aj.preProcess org.aspectj.weaver.loadtime.Aj@58027738 org/hibernate/hql/ast/util/ASTUtil$CollectingNodeVisitor, byte[1644], org.springframework.test.jpa.OrmXmlOverridingShadowingClassLoader@2bbf1be2
3726 [main] DEBUG org.aspectj.weaver.loadtime.Aj  - 16:58:03.246 main - org.aspectj.weaver.loadtime.Aj.preProcess org.aspectj.weaver.loadtime.Aj@58027738 sun.misc.Launcher$AppClassLoader@302b2c81, org.springframework.test.jpa.OrmXmlOverridingShadowingClassLoader@2bbf1be2
3726 [main] DEBUG org.aspectj.weaver.tools.WeavingAdaptor  - 16:58:03.246 main &gt; org.aspectj.weaver.tools.WeavingAdaptor.weaveClass org.aspectj.weaver.loadtime.ClassLoaderWeavingAdaptor@10b090ac org/hibernate/hql/ast/util/ASTUtil$CollectingNodeVisitor, byte[1644]
3726 [main] DEBUG org.aspectj.weaver.tools.WeavingAdaptor  - 16:58:03.246 main &lt; org.aspectj.weaver.tools.WeavingAdaptor.weaveClass false
3726 [main] DEBUG org.aspectj.weaver.loadtime.Aj  - 16:58:03.246 main &lt; org.aspectj.weaver.loadtime.Aj.preProcess byte[1644]
3727 [main] DEBUG org.aspectj.weaver.loadtime.Aj  - 16:58:03.247 main &gt; org.aspectj.weaver.loadtime.Aj.preProcess org.aspectj.weaver.loadtime.Aj@58027738 org/hibernate/hql/ast/tree/CountNode, byte[1098], org.springframework.test.jpa.OrmXmlOverridingShadowingClassLoader@2bbf1be2
3727 [main] DEBUG org.aspectj.weaver.loadtime.Aj  - 16:58:03.247 main - org.aspectj.weaver.loadtime.Aj.preProcess org.aspectj.weaver.loadtime.Aj@58027738 sun.misc.Launcher$AppClassLoader@302b2c81, org.springframework.test.jpa.OrmXmlOverridingShadowingClassLoader@2bbf1be2
3727 [main] DEBUG org.aspectj.weaver.tools.WeavingAdaptor  - 16:58:03.247 main &gt; org.aspectj.weaver.tools.WeavingAdaptor.weaveClass org.aspectj.weaver.loadtime.ClassLoaderWeavingAdaptor@10b090ac org/hibernate/hql/ast/tree/CountNode, byte[1098]
3727 [main] DEBUG org.aspectj.weaver.tools.WeavingAdaptor  - 16:58:03.247 main &lt; org.aspectj.weaver.tools.WeavingAdaptor.weaveClass false
3727 [main] DEBUG org.aspectj.weaver.loadtime.Aj  - 16:58:03.247 main &lt; org.aspectj.weaver.loadtime.Aj.preProcess byte[1098]
3728 [main] DEBUG org.aspectj.weaver.loadtime.Aj  - 16:58:03.248 main &gt; org.aspectj.weaver.loadtime.Aj.preProcess org.aspectj.weaver.loadtime.Aj@58027738 org/hibernate/hql/ast/tree/SelectClause, byte[11233], org.springframework.test.jpa.OrmXmlOverridingShadowingClassLoader@2bbf1be2
3728 [main] DEBUG org.aspectj.weaver.loadtime.Aj  - 16:58:03.248 main - org.aspectj.weaver.loadtime.Aj.preProcess org.aspectj.weaver.loadtime.Aj@58027738 sun.misc.Launcher$AppClassLoader@302b2c81, org.springframework.test.jpa.OrmXmlOverridingShadowingClassLoader@2bbf1be2
3728 [main] DEBUG org.aspectj.weaver.tools.WeavingAdaptor  - 16:58:03.248 main &gt; org.aspectj.weaver.tools.WeavingAdaptor.weaveClass org.aspectj.weaver.loadtime.ClassLoaderWeavingAdaptor@10b090ac org/hibernate/hql/ast/tree/SelectClause, byte[11233]
3728 [main] DEBUG org.aspectj.weaver.tools.WeavingAdaptor  - 16:58:03.248 main &lt; org.aspectj.weaver.tools.WeavingAdaptor.weaveClass false
3728 [main] DEBUG org.aspectj.weaver.loadtime.Aj  - 16:58:03.248 main &lt; org.aspectj.weaver.loadtime.Aj.preProcess byte[11233]
3728 [main] DEBUG org.aspectj.weaver.loadtime.Aj  - 16:58:03.248 main &gt; org.aspectj.weaver.loadtime.Aj.preProcess org.aspectj.weaver.loadtime.Aj@58027738 org/hibernate/hql/ast/tree/SelectExpressionList, byte[2295], org.springframework.test.jpa.OrmXmlOverridingShadowingClassLoader@2bbf1be2
3728 [main] DEBUG org.aspectj.weaver.loadtime.Aj  - 16:58:03.248 main - org.aspectj.weaver.loadtime.Aj.preProcess org.aspectj.weaver.loadtime.Aj@58027738 sun.misc.Launcher$AppClassLoader@302b2c81, org.springframework.test.jpa.OrmXmlOverridingShadowingClassLoader@2bbf1be2
3729 [main] DEBUG org.aspectj.weaver.tools.WeavingAdaptor  - 16:58:03.249 main &gt; org.aspectj.weaver.tools.WeavingAdaptor.weaveClass org.aspectj.weaver.loadtime.ClassLoaderWeavingAdaptor@10b090ac org/hibernate/hql/ast/tree/SelectExpressionList, byte[2295]
3729 [main] DEBUG org.aspectj.weaver.tools.WeavingAdaptor  - 16:58:03.249 main &lt; org.aspectj.weaver.tools.WeavingAdaptor.weaveClass false
3729 [main] DEBUG org.aspectj.weaver.loadtime.Aj  - 16:58:03.249 main &lt; org.aspectj.weaver.loadtime.Aj.preProcess byte[2295]
3730 [main] DEBUG org.aspectj.weaver.loadtime.Aj  - 16:58:03.250 main &gt; org.aspectj.weaver.loadtime.Aj.preProcess org.aspectj.weaver.loadtime.Aj@58027738 org/hibernate/hql/ast/util/ASTAppender, byte[1367], org.springframework.test.jpa.OrmXmlOverridingShadowingClassLoader@2bbf1be2
3730 [main] DEBUG org.aspectj.weaver.loadtime.Aj  - 16:58:03.250 main - org.aspectj.weaver.loadtime.Aj.preProcess org.aspectj.weaver.loadtime.Aj@58027738 sun.misc.Launcher$AppClassLoader@302b2c81, org.springframework.test.jpa.OrmXmlOverridingShadowingClassLoader@2bbf1be2
3730 [main] DEBUG org.aspectj.weaver.tools.WeavingAdaptor  - 16:58:03.250 main &gt; org.aspectj.weaver.tools.WeavingAdaptor.weaveClass org.aspectj.weaver.loadtime.ClassLoaderWeavingAdaptor@10b090ac org/hibernate/hql/ast/util/ASTAppender, byte[1367]
3730 [main] DEBUG org.aspectj.weaver.tools.WeavingAdaptor  - 16:58:03.250 main &lt; org.aspectj.weaver.tools.WeavingAdaptor.weaveClass false
3730 [main] DEBUG org.aspectj.weaver.loadtime.Aj  - 16:58:03.250 main &lt; org.aspectj.weaver.loadtime.Aj.preProcess byte[1367]
3730 [main] DEBUG org.aspectj.weaver.loadtime.Aj  - 16:58:03.250 main &gt; org.aspectj.weaver.loadtime.Aj.preProcess org.aspectj.weaver.loadtime.Aj@58027738 org/hibernate/hql/ast/util/ColumnHelper, byte[1620], org.springframework.test.jpa.OrmXmlOverridingShadowingClassLoader@2bbf1be2
3730 [main] DEBUG org.aspectj.weaver.loadtime.Aj  - 16:58:03.250 main - org.aspectj.weaver.loadtime.Aj.preProcess org.aspectj.weaver.loadtime.Aj@58027738 sun.misc.Launcher$AppClassLoader@302b2c81, org.springframework.test.jpa.OrmXmlOverridingShadowingClassLoader@2bbf1be2
3730 [main] DEBUG org.aspectj.weaver.tools.WeavingAdaptor  - 16:58:03.250 main &gt; org.aspectj.weaver.tools.WeavingAdaptor.weaveClass org.aspectj.weaver.loadtime.ClassLoaderWeavingAdaptor@10b090ac org/hibernate/hql/ast/util/ColumnHelper, byte[1620]
3730 [main] DEBUG org.aspectj.weaver.tools.WeavingAdaptor  - 16:58:03.250 main &lt; org.aspectj.weaver.tools.WeavingAdaptor.weaveClass false
3730 [main] DEBUG org.aspectj.weaver.loadtime.Aj  - 16:58:03.250 main &lt; org.aspectj.weaver.loadtime.Aj.preProcess byte[1620]
3731 [main] DEBUG org.aspectj.weaver.loadtime.Aj  - 16:58:03.251 main &gt; org.aspectj.weaver.loadtime.Aj.preProcess org.aspectj.weaver.loadtime.Aj@58027738 org/hibernate/hql/NameGenerator, byte[1366], org.springframework.test.jpa.OrmXmlOverridingShadowingClassLoader@2bbf1be2
3731 [main] DEBUG org.aspectj.weaver.loadtime.Aj  - 16:58:03.251 main - org.aspectj.weaver.loadtime.Aj.preProcess org.aspectj.weaver.loadtime.Aj@58027738 sun.misc.Launcher$AppClassLoader@302b2c81, org.springframework.test.jpa.OrmXmlOverridingShadowingClassLoader@2bbf1be2
3731 [main] DEBUG org.aspectj.weaver.tools.WeavingAdaptor  - 16:58:03.251 main &gt; org.aspectj.weaver.tools.WeavingAdaptor.weaveClass org.aspectj.weaver.loadtime.ClassLoaderWeavingAdaptor@10b090ac org/hibernate/hql/NameGenerator, byte[1366]
3731 [main] DEBUG org.aspectj.weaver.tools.WeavingAdaptor  - 16:58:03.251 main &lt; org.aspectj.weaver.tools.WeavingAdaptor.weaveClass false
3731 [main] DEBUG org.aspectj.weaver.loadtime.Aj  - 16:58:03.251 main &lt; org.aspectj.weaver.loadtime.Aj.preProcess byte[1366]
3732 [main] DEBUG org.aspectj.weaver.loadtime.Aj  - 16:58:03.252 main &gt; org.aspectj.weaver.loadtime.Aj.preProcess org.aspectj.weaver.loadtime.Aj@58027738 org/hibernate/hql/ast/util/JoinProcessor, byte[6289], org.springframework.test.jpa.OrmXmlOverridingShadowingClassLoader@2bbf1be2
3732 [main] DEBUG org.aspectj.weaver.loadtime.Aj  - 16:58:03.252 main - org.aspectj.weaver.loadtime.Aj.preProcess org.aspectj.weaver.loadtime.Aj@58027738 sun.misc.Launcher$AppClassLoader@302b2c81, org.springframework.test.jpa.OrmXmlOverridingShadowingClassLoader@2bbf1be2
3732 [main] DEBUG org.aspectj.weaver.tools.WeavingAdaptor  - 16:58:03.252 main &gt; org.aspectj.weaver.tools.WeavingAdaptor.weaveClass org.aspectj.weaver.loadtime.ClassLoaderWeavingAdaptor@10b090ac org/hibernate/hql/ast/util/JoinProcessor, byte[6289]
3732 [main] DEBUG org.aspectj.weaver.tools.WeavingAdaptor  - 16:58:03.252 main &lt; org.aspectj.weaver.tools.WeavingAdaptor.weaveClass false
3732 [main] DEBUG org.aspectj.weaver.loadtime.Aj  - 16:58:03.252 main &lt; org.aspectj.weaver.loadtime.Aj.preProcess byte[6289]
3732 [main] DEBUG org.aspectj.weaver.loadtime.Aj  - 16:58:03.252 main &gt; org.aspectj.weaver.loadtime.Aj.preProcess org.aspectj.weaver.loadtime.Aj@58027738 org/hibernate/engine/JoinSequence$Selector, byte[268], org.springframework.test.jpa.OrmXmlOverridingShadowingClassLoader@2bbf1be2
3732 [main] DEBUG org.aspectj.weaver.loadtime.Aj  - 16:58:03.252 main - org.aspectj.weaver.loadtime.Aj.preProcess org.aspectj.weaver.loadtime.Aj@58027738 sun.misc.Launcher$AppClassLoader@302b2c81, org.springframework.test.jpa.OrmXmlOverridingShadowingClassLoader@2bbf1be2
3732 [main] DEBUG org.aspectj.weaver.tools.WeavingAdaptor  - 16:58:03.252 main &gt; org.aspectj.weaver.tools.WeavingAdaptor.weaveClass org.aspectj.weaver.loadtime.ClassLoaderWeavingAdaptor@10b090ac org/hibernate/engine/JoinSequence$Selector, byte[268]
3732 [main] DEBUG org.aspectj.weaver.tools.WeavingAdaptor  - 16:58:03.252 main &lt; org.aspectj.weaver.tools.WeavingAdaptor.weaveClass false
3733 [main] DEBUG org.aspectj.weaver.loadtime.Aj  - 16:58:03.252 main &lt; org.aspectj.weaver.loadtime.Aj.preProcess byte[268]
3733 [main] DEBUG org.aspectj.weaver.loadtime.Aj  - 16:58:03.253 main &gt; org.aspectj.weaver.loadtime.Aj.preProcess org.aspectj.weaver.loadtime.Aj@58027738 org/hibernate/hql/ast/util/SyntheticAndFactory, byte[5062], org.springframework.test.jpa.OrmXmlOverridingShadowingClassLoader@2bbf1be2
3733 [main] DEBUG org.aspectj.weaver.loadtime.Aj  - 16:58:03.253 main - org.aspectj.weaver.loadtime.Aj.preProcess org.aspectj.weaver.loadtime.Aj@58027738 sun.misc.Launcher$AppClassLoader@302b2c81, org.springframework.test.jpa.OrmXmlOverridingShadowingClassLoader@2bbf1be2
3733 [main] DEBUG org.aspectj.weaver.tools.WeavingAdaptor  - 16:58:03.253 main &gt; org.aspectj.weaver.tools.WeavingAdaptor.weaveClass org.aspectj.weaver.loadtime.ClassLoaderWeavingAdaptor@10b090ac org/hibernate/hql/ast/util/SyntheticAndFactory, byte[5062]
3733 [main] DEBUG org.aspectj.weaver.tools.WeavingAdaptor  - 16:58:03.253 main &lt; org.aspectj.weaver.tools.WeavingAdaptor.weaveClass false
3733 [main] DEBUG org.aspectj.weaver.loadtime.Aj  - 16:58:03.253 main &lt; org.aspectj.weaver.loadtime.Aj.preProcess byte[5062]
3734 [main] DEBUG org.aspectj.weaver.loadtime.Aj  - 16:58:03.254 main &gt; org.aspectj.weaver.loadtime.Aj.preProcess org.aspectj.weaver.loadtime.Aj@58027738 org/hibernate/sql/QueryJoinFragment, byte[3693], org.springframework.test.jpa.OrmXmlOverridingShadowingClassLoader@2bbf1be2
3734 [main] DEBUG org.aspectj.weaver.loadtime.Aj  - 16:58:03.254 main - org.aspectj.weaver.loadtime.Aj.preProcess org.aspectj.weaver.loadtime.Aj@58027738 sun.misc.Launcher$AppClassLoader@302b2c81, org.springframework.test.jpa.OrmXmlOverridingShadowingClassLoader@2bbf1be2
3734 [main] DEBUG org.aspectj.weaver.tools.WeavingAdaptor  - 16:58:03.254 main &gt; org.aspectj.weaver.tools.WeavingAdaptor.weaveClass org.aspectj.weaver.loadtime.ClassLoaderWeavingAdaptor@10b090ac org/hibernate/sql/QueryJoinFragment, byte[3693]
3734 [main] DEBUG org.aspectj.weaver.tools.WeavingAdaptor  - 16:58:03.254 main &lt; org.aspectj.weaver.tools.WeavingAdaptor.weaveClass false
3734 [main] DEBUG org.aspectj.weaver.loadtime.Aj  - 16:58:03.254 main &lt; org.aspectj.weaver.loadtime.Aj.preProcess byte[3693]
3735 [main] DEBUG org.aspectj.weaver.loadtime.Aj  - 16:58:03.255 main &gt; org.aspectj.weaver.loadtime.Aj.preProcess org.aspectj.weaver.loadtime.Aj@58027738 org/hibernate/hql/ast/util/JoinProcessor$1, byte[2074], org.springframework.test.jpa.OrmXmlOverridingShadowingClassLoader@2bbf1be2
3735 [main] DEBUG org.aspectj.weaver.loadtime.Aj  - 16:58:03.255 main - org.aspectj.weaver.loadtime.Aj.preProcess org.aspectj.weaver.loadtime.Aj@58027738 sun.misc.Launcher$AppClassLoader@302b2c81, org.springframework.test.jpa.OrmXmlOverridingShadowingClassLoader@2bbf1be2
3735 [main] DEBUG org.aspectj.weaver.tools.WeavingAdaptor  - 16:58:03.255 main &gt; org.aspectj.weaver.tools.WeavingAdaptor.weaveClass org.aspectj.weaver.loadtime.ClassLoaderWeavingAdaptor@10b090ac org/hibernate/hql/ast/util/JoinProcessor$1, byte[2074]
3735 [main] DEBUG org.aspectj.weaver.tools.WeavingAdaptor  - 16:58:03.255 main &lt; org.aspectj.weaver.tools.WeavingAdaptor.weaveClass false
3735 [main] DEBUG org.aspectj.weaver.loadtime.Aj  - 16:58:03.255 main &lt; org.aspectj.weaver.loadtime.Aj.preProcess byte[2074]
3736 [main] DEBUG org.aspectj.weaver.loadtime.Aj  - 16:58:03.256 main &gt; org.aspectj.weaver.loadtime.Aj.preProcess org.aspectj.weaver.loadtime.Aj@58027738 org/hibernate/hql/ast/SqlGenerator, byte[5266], org.springframework.test.jpa.OrmXmlOverridingShadowingClassLoader@2bbf1be2
3736 [main] DEBUG org.aspectj.weaver.loadtime.Aj  - 16:58:03.256 main - org.aspectj.weaver.loadtime.Aj.preProcess org.aspectj.weaver.loadtime.Aj@58027738 sun.misc.Launcher$AppClassLoader@302b2c81, org.springframework.test.jpa.OrmXmlOverridingShadowingClassLoader@2bbf1be2
3736 [main] DEBUG org.aspectj.weaver.tools.WeavingAdaptor  - 16:58:03.256 main &gt; org.aspectj.weaver.tools.WeavingAdaptor.weaveClass org.aspectj.weaver.loadtime.ClassLoaderWeavingAdaptor@10b090ac org/hibernate/hql/ast/SqlGenerator, byte[5266]
3736 [main] DEBUG org.aspectj.weaver.tools.WeavingAdaptor  - 16:58:03.256 main &lt; org.aspectj.weaver.tools.WeavingAdaptor.weaveClass false
3736 [main] DEBUG org.aspectj.weaver.loadtime.Aj  - 16:58:03.256 main &lt; org.aspectj.weaver.loadtime.Aj.preProcess byte[5266]
3736 [main] DEBUG org.aspectj.weaver.loadtime.Aj  - 16:58:03.256 main &gt; org.aspectj.weaver.loadtime.Aj.preProcess org.aspectj.weaver.loadtime.Aj@58027738 org/hibernate/hql/antlr/SqlGeneratorBase, byte[44754], org.springframework.test.jpa.OrmXmlOverridingShadowingClassLoader@2bbf1be2
3737 [main] DEBUG org.aspectj.weaver.loadtime.Aj  - 16:58:03.257 main - org.aspectj.weaver.loadtime.Aj.preProcess org.aspectj.weaver.loadtime.Aj@58027738 sun.misc.Launcher$AppClassLoader@302b2c81, org.springframework.test.jpa.OrmXmlOverridingShadowingClassLoader@2bbf1be2
3737 [main] DEBUG org.aspectj.weaver.tools.WeavingAdaptor  - 16:58:03.257 main &gt; org.aspectj.weaver.tools.WeavingAdaptor.weaveClass org.aspectj.weaver.loadtime.ClassLoaderWeavingAdaptor@10b090ac org/hibernate/hql/antlr/SqlGeneratorBase, byte[44754]
3737 [main] DEBUG org.aspectj.weaver.tools.WeavingAdaptor  - 16:58:03.257 main &lt; org.aspectj.weaver.tools.WeavingAdaptor.weaveClass false
3737 [main] DEBUG org.aspectj.weaver.loadtime.Aj  - 16:58:03.257 main &lt; org.aspectj.weaver.loadtime.Aj.preProcess byte[44754]
3740 [main] DEBUG org.aspectj.weaver.loadtime.Aj  - 16:58:03.260 main &gt; org.aspectj.weaver.loadtime.Aj.preProcess org.aspectj.weaver.loadtime.Aj@58027738 org/hibernate/hql/ast/SqlGenerator$SqlWriter, byte[294], org.springframework.test.jpa.OrmXmlOverridingShadowingClassLoader@2bbf1be2
3740 [main] DEBUG org.aspectj.weaver.loadtime.Aj  - 16:58:03.260 main - org.aspectj.weaver.loadtime.Aj.preProcess org.aspectj.weaver.loadtime.Aj@58027738 sun.misc.Launcher$AppClassLoader@302b2c81, org.springframework.test.jpa.OrmXmlOverridingShadowingClassLoader@2bbf1be2
3740 [main] DEBUG org.aspectj.weaver.tools.WeavingAdaptor  - 16:58:03.260 main &gt; org.aspectj.weaver.tools.WeavingAdaptor.weaveClass org.aspectj.weaver.loadtime.ClassLoaderWeavingAdaptor@10b090ac org/hibernate/hql/ast/SqlGenerator$SqlWriter, byte[294]
3740 [main] DEBUG org.aspectj.weaver.tools.WeavingAdaptor  - 16:58:03.260 main &lt; org.aspectj.weaver.tools.WeavingAdaptor.weaveClass false
3740 [main] DEBUG org.aspectj.weaver.loadtime.Aj  - 16:58:03.260 main &lt; org.aspectj.weaver.loadtime.Aj.preProcess byte[294]
3740 [main] DEBUG org.aspectj.weaver.loadtime.Aj  - 16:58:03.260 main &gt; org.aspectj.weaver.loadtime.Aj.preProcess org.aspectj.weaver.loadtime.Aj@58027738 org/hibernate/hql/ast/SqlGenerator$DefaultWriter, byte[1081], org.springframework.test.jpa.OrmXmlOverridingShadowingClassLoader@2bbf1be2
3740 [main] DEBUG org.aspectj.weaver.loadtime.Aj  - 16:58:03.260 main - org.aspectj.weaver.loadtime.Aj.preProcess org.aspectj.weaver.loadtime.Aj@58027738 sun.misc.Launcher$AppClassLoader@302b2c81, org.springframework.test.jpa.OrmXmlOverridingShadowingClassLoader@2bbf1be2
3740 [main] DEBUG org.aspectj.weaver.tools.WeavingAdaptor  - 16:58:03.260 main &gt; org.aspectj.weaver.tools.WeavingAdaptor.weaveClass org.aspectj.weaver.loadtime.ClassLoaderWeavingAdaptor@10b090ac org/hibernate/hql/ast/SqlGenerator$DefaultWriter, byte[1081]
3740 [main] DEBUG org.aspectj.weaver.tools.WeavingAdaptor  - 16:58:03.260 main &lt; org.aspectj.weaver.tools.WeavingAdaptor.weaveClass false
3740 [main] DEBUG org.aspectj.weaver.loadtime.Aj  - 16:58:03.260 main &lt; org.aspectj.weaver.loadtime.Aj.preProcess byte[1081]
3741 [main] DEBUG org.aspectj.weaver.loadtime.Aj  - 16:58:03.261 main &gt; org.aspectj.weaver.loadtime.Aj.preProcess org.aspectj.weaver.loadtime.Aj@58027738 org/hibernate/loader/hql/QueryLoader, byte[16951], org.springframework.test.jpa.OrmXmlOverridingShadowingClassLoader@2bbf1be2
3741 [main] DEBUG org.aspectj.weaver.loadtime.Aj  - 16:58:03.261 main - org.aspectj.weaver.loadtime.Aj.preProcess org.aspectj.weaver.loadtime.Aj@58027738 sun.misc.Launcher$AppClassLoader@302b2c81, org.springframework.test.jpa.OrmXmlOverridingShadowingClassLoader@2bbf1be2
3741 [main] DEBUG org.aspectj.weaver.tools.WeavingAdaptor  - 16:58:03.261 main &gt; org.aspectj.weaver.tools.WeavingAdaptor.weaveClass org.aspectj.weaver.loadtime.ClassLoaderWeavingAdaptor@10b090ac org/hibernate/loader/hql/QueryLoader, byte[16951]
3741 [main] DEBUG org.aspectj.weaver.tools.WeavingAdaptor  - 16:58:03.261 main &lt; org.aspectj.weaver.tools.WeavingAdaptor.weaveClass false
3741 [main] DEBUG org.aspectj.weaver.loadtime.Aj  - 16:58:03.261 main &lt; org.aspectj.weaver.loadtime.Aj.preProcess byte[16951]
3742 [main] DEBUG org.aspectj.weaver.loadtime.Aj  - 16:58:03.262 main &gt; org.aspectj.weaver.loadtime.Aj.preProcess org.aspectj.weaver.loadtime.Aj@58027738 org/hibernate/hql/HolderInstantiator, byte[2429], org.springframework.test.jpa.OrmXmlOverridingShadowingClassLoader@2bbf1be2
3742 [main] DEBUG org.aspectj.weaver.loadtime.Aj  - 16:58:03.262 main - org.aspectj.weaver.loadtime.Aj.preProcess org.aspectj.weaver.loadtime.Aj@58027738 sun.misc.Launcher$AppClassLoader@302b2c81, org.springframework.test.jpa.OrmXmlOverridingShadowingClassLoader@2bbf1be2
3742 [main] DEBUG org.aspectj.weaver.tools.WeavingAdaptor  - 16:58:03.262 main &gt; org.aspectj.weaver.tools.WeavingAdaptor.weaveClass org.aspectj.weaver.loadtime.ClassLoaderWeavingAdaptor@10b090ac org/hibernate/hql/HolderInstantiator, byte[2429]
3742 [main] DEBUG org.aspectj.weaver.tools.WeavingAdaptor  - 16:58:03.262 main &lt; org.aspectj.weaver.tools.WeavingAdaptor.weaveClass false
3742 [main] DEBUG org.aspectj.weaver.loadtime.Aj  - 16:58:03.262 main &lt; org.aspectj.weaver.loadtime.Aj.preProcess byte[2429]
3743 [main] DEBUG org.aspectj.weaver.loadtime.Aj  - 16:58:03.263 main &gt; org.aspectj.weaver.loadtime.Aj.preProcess org.aspectj.weaver.loadtime.Aj@58027738 org/hibernate/transform/ResultTransformer, byte[314], org.springframework.test.jpa.OrmXmlOverridingShadowingClassLoader@2bbf1be2
3743 [main] DEBUG org.aspectj.weaver.loadtime.Aj  - 16:58:03.263 main - org.aspectj.weaver.loadtime.Aj.preProcess org.aspectj.weaver.loadtime.Aj@58027738 sun.misc.Launcher$AppClassLoader@302b2c81, org.springframework.test.jpa.OrmXmlOverridingShadowingClassLoader@2bbf1be2
3743 [main] DEBUG org.aspectj.weaver.tools.WeavingAdaptor  - 16:58:03.263 main &gt; org.aspectj.weaver.tools.WeavingAdaptor.weaveClass org.aspectj.weaver.loadtime.ClassLoaderWeavingAdaptor@10b090ac org/hibernate/transform/ResultTransformer, byte[314]
3743 [main] DEBUG org.aspectj.weaver.tools.WeavingAdaptor  - 16:58:03.263 main &lt; org.aspectj.weaver.tools.WeavingAdaptor.weaveClass false
3743 [main] DEBUG org.aspectj.weaver.loadtime.Aj  - 16:58:03.263 main &lt; org.aspectj.weaver.loadtime.Aj.preProcess byte[314]
3743 [main] DEBUG org.aspectj.weaver.loadtime.Aj  - 16:58:03.263 main &gt; org.aspectj.weaver.loadtime.Aj.preProcess org.aspectj.weaver.loadtime.Aj@58027738 org/hibernate/hql/ast/ParameterTranslationsImpl, byte[5331], org.springframework.test.jpa.OrmXmlOverridingShadowingClassLoader@2bbf1be2
3743 [main] DEBUG org.aspectj.weaver.loadtime.Aj  - 16:58:03.263 main - org.aspectj.weaver.loadtime.Aj.preProcess org.aspectj.weaver.loadtime.Aj@58027738 sun.misc.Launcher$AppClassLoader@302b2c81, org.springframework.test.jpa.OrmXmlOverridingShadowingClassLoader@2bbf1be2
3743 [main] DEBUG org.aspectj.weaver.tools.WeavingAdaptor  - 16:58:03.263 main &gt; org.aspectj.weaver.tools.WeavingAdaptor.weaveClass org.aspectj.weaver.loadtime.ClassLoaderWeavingAdaptor@10b090ac org/hibernate/hql/ast/ParameterTranslationsImpl, byte[5331]
3743 [main] DEBUG org.aspectj.weaver.tools.WeavingAdaptor  - 16:58:03.263 main &lt; org.aspectj.weaver.tools.WeavingAdaptor.weaveClass false
3743 [main] DEBUG org.aspectj.weaver.loadtime.Aj  - 16:58:03.263 main &lt; org.aspectj.weaver.loadtime.Aj.preProcess byte[5331]
3744 [main] DEBUG org.aspectj.weaver.loadtime.Aj  - 16:58:03.264 main &gt; org.aspectj.weaver.loadtime.Aj.preProcess org.aspectj.weaver.loadtime.Aj@58027738 org/hibernate/hql/ast/ParameterTranslationsImpl$ParameterInfo, byte[1043], org.springframework.test.jpa.OrmXmlOverridingShadowingClassLoader@2bbf1be2
3744 [main] DEBUG org.aspectj.weaver.loadtime.Aj  - 16:58:03.264 main - org.aspectj.weaver.loadtime.Aj.preProcess org.aspectj.weaver.loadtime.Aj@58027738 sun.misc.Launcher$AppClassLoader@302b2c81, org.springframework.test.jpa.OrmXmlOverridingShadowingClassLoader@2bbf1be2
3744 [main] DEBUG org.aspectj.weaver.tools.WeavingAdaptor  - 16:58:03.264 main &gt; org.aspectj.weaver.tools.WeavingAdaptor.weaveClass org.aspectj.weaver.loadtime.ClassLoaderWeavingAdaptor@10b090ac org/hibernate/hql/ast/ParameterTranslationsImpl$ParameterInfo, byte[1043]
3744 [main] DEBUG org.aspectj.weaver.tools.WeavingAdaptor  - 16:58:03.264 main &lt; org.aspectj.weaver.tools.WeavingAdaptor.weaveClass false
3744 [main] DEBUG org.aspectj.weaver.loadtime.Aj  - 16:58:03.264 main &lt; org.aspectj.weaver.loadtime.Aj.preProcess byte[1043]
3745 [main] DEBUG org.aspectj.weaver.loadtime.Aj  - 16:58:03.265 main &gt; org.aspectj.weaver.loadtime.Aj.preProcess org.aspectj.weaver.loadtime.Aj@58027738 org/hibernate/engine/query/ParamLocationRecognizer, byte[2722], org.springframework.test.jpa.OrmXmlOverridingShadowingClassLoader@2bbf1be2
3745 [main] DEBUG org.aspectj.weaver.loadtime.Aj  - 16:58:03.265 main - org.aspectj.weaver.loadtime.Aj.preProcess org.aspectj.weaver.loadtime.Aj@58027738 sun.misc.Launcher$AppClassLoader@302b2c81, org.springframework.test.jpa.OrmXmlOverridingShadowingClassLoader@2bbf1be2
3745 [main] DEBUG org.aspectj.weaver.tools.WeavingAdaptor  - 16:58:03.265 main &gt; org.aspectj.weaver.tools.WeavingAdaptor.weaveClass org.aspectj.weaver.loadtime.ClassLoaderWeavingAdaptor@10b090ac org/hibernate/engine/query/ParamLocationRecognizer, byte[2722]
3745 [main] DEBUG org.aspectj.weaver.tools.WeavingAdaptor  - 16:58:03.265 main &lt; org.aspectj.weaver.tools.WeavingAdaptor.weaveClass false
3745 [main] DEBUG org.aspectj.weaver.loadtime.Aj  - 16:58:03.265 main &lt; org.aspectj.weaver.loadtime.Aj.preProcess byte[2722]
3745 [main] DEBUG org.aspectj.weaver.loadtime.Aj  - 16:58:03.265 main &gt; org.aspectj.weaver.loadtime.Aj.preProcess org.aspectj.weaver.loadtime.Aj@58027738 org/hibernate/engine/query/ParameterParser$Recognizer, byte[404], org.springframework.test.jpa.OrmXmlOverridingShadowingClassLoader@2bbf1be2
3745 [main] DEBUG org.aspectj.weaver.loadtime.Aj  - 16:58:03.265 main - org.aspectj.weaver.loadtime.Aj.preProcess org.aspectj.weaver.loadtime.Aj@58027738 sun.misc.Launcher$AppClassLoader@302b2c81, org.springframework.test.jpa.OrmXmlOverridingShadowingClassLoader@2bbf1be2
3745 [main] DEBUG org.aspectj.weaver.tools.WeavingAdaptor  - 16:58:03.265 main &gt; org.aspectj.weaver.tools.WeavingAdaptor.weaveClass org.aspectj.weaver.loadtime.ClassLoaderWeavingAdaptor@10b090ac org/hibernate/engine/query/ParameterParser$Recognizer, byte[404]
3745 [main] DEBUG org.aspectj.weaver.tools.WeavingAdaptor  - 16:58:03.265 main &lt; org.aspectj.weaver.tools.WeavingAdaptor.weaveClass false
3745 [main] DEBUG org.aspectj.weaver.loadtime.Aj  - 16:58:03.265 main &lt; org.aspectj.weaver.loadtime.Aj.preProcess byte[404]
3746 [main] DEBUG org.aspectj.weaver.loadtime.Aj  - 16:58:03.266 main &gt; org.aspectj.weaver.loadtime.Aj.preProcess org.aspectj.weaver.loadtime.Aj@58027738 org/hibernate/engine/query/ParameterParser, byte[2560], org.springframework.test.jpa.OrmXmlOverridingShadowingClassLoader@2bbf1be2
3746 [main] DEBUG org.aspectj.weaver.loadtime.Aj  - 16:58:03.266 main - org.aspectj.weaver.loadtime.Aj.preProcess org.aspectj.weaver.loadtime.Aj@58027738 sun.misc.Launcher$AppClassLoader@302b2c81, org.springframework.test.jpa.OrmXmlOverridingShadowingClassLoader@2bbf1be2
3746 [main] DEBUG org.aspectj.weaver.tools.WeavingAdaptor  - 16:58:03.266 main &gt; org.aspectj.weaver.tools.WeavingAdaptor.weaveClass org.aspectj.weaver.loadtime.ClassLoaderWeavingAdaptor@10b090ac org/hibernate/engine/query/ParameterParser, byte[2560]
3746 [main] DEBUG org.aspectj.weaver.tools.WeavingAdaptor  - 16:58:03.266 main &lt; org.aspectj.weaver.tools.WeavingAdaptor.weaveClass false
3746 [main] DEBUG org.aspectj.weaver.loadtime.Aj  - 16:58:03.266 main &lt; org.aspectj.weaver.loadtime.Aj.preProcess byte[2560]
3746 [main] DEBUG org.aspectj.weaver.loadtime.Aj  - 16:58:03.266 main &gt; org.aspectj.weaver.loadtime.Aj.preProcess org.aspectj.weaver.loadtime.Aj@58027738 org/hibernate/engine/query/OrdinalParameterDescriptor, byte[893], org.springframework.test.jpa.OrmXmlOverridingShadowingClassLoader@2bbf1be2
3746 [main] DEBUG org.aspectj.weaver.loadtime.Aj  - 16:58:03.266 main - org.aspectj.weaver.loadtime.Aj.preProcess org.aspectj.weaver.loadtime.Aj@58027738 sun.misc.Launcher$AppClassLoader@302b2c81, org.springframework.test.jpa.OrmXmlOverridingShadowingClassLoader@2bbf1be2
3746 [main] DEBUG org.aspectj.weaver.tools.WeavingAdaptor  - 16:58:03.266 main &gt; org.aspectj.weaver.tools.WeavingAdaptor.weaveClass org.aspectj.weaver.loadtime.ClassLoaderWeavingAdaptor@10b090ac org/hibernate/engine/query/OrdinalParameterDescriptor, byte[893]
3746 [main] DEBUG org.aspectj.weaver.tools.WeavingAdaptor  - 16:58:03.266 main &lt; org.aspectj.weaver.tools.WeavingAdaptor.weaveClass false
3747 [main] DEBUG org.aspectj.weaver.loadtime.Aj  - 16:58:03.267 main &lt; org.aspectj.weaver.loadtime.Aj.preProcess byte[893]
3747 [main] DEBUG org.aspectj.weaver.loadtime.Aj  - 16:58:03.267 main &gt; org.aspectj.weaver.loadtime.Aj.preProcess org.aspectj.weaver.loadtime.Aj@58027738 org/hibernate/engine/query/ParameterMetadata, byte[3216], org.springframework.test.jpa.OrmXmlOverridingShadowingClassLoader@2bbf1be2
3747 [main] DEBUG org.aspectj.weaver.loadtime.Aj  - 16:58:03.267 main - org.aspectj.weaver.loadtime.Aj.preProcess org.aspectj.weaver.loadtime.Aj@58027738 sun.misc.Launcher$AppClassLoader@302b2c81, org.springframework.test.jpa.OrmXmlOverridingShadowingClassLoader@2bbf1be2
3747 [main] DEBUG org.aspectj.weaver.tools.WeavingAdaptor  - 16:58:03.267 main &gt; org.aspectj.weaver.tools.WeavingAdaptor.weaveClass org.aspectj.weaver.loadtime.ClassLoaderWeavingAdaptor@10b090ac org/hibernate/engine/query/ParameterMetadata, byte[3216]
3747 [main] DEBUG org.aspectj.weaver.tools.WeavingAdaptor  - 16:58:03.267 main &lt; org.aspectj.weaver.tools.WeavingAdaptor.weaveClass false
3747 [main] DEBUG org.aspectj.weaver.loadtime.Aj  - 16:58:03.267 main &lt; org.aspectj.weaver.loadtime.Aj.preProcess byte[3216]
3748 [main] DEBUG org.aspectj.weaver.loadtime.Aj  - 16:58:03.268 main &gt; org.aspectj.weaver.loadtime.Aj.preProcess org.aspectj.weaver.loadtime.Aj@58027738 org/hibernate/QueryParameterException, byte[858], org.springframework.test.jpa.OrmXmlOverridingShadowingClassLoader@2bbf1be2
3748 [main] DEBUG org.aspectj.weaver.loadtime.Aj  - 16:58:03.268 main - org.aspectj.weaver.loadtime.Aj.preProcess org.aspectj.weaver.loadtime.Aj@58027738 sun.misc.Launcher$AppClassLoader@302b2c81, org.springframework.test.jpa.OrmXmlOverridingShadowingClassLoader@2bbf1be2
3748 [main] DEBUG org.aspectj.weaver.tools.WeavingAdaptor  - 16:58:03.268 main &gt; org.aspectj.weaver.tools.WeavingAdaptor.weaveClass org.aspectj.weaver.loadtime.ClassLoaderWeavingAdaptor@10b090ac org/hibernate/QueryParameterException, byte[858]
3748 [main] DEBUG org.aspectj.weaver.tools.WeavingAdaptor  - 16:58:03.268 main &lt; org.aspectj.weaver.tools.WeavingAdaptor.weaveClass false
3748 [main] DEBUG org.aspectj.weaver.loadtime.Aj  - 16:58:03.268 main &lt; org.aspectj.weaver.loadtime.Aj.preProcess byte[858]
3748 [main] DEBUG org.aspectj.weaver.loadtime.Aj  - 16:58:03.268 main &gt; org.aspectj.weaver.loadtime.Aj.preProcess org.aspectj.weaver.loadtime.Aj@58027738 org/hibernate/engine/query/ReturnMetadata, byte[772], org.springframework.test.jpa.OrmXmlOverridingShadowingClassLoader@2bbf1be2
3748 [main] DEBUG org.aspectj.weaver.loadtime.Aj  - 16:58:03.268 main - org.aspectj.weaver.loadtime.Aj.preProcess org.aspectj.weaver.loadtime.Aj@58027738 sun.misc.Launcher$AppClassLoader@302b2c81, org.springframework.test.jpa.OrmXmlOverridingShadowingClassLoader@2bbf1be2
3749 [main] DEBUG org.aspectj.weaver.tools.WeavingAdaptor  - 16:58:03.268 main &gt; org.aspectj.weaver.tools.WeavingAdaptor.weaveClass org.aspectj.weaver.loadtime.ClassLoaderWeavingAdaptor@10b090ac org/hibernate/engine/query/ReturnMetadata, byte[772]
3749 [main] DEBUG org.aspectj.weaver.tools.WeavingAdaptor  - 16:58:03.269 main &lt; org.aspectj.weaver.tools.WeavingAdaptor.weaveClass false
3749 [main] DEBUG org.aspectj.weaver.loadtime.Aj  - 16:58:03.269 main &lt; org.aspectj.weaver.loadtime.Aj.preProcess byte[772]
3749 [main] DEBUG org.aspectj.weaver.loadtime.Aj  - 16:58:03.269 main &gt; org.aspectj.weaver.loadtime.Aj.preProcess org.aspectj.weaver.loadtime.Aj@58027738 org/apache/commons/collections/ReferenceMap$SoftRef, byte[757], org.springframework.test.jpa.OrmXmlOverridingShadowingClassLoader@2bbf1be2
3749 [main] DEBUG org.aspectj.weaver.loadtime.Aj  - 16:58:03.269 main - org.aspectj.weaver.loadtime.Aj.preProcess org.aspectj.weaver.loadtime.Aj@58027738 sun.misc.Launcher$AppClassLoader@302b2c81, org.springframework.test.jpa.OrmXmlOverridingShadowingClassLoader@2bbf1be2
3749 [main] DEBUG org.aspectj.weaver.tools.WeavingAdaptor  - 16:58:03.269 main &gt; org.aspectj.weaver.tools.WeavingAdaptor.weaveClass org.aspectj.weaver.loadtime.ClassLoaderWeavingAdaptor@10b090ac org/apache/commons/collections/ReferenceMap$SoftRef, byte[757]
3749 [main] DEBUG org.aspectj.weaver.tools.WeavingAdaptor  - 16:58:03.269 main &lt; org.aspectj.weaver.tools.WeavingAdaptor.weaveClass false
3749 [main] DEBUG org.aspectj.weaver.loadtime.Aj  - 16:58:03.269 main &lt; org.aspectj.weaver.loadtime.Aj.preProcess byte[757]
3752 [main] DEBUG org.aspectj.weaver.loadtime.Aj  - 16:58:03.272 main &gt; org.aspectj.weaver.loadtime.Aj.preProcess org.aspectj.weaver.loadtime.Aj@58027738 org/hibernate/hql/ast/tree/BinaryLogicOperatorNode, byte[6460], org.springframework.test.jpa.OrmXmlOverridingShadowingClassLoader@2bbf1be2
3752 [main] DEBUG org.aspectj.weaver.loadtime.Aj  - 16:58:03.272 main - org.aspectj.weaver.loadtime.Aj.preProcess org.aspectj.weaver.loadtime.Aj@58027738 sun.misc.Launcher$AppClassLoader@302b2c81, org.springframework.test.jpa.OrmXmlOverridingShadowingClassLoader@2bbf1be2
3752 [main] DEBUG org.aspectj.weaver.tools.WeavingAdaptor  - 16:58:03.272 main &gt; org.aspectj.weaver.tools.WeavingAdaptor.weaveClass org.aspectj.weaver.loadtime.ClassLoaderWeavingAdaptor@10b090ac org/hibernate/hql/ast/tree/BinaryLogicOperatorNode, byte[6460]
3752 [main] DEBUG org.aspectj.weaver.tools.WeavingAdaptor  - 16:58:03.272 main &lt; org.aspectj.weaver.tools.WeavingAdaptor.weaveClass false
3752 [main] DEBUG org.aspectj.weaver.loadtime.Aj  - 16:58:03.272 main &lt; org.aspectj.weaver.loadtime.Aj.preProcess byte[6460]
3752 [main] DEBUG org.aspectj.weaver.loadtime.Aj  - 16:58:03.272 main &gt; org.aspectj.weaver.loadtime.Aj.preProcess org.aspectj.weaver.loadtime.Aj@58027738 org/hibernate/hql/ast/tree/BinaryOperatorNode, byte[288], org.springframework.test.jpa.OrmXmlOverridingShadowingClassLoader@2bbf1be2
3752 [main] DEBUG org.aspectj.weaver.loadtime.Aj  - 16:58:03.272 main - org.aspectj.weaver.loadtime.Aj.preProcess org.aspectj.weaver.loadtime.Aj@58027738 sun.misc.Launcher$AppClassLoader@302b2c81, org.springframework.test.jpa.OrmXmlOverridingShadowingClassLoader@2bbf1be2
3752 [main] DEBUG org.aspectj.weaver.tools.WeavingAdaptor  - 16:58:03.272 main &gt; org.aspectj.weaver.tools.WeavingAdaptor.weaveClass org.aspectj.weaver.loadtime.ClassLoaderWeavingAdaptor@10b090ac org/hibernate/hql/ast/tree/BinaryOperatorNode, byte[288]
3752 [main] DEBUG org.aspectj.weaver.tools.WeavingAdaptor  - 16:58:03.272 main &lt; org.aspectj.weaver.tools.WeavingAdaptor.weaveClass false
3752 [main] DEBUG org.aspectj.weaver.loadtime.Aj  - 16:58:03.272 main &lt; org.aspectj.weaver.loadtime.Aj.preProcess byte[288]
3753 [main] DEBUG org.aspectj.weaver.loadtime.Aj  - 16:58:03.273 main &gt; org.aspectj.weaver.loadtime.Aj.preProcess org.aspectj.weaver.loadtime.Aj@58027738 org/hibernate/hql/ast/tree/OperatorNode, byte[263], org.springframework.test.jpa.OrmXmlOverridingShadowingClassLoader@2bbf1be2
3753 [main] DEBUG org.aspectj.weaver.loadtime.Aj  - 16:58:03.273 main - org.aspectj.weaver.loadtime.Aj.preProcess org.aspectj.weaver.loadtime.Aj@58027738 sun.misc.Launcher$AppClassLoader@302b2c81, org.springframework.test.jpa.OrmXmlOverridingShadowingClassLoader@2bbf1be2
3753 [main] DEBUG org.aspectj.weaver.tools.WeavingAdaptor  - 16:58:03.273 main &gt; org.aspectj.weaver.tools.WeavingAdaptor.weaveClass org.aspectj.weaver.loadtime.ClassLoaderWeavingAdaptor@10b090ac org/hibernate/hql/ast/tree/OperatorNode, byte[263]
3753 [main] DEBUG org.aspectj.weaver.tools.WeavingAdaptor  - 16:58:03.273 main &lt; org.aspectj.weaver.tools.WeavingAdaptor.weaveClass false
3753 [main] DEBUG org.aspectj.weaver.loadtime.Aj  - 16:58:03.273 main &lt; org.aspectj.weaver.loadtime.Aj.preProcess byte[263]
3754 [main] DEBUG org.aspectj.weaver.loadtime.Aj  - 16:58:03.274 main &gt; org.aspectj.weaver.loadtime.Aj.preProcess org.aspectj.weaver.loadtime.Aj@58027738 org/hibernate/hql/ast/tree/IndexNode, byte[7023], org.springframework.test.jpa.OrmXmlOverridingShadowingClassLoader@2bbf1be2
3754 [main] DEBUG org.aspectj.weaver.loadtime.Aj  - 16:58:03.274 main - org.aspectj.weaver.loadtime.Aj.preProcess org.aspectj.weaver.loadtime.Aj@58027738 sun.misc.Launcher$AppClassLoader@302b2c81, org.springframework.test.jpa.OrmXmlOverridingShadowingClassLoader@2bbf1be2
3754 [main] DEBUG org.aspectj.weaver.tools.WeavingAdaptor  - 16:58:03.274 main &gt; org.aspectj.weaver.tools.WeavingAdaptor.weaveClass org.aspectj.weaver.loadtime.ClassLoaderWeavingAdaptor@10b090ac org/hibernate/hql/ast/tree/IndexNode, byte[7023]
3754 [main] DEBUG org.aspectj.weaver.tools.WeavingAdaptor  - 16:58:03.274 main &lt; org.aspectj.weaver.tools.WeavingAdaptor.weaveClass false
3754 [main] DEBUG org.aspectj.weaver.loadtime.Aj  - 16:58:03.274 main &lt; org.aspectj.weaver.loadtime.Aj.preProcess byte[7023]
3755 [main] DEBUG org.aspectj.weaver.loadtime.Aj  - 16:58:03.275 main &gt; org.aspectj.weaver.loadtime.Aj.preProcess org.aspectj.weaver.loadtime.Aj@58027738 org/hibernate/persister/entity/Queryable$Declarer, byte[839], org.springframework.test.jpa.OrmXmlOverridingShadowingClassLoader@2bbf1be2
3755 [main] DEBUG org.aspectj.weaver.loadtime.Aj  - 16:58:03.275 main - org.aspectj.weaver.loadtime.Aj.preProcess org.aspectj.weaver.loadtime.Aj@58027738 sun.misc.Launcher$AppClassLoader@302b2c81, org.springframework.test.jpa.OrmXmlOverridingShadowingClassLoader@2bbf1be2
3755 [main] DEBUG org.aspectj.weaver.tools.WeavingAdaptor  - 16:58:03.275 main &gt; org.aspectj.weaver.tools.WeavingAdaptor.weaveClass org.aspectj.weaver.loadtime.ClassLoaderWeavingAdaptor@10b090ac org/hibernate/persister/entity/Queryable$Declarer, byte[839]
3755 [main] DEBUG org.aspectj.weaver.tools.WeavingAdaptor  - 16:58:03.275 main &lt; org.aspectj.weaver.tools.WeavingAdaptor.weaveClass false
3755 [main] DEBUG org.aspectj.weaver.loadtime.Aj  - 16:58:03.275 main &lt; org.aspectj.weaver.loadtime.Aj.preProcess byte[839]
3755 [main] DEBUG org.aspectj.weaver.loadtime.Aj  - 16:58:03.275 main &gt; org.aspectj.weaver.loadtime.Aj.preProcess org.aspectj.weaver.loadtime.Aj@58027738 org/hibernate/hql/CollectionProperties, byte[1524], org.springframework.test.jpa.OrmXmlOverridingShadowingClassLoader@2bbf1be2
3756 [main] DEBUG org.aspectj.weaver.loadtime.Aj  - 16:58:03.276 main - org.aspectj.weaver.loadtime.Aj.preProcess org.aspectj.weaver.loadtime.Aj@58027738 sun.misc.Launcher$AppClassLoader@302b2c81, org.springframework.test.jpa.OrmXmlOverridingShadowingClassLoader@2bbf1be2
3756 [main] DEBUG org.aspectj.weaver.tools.WeavingAdaptor  - 16:58:03.276 main &gt; org.aspectj.weaver.tools.WeavingAdaptor.weaveClass org.aspectj.weaver.loadtime.ClassLoaderWeavingAdaptor@10b090ac org/hibernate/hql/CollectionProperties, byte[1524]
3756 [main] DEBUG org.aspectj.weaver.tools.WeavingAdaptor  - 16:58:03.276 main &lt; org.aspectj.weaver.tools.WeavingAdaptor.weaveClass false
3756 [main] DEBUG org.aspectj.weaver.loadtime.Aj  - 16:58:03.276 main &lt; org.aspectj.weaver.loadtime.Aj.preProcess byte[1524]
3756 [main] DEBUG org.aspectj.weaver.loadtime.Aj  - 16:58:03.276 main &gt; org.aspectj.weaver.loadtime.Aj.preProcess org.aspectj.weaver.loadtime.Aj@58027738 org/hibernate/hql/ast/tree/ParameterNode, byte[2105], org.springframework.test.jpa.OrmXmlOverridingShadowingClassLoader@2bbf1be2
3756 [main] DEBUG org.aspectj.weaver.loadtime.Aj  - 16:58:03.276 main - org.aspectj.weaver.loadtime.Aj.preProcess org.aspectj.weaver.loadtime.Aj@58027738 sun.misc.Launcher$AppClassLoader@302b2c81, org.springframework.test.jpa.OrmXmlOverridingShadowingClassLoader@2bbf1be2
3756 [main] DEBUG org.aspectj.weaver.tools.WeavingAdaptor  - 16:58:03.276 main &gt; org.aspectj.weaver.tools.WeavingAdaptor.weaveClass org.aspectj.weaver.loadtime.ClassLoaderWeavingAdaptor@10b090ac org/hibernate/hql/ast/tree/ParameterNode, byte[2105]
3757 [main] DEBUG org.aspectj.weaver.tools.WeavingAdaptor  - 16:58:03.277 main &lt; org.aspectj.weaver.tools.WeavingAdaptor.weaveClass false
3757 [main] DEBUG org.aspectj.weaver.loadtime.Aj  - 16:58:03.277 main &lt; org.aspectj.weaver.loadtime.Aj.preProcess byte[2105]
3757 [main] DEBUG org.aspectj.weaver.loadtime.Aj  - 16:58:03.277 main &gt; org.aspectj.weaver.loadtime.Aj.preProcess org.aspectj.weaver.loadtime.Aj@58027738 org/hibernate/hql/ast/tree/ExpectedTypeAwareNode, byte[263], org.springframework.test.jpa.OrmXmlOverridingShadowingClassLoader@2bbf1be2
3757 [main] DEBUG org.aspectj.weaver.loadtime.Aj  - 16:58:03.277 main - org.aspectj.weaver.loadtime.Aj.preProcess org.aspectj.weaver.loadtime.Aj@58027738 sun.misc.Launcher$AppClassLoader@302b2c81, org.springframework.test.jpa.OrmXmlOverridingShadowingClassLoader@2bbf1be2
3757 [main] DEBUG org.aspectj.weaver.tools.WeavingAdaptor  - 16:58:03.277 main &gt; org.aspectj.weaver.tools.WeavingAdaptor.weaveClass org.aspectj.weaver.loadtime.ClassLoaderWeavingAdaptor@10b090ac org/hibernate/hql/ast/tree/ExpectedTypeAwareNode, byte[263]
3757 [main] DEBUG org.aspectj.weaver.tools.WeavingAdaptor  - 16:58:03.277 main &lt; org.aspectj.weaver.tools.WeavingAdaptor.weaveClass false
3757 [main] DEBUG org.aspectj.weaver.loadtime.Aj  - 16:58:03.277 main &lt; org.aspectj.weaver.loadtime.Aj.preProcess byte[263]
3758 [main] DEBUG org.aspectj.weaver.loadtime.Aj  - 16:58:03.278 main &gt; org.aspectj.weaver.loadtime.Aj.preProcess org.aspectj.weaver.loadtime.Aj@58027738 org/hibernate/param/NamedParameterSpecification, byte[2214], org.springframework.test.jpa.OrmXmlOverridingShadowingClassLoader@2bbf1be2
3758 [main] DEBUG org.aspectj.weaver.loadtime.Aj  - 16:58:03.278 main - org.aspectj.weaver.loadtime.Aj.preProcess org.aspectj.weaver.loadtime.Aj@58027738 sun.misc.Launcher$AppClassLoader@302b2c81, org.springframework.test.jpa.OrmXmlOverridingShadowingClassLoader@2bbf1be2
3758 [main] DEBUG org.aspectj.weaver.tools.WeavingAdaptor  - 16:58:03.278 main &gt; org.aspectj.weaver.tools.WeavingAdaptor.weaveClass org.aspectj.weaver.loadtime.ClassLoaderWeavingAdaptor@10b090ac org/hibernate/param/NamedParameterSpecification, byte[2214]
3758 [main] DEBUG org.aspectj.weaver.tools.WeavingAdaptor  - 16:58:03.278 main &lt; org.aspectj.weaver.tools.WeavingAdaptor.weaveClass false
3758 [main] DEBUG org.aspectj.weaver.loadtime.Aj  - 16:58:03.278 main &lt; org.aspectj.weaver.loadtime.Aj.preProcess byte[2214]
3758 [main] DEBUG org.aspectj.weaver.loadtime.Aj  - 16:58:03.278 main &gt; org.aspectj.weaver.loadtime.Aj.preProcess org.aspectj.weaver.loadtime.Aj@58027738 org/hibernate/param/AbstractExplicitParameterSpecification, byte[1012], org.springframework.test.jpa.OrmXmlOverridingShadowingClassLoader@2bbf1be2
3759 [main] DEBUG org.aspectj.weaver.loadtime.Aj  - 16:58:03.279 main - org.aspectj.weaver.loadtime.Aj.preProcess org.aspectj.weaver.loadtime.Aj@58027738 sun.misc.Launcher$AppClassLoader@302b2c81, org.springframework.test.jpa.OrmXmlOverridingShadowingClassLoader@2bbf1be2
3759 [main] DEBUG org.aspectj.weaver.tools.WeavingAdaptor  - 16:58:03.279 main &gt; org.aspectj.weaver.tools.WeavingAdaptor.weaveClass org.aspectj.weaver.loadtime.ClassLoaderWeavingAdaptor@10b090ac org/hibernate/param/AbstractExplicitParameterSpecification, byte[1012]
3759 [main] DEBUG org.aspectj.weaver.tools.WeavingAdaptor  - 16:58:03.279 main &lt; org.aspectj.weaver.tools.WeavingAdaptor.weaveClass false
3759 [main] DEBUG org.aspectj.weaver.loadtime.Aj  - 16:58:03.279 main &lt; org.aspectj.weaver.loadtime.Aj.preProcess byte[1012]
3759 [main] DEBUG org.aspectj.weaver.loadtime.Aj  - 16:58:03.279 main &gt; org.aspectj.weaver.loadtime.Aj.preProcess org.aspectj.weaver.loadtime.Aj@58027738 org/hibernate/param/ExplicitParameterSpecification, byte[267], org.springframework.test.jpa.OrmXmlOverridingShadowingClassLoader@2bbf1be2
3759 [main] DEBUG org.aspectj.weaver.loadtime.Aj  - 16:58:03.279 main - org.aspectj.weaver.loadtime.Aj.preProcess org.aspectj.weaver.loadtime.Aj@58027738 sun.misc.Launcher$AppClassLoader@302b2c81, org.springframework.test.jpa.OrmXmlOverridingShadowingClassLoader@2bbf1be2
3759 [main] DEBUG org.aspectj.weaver.tools.WeavingAdaptor  - 16:58:03.279 main &gt; org.aspectj.weaver.tools.WeavingAdaptor.weaveClass org.aspectj.weaver.loadtime.ClassLoaderWeavingAdaptor@10b090ac org/hibernate/param/ExplicitParameterSpecification, byte[267]
3759 [main] DEBUG org.aspectj.weaver.tools.WeavingAdaptor  - 16:58:03.279 main &lt; org.aspectj.weaver.tools.WeavingAdaptor.weaveClass false
3759 [main] DEBUG org.aspectj.weaver.loadtime.Aj  - 16:58:03.279 main &lt; org.aspectj.weaver.loadtime.Aj.preProcess byte[267]
3760 [main] DEBUG org.aspectj.weaver.loadtime.Aj  - 16:58:03.280 main &gt; org.aspectj.weaver.loadtime.Aj.preProcess org.aspectj.weaver.loadtime.Aj@58027738 org/hibernate/hql/ast/tree/SqlFragment, byte[1001], org.springframework.test.jpa.OrmXmlOverridingShadowingClassLoader@2bbf1be2
3760 [main] DEBUG org.aspectj.weaver.loadtime.Aj  - 16:58:03.280 main - org.aspectj.weaver.loadtime.Aj.preProcess org.aspectj.weaver.loadtime.Aj@58027738 sun.misc.Launcher$AppClassLoader@302b2c81, org.springframework.test.jpa.OrmXmlOverridingShadowingClassLoader@2bbf1be2
3760 [main] DEBUG org.aspectj.weaver.tools.WeavingAdaptor  - 16:58:03.280 main &gt; org.aspectj.weaver.tools.WeavingAdaptor.weaveClass org.aspectj.weaver.loadtime.ClassLoaderWeavingAdaptor@10b090ac org/hibernate/hql/ast/tree/SqlFragment, byte[1001]
3760 [main] DEBUG org.aspectj.weaver.tools.WeavingAdaptor  - 16:58:03.280 main &lt; org.aspectj.weaver.tools.WeavingAdaptor.weaveClass false
3761 [main] DEBUG org.aspectj.weaver.loadtime.Aj  - 16:58:03.281 main &lt; org.aspectj.weaver.loadtime.Aj.preProcess byte[1001]
3761 [main] DEBUG org.aspectj.weaver.loadtime.Aj  - 16:58:03.281 main &gt; org.aspectj.weaver.loadtime.Aj.preProcess org.aspectj.weaver.loadtime.Aj@58027738 org/hibernate/hql/ast/util/ASTIterator, byte[1657], org.springframework.test.jpa.OrmXmlOverridingShadowingClassLoader@2bbf1be2
3761 [main] DEBUG org.aspectj.weaver.loadtime.Aj  - 16:58:03.281 main - org.aspectj.weaver.loadtime.Aj.preProcess org.aspectj.weaver.loadtime.Aj@58027738 sun.misc.Launcher$AppClassLoader@302b2c81, org.springframework.test.jpa.OrmXmlOverridingShadowingClassLoader@2bbf1be2
3761 [main] DEBUG org.aspectj.weaver.tools.WeavingAdaptor  - 16:58:03.281 main &gt; org.aspectj.weaver.tools.WeavingAdaptor.weaveClass org.aspectj.weaver.loadtime.ClassLoaderWeavingAdaptor@10b090ac org/hibernate/hql/ast/util/ASTIterator, byte[1657]
3761 [main] DEBUG org.aspectj.weaver.tools.WeavingAdaptor  - 16:58:03.281 main &lt; org.aspectj.weaver.tools.WeavingAdaptor.weaveClass false
3761 [main] DEBUG org.aspectj.weaver.loadtime.Aj  - 16:58:03.281 main &lt; org.aspectj.weaver.loadtime.Aj.preProcess byte[1657]
3762 [main] DEBUG org.aspectj.weaver.loadtime.Aj  - 16:58:03.282 main &gt; org.aspectj.weaver.loadtime.Aj.preProcess org.aspectj.weaver.loadtime.Aj@58027738 org/hibernate/param/PositionalParameterSpecification, byte[2186], org.springframework.test.jpa.OrmXmlOverridingShadowingClassLoader@2bbf1be2
3762 [main] DEBUG org.aspectj.weaver.loadtime.Aj  - 16:58:03.282 main - org.aspectj.weaver.loadtime.Aj.preProcess org.aspectj.weaver.loadtime.Aj@58027738 sun.misc.Launcher$AppClassLoader@302b2c81, org.springframework.test.jpa.OrmXmlOverridingShadowingClassLoader@2bbf1be2
3762 [main] DEBUG org.aspectj.weaver.tools.WeavingAdaptor  - 16:58:03.282 main &gt; org.aspectj.weaver.tools.WeavingAdaptor.weaveClass org.aspectj.weaver.loadtime.ClassLoaderWeavingAdaptor@10b090ac org/hibernate/param/PositionalParameterSpecification, byte[2186]
3763 [main] DEBUG org.aspectj.weaver.tools.WeavingAdaptor  - 16:58:03.283 main &lt; org.aspectj.weaver.tools.WeavingAdaptor.weaveClass false
3763 [main] DEBUG org.aspectj.weaver.loadtime.Aj  - 16:58:03.283 main &lt; org.aspectj.weaver.loadtime.Aj.preProcess byte[2186]
3763 [main] DEBUG org.aspectj.weaver.loadtime.Aj  - 16:58:03.283 main &gt; org.aspectj.weaver.loadtime.Aj.preProcess org.aspectj.weaver.loadtime.Aj@58027738 org/hibernate/hql/ast/ParameterTranslationsImpl$1NamedParamTempHolder, byte[772], org.springframework.test.jpa.OrmXmlOverridingShadowingClassLoader@2bbf1be2
3763 [main] DEBUG org.aspectj.weaver.loadtime.Aj  - 16:58:03.283 main - org.aspectj.weaver.loadtime.Aj.preProcess org.aspectj.weaver.loadtime.Aj@58027738 sun.misc.Launcher$AppClassLoader@302b2c81, org.springframework.test.jpa.OrmXmlOverridingShadowingClassLoader@2bbf1be2
3763 [main] DEBUG org.aspectj.weaver.tools.WeavingAdaptor  - 16:58:03.283 main &gt; org.aspectj.weaver.tools.WeavingAdaptor.weaveClass org.aspectj.weaver.loadtime.ClassLoaderWeavingAdaptor@10b090ac org/hibernate/hql/ast/ParameterTranslationsImpl$1NamedParamTempHolder, byte[772]
3763 [main] DEBUG org.aspectj.weaver.tools.WeavingAdaptor  - 16:58:03.283 main &lt; org.aspectj.weaver.tools.WeavingAdaptor.weaveClass false
3763 [main] DEBUG org.aspectj.weaver.loadtime.Aj  - 16:58:03.283 main &lt; org.aspectj.weaver.loadtime.Aj.preProcess byte[772]
3764 [main] DEBUG org.aspectj.weaver.loadtime.Aj  - 16:58:03.284 main &gt; org.aspectj.weaver.loadtime.Aj.preProcess org.aspectj.weaver.loadtime.Aj@58027738 org/hibernate/engine/query/ParamLocationRecognizer$NamedParameterDescription, byte[1345], org.springframework.test.jpa.OrmXmlOverridingShadowingClassLoader@2bbf1be2
3764 [main] DEBUG org.aspectj.weaver.loadtime.Aj  - 16:58:03.284 main - org.aspectj.weaver.loadtime.Aj.preProcess org.aspectj.weaver.loadtime.Aj@58027738 sun.misc.Launcher$AppClassLoader@302b2c81, org.springframework.test.jpa.OrmXmlOverridingShadowingClassLoader@2bbf1be2
3764 [main] DEBUG org.aspectj.weaver.tools.WeavingAdaptor  - 16:58:03.284 main &gt; org.aspectj.weaver.tools.WeavingAdaptor.weaveClass org.aspectj.weaver.loadtime.ClassLoaderWeavingAdaptor@10b090ac org/hibernate/engine/query/ParamLocationRecognizer$NamedParameterDescription, byte[1345]
3764 [main] DEBUG org.aspectj.weaver.tools.WeavingAdaptor  - 16:58:03.284 main &lt; org.aspectj.weaver.tools.WeavingAdaptor.weaveClass false
3764 [main] DEBUG org.aspectj.weaver.loadtime.Aj  - 16:58:03.284 main &lt; org.aspectj.weaver.loadtime.Aj.preProcess byte[1345]
3765 [main] DEBUG org.aspectj.weaver.loadtime.Aj  - 16:58:03.285 main &gt; org.aspectj.weaver.loadtime.Aj.preProcess org.aspectj.weaver.loadtime.Aj@58027738 org/hibernate/engine/query/NamedParameterDescriptor, byte[1065], org.springframework.test.jpa.OrmXmlOverridingShadowingClassLoader@2bbf1be2
3765 [main] DEBUG org.aspectj.weaver.loadtime.Aj  - 16:58:03.285 main - org.aspectj.weaver.loadtime.Aj.preProcess org.aspectj.weaver.loadtime.Aj@58027738 sun.misc.Launcher$AppClassLoader@302b2c81, org.springframework.test.jpa.OrmXmlOverridingShadowingClassLoader@2bbf1be2
3765 [main] DEBUG org.aspectj.weaver.tools.WeavingAdaptor  - 16:58:03.285 main &gt; org.aspectj.weaver.tools.WeavingAdaptor.weaveClass org.aspectj.weaver.loadtime.ClassLoaderWeavingAdaptor@10b090ac org/hibernate/engine/query/NamedParameterDescriptor, byte[1065]
3765 [main] DEBUG org.aspectj.weaver.tools.WeavingAdaptor  - 16:58:03.285 main &lt; org.aspectj.weaver.tools.WeavingAdaptor.weaveClass false
3765 [main] DEBUG org.aspectj.weaver.loadtime.Aj  - 16:58:03.285 main &lt; org.aspectj.weaver.loadtime.Aj.preProcess byte[1065]
3767 [main] DEBUG org.aspectj.weaver.loadtime.Aj  - 16:58:03.287 main &gt; org.aspectj.weaver.loadtime.Aj.preProcess org.aspectj.weaver.loadtime.Aj@58027738 org/springframework/orm/jpa/AbstractEntityManagerFactoryBean$ManagedEntityManagerFactoryInvocationHandler, byte[2986], org.springframework.test.jpa.OrmXmlOverridingShadowingClassLoader@2bbf1be2
3767 [main] DEBUG org.aspectj.weaver.loadtime.Aj  - 16:58:03.287 main - org.aspectj.weaver.loadtime.Aj.preProcess org.aspectj.weaver.loadtime.Aj@58027738 sun.misc.Launcher$AppClassLoader@302b2c81, org.springframework.test.jpa.OrmXmlOverridingShadowingClassLoader@2bbf1be2
3767 [main] DEBUG org.aspectj.weaver.tools.WeavingAdaptor  - 16:58:03.287 main &gt; org.aspectj.weaver.tools.WeavingAdaptor.weaveClass org.aspectj.weaver.loadtime.ClassLoaderWeavingAdaptor@10b090ac org/springframework/orm/jpa/AbstractEntityManagerFactoryBean$ManagedEntityManagerFactoryInvocationHandler, byte[2986]
3767 [main] DEBUG org.aspectj.weaver.tools.WeavingAdaptor  - 16:58:03.287 main &lt; org.aspectj.weaver.tools.WeavingAdaptor.weaveClass false
3767 [main] DEBUG org.aspectj.weaver.loadtime.Aj  - 16:58:03.287 main &lt; org.aspectj.weaver.loadtime.Aj.preProcess byte[2986]
3770 [main] DEBUG org.aspectj.weaver.loadtime.Aj  - 16:58:03.290 main &gt; org.aspectj.weaver.loadtime.Aj.preProcess org.aspectj.weaver.loadtime.Aj@58027738 org/springframework/dao/support/ChainedPersistenceExceptionTranslator, byte[1913], org.springframework.test.jpa.OrmXmlOverridingShadowingClassLoader@2bbf1be2
3770 [main] DEBUG org.aspectj.weaver.loadtime.Aj  - 16:58:03.290 main - org.aspectj.weaver.loadtime.Aj.preProcess org.aspectj.weaver.loadtime.Aj@58027738 sun.misc.Launcher$AppClassLoader@302b2c81, org.springframework.test.jpa.OrmXmlOverridingShadowingClassLoader@2bbf1be2
3770 [main] DEBUG org.aspectj.weaver.tools.WeavingAdaptor  - 16:58:03.290 main &gt; org.aspectj.weaver.tools.WeavingAdaptor.weaveClass org.aspectj.weaver.loadtime.ClassLoaderWeavingAdaptor@10b090ac org/springframework/dao/support/ChainedPersistenceExceptionTranslator, byte[1913]
3770 [main] DEBUG org.aspectj.weaver.tools.WeavingAdaptor  - 16:58:03.290 main &lt; org.aspectj.weaver.tools.WeavingAdaptor.weaveClass false
3770 [main] DEBUG org.aspectj.weaver.loadtime.Aj  - 16:58:03.290 main &lt; org.aspectj.weaver.loadtime.Aj.preProcess byte[1913]
3771 [main] DEBUG org.aspectj.weaver.loadtime.Aj  - 16:58:03.291 main &gt; org.aspectj.weaver.loadtime.Aj.preProcess org.aspectj.weaver.loadtime.Aj@58027738 org/springframework/aop/support/annotation/AnnotationMatchingPointcut, byte[2794], org.springframework.test.jpa.OrmXmlOverridingShadowingClassLoader@2bbf1be2
3771 [main] DEBUG org.aspectj.weaver.loadtime.Aj  - 16:58:03.291 main - org.aspectj.weaver.loadtime.Aj.preProcess org.aspectj.weaver.loadtime.Aj@58027738 sun.misc.Launcher$AppClassLoader@302b2c81, org.springframework.test.jpa.OrmXmlOverridingShadowingClassLoader@2bbf1be2
3771 [main] DEBUG org.aspectj.weaver.tools.WeavingAdaptor  - 16:58:03.291 main &gt; org.aspectj.weaver.tools.WeavingAdaptor.weaveClass org.aspectj.weaver.loadtime.ClassLoaderWeavingAdaptor@10b090ac org/springframework/aop/support/annotation/AnnotationMatchingPointcut, byte[2794]
3771 [main] DEBUG org.aspectj.weaver.tools.WeavingAdaptor  - 16:58:03.291 main &lt; org.aspectj.weaver.tools.WeavingAdaptor.weaveClass false
3771 [main] DEBUG org.aspectj.weaver.loadtime.Aj  - 16:58:03.291 main &lt; org.aspectj.weaver.loadtime.Aj.preProcess byte[2794]
3772 [main] DEBUG org.aspectj.weaver.loadtime.Aj  - 16:58:03.292 main &gt; org.aspectj.weaver.loadtime.Aj.preProcess org.aspectj.weaver.loadtime.Aj@58027738 org/springframework/aop/ClassFilter, byte[430], org.springframework.test.jpa.OrmXmlOverridingShadowingClassLoader@2bbf1be2
3772 [main] DEBUG org.aspectj.weaver.loadtime.Aj  - 16:58:03.292 main - org.aspectj.weaver.loadtime.Aj.preProcess org.aspectj.weaver.loadtime.Aj@58027738 sun.misc.Launcher$AppClassLoader@302b2c81, org.springframework.test.jpa.OrmXmlOverridingShadowingClassLoader@2bbf1be2
3772 [main] DEBUG org.aspectj.weaver.tools.WeavingAdaptor  - 16:58:03.292 main &gt; org.aspectj.weaver.tools.WeavingAdaptor.weaveClass org.aspectj.weaver.loadtime.ClassLoaderWeavingAdaptor@10b090ac org/springframework/aop/ClassFilter, byte[430]
3772 [main] DEBUG org.aspectj.weaver.tools.WeavingAdaptor  - 16:58:03.292 main &lt; org.aspectj.weaver.tools.WeavingAdaptor.weaveClass false
3772 [main] DEBUG org.aspectj.weaver.loadtime.Aj  - 16:58:03.292 main &lt; org.aspectj.weaver.loadtime.Aj.preProcess byte[430]
3773 [main] DEBUG org.aspectj.weaver.loadtime.Aj  - 16:58:03.293 main &gt; org.aspectj.weaver.loadtime.Aj.preProcess org.aspectj.weaver.loadtime.Aj@58027738 org/springframework/aop/support/annotation/AnnotationClassFilter, byte[1457], org.springframework.test.jpa.OrmXmlOverridingShadowingClassLoader@2bbf1be2
3773 [main] DEBUG org.aspectj.weaver.loadtime.Aj  - 16:58:03.293 main - org.aspectj.weaver.loadtime.Aj.preProcess org.aspectj.weaver.loadtime.Aj@58027738 sun.misc.Launcher$AppClassLoader@302b2c81, org.springframework.test.jpa.OrmXmlOverridingShadowingClassLoader@2bbf1be2
3773 [main] DEBUG org.aspectj.weaver.tools.WeavingAdaptor  - 16:58:03.293 main &gt; org.aspectj.weaver.tools.WeavingAdaptor.weaveClass org.aspectj.weaver.loadtime.ClassLoaderWeavingAdaptor@10b090ac org/springframework/aop/support/annotation/AnnotationClassFilter, byte[1457]
3773 [main] DEBUG org.aspectj.weaver.tools.WeavingAdaptor  - 16:58:03.293 main &lt; org.aspectj.weaver.tools.WeavingAdaptor.weaveClass false
3773 [main] DEBUG org.aspectj.weaver.loadtime.Aj  - 16:58:03.293 main &lt; org.aspectj.weaver.loadtime.Aj.preProcess byte[1457]
3773 [main] DEBUG org.aspectj.weaver.loadtime.Aj  - 16:58:03.293 main &gt; org.aspectj.weaver.loadtime.Aj.preProcess org.aspectj.weaver.loadtime.Aj@58027738 org/springframework/aop/TrueMethodMatcher, byte[1235], org.springframework.test.jpa.OrmXmlOverridingShadowingClassLoader@2bbf1be2
3773 [main] DEBUG org.aspectj.weaver.loadtime.Aj  - 16:58:03.293 main - org.aspectj.weaver.loadtime.Aj.preProcess org.aspectj.weaver.loadtime.Aj@58027738 sun.misc.Launcher$AppClassLoader@302b2c81, org.springframework.test.jpa.OrmXmlOverridingShadowingClassLoader@2bbf1be2
3773 [main] DEBUG org.aspectj.weaver.tools.WeavingAdaptor  - 16:58:03.293 main &gt; org.aspectj.weaver.tools.WeavingAdaptor.weaveClass org.aspectj.weaver.loadtime.ClassLoaderWeavingAdaptor@10b090ac org/springframework/aop/TrueMethodMatcher, byte[1235]
3773 [main] DEBUG org.aspectj.weaver.tools.WeavingAdaptor  - 16:58:03.293 main &lt; org.aspectj.weaver.tools.WeavingAdaptor.weaveClass false
3773 [main] DEBUG org.aspectj.weaver.loadtime.Aj  - 16:58:03.293 main &lt; org.aspectj.weaver.loadtime.Aj.preProcess byte[1235]
3774 [main] DEBUG org.aspectj.weaver.loadtime.Aj  - 16:58:03.294 main &gt; org.aspectj.weaver.loadtime.Aj.preProcess org.aspectj.weaver.loadtime.Aj@58027738 org/springframework/aop/framework/adapter/GlobalAdvisorAdapterRegistry, byte[760], org.springframework.test.jpa.OrmXmlOverridingShadowingClassLoader@2bbf1be2
3774 [main] DEBUG org.aspectj.weaver.loadtime.Aj  - 16:58:03.294 main - org.aspectj.weaver.loadtime.Aj.preProcess org.aspectj.weaver.loadtime.Aj@58027738 sun.misc.Launcher$AppClassLoader@302b2c81, org.springframework.test.jpa.OrmXmlOverridingShadowingClassLoader@2bbf1be2
3774 [main] DEBUG org.aspectj.weaver.tools.WeavingAdaptor  - 16:58:03.294 main &gt; org.aspectj.weaver.tools.WeavingAdaptor.weaveClass org.aspectj.weaver.loadtime.ClassLoaderWeavingAdaptor@10b090ac org/springframework/aop/framework/adapter/GlobalAdvisorAdapterRegistry, byte[760]
3774 [main] DEBUG org.aspectj.weaver.tools.WeavingAdaptor  - 16:58:03.294 main &lt; org.aspectj.weaver.tools.WeavingAdaptor.weaveClass false
3774 [main] DEBUG org.aspectj.weaver.loadtime.Aj  - 16:58:03.294 main &lt; org.aspectj.weaver.loadtime.Aj.preProcess byte[760]
3775 [main] DEBUG org.aspectj.weaver.loadtime.Aj  - 16:58:03.295 main &gt; org.aspectj.weaver.loadtime.Aj.preProcess org.aspectj.weaver.loadtime.Aj@58027738 org/springframework/aop/framework/adapter/AdvisorAdapterRegistry, byte[552], org.springframework.test.jpa.OrmXmlOverridingShadowingClassLoader@2bbf1be2
3775 [main] DEBUG org.aspectj.weaver.loadtime.Aj  - 16:58:03.295 main - org.aspectj.weaver.loadtime.Aj.preProcess org.aspectj.weaver.loadtime.Aj@58027738 sun.misc.Launcher$AppClassLoader@302b2c81, org.springframework.test.jpa.OrmXmlOverridingShadowingClassLoader@2bbf1be2
3775 [main] DEBUG org.aspectj.weaver.tools.WeavingAdaptor  - 16:58:03.295 main &gt; org.aspectj.weaver.tools.WeavingAdaptor.weaveClass org.aspectj.weaver.loadtime.ClassLoaderWeavingAdaptor@10b090ac org/springframework/aop/framework/adapter/AdvisorAdapterRegistry, byte[552]
3775 [main] DEBUG org.aspectj.weaver.tools.WeavingAdaptor  - 16:58:03.295 main &lt; org.aspectj.weaver.tools.WeavingAdaptor.weaveClass false
3775 [main] DEBUG org.aspectj.weaver.loadtime.Aj  - 16:58:03.295 main &lt; org.aspectj.weaver.loadtime.Aj.preProcess byte[552]
3775 [main] DEBUG org.aspectj.weaver.loadtime.Aj  - 16:58:03.295 main &gt; org.aspectj.weaver.loadtime.Aj.preProcess org.aspectj.weaver.loadtime.Aj@58027738 org/springframework/aop/framework/adapter/DefaultAdvisorAdapterRegistry, byte[2907], org.springframework.test.jpa.OrmXmlOverridingShadowingClassLoader@2bbf1be2
3775 [main] DEBUG org.aspectj.weaver.loadtime.Aj  - 16:58:03.295 main - org.aspectj.weaver.loadtime.Aj.preProcess org.aspectj.weaver.loadtime.Aj@58027738 sun.misc.Launcher$AppClassLoader@302b2c81, org.springframework.test.jpa.OrmXmlOverridingShadowingClassLoader@2bbf1be2
3775 [main] DEBUG org.aspectj.weaver.tools.WeavingAdaptor  - 16:58:03.295 main &gt; org.aspectj.weaver.tools.WeavingAdaptor.weaveClass org.aspectj.weaver.loadtime.ClassLoaderWeavingAdaptor@10b090ac org/springframework/aop/framework/adapter/DefaultAdvisorAdapterRegistry, byte[2907]
3775 [main] DEBUG org.aspectj.weaver.tools.WeavingAdaptor  - 16:58:03.295 main &lt; org.aspectj.weaver.tools.WeavingAdaptor.weaveClass false
3776 [main] DEBUG org.aspectj.weaver.loadtime.Aj  - 16:58:03.296 main &lt; org.aspectj.weaver.loadtime.Aj.preProcess byte[2907]
3776 [main] DEBUG org.aspectj.weaver.loadtime.Aj  - 16:58:03.296 main &gt; org.aspectj.weaver.loadtime.Aj.preProcess org.aspectj.weaver.loadtime.Aj@58027738 org/springframework/aop/framework/adapter/UnknownAdviceTypeException, byte[981], org.springframework.test.jpa.OrmXmlOverridingShadowingClassLoader@2bbf1be2
3776 [main] DEBUG org.aspectj.weaver.loadtime.Aj  - 16:58:03.296 main - org.aspectj.weaver.loadtime.Aj.preProcess org.aspectj.weaver.loadtime.Aj@58027738 sun.misc.Launcher$AppClassLoader@302b2c81, org.springframework.test.jpa.OrmXmlOverridingShadowingClassLoader@2bbf1be2
3776 [main] DEBUG org.aspectj.weaver.tools.WeavingAdaptor  - 16:58:03.296 main &gt; org.aspectj.weaver.tools.WeavingAdaptor.weaveClass org.aspectj.weaver.loadtime.ClassLoaderWeavingAdaptor@10b090ac org/springframework/aop/framework/adapter/UnknownAdviceTypeException, byte[981]
3776 [main] DEBUG org.aspectj.weaver.tools.WeavingAdaptor  - 16:58:03.296 main &lt; org.aspectj.weaver.tools.WeavingAdaptor.weaveClass false
3776 [main] DEBUG org.aspectj.weaver.loadtime.Aj  - 16:58:03.296 main &lt; org.aspectj.weaver.loadtime.Aj.preProcess byte[981]
3777 [main] DEBUG org.aspectj.weaver.loadtime.Aj  - 16:58:03.297 main &gt; org.aspectj.weaver.loadtime.Aj.preProcess org.aspectj.weaver.loadtime.Aj@58027738 org/springframework/aop/framework/adapter/AdvisorAdapter, byte[318], org.springframework.test.jpa.OrmXmlOverridingShadowingClassLoader@2bbf1be2
3777 [main] DEBUG org.aspectj.weaver.loadtime.Aj  - 16:58:03.297 main - org.aspectj.weaver.loadtime.Aj.preProcess org.aspectj.weaver.loadtime.Aj@58027738 sun.misc.Launcher$AppClassLoader@302b2c81, org.springframework.test.jpa.OrmXmlOverridingShadowingClassLoader@2bbf1be2
3777 [main] DEBUG org.aspectj.weaver.tools.WeavingAdaptor  - 16:58:03.297 main &gt; org.aspectj.weaver.tools.WeavingAdaptor.weaveClass org.aspectj.weaver.loadtime.ClassLoaderWeavingAdaptor@10b090ac org/springframework/aop/framework/adapter/AdvisorAdapter, byte[318]
3777 [main] DEBUG org.aspectj.weaver.tools.WeavingAdaptor  - 16:58:03.297 main &lt; org.aspectj.weaver.tools.WeavingAdaptor.weaveClass false
3777 [main] DEBUG org.aspectj.weaver.loadtime.Aj  - 16:58:03.297 main &lt; org.aspectj.weaver.loadtime.Aj.preProcess byte[318]
3777 [main] DEBUG org.aspectj.weaver.loadtime.Aj  - 16:58:03.297 main &gt; org.aspectj.weaver.loadtime.Aj.preProcess org.aspectj.weaver.loadtime.Aj@58027738 org/springframework/aop/framework/adapter/MethodBeforeAdviceAdapter, byte[1207], org.springframework.test.jpa.OrmXmlOverridingShadowingClassLoader@2bbf1be2
3777 [main] DEBUG org.aspectj.weaver.loadtime.Aj  - 16:58:03.297 main - org.aspectj.weaver.loadtime.Aj.preProcess org.aspectj.weaver.loadtime.Aj@58027738 sun.misc.Launcher$AppClassLoader@302b2c81, org.springframework.test.jpa.OrmXmlOverridingShadowingClassLoader@2bbf1be2
3777 [main] DEBUG org.aspectj.weaver.tools.WeavingAdaptor  - 16:58:03.297 main &gt; org.aspectj.weaver.tools.WeavingAdaptor.weaveClass org.aspectj.weaver.loadtime.ClassLoaderWeavingAdaptor@10b090ac org/springframework/aop/framework/adapter/MethodBeforeAdviceAdapter, byte[1207]
3777 [main] DEBUG org.aspectj.weaver.tools.WeavingAdaptor  - 16:58:03.297 main &lt; org.aspectj.weaver.tools.WeavingAdaptor.weaveClass false
3777 [main] DEBUG org.aspectj.weaver.loadtime.Aj  - 16:58:03.297 main &lt; org.aspectj.weaver.loadtime.Aj.preProcess byte[1207]
3778 [main] DEBUG org.aspectj.weaver.loadtime.Aj  - 16:58:03.298 main &gt; org.aspectj.weaver.loadtime.Aj.preProcess org.aspectj.weaver.loadtime.Aj@58027738 org/springframework/aop/framework/adapter/AfterReturningAdviceAdapter, byte[1221], org.springframework.test.jpa.OrmXmlOverridingShadowingClassLoader@2bbf1be2
3778 [main] DEBUG org.aspectj.weaver.loadtime.Aj  - 16:58:03.298 main - org.aspectj.weaver.loadtime.Aj.preProcess org.aspectj.weaver.loadtime.Aj@58027738 sun.misc.Launcher$AppClassLoader@302b2c81, org.springframework.test.jpa.OrmXmlOverridingShadowingClassLoader@2bbf1be2
3778 [main] DEBUG org.aspectj.weaver.tools.WeavingAdaptor  - 16:58:03.298 main &gt; org.aspectj.weaver.tools.WeavingAdaptor.weaveClass org.aspectj.weaver.loadtime.ClassLoaderWeavingAdaptor@10b090ac org/springframework/aop/framework/adapter/AfterReturningAdviceAdapter, byte[1221]
3778 [main] DEBUG org.aspectj.weaver.tools.WeavingAdaptor  - 16:58:03.298 main &lt; org.aspectj.weaver.tools.WeavingAdaptor.weaveClass false
3778 [main] DEBUG org.aspectj.weaver.loadtime.Aj  - 16:58:03.298 main &lt; org.aspectj.weaver.loadtime.Aj.preProcess byte[1221]
3778 [main] DEBUG org.aspectj.weaver.loadtime.Aj  - 16:58:03.298 main &gt; org.aspectj.weaver.loadtime.Aj.preProcess org.aspectj.weaver.loadtime.Aj@58027738 org/springframework/aop/framework/adapter/ThrowsAdviceAdapter, byte[1085], org.springframework.test.jpa.OrmXmlOverridingShadowingClassLoader@2bbf1be2
3778 [main] DEBUG org.aspectj.weaver.loadtime.Aj  - 16:58:03.298 main - org.aspectj.weaver.loadtime.Aj.preProcess org.aspectj.weaver.loadtime.Aj@58027738 sun.misc.Launcher$AppClassLoader@302b2c81, org.springframework.test.jpa.OrmXmlOverridingShadowingClassLoader@2bbf1be2
3778 [main] DEBUG org.aspectj.weaver.tools.WeavingAdaptor  - 16:58:03.298 main &gt; org.aspectj.weaver.tools.WeavingAdaptor.weaveClass org.aspectj.weaver.loadtime.ClassLoaderWeavingAdaptor@10b090ac org/springframework/aop/framework/adapter/ThrowsAdviceAdapter, byte[1085]
3779 [main] DEBUG org.aspectj.weaver.tools.WeavingAdaptor  - 16:58:03.299 main &lt; org.aspectj.weaver.tools.WeavingAdaptor.weaveClass false
3779 [main] DEBUG org.aspectj.weaver.loadtime.Aj  - 16:58:03.299 main &lt; org.aspectj.weaver.loadtime.Aj.preProcess byte[1085]
3779 [main] DEBUG org.aspectj.weaver.loadtime.Aj  - 16:58:03.299 main &gt; org.aspectj.weaver.loadtime.Aj.preProcess org.aspectj.weaver.loadtime.Aj@58027738 org/springframework/aop/framework/autoproxy/TargetSourceCreator, byte[267], org.springframework.test.jpa.OrmXmlOverridingShadowingClassLoader@2bbf1be2
3779 [main] DEBUG org.aspectj.weaver.loadtime.Aj  - 16:58:03.299 main - org.aspectj.weaver.loadtime.Aj.preProcess org.aspectj.weaver.loadtime.Aj@58027738 sun.misc.Launcher$AppClassLoader@302b2c81, org.springframework.test.jpa.OrmXmlOverridingShadowingClassLoader@2bbf1be2
3779 [main] DEBUG org.aspectj.weaver.tools.WeavingAdaptor  - 16:58:03.299 main &gt; org.aspectj.weaver.tools.WeavingAdaptor.weaveClass org.aspectj.weaver.loadtime.ClassLoaderWeavingAdaptor@10b090ac org/springframework/aop/framework/autoproxy/TargetSourceCreator, byte[267]
3779 [main] DEBUG org.aspectj.weaver.tools.WeavingAdaptor  - 16:58:03.299 main &lt; org.aspectj.weaver.tools.WeavingAdaptor.weaveClass false
3779 [main] DEBUG org.aspectj.weaver.loadtime.Aj  - 16:58:03.299 main &lt; org.aspectj.weaver.loadtime.Aj.preProcess byte[267]
3780 [main] DEBUG org.aspectj.weaver.loadtime.Aj  - 16:58:03.300 main &gt; org.aspectj.weaver.loadtime.Aj.preProcess org.aspectj.weaver.loadtime.Aj@58027738 org/springframework/aop/framework/ProxyFactory, byte[2858], org.springframework.test.jpa.OrmXmlOverridingShadowingClassLoader@2bbf1be2
3780 [main] DEBUG org.aspectj.weaver.loadtime.Aj  - 16:58:03.300 main - org.aspectj.weaver.loadtime.Aj.preProcess org.aspectj.weaver.loadtime.Aj@58027738 sun.misc.Launcher$AppClassLoader@302b2c81, org.springframework.test.jpa.OrmXmlOverridingShadowingClassLoader@2bbf1be2
3780 [main] DEBUG org.aspectj.weaver.tools.WeavingAdaptor  - 16:58:03.300 main &gt; org.aspectj.weaver.tools.WeavingAdaptor.weaveClass org.aspectj.weaver.loadtime.ClassLoaderWeavingAdaptor@10b090ac org/springframework/aop/framework/ProxyFactory, byte[2858]
3780 [main] DEBUG org.aspectj.weaver.tools.WeavingAdaptor  - 16:58:03.300 main &lt; org.aspectj.weaver.tools.WeavingAdaptor.weaveClass false
3780 [main] DEBUG org.aspectj.weaver.loadtime.Aj  - 16:58:03.300 main &lt; org.aspectj.weaver.loadtime.Aj.preProcess byte[2858]
3780 [main] DEBUG org.aspectj.weaver.loadtime.Aj  - 16:58:03.300 main &gt; org.aspectj.weaver.loadtime.Aj.preProcess org.aspectj.weaver.loadtime.Aj@58027738 org/springframework/aop/framework/AopProxy, byte[227], org.springframework.test.jpa.OrmXmlOverridingShadowingClassLoader@2bbf1be2
3781 [main] DEBUG org.aspectj.weaver.loadtime.Aj  - 16:58:03.301 main - org.aspectj.weaver.loadtime.Aj.preProcess org.aspectj.weaver.loadtime.Aj@58027738 sun.misc.Launcher$AppClassLoader@302b2c81, org.springframework.test.jpa.OrmXmlOverridingShadowingClassLoader@2bbf1be2
3781 [main] DEBUG org.aspectj.weaver.tools.WeavingAdaptor  - 16:58:03.301 main &gt; org.aspectj.weaver.tools.WeavingAdaptor.weaveClass org.aspectj.weaver.loadtime.ClassLoaderWeavingAdaptor@10b090ac org/springframework/aop/framework/AopProxy, byte[227]
3781 [main] DEBUG org.aspectj.weaver.tools.WeavingAdaptor  - 16:58:03.301 main &lt; org.aspectj.weaver.tools.WeavingAdaptor.weaveClass false
3781 [main] DEBUG org.aspectj.weaver.loadtime.Aj  - 16:58:03.301 main &lt; org.aspectj.weaver.loadtime.Aj.preProcess byte[227]
3781 [main] DEBUG org.aspectj.weaver.loadtime.Aj  - 16:58:03.301 main &gt; org.aspectj.weaver.loadtime.Aj.preProcess org.aspectj.weaver.loadtime.Aj@58027738 org/springframework/aop/framework/ProxyCreatorSupport, byte[2701], org.springframework.test.jpa.OrmXmlOverridingShadowingClassLoader@2bbf1be2
3781 [main] DEBUG org.aspectj.weaver.loadtime.Aj  - 16:58:03.301 main - org.aspectj.weaver.loadtime.Aj.preProcess org.aspectj.weaver.loadtime.Aj@58027738 sun.misc.Launcher$AppClassLoader@302b2c81, org.springframework.test.jpa.OrmXmlOverridingShadowingClassLoader@2bbf1be2
3781 [main] DEBUG org.aspectj.weaver.tools.WeavingAdaptor  - 16:58:03.301 main &gt; org.aspectj.weaver.tools.WeavingAdaptor.weaveClass org.aspectj.weaver.loadtime.ClassLoaderWeavingAdaptor@10b090ac org/springframework/aop/framework/ProxyCreatorSupport, byte[2701]
3781 [main] DEBUG org.aspectj.weaver.tools.WeavingAdaptor  - 16:58:03.301 main &lt; org.aspectj.weaver.tools.WeavingAdaptor.weaveClass false
3781 [main] DEBUG org.aspectj.weaver.loadtime.Aj  - 16:58:03.301 main &lt; org.aspectj.weaver.loadtime.Aj.preProcess byte[2701]
3782 [main] DEBUG org.aspectj.weaver.loadtime.Aj  - 16:58:03.302 main &gt; org.aspectj.weaver.loadtime.Aj.preProcess org.aspectj.weaver.loadtime.Aj@58027738 org/springframework/aop/framework/AdvisedSupport, byte[12892], org.springframework.test.jpa.OrmXmlOverridingShadowingClassLoader@2bbf1be2
3782 [main] DEBUG org.aspectj.weaver.loadtime.Aj  - 16:58:03.302 main - org.aspectj.weaver.loadtime.Aj.preProcess org.aspectj.weaver.loadtime.Aj@58027738 sun.misc.Launcher$AppClassLoader@302b2c81, org.springframework.test.jpa.OrmXmlOverridingShadowingClassLoader@2bbf1be2
3782 [main] DEBUG org.aspectj.weaver.tools.WeavingAdaptor  - 16:58:03.302 main &gt; org.aspectj.weaver.tools.WeavingAdaptor.weaveClass org.aspectj.weaver.loadtime.ClassLoaderWeavingAdaptor@10b090ac org/springframework/aop/framework/AdvisedSupport, byte[12892]
3782 [main] DEBUG org.aspectj.weaver.tools.WeavingAdaptor  - 16:58:03.302 main &lt; org.aspectj.weaver.tools.WeavingAdaptor.weaveClass false
3782 [main] DEBUG org.aspectj.weaver.loadtime.Aj  - 16:58:03.302 main &lt; org.aspectj.weaver.loadtime.Aj.preProcess byte[12892]
3782 [main] DEBUG org.aspectj.weaver.loadtime.Aj  - 16:58:03.302 main &gt; org.aspectj.weaver.loadtime.Aj.preProcess org.aspectj.weaver.loadtime.Aj@58027738 org/springframework/aop/framework/Advised, byte[1362], org.springframework.test.jpa.OrmXmlOverridingShadowingClassLoader@2bbf1be2
3782 [main] DEBUG org.aspectj.weaver.loadtime.Aj  - 16:58:03.302 main - org.aspectj.weaver.loadtime.Aj.preProcess org.aspectj.weaver.loadtime.Aj@58027738 sun.misc.Launcher$AppClassLoader@302b2c81, org.springframework.test.jpa.OrmXmlOverridingShadowingClassLoader@2bbf1be2
3782 [main] DEBUG org.aspectj.weaver.tools.WeavingAdaptor  - 16:58:03.302 main &gt; org.aspectj.weaver.tools.WeavingAdaptor.weaveClass org.aspectj.weaver.loadtime.ClassLoaderWeavingAdaptor@10b090ac org/springframework/aop/framework/Advised, byte[1362]
3782 [main] DEBUG org.aspectj.weaver.tools.WeavingAdaptor  - 16:58:03.302 main &lt; org.aspectj.weaver.tools.WeavingAdaptor.weaveClass false
3782 [main] DEBUG org.aspectj.weaver.loadtime.Aj  - 16:58:03.302 main &lt; org.aspectj.weaver.loadtime.Aj.preProcess byte[1362]
3787 [main] DEBUG org.aspectj.weaver.loadtime.Aj  - 16:58:03.307 main &gt; org.aspectj.weaver.loadtime.Aj.preProcess org.aspectj.weaver.loadtime.Aj@58027738 org/springframework/context/support/DelegatingMessageSource, byte[2246], org.springframework.test.jpa.OrmXmlOverridingShadowingClassLoader@2bbf1be2
3787 [main] DEBUG org.aspectj.weaver.loadtime.Aj  - 16:58:03.307 main - org.aspectj.weaver.loadtime.Aj.preProcess org.aspectj.weaver.loadtime.Aj@58027738 sun.misc.Launcher$AppClassLoader@302b2c81, org.springframework.test.jpa.OrmXmlOverridingShadowingClassLoader@2bbf1be2
3787 [main] DEBUG org.aspectj.weaver.tools.WeavingAdaptor  - 16:58:03.307 main &gt; org.aspectj.weaver.tools.WeavingAdaptor.weaveClass org.aspectj.weaver.loadtime.ClassLoaderWeavingAdaptor@10b090ac org/springframework/context/support/DelegatingMessageSource, byte[2246]
3787 [main] DEBUG org.aspectj.weaver.tools.WeavingAdaptor  - 16:58:03.307 main &lt; org.aspectj.weaver.tools.WeavingAdaptor.weaveClass false
3787 [main] DEBUG org.aspectj.weaver.loadtime.Aj  - 16:58:03.307 main &lt; org.aspectj.weaver.loadtime.Aj.preProcess byte[2246]
3788 [main] DEBUG org.aspectj.weaver.loadtime.Aj  - 16:58:03.308 main &gt; org.aspectj.weaver.loadtime.Aj.preProcess org.aspectj.weaver.loadtime.Aj@58027738 org/springframework/context/HierarchicalMessageSource, byte[371], org.springframework.test.jpa.OrmXmlOverridingShadowingClassLoader@2bbf1be2
3788 [main] DEBUG org.aspectj.weaver.loadtime.Aj  - 16:58:03.308 main - org.aspectj.weaver.loadtime.Aj.preProcess org.aspectj.weaver.loadtime.Aj@58027738 sun.misc.Launcher$AppClassLoader@302b2c81, org.springframework.test.jpa.OrmXmlOverridingShadowingClassLoader@2bbf1be2
3788 [main] DEBUG org.aspectj.weaver.tools.WeavingAdaptor  - 16:58:03.308 main &gt; org.aspectj.weaver.tools.WeavingAdaptor.weaveClass org.aspectj.weaver.loadtime.ClassLoaderWeavingAdaptor@10b090ac org/springframework/context/HierarchicalMessageSource, byte[371]
3788 [main] DEBUG org.aspectj.weaver.tools.WeavingAdaptor  - 16:58:03.308 main &lt; org.aspectj.weaver.tools.WeavingAdaptor.weaveClass false
3788 [main] DEBUG org.aspectj.weaver.loadtime.Aj  - 16:58:03.308 main &lt; org.aspectj.weaver.loadtime.Aj.preProcess byte[371]
3788 [main] DEBUG org.aspectj.weaver.loadtime.Aj  - 16:58:03.308 main &gt; org.aspectj.weaver.loadtime.Aj.preProcess org.aspectj.weaver.loadtime.Aj@58027738 org/springframework/context/support/MessageSourceSupport, byte[2708], org.springframework.test.jpa.OrmXmlOverridingShadowingClassLoader@2bbf1be2
3789 [main] DEBUG org.aspectj.weaver.loadtime.Aj  - 16:58:03.309 main - org.aspectj.weaver.loadtime.Aj.preProcess org.aspectj.weaver.loadtime.Aj@58027738 sun.misc.Launcher$AppClassLoader@302b2c81, org.springframework.test.jpa.OrmXmlOverridingShadowingClassLoader@2bbf1be2
3789 [main] DEBUG org.aspectj.weaver.tools.WeavingAdaptor  - 16:58:03.309 main &gt; org.aspectj.weaver.tools.WeavingAdaptor.weaveClass org.aspectj.weaver.loadtime.ClassLoaderWeavingAdaptor@10b090ac org/springframework/context/support/MessageSourceSupport, byte[2708]
3789 [main] DEBUG org.aspectj.weaver.tools.WeavingAdaptor  - 16:58:03.309 main &lt; org.aspectj.weaver.tools.WeavingAdaptor.weaveClass false
3789 [main] DEBUG org.aspectj.weaver.loadtime.Aj  - 16:58:03.309 main &lt; org.aspectj.weaver.loadtime.Aj.preProcess byte[2708]
3790 [main] DEBUG org.aspectj.weaver.loadtime.Aj  - 16:58:03.309 main &gt; org.aspectj.weaver.loadtime.Aj.preProcess org.aspectj.weaver.loadtime.Aj@58027738 org/springframework/context/event/SimpleApplicationEventMulticaster, byte[1925], org.springframework.test.jpa.OrmXmlOverridingShadowingClassLoader@2bbf1be2
3790 [main] DEBUG org.aspectj.weaver.loadtime.Aj  - 16:58:03.310 main - org.aspectj.weaver.loadtime.Aj.preProcess org.aspectj.weaver.loadtime.Aj@58027738 sun.misc.Launcher$AppClassLoader@302b2c81, org.springframework.test.jpa.OrmXmlOverridingShadowingClassLoader@2bbf1be2
3790 [main] DEBUG org.aspectj.weaver.tools.WeavingAdaptor  - 16:58:03.310 main &gt; org.aspectj.weaver.tools.WeavingAdaptor.weaveClass org.aspectj.weaver.loadtime.ClassLoaderWeavingAdaptor@10b090ac org/springframework/context/event/SimpleApplicationEventMulticaster, byte[1925]
3790 [main] DEBUG org.aspectj.weaver.tools.WeavingAdaptor  - 16:58:03.310 main &lt; org.aspectj.weaver.tools.WeavingAdaptor.weaveClass false
3790 [main] DEBUG org.aspectj.weaver.loadtime.Aj  - 16:58:03.310 main &lt; org.aspectj.weaver.loadtime.Aj.preProcess byte[1925]
3790 [main] DEBUG org.aspectj.weaver.loadtime.Aj  - 16:58:03.310 main &gt; org.aspectj.weaver.loadtime.Aj.preProcess org.aspectj.weaver.loadtime.Aj@58027738 org/springframework/context/event/AbstractApplicationEventMulticaster, byte[2658], org.springframework.test.jpa.OrmXmlOverridingShadowingClassLoader@2bbf1be2
3790 [main] DEBUG org.aspectj.weaver.loadtime.Aj  - 16:58:03.310 main - org.aspectj.weaver.loadtime.Aj.preProcess org.aspectj.weaver.loadtime.Aj@58027738 sun.misc.Launcher$AppClassLoader@302b2c81, org.springframework.test.jpa.OrmXmlOverridingShadowingClassLoader@2bbf1be2
3790 [main] DEBUG org.aspectj.weaver.tools.WeavingAdaptor  - 16:58:03.310 main &gt; org.aspectj.weaver.tools.WeavingAdaptor.weaveClass org.aspectj.weaver.loadtime.ClassLoaderWeavingAdaptor@10b090ac org/springframework/context/event/AbstractApplicationEventMulticaster, byte[2658]
3790 [main] DEBUG org.aspectj.weaver.tools.WeavingAdaptor  - 16:58:03.310 main &lt; org.aspectj.weaver.tools.WeavingAdaptor.weaveClass false
3790 [main] DEBUG org.aspectj.weaver.loadtime.Aj  - 16:58:03.310 main &lt; org.aspectj.weaver.loadtime.Aj.preProcess byte[2658]
3791 [main] DEBUG org.aspectj.weaver.loadtime.Aj  - 16:58:03.311 main &gt; org.aspectj.weaver.loadtime.Aj.preProcess org.aspectj.weaver.loadtime.Aj@58027738 org/springframework/core/task/TaskExecutor, byte[179], org.springframework.test.jpa.OrmXmlOverridingShadowingClassLoader@2bbf1be2
3791 [main] DEBUG org.aspectj.weaver.loadtime.Aj  - 16:58:03.311 main - org.aspectj.weaver.loadtime.Aj.preProcess org.aspectj.weaver.loadtime.Aj@58027738 sun.misc.Launcher$AppClassLoader@302b2c81, org.springframework.test.jpa.OrmXmlOverridingShadowingClassLoader@2bbf1be2
3791 [main] DEBUG org.aspectj.weaver.tools.WeavingAdaptor  - 16:58:03.311 main &gt; org.aspectj.weaver.tools.WeavingAdaptor.weaveClass org.aspectj.weaver.loadtime.ClassLoaderWeavingAdaptor@10b090ac org/springframework/core/task/TaskExecutor, byte[179]
3792 [main] DEBUG org.aspectj.weaver.tools.WeavingAdaptor  - 16:58:03.312 main &lt; org.aspectj.weaver.tools.WeavingAdaptor.weaveClass false
3792 [main] DEBUG org.aspectj.weaver.loadtime.Aj  - 16:58:03.312 main &lt; org.aspectj.weaver.loadtime.Aj.preProcess byte[179]
3792 [main] DEBUG org.aspectj.weaver.loadtime.Aj  - 16:58:03.312 main &gt; org.aspectj.weaver.loadtime.Aj.preProcess org.aspectj.weaver.loadtime.Aj@58027738 org/springframework/core/task/SyncTaskExecutor, byte[734], org.springframework.test.jpa.OrmXmlOverridingShadowingClassLoader@2bbf1be2
3792 [main] DEBUG org.aspectj.weaver.loadtime.Aj  - 16:58:03.312 main - org.aspectj.weaver.loadtime.Aj.preProcess org.aspectj.weaver.loadtime.Aj@58027738 sun.misc.Launcher$AppClassLoader@302b2c81, org.springframework.test.jpa.OrmXmlOverridingShadowingClassLoader@2bbf1be2
3792 [main] DEBUG org.aspectj.weaver.tools.WeavingAdaptor  - 16:58:03.312 main &gt; org.aspectj.weaver.tools.WeavingAdaptor.weaveClass org.aspectj.weaver.loadtime.ClassLoaderWeavingAdaptor@10b090ac org/springframework/core/task/SyncTaskExecutor, byte[734]
3792 [main] DEBUG org.aspectj.weaver.tools.WeavingAdaptor  - 16:58:03.312 main &lt; org.aspectj.weaver.tools.WeavingAdaptor.weaveClass false
3793 [main] DEBUG org.aspectj.weaver.loadtime.Aj  - 16:58:03.312 main &lt; org.aspectj.weaver.loadtime.Aj.preProcess byte[734]
3794 [main] DEBUG org.aspectj.weaver.loadtime.Aj  - 16:58:03.314 main &gt; org.aspectj.weaver.loadtime.Aj.preProcess org.aspectj.weaver.loadtime.Aj@58027738 tudu/service/UserAlreadyExistsException, byte[460], org.springframework.test.jpa.OrmXmlOverridingShadowingClassLoader@2bbf1be2
3794 [main] DEBUG org.aspectj.weaver.loadtime.Aj  - 16:58:03.314 main - org.aspectj.weaver.loadtime.Aj.preProcess org.aspectj.weaver.loadtime.Aj@58027738 sun.misc.Launcher$AppClassLoader@302b2c81, org.springframework.test.jpa.OrmXmlOverridingShadowingClassLoader@2bbf1be2
3794 [main] DEBUG org.aspectj.weaver.tools.WeavingAdaptor  - 16:58:03.314 main &gt; org.aspectj.weaver.tools.WeavingAdaptor.weaveClass org.aspectj.weaver.loadtime.ClassLoaderWeavingAdaptor@10b090ac tudu/service/UserAlreadyExistsException, byte[460]
3794 [main] DEBUG org.aspectj.weaver.tools.WeavingAdaptor  - 16:58:03.314 main &lt; org.aspectj.weaver.tools.WeavingAdaptor.weaveClass false
3795 [main] DEBUG org.aspectj.weaver.loadtime.Aj  - 16:58:03.315 main &lt; org.aspectj.weaver.loadtime.Aj.preProcess byte[460]
3795 [main] DEBUG org.aspectj.weaver.loadtime.Aj  - 16:58:03.315 main &gt; org.aspectj.weaver.loadtime.Aj.preProcess org.aspectj.weaver.loadtime.Aj@58027738 org/springframework/orm/ObjectRetrievalFailureException, byte[2113], org.springframework.test.jpa.OrmXmlOverridingShadowingClassLoader@2bbf1be2
3795 [main] DEBUG org.aspectj.weaver.loadtime.Aj  - 16:58:03.315 main - org.aspectj.weaver.loadtime.Aj.preProcess org.aspectj.weaver.loadtime.Aj@58027738 sun.misc.Launcher$AppClassLoader@302b2c81, org.springframework.test.jpa.OrmXmlOverridingShadowingClassLoader@2bbf1be2
3795 [main] DEBUG org.aspectj.weaver.tools.WeavingAdaptor  - 16:58:03.315 main &gt; org.aspectj.weaver.tools.WeavingAdaptor.weaveClass org.aspectj.weaver.loadtime.ClassLoaderWeavingAdaptor@10b090ac org/springframework/orm/ObjectRetrievalFailureException, byte[2113]
3795 [main] DEBUG org.aspectj.weaver.tools.WeavingAdaptor  - 16:58:03.315 main &lt; org.aspectj.weaver.tools.WeavingAdaptor.weaveClass false
3795 [main] DEBUG org.aspectj.weaver.loadtime.Aj  - 16:58:03.315 main &lt; org.aspectj.weaver.loadtime.Aj.preProcess byte[2113]
3795 [main] DEBUG org.aspectj.weaver.loadtime.Aj  - 16:58:03.315 main &gt; org.aspectj.weaver.loadtime.Aj.preProcess org.aspectj.weaver.loadtime.Aj@58027738 org/springframework/dao/DataRetrievalFailureException, byte[633], org.springframework.test.jpa.OrmXmlOverridingShadowingClassLoader@2bbf1be2
3795 [main] DEBUG org.aspectj.weaver.loadtime.Aj  - 16:58:03.315 main - org.aspectj.weaver.loadtime.Aj.preProcess org.aspectj.weaver.loadtime.Aj@58027738 sun.misc.Launcher$AppClassLoader@302b2c81, org.springframework.test.jpa.OrmXmlOverridingShadowingClassLoader@2bbf1be2
3795 [main] DEBUG org.aspectj.weaver.tools.WeavingAdaptor  - 16:58:03.315 main &gt; org.aspectj.weaver.tools.WeavingAdaptor.weaveClass org.aspectj.weaver.loadtime.ClassLoaderWeavingAdaptor@10b090ac org/springframework/dao/DataRetrievalFailureException, byte[633]
3795 [main] DEBUG org.aspectj.weaver.tools.WeavingAdaptor  - 16:58:03.315 main &lt; org.aspectj.weaver.tools.WeavingAdaptor.weaveClass false
3795 [main] DEBUG org.aspectj.weaver.loadtime.Aj  - 16:58:03.315 main &lt; org.aspectj.weaver.loadtime.Aj.preProcess byte[633]
3796 [main] DEBUG org.aspectj.weaver.loadtime.Aj  - 16:58:03.316 main &gt; org.aspectj.weaver.loadtime.Aj.preProcess org.aspectj.weaver.loadtime.Aj@58027738 org/springframework/transaction/annotation/Transactional, byte[1199], org.springframework.test.jpa.OrmXmlOverridingShadowingClassLoader@2bbf1be2
3796 [main] DEBUG org.aspectj.weaver.loadtime.Aj  - 16:58:03.316 main - org.aspectj.weaver.loadtime.Aj.preProcess org.aspectj.weaver.loadtime.Aj@58027738 sun.misc.Launcher$AppClassLoader@302b2c81, org.springframework.test.jpa.OrmXmlOverridingShadowingClassLoader@2bbf1be2
3796 [main] DEBUG org.aspectj.weaver.tools.WeavingAdaptor  - 16:58:03.316 main &gt; org.aspectj.weaver.tools.WeavingAdaptor.weaveClass org.aspectj.weaver.loadtime.ClassLoaderWeavingAdaptor@10b090ac org/springframework/transaction/annotation/Transactional, byte[1199]
3796 [main] DEBUG org.aspectj.weaver.tools.WeavingAdaptor  - 16:58:03.316 main &lt; org.aspectj.weaver.tools.WeavingAdaptor.weaveClass false
3796 [main] DEBUG org.aspectj.weaver.loadtime.Aj  - 16:58:03.316 main &lt; org.aspectj.weaver.loadtime.Aj.preProcess byte[1199]
3797 [main] DEBUG org.aspectj.weaver.loadtime.Aj  - 16:58:03.316 main &gt; org.aspectj.weaver.loadtime.Aj.preProcess org.aspectj.weaver.loadtime.Aj@58027738 org/springframework/transaction/annotation/Propagation, byte[1591], org.springframework.test.jpa.OrmXmlOverridingShadowingClassLoader@2bbf1be2
3797 [main] DEBUG org.aspectj.weaver.loadtime.Aj  - 16:58:03.317 main - org.aspectj.weaver.loadtime.Aj.preProcess org.aspectj.weaver.loadtime.Aj@58027738 sun.misc.Launcher$AppClassLoader@302b2c81, org.springframework.test.jpa.OrmXmlOverridingShadowingClassLoader@2bbf1be2
3797 [main] DEBUG org.aspectj.weaver.tools.WeavingAdaptor  - 16:58:03.317 main &gt; org.aspectj.weaver.tools.WeavingAdaptor.weaveClass org.aspectj.weaver.loadtime.ClassLoaderWeavingAdaptor@10b090ac org/springframework/transaction/annotation/Propagation, byte[1591]
3797 [main] DEBUG org.aspectj.weaver.tools.WeavingAdaptor  - 16:58:03.317 main &lt; org.aspectj.weaver.tools.WeavingAdaptor.weaveClass false
3797 [main] DEBUG org.aspectj.weaver.loadtime.Aj  - 16:58:03.317 main &lt; org.aspectj.weaver.loadtime.Aj.preProcess byte[1591]
3797 [main] DEBUG org.aspectj.weaver.loadtime.Aj  - 16:58:03.317 main &gt; org.aspectj.weaver.loadtime.Aj.preProcess org.aspectj.weaver.loadtime.Aj@58027738 org/springframework/transaction/annotation/Isolation, byte[1481], org.springframework.test.jpa.OrmXmlOverridingShadowingClassLoader@2bbf1be2
3797 [main] DEBUG org.aspectj.weaver.loadtime.Aj  - 16:58:03.317 main - org.aspectj.weaver.loadtime.Aj.preProcess org.aspectj.weaver.loadtime.Aj@58027738 sun.misc.Launcher$AppClassLoader@302b2c81, org.springframework.test.jpa.OrmXmlOverridingShadowingClassLoader@2bbf1be2
3797 [main] DEBUG org.aspectj.weaver.tools.WeavingAdaptor  - 16:58:03.317 main &gt; org.aspectj.weaver.tools.WeavingAdaptor.weaveClass org.aspectj.weaver.loadtime.ClassLoaderWeavingAdaptor@10b090ac org/springframework/transaction/annotation/Isolation, byte[1481]
3797 [main] DEBUG org.aspectj.weaver.tools.WeavingAdaptor  - 16:58:03.317 main &lt; org.aspectj.weaver.tools.WeavingAdaptor.weaveClass false
3797 [main] DEBUG org.aspectj.weaver.loadtime.Aj  - 16:58:03.317 main &lt; org.aspectj.weaver.loadtime.Aj.preProcess byte[1481]
3806 [main] DEBUG org.aspectj.weaver.loadtime.Aj  - 16:58:03.326 main &gt; org.aspectj.weaver.loadtime.Aj.preProcess org.aspectj.weaver.loadtime.Aj@58027738 org/springframework/beans/factory/support/FactoryBeanRegistrySupport$1, byte[2304], org.springframework.test.jpa.OrmXmlOverridingShadowingClassLoader@2bbf1be2
3806 [main] DEBUG org.aspectj.weaver.loadtime.Aj  - 16:58:03.326 main - org.aspectj.weaver.loadtime.Aj.preProcess org.aspectj.weaver.loadtime.Aj@58027738 sun.misc.Launcher$AppClassLoader@302b2c81, org.springframework.test.jpa.OrmXmlOverridingShadowingClassLoader@2bbf1be2
3806 [main] DEBUG org.aspectj.weaver.tools.WeavingAdaptor  - 16:58:03.326 main &gt; org.aspectj.weaver.tools.WeavingAdaptor.weaveClass org.aspectj.weaver.loadtime.ClassLoaderWeavingAdaptor@10b090ac org/springframework/beans/factory/support/FactoryBeanRegistrySupport$1, byte[2304]
3806 [main] DEBUG org.aspectj.weaver.tools.WeavingAdaptor  - 16:58:03.326 main &lt; org.aspectj.weaver.tools.WeavingAdaptor.weaveClass false
3806 [main] DEBUG org.aspectj.weaver.loadtime.Aj  - 16:58:03.326 main &lt; org.aspectj.weaver.loadtime.Aj.preProcess byte[2304]
3806 [main] DEBUG org.aspectj.weaver.loadtime.Aj  - 16:58:03.326 main &gt; org.aspectj.weaver.loadtime.Aj.preProcess org.aspectj.weaver.loadtime.Aj@58027738 org/springframework/beans/factory/FactoryBeanNotInitializedException, byte[602], org.springframework.test.jpa.OrmXmlOverridingShadowingClassLoader@2bbf1be2
3806 [main] DEBUG org.aspectj.weaver.loadtime.Aj  - 16:58:03.326 main - org.aspectj.weaver.loadtime.Aj.preProcess org.aspectj.weaver.loadtime.Aj@58027738 sun.misc.Launcher$AppClassLoader@302b2c81, org.springframework.test.jpa.OrmXmlOverridingShadowingClassLoader@2bbf1be2
3806 [main] DEBUG org.aspectj.weaver.tools.WeavingAdaptor  - 16:58:03.326 main &gt; org.aspectj.weaver.tools.WeavingAdaptor.weaveClass org.aspectj.weaver.loadtime.ClassLoaderWeavingAdaptor@10b090ac org/springframework/beans/factory/FactoryBeanNotInitializedException, byte[602]
3806 [main] DEBUG org.aspectj.weaver.tools.WeavingAdaptor  - 16:58:03.326 main &lt; org.aspectj.weaver.tools.WeavingAdaptor.weaveClass false
3806 [main] DEBUG org.aspectj.weaver.loadtime.Aj  - 16:58:03.326 main &lt; org.aspectj.weaver.loadtime.Aj.preProcess byte[602]
3808 [main] DEBUG org.aspectj.weaver.loadtime.Aj  - 16:58:03.328 main &gt; org.aspectj.weaver.loadtime.Aj.preProcess org.aspectj.weaver.loadtime.Aj@58027738 org/springframework/aop/TrueClassFilter, byte[828], org.springframework.test.jpa.OrmXmlOverridingShadowingClassLoader@2bbf1be2
3808 [main] DEBUG org.aspectj.weaver.loadtime.Aj  - 16:58:03.328 main - org.aspectj.weaver.loadtime.Aj.preProcess org.aspectj.weaver.loadtime.Aj@58027738 sun.misc.Launcher$AppClassLoader@302b2c81, org.springframework.test.jpa.OrmXmlOverridingShadowingClassLoader@2bbf1be2
3808 [main] DEBUG org.aspectj.weaver.tools.WeavingAdaptor  - 16:58:03.328 main &gt; org.aspectj.weaver.tools.WeavingAdaptor.weaveClass org.aspectj.weaver.loadtime.ClassLoaderWeavingAdaptor@10b090ac org/springframework/aop/TrueClassFilter, byte[828]
3808 [main] DEBUG org.aspectj.weaver.tools.WeavingAdaptor  - 16:58:03.328 main &lt; org.aspectj.weaver.tools.WeavingAdaptor.weaveClass false
3808 [main] DEBUG org.aspectj.weaver.loadtime.Aj  - 16:58:03.328 main &lt; org.aspectj.weaver.loadtime.Aj.preProcess byte[828]
3811 [main] DEBUG org.aspectj.weaver.loadtime.Aj  - 16:58:03.331 main &gt; org.aspectj.weaver.loadtime.Aj.preProcess org.aspectj.weaver.loadtime.Aj@58027738 org/springframework/transaction/annotation/TransactionAnnotationParser, byte[322], org.springframework.test.jpa.OrmXmlOverridingShadowingClassLoader@2bbf1be2
3811 [main] DEBUG org.aspectj.weaver.loadtime.Aj  - 16:58:03.331 main - org.aspectj.weaver.loadtime.Aj.preProcess org.aspectj.weaver.loadtime.Aj@58027738 sun.misc.Launcher$AppClassLoader@302b2c81, org.springframework.test.jpa.OrmXmlOverridingShadowingClassLoader@2bbf1be2
3811 [main] DEBUG org.aspectj.weaver.tools.WeavingAdaptor  - 16:58:03.331 main &gt; org.aspectj.weaver.tools.WeavingAdaptor.weaveClass org.aspectj.weaver.loadtime.ClassLoaderWeavingAdaptor@10b090ac org/springframework/transaction/annotation/TransactionAnnotationParser, byte[322]
3811 [main] DEBUG org.aspectj.weaver.tools.WeavingAdaptor  - 16:58:03.331 main &lt; org.aspectj.weaver.tools.WeavingAdaptor.weaveClass false
3811 [main] DEBUG org.aspectj.weaver.loadtime.Aj  - 16:58:03.331 main &lt; org.aspectj.weaver.loadtime.Aj.preProcess byte[322]
3812 [main] DEBUG org.aspectj.weaver.loadtime.Aj  - 16:58:03.332 main &gt; org.aspectj.weaver.loadtime.Aj.preProcess org.aspectj.weaver.loadtime.Aj@58027738 org/springframework/transaction/annotation/SpringTransactionAnnotationParser, byte[3403], org.springframework.test.jpa.OrmXmlOverridingShadowingClassLoader@2bbf1be2
3812 [main] DEBUG org.aspectj.weaver.loadtime.Aj  - 16:58:03.332 main - org.aspectj.weaver.loadtime.Aj.preProcess org.aspectj.weaver.loadtime.Aj@58027738 sun.misc.Launcher$AppClassLoader@302b2c81, org.springframework.test.jpa.OrmXmlOverridingShadowingClassLoader@2bbf1be2
3812 [main] DEBUG org.aspectj.weaver.tools.WeavingAdaptor  - 16:58:03.332 main &gt; org.aspectj.weaver.tools.WeavingAdaptor.weaveClass org.aspectj.weaver.loadtime.ClassLoaderWeavingAdaptor@10b090ac org/springframework/transaction/annotation/SpringTransactionAnnotationParser, byte[3403]
3812 [main] DEBUG org.aspectj.weaver.tools.WeavingAdaptor  - 16:58:03.332 main &lt; org.aspectj.weaver.tools.WeavingAdaptor.weaveClass false
3812 [main] DEBUG org.aspectj.weaver.loadtime.Aj  - 16:58:03.332 main &lt; org.aspectj.weaver.loadtime.Aj.preProcess byte[3403]
3814 [main] DEBUG org.aspectj.weaver.loadtime.Aj  - 16:58:03.334 main &gt; org.aspectj.weaver.loadtime.Aj.preProcess org.aspectj.weaver.loadtime.Aj@58027738 org/springframework/aop/framework/autoproxy/ProxyCreationContext, byte[976], org.springframework.test.jpa.OrmXmlOverridingShadowingClassLoader@2bbf1be2
3814 [main] DEBUG org.aspectj.weaver.loadtime.Aj  - 16:58:03.334 main - org.aspectj.weaver.loadtime.Aj.preProcess org.aspectj.weaver.loadtime.Aj@58027738 sun.misc.Launcher$AppClassLoader@302b2c81, org.springframework.test.jpa.OrmXmlOverridingShadowingClassLoader@2bbf1be2
3814 [main] DEBUG org.aspectj.weaver.tools.WeavingAdaptor  - 16:58:03.334 main &gt; org.aspectj.weaver.tools.WeavingAdaptor.weaveClass org.aspectj.weaver.loadtime.ClassLoaderWeavingAdaptor@10b090ac org/springframework/aop/framework/autoproxy/ProxyCreationContext, byte[976]
3814 [main] DEBUG org.aspectj.weaver.tools.WeavingAdaptor  - 16:58:03.334 main &lt; org.aspectj.weaver.tools.WeavingAdaptor.weaveClass false
3814 [main] DEBUG org.aspectj.weaver.loadtime.Aj  - 16:58:03.334 main &lt; org.aspectj.weaver.loadtime.Aj.preProcess byte[976]
3815 [main] DEBUG org.aspectj.weaver.loadtime.Aj  - 16:58:03.335 main &gt; org.aspectj.weaver.loadtime.Aj.preProcess org.aspectj.weaver.loadtime.Aj@58027738 org/springframework/aop/support/AopUtils, byte[6878], org.springframework.test.jpa.OrmXmlOverridingShadowingClassLoader@2bbf1be2
3815 [main] DEBUG org.aspectj.weaver.loadtime.Aj  - 16:58:03.335 main - org.aspectj.weaver.loadtime.Aj.preProcess org.aspectj.weaver.loadtime.Aj@58027738 sun.misc.Launcher$AppClassLoader@302b2c81, org.springframework.test.jpa.OrmXmlOverridingShadowingClassLoader@2bbf1be2
3815 [main] DEBUG org.aspectj.weaver.tools.WeavingAdaptor  - 16:58:03.335 main &gt; org.aspectj.weaver.tools.WeavingAdaptor.weaveClass org.aspectj.weaver.loadtime.ClassLoaderWeavingAdaptor@10b090ac org/springframework/aop/support/AopUtils, byte[6878]
3815 [main] DEBUG org.aspectj.weaver.tools.WeavingAdaptor  - 16:58:03.335 main &lt; org.aspectj.weaver.tools.WeavingAdaptor.weaveClass false
3815 [main] DEBUG org.aspectj.weaver.loadtime.Aj  - 16:58:03.335 main &lt; org.aspectj.weaver.loadtime.Aj.preProcess byte[6878]
3816 [main] DEBUG org.aspectj.weaver.loadtime.Aj  - 16:58:03.336 main &gt; org.aspectj.weaver.loadtime.Aj.preProcess org.aspectj.weaver.loadtime.Aj@58027738 org/springframework/aop/AopInvocationException, byte[604], org.springframework.test.jpa.OrmXmlOverridingShadowingClassLoader@2bbf1be2
3816 [main] DEBUG org.aspectj.weaver.loadtime.Aj  - 16:58:03.336 main - org.aspectj.weaver.loadtime.Aj.preProcess org.aspectj.weaver.loadtime.Aj@58027738 sun.misc.Launcher$AppClassLoader@302b2c81, org.springframework.test.jpa.OrmXmlOverridingShadowingClassLoader@2bbf1be2
3816 [main] DEBUG org.aspectj.weaver.tools.WeavingAdaptor  - 16:58:03.336 main &gt; org.aspectj.weaver.tools.WeavingAdaptor.weaveClass org.aspectj.weaver.loadtime.ClassLoaderWeavingAdaptor@10b090ac org/springframework/aop/AopInvocationException, byte[604]
3816 [main] DEBUG org.aspectj.weaver.tools.WeavingAdaptor  - 16:58:03.336 main &lt; org.aspectj.weaver.tools.WeavingAdaptor.weaveClass false
3816 [main] DEBUG org.aspectj.weaver.loadtime.Aj  - 16:58:03.336 main &lt; org.aspectj.weaver.loadtime.Aj.preProcess byte[604]
3816 [main] DEBUG org.aspectj.weaver.loadtime.Aj  - 16:58:03.336 main &gt; org.aspectj.weaver.loadtime.Aj.preProcess org.aspectj.weaver.loadtime.Aj@58027738 org/springframework/aop/IntroductionAdvisor, byte[395], org.springframework.test.jpa.OrmXmlOverridingShadowingClassLoader@2bbf1be2
3816 [main] DEBUG org.aspectj.weaver.loadtime.Aj  - 16:58:03.336 main - org.aspectj.weaver.loadtime.Aj.preProcess org.aspectj.weaver.loadtime.Aj@58027738 sun.misc.Launcher$AppClassLoader@302b2c81, org.springframework.test.jpa.OrmXmlOverridingShadowingClassLoader@2bbf1be2
3816 [main] DEBUG org.aspectj.weaver.tools.WeavingAdaptor  - 16:58:03.336 main &gt; org.aspectj.weaver.tools.WeavingAdaptor.weaveClass org.aspectj.weaver.loadtime.ClassLoaderWeavingAdaptor@10b090ac org/springframework/aop/IntroductionAdvisor, byte[395]
3816 [main] DEBUG org.aspectj.weaver.tools.WeavingAdaptor  - 16:58:03.336 main &lt; org.aspectj.weaver.tools.WeavingAdaptor.weaveClass false
3816 [main] DEBUG org.aspectj.weaver.loadtime.Aj  - 16:58:03.336 main &lt; org.aspectj.weaver.loadtime.Aj.preProcess byte[395]
3816 [main] DEBUG org.aspectj.weaver.loadtime.Aj  - 16:58:03.336 main &gt; org.aspectj.weaver.loadtime.Aj.preProcess org.aspectj.weaver.loadtime.Aj@58027738 org/springframework/aop/IntroductionInfo, byte[184], org.springframework.test.jpa.OrmXmlOverridingShadowingClassLoader@2bbf1be2
3816 [main] DEBUG org.aspectj.weaver.loadtime.Aj  - 16:58:03.336 main - org.aspectj.weaver.loadtime.Aj.preProcess org.aspectj.weaver.loadtime.Aj@58027738 sun.misc.Launcher$AppClassLoader@302b2c81, org.springframework.test.jpa.OrmXmlOverridingShadowingClassLoader@2bbf1be2
3816 [main] DEBUG org.aspectj.weaver.tools.WeavingAdaptor  - 16:58:03.336 main &gt; org.aspectj.weaver.tools.WeavingAdaptor.weaveClass org.aspectj.weaver.loadtime.ClassLoaderWeavingAdaptor@10b090ac org/springframework/aop/IntroductionInfo, byte[184]
3817 [main] DEBUG org.aspectj.weaver.tools.WeavingAdaptor  - 16:58:03.337 main &lt; org.aspectj.weaver.tools.WeavingAdaptor.weaveClass false
3817 [main] DEBUG org.aspectj.weaver.loadtime.Aj  - 16:58:03.337 main &lt; org.aspectj.weaver.loadtime.Aj.preProcess byte[184]
3817 [main] DEBUG org.aspectj.weaver.loadtime.Aj  - 16:58:03.337 main &gt; org.aspectj.weaver.loadtime.Aj.preProcess org.aspectj.weaver.loadtime.Aj@58027738 org/springframework/core/annotation/AnnotationUtils, byte[6368], org.springframework.test.jpa.OrmXmlOverridingShadowingClassLoader@2bbf1be2
3817 [main] DEBUG org.aspectj.weaver.loadtime.Aj  - 16:58:03.337 main - org.aspectj.weaver.loadtime.Aj.preProcess org.aspectj.weaver.loadtime.Aj@58027738 sun.misc.Launcher$AppClassLoader@302b2c81, org.springframework.test.jpa.OrmXmlOverridingShadowingClassLoader@2bbf1be2
3817 [main] DEBUG org.aspectj.weaver.tools.WeavingAdaptor  - 16:58:03.337 main &gt; org.aspectj.weaver.tools.WeavingAdaptor.weaveClass org.aspectj.weaver.loadtime.ClassLoaderWeavingAdaptor@10b090ac org/springframework/core/annotation/AnnotationUtils, byte[6368]
3817 [main] DEBUG org.aspectj.weaver.tools.WeavingAdaptor  - 16:58:03.337 main &lt; org.aspectj.weaver.tools.WeavingAdaptor.weaveClass false
3817 [main] DEBUG org.aspectj.weaver.loadtime.Aj  - 16:58:03.337 main &lt; org.aspectj.weaver.loadtime.Aj.preProcess byte[6368]
3818 [main] DEBUG org.aspectj.weaver.loadtime.Aj  - 16:58:03.338 main &gt; org.aspectj.weaver.loadtime.Aj.preProcess org.aspectj.weaver.loadtime.Aj@58027738 org/springframework/aop/IntroductionAwareMethodMatcher, byte[278], org.springframework.test.jpa.OrmXmlOverridingShadowingClassLoader@2bbf1be2
3818 [main] DEBUG org.aspectj.weaver.loadtime.Aj  - 16:58:03.338 main - org.aspectj.weaver.loadtime.Aj.preProcess org.aspectj.weaver.loadtime.Aj@58027738 sun.misc.Launcher$AppClassLoader@302b2c81, org.springframework.test.jpa.OrmXmlOverridingShadowingClassLoader@2bbf1be2
3818 [main] DEBUG org.aspectj.weaver.tools.WeavingAdaptor  - 16:58:03.338 main &gt; org.aspectj.weaver.tools.WeavingAdaptor.weaveClass org.aspectj.weaver.loadtime.ClassLoaderWeavingAdaptor@10b090ac org/springframework/aop/IntroductionAwareMethodMatcher, byte[278]
3818 [main] DEBUG org.aspectj.weaver.tools.WeavingAdaptor  - 16:58:03.338 main &lt; org.aspectj.weaver.tools.WeavingAdaptor.weaveClass false
3818 [main] DEBUG org.aspectj.weaver.loadtime.Aj  - 16:58:03.338 main &lt; org.aspectj.weaver.loadtime.Aj.preProcess byte[278]
3819 [main] DEBUG org.aspectj.weaver.loadtime.Aj  - 16:58:03.339 main &gt; org.aspectj.weaver.loadtime.Aj.preProcess org.aspectj.weaver.loadtime.Aj@58027738 org/springframework/transaction/interceptor/AbstractFallbackTransactionAttributeSource$DefaultCacheKey, byte[1304], org.springframework.test.jpa.OrmXmlOverridingShadowingClassLoader@2bbf1be2
3819 [main] DEBUG org.aspectj.weaver.loadtime.Aj  - 16:58:03.339 main - org.aspectj.weaver.loadtime.Aj.preProcess org.aspectj.weaver.loadtime.Aj@58027738 sun.misc.Launcher$AppClassLoader@302b2c81, org.springframework.test.jpa.OrmXmlOverridingShadowingClassLoader@2bbf1be2
3819 [main] DEBUG org.aspectj.weaver.tools.WeavingAdaptor  - 16:58:03.339 main &gt; org.aspectj.weaver.tools.WeavingAdaptor.weaveClass org.aspectj.weaver.loadtime.ClassLoaderWeavingAdaptor@10b090ac org/springframework/transaction/interceptor/AbstractFallbackTransactionAttributeSource$DefaultCacheKey, byte[1304]
3819 [main] DEBUG org.aspectj.weaver.tools.WeavingAdaptor  - 16:58:03.339 main &lt; org.aspectj.weaver.tools.WeavingAdaptor.weaveClass false
3819 [main] DEBUG org.aspectj.weaver.loadtime.Aj  - 16:58:03.339 main &lt; org.aspectj.weaver.loadtime.Aj.preProcess byte[1304]
3821 [main] DEBUG org.aspectj.weaver.loadtime.Aj  - 16:58:03.341 main &gt; org.aspectj.weaver.loadtime.Aj.preProcess org.aspectj.weaver.loadtime.Aj@58027738 org/springframework/orm/jpa/SharedEntityManagerCreator, byte[2762], org.springframework.test.jpa.OrmXmlOverridingShadowingClassLoader@2bbf1be2
3821 [main] DEBUG org.aspectj.weaver.loadtime.Aj  - 16:58:03.341 main - org.aspectj.weaver.loadtime.Aj.preProcess org.aspectj.weaver.loadtime.Aj@58027738 sun.misc.Launcher$AppClassLoader@302b2c81, org.springframework.test.jpa.OrmXmlOverridingShadowingClassLoader@2bbf1be2
3821 [main] DEBUG org.aspectj.weaver.tools.WeavingAdaptor  - 16:58:03.341 main &gt; org.aspectj.weaver.tools.WeavingAdaptor.weaveClass org.aspectj.weaver.loadtime.ClassLoaderWeavingAdaptor@10b090ac org/springframework/orm/jpa/SharedEntityManagerCreator, byte[2762]
3821 [main] DEBUG org.aspectj.weaver.tools.WeavingAdaptor  - 16:58:03.341 main &lt; org.aspectj.weaver.tools.WeavingAdaptor.weaveClass false
3821 [main] DEBUG org.aspectj.weaver.loadtime.Aj  - 16:58:03.341 main &lt; org.aspectj.weaver.loadtime.Aj.preProcess byte[2762]
3821 [main] DEBUG org.aspectj.weaver.loadtime.Aj  - 16:58:03.341 main &gt; org.aspectj.weaver.loadtime.Aj.preProcess org.aspectj.weaver.loadtime.Aj@58027738 org/springframework/orm/jpa/EntityManagerProxy, byte[315], org.springframework.test.jpa.OrmXmlOverridingShadowingClassLoader@2bbf1be2
3821 [main] DEBUG org.aspectj.weaver.loadtime.Aj  - 16:58:03.341 main - org.aspectj.weaver.loadtime.Aj.preProcess org.aspectj.weaver.loadtime.Aj@58027738 sun.misc.Launcher$AppClassLoader@302b2c81, org.springframework.test.jpa.OrmXmlOverridingShadowingClassLoader@2bbf1be2
3821 [main] DEBUG org.aspectj.weaver.tools.WeavingAdaptor  - 16:58:03.341 main &gt; org.aspectj.weaver.tools.WeavingAdaptor.weaveClass org.aspectj.weaver.loadtime.ClassLoaderWeavingAdaptor@10b090ac org/springframework/orm/jpa/EntityManagerProxy, byte[315]
3821 [main] DEBUG org.aspectj.weaver.tools.WeavingAdaptor  - 16:58:03.341 main &lt; org.aspectj.weaver.tools.WeavingAdaptor.weaveClass false
3821 [main] DEBUG org.aspectj.weaver.loadtime.Aj  - 16:58:03.341 main &lt; org.aspectj.weaver.loadtime.Aj.preProcess byte[315]
3822 [main] DEBUG org.aspectj.weaver.loadtime.Aj  - 16:58:03.342 main &gt; org.aspectj.weaver.loadtime.Aj.preProcess org.aspectj.weaver.loadtime.Aj@58027738 org/springframework/orm/jpa/SharedEntityManagerCreator$SharedEntityManagerInvocationHandler, byte[4499], org.springframework.test.jpa.OrmXmlOverridingShadowingClassLoader@2bbf1be2
3822 [main] DEBUG org.aspectj.weaver.loadtime.Aj  - 16:58:03.342 main - org.aspectj.weaver.loadtime.Aj.preProcess org.aspectj.weaver.loadtime.Aj@58027738 sun.misc.Launcher$AppClassLoader@302b2c81, org.springframework.test.jpa.OrmXmlOverridingShadowingClassLoader@2bbf1be2
3822 [main] DEBUG org.aspectj.weaver.tools.WeavingAdaptor  - 16:58:03.342 main &gt; org.aspectj.weaver.tools.WeavingAdaptor.weaveClass org.aspectj.weaver.loadtime.ClassLoaderWeavingAdaptor@10b090ac org/springframework/orm/jpa/SharedEntityManagerCreator$SharedEntityManagerInvocationHandler, byte[4499]
3822 [main] DEBUG org.aspectj.weaver.tools.WeavingAdaptor  - 16:58:03.342 main &lt; org.aspectj.weaver.tools.WeavingAdaptor.weaveClass false
3822 [main] DEBUG org.aspectj.weaver.loadtime.Aj  - 16:58:03.342 main &lt; org.aspectj.weaver.loadtime.Aj.preProcess byte[4499]
3826 [main] DEBUG org.aspectj.weaver.loadtime.Aj  - 16:58:03.346 main &gt; org.aspectj.weaver.loadtime.Aj.preProcess org.aspectj.weaver.loadtime.Aj@58027738 org/springframework/stereotype/Component, byte[503], org.springframework.test.jpa.OrmXmlOverridingShadowingClassLoader@2bbf1be2
3826 [main] DEBUG org.aspectj.weaver.loadtime.Aj  - 16:58:03.346 main - org.aspectj.weaver.loadtime.Aj.preProcess org.aspectj.weaver.loadtime.Aj@58027738 sun.misc.Launcher$AppClassLoader@302b2c81, org.springframework.test.jpa.OrmXmlOverridingShadowingClassLoader@2bbf1be2
3826 [main] DEBUG org.aspectj.weaver.tools.WeavingAdaptor  - 16:58:03.346 main &gt; org.aspectj.weaver.tools.WeavingAdaptor.weaveClass org.aspectj.weaver.loadtime.ClassLoaderWeavingAdaptor@10b090ac org/springframework/stereotype/Component, byte[503]
3826 [main] DEBUG org.aspectj.weaver.tools.WeavingAdaptor  - 16:58:03.346 main &lt; org.aspectj.weaver.tools.WeavingAdaptor.weaveClass false
3826 [main] DEBUG org.aspectj.weaver.loadtime.Aj  - 16:58:03.346 main &lt; org.aspectj.weaver.loadtime.Aj.preProcess byte[503]
3827 [main] DEBUG org.aspectj.weaver.loadtime.Aj  - 16:58:03.347 main &gt; org.aspectj.weaver.loadtime.Aj.preProcess org.aspectj.weaver.loadtime.Aj@58027738 org/springframework/aop/framework/AopConfigException, byte[612], org.springframework.test.jpa.OrmXmlOverridingShadowingClassLoader@2bbf1be2
3827 [main] DEBUG org.aspectj.weaver.loadtime.Aj  - 16:58:03.347 main - org.aspectj.weaver.loadtime.Aj.preProcess org.aspectj.weaver.loadtime.Aj@58027738 sun.misc.Launcher$AppClassLoader@302b2c81, org.springframework.test.jpa.OrmXmlOverridingShadowingClassLoader@2bbf1be2
3827 [main] DEBUG org.aspectj.weaver.tools.WeavingAdaptor  - 16:58:03.347 main &gt; org.aspectj.weaver.tools.WeavingAdaptor.weaveClass org.aspectj.weaver.loadtime.ClassLoaderWeavingAdaptor@10b090ac org/springframework/aop/framework/AopConfigException, byte[612]
3827 [main] DEBUG org.aspectj.weaver.tools.WeavingAdaptor  - 16:58:03.347 main &lt; org.aspectj.weaver.tools.WeavingAdaptor.weaveClass false
3828 [main] DEBUG org.aspectj.weaver.loadtime.Aj  - 16:58:03.348 main &lt; org.aspectj.weaver.loadtime.Aj.preProcess byte[612]
3828 [main] DEBUG org.aspectj.weaver.loadtime.Aj  - 16:58:03.348 main &gt; org.aspectj.weaver.loadtime.Aj.preProcess org.aspectj.weaver.loadtime.Aj@58027738 org/springframework/aop/framework/AdvisorChainFactory, byte[314], org.springframework.test.jpa.OrmXmlOverridingShadowingClassLoader@2bbf1be2
3828 [main] DEBUG org.aspectj.weaver.loadtime.Aj  - 16:58:03.348 main - org.aspectj.weaver.loadtime.Aj.preProcess org.aspectj.weaver.loadtime.Aj@58027738 sun.misc.Launcher$AppClassLoader@302b2c81, org.springframework.test.jpa.OrmXmlOverridingShadowingClassLoader@2bbf1be2
3828 [main] DEBUG org.aspectj.weaver.tools.WeavingAdaptor  - 16:58:03.348 main &gt; org.aspectj.weaver.tools.WeavingAdaptor.weaveClass org.aspectj.weaver.loadtime.ClassLoaderWeavingAdaptor@10b090ac org/springframework/aop/framework/AdvisorChainFactory, byte[314]
3828 [main] DEBUG org.aspectj.weaver.tools.WeavingAdaptor  - 16:58:03.348 main &lt; org.aspectj.weaver.tools.WeavingAdaptor.weaveClass false
3828 [main] DEBUG org.aspectj.weaver.loadtime.Aj  - 16:58:03.348 main &lt; org.aspectj.weaver.loadtime.Aj.preProcess byte[314]
3829 [main] DEBUG org.aspectj.weaver.loadtime.Aj  - 16:58:03.349 main &gt; org.aspectj.weaver.loadtime.Aj.preProcess org.aspectj.weaver.loadtime.Aj@58027738 org/springframework/aop/framework/AopProxyFactory, byte[350], org.springframework.test.jpa.OrmXmlOverridingShadowingClassLoader@2bbf1be2
3829 [main] DEBUG org.aspectj.weaver.loadtime.Aj  - 16:58:03.349 main - org.aspectj.weaver.loadtime.Aj.preProcess org.aspectj.weaver.loadtime.Aj@58027738 sun.misc.Launcher$AppClassLoader@302b2c81, org.springframework.test.jpa.OrmXmlOverridingShadowingClassLoader@2bbf1be2
3829 [main] DEBUG org.aspectj.weaver.tools.WeavingAdaptor  - 16:58:03.349 main &gt; org.aspectj.weaver.tools.WeavingAdaptor.weaveClass org.aspectj.weaver.loadtime.ClassLoaderWeavingAdaptor@10b090ac org/springframework/aop/framework/AopProxyFactory, byte[350]
3829 [main] DEBUG org.aspectj.weaver.tools.WeavingAdaptor  - 16:58:03.349 main &lt; org.aspectj.weaver.tools.WeavingAdaptor.weaveClass false
3829 [main] DEBUG org.aspectj.weaver.loadtime.Aj  - 16:58:03.349 main &lt; org.aspectj.weaver.loadtime.Aj.preProcess byte[350]
3829 [main] DEBUG org.aspectj.weaver.loadtime.Aj  - 16:58:03.349 main &gt; org.aspectj.weaver.loadtime.Aj.preProcess org.aspectj.weaver.loadtime.Aj@58027738 org/springframework/aop/target/EmptyTargetSource, byte[2984], org.springframework.test.jpa.OrmXmlOverridingShadowingClassLoader@2bbf1be2
3829 [main] DEBUG org.aspectj.weaver.loadtime.Aj  - 16:58:03.349 main - org.aspectj.weaver.loadtime.Aj.preProcess org.aspectj.weaver.loadtime.Aj@58027738 sun.misc.Launcher$AppClassLoader@302b2c81, org.springframework.test.jpa.OrmXmlOverridingShadowingClassLoader@2bbf1be2
3829 [main] DEBUG org.aspectj.weaver.tools.WeavingAdaptor  - 16:58:03.349 main &gt; org.aspectj.weaver.tools.WeavingAdaptor.weaveClass org.aspectj.weaver.loadtime.ClassLoaderWeavingAdaptor@10b090ac org/springframework/aop/target/EmptyTargetSource, byte[2984]
3829 [main] DEBUG org.aspectj.weaver.tools.WeavingAdaptor  - 16:58:03.349 main &lt; org.aspectj.weaver.tools.WeavingAdaptor.weaveClass false
3829 [main] DEBUG org.aspectj.weaver.loadtime.Aj  - 16:58:03.349 main &lt; org.aspectj.weaver.loadtime.Aj.preProcess byte[2984]
3830 [main] DEBUG org.aspectj.weaver.loadtime.Aj  - 16:58:03.350 main &gt; org.aspectj.weaver.loadtime.Aj.preProcess org.aspectj.weaver.loadtime.Aj@58027738 org/springframework/aop/framework/DefaultAdvisorChainFactory, byte[3712], org.springframework.test.jpa.OrmXmlOverridingShadowingClassLoader@2bbf1be2
3830 [main] DEBUG org.aspectj.weaver.loadtime.Aj  - 16:58:03.350 main - org.aspectj.weaver.loadtime.Aj.preProcess org.aspectj.weaver.loadtime.Aj@58027738 sun.misc.Launcher$AppClassLoader@302b2c81, org.springframework.test.jpa.OrmXmlOverridingShadowingClassLoader@2bbf1be2
3830 [main] DEBUG org.aspectj.weaver.tools.WeavingAdaptor  - 16:58:03.350 main &gt; org.aspectj.weaver.tools.WeavingAdaptor.weaveClass org.aspectj.weaver.loadtime.ClassLoaderWeavingAdaptor@10b090ac org/springframework/aop/framework/DefaultAdvisorChainFactory, byte[3712]
3830 [main] DEBUG org.aspectj.weaver.tools.WeavingAdaptor  - 16:58:03.350 main &lt; org.aspectj.weaver.tools.WeavingAdaptor.weaveClass false
3830 [main] DEBUG org.aspectj.weaver.loadtime.Aj  - 16:58:03.350 main &lt; org.aspectj.weaver.loadtime.Aj.preProcess byte[3712]
3831 [main] DEBUG org.aspectj.weaver.loadtime.Aj  - 16:58:03.351 main &gt; org.aspectj.weaver.loadtime.Aj.preProcess org.aspectj.weaver.loadtime.Aj@58027738 org/springframework/aop/framework/DefaultAopProxyFactory, byte[3050], org.springframework.test.jpa.OrmXmlOverridingShadowingClassLoader@2bbf1be2
3831 [main] DEBUG org.aspectj.weaver.loadtime.Aj  - 16:58:03.351 main - org.aspectj.weaver.loadtime.Aj.preProcess org.aspectj.weaver.loadtime.Aj@58027738 sun.misc.Launcher$AppClassLoader@302b2c81, org.springframework.test.jpa.OrmXmlOverridingShadowingClassLoader@2bbf1be2
3831 [main] DEBUG org.aspectj.weaver.tools.WeavingAdaptor  - 16:58:03.351 main &gt; org.aspectj.weaver.tools.WeavingAdaptor.weaveClass org.aspectj.weaver.loadtime.ClassLoaderWeavingAdaptor@10b090ac org/springframework/aop/framework/DefaultAopProxyFactory, byte[3050]
3831 [main] DEBUG org.aspectj.weaver.tools.WeavingAdaptor  - 16:58:03.351 main &lt; org.aspectj.weaver.tools.WeavingAdaptor.weaveClass false
3831 [main] DEBUG org.aspectj.weaver.loadtime.Aj  - 16:58:03.351 main &lt; org.aspectj.weaver.loadtime.Aj.preProcess byte[3050]
3832 [main] DEBUG org.aspectj.weaver.loadtime.Aj  - 16:58:03.352 main &gt; org.aspectj.weaver.loadtime.Aj.preProcess org.aspectj.weaver.loadtime.Aj@58027738 org/springframework/aop/target/SingletonTargetSource, byte[1791], org.springframework.test.jpa.OrmXmlOverridingShadowingClassLoader@2bbf1be2
3832 [main] DEBUG org.aspectj.weaver.loadtime.Aj  - 16:58:03.352 main - org.aspectj.weaver.loadtime.Aj.preProcess org.aspectj.weaver.loadtime.Aj@58027738 sun.misc.Launcher$AppClassLoader@302b2c81, org.springframework.test.jpa.OrmXmlOverridingShadowingClassLoader@2bbf1be2
3832 [main] DEBUG org.aspectj.weaver.tools.WeavingAdaptor  - 16:58:03.352 main &gt; org.aspectj.weaver.tools.WeavingAdaptor.weaveClass org.aspectj.weaver.loadtime.ClassLoaderWeavingAdaptor@10b090ac org/springframework/aop/target/SingletonTargetSource, byte[1791]
3832 [main] DEBUG org.aspectj.weaver.tools.WeavingAdaptor  - 16:58:03.352 main &lt; org.aspectj.weaver.tools.WeavingAdaptor.weaveClass false
3832 [main] DEBUG org.aspectj.weaver.loadtime.Aj  - 16:58:03.352 main &lt; org.aspectj.weaver.loadtime.Aj.preProcess byte[1791]
3832 [main] DEBUG org.aspectj.weaver.loadtime.Aj  - 16:58:03.352 main &gt; org.aspectj.weaver.loadtime.Aj.preProcess org.aspectj.weaver.loadtime.Aj@58027738 org/springframework/aop/SpringProxy, byte[127], org.springframework.test.jpa.OrmXmlOverridingShadowingClassLoader@2bbf1be2
3832 [main] DEBUG org.aspectj.weaver.loadtime.Aj  - 16:58:03.352 main - org.aspectj.weaver.loadtime.Aj.preProcess org.aspectj.weaver.loadtime.Aj@58027738 sun.misc.Launcher$AppClassLoader@302b2c81, org.springframework.test.jpa.OrmXmlOverridingShadowingClassLoader@2bbf1be2
3832 [main] DEBUG org.aspectj.weaver.tools.WeavingAdaptor  - 16:58:03.352 main &gt; org.aspectj.weaver.tools.WeavingAdaptor.weaveClass org.aspectj.weaver.loadtime.ClassLoaderWeavingAdaptor@10b090ac org/springframework/aop/SpringProxy, byte[127]
3832 [main] DEBUG org.aspectj.weaver.tools.WeavingAdaptor  - 16:58:03.352 main &lt; org.aspectj.weaver.tools.WeavingAdaptor.weaveClass false
3832 [main] DEBUG org.aspectj.weaver.loadtime.Aj  - 16:58:03.352 main &lt; org.aspectj.weaver.loadtime.Aj.preProcess byte[127]
3833 [main] DEBUG org.aspectj.weaver.loadtime.Aj  - 16:58:03.353 main &gt; org.aspectj.weaver.loadtime.Aj.preProcess org.aspectj.weaver.loadtime.Aj@58027738 org/springframework/aop/framework/JdkDynamicAopProxy, byte[7325], org.springframework.test.jpa.OrmXmlOverridingShadowingClassLoader@2bbf1be2
3833 [main] DEBUG org.aspectj.weaver.loadtime.Aj  - 16:58:03.353 main - org.aspectj.weaver.loadtime.Aj.preProcess org.aspectj.weaver.loadtime.Aj@58027738 sun.misc.Launcher$AppClassLoader@302b2c81, org.springframework.test.jpa.OrmXmlOverridingShadowingClassLoader@2bbf1be2
3833 [main] DEBUG org.aspectj.weaver.tools.WeavingAdaptor  - 16:58:03.353 main &gt; org.aspectj.weaver.tools.WeavingAdaptor.weaveClass org.aspectj.weaver.loadtime.ClassLoaderWeavingAdaptor@10b090ac org/springframework/aop/framework/JdkDynamicAopProxy, byte[7325]
3833 [main] DEBUG org.aspectj.weaver.tools.WeavingAdaptor  - 16:58:03.353 main &lt; org.aspectj.weaver.tools.WeavingAdaptor.weaveClass false
3833 [main] DEBUG org.aspectj.weaver.loadtime.Aj  - 16:58:03.353 main &lt; org.aspectj.weaver.loadtime.Aj.preProcess byte[7325]
3834 [main] DEBUG org.aspectj.weaver.loadtime.Aj  - 16:58:03.354 main &gt; org.aspectj.weaver.loadtime.Aj.preProcess org.aspectj.weaver.loadtime.Aj@58027738 org/aopalliance/intercept/MethodInvocation, byte[234], org.springframework.test.jpa.OrmXmlOverridingShadowingClassLoader@2bbf1be2
3834 [main] DEBUG org.aspectj.weaver.loadtime.Aj  - 16:58:03.354 main - org.aspectj.weaver.loadtime.Aj.preProcess org.aspectj.weaver.loadtime.Aj@58027738 sun.misc.Launcher$AppClassLoader@302b2c81, org.springframework.test.jpa.OrmXmlOverridingShadowingClassLoader@2bbf1be2
3834 [main] DEBUG org.aspectj.weaver.tools.WeavingAdaptor  - 16:58:03.354 main &gt; org.aspectj.weaver.tools.WeavingAdaptor.weaveClass org.aspectj.weaver.loadtime.ClassLoaderWeavingAdaptor@10b090ac org/aopalliance/intercept/MethodInvocation, byte[234]
3834 [main] DEBUG org.aspectj.weaver.tools.WeavingAdaptor  - 16:58:03.354 main &lt; org.aspectj.weaver.tools.WeavingAdaptor.weaveClass false
3834 [main] DEBUG org.aspectj.weaver.loadtime.Aj  - 16:58:03.354 main &lt; org.aspectj.weaver.loadtime.Aj.preProcess byte[234]
3834 [main] DEBUG org.aspectj.weaver.loadtime.Aj  - 16:58:03.354 main &gt; org.aspectj.weaver.loadtime.Aj.preProcess org.aspectj.weaver.loadtime.Aj@58027738 org/aopalliance/intercept/Invocation, byte[217], org.springframework.test.jpa.OrmXmlOverridingShadowingClassLoader@2bbf1be2
3834 [main] DEBUG org.aspectj.weaver.loadtime.Aj  - 16:58:03.354 main - org.aspectj.weaver.loadtime.Aj.preProcess org.aspectj.weaver.loadtime.Aj@58027738 sun.misc.Launcher$AppClassLoader@302b2c81, org.springframework.test.jpa.OrmXmlOverridingShadowingClassLoader@2bbf1be2
3834 [main] DEBUG org.aspectj.weaver.tools.WeavingAdaptor  - 16:58:03.354 main &gt; org.aspectj.weaver.tools.WeavingAdaptor.weaveClass org.aspectj.weaver.loadtime.ClassLoaderWeavingAdaptor@10b090ac org/aopalliance/intercept/Invocation, byte[217]
3834 [main] DEBUG org.aspectj.weaver.tools.WeavingAdaptor  - 16:58:03.354 main &lt; org.aspectj.weaver.tools.WeavingAdaptor.weaveClass false
3834 [main] DEBUG org.aspectj.weaver.loadtime.Aj  - 16:58:03.354 main &lt; org.aspectj.weaver.loadtime.Aj.preProcess byte[217]
3835 [main] DEBUG org.aspectj.weaver.loadtime.Aj  - 16:58:03.355 main &gt; org.aspectj.weaver.loadtime.Aj.preProcess org.aspectj.weaver.loadtime.Aj@58027738 org/aopalliance/intercept/Joinpoint, byte[297], org.springframework.test.jpa.OrmXmlOverridingShadowingClassLoader@2bbf1be2
3835 [main] DEBUG org.aspectj.weaver.loadtime.Aj  - 16:58:03.355 main - org.aspectj.weaver.loadtime.Aj.preProcess org.aspectj.weaver.loadtime.Aj@58027738 sun.misc.Launcher$AppClassLoader@302b2c81, org.springframework.test.jpa.OrmXmlOverridingShadowingClassLoader@2bbf1be2
3835 [main] DEBUG org.aspectj.weaver.tools.WeavingAdaptor  - 16:58:03.355 main &gt; org.aspectj.weaver.tools.WeavingAdaptor.weaveClass org.aspectj.weaver.loadtime.ClassLoaderWeavingAdaptor@10b090ac org/aopalliance/intercept/Joinpoint, byte[297]
3835 [main] DEBUG org.aspectj.weaver.tools.WeavingAdaptor  - 16:58:03.355 main &lt; org.aspectj.weaver.tools.WeavingAdaptor.weaveClass false
3835 [main] DEBUG org.aspectj.weaver.loadtime.Aj  - 16:58:03.355 main &lt; org.aspectj.weaver.loadtime.Aj.preProcess byte[297]
3835 [main] DEBUG org.aspectj.weaver.loadtime.Aj  - 16:58:03.355 main &gt; org.aspectj.weaver.loadtime.Aj.preProcess org.aspectj.weaver.loadtime.Aj@58027738 org/springframework/aop/framework/AopProxyUtils, byte[3808], org.springframework.test.jpa.OrmXmlOverridingShadowingClassLoader@2bbf1be2
3835 [main] DEBUG org.aspectj.weaver.loadtime.Aj  - 16:58:03.355 main - org.aspectj.weaver.loadtime.Aj.preProcess org.aspectj.weaver.loadtime.Aj@58027738 sun.misc.Launcher$AppClassLoader@302b2c81, org.springframework.test.jpa.OrmXmlOverridingShadowingClassLoader@2bbf1be2
3835 [main] DEBUG org.aspectj.weaver.tools.WeavingAdaptor  - 16:58:03.355 main &gt; org.aspectj.weaver.tools.WeavingAdaptor.weaveClass org.aspectj.weaver.loadtime.ClassLoaderWeavingAdaptor@10b090ac org/springframework/aop/framework/AopProxyUtils, byte[3808]
3835 [main] DEBUG org.aspectj.weaver.tools.WeavingAdaptor  - 16:58:03.355 main &lt; org.aspectj.weaver.tools.WeavingAdaptor.weaveClass false
3835 [main] DEBUG org.aspectj.weaver.loadtime.Aj  - 16:58:03.355 main &lt; org.aspectj.weaver.loadtime.Aj.preProcess byte[3808]
3858 [main] DEBUG org.aspectj.weaver.loadtime.Aj  - 16:58:03.378 main &gt; org.aspectj.weaver.loadtime.Aj.preProcess org.aspectj.weaver.loadtime.Aj@58027738 org/acegisecurity/userdetails/UserDetails, byte[414], org.springframework.test.jpa.OrmXmlOverridingShadowingClassLoader@2bbf1be2
3858 [main] DEBUG org.aspectj.weaver.loadtime.Aj  - 16:58:03.378 main - org.aspectj.weaver.loadtime.Aj.preProcess org.aspectj.weaver.loadtime.Aj@58027738 sun.misc.Launcher$AppClassLoader@302b2c81, org.springframework.test.jpa.OrmXmlOverridingShadowingClassLoader@2bbf1be2
3858 [main] DEBUG org.aspectj.weaver.tools.WeavingAdaptor  - 16:58:03.378 main &gt; org.aspectj.weaver.tools.WeavingAdaptor.weaveClass org.aspectj.weaver.loadtime.ClassLoaderWeavingAdaptor@10b090ac org/acegisecurity/userdetails/UserDetails, byte[414]
3858 [main] DEBUG org.aspectj.weaver.tools.WeavingAdaptor  - 16:58:03.378 main &lt; org.aspectj.weaver.tools.WeavingAdaptor.weaveClass false
3858 [main] DEBUG org.aspectj.weaver.loadtime.Aj  - 16:58:03.378 main &lt; org.aspectj.weaver.loadtime.Aj.preProcess byte[414]
3860 [main] DEBUG org.aspectj.weaver.loadtime.Aj  - 16:58:03.380 main &gt; org.aspectj.weaver.loadtime.Aj.preProcess org.aspectj.weaver.loadtime.Aj@58027738 org/springframework/cache/ehcache/EhCacheFactoryBean, byte[4347], org.springframework.test.jpa.OrmXmlOverridingShadowingClassLoader@2bbf1be2
3860 [main] DEBUG org.aspectj.weaver.loadtime.Aj  - 16:58:03.380 main - org.aspectj.weaver.loadtime.Aj.preProcess org.aspectj.weaver.loadtime.Aj@58027738 sun.misc.Launcher$AppClassLoader@302b2c81, org.springframework.test.jpa.OrmXmlOverridingShadowingClassLoader@2bbf1be2
3860 [main] DEBUG org.aspectj.weaver.tools.WeavingAdaptor  - 16:58:03.380 main &gt; org.aspectj.weaver.tools.WeavingAdaptor.weaveClass org.aspectj.weaver.loadtime.ClassLoaderWeavingAdaptor@10b090ac org/springframework/cache/ehcache/EhCacheFactoryBean, byte[4347]
3860 [main] DEBUG org.aspectj.weaver.tools.WeavingAdaptor  - 16:58:03.380 main &lt; org.aspectj.weaver.tools.WeavingAdaptor.weaveClass false
3860 [main] DEBUG org.aspectj.weaver.loadtime.Aj  - 16:58:03.380 main &lt; org.aspectj.weaver.loadtime.Aj.preProcess byte[4347]
3863 [main] DEBUG org.aspectj.weaver.loadtime.Aj  - 16:58:03.383 main &gt; org.aspectj.weaver.loadtime.Aj.preProcess org.aspectj.weaver.loadtime.Aj@58027738 org/springframework/cache/ehcache/EhCacheManagerFactoryBean, byte[2599], org.springframework.test.jpa.OrmXmlOverridingShadowingClassLoader@2bbf1be2
3863 [main] DEBUG org.aspectj.weaver.loadtime.Aj  - 16:58:03.383 main - org.aspectj.weaver.loadtime.Aj.preProcess org.aspectj.weaver.loadtime.Aj@58027738 sun.misc.Launcher$AppClassLoader@302b2c81, org.springframework.test.jpa.OrmXmlOverridingShadowingClassLoader@2bbf1be2
3863 [main] DEBUG org.aspectj.weaver.tools.WeavingAdaptor  - 16:58:03.383 main &gt; org.aspectj.weaver.tools.WeavingAdaptor.weaveClass org.aspectj.weaver.loadtime.ClassLoaderWeavingAdaptor@10b090ac org/springframework/cache/ehcache/EhCacheManagerFactoryBean, byte[2599]
3863 [main] DEBUG org.aspectj.weaver.tools.WeavingAdaptor  - 16:58:03.383 main &lt; org.aspectj.weaver.tools.WeavingAdaptor.weaveClass false
3863 [main] DEBUG org.aspectj.weaver.loadtime.Aj  - 16:58:03.383 main &lt; org.aspectj.weaver.loadtime.Aj.preProcess byte[2599]
3865 [main] DEBUG org.aspectj.weaver.loadtime.Aj  - 16:58:03.385 main &gt; org.aspectj.weaver.loadtime.Aj.preProcess org.aspectj.weaver.loadtime.Aj@58027738 org/springframework/util/SystemPropertyUtils, byte[1908], org.springframework.test.jpa.OrmXmlOverridingShadowingClassLoader@2bbf1be2
3865 [main] DEBUG org.aspectj.weaver.loadtime.Aj  - 16:58:03.385 main - org.aspectj.weaver.loadtime.Aj.preProcess org.aspectj.weaver.loadtime.Aj@58027738 sun.misc.Launcher$AppClassLoader@302b2c81, org.springframework.test.jpa.OrmXmlOverridingShadowingClassLoader@2bbf1be2
3865 [main] DEBUG org.aspectj.weaver.tools.WeavingAdaptor  - 16:58:03.385 main &gt; org.aspectj.weaver.tools.WeavingAdaptor.weaveClass org.aspectj.weaver.loadtime.ClassLoaderWeavingAdaptor@10b090ac org/springframework/util/SystemPropertyUtils, byte[1908]
3865 [main] DEBUG org.aspectj.weaver.tools.WeavingAdaptor  - 16:58:03.385 main &lt; org.aspectj.weaver.tools.WeavingAdaptor.weaveClass false
3865 [main] DEBUG org.aspectj.weaver.loadtime.Aj  - 16:58:03.385 main &lt; org.aspectj.weaver.loadtime.Aj.preProcess byte[1908]
3869 [main] DEBUG org.aspectj.weaver.loadtime.Aj  - 16:58:03.389 main &gt; org.aspectj.weaver.loadtime.Aj.preProcess org.aspectj.weaver.loadtime.Aj@58027738 net/sf/ehcache/jcache/JCache, byte[8967], org.springframework.test.jpa.OrmXmlOverridingShadowingClassLoader@2bbf1be2
3870 [main] DEBUG org.aspectj.weaver.loadtime.Aj  - 16:58:03.390 main - org.aspectj.weaver.loadtime.Aj.preProcess org.aspectj.weaver.loadtime.Aj@58027738 sun.misc.Launcher$AppClassLoader@302b2c81, org.springframework.test.jpa.OrmXmlOverridingShadowingClassLoader@2bbf1be2
3870 [main] DEBUG org.aspectj.weaver.tools.WeavingAdaptor  - 16:58:03.390 main &gt; org.aspectj.weaver.tools.WeavingAdaptor.weaveClass org.aspectj.weaver.loadtime.ClassLoaderWeavingAdaptor@10b090ac net/sf/ehcache/jcache/JCache, byte[8967]
3870 [main] DEBUG org.aspectj.weaver.tools.WeavingAdaptor  - 16:58:03.390 main &lt; org.aspectj.weaver.tools.WeavingAdaptor.weaveClass false
3870 [main] DEBUG org.aspectj.weaver.loadtime.Aj  - 16:58:03.390 main &lt; org.aspectj.weaver.loadtime.Aj.preProcess byte[8967]
3870 [main] DEBUG org.aspectj.weaver.loadtime.Aj  - 16:58:03.390 main &gt; org.aspectj.weaver.loadtime.Aj.preProcess org.aspectj.weaver.loadtime.Aj@58027738 net/sf/jsr107cache/Cache, byte[1079], org.springframework.test.jpa.OrmXmlOverridingShadowingClassLoader@2bbf1be2
3870 [main] DEBUG org.aspectj.weaver.loadtime.Aj  - 16:58:03.390 main - org.aspectj.weaver.loadtime.Aj.preProcess org.aspectj.weaver.loadtime.Aj@58027738 sun.misc.Launcher$AppClassLoader@302b2c81, org.springframework.test.jpa.OrmXmlOverridingShadowingClassLoader@2bbf1be2
3870 [main] DEBUG org.aspectj.weaver.tools.WeavingAdaptor  - 16:58:03.390 main &gt; org.aspectj.weaver.tools.WeavingAdaptor.weaveClass org.aspectj.weaver.loadtime.ClassLoaderWeavingAdaptor@10b090ac net/sf/jsr107cache/Cache, byte[1079]
3870 [main] DEBUG org.aspectj.weaver.tools.WeavingAdaptor  - 16:58:03.390 main &lt; org.aspectj.weaver.tools.WeavingAdaptor.weaveClass false
3870 [main] DEBUG org.aspectj.weaver.loadtime.Aj  - 16:58:03.390 main &lt; org.aspectj.weaver.loadtime.Aj.preProcess byte[1079]
3871 [main] DEBUG org.aspectj.weaver.loadtime.Aj  - 16:58:03.391 main &gt; org.aspectj.weaver.loadtime.Aj.preProcess org.aspectj.weaver.loadtime.Aj@58027738 net/sf/ehcache/distribution/CacheManagerPeerProvider, byte[452], org.springframework.test.jpa.OrmXmlOverridingShadowingClassLoader@2bbf1be2
3871 [main] DEBUG org.aspectj.weaver.loadtime.Aj  - 16:58:03.391 main - org.aspectj.weaver.loadtime.Aj.preProcess org.aspectj.weaver.loadtime.Aj@58027738 sun.misc.Launcher$AppClassLoader@302b2c81, org.springframework.test.jpa.OrmXmlOverridingShadowingClassLoader@2bbf1be2
3871 [main] DEBUG org.aspectj.weaver.tools.WeavingAdaptor  - 16:58:03.391 main &gt; org.aspectj.weaver.tools.WeavingAdaptor.weaveClass org.aspectj.weaver.loadtime.ClassLoaderWeavingAdaptor@10b090ac net/sf/ehcache/distribution/CacheManagerPeerProvider, byte[452]
3871 [main] DEBUG org.aspectj.weaver.tools.WeavingAdaptor  - 16:58:03.391 main &lt; org.aspectj.weaver.tools.WeavingAdaptor.weaveClass false
3871 [main] DEBUG org.aspectj.weaver.loadtime.Aj  - 16:58:03.391 main &lt; org.aspectj.weaver.loadtime.Aj.preProcess byte[452]
3871 [main] DEBUG org.aspectj.weaver.loadtime.Aj  - 16:58:03.391 main &gt; org.aspectj.weaver.loadtime.Aj.preProcess org.aspectj.weaver.loadtime.Aj@58027738 net/sf/ehcache/distribution/CacheManagerPeerListener, byte[477], org.springframework.test.jpa.OrmXmlOverridingShadowingClassLoader@2bbf1be2
3872 [main] DEBUG org.aspectj.weaver.loadtime.Aj  - 16:58:03.392 main - org.aspectj.weaver.loadtime.Aj.preProcess org.aspectj.weaver.loadtime.Aj@58027738 sun.misc.Launcher$AppClassLoader@302b2c81, org.springframework.test.jpa.OrmXmlOverridingShadowingClassLoader@2bbf1be2
3872 [main] DEBUG org.aspectj.weaver.tools.WeavingAdaptor  - 16:58:03.392 main &gt; org.aspectj.weaver.tools.WeavingAdaptor.weaveClass org.aspectj.weaver.loadtime.ClassLoaderWeavingAdaptor@10b090ac net/sf/ehcache/distribution/CacheManagerPeerListener, byte[477]
3872 [main] DEBUG org.aspectj.weaver.tools.WeavingAdaptor  - 16:58:03.392 main &lt; org.aspectj.weaver.tools.WeavingAdaptor.weaveClass false
3872 [main] DEBUG org.aspectj.weaver.loadtime.Aj  - 16:58:03.392 main &lt; org.aspectj.weaver.loadtime.Aj.preProcess byte[477]
3873 [main] DEBUG org.aspectj.weaver.loadtime.Aj  - 16:58:03.393 main &gt; org.aspectj.weaver.loadtime.Aj.preProcess org.aspectj.weaver.loadtime.Aj@58027738 net/sf/ehcache/Element, byte[9059], org.springframework.test.jpa.OrmXmlOverridingShadowingClassLoader@2bbf1be2
3873 [main] DEBUG org.aspectj.weaver.loadtime.Aj  - 16:58:03.393 main - org.aspectj.weaver.loadtime.Aj.preProcess org.aspectj.weaver.loadtime.Aj@58027738 sun.misc.Launcher$AppClassLoader@302b2c81, org.springframework.test.jpa.OrmXmlOverridingShadowingClassLoader@2bbf1be2
3873 [main] DEBUG org.aspectj.weaver.tools.WeavingAdaptor  - 16:58:03.393 main &gt; org.aspectj.weaver.tools.WeavingAdaptor.weaveClass org.aspectj.weaver.loadtime.ClassLoaderWeavingAdaptor@10b090ac net/sf/ehcache/Element, byte[9059]
3873 [main] DEBUG org.aspectj.weaver.tools.WeavingAdaptor  - 16:58:03.393 main &lt; org.aspectj.weaver.tools.WeavingAdaptor.weaveClass false
3873 [main] DEBUG org.aspectj.weaver.loadtime.Aj  - 16:58:03.393 main &lt; org.aspectj.weaver.loadtime.Aj.preProcess byte[9059]
3874 [main] DEBUG org.aspectj.weaver.loadtime.Aj  - 16:58:03.394 main &gt; org.aspectj.weaver.loadtime.Aj.preProcess org.aspectj.weaver.loadtime.Aj@58027738 net/sf/ehcache/Statistics, byte[4092], org.springframework.test.jpa.OrmXmlOverridingShadowingClassLoader@2bbf1be2
3874 [main] DEBUG org.aspectj.weaver.loadtime.Aj  - 16:58:03.394 main - org.aspectj.weaver.loadtime.Aj.preProcess org.aspectj.weaver.loadtime.Aj@58027738 sun.misc.Launcher$AppClassLoader@302b2c81, org.springframework.test.jpa.OrmXmlOverridingShadowingClassLoader@2bbf1be2
3874 [main] DEBUG org.aspectj.weaver.tools.WeavingAdaptor  - 16:58:03.394 main &gt; org.aspectj.weaver.tools.WeavingAdaptor.weaveClass org.aspectj.weaver.loadtime.ClassLoaderWeavingAdaptor@10b090ac net/sf/ehcache/Statistics, byte[4092]
3874 [main] DEBUG org.aspectj.weaver.tools.WeavingAdaptor  - 16:58:03.394 main &lt; org.aspectj.weaver.tools.WeavingAdaptor.weaveClass false
3874 [main] DEBUG org.aspectj.weaver.loadtime.Aj  - 16:58:03.394 main &lt; org.aspectj.weaver.loadtime.Aj.preProcess byte[4092]
3875 [main] DEBUG org.aspectj.weaver.loadtime.Aj  - 16:58:03.395 main &gt; org.aspectj.weaver.loadtime.Aj.preProcess org.aspectj.weaver.loadtime.Aj@58027738 net/sf/ehcache/loader/CacheLoader, byte[428], org.springframework.test.jpa.OrmXmlOverridingShadowingClassLoader@2bbf1be2
3875 [main] DEBUG org.aspectj.weaver.loadtime.Aj  - 16:58:03.395 main - org.aspectj.weaver.loadtime.Aj.preProcess org.aspectj.weaver.loadtime.Aj@58027738 sun.misc.Launcher$AppClassLoader@302b2c81, org.springframework.test.jpa.OrmXmlOverridingShadowingClassLoader@2bbf1be2
3875 [main] DEBUG org.aspectj.weaver.tools.WeavingAdaptor  - 16:58:03.395 main &gt; org.aspectj.weaver.tools.WeavingAdaptor.weaveClass org.aspectj.weaver.loadtime.ClassLoaderWeavingAdaptor@10b090ac net/sf/ehcache/loader/CacheLoader, byte[428]
3875 [main] DEBUG org.aspectj.weaver.tools.WeavingAdaptor  - 16:58:03.395 main &lt; org.aspectj.weaver.tools.WeavingAdaptor.weaveClass false
3875 [main] DEBUG org.aspectj.weaver.loadtime.Aj  - 16:58:03.395 main &lt; org.aspectj.weaver.loadtime.Aj.preProcess byte[428]
3875 [main] DEBUG org.aspectj.weaver.loadtime.Aj  - 16:58:03.395 main &gt; org.aspectj.weaver.loadtime.Aj.preProcess org.aspectj.weaver.loadtime.Aj@58027738 net/sf/jsr107cache/CacheLoader, byte[310], org.springframework.test.jpa.OrmXmlOverridingShadowingClassLoader@2bbf1be2
3875 [main] DEBUG org.aspectj.weaver.loadtime.Aj  - 16:58:03.395 main - org.aspectj.weaver.loadtime.Aj.preProcess org.aspectj.weaver.loadtime.Aj@58027738 sun.misc.Launcher$AppClassLoader@302b2c81, org.springframework.test.jpa.OrmXmlOverridingShadowingClassLoader@2bbf1be2
3875 [main] DEBUG org.aspectj.weaver.tools.WeavingAdaptor  - 16:58:03.395 main &gt; org.aspectj.weaver.tools.WeavingAdaptor.weaveClass org.aspectj.weaver.loadtime.ClassLoaderWeavingAdaptor@10b090ac net/sf/jsr107cache/CacheLoader, byte[310]
3876 [main] DEBUG org.aspectj.weaver.tools.WeavingAdaptor  - 16:58:03.396 main &lt; org.aspectj.weaver.tools.WeavingAdaptor.weaveClass false
3876 [main] DEBUG org.aspectj.weaver.loadtime.Aj  - 16:58:03.396 main &lt; org.aspectj.weaver.loadtime.Aj.preProcess byte[310]
3876 [main] DEBUG org.aspectj.weaver.loadtime.Aj  - 16:58:03.396 main &gt; org.aspectj.weaver.loadtime.Aj.preProcess org.aspectj.weaver.loadtime.Aj@58027738 net/sf/ehcache/bootstrap/BootstrapCacheLoader, byte[371], org.springframework.test.jpa.OrmXmlOverridingShadowingClassLoader@2bbf1be2
3876 [main] DEBUG org.aspectj.weaver.loadtime.Aj  - 16:58:03.396 main - org.aspectj.weaver.loadtime.Aj.preProcess org.aspectj.weaver.loadtime.Aj@58027738 sun.misc.Launcher$AppClassLoader@302b2c81, org.springframework.test.jpa.OrmXmlOverridingShadowingClassLoader@2bbf1be2
3876 [main] DEBUG org.aspectj.weaver.tools.WeavingAdaptor  - 16:58:03.396 main &gt; org.aspectj.weaver.tools.WeavingAdaptor.weaveClass org.aspectj.weaver.loadtime.ClassLoaderWeavingAdaptor@10b090ac net/sf/ehcache/bootstrap/BootstrapCacheLoader, byte[371]
3876 [main] DEBUG org.aspectj.weaver.tools.WeavingAdaptor  - 16:58:03.396 main &lt; org.aspectj.weaver.tools.WeavingAdaptor.weaveClass false
3876 [main] DEBUG org.aspectj.weaver.loadtime.Aj  - 16:58:03.396 main &lt; org.aspectj.weaver.loadtime.Aj.preProcess byte[371]
3876 [main] DEBUG org.aspectj.weaver.loadtime.Aj  - 16:58:03.396 main &gt; org.aspectj.weaver.loadtime.Aj.preProcess org.aspectj.weaver.loadtime.Aj@58027738 net/sf/ehcache/extension/CacheExtension, byte[417], org.springframework.test.jpa.OrmXmlOverridingShadowingClassLoader@2bbf1be2
3876 [main] DEBUG org.aspectj.weaver.loadtime.Aj  - 16:58:03.396 main - org.aspectj.weaver.loadtime.Aj.preProcess org.aspectj.weaver.loadtime.Aj@58027738 sun.misc.Launcher$AppClassLoader@302b2c81, org.springframework.test.jpa.OrmXmlOverridingShadowingClassLoader@2bbf1be2
3876 [main] DEBUG org.aspectj.weaver.tools.WeavingAdaptor  - 16:58:03.396 main &gt; org.aspectj.weaver.tools.WeavingAdaptor.weaveClass org.aspectj.weaver.loadtime.ClassLoaderWeavingAdaptor@10b090ac net/sf/ehcache/extension/CacheExtension, byte[417]
3876 [main] DEBUG org.aspectj.weaver.tools.WeavingAdaptor  - 16:58:03.396 main &lt; org.aspectj.weaver.tools.WeavingAdaptor.weaveClass false
3876 [main] DEBUG org.aspectj.weaver.loadtime.Aj  - 16:58:03.396 main &lt; org.aspectj.weaver.loadtime.Aj.preProcess byte[417]
3877 [main] DEBUG org.aspectj.weaver.loadtime.Aj  - 16:58:03.397 main &gt; org.aspectj.weaver.loadtime.Aj.preProcess org.aspectj.weaver.loadtime.Aj@58027738 net/sf/ehcache/exceptionhandler/CacheExceptionHandler, byte[246], org.springframework.test.jpa.OrmXmlOverridingShadowingClassLoader@2bbf1be2
3877 [main] DEBUG org.aspectj.weaver.loadtime.Aj  - 16:58:03.397 main - org.aspectj.weaver.loadtime.Aj.preProcess org.aspectj.weaver.loadtime.Aj@58027738 sun.misc.Launcher$AppClassLoader@302b2c81, org.springframework.test.jpa.OrmXmlOverridingShadowingClassLoader@2bbf1be2
3877 [main] DEBUG org.aspectj.weaver.tools.WeavingAdaptor  - 16:58:03.397 main &gt; org.aspectj.weaver.tools.WeavingAdaptor.weaveClass org.aspectj.weaver.loadtime.ClassLoaderWeavingAdaptor@10b090ac net/sf/ehcache/exceptionhandler/CacheExceptionHandler, byte[246]
3877 [main] DEBUG org.aspectj.weaver.tools.WeavingAdaptor  - 16:58:03.397 main &lt; org.aspectj.weaver.tools.WeavingAdaptor.weaveClass false
3877 [main] DEBUG org.aspectj.weaver.loadtime.Aj  - 16:58:03.397 main &lt; org.aspectj.weaver.loadtime.Aj.preProcess byte[246]
3880 [main] DEBUG org.aspectj.weaver.loadtime.Aj  - 16:58:03.400 main &gt; org.aspectj.weaver.loadtime.Aj.preProcess org.aspectj.weaver.loadtime.Aj@58027738 org/springframework/transaction/interceptor/RuleBasedTransactionAttribute, byte[4084], org.springframework.test.jpa.OrmXmlOverridingShadowingClassLoader@2bbf1be2
3880 [main] DEBUG org.aspectj.weaver.loadtime.Aj  - 16:58:03.400 main - org.aspectj.weaver.loadtime.Aj.preProcess org.aspectj.weaver.loadtime.Aj@58027738 sun.misc.Launcher$AppClassLoader@302b2c81, org.springframework.test.jpa.OrmXmlOverridingShadowingClassLoader@2bbf1be2
3880 [main] DEBUG org.aspectj.weaver.tools.WeavingAdaptor  - 16:58:03.400 main &gt; org.aspectj.weaver.tools.WeavingAdaptor.weaveClass org.aspectj.weaver.loadtime.ClassLoaderWeavingAdaptor@10b090ac org/springframework/transaction/interceptor/RuleBasedTransactionAttribute, byte[4084]
3880 [main] DEBUG org.aspectj.weaver.tools.WeavingAdaptor  - 16:58:03.400 main &lt; org.aspectj.weaver.tools.WeavingAdaptor.weaveClass false
3880 [main] DEBUG org.aspectj.weaver.loadtime.Aj  - 16:58:03.400 main &lt; org.aspectj.weaver.loadtime.Aj.preProcess byte[4084]
3880 [main] DEBUG org.aspectj.weaver.loadtime.Aj  - 16:58:03.400 main &gt; org.aspectj.weaver.loadtime.Aj.preProcess org.aspectj.weaver.loadtime.Aj@58027738 org/springframework/transaction/interceptor/DefaultTransactionAttribute, byte[1145], org.springframework.test.jpa.OrmXmlOverridingShadowingClassLoader@2bbf1be2
3880 [main] DEBUG org.aspectj.weaver.loadtime.Aj  - 16:58:03.400 main - org.aspectj.weaver.loadtime.Aj.preProcess org.aspectj.weaver.loadtime.Aj@58027738 sun.misc.Launcher$AppClassLoader@302b2c81, org.springframework.test.jpa.OrmXmlOverridingShadowingClassLoader@2bbf1be2
3880 [main] DEBUG org.aspectj.weaver.tools.WeavingAdaptor  - 16:58:03.400 main &gt; org.aspectj.weaver.tools.WeavingAdaptor.weaveClass org.aspectj.weaver.loadtime.ClassLoaderWeavingAdaptor@10b090ac org/springframework/transaction/interceptor/DefaultTransactionAttribute, byte[1145]
3880 [main] DEBUG org.aspectj.weaver.tools.WeavingAdaptor  - 16:58:03.400 main &lt; org.aspectj.weaver.tools.WeavingAdaptor.weaveClass false
3880 [main] DEBUG org.aspectj.weaver.loadtime.Aj  - 16:58:03.400 main &lt; org.aspectj.weaver.loadtime.Aj.preProcess byte[1145]
3881 [main] DEBUG org.aspectj.weaver.loadtime.Aj  - 16:58:03.401 main &gt; org.aspectj.weaver.loadtime.Aj.preProcess org.aspectj.weaver.loadtime.Aj@58027738 org/springframework/transaction/support/DefaultTransactionDefinition, byte[5083], org.springframework.test.jpa.OrmXmlOverridingShadowingClassLoader@2bbf1be2
3881 [main] DEBUG org.aspectj.weaver.loadtime.Aj  - 16:58:03.401 main - org.aspectj.weaver.loadtime.Aj.preProcess org.aspectj.weaver.loadtime.Aj@58027738 sun.misc.Launcher$AppClassLoader@302b2c81, org.springframework.test.jpa.OrmXmlOverridingShadowingClassLoader@2bbf1be2
3881 [main] DEBUG org.aspectj.weaver.tools.WeavingAdaptor  - 16:58:03.401 main &gt; org.aspectj.weaver.tools.WeavingAdaptor.weaveClass org.aspectj.weaver.loadtime.ClassLoaderWeavingAdaptor@10b090ac org/springframework/transaction/support/DefaultTransactionDefinition, byte[5083]
3881 [main] DEBUG org.aspectj.weaver.tools.WeavingAdaptor  - 16:58:03.401 main &lt; org.aspectj.weaver.tools.WeavingAdaptor.weaveClass false
3881 [main] DEBUG org.aspectj.weaver.loadtime.Aj  - 16:58:03.401 main &lt; org.aspectj.weaver.loadtime.Aj.preProcess byte[5083]
3882 [main] DEBUG org.aspectj.weaver.loadtime.Aj  - 16:58:03.402 main &gt; org.aspectj.weaver.loadtime.Aj.preProcess org.aspectj.weaver.loadtime.Aj@58027738 org/springframework/aop/framework/autoproxy/AutoProxyUtils, byte[2143], org.springframework.test.jpa.OrmXmlOverridingShadowingClassLoader@2bbf1be2
3882 [main] DEBUG org.aspectj.weaver.loadtime.Aj  - 16:58:03.402 main - org.aspectj.weaver.loadtime.Aj.preProcess org.aspectj.weaver.loadtime.Aj@58027738 sun.misc.Launcher$AppClassLoader@302b2c81, org.springframework.test.jpa.OrmXmlOverridingShadowingClassLoader@2bbf1be2
3882 [main] DEBUG org.aspectj.weaver.tools.WeavingAdaptor  - 16:58:03.402 main &gt; org.aspectj.weaver.tools.WeavingAdaptor.weaveClass org.aspectj.weaver.loadtime.ClassLoaderWeavingAdaptor@10b090ac org/springframework/aop/framework/autoproxy/AutoProxyUtils, byte[2143]
3882 [main] DEBUG org.aspectj.weaver.tools.WeavingAdaptor  - 16:58:03.402 main &lt; org.aspectj.weaver.tools.WeavingAdaptor.weaveClass false
3882 [main] DEBUG org.aspectj.weaver.loadtime.Aj  - 16:58:03.402 main &lt; org.aspectj.weaver.loadtime.Aj.preProcess byte[2143]
3889 [main] DEBUG org.aspectj.weaver.loadtime.Aj  - 16:58:03.409 main &gt; org.aspectj.weaver.loadtime.Aj.preProcess org.aspectj.weaver.loadtime.Aj@58027738 org/springframework/beans/factory/SmartFactoryBean, byte[250], org.springframework.test.jpa.OrmXmlOverridingShadowingClassLoader@2bbf1be2
3889 [main] DEBUG org.aspectj.weaver.loadtime.Aj  - 16:58:03.409 main - org.aspectj.weaver.loadtime.Aj.preProcess org.aspectj.weaver.loadtime.Aj@58027738 sun.misc.Launcher$AppClassLoader@302b2c81, org.springframework.test.jpa.OrmXmlOverridingShadowingClassLoader@2bbf1be2
3889 [main] DEBUG org.aspectj.weaver.tools.WeavingAdaptor  - 16:58:03.409 main &gt; org.aspectj.weaver.tools.WeavingAdaptor.weaveClass org.aspectj.weaver.loadtime.ClassLoaderWeavingAdaptor@10b090ac org/springframework/beans/factory/SmartFactoryBean, byte[250]
3889 [main] DEBUG org.aspectj.weaver.tools.WeavingAdaptor  - 16:58:03.409 main &lt; org.aspectj.weaver.tools.WeavingAdaptor.weaveClass false
3889 [main] DEBUG org.aspectj.weaver.loadtime.Aj  - 16:58:03.409 main &lt; org.aspectj.weaver.loadtime.Aj.preProcess byte[250]
3890 [main] DEBUG org.aspectj.weaver.loadtime.Aj  - 16:58:03.410 main &gt; org.aspectj.weaver.loadtime.Aj.preProcess org.aspectj.weaver.loadtime.Aj@58027738 org/springframework/transaction/UnexpectedRollbackException, byte[640], org.springframework.test.jpa.OrmXmlOverridingShadowingClassLoader@2bbf1be2
3890 [main] DEBUG org.aspectj.weaver.loadtime.Aj  - 16:58:03.410 main - org.aspectj.weaver.loadtime.Aj.preProcess org.aspectj.weaver.loadtime.Aj@58027738 sun.misc.Launcher$AppClassLoader@302b2c81, org.springframework.test.jpa.OrmXmlOverridingShadowingClassLoader@2bbf1be2
3890 [main] DEBUG org.aspectj.weaver.tools.WeavingAdaptor  - 16:58:03.410 main &gt; org.aspectj.weaver.tools.WeavingAdaptor.weaveClass org.aspectj.weaver.loadtime.ClassLoaderWeavingAdaptor@10b090ac org/springframework/transaction/UnexpectedRollbackException, byte[640]
3890 [main] DEBUG org.aspectj.weaver.tools.WeavingAdaptor  - 16:58:03.410 main &lt; org.aspectj.weaver.tools.WeavingAdaptor.weaveClass false
3890 [main] DEBUG org.aspectj.weaver.loadtime.Aj  - 16:58:03.410 main &lt; org.aspectj.weaver.loadtime.Aj.preProcess byte[640]
3890 [main] DEBUG org.aspectj.weaver.loadtime.Aj  - 16:58:03.410 main &gt; org.aspectj.weaver.loadtime.Aj.preProcess org.aspectj.weaver.loadtime.Aj@58027738 org/springframework/transaction/TransactionSuspensionNotSupportedException, byte[697], org.springframework.test.jpa.OrmXmlOverridingShadowingClassLoader@2bbf1be2
3890 [main] DEBUG org.aspectj.weaver.loadtime.Aj  - 16:58:03.410 main - org.aspectj.weaver.loadtime.Aj.preProcess org.aspectj.weaver.loadtime.Aj@58027738 sun.misc.Launcher$AppClassLoader@302b2c81, org.springframework.test.jpa.OrmXmlOverridingShadowingClassLoader@2bbf1be2
3890 [main] DEBUG org.aspectj.weaver.tools.WeavingAdaptor  - 16:58:03.410 main &gt; org.aspectj.weaver.tools.WeavingAdaptor.weaveClass org.aspectj.weaver.loadtime.ClassLoaderWeavingAdaptor@10b090ac org/springframework/transaction/TransactionSuspensionNotSupportedException, byte[697]
3890 [main] DEBUG org.aspectj.weaver.tools.WeavingAdaptor  - 16:58:03.410 main &lt; org.aspectj.weaver.tools.WeavingAdaptor.weaveClass false
3890 [main] DEBUG org.aspectj.weaver.loadtime.Aj  - 16:58:03.410 main &lt; org.aspectj.weaver.loadtime.Aj.preProcess byte[697]
3891 [main] DEBUG org.aspectj.weaver.loadtime.Aj  - 16:58:03.411 main &gt; org.aspectj.weaver.loadtime.Aj.preProcess org.aspectj.weaver.loadtime.Aj@58027738 org/springframework/transaction/CannotCreateTransactionException, byte[655], org.springframework.test.jpa.OrmXmlOverridingShadowingClassLoader@2bbf1be2
3891 [main] DEBUG org.aspectj.weaver.loadtime.Aj  - 16:58:03.411 main - org.aspectj.weaver.loadtime.Aj.preProcess org.aspectj.weaver.loadtime.Aj@58027738 sun.misc.Launcher$AppClassLoader@302b2c81, org.springframework.test.jpa.OrmXmlOverridingShadowingClassLoader@2bbf1be2
3891 [main] DEBUG org.aspectj.weaver.tools.WeavingAdaptor  - 16:58:03.411 main &gt; org.aspectj.weaver.tools.WeavingAdaptor.weaveClass org.aspectj.weaver.loadtime.ClassLoaderWeavingAdaptor@10b090ac org/springframework/transaction/CannotCreateTransactionException, byte[655]
3891 [main] DEBUG org.aspectj.weaver.tools.WeavingAdaptor  - 16:58:03.411 main &lt; org.aspectj.weaver.tools.WeavingAdaptor.weaveClass false
3891 [main] DEBUG org.aspectj.weaver.loadtime.Aj  - 16:58:03.411 main &lt; org.aspectj.weaver.loadtime.Aj.preProcess byte[655]
3891 [main] DEBUG org.aspectj.weaver.loadtime.Aj  - 16:58:03.411 main &gt; org.aspectj.weaver.loadtime.Aj.preProcess org.aspectj.weaver.loadtime.Aj@58027738 org/springframework/transaction/IllegalTransactionStateException, byte[660], org.springframework.test.jpa.OrmXmlOverridingShadowingClassLoader@2bbf1be2
3891 [main] DEBUG org.aspectj.weaver.loadtime.Aj  - 16:58:03.411 main - org.aspectj.weaver.loadtime.Aj.preProcess org.aspectj.weaver.loadtime.Aj@58027738 sun.misc.Launcher$AppClassLoader@302b2c81, org.springframework.test.jpa.OrmXmlOverridingShadowingClassLoader@2bbf1be2
3891 [main] DEBUG org.aspectj.weaver.tools.WeavingAdaptor  - 16:58:03.411 main &gt; org.aspectj.weaver.tools.WeavingAdaptor.weaveClass org.aspectj.weaver.loadtime.ClassLoaderWeavingAdaptor@10b090ac org/springframework/transaction/IllegalTransactionStateException, byte[660]
3891 [main] DEBUG org.aspectj.weaver.tools.WeavingAdaptor  - 16:58:03.411 main &lt; org.aspectj.weaver.tools.WeavingAdaptor.weaveClass false
3891 [main] DEBUG org.aspectj.weaver.loadtime.Aj  - 16:58:03.411 main &lt; org.aspectj.weaver.loadtime.Aj.preProcess byte[660]
3892 [main] DEBUG org.aspectj.weaver.loadtime.Aj  - 16:58:03.412 main &gt; org.aspectj.weaver.loadtime.Aj.preProcess org.aspectj.weaver.loadtime.Aj@58027738 org/springframework/transaction/TransactionStatus, byte[338], org.springframework.test.jpa.OrmXmlOverridingShadowingClassLoader@2bbf1be2
3892 [main] DEBUG org.aspectj.weaver.loadtime.Aj  - 16:58:03.412 main - org.aspectj.weaver.loadtime.Aj.preProcess org.aspectj.weaver.loadtime.Aj@58027738 sun.misc.Launcher$AppClassLoader@302b2c81, org.springframework.test.jpa.OrmXmlOverridingShadowingClassLoader@2bbf1be2
3892 [main] DEBUG org.aspectj.weaver.tools.WeavingAdaptor  - 16:58:03.412 main &gt; org.aspectj.weaver.tools.WeavingAdaptor.weaveClass org.aspectj.weaver.loadtime.ClassLoaderWeavingAdaptor@10b090ac org/springframework/transaction/TransactionStatus, byte[338]
3892 [main] DEBUG org.aspectj.weaver.tools.WeavingAdaptor  - 16:58:03.412 main &lt; org.aspectj.weaver.tools.WeavingAdaptor.weaveClass false
3892 [main] DEBUG org.aspectj.weaver.loadtime.Aj  - 16:58:03.412 main &lt; org.aspectj.weaver.loadtime.Aj.preProcess byte[338]
3892 [main] DEBUG org.aspectj.weaver.loadtime.Aj  - 16:58:03.412 main &gt; org.aspectj.weaver.loadtime.Aj.preProcess org.aspectj.weaver.loadtime.Aj@58027738 org/springframework/transaction/SavepointManager, byte[376], org.springframework.test.jpa.OrmXmlOverridingShadowingClassLoader@2bbf1be2
3892 [main] DEBUG org.aspectj.weaver.loadtime.Aj  - 16:58:03.412 main - org.aspectj.weaver.loadtime.Aj.preProcess org.aspectj.weaver.loadtime.Aj@58027738 sun.misc.Launcher$AppClassLoader@302b2c81, org.springframework.test.jpa.OrmXmlOverridingShadowingClassLoader@2bbf1be2
3892 [main] DEBUG org.aspectj.weaver.tools.WeavingAdaptor  - 16:58:03.412 main &gt; org.aspectj.weaver.tools.WeavingAdaptor.weaveClass org.aspectj.weaver.loadtime.ClassLoaderWeavingAdaptor@10b090ac org/springframework/transaction/SavepointManager, byte[376]
3892 [main] DEBUG org.aspectj.weaver.tools.WeavingAdaptor  - 16:58:03.412 main &lt; org.aspectj.weaver.tools.WeavingAdaptor.weaveClass false
3892 [main] DEBUG org.aspectj.weaver.loadtime.Aj  - 16:58:03.412 main &lt; org.aspectj.weaver.loadtime.Aj.preProcess byte[376]
3893 [main] DEBUG org.aspectj.weaver.loadtime.Aj  - 16:58:03.413 main &gt; org.aspectj.weaver.loadtime.Aj.preProcess org.aspectj.weaver.loadtime.Aj@58027738 org/springframework/transaction/NestedTransactionNotSupportedException, byte[685], org.springframework.test.jpa.OrmXmlOverridingShadowingClassLoader@2bbf1be2
3893 [main] DEBUG org.aspectj.weaver.loadtime.Aj  - 16:58:03.413 main - org.aspectj.weaver.loadtime.Aj.preProcess org.aspectj.weaver.loadtime.Aj@58027738 sun.misc.Launcher$AppClassLoader@302b2c81, org.springframework.test.jpa.OrmXmlOverridingShadowingClassLoader@2bbf1be2
3893 [main] DEBUG org.aspectj.weaver.tools.WeavingAdaptor  - 16:58:03.413 main &gt; org.aspectj.weaver.tools.WeavingAdaptor.weaveClass org.aspectj.weaver.loadtime.ClassLoaderWeavingAdaptor@10b090ac org/springframework/transaction/NestedTransactionNotSupportedException, byte[685]
3893 [main] DEBUG org.aspectj.weaver.tools.WeavingAdaptor  - 16:58:03.413 main &lt; org.aspectj.weaver.tools.WeavingAdaptor.weaveClass false
3893 [main] DEBUG org.aspectj.weaver.loadtime.Aj  - 16:58:03.413 main &lt; org.aspectj.weaver.loadtime.Aj.preProcess byte[685]
3893 [main] DEBUG org.aspectj.weaver.loadtime.Aj  - 16:58:03.413 main &gt; org.aspectj.weaver.loadtime.Aj.preProcess org.aspectj.weaver.loadtime.Aj@58027738 org/springframework/transaction/InvalidTimeoutException, byte[615], org.springframework.test.jpa.OrmXmlOverridingShadowingClassLoader@2bbf1be2
3893 [main] DEBUG org.aspectj.weaver.loadtime.Aj  - 16:58:03.413 main - org.aspectj.weaver.loadtime.Aj.preProcess org.aspectj.weaver.loadtime.Aj@58027738 sun.misc.Launcher$AppClassLoader@302b2c81, org.springframework.test.jpa.OrmXmlOverridingShadowingClassLoader@2bbf1be2
3893 [main] DEBUG org.aspectj.weaver.tools.WeavingAdaptor  - 16:58:03.413 main &gt; org.aspectj.weaver.tools.WeavingAdaptor.weaveClass org.aspectj.weaver.loadtime.ClassLoaderWeavingAdaptor@10b090ac org/springframework/transaction/InvalidTimeoutException, byte[615]
3893 [main] DEBUG org.aspectj.weaver.tools.WeavingAdaptor  - 16:58:03.413 main &lt; org.aspectj.weaver.tools.WeavingAdaptor.weaveClass false
3893 [main] DEBUG org.aspectj.weaver.loadtime.Aj  - 16:58:03.413 main &lt; org.aspectj.weaver.loadtime.Aj.preProcess byte[615]
3895 [main] DEBUG org.aspectj.weaver.loadtime.Aj  - 16:58:03.415 main &gt; org.aspectj.weaver.loadtime.Aj.preProcess org.aspectj.weaver.loadtime.Aj@58027738 org/springframework/orm/jpa/JpaTransactionManager$JpaTransactionObject, byte[3815], org.springframework.test.jpa.OrmXmlOverridingShadowingClassLoader@2bbf1be2
3895 [main] DEBUG org.aspectj.weaver.loadtime.Aj  - 16:58:03.415 main - org.aspectj.weaver.loadtime.Aj.preProcess org.aspectj.weaver.loadtime.Aj@58027738 sun.misc.Launcher$AppClassLoader@302b2c81, org.springframework.test.jpa.OrmXmlOverridingShadowingClassLoader@2bbf1be2
3896 [main] DEBUG org.aspectj.weaver.tools.WeavingAdaptor  - 16:58:03.416 main &gt; org.aspectj.weaver.tools.WeavingAdaptor.weaveClass org.aspectj.weaver.loadtime.ClassLoaderWeavingAdaptor@10b090ac org/springframework/orm/jpa/JpaTransactionManager$JpaTransactionObject, byte[3815]
3896 [main] DEBUG org.aspectj.weaver.tools.WeavingAdaptor  - 16:58:03.416 main &lt; org.aspectj.weaver.tools.WeavingAdaptor.weaveClass false
3896 [main] DEBUG org.aspectj.weaver.loadtime.Aj  - 16:58:03.416 main &lt; org.aspectj.weaver.loadtime.Aj.preProcess byte[3815]
3896 [main] DEBUG org.aspectj.weaver.loadtime.Aj  - 16:58:03.416 main &gt; org.aspectj.weaver.loadtime.Aj.preProcess org.aspectj.weaver.loadtime.Aj@58027738 org/springframework/jdbc/datasource/JdbcTransactionObjectSupport, byte[4570], org.springframework.test.jpa.OrmXmlOverridingShadowingClassLoader@2bbf1be2
3896 [main] DEBUG org.aspectj.weaver.loadtime.Aj  - 16:58:03.416 main - org.aspectj.weaver.loadtime.Aj.preProcess org.aspectj.weaver.loadtime.Aj@58027738 sun.misc.Launcher$AppClassLoader@302b2c81, org.springframework.test.jpa.OrmXmlOverridingShadowingClassLoader@2bbf1be2
3896 [main] DEBUG org.aspectj.weaver.tools.WeavingAdaptor  - 16:58:03.416 main &gt; org.aspectj.weaver.tools.WeavingAdaptor.weaveClass org.aspectj.weaver.loadtime.ClassLoaderWeavingAdaptor@10b090ac org/springframework/jdbc/datasource/JdbcTransactionObjectSupport, byte[4570]
3896 [main] DEBUG org.aspectj.weaver.tools.WeavingAdaptor  - 16:58:03.416 main &lt; org.aspectj.weaver.tools.WeavingAdaptor.weaveClass false
3896 [main] DEBUG org.aspectj.weaver.loadtime.Aj  - 16:58:03.416 main &lt; org.aspectj.weaver.loadtime.Aj.preProcess byte[4570]
3897 [main] DEBUG org.aspectj.weaver.loadtime.Aj  - 16:58:03.417 main &gt; org.aspectj.weaver.loadtime.Aj.preProcess org.aspectj.weaver.loadtime.Aj@58027738 org/springframework/transaction/support/SmartTransactionObject, byte[196], org.springframework.test.jpa.OrmXmlOverridingShadowingClassLoader@2bbf1be2
3897 [main] DEBUG org.aspectj.weaver.loadtime.Aj  - 16:58:03.417 main - org.aspectj.weaver.loadtime.Aj.preProcess org.aspectj.weaver.loadtime.Aj@58027738 sun.misc.Launcher$AppClassLoader@302b2c81, org.springframework.test.jpa.OrmXmlOverridingShadowingClassLoader@2bbf1be2
3897 [main] DEBUG org.aspectj.weaver.tools.WeavingAdaptor  - 16:58:03.417 main &gt; org.aspectj.weaver.tools.WeavingAdaptor.weaveClass org.aspectj.weaver.loadtime.ClassLoaderWeavingAdaptor@10b090ac org/springframework/transaction/support/SmartTransactionObject, byte[196]
3897 [main] DEBUG org.aspectj.weaver.tools.WeavingAdaptor  - 16:58:03.417 main &lt; org.aspectj.weaver.tools.WeavingAdaptor.weaveClass false
3897 [main] DEBUG org.aspectj.weaver.loadtime.Aj  - 16:58:03.417 main &lt; org.aspectj.weaver.loadtime.Aj.preProcess byte[196]
3897 [main] DEBUG org.aspectj.weaver.loadtime.Aj  - 16:58:03.417 main &gt; org.aspectj.weaver.loadtime.Aj.preProcess org.aspectj.weaver.loadtime.Aj@58027738 org/springframework/transaction/support/DefaultTransactionStatus, byte[2367], org.springframework.test.jpa.OrmXmlOverridingShadowingClassLoader@2bbf1be2
3897 [main] DEBUG org.aspectj.weaver.loadtime.Aj  - 16:58:03.417 main - org.aspectj.weaver.loadtime.Aj.preProcess org.aspectj.weaver.loadtime.Aj@58027738 sun.misc.Launcher$AppClassLoader@302b2c81, org.springframework.test.jpa.OrmXmlOverridingShadowingClassLoader@2bbf1be2
3897 [main] DEBUG org.aspectj.weaver.tools.WeavingAdaptor  - 16:58:03.417 main &gt; org.aspectj.weaver.tools.WeavingAdaptor.weaveClass org.aspectj.weaver.loadtime.ClassLoaderWeavingAdaptor@10b090ac org/springframework/transaction/support/DefaultTransactionStatus, byte[2367]
3897 [main] DEBUG org.aspectj.weaver.tools.WeavingAdaptor  - 16:58:03.417 main &lt; org.aspectj.weaver.tools.WeavingAdaptor.weaveClass false
3897 [main] DEBUG org.aspectj.weaver.loadtime.Aj  - 16:58:03.417 main &lt; org.aspectj.weaver.loadtime.Aj.preProcess byte[2367]
3898 [main] DEBUG org.aspectj.weaver.loadtime.Aj  - 16:58:03.418 main &gt; org.aspectj.weaver.loadtime.Aj.preProcess org.aspectj.weaver.loadtime.Aj@58027738 org/springframework/transaction/support/AbstractTransactionStatus, byte[2725], org.springframework.test.jpa.OrmXmlOverridingShadowingClassLoader@2bbf1be2
3898 [main] DEBUG org.aspectj.weaver.loadtime.Aj  - 16:58:03.418 main - org.aspectj.weaver.loadtime.Aj.preProcess org.aspectj.weaver.loadtime.Aj@58027738 sun.misc.Launcher$AppClassLoader@302b2c81, org.springframework.test.jpa.OrmXmlOverridingShadowingClassLoader@2bbf1be2
3898 [main] DEBUG org.aspectj.weaver.tools.WeavingAdaptor  - 16:58:03.418 main &gt; org.aspectj.weaver.tools.WeavingAdaptor.weaveClass org.aspectj.weaver.loadtime.ClassLoaderWeavingAdaptor@10b090ac org/springframework/transaction/support/AbstractTransactionStatus, byte[2725]
3898 [main] DEBUG org.aspectj.weaver.tools.WeavingAdaptor  - 16:58:03.418 main &lt; org.aspectj.weaver.tools.WeavingAdaptor.weaveClass false
3898 [main] DEBUG org.aspectj.weaver.loadtime.Aj  - 16:58:03.418 main &lt; org.aspectj.weaver.loadtime.Aj.preProcess byte[2725]
3898 [main] DEBUG org.aspectj.weaver.loadtime.Aj  - 16:58:03.418 main &gt; org.aspectj.weaver.loadtime.Aj.preProcess org.aspectj.weaver.loadtime.Aj@58027738 org/springframework/transaction/support/AbstractPlatformTransactionManager$SuspendedResourcesHolder, byte[3010], org.springframework.test.jpa.OrmXmlOverridingShadowingClassLoader@2bbf1be2
3898 [main] DEBUG org.aspectj.weaver.loadtime.Aj  - 16:58:03.418 main - org.aspectj.weaver.loadtime.Aj.preProcess org.aspectj.weaver.loadtime.Aj@58027738 sun.misc.Launcher$AppClassLoader@302b2c81, org.springframework.test.jpa.OrmXmlOverridingShadowingClassLoader@2bbf1be2
3898 [main] DEBUG org.aspectj.weaver.tools.WeavingAdaptor  - 16:58:03.418 main &gt; org.aspectj.weaver.tools.WeavingAdaptor.weaveClass org.aspectj.weaver.loadtime.ClassLoaderWeavingAdaptor@10b090ac org/springframework/transaction/support/AbstractPlatformTransactionManager$SuspendedResourcesHolder, byte[3010]
3898 [main] DEBUG org.aspectj.weaver.tools.WeavingAdaptor  - 16:58:03.418 main &lt; org.aspectj.weaver.tools.WeavingAdaptor.weaveClass false
3898 [main] DEBUG org.aspectj.weaver.loadtime.Aj  - 16:58:03.418 main &lt; org.aspectj.weaver.loadtime.Aj.preProcess byte[3010]
3901 [main] DEBUG org.aspectj.weaver.loadtime.Aj  - 16:58:03.421 main &gt; org.aspectj.weaver.loadtime.Aj.preProcess org.aspectj.weaver.loadtime.Aj@58027738 org/springframework/jdbc/datasource/TransactionAwareDataSourceProxy, byte[2759], org.springframework.test.jpa.OrmXmlOverridingShadowingClassLoader@2bbf1be2
3901 [main] DEBUG org.aspectj.weaver.loadtime.Aj  - 16:58:03.421 main - org.aspectj.weaver.loadtime.Aj.preProcess org.aspectj.weaver.loadtime.Aj@58027738 sun.misc.Launcher$AppClassLoader@302b2c81, org.springframework.test.jpa.OrmXmlOverridingShadowingClassLoader@2bbf1be2
3901 [main] DEBUG org.aspectj.weaver.tools.WeavingAdaptor  - 16:58:03.421 main &gt; org.aspectj.weaver.tools.WeavingAdaptor.weaveClass org.aspectj.weaver.loadtime.ClassLoaderWeavingAdaptor@10b090ac org/springframework/jdbc/datasource/TransactionAwareDataSourceProxy, byte[2759]
3901 [main] DEBUG org.aspectj.weaver.tools.WeavingAdaptor  - 16:58:03.421 main &lt; org.aspectj.weaver.tools.WeavingAdaptor.weaveClass false
3901 [main] DEBUG org.aspectj.weaver.loadtime.Aj  - 16:58:03.421 main &lt; org.aspectj.weaver.loadtime.Aj.preProcess byte[2759]
3902 [main] DEBUG org.aspectj.weaver.loadtime.Aj  - 16:58:03.422 main &gt; org.aspectj.weaver.loadtime.Aj.preProcess org.aspectj.weaver.loadtime.Aj@58027738 org/springframework/jdbc/datasource/DelegatingDataSource, byte[2461], org.springframework.test.jpa.OrmXmlOverridingShadowingClassLoader@2bbf1be2
3902 [main] DEBUG org.aspectj.weaver.loadtime.Aj  - 16:58:03.422 main - org.aspectj.weaver.loadtime.Aj.preProcess org.aspectj.weaver.loadtime.Aj@58027738 sun.misc.Launcher$AppClassLoader@302b2c81, org.springframework.test.jpa.OrmXmlOverridingShadowingClassLoader@2bbf1be2
3902 [main] DEBUG org.aspectj.weaver.tools.WeavingAdaptor  - 16:58:03.422 main &gt; org.aspectj.weaver.tools.WeavingAdaptor.weaveClass org.aspectj.weaver.loadtime.ClassLoaderWeavingAdaptor@10b090ac org/springframework/jdbc/datasource/DelegatingDataSource, byte[2461]
3902 [main] DEBUG org.aspectj.weaver.tools.WeavingAdaptor  - 16:58:03.422 main &lt; org.aspectj.weaver.tools.WeavingAdaptor.weaveClass false
3902 [main] DEBUG org.aspectj.weaver.loadtime.Aj  - 16:58:03.422 main &lt; org.aspectj.weaver.loadtime.Aj.preProcess byte[2461]
3903 [main] DEBUG org.aspectj.weaver.loadtime.Aj  - 16:58:03.423 main &gt; org.aspectj.weaver.loadtime.Aj.preProcess org.aspectj.weaver.loadtime.Aj@58027738 org/springframework/transaction/interceptor/TransactionAspectSupport$TransactionInfo, byte[3015], org.springframework.test.jpa.OrmXmlOverridingShadowingClassLoader@2bbf1be2
3903 [main] DEBUG org.aspectj.weaver.loadtime.Aj  - 16:58:03.423 main - org.aspectj.weaver.loadtime.Aj.preProcess org.aspectj.weaver.loadtime.Aj@58027738 sun.misc.Launcher$AppClassLoader@302b2c81, org.springframework.test.jpa.OrmXmlOverridingShadowingClassLoader@2bbf1be2
3903 [main] DEBUG org.aspectj.weaver.tools.WeavingAdaptor  - 16:58:03.423 main &gt; org.aspectj.weaver.tools.WeavingAdaptor.weaveClass org.aspectj.weaver.loadtime.ClassLoaderWeavingAdaptor@10b090ac org/springframework/transaction/interceptor/TransactionAspectSupport$TransactionInfo, byte[3015]
3903 [main] DEBUG org.aspectj.weaver.tools.WeavingAdaptor  - 16:58:03.423 main &lt; org.aspectj.weaver.tools.WeavingAdaptor.weaveClass false
3903 [main] DEBUG org.aspectj.weaver.loadtime.Aj  - 16:58:03.423 main &lt; org.aspectj.weaver.loadtime.Aj.preProcess byte[3015]
3906 [main] DEBUG org.aspectj.weaver.loadtime.Aj  - 16:58:03.426 main &gt; org.aspectj.weaver.loadtime.Aj.preProcess org.aspectj.weaver.loadtime.Aj@58027738 tudu/security/PermissionDeniedException, byte[483], org.springframework.test.jpa.OrmXmlOverridingShadowingClassLoader@2bbf1be2
3906 [main] DEBUG org.aspectj.weaver.loadtime.Aj  - 16:58:03.426 main - org.aspectj.weaver.loadtime.Aj.preProcess org.aspectj.weaver.loadtime.Aj@58027738 sun.misc.Launcher$AppClassLoader@302b2c81, org.springframework.test.jpa.OrmXmlOverridingShadowingClassLoader@2bbf1be2
3906 [main] DEBUG org.aspectj.weaver.tools.WeavingAdaptor  - 16:58:03.426 main &gt; org.aspectj.weaver.tools.WeavingAdaptor.weaveClass org.aspectj.weaver.loadtime.ClassLoaderWeavingAdaptor@10b090ac tudu/security/PermissionDeniedException, byte[483]
3906 [main] DEBUG org.aspectj.weaver.tools.WeavingAdaptor  - 16:58:03.426 main &lt; org.aspectj.weaver.tools.WeavingAdaptor.weaveClass false
3906 [main] DEBUG org.aspectj.weaver.loadtime.Aj  - 16:58:03.426 main &lt; org.aspectj.weaver.loadtime.Aj.preProcess byte[483]
3906 [main] DEBUG org.aspectj.weaver.loadtime.Aj  - 16:58:03.426 main &gt; org.aspectj.weaver.loadtime.Aj.preProcess org.aspectj.weaver.loadtime.Aj@58027738 org/jdom/Content, byte[1547], org.springframework.test.jpa.OrmXmlOverridingShadowingClassLoader@2bbf1be2
3906 [main] DEBUG org.aspectj.weaver.loadtime.Aj  - 16:58:03.426 main - org.aspectj.weaver.loadtime.Aj.preProcess org.aspectj.weaver.loadtime.Aj@58027738 sun.misc.Launcher$AppClassLoader@302b2c81, org.springframework.test.jpa.OrmXmlOverridingShadowingClassLoader@2bbf1be2
3906 [main] DEBUG org.aspectj.weaver.tools.WeavingAdaptor  - 16:58:03.426 main &gt; org.aspectj.weaver.tools.WeavingAdaptor.weaveClass org.aspectj.weaver.loadtime.ClassLoaderWeavingAdaptor@10b090ac org/jdom/Content, byte[1547]
3907 [main] DEBUG org.aspectj.weaver.tools.WeavingAdaptor  - 16:58:03.427 main &lt; org.aspectj.weaver.tools.WeavingAdaptor.weaveClass false
3907 [main] DEBUG org.aspectj.weaver.loadtime.Aj  - 16:58:03.427 main &lt; org.aspectj.weaver.loadtime.Aj.preProcess byte[1547]
3907 [main] DEBUG org.aspectj.weaver.loadtime.Aj  - 16:58:03.427 main &gt; org.aspectj.weaver.loadtime.Aj.preProcess org.aspectj.weaver.loadtime.Aj@58027738 org/jdom/Element, byte[15571], org.springframework.test.jpa.OrmXmlOverridingShadowingClassLoader@2bbf1be2
3907 [main] DEBUG org.aspectj.weaver.loadtime.Aj  - 16:58:03.427 main - org.aspectj.weaver.loadtime.Aj.preProcess org.aspectj.weaver.loadtime.Aj@58027738 sun.misc.Launcher$AppClassLoader@302b2c81, org.springframework.test.jpa.OrmXmlOverridingShadowingClassLoader@2bbf1be2
3907 [main] DEBUG org.aspectj.weaver.tools.WeavingAdaptor  - 16:58:03.427 main &gt; org.aspectj.weaver.tools.WeavingAdaptor.weaveClass org.aspectj.weaver.loadtime.ClassLoaderWeavingAdaptor@10b090ac org/jdom/Element, byte[15571]
3907 [main] DEBUG org.aspectj.weaver.tools.WeavingAdaptor  - 16:58:03.427 main &lt; org.aspectj.weaver.tools.WeavingAdaptor.weaveClass false
3907 [main] DEBUG org.aspectj.weaver.loadtime.Aj  - 16:58:03.427 main &lt; org.aspectj.weaver.loadtime.Aj.preProcess byte[15571]
3908 [main] DEBUG org.aspectj.weaver.loadtime.Aj  - 16:58:03.428 main &gt; org.aspectj.weaver.loadtime.Aj.preProcess org.aspectj.weaver.loadtime.Aj@58027738 org/jdom/Parent, byte[836], org.springframework.test.jpa.OrmXmlOverridingShadowingClassLoader@2bbf1be2
3908 [main] DEBUG org.aspectj.weaver.loadtime.Aj  - 16:58:03.428 main - org.aspectj.weaver.loadtime.Aj.preProcess org.aspectj.weaver.loadtime.Aj@58027738 sun.misc.Launcher$AppClassLoader@302b2c81, org.springframework.test.jpa.OrmXmlOverridingShadowingClassLoader@2bbf1be2
3908 [main] DEBUG org.aspectj.weaver.tools.WeavingAdaptor  - 16:58:03.428 main &gt; org.aspectj.weaver.tools.WeavingAdaptor.weaveClass org.aspectj.weaver.loadtime.ClassLoaderWeavingAdaptor@10b090ac org/jdom/Parent, byte[836]
3908 [main] DEBUG org.aspectj.weaver.tools.WeavingAdaptor  - 16:58:03.428 main &lt; org.aspectj.weaver.tools.WeavingAdaptor.weaveClass false
3908 [main] DEBUG org.aspectj.weaver.loadtime.Aj  - 16:58:03.428 main &lt; org.aspectj.weaver.loadtime.Aj.preProcess byte[836]
3909 [main] DEBUG org.aspectj.weaver.loadtime.Aj  - 16:58:03.429 main &gt; org.aspectj.weaver.loadtime.Aj.preProcess org.aspectj.weaver.loadtime.Aj@58027738 org/jdom/Document, byte[8437], org.springframework.test.jpa.OrmXmlOverridingShadowingClassLoader@2bbf1be2
3909 [main] DEBUG org.aspectj.weaver.loadtime.Aj  - 16:58:03.429 main - org.aspectj.weaver.loadtime.Aj.preProcess org.aspectj.weaver.loadtime.Aj@58027738 sun.misc.Launcher$AppClassLoader@302b2c81, org.springframework.test.jpa.OrmXmlOverridingShadowingClassLoader@2bbf1be2
3909 [main] DEBUG org.aspectj.weaver.tools.WeavingAdaptor  - 16:58:03.429 main &gt; org.aspectj.weaver.tools.WeavingAdaptor.weaveClass org.aspectj.weaver.loadtime.ClassLoaderWeavingAdaptor@10b090ac org/jdom/Document, byte[8437]
3909 [main] DEBUG org.aspectj.weaver.tools.WeavingAdaptor  - 16:58:03.429 main &lt; org.aspectj.weaver.tools.WeavingAdaptor.weaveClass false
3909 [main] DEBUG org.aspectj.weaver.loadtime.Aj  - 16:58:03.429 main &lt; org.aspectj.weaver.loadtime.Aj.preProcess byte[8437]
3909 [main] DEBUG org.aspectj.weaver.loadtime.Aj  - 16:58:03.429 main &gt; org.aspectj.weaver.loadtime.Aj.preProcess org.aspectj.weaver.loadtime.Aj@58027738 org/jdom/JDOMException, byte[4123], org.springframework.test.jpa.OrmXmlOverridingShadowingClassLoader@2bbf1be2
3909 [main] DEBUG org.aspectj.weaver.loadtime.Aj  - 16:58:03.429 main - org.aspectj.weaver.loadtime.Aj.preProcess org.aspectj.weaver.loadtime.Aj@58027738 sun.misc.Launcher$AppClassLoader@302b2c81, org.springframework.test.jpa.OrmXmlOverridingShadowingClassLoader@2bbf1be2
3909 [main] DEBUG org.aspectj.weaver.tools.WeavingAdaptor  - 16:58:03.429 main &gt; org.aspectj.weaver.tools.WeavingAdaptor.weaveClass org.aspectj.weaver.loadtime.ClassLoaderWeavingAdaptor@10b090ac org/jdom/JDOMException, byte[4123]
3910 [main] DEBUG org.aspectj.weaver.tools.WeavingAdaptor  - 16:58:03.430 main &lt; org.aspectj.weaver.tools.WeavingAdaptor.weaveClass false
3910 [main] DEBUG org.aspectj.weaver.loadtime.Aj  - 16:58:03.430 main &lt; org.aspectj.weaver.loadtime.Aj.preProcess byte[4123]
3918 [main] DEBUG org.aspectj.weaver.loadtime.Aj  - 16:58:03.438 main &gt; org.aspectj.weaver.loadtime.Aj.preProcess org.aspectj.weaver.loadtime.Aj@58027738 org/acegisecurity/AuthenticationException, byte[912], org.springframework.test.jpa.OrmXmlOverridingShadowingClassLoader@2bbf1be2
3918 [main] DEBUG org.aspectj.weaver.loadtime.Aj  - 16:58:03.438 main - org.aspectj.weaver.loadtime.Aj.preProcess org.aspectj.weaver.loadtime.Aj@58027738 sun.misc.Launcher$AppClassLoader@302b2c81, org.springframework.test.jpa.OrmXmlOverridingShadowingClassLoader@2bbf1be2
3918 [main] DEBUG org.aspectj.weaver.tools.WeavingAdaptor  - 16:58:03.438 main &gt; org.aspectj.weaver.tools.WeavingAdaptor.weaveClass org.aspectj.weaver.loadtime.ClassLoaderWeavingAdaptor@10b090ac org/acegisecurity/AuthenticationException, byte[912]
3918 [main] DEBUG org.aspectj.weaver.tools.WeavingAdaptor  - 16:58:03.438 main &lt; org.aspectj.weaver.tools.WeavingAdaptor.weaveClass false
3918 [main] DEBUG org.aspectj.weaver.loadtime.Aj  - 16:58:03.438 main &lt; org.aspectj.weaver.loadtime.Aj.preProcess byte[912]
3918 [main] DEBUG org.aspectj.weaver.loadtime.Aj  - 16:58:03.438 main &gt; org.aspectj.weaver.loadtime.Aj.preProcess org.aspectj.weaver.loadtime.Aj@58027738 org/acegisecurity/AcegiSecurityException, byte[588], org.springframework.test.jpa.OrmXmlOverridingShadowingClassLoader@2bbf1be2
3918 [main] DEBUG org.aspectj.weaver.loadtime.Aj  - 16:58:03.438 main - org.aspectj.weaver.loadtime.Aj.preProcess org.aspectj.weaver.loadtime.Aj@58027738 sun.misc.Launcher$AppClassLoader@302b2c81, org.springframework.test.jpa.OrmXmlOverridingShadowingClassLoader@2bbf1be2
3918 [main] DEBUG org.aspectj.weaver.tools.WeavingAdaptor  - 16:58:03.438 main &gt; org.aspectj.weaver.tools.WeavingAdaptor.weaveClass org.aspectj.weaver.loadtime.ClassLoaderWeavingAdaptor@10b090ac org/acegisecurity/AcegiSecurityException, byte[588]
3918 [main] DEBUG org.aspectj.weaver.tools.WeavingAdaptor  - 16:58:03.438 main &lt; org.aspectj.weaver.tools.WeavingAdaptor.weaveClass false
3919 [main] DEBUG org.aspectj.weaver.loadtime.Aj  - 16:58:03.439 main &lt; org.aspectj.weaver.loadtime.Aj.preProcess byte[588]
3919 [main] DEBUG org.aspectj.weaver.loadtime.Aj  - 16:58:03.439 main &gt; org.aspectj.weaver.loadtime.Aj.preProcess org.aspectj.weaver.loadtime.Aj@58027738 org/acegisecurity/event/authentication/AuthenticationSuccessEvent, byte[534], org.springframework.test.jpa.OrmXmlOverridingShadowingClassLoader@2bbf1be2
3919 [main] DEBUG org.aspectj.weaver.loadtime.Aj  - 16:58:03.439 main - org.aspectj.weaver.loadtime.Aj.preProcess org.aspectj.weaver.loadtime.Aj@58027738 sun.misc.Launcher$AppClassLoader@302b2c81, org.springframework.test.jpa.OrmXmlOverridingShadowingClassLoader@2bbf1be2
3919 [main] DEBUG org.aspectj.weaver.tools.WeavingAdaptor  - 16:58:03.439 main &gt; org.aspectj.weaver.tools.WeavingAdaptor.weaveClass org.aspectj.weaver.loadtime.ClassLoaderWeavingAdaptor@10b090ac org/acegisecurity/event/authentication/AuthenticationSuccessEvent, byte[534]
3919 [main] DEBUG org.aspectj.weaver.tools.WeavingAdaptor  - 16:58:03.439 main &lt; org.aspectj.weaver.tools.WeavingAdaptor.weaveClass false
3919 [main] DEBUG org.aspectj.weaver.loadtime.Aj  - 16:58:03.439 main &lt; org.aspectj.weaver.loadtime.Aj.preProcess byte[534]
3920 [main] DEBUG org.aspectj.weaver.loadtime.Aj  - 16:58:03.440 main &gt; org.aspectj.weaver.loadtime.Aj.preProcess org.aspectj.weaver.loadtime.Aj@58027738 org/acegisecurity/event/authentication/AbstractAuthenticationEvent, byte[745], org.springframework.test.jpa.OrmXmlOverridingShadowingClassLoader@2bbf1be2
3920 [main] DEBUG org.aspectj.weaver.loadtime.Aj  - 16:58:03.440 main - org.aspectj.weaver.loadtime.Aj.preProcess org.aspectj.weaver.loadtime.Aj@58027738 sun.misc.Launcher$AppClassLoader@302b2c81, org.springframework.test.jpa.OrmXmlOverridingShadowingClassLoader@2bbf1be2
3920 [main] DEBUG org.aspectj.weaver.tools.WeavingAdaptor  - 16:58:03.440 main &gt; org.aspectj.weaver.tools.WeavingAdaptor.weaveClass org.aspectj.weaver.loadtime.ClassLoaderWeavingAdaptor@10b090ac org/acegisecurity/event/authentication/AbstractAuthenticationEvent, byte[745]
3920 [main] DEBUG org.aspectj.weaver.tools.WeavingAdaptor  - 16:58:03.440 main &lt; org.aspectj.weaver.tools.WeavingAdaptor.weaveClass false
3920 [main] DEBUG org.aspectj.weaver.loadtime.Aj  - 16:58:03.440 main &lt; org.aspectj.weaver.loadtime.Aj.preProcess byte[745]
3920 [main] DEBUG org.aspectj.weaver.loadtime.Aj  - 16:58:03.440 main &gt; org.aspectj.weaver.loadtime.Aj.preProcess org.aspectj.weaver.loadtime.Aj@58027738 org/acegisecurity/providers/ProviderNotFoundException, byte[611], org.springframework.test.jpa.OrmXmlOverridingShadowingClassLoader@2bbf1be2
3920 [main] DEBUG org.aspectj.weaver.loadtime.Aj  - 16:58:03.440 main - org.aspectj.weaver.loadtime.Aj.preProcess org.aspectj.weaver.loadtime.Aj@58027738 sun.misc.Launcher$AppClassLoader@302b2c81, org.springframework.test.jpa.OrmXmlOverridingShadowingClassLoader@2bbf1be2
3920 [main] DEBUG org.aspectj.weaver.tools.WeavingAdaptor  - 16:58:03.440 main &gt; org.aspectj.weaver.tools.WeavingAdaptor.weaveClass org.aspectj.weaver.loadtime.ClassLoaderWeavingAdaptor@10b090ac org/acegisecurity/providers/ProviderNotFoundException, byte[611]
3920 [main] DEBUG org.aspectj.weaver.tools.WeavingAdaptor  - 16:58:03.440 main &lt; org.aspectj.weaver.tools.WeavingAdaptor.weaveClass false
3920 [main] DEBUG org.aspectj.weaver.loadtime.Aj  - 16:58:03.440 main &lt; org.aspectj.weaver.loadtime.Aj.preProcess byte[611]
3921 [main] DEBUG org.aspectj.weaver.loadtime.Aj  - 16:58:03.441 main &gt; org.aspectj.weaver.loadtime.Aj.preProcess org.aspectj.weaver.loadtime.Aj@58027738 org/acegisecurity/concurrent/ConcurrentSessionController, byte[354], org.springframework.test.jpa.OrmXmlOverridingShadowingClassLoader@2bbf1be2
3921 [main] DEBUG org.aspectj.weaver.loadtime.Aj  - 16:58:03.441 main - org.aspectj.weaver.loadtime.Aj.preProcess org.aspectj.weaver.loadtime.Aj@58027738 sun.misc.Launcher$AppClassLoader@302b2c81, org.springframework.test.jpa.OrmXmlOverridingShadowingClassLoader@2bbf1be2
3921 [main] DEBUG org.aspectj.weaver.tools.WeavingAdaptor  - 16:58:03.441 main &gt; org.aspectj.weaver.tools.WeavingAdaptor.weaveClass org.aspectj.weaver.loadtime.ClassLoaderWeavingAdaptor@10b090ac org/acegisecurity/concurrent/ConcurrentSessionController, byte[354]
3921 [main] DEBUG org.aspectj.weaver.tools.WeavingAdaptor  - 16:58:03.441 main &lt; org.aspectj.weaver.tools.WeavingAdaptor.weaveClass false
3921 [main] DEBUG org.aspectj.weaver.loadtime.Aj  - 16:58:03.441 main &lt; org.aspectj.weaver.loadtime.Aj.preProcess byte[354]
3922 [main] DEBUG org.aspectj.weaver.loadtime.Aj  - 16:58:03.442 main &gt; org.aspectj.weaver.loadtime.Aj.preProcess org.aspectj.weaver.loadtime.Aj@58027738 org/acegisecurity/AccountExpiredException, byte[585], org.springframework.test.jpa.OrmXmlOverridingShadowingClassLoader@2bbf1be2
3922 [main] DEBUG org.aspectj.weaver.loadtime.Aj  - 16:58:03.442 main - org.aspectj.weaver.loadtime.Aj.preProcess org.aspectj.weaver.loadtime.Aj@58027738 sun.misc.Launcher$AppClassLoader@302b2c81, org.springframework.test.jpa.OrmXmlOverridingShadowingClassLoader@2bbf1be2
3922 [main] DEBUG org.aspectj.weaver.tools.WeavingAdaptor  - 16:58:03.442 main &gt; org.aspectj.weaver.tools.WeavingAdaptor.weaveClass org.aspectj.weaver.loadtime.ClassLoaderWeavingAdaptor@10b090ac org/acegisecurity/AccountExpiredException, byte[585]
3922 [main] DEBUG org.aspectj.weaver.tools.WeavingAdaptor  - 16:58:03.442 main &lt; org.aspectj.weaver.tools.WeavingAdaptor.weaveClass false
3922 [main] DEBUG org.aspectj.weaver.loadtime.Aj  - 16:58:03.442 main &lt; org.aspectj.weaver.loadtime.Aj.preProcess byte[585]
3922 [main] DEBUG org.aspectj.weaver.loadtime.Aj  - 16:58:03.442 main &gt; org.aspectj.weaver.loadtime.Aj.preProcess org.aspectj.weaver.loadtime.Aj@58027738 org/acegisecurity/event/authentication/AuthenticationFailureExpiredEvent, byte[674], org.springframework.test.jpa.OrmXmlOverridingShadowingClassLoader@2bbf1be2
3922 [main] DEBUG org.aspectj.weaver.loadtime.Aj  - 16:58:03.442 main - org.aspectj.weaver.loadtime.Aj.preProcess org.aspectj.weaver.loadtime.Aj@58027738 sun.misc.Launcher$AppClassLoader@302b2c81, org.springframework.test.jpa.OrmXmlOverridingShadowingClassLoader@2bbf1be2
3922 [main] DEBUG org.aspectj.weaver.tools.WeavingAdaptor  - 16:58:03.442 main &gt; org.aspectj.weaver.tools.WeavingAdaptor.weaveClass org.aspectj.weaver.loadtime.ClassLoaderWeavingAdaptor@10b090ac org/acegisecurity/event/authentication/AuthenticationFailureExpiredEvent, byte[674]
3922 [main] DEBUG org.aspectj.weaver.tools.WeavingAdaptor  - 16:58:03.442 main &lt; org.aspectj.weaver.tools.WeavingAdaptor.weaveClass false
3922 [main] DEBUG org.aspectj.weaver.loadtime.Aj  - 16:58:03.442 main &lt; org.aspectj.weaver.loadtime.Aj.preProcess byte[674]
3922 [main] DEBUG org.aspectj.weaver.loadtime.Aj  - 16:58:03.442 main &gt; org.aspectj.weaver.loadtime.Aj.preProcess org.aspectj.weaver.loadtime.Aj@58027738 org/acegisecurity/event/authentication/AbstractAuthenticationFailureEvent, byte[1010], org.springframework.test.jpa.OrmXmlOverridingShadowingClassLoader@2bbf1be2
3923 [main] DEBUG org.aspectj.weaver.loadtime.Aj  - 16:58:03.443 main - org.aspectj.weaver.loadtime.Aj.preProcess org.aspectj.weaver.loadtime.Aj@58027738 sun.misc.Launcher$AppClassLoader@302b2c81, org.springframework.test.jpa.OrmXmlOverridingShadowingClassLoader@2bbf1be2
3923 [main] DEBUG org.aspectj.weaver.tools.WeavingAdaptor  - 16:58:03.443 main &gt; org.aspectj.weaver.tools.WeavingAdaptor.weaveClass org.aspectj.weaver.loadtime.ClassLoaderWeavingAdaptor@10b090ac org/acegisecurity/event/authentication/AbstractAuthenticationFailureEvent, byte[1010]
3923 [main] DEBUG org.aspectj.weaver.tools.WeavingAdaptor  - 16:58:03.443 main &lt; org.aspectj.weaver.tools.WeavingAdaptor.weaveClass false
3923 [main] DEBUG org.aspectj.weaver.loadtime.Aj  - 16:58:03.443 main &lt; org.aspectj.weaver.loadtime.Aj.preProcess byte[1010]
3923 [main] DEBUG org.aspectj.weaver.loadtime.Aj  - 16:58:03.443 main &gt; org.aspectj.weaver.loadtime.Aj.preProcess org.aspectj.weaver.loadtime.Aj@58027738 org/acegisecurity/AuthenticationServiceException, byte[606], org.springframework.test.jpa.OrmXmlOverridingShadowingClassLoader@2bbf1be2
3923 [main] DEBUG org.aspectj.weaver.loadtime.Aj  - 16:58:03.443 main - org.aspectj.weaver.loadtime.Aj.preProcess org.aspectj.weaver.loadtime.Aj@58027738 sun.misc.Launcher$AppClassLoader@302b2c81, org.springframework.test.jpa.OrmXmlOverridingShadowingClassLoader@2bbf1be2
3923 [main] DEBUG org.aspectj.weaver.tools.WeavingAdaptor  - 16:58:03.443 main &gt; org.aspectj.weaver.tools.WeavingAdaptor.weaveClass org.aspectj.weaver.loadtime.ClassLoaderWeavingAdaptor@10b090ac org/acegisecurity/AuthenticationServiceException, byte[606]
3923 [main] DEBUG org.aspectj.weaver.tools.WeavingAdaptor  - 16:58:03.443 main &lt; org.aspectj.weaver.tools.WeavingAdaptor.weaveClass false
3923 [main] DEBUG org.aspectj.weaver.loadtime.Aj  - 16:58:03.443 main &lt; org.aspectj.weaver.loadtime.Aj.preProcess byte[606]
3924 [main] DEBUG org.aspectj.weaver.loadtime.Aj  - 16:58:03.444 main &gt; org.aspectj.weaver.loadtime.Aj.preProcess org.aspectj.weaver.loadtime.Aj@58027738 org/acegisecurity/event/authentication/AuthenticationFailureServiceExceptionEvent, byte[701], org.springframework.test.jpa.OrmXmlOverridingShadowingClassLoader@2bbf1be2
3924 [main] DEBUG org.aspectj.weaver.loadtime.Aj  - 16:58:03.444 main - org.aspectj.weaver.loadtime.Aj.preProcess org.aspectj.weaver.loadtime.Aj@58027738 sun.misc.Launcher$AppClassLoader@302b2c81, org.springframework.test.jpa.OrmXmlOverridingShadowingClassLoader@2bbf1be2
3924 [main] DEBUG org.aspectj.weaver.tools.WeavingAdaptor  - 16:58:03.444 main &gt; org.aspectj.weaver.tools.WeavingAdaptor.weaveClass org.aspectj.weaver.loadtime.ClassLoaderWeavingAdaptor@10b090ac org/acegisecurity/event/authentication/AuthenticationFailureServiceExceptionEvent, byte[701]
3924 [main] DEBUG org.aspectj.weaver.tools.WeavingAdaptor  - 16:58:03.444 main &lt; org.aspectj.weaver.tools.WeavingAdaptor.weaveClass false
3924 [main] DEBUG org.aspectj.weaver.loadtime.Aj  - 16:58:03.444 main &lt; org.aspectj.weaver.loadtime.Aj.preProcess byte[701]
3924 [main] DEBUG org.aspectj.weaver.loadtime.Aj  - 16:58:03.444 main &gt; org.aspectj.weaver.loadtime.Aj.preProcess org.aspectj.weaver.loadtime.Aj@58027738 org/acegisecurity/LockedException, byte[561], org.springframework.test.jpa.OrmXmlOverridingShadowingClassLoader@2bbf1be2
3924 [main] DEBUG org.aspectj.weaver.loadtime.Aj  - 16:58:03.444 main - org.aspectj.weaver.loadtime.Aj.preProcess org.aspectj.weaver.loadtime.Aj@58027738 sun.misc.Launcher$AppClassLoader@302b2c81, org.springframework.test.jpa.OrmXmlOverridingShadowingClassLoader@2bbf1be2
3924 [main] DEBUG org.aspectj.weaver.tools.WeavingAdaptor  - 16:58:03.444 main &gt; org.aspectj.weaver.tools.WeavingAdaptor.weaveClass org.aspectj.weaver.loadtime.ClassLoaderWeavingAdaptor@10b090ac org/acegisecurity/LockedException, byte[561]
3924 [main] DEBUG org.aspectj.weaver.tools.WeavingAdaptor  - 16:58:03.444 main &lt; org.aspectj.weaver.tools.WeavingAdaptor.weaveClass false
3924 [main] DEBUG org.aspectj.weaver.loadtime.Aj  - 16:58:03.444 main &lt; org.aspectj.weaver.loadtime.Aj.preProcess byte[561]
3924 [main] DEBUG org.aspectj.weaver.loadtime.Aj  - 16:58:03.444 main &gt; org.aspectj.weaver.loadtime.Aj.preProcess org.aspectj.weaver.loadtime.Aj@58027738 org/acegisecurity/event/authentication/AuthenticationFailureLockedEvent, byte[671], org.springframework.test.jpa.OrmXmlOverridingShadowingClassLoader@2bbf1be2
3925 [main] DEBUG org.aspectj.weaver.loadtime.Aj  - 16:58:03.445 main - org.aspectj.weaver.loadtime.Aj.preProcess org.aspectj.weaver.loadtime.Aj@58027738 sun.misc.Launcher$AppClassLoader@302b2c81, org.springframework.test.jpa.OrmXmlOverridingShadowingClassLoader@2bbf1be2
3925 [main] DEBUG org.aspectj.weaver.tools.WeavingAdaptor  - 16:58:03.445 main &gt; org.aspectj.weaver.tools.WeavingAdaptor.weaveClass org.aspectj.weaver.loadtime.ClassLoaderWeavingAdaptor@10b090ac org/acegisecurity/event/authentication/AuthenticationFailureLockedEvent, byte[671]
3925 [main] DEBUG org.aspectj.weaver.tools.WeavingAdaptor  - 16:58:03.445 main &lt; org.aspectj.weaver.tools.WeavingAdaptor.weaveClass false
3925 [main] DEBUG org.aspectj.weaver.loadtime.Aj  - 16:58:03.445 main &lt; org.aspectj.weaver.loadtime.Aj.preProcess byte[671]
3925 [main] DEBUG org.aspectj.weaver.loadtime.Aj  - 16:58:03.445 main &gt; org.aspectj.weaver.loadtime.Aj.preProcess org.aspectj.weaver.loadtime.Aj@58027738 org/acegisecurity/CredentialsExpiredException, byte[597], org.springframework.test.jpa.OrmXmlOverridingShadowingClassLoader@2bbf1be2
3925 [main] DEBUG org.aspectj.weaver.loadtime.Aj  - 16:58:03.445 main - org.aspectj.weaver.loadtime.Aj.preProcess org.aspectj.weaver.loadtime.Aj@58027738 sun.misc.Launcher$AppClassLoader@302b2c81, org.springframework.test.jpa.OrmXmlOverridingShadowingClassLoader@2bbf1be2
3925 [main] DEBUG org.aspectj.weaver.tools.WeavingAdaptor  - 16:58:03.445 main &gt; org.aspectj.weaver.tools.WeavingAdaptor.weaveClass org.aspectj.weaver.loadtime.ClassLoaderWeavingAdaptor@10b090ac org/acegisecurity/CredentialsExpiredException, byte[597]
3925 [main] DEBUG org.aspectj.weaver.tools.WeavingAdaptor  - 16:58:03.445 main &lt; org.aspectj.weaver.tools.WeavingAdaptor.weaveClass false
3925 [main] DEBUG org.aspectj.weaver.loadtime.Aj  - 16:58:03.445 main &lt; org.aspectj.weaver.loadtime.Aj.preProcess byte[597]
3925 [main] DEBUG org.aspectj.weaver.loadtime.Aj  - 16:58:03.445 main &gt; org.aspectj.weaver.loadtime.Aj.preProcess org.aspectj.weaver.loadtime.Aj@58027738 org/acegisecurity/event/authentication/AuthenticationFailureCredentialsExpiredEvent, byte[707], org.springframework.test.jpa.OrmXmlOverridingShadowingClassLoader@2bbf1be2
3925 [main] DEBUG org.aspectj.weaver.loadtime.Aj  - 16:58:03.445 main - org.aspectj.weaver.loadtime.Aj.preProcess org.aspectj.weaver.loadtime.Aj@58027738 sun.misc.Launcher$AppClassLoader@302b2c81, org.springframework.test.jpa.OrmXmlOverridingShadowingClassLoader@2bbf1be2
3925 [main] DEBUG org.aspectj.weaver.tools.WeavingAdaptor  - 16:58:03.445 main &gt; org.aspectj.weaver.tools.WeavingAdaptor.weaveClass org.aspectj.weaver.loadtime.ClassLoaderWeavingAdaptor@10b090ac org/acegisecurity/event/authentication/AuthenticationFailureCredentialsExpiredEvent, byte[707]
3925 [main] DEBUG org.aspectj.weaver.tools.WeavingAdaptor  - 16:58:03.445 main &lt; org.aspectj.weaver.tools.WeavingAdaptor.weaveClass false
3925 [main] DEBUG org.aspectj.weaver.loadtime.Aj  - 16:58:03.445 main &lt; org.aspectj.weaver.loadtime.Aj.preProcess byte[707]
3926 [main] DEBUG org.aspectj.weaver.loadtime.Aj  - 16:58:03.446 main &gt; org.aspectj.weaver.loadtime.Aj.preProcess org.aspectj.weaver.loadtime.Aj@58027738 org/acegisecurity/DisabledException, byte[567], org.springframework.test.jpa.OrmXmlOverridingShadowingClassLoader@2bbf1be2
3926 [main] DEBUG org.aspectj.weaver.loadtime.Aj  - 16:58:03.446 main - org.aspectj.weaver.loadtime.Aj.preProcess org.aspectj.weaver.loadtime.Aj@58027738 sun.misc.Launcher$AppClassLoader@302b2c81, org.springframework.test.jpa.OrmXmlOverridingShadowingClassLoader@2bbf1be2
3926 [main] DEBUG org.aspectj.weaver.tools.WeavingAdaptor  - 16:58:03.446 main &gt; org.aspectj.weaver.tools.WeavingAdaptor.weaveClass org.aspectj.weaver.loadtime.ClassLoaderWeavingAdaptor@10b090ac org/acegisecurity/DisabledException, byte[567]
3926 [main] DEBUG org.aspectj.weaver.tools.WeavingAdaptor  - 16:58:03.446 main &lt; org.aspectj.weaver.tools.WeavingAdaptor.weaveClass false
3926 [main] DEBUG org.aspectj.weaver.loadtime.Aj  - 16:58:03.446 main &lt; org.aspectj.weaver.loadtime.Aj.preProcess byte[567]
3926 [main] DEBUG org.aspectj.weaver.loadtime.Aj  - 16:58:03.446 main &gt; org.aspectj.weaver.loadtime.Aj.preProcess org.aspectj.weaver.loadtime.Aj@58027738 org/acegisecurity/event/authentication/AuthenticationFailureDisabledEvent, byte[677], org.springframework.test.jpa.OrmXmlOverridingShadowingClassLoader@2bbf1be2
3926 [main] DEBUG org.aspectj.weaver.loadtime.Aj  - 16:58:03.446 main - org.aspectj.weaver.loadtime.Aj.preProcess org.aspectj.weaver.loadtime.Aj@58027738 sun.misc.Launcher$AppClassLoader@302b2c81, org.springframework.test.jpa.OrmXmlOverridingShadowingClassLoader@2bbf1be2
3926 [main] DEBUG org.aspectj.weaver.tools.WeavingAdaptor  - 16:58:03.446 main &gt; org.aspectj.weaver.tools.WeavingAdaptor.weaveClass org.aspectj.weaver.loadtime.ClassLoaderWeavingAdaptor@10b090ac org/acegisecurity/event/authentication/AuthenticationFailureDisabledEvent, byte[677]
3926 [main] DEBUG org.aspectj.weaver.tools.WeavingAdaptor  - 16:58:03.446 main &lt; org.aspectj.weaver.tools.WeavingAdaptor.weaveClass false
3926 [main] DEBUG org.aspectj.weaver.loadtime.Aj  - 16:58:03.446 main &lt; org.aspectj.weaver.loadtime.Aj.preProcess byte[677]
3927 [main] DEBUG org.aspectj.weaver.loadtime.Aj  - 16:58:03.447 main &gt; org.aspectj.weaver.loadtime.Aj.preProcess org.aspectj.weaver.loadtime.Aj@58027738 org/acegisecurity/BadCredentialsException, byte[886], org.springframework.test.jpa.OrmXmlOverridingShadowingClassLoader@2bbf1be2
3927 [main] DEBUG org.aspectj.weaver.loadtime.Aj  - 16:58:03.447 main - org.aspectj.weaver.loadtime.Aj.preProcess org.aspectj.weaver.loadtime.Aj@58027738 sun.misc.Launcher$AppClassLoader@302b2c81, org.springframework.test.jpa.OrmXmlOverridingShadowingClassLoader@2bbf1be2
3927 [main] DEBUG org.aspectj.weaver.tools.WeavingAdaptor  - 16:58:03.447 main &gt; org.aspectj.weaver.tools.WeavingAdaptor.weaveClass org.aspectj.weaver.loadtime.ClassLoaderWeavingAdaptor@10b090ac org/acegisecurity/BadCredentialsException, byte[886]
3927 [main] DEBUG org.aspectj.weaver.tools.WeavingAdaptor  - 16:58:03.447 main &lt; org.aspectj.weaver.tools.WeavingAdaptor.weaveClass false
3927 [main] DEBUG org.aspectj.weaver.loadtime.Aj  - 16:58:03.447 main &lt; org.aspectj.weaver.loadtime.Aj.preProcess byte[886]
3927 [main] DEBUG org.aspectj.weaver.loadtime.Aj  - 16:58:03.447 main &gt; org.aspectj.weaver.loadtime.Aj.preProcess org.aspectj.weaver.loadtime.Aj@58027738 org/acegisecurity/event/authentication/AuthenticationFailureBadCredentialsEvent, byte[695], org.springframework.test.jpa.OrmXmlOverridingShadowingClassLoader@2bbf1be2
3927 [main] DEBUG org.aspectj.weaver.loadtime.Aj  - 16:58:03.447 main - org.aspectj.weaver.loadtime.Aj.preProcess org.aspectj.weaver.loadtime.Aj@58027738 sun.misc.Launcher$AppClassLoader@302b2c81, org.springframework.test.jpa.OrmXmlOverridingShadowingClassLoader@2bbf1be2
3927 [main] DEBUG org.aspectj.weaver.tools.WeavingAdaptor  - 16:58:03.447 main &gt; org.aspectj.weaver.tools.WeavingAdaptor.weaveClass org.aspectj.weaver.loadtime.ClassLoaderWeavingAdaptor@10b090ac org/acegisecurity/event/authentication/AuthenticationFailureBadCredentialsEvent, byte[695]
3927 [main] DEBUG org.aspectj.weaver.tools.WeavingAdaptor  - 16:58:03.447 main &lt; org.aspectj.weaver.tools.WeavingAdaptor.weaveClass false
3927 [main] DEBUG org.aspectj.weaver.loadtime.Aj  - 16:58:03.447 main &lt; org.aspectj.weaver.loadtime.Aj.preProcess byte[695]
3927 [main] DEBUG org.aspectj.weaver.loadtime.Aj  - 16:58:03.447 main &gt; org.aspectj.weaver.loadtime.Aj.preProcess org.aspectj.weaver.loadtime.Aj@58027738 org/acegisecurity/userdetails/UsernameNotFoundException, byte[794], org.springframework.test.jpa.OrmXmlOverridingShadowingClassLoader@2bbf1be2
3928 [main] DEBUG org.aspectj.weaver.loadtime.Aj  - 16:58:03.448 main - org.aspectj.weaver.loadtime.Aj.preProcess org.aspectj.weaver.loadtime.Aj@58027738 sun.misc.Launcher$AppClassLoader@302b2c81, org.springframework.test.jpa.OrmXmlOverridingShadowingClassLoader@2bbf1be2
3928 [main] DEBUG org.aspectj.weaver.tools.WeavingAdaptor  - 16:58:03.448 main &gt; org.aspectj.weaver.tools.WeavingAdaptor.weaveClass org.aspectj.weaver.loadtime.ClassLoaderWeavingAdaptor@10b090ac org/acegisecurity/userdetails/UsernameNotFoundException, byte[794]
3928 [main] DEBUG org.aspectj.weaver.tools.WeavingAdaptor  - 16:58:03.448 main &lt; org.aspectj.weaver.tools.WeavingAdaptor.weaveClass false
3928 [main] DEBUG org.aspectj.weaver.loadtime.Aj  - 16:58:03.448 main &lt; org.aspectj.weaver.loadtime.Aj.preProcess byte[794]
3928 [main] DEBUG org.aspectj.weaver.loadtime.Aj  - 16:58:03.448 main &gt; org.aspectj.weaver.loadtime.Aj.preProcess org.aspectj.weaver.loadtime.Aj@58027738 org/acegisecurity/concurrent/ConcurrentLoginException, byte[440], org.springframework.test.jpa.OrmXmlOverridingShadowingClassLoader@2bbf1be2
3928 [main] DEBUG org.aspectj.weaver.loadtime.Aj  - 16:58:03.448 main - org.aspectj.weaver.loadtime.Aj.preProcess org.aspectj.weaver.loadtime.Aj@58027738 sun.misc.Launcher$AppClassLoader@302b2c81, org.springframework.test.jpa.OrmXmlOverridingShadowingClassLoader@2bbf1be2
3928 [main] DEBUG org.aspectj.weaver.tools.WeavingAdaptor  - 16:58:03.448 main &gt; org.aspectj.weaver.tools.WeavingAdaptor.weaveClass org.aspectj.weaver.loadtime.ClassLoaderWeavingAdaptor@10b090ac org/acegisecurity/concurrent/ConcurrentLoginException, byte[440]
3928 [main] DEBUG org.aspectj.weaver.tools.WeavingAdaptor  - 16:58:03.448 main &lt; org.aspectj.weaver.tools.WeavingAdaptor.weaveClass false
3928 [main] DEBUG org.aspectj.weaver.loadtime.Aj  - 16:58:03.448 main &lt; org.aspectj.weaver.loadtime.Aj.preProcess byte[440]
3929 [main] DEBUG org.aspectj.weaver.loadtime.Aj  - 16:58:03.448 main &gt; org.aspectj.weaver.loadtime.Aj.preProcess org.aspectj.weaver.loadtime.Aj@58027738 org/acegisecurity/event/authentication/AuthenticationFailureConcurrentLoginEvent, byte[698], org.springframework.test.jpa.OrmXmlOverridingShadowingClassLoader@2bbf1be2
3929 [main] DEBUG org.aspectj.weaver.loadtime.Aj  - 16:58:03.449 main - org.aspectj.weaver.loadtime.Aj.preProcess org.aspectj.weaver.loadtime.Aj@58027738 sun.misc.Launcher$AppClassLoader@302b2c81, org.springframework.test.jpa.OrmXmlOverridingShadowingClassLoader@2bbf1be2
3929 [main] DEBUG org.aspectj.weaver.tools.WeavingAdaptor  - 16:58:03.449 main &gt; org.aspectj.weaver.tools.WeavingAdaptor.weaveClass org.aspectj.weaver.loadtime.ClassLoaderWeavingAdaptor@10b090ac org/acegisecurity/event/authentication/AuthenticationFailureConcurrentLoginEvent, byte[698]
3929 [main] DEBUG org.aspectj.weaver.tools.WeavingAdaptor  - 16:58:03.449 main &lt; org.aspectj.weaver.tools.WeavingAdaptor.weaveClass false
3929 [main] DEBUG org.aspectj.weaver.loadtime.Aj  - 16:58:03.449 main &lt; org.aspectj.weaver.loadtime.Aj.preProcess byte[698]
3929 [main] DEBUG org.aspectj.weaver.loadtime.Aj  - 16:58:03.449 main &gt; org.aspectj.weaver.loadtime.Aj.preProcess org.aspectj.weaver.loadtime.Aj@58027738 org/acegisecurity/event/authentication/AuthenticationFailureProviderNotFoundEvent, byte[701], org.springframework.test.jpa.OrmXmlOverridingShadowingClassLoader@2bbf1be2
3929 [main] DEBUG org.aspectj.weaver.loadtime.Aj  - 16:58:03.449 main - org.aspectj.weaver.loadtime.Aj.preProcess org.aspectj.weaver.loadtime.Aj@58027738 sun.misc.Launcher$AppClassLoader@302b2c81, org.springframework.test.jpa.OrmXmlOverridingShadowingClassLoader@2bbf1be2
3929 [main] DEBUG org.aspectj.weaver.tools.WeavingAdaptor  - 16:58:03.449 main &gt; org.aspectj.weaver.tools.WeavingAdaptor.weaveClass org.aspectj.weaver.loadtime.ClassLoaderWeavingAdaptor@10b090ac org/acegisecurity/event/authentication/AuthenticationFailureProviderNotFoundEvent, byte[701]
3929 [main] DEBUG org.aspectj.weaver.tools.WeavingAdaptor  - 16:58:03.449 main &lt; org.aspectj.weaver.tools.WeavingAdaptor.weaveClass false
3929 [main] DEBUG org.aspectj.weaver.loadtime.Aj  - 16:58:03.449 main &lt; org.aspectj.weaver.loadtime.Aj.preProcess byte[701]
3929 [main] DEBUG org.aspectj.weaver.loadtime.Aj  - 16:58:03.449 main &gt; org.aspectj.weaver.loadtime.Aj.preProcess org.aspectj.weaver.loadtime.Aj@58027738 org/acegisecurity/providers/cas/ProxyUntrustedException, byte[613], org.springframework.test.jpa.OrmXmlOverridingShadowingClassLoader@2bbf1be2
3930 [main] DEBUG org.aspectj.weaver.loadtime.Aj  - 16:58:03.449 main - org.aspectj.weaver.loadtime.Aj.preProcess org.aspectj.weaver.loadtime.Aj@58027738 sun.misc.Launcher$AppClassLoader@302b2c81, org.springframework.test.jpa.OrmXmlOverridingShadowingClassLoader@2bbf1be2
3930 [main] DEBUG org.aspectj.weaver.tools.WeavingAdaptor  - 16:58:03.450 main &gt; org.aspectj.weaver.tools.WeavingAdaptor.weaveClass org.aspectj.weaver.loadtime.ClassLoaderWeavingAdaptor@10b090ac org/acegisecurity/providers/cas/ProxyUntrustedException, byte[613]
3930 [main] DEBUG org.aspectj.weaver.tools.WeavingAdaptor  - 16:58:03.450 main &lt; org.aspectj.weaver.tools.WeavingAdaptor.weaveClass false
3930 [main] DEBUG org.aspectj.weaver.loadtime.Aj  - 16:58:03.450 main &lt; org.aspectj.weaver.loadtime.Aj.preProcess byte[613]
3930 [main] DEBUG org.aspectj.weaver.loadtime.Aj  - 16:58:03.450 main &gt; org.aspectj.weaver.loadtime.Aj.preProcess org.aspectj.weaver.loadtime.Aj@58027738 org/acegisecurity/event/authentication/AuthenticationFailureProxyUntrustedEvent, byte[695], org.springframework.test.jpa.OrmXmlOverridingShadowingClassLoader@2bbf1be2
3930 [main] DEBUG org.aspectj.weaver.loadtime.Aj  - 16:58:03.450 main - org.aspectj.weaver.loadtime.Aj.preProcess org.aspectj.weaver.loadtime.Aj@58027738 sun.misc.Launcher$AppClassLoader@302b2c81, org.springframework.test.jpa.OrmXmlOverridingShadowingClassLoader@2bbf1be2
3930 [main] DEBUG org.aspectj.weaver.tools.WeavingAdaptor  - 16:58:03.450 main &gt; org.aspectj.weaver.tools.WeavingAdaptor.weaveClass org.aspectj.weaver.loadtime.ClassLoaderWeavingAdaptor@10b090ac org/acegisecurity/event/authentication/AuthenticationFailureProxyUntrustedEvent, byte[695]
3930 [main] DEBUG org.aspectj.weaver.tools.WeavingAdaptor  - 16:58:03.450 main &lt; org.aspectj.weaver.tools.WeavingAdaptor.weaveClass false
3930 [main] DEBUG org.aspectj.weaver.loadtime.Aj  - 16:58:03.450 main &lt; org.aspectj.weaver.loadtime.Aj.preProcess byte[695]
3930 [main] DEBUG org.aspectj.weaver.loadtime.Aj  - 16:58:03.450 main &gt; org.aspectj.weaver.loadtime.Aj.preProcess org.aspectj.weaver.loadtime.Aj@58027738 org/acegisecurity/concurrent/NullConcurrentSessionController, byte[812], org.springframework.test.jpa.OrmXmlOverridingShadowingClassLoader@2bbf1be2
3930 [main] DEBUG org.aspectj.weaver.loadtime.Aj  - 16:58:03.450 main - org.aspectj.weaver.loadtime.Aj.preProcess org.aspectj.weaver.loadtime.Aj@58027738 sun.misc.Launcher$AppClassLoader@302b2c81, org.springframework.test.jpa.OrmXmlOverridingShadowingClassLoader@2bbf1be2
3930 [main] DEBUG org.aspectj.weaver.tools.WeavingAdaptor  - 16:58:03.450 main &gt; org.aspectj.weaver.tools.WeavingAdaptor.weaveClass org.aspectj.weaver.loadtime.ClassLoaderWeavingAdaptor@10b090ac org/acegisecurity/concurrent/NullConcurrentSessionController, byte[812]
3930 [main] DEBUG org.aspectj.weaver.tools.WeavingAdaptor  - 16:58:03.450 main &lt; org.aspectj.weaver.tools.WeavingAdaptor.weaveClass false
3930 [main] DEBUG org.aspectj.weaver.loadtime.Aj  - 16:58:03.450 main &lt; org.aspectj.weaver.loadtime.Aj.preProcess byte[812]
3931 [main] DEBUG org.aspectj.weaver.loadtime.Aj  - 16:58:03.451 main &gt; org.aspectj.weaver.loadtime.Aj.preProcess org.aspectj.weaver.loadtime.Aj@58027738 org/acegisecurity/AcegiMessageSource, byte[714], org.springframework.test.jpa.OrmXmlOverridingShadowingClassLoader@2bbf1be2
3931 [main] DEBUG org.aspectj.weaver.loadtime.Aj  - 16:58:03.451 main - org.aspectj.weaver.loadtime.Aj.preProcess org.aspectj.weaver.loadtime.Aj@58027738 sun.misc.Launcher$AppClassLoader@302b2c81, org.springframework.test.jpa.OrmXmlOverridingShadowingClassLoader@2bbf1be2
3931 [main] DEBUG org.aspectj.weaver.tools.WeavingAdaptor  - 16:58:03.451 main &gt; org.aspectj.weaver.tools.WeavingAdaptor.weaveClass org.aspectj.weaver.loadtime.ClassLoaderWeavingAdaptor@10b090ac org/acegisecurity/AcegiMessageSource, byte[714]
3931 [main] DEBUG org.aspectj.weaver.tools.WeavingAdaptor  - 16:58:03.451 main &lt; org.aspectj.weaver.tools.WeavingAdaptor.weaveClass false
3931 [main] DEBUG org.aspectj.weaver.loadtime.Aj  - 16:58:03.451 main &lt; org.aspectj.weaver.loadtime.Aj.preProcess byte[714]
3932 [main] DEBUG org.aspectj.weaver.loadtime.Aj  - 16:58:03.452 main &gt; org.aspectj.weaver.loadtime.Aj.preProcess org.aspectj.weaver.loadtime.Aj@58027738 org/springframework/context/support/ResourceBundleMessageSource, byte[5164], org.springframework.test.jpa.OrmXmlOverridingShadowingClassLoader@2bbf1be2
3932 [main] DEBUG org.aspectj.weaver.loadtime.Aj  - 16:58:03.452 main - org.aspectj.weaver.loadtime.Aj.preProcess org.aspectj.weaver.loadtime.Aj@58027738 sun.misc.Launcher$AppClassLoader@302b2c81, org.springframework.test.jpa.OrmXmlOverridingShadowingClassLoader@2bbf1be2
3932 [main] DEBUG org.aspectj.weaver.tools.WeavingAdaptor  - 16:58:03.452 main &gt; org.aspectj.weaver.tools.WeavingAdaptor.weaveClass org.aspectj.weaver.loadtime.ClassLoaderWeavingAdaptor@10b090ac org/springframework/context/support/ResourceBundleMessageSource, byte[5164]
3932 [main] DEBUG org.aspectj.weaver.tools.WeavingAdaptor  - 16:58:03.452 main &lt; org.aspectj.weaver.tools.WeavingAdaptor.weaveClass false
3932 [main] DEBUG org.aspectj.weaver.loadtime.Aj  - 16:58:03.452 main &lt; org.aspectj.weaver.loadtime.Aj.preProcess byte[5164]
3932 [main] DEBUG org.aspectj.weaver.loadtime.Aj  - 16:58:03.452 main &gt; org.aspectj.weaver.loadtime.Aj.preProcess org.aspectj.weaver.loadtime.Aj@58027738 org/springframework/context/support/AbstractMessageSource, byte[4806], org.springframework.test.jpa.OrmXmlOverridingShadowingClassLoader@2bbf1be2
3932 [main] DEBUG org.aspectj.weaver.loadtime.Aj  - 16:58:03.452 main - org.aspectj.weaver.loadtime.Aj.preProcess org.aspectj.weaver.loadtime.Aj@58027738 sun.misc.Launcher$AppClassLoader@302b2c81, org.springframework.test.jpa.OrmXmlOverridingShadowingClassLoader@2bbf1be2
3932 [main] DEBUG org.aspectj.weaver.tools.WeavingAdaptor  - 16:58:03.452 main &gt; org.aspectj.weaver.tools.WeavingAdaptor.weaveClass org.aspectj.weaver.loadtime.ClassLoaderWeavingAdaptor@10b090ac org/springframework/context/support/AbstractMessageSource, byte[4806]
3932 [main] DEBUG org.aspectj.weaver.tools.WeavingAdaptor  - 16:58:03.452 main &lt; org.aspectj.weaver.tools.WeavingAdaptor.weaveClass false
3932 [main] DEBUG org.aspectj.weaver.loadtime.Aj  - 16:58:03.452 main &lt; org.aspectj.weaver.loadtime.Aj.preProcess byte[4806]
3933 [main] DEBUG org.aspectj.weaver.loadtime.Aj  - 16:58:03.453 main &gt; org.aspectj.weaver.loadtime.Aj.preProcess org.aspectj.weaver.loadtime.Aj@58027738 org/springframework/context/support/MessageSourceAccessor, byte[2979], org.springframework.test.jpa.OrmXmlOverridingShadowingClassLoader@2bbf1be2
3933 [main] DEBUG org.aspectj.weaver.loadtime.Aj  - 16:58:03.453 main - org.aspectj.weaver.loadtime.Aj.preProcess org.aspectj.weaver.loadtime.Aj@58027738 sun.misc.Launcher$AppClassLoader@302b2c81, org.springframework.test.jpa.OrmXmlOverridingShadowingClassLoader@2bbf1be2
3933 [main] DEBUG org.aspectj.weaver.tools.WeavingAdaptor  - 16:58:03.453 main &gt; org.aspectj.weaver.tools.WeavingAdaptor.weaveClass org.aspectj.weaver.loadtime.ClassLoaderWeavingAdaptor@10b090ac org/springframework/context/support/MessageSourceAccessor, byte[2979]
3933 [main] DEBUG org.aspectj.weaver.tools.WeavingAdaptor  - 16:58:03.453 main &lt; org.aspectj.weaver.tools.WeavingAdaptor.weaveClass false
3933 [main] DEBUG org.aspectj.weaver.loadtime.Aj  - 16:58:03.453 main &lt; org.aspectj.weaver.loadtime.Aj.preProcess byte[2979]
3934 [main] DEBUG org.aspectj.weaver.loadtime.Aj  - 16:58:03.454 main &gt; org.aspectj.weaver.loadtime.Aj.preProcess org.aspectj.weaver.loadtime.Aj@58027738 org/acegisecurity/Authentication, byte[474], org.springframework.test.jpa.OrmXmlOverridingShadowingClassLoader@2bbf1be2
3934 [main] DEBUG org.aspectj.weaver.loadtime.Aj  - 16:58:03.454 main - org.aspectj.weaver.loadtime.Aj.preProcess org.aspectj.weaver.loadtime.Aj@58027738 sun.misc.Launcher$AppClassLoader@302b2c81, org.springframework.test.jpa.OrmXmlOverridingShadowingClassLoader@2bbf1be2
3934 [main] DEBUG org.aspectj.weaver.tools.WeavingAdaptor  - 16:58:03.454 main &gt; org.aspectj.weaver.tools.WeavingAdaptor.weaveClass org.aspectj.weaver.loadtime.ClassLoaderWeavingAdaptor@10b090ac org/acegisecurity/Authentication, byte[474]
3934 [main] DEBUG org.aspectj.weaver.tools.WeavingAdaptor  - 16:58:03.454 main &lt; org.aspectj.weaver.tools.WeavingAdaptor.weaveClass false
3934 [main] DEBUG org.aspectj.weaver.loadtime.Aj  - 16:58:03.454 main &lt; org.aspectj.weaver.loadtime.Aj.preProcess byte[474]
3937 [main] DEBUG org.aspectj.weaver.loadtime.Aj  - 16:58:03.457 main &gt; org.aspectj.weaver.loadtime.Aj.preProcess org.aspectj.weaver.loadtime.Aj@58027738 org/acegisecurity/providers/encoding/PasswordEncoder, byte[400], org.springframework.test.jpa.OrmXmlOverridingShadowingClassLoader@2bbf1be2
3937 [main] DEBUG org.aspectj.weaver.loadtime.Aj  - 16:58:03.457 main - org.aspectj.weaver.loadtime.Aj.preProcess org.aspectj.weaver.loadtime.Aj@58027738 sun.misc.Launcher$AppClassLoader@302b2c81, org.springframework.test.jpa.OrmXmlOverridingShadowingClassLoader@2bbf1be2
3937 [main] DEBUG org.aspectj.weaver.tools.WeavingAdaptor  - 16:58:03.457 main &gt; org.aspectj.weaver.tools.WeavingAdaptor.weaveClass org.aspectj.weaver.loadtime.ClassLoaderWeavingAdaptor@10b090ac org/acegisecurity/providers/encoding/PasswordEncoder, byte[400]
3938 [main] DEBUG org.aspectj.weaver.tools.WeavingAdaptor  - 16:58:03.458 main &lt; org.aspectj.weaver.tools.WeavingAdaptor.weaveClass false
3938 [main] DEBUG org.aspectj.weaver.loadtime.Aj  - 16:58:03.458 main &lt; org.aspectj.weaver.loadtime.Aj.preProcess byte[400]
3938 [main] DEBUG org.aspectj.weaver.loadtime.Aj  - 16:58:03.458 main &gt; org.aspectj.weaver.loadtime.Aj.preProcess org.aspectj.weaver.loadtime.Aj@58027738 org/acegisecurity/providers/dao/cache/NullUserCache, byte[873], org.springframework.test.jpa.OrmXmlOverridingShadowingClassLoader@2bbf1be2
3938 [main] DEBUG org.aspectj.weaver.loadtime.Aj  - 16:58:03.458 main - org.aspectj.weaver.loadtime.Aj.preProcess org.aspectj.weaver.loadtime.Aj@58027738 sun.misc.Launcher$AppClassLoader@302b2c81, org.springframework.test.jpa.OrmXmlOverridingShadowingClassLoader@2bbf1be2
3938 [main] DEBUG org.aspectj.weaver.tools.WeavingAdaptor  - 16:58:03.458 main &gt; org.aspectj.weaver.tools.WeavingAdaptor.weaveClass org.aspectj.weaver.loadtime.ClassLoaderWeavingAdaptor@10b090ac org/acegisecurity/providers/dao/cache/NullUserCache, byte[873]
3938 [main] DEBUG org.aspectj.weaver.tools.WeavingAdaptor  - 16:58:03.458 main &lt; org.aspectj.weaver.tools.WeavingAdaptor.weaveClass false
3938 [main] DEBUG org.aspectj.weaver.loadtime.Aj  - 16:58:03.458 main &lt; org.aspectj.weaver.loadtime.Aj.preProcess byte[873]
3939 [main] DEBUG org.aspectj.weaver.loadtime.Aj  - 16:58:03.459 main &gt; org.aspectj.weaver.loadtime.Aj.preProcess org.aspectj.weaver.loadtime.Aj@58027738 org/acegisecurity/providers/encoding/PlaintextPasswordEncoder, byte[1702], org.springframework.test.jpa.OrmXmlOverridingShadowingClassLoader@2bbf1be2
3939 [main] DEBUG org.aspectj.weaver.loadtime.Aj  - 16:58:03.459 main - org.aspectj.weaver.loadtime.Aj.preProcess org.aspectj.weaver.loadtime.Aj@58027738 sun.misc.Launcher$AppClassLoader@302b2c81, org.springframework.test.jpa.OrmXmlOverridingShadowingClassLoader@2bbf1be2
3939 [main] DEBUG org.aspectj.weaver.tools.WeavingAdaptor  - 16:58:03.459 main &gt; org.aspectj.weaver.tools.WeavingAdaptor.weaveClass org.aspectj.weaver.loadtime.ClassLoaderWeavingAdaptor@10b090ac org/acegisecurity/providers/encoding/PlaintextPasswordEncoder, byte[1702]
3939 [main] DEBUG org.aspectj.weaver.tools.WeavingAdaptor  - 16:58:03.459 main &lt; org.aspectj.weaver.tools.WeavingAdaptor.weaveClass false
3939 [main] DEBUG org.aspectj.weaver.loadtime.Aj  - 16:58:03.459 main &lt; org.aspectj.weaver.loadtime.Aj.preProcess byte[1702]
3939 [main] DEBUG org.aspectj.weaver.loadtime.Aj  - 16:58:03.459 main &gt; org.aspectj.weaver.loadtime.Aj.preProcess org.aspectj.weaver.loadtime.Aj@58027738 org/acegisecurity/providers/encoding/BasePasswordEncoder, byte[1615], org.springframework.test.jpa.OrmXmlOverridingShadowingClassLoader@2bbf1be2
3939 [main] DEBUG org.aspectj.weaver.loadtime.Aj  - 16:58:03.459 main - org.aspectj.weaver.loadtime.Aj.preProcess org.aspectj.weaver.loadtime.Aj@58027738 sun.misc.Launcher$AppClassLoader@302b2c81, org.springframework.test.jpa.OrmXmlOverridingShadowingClassLoader@2bbf1be2
3939 [main] DEBUG org.aspectj.weaver.tools.WeavingAdaptor  - 16:58:03.459 main &gt; org.aspectj.weaver.tools.WeavingAdaptor.weaveClass org.aspectj.weaver.loadtime.ClassLoaderWeavingAdaptor@10b090ac org/acegisecurity/providers/encoding/BasePasswordEncoder, byte[1615]
3939 [main] DEBUG org.aspectj.weaver.tools.WeavingAdaptor  - 16:58:03.459 main &lt; org.aspectj.weaver.tools.WeavingAdaptor.weaveClass false
3939 [main] DEBUG org.aspectj.weaver.loadtime.Aj  - 16:58:03.459 main &lt; org.aspectj.weaver.loadtime.Aj.preProcess byte[1615]
3940 [main] DEBUG org.aspectj.weaver.loadtime.Aj  - 16:58:03.460 main &gt; org.aspectj.weaver.loadtime.Aj.preProcess org.aspectj.weaver.loadtime.Aj@58027738 org/acegisecurity/providers/dao/SaltSource, byte[217], org.springframework.test.jpa.OrmXmlOverridingShadowingClassLoader@2bbf1be2
3940 [main] DEBUG org.aspectj.weaver.loadtime.Aj  - 16:58:03.460 main - org.aspectj.weaver.loadtime.Aj.preProcess org.aspectj.weaver.loadtime.Aj@58027738 sun.misc.Launcher$AppClassLoader@302b2c81, org.springframework.test.jpa.OrmXmlOverridingShadowingClassLoader@2bbf1be2
3940 [main] DEBUG org.aspectj.weaver.tools.WeavingAdaptor  - 16:58:03.460 main &gt; org.aspectj.weaver.tools.WeavingAdaptor.weaveClass org.aspectj.weaver.loadtime.ClassLoaderWeavingAdaptor@10b090ac org/acegisecurity/providers/dao/SaltSource, byte[217]
3940 [main] DEBUG org.aspectj.weaver.tools.WeavingAdaptor  - 16:58:03.460 main &lt; org.aspectj.weaver.tools.WeavingAdaptor.weaveClass false
3940 [main] DEBUG org.aspectj.weaver.loadtime.Aj  - 16:58:03.460 main &lt; org.aspectj.weaver.loadtime.Aj.preProcess byte[217]
3940 [main] DEBUG org.aspectj.weaver.loadtime.Aj  - 16:58:03.460 main &gt; org.aspectj.weaver.loadtime.Aj.preProcess org.aspectj.weaver.loadtime.Aj@58027738 org/acegisecurity/providers/UsernamePasswordAuthenticationToken, byte[1489], org.springframework.test.jpa.OrmXmlOverridingShadowingClassLoader@2bbf1be2
3941 [main] DEBUG org.aspectj.weaver.loadtime.Aj  - 16:58:03.461 main - org.aspectj.weaver.loadtime.Aj.preProcess org.aspectj.weaver.loadtime.Aj@58027738 sun.misc.Launcher$AppClassLoader@302b2c81, org.springframework.test.jpa.OrmXmlOverridingShadowingClassLoader@2bbf1be2
3941 [main] DEBUG org.aspectj.weaver.tools.WeavingAdaptor  - 16:58:03.461 main &gt; org.aspectj.weaver.tools.WeavingAdaptor.weaveClass org.aspectj.weaver.loadtime.ClassLoaderWeavingAdaptor@10b090ac org/acegisecurity/providers/UsernamePasswordAuthenticationToken, byte[1489]
3941 [main] DEBUG org.aspectj.weaver.tools.WeavingAdaptor  - 16:58:03.461 main &lt; org.aspectj.weaver.tools.WeavingAdaptor.weaveClass false
3941 [main] DEBUG org.aspectj.weaver.loadtime.Aj  - 16:58:03.461 main &lt; org.aspectj.weaver.loadtime.Aj.preProcess byte[1489]
3941 [main] DEBUG org.aspectj.weaver.loadtime.Aj  - 16:58:03.461 main &gt; org.aspectj.weaver.loadtime.Aj.preProcess org.aspectj.weaver.loadtime.Aj@58027738 org/acegisecurity/providers/AbstractAuthenticationToken, byte[3452], org.springframework.test.jpa.OrmXmlOverridingShadowingClassLoader@2bbf1be2
3941 [main] DEBUG org.aspectj.weaver.loadtime.Aj  - 16:58:03.461 main - org.aspectj.weaver.loadtime.Aj.preProcess org.aspectj.weaver.loadtime.Aj@58027738 sun.misc.Launcher$AppClassLoader@302b2c81, org.springframework.test.jpa.OrmXmlOverridingShadowingClassLoader@2bbf1be2
3941 [main] DEBUG org.aspectj.weaver.tools.WeavingAdaptor  - 16:58:03.461 main &gt; org.aspectj.weaver.tools.WeavingAdaptor.weaveClass org.aspectj.weaver.loadtime.ClassLoaderWeavingAdaptor@10b090ac org/acegisecurity/providers/AbstractAuthenticationToken, byte[3452]
3941 [main] DEBUG org.aspectj.weaver.tools.WeavingAdaptor  - 16:58:03.461 main &lt; org.aspectj.weaver.tools.WeavingAdaptor.weaveClass false
3941 [main] DEBUG org.aspectj.weaver.loadtime.Aj  - 16:58:03.461 main &lt; org.aspectj.weaver.loadtime.Aj.preProcess byte[3452]
3948 [main] DEBUG org.aspectj.weaver.loadtime.Aj  - 16:58:03.468 main &gt; org.aspectj.weaver.loadtime.Aj.preProcess org.aspectj.weaver.loadtime.Aj@58027738 org/springframework/core/GenericCollectionTypeResolver, byte[7590], org.springframework.test.jpa.OrmXmlOverridingShadowingClassLoader@2bbf1be2
3949 [main] DEBUG org.aspectj.weaver.loadtime.Aj  - 16:58:03.469 main - org.aspectj.weaver.loadtime.Aj.preProcess org.aspectj.weaver.loadtime.Aj@58027738 sun.misc.Launcher$AppClassLoader@302b2c81, org.springframework.test.jpa.OrmXmlOverridingShadowingClassLoader@2bbf1be2
3949 [main] DEBUG org.aspectj.weaver.tools.WeavingAdaptor  - 16:58:03.469 main &gt; org.aspectj.weaver.tools.WeavingAdaptor.weaveClass org.aspectj.weaver.loadtime.ClassLoaderWeavingAdaptor@10b090ac org/springframework/core/GenericCollectionTypeResolver, byte[7590]
3949 [main] DEBUG org.aspectj.weaver.tools.WeavingAdaptor  - 16:58:03.469 main &lt; org.aspectj.weaver.tools.WeavingAdaptor.weaveClass false
3949 [main] DEBUG org.aspectj.weaver.loadtime.Aj  - 16:58:03.469 main &lt; org.aspectj.weaver.loadtime.Aj.preProcess byte[7590]
3950 [main] DEBUG org.aspectj.weaver.loadtime.Aj  - 16:58:03.470 main &gt; org.aspectj.weaver.loadtime.Aj.preProcess org.aspectj.weaver.loadtime.Aj@58027738 org/acegisecurity/AccessDeniedException, byte[578], org.springframework.test.jpa.OrmXmlOverridingShadowingClassLoader@2bbf1be2
3950 [main] DEBUG org.aspectj.weaver.loadtime.Aj  - 16:58:03.470 main - org.aspectj.weaver.loadtime.Aj.preProcess org.aspectj.weaver.loadtime.Aj@58027738 sun.misc.Launcher$AppClassLoader@302b2c81, org.springframework.test.jpa.OrmXmlOverridingShadowingClassLoader@2bbf1be2
3950 [main] DEBUG org.aspectj.weaver.tools.WeavingAdaptor  - 16:58:03.470 main &gt; org.aspectj.weaver.tools.WeavingAdaptor.weaveClass org.aspectj.weaver.loadtime.ClassLoaderWeavingAdaptor@10b090ac org/acegisecurity/AccessDeniedException, byte[578]
3950 [main] DEBUG org.aspectj.weaver.tools.WeavingAdaptor  - 16:58:03.470 main &lt; org.aspectj.weaver.tools.WeavingAdaptor.weaveClass false
3950 [main] DEBUG org.aspectj.weaver.loadtime.Aj  - 16:58:03.470 main &lt; org.aspectj.weaver.loadtime.Aj.preProcess byte[578]
3951 [main] DEBUG org.aspectj.weaver.loadtime.Aj  - 16:58:03.471 main &gt; org.aspectj.weaver.loadtime.Aj.preProcess org.aspectj.weaver.loadtime.Aj@58027738 org/acegisecurity/ConfigAttributeDefinition, byte[1816], org.springframework.test.jpa.OrmXmlOverridingShadowingClassLoader@2bbf1be2
3951 [main] DEBUG org.aspectj.weaver.loadtime.Aj  - 16:58:03.471 main - org.aspectj.weaver.loadtime.Aj.preProcess org.aspectj.weaver.loadtime.Aj@58027738 sun.misc.Launcher$AppClassLoader@302b2c81, org.springframework.test.jpa.OrmXmlOverridingShadowingClassLoader@2bbf1be2
3951 [main] DEBUG org.aspectj.weaver.tools.WeavingAdaptor  - 16:58:03.471 main &gt; org.aspectj.weaver.tools.WeavingAdaptor.weaveClass org.aspectj.weaver.loadtime.ClassLoaderWeavingAdaptor@10b090ac org/acegisecurity/ConfigAttributeDefinition, byte[1816]
3951 [main] DEBUG org.aspectj.weaver.tools.WeavingAdaptor  - 16:58:03.471 main &lt; org.aspectj.weaver.tools.WeavingAdaptor.weaveClass false
3951 [main] DEBUG org.aspectj.weaver.loadtime.Aj  - 16:58:03.471 main &lt; org.aspectj.weaver.loadtime.Aj.preProcess byte[1816]
3951 [main] DEBUG org.aspectj.weaver.loadtime.Aj  - 16:58:03.471 main &gt; org.aspectj.weaver.loadtime.Aj.preProcess org.aspectj.weaver.loadtime.Aj@58027738 org/acegisecurity/ConfigAttribute, byte[203], org.springframework.test.jpa.OrmXmlOverridingShadowingClassLoader@2bbf1be2
3951 [main] DEBUG org.aspectj.weaver.loadtime.Aj  - 16:58:03.471 main - org.aspectj.weaver.loadtime.Aj.preProcess org.aspectj.weaver.loadtime.Aj@58027738 sun.misc.Launcher$AppClassLoader@302b2c81, org.springframework.test.jpa.OrmXmlOverridingShadowingClassLoader@2bbf1be2
3951 [main] DEBUG org.aspectj.weaver.tools.WeavingAdaptor  - 16:58:03.471 main &gt; org.aspectj.weaver.tools.WeavingAdaptor.weaveClass org.aspectj.weaver.loadtime.ClassLoaderWeavingAdaptor@10b090ac org/acegisecurity/ConfigAttribute, byte[203]
3952 [main] DEBUG org.aspectj.weaver.tools.WeavingAdaptor  - 16:58:03.472 main &lt; org.aspectj.weaver.tools.WeavingAdaptor.weaveClass false
3952 [main] DEBUG org.aspectj.weaver.loadtime.Aj  - 16:58:03.472 main &lt; org.aspectj.weaver.loadtime.Aj.preProcess byte[203]
3953 [main] DEBUG org.aspectj.weaver.loadtime.Aj  - 16:58:03.473 main &gt; org.aspectj.weaver.loadtime.Aj.preProcess org.aspectj.weaver.loadtime.Aj@58027738 org/acegisecurity/InsufficientAuthenticationException, byte[621], org.springframework.test.jpa.OrmXmlOverridingShadowingClassLoader@2bbf1be2
3953 [main] DEBUG org.aspectj.weaver.loadtime.Aj  - 16:58:03.473 main - org.aspectj.weaver.loadtime.Aj.preProcess org.aspectj.weaver.loadtime.Aj@58027738 sun.misc.Launcher$AppClassLoader@302b2c81, org.springframework.test.jpa.OrmXmlOverridingShadowingClassLoader@2bbf1be2
3953 [main] DEBUG org.aspectj.weaver.tools.WeavingAdaptor  - 16:58:03.473 main &gt; org.aspectj.weaver.tools.WeavingAdaptor.weaveClass org.aspectj.weaver.loadtime.ClassLoaderWeavingAdaptor@10b090ac org/acegisecurity/InsufficientAuthenticationException, byte[621]
3954 [main] DEBUG org.aspectj.weaver.tools.WeavingAdaptor  - 16:58:03.474 main &lt; org.aspectj.weaver.tools.WeavingAdaptor.weaveClass false
3954 [main] DEBUG org.aspectj.weaver.loadtime.Aj  - 16:58:03.474 main &lt; org.aspectj.weaver.loadtime.Aj.preProcess byte[621]
3957 [main] DEBUG org.aspectj.weaver.loadtime.Aj  - 16:58:03.477 main &gt; org.aspectj.weaver.loadtime.Aj.preProcess org.aspectj.weaver.loadtime.Aj@58027738 org/springframework/context/event/SimpleApplicationEventMulticaster$1, byte[1150], org.springframework.test.jpa.OrmXmlOverridingShadowingClassLoader@2bbf1be2
3957 [main] DEBUG org.aspectj.weaver.loadtime.Aj  - 16:58:03.477 main - org.aspectj.weaver.loadtime.Aj.preProcess org.aspectj.weaver.loadtime.Aj@58027738 sun.misc.Launcher$AppClassLoader@302b2c81, org.springframework.test.jpa.OrmXmlOverridingShadowingClassLoader@2bbf1be2
3958 [main] DEBUG org.aspectj.weaver.tools.WeavingAdaptor  - 16:58:03.477 main &gt; org.aspectj.weaver.tools.WeavingAdaptor.weaveClass org.aspectj.weaver.loadtime.ClassLoaderWeavingAdaptor@10b090ac org/springframework/context/event/SimpleApplicationEventMulticaster$1, byte[1150]
3958 [main] DEBUG org.aspectj.weaver.tools.WeavingAdaptor  - 16:58:03.478 main &lt; org.aspectj.weaver.tools.WeavingAdaptor.weaveClass false
3958 [main] DEBUG org.aspectj.weaver.loadtime.Aj  - 16:58:03.478 main &lt; org.aspectj.weaver.loadtime.Aj.preProcess byte[1150]
3958 [main] DEBUG org.aspectj.weaver.loadtime.Aj  - 16:58:03.478 main &gt; org.aspectj.weaver.loadtime.Aj.preProcess org.aspectj.weaver.loadtime.Aj@58027738 org/springframework/aop/framework/AdvisedSupport$MethodCacheKey, byte[920], org.springframework.test.jpa.OrmXmlOverridingShadowingClassLoader@2bbf1be2
3958 [main] DEBUG org.aspectj.weaver.loadtime.Aj  - 16:58:03.478 main - org.aspectj.weaver.loadtime.Aj.preProcess org.aspectj.weaver.loadtime.Aj@58027738 sun.misc.Launcher$AppClassLoader@302b2c81, org.springframework.test.jpa.OrmXmlOverridingShadowingClassLoader@2bbf1be2
3958 [main] DEBUG org.aspectj.weaver.tools.WeavingAdaptor  - 16:58:03.478 main &gt; org.aspectj.weaver.tools.WeavingAdaptor.weaveClass org.aspectj.weaver.loadtime.ClassLoaderWeavingAdaptor@10b090ac org/springframework/aop/framework/AdvisedSupport$MethodCacheKey, byte[920]
3958 [main] DEBUG org.aspectj.weaver.tools.WeavingAdaptor  - 16:58:03.478 main &lt; org.aspectj.weaver.tools.WeavingAdaptor.weaveClass false
3958 [main] DEBUG org.aspectj.weaver.loadtime.Aj  - 16:58:03.478 main &lt; org.aspectj.weaver.loadtime.Aj.preProcess byte[920]
3959 [main] DEBUG org.aspectj.weaver.loadtime.Aj  - 16:58:03.479 main &gt; org.aspectj.weaver.loadtime.Aj.preProcess org.aspectj.weaver.loadtime.Aj@58027738 org/springframework/aop/MethodBeforeAdvice, byte[319], org.springframework.test.jpa.OrmXmlOverridingShadowingClassLoader@2bbf1be2
3959 [main] DEBUG org.aspectj.weaver.loadtime.Aj  - 16:58:03.479 main - org.aspectj.weaver.loadtime.Aj.preProcess org.aspectj.weaver.loadtime.Aj@58027738 sun.misc.Launcher$AppClassLoader@302b2c81, org.springframework.test.jpa.OrmXmlOverridingShadowingClassLoader@2bbf1be2
3959 [main] DEBUG org.aspectj.weaver.tools.WeavingAdaptor  - 16:58:03.479 main &gt; org.aspectj.weaver.tools.WeavingAdaptor.weaveClass org.aspectj.weaver.loadtime.ClassLoaderWeavingAdaptor@10b090ac org/springframework/aop/MethodBeforeAdvice, byte[319]
3959 [main] DEBUG org.aspectj.weaver.tools.WeavingAdaptor  - 16:58:03.479 main &lt; org.aspectj.weaver.tools.WeavingAdaptor.weaveClass false
3959 [main] DEBUG org.aspectj.weaver.loadtime.Aj  - 16:58:03.479 main &lt; org.aspectj.weaver.loadtime.Aj.preProcess byte[319]
3959 [main] DEBUG org.aspectj.weaver.loadtime.Aj  - 16:58:03.479 main &gt; org.aspectj.weaver.loadtime.Aj.preProcess org.aspectj.weaver.loadtime.Aj@58027738 org/springframework/aop/BeforeAdvice, byte[163], org.springframework.test.jpa.OrmXmlOverridingShadowingClassLoader@2bbf1be2
3959 [main] DEBUG org.aspectj.weaver.loadtime.Aj  - 16:58:03.479 main - org.aspectj.weaver.loadtime.Aj.preProcess org.aspectj.weaver.loadtime.Aj@58027738 sun.misc.Launcher$AppClassLoader@302b2c81, org.springframework.test.jpa.OrmXmlOverridingShadowingClassLoader@2bbf1be2
3959 [main] DEBUG org.aspectj.weaver.tools.WeavingAdaptor  - 16:58:03.479 main &gt; org.aspectj.weaver.tools.WeavingAdaptor.weaveClass org.aspectj.weaver.loadtime.ClassLoaderWeavingAdaptor@10b090ac org/springframework/aop/BeforeAdvice, byte[163]
3959 [main] DEBUG org.aspectj.weaver.tools.WeavingAdaptor  - 16:58:03.479 main &lt; org.aspectj.weaver.tools.WeavingAdaptor.weaveClass false
3959 [main] DEBUG org.aspectj.weaver.loadtime.Aj  - 16:58:03.479 main &lt; org.aspectj.weaver.loadtime.Aj.preProcess byte[163]
3960 [main] DEBUG org.aspectj.weaver.loadtime.Aj  - 16:58:03.480 main &gt; org.aspectj.weaver.loadtime.Aj.preProcess org.aspectj.weaver.loadtime.Aj@58027738 org/springframework/aop/AfterReturningAdvice, byte[348], org.springframework.test.jpa.OrmXmlOverridingShadowingClassLoader@2bbf1be2
3960 [main] DEBUG org.aspectj.weaver.loadtime.Aj  - 16:58:03.480 main - org.aspectj.weaver.loadtime.Aj.preProcess org.aspectj.weaver.loadtime.Aj@58027738 sun.misc.Launcher$AppClassLoader@302b2c81, org.springframework.test.jpa.OrmXmlOverridingShadowingClassLoader@2bbf1be2
3960 [main] DEBUG org.aspectj.weaver.tools.WeavingAdaptor  - 16:58:03.480 main &gt; org.aspectj.weaver.tools.WeavingAdaptor.weaveClass org.aspectj.weaver.loadtime.ClassLoaderWeavingAdaptor@10b090ac org/springframework/aop/AfterReturningAdvice, byte[348]
3960 [main] DEBUG org.aspectj.weaver.tools.WeavingAdaptor  - 16:58:03.480 main &lt; org.aspectj.weaver.tools.WeavingAdaptor.weaveClass false
3960 [main] DEBUG org.aspectj.weaver.loadtime.Aj  - 16:58:03.480 main &lt; org.aspectj.weaver.loadtime.Aj.preProcess byte[348]
3960 [main] DEBUG org.aspectj.weaver.loadtime.Aj  - 16:58:03.480 main &gt; org.aspectj.weaver.loadtime.Aj.preProcess org.aspectj.weaver.loadtime.Aj@58027738 org/springframework/aop/AfterAdvice, byte[161], org.springframework.test.jpa.OrmXmlOverridingShadowingClassLoader@2bbf1be2
3960 [main] DEBUG org.aspectj.weaver.loadtime.Aj  - 16:58:03.480 main - org.aspectj.weaver.loadtime.Aj.preProcess org.aspectj.weaver.loadtime.Aj@58027738 sun.misc.Launcher$AppClassLoader@302b2c81, org.springframework.test.jpa.OrmXmlOverridingShadowingClassLoader@2bbf1be2
3960 [main] DEBUG org.aspectj.weaver.tools.WeavingAdaptor  - 16:58:03.480 main &gt; org.aspectj.weaver.tools.WeavingAdaptor.weaveClass org.aspectj.weaver.loadtime.ClassLoaderWeavingAdaptor@10b090ac org/springframework/aop/AfterAdvice, byte[161]
3960 [main] DEBUG org.aspectj.weaver.tools.WeavingAdaptor  - 16:58:03.480 main &lt; org.aspectj.weaver.tools.WeavingAdaptor.weaveClass false
3960 [main] DEBUG org.aspectj.weaver.loadtime.Aj  - 16:58:03.480 main &lt; org.aspectj.weaver.loadtime.Aj.preProcess byte[161]
3961 [main] DEBUG org.aspectj.weaver.loadtime.Aj  - 16:58:03.481 main &gt; org.aspectj.weaver.loadtime.Aj.preProcess org.aspectj.weaver.loadtime.Aj@58027738 org/springframework/aop/ThrowsAdvice, byte[172], org.springframework.test.jpa.OrmXmlOverridingShadowingClassLoader@2bbf1be2
3961 [main] DEBUG org.aspectj.weaver.loadtime.Aj  - 16:58:03.481 main - org.aspectj.weaver.loadtime.Aj.preProcess org.aspectj.weaver.loadtime.Aj@58027738 sun.misc.Launcher$AppClassLoader@302b2c81, org.springframework.test.jpa.OrmXmlOverridingShadowingClassLoader@2bbf1be2
3961 [main] DEBUG org.aspectj.weaver.tools.WeavingAdaptor  - 16:58:03.481 main &gt; org.aspectj.weaver.tools.WeavingAdaptor.weaveClass org.aspectj.weaver.loadtime.ClassLoaderWeavingAdaptor@10b090ac org/springframework/aop/ThrowsAdvice, byte[172]
3961 [main] DEBUG org.aspectj.weaver.tools.WeavingAdaptor  - 16:58:03.481 main &lt; org.aspectj.weaver.tools.WeavingAdaptor.weaveClass false
3961 [main] DEBUG org.aspectj.weaver.loadtime.Aj  - 16:58:03.481 main &lt; org.aspectj.weaver.loadtime.Aj.preProcess byte[172]
3961 [main] DEBUG org.aspectj.weaver.loadtime.Aj  - 16:58:03.481 main &gt; org.aspectj.weaver.loadtime.Aj.preProcess org.aspectj.weaver.loadtime.Aj@58027738 org/springframework/aop/support/MethodMatchers, byte[2359], org.springframework.test.jpa.OrmXmlOverridingShadowingClassLoader@2bbf1be2
3961 [main] DEBUG org.aspectj.weaver.loadtime.Aj  - 16:58:03.481 main - org.aspectj.weaver.loadtime.Aj.preProcess org.aspectj.weaver.loadtime.Aj@58027738 sun.misc.Launcher$AppClassLoader@302b2c81, org.springframework.test.jpa.OrmXmlOverridingShadowingClassLoader@2bbf1be2
3961 [main] DEBUG org.aspectj.weaver.tools.WeavingAdaptor  - 16:58:03.481 main &gt; org.aspectj.weaver.tools.WeavingAdaptor.weaveClass org.aspectj.weaver.loadtime.ClassLoaderWeavingAdaptor@10b090ac org/springframework/aop/support/MethodMatchers, byte[2359]
3961 [main] DEBUG org.aspectj.weaver.tools.WeavingAdaptor  - 16:58:03.481 main &lt; org.aspectj.weaver.tools.WeavingAdaptor.weaveClass false
3961 [main] DEBUG org.aspectj.weaver.loadtime.Aj  - 16:58:03.481 main &lt; org.aspectj.weaver.loadtime.Aj.preProcess byte[2359]
3962 [main] DEBUG org.aspectj.weaver.loadtime.Aj  - 16:58:03.482 main &gt; org.aspectj.weaver.loadtime.Aj.preProcess org.aspectj.weaver.loadtime.Aj@58027738 org/springframework/aop/framework/ReflectiveMethodInvocation, byte[5092], org.springframework.test.jpa.OrmXmlOverridingShadowingClassLoader@2bbf1be2
3962 [main] DEBUG org.aspectj.weaver.loadtime.Aj  - 16:58:03.482 main - org.aspectj.weaver.loadtime.Aj.preProcess org.aspectj.weaver.loadtime.Aj@58027738 sun.misc.Launcher$AppClassLoader@302b2c81, org.springframework.test.jpa.OrmXmlOverridingShadowingClassLoader@2bbf1be2
3962 [main] DEBUG org.aspectj.weaver.tools.WeavingAdaptor  - 16:58:03.482 main &gt; org.aspectj.weaver.tools.WeavingAdaptor.weaveClass org.aspectj.weaver.loadtime.ClassLoaderWeavingAdaptor@10b090ac org/springframework/aop/framework/ReflectiveMethodInvocation, byte[5092]
3962 [main] DEBUG org.aspectj.weaver.tools.WeavingAdaptor  - 16:58:03.482 main &lt; org.aspectj.weaver.tools.WeavingAdaptor.weaveClass false
3962 [main] DEBUG org.aspectj.weaver.loadtime.Aj  - 16:58:03.482 main &lt; org.aspectj.weaver.loadtime.Aj.preProcess byte[5092]
3963 [main] DEBUG org.aspectj.weaver.loadtime.Aj  - 16:58:03.483 main &gt; org.aspectj.weaver.loadtime.Aj.preProcess org.aspectj.weaver.loadtime.Aj@58027738 org/springframework/aop/ProxyMethodInvocation, byte[574], org.springframework.test.jpa.OrmXmlOverridingShadowingClassLoader@2bbf1be2
3963 [main] DEBUG org.aspectj.weaver.loadtime.Aj  - 16:58:03.483 main - org.aspectj.weaver.loadtime.Aj.preProcess org.aspectj.weaver.loadtime.Aj@58027738 sun.misc.Launcher$AppClassLoader@302b2c81, org.springframework.test.jpa.OrmXmlOverridingShadowingClassLoader@2bbf1be2
3963 [main] DEBUG org.aspectj.weaver.tools.WeavingAdaptor  - 16:58:03.483 main &gt; org.aspectj.weaver.tools.WeavingAdaptor.weaveClass org.aspectj.weaver.loadtime.ClassLoaderWeavingAdaptor@10b090ac org/springframework/aop/ProxyMethodInvocation, byte[574]
3963 [main] DEBUG org.aspectj.weaver.tools.WeavingAdaptor  - 16:58:03.483 main &lt; org.aspectj.weaver.tools.WeavingAdaptor.weaveClass false
3963 [main] DEBUG org.aspectj.weaver.loadtime.Aj  - 16:58:03.483 main &lt; org.aspectj.weaver.loadtime.Aj.preProcess byte[574]
3963 [main] DEBUG org.aspectj.weaver.loadtime.Aj  - 16:58:03.483 main &gt; org.aspectj.weaver.loadtime.Aj.preProcess org.aspectj.weaver.loadtime.Aj@58027738 org/springframework/aop/framework/InterceptorAndDynamicMethodMatcher, byte[683], org.springframework.test.jpa.OrmXmlOverridingShadowingClassLoader@2bbf1be2
3963 [main] DEBUG org.aspectj.weaver.loadtime.Aj  - 16:58:03.483 main - org.aspectj.weaver.loadtime.Aj.preProcess org.aspectj.weaver.loadtime.Aj@58027738 sun.misc.Launcher$AppClassLoader@302b2c81, org.springframework.test.jpa.OrmXmlOverridingShadowingClassLoader@2bbf1be2
3963 [main] DEBUG org.aspectj.weaver.tools.WeavingAdaptor  - 16:58:03.483 main &gt; org.aspectj.weaver.tools.WeavingAdaptor.weaveClass org.aspectj.weaver.loadtime.ClassLoaderWeavingAdaptor@10b090ac org/springframework/aop/framework/InterceptorAndDynamicMethodMatcher, byte[683]
3963 [main] DEBUG org.aspectj.weaver.tools.WeavingAdaptor  - 16:58:03.483 main &lt; org.aspectj.weaver.tools.WeavingAdaptor.weaveClass false
3963 [main] DEBUG org.aspectj.weaver.loadtime.Aj  - 16:58:03.483 main &lt; org.aspectj.weaver.loadtime.Aj.preProcess byte[683]
3964 [main] DEBUG org.aspectj.weaver.loadtime.Aj  - 16:58:03.484 main &gt; org.aspectj.weaver.loadtime.Aj.preProcess org.aspectj.weaver.loadtime.Aj@58027738 org/springframework/transaction/support/CallbackPreferringPlatformTransactionManager, byte[513], org.springframework.test.jpa.OrmXmlOverridingShadowingClassLoader@2bbf1be2
3964 [main] DEBUG org.aspectj.weaver.loadtime.Aj  - 16:58:03.484 main - org.aspectj.weaver.loadtime.Aj.preProcess org.aspectj.weaver.loadtime.Aj@58027738 sun.misc.Launcher$AppClassLoader@302b2c81, org.springframework.test.jpa.OrmXmlOverridingShadowingClassLoader@2bbf1be2
3964 [main] DEBUG org.aspectj.weaver.tools.WeavingAdaptor  - 16:58:03.484 main &gt; org.aspectj.weaver.tools.WeavingAdaptor.weaveClass org.aspectj.weaver.loadtime.ClassLoaderWeavingAdaptor@10b090ac org/springframework/transaction/support/CallbackPreferringPlatformTransactionManager, byte[513]
3964 [main] DEBUG org.aspectj.weaver.tools.WeavingAdaptor  - 16:58:03.484 main &lt; org.aspectj.weaver.tools.WeavingAdaptor.weaveClass false
3964 [main] DEBUG org.aspectj.weaver.loadtime.Aj  - 16:58:03.484 main &lt; org.aspectj.weaver.loadtime.Aj.preProcess byte[513]
3964 [main] DEBUG org.aspectj.weaver.loadtime.Aj  - 16:58:03.484 main &gt; org.aspectj.weaver.loadtime.Aj.preProcess org.aspectj.weaver.loadtime.Aj@58027738 org/springframework/transaction/interceptor/TransactionAspectSupport$1, byte[1089], org.springframework.test.jpa.OrmXmlOverridingShadowingClassLoader@2bbf1be2
3964 [main] DEBUG org.aspectj.weaver.loadtime.Aj  - 16:58:03.484 main - org.aspectj.weaver.loadtime.Aj.preProcess org.aspectj.weaver.loadtime.Aj@58027738 sun.misc.Launcher$AppClassLoader@302b2c81, org.springframework.test.jpa.OrmXmlOverridingShadowingClassLoader@2bbf1be2
3964 [main] DEBUG org.aspectj.weaver.tools.WeavingAdaptor  - 16:58:03.484 main &gt; org.aspectj.weaver.tools.WeavingAdaptor.weaveClass org.aspectj.weaver.loadtime.ClassLoaderWeavingAdaptor@10b090ac org/springframework/transaction/interceptor/TransactionAspectSupport$1, byte[1089]
3964 [main] DEBUG org.aspectj.weaver.tools.WeavingAdaptor  - 16:58:03.484 main &lt; org.aspectj.weaver.tools.WeavingAdaptor.weaveClass false
3964 [main] DEBUG org.aspectj.weaver.loadtime.Aj  - 16:58:03.484 main &lt; org.aspectj.weaver.loadtime.Aj.preProcess byte[1089]
3965 [main] DEBUG org.aspectj.weaver.loadtime.Aj  - 16:58:03.485 main &gt; org.aspectj.weaver.loadtime.Aj.preProcess org.aspectj.weaver.loadtime.Aj@58027738 org/springframework/transaction/interceptor/DelegatingTransactionAttribute, byte[1818], org.springframework.test.jpa.OrmXmlOverridingShadowingClassLoader@2bbf1be2
3965 [main] DEBUG org.aspectj.weaver.loadtime.Aj  - 16:58:03.485 main - org.aspectj.weaver.loadtime.Aj.preProcess org.aspectj.weaver.loadtime.Aj@58027738 sun.misc.Launcher$AppClassLoader@302b2c81, org.springframework.test.jpa.OrmXmlOverridingShadowingClassLoader@2bbf1be2
3965 [main] DEBUG org.aspectj.weaver.tools.WeavingAdaptor  - 16:58:03.485 main &gt; org.aspectj.weaver.tools.WeavingAdaptor.weaveClass org.aspectj.weaver.loadtime.ClassLoaderWeavingAdaptor@10b090ac org/springframework/transaction/interceptor/DelegatingTransactionAttribute, byte[1818]
3965 [main] DEBUG org.aspectj.weaver.tools.WeavingAdaptor  - 16:58:03.485 main &lt; org.aspectj.weaver.tools.WeavingAdaptor.weaveClass false
3965 [main] DEBUG org.aspectj.weaver.loadtime.Aj  - 16:58:03.485 main &lt; org.aspectj.weaver.loadtime.Aj.preProcess byte[1818]
3966 [main] DEBUG org.aspectj.weaver.loadtime.Aj  - 16:58:03.486 main &gt; org.aspectj.weaver.loadtime.Aj.preProcess org.aspectj.weaver.loadtime.Aj@58027738 org/springframework/transaction/support/TransactionSynchronizationManager, byte[7634], org.springframework.test.jpa.OrmXmlOverridingShadowingClassLoader@2bbf1be2
3966 [main] DEBUG org.aspectj.weaver.loadtime.Aj  - 16:58:03.486 main - org.aspectj.weaver.loadtime.Aj.preProcess org.aspectj.weaver.loadtime.Aj@58027738 sun.misc.Launcher$AppClassLoader@302b2c81, org.springframework.test.jpa.OrmXmlOverridingShadowingClassLoader@2bbf1be2
3966 [main] DEBUG org.aspectj.weaver.tools.WeavingAdaptor  - 16:58:03.486 main &gt; org.aspectj.weaver.tools.WeavingAdaptor.weaveClass org.aspectj.weaver.loadtime.ClassLoaderWeavingAdaptor@10b090ac org/springframework/transaction/support/TransactionSynchronizationManager, byte[7634]
3966 [main] DEBUG org.aspectj.weaver.tools.WeavingAdaptor  - 16:58:03.486 main &lt; org.aspectj.weaver.tools.WeavingAdaptor.weaveClass false
3966 [main] DEBUG org.aspectj.weaver.loadtime.Aj  - 16:58:03.486 main &lt; org.aspectj.weaver.loadtime.Aj.preProcess byte[7634]
3967 [main] DEBUG org.aspectj.weaver.loadtime.Aj  - 16:58:03.487 main &gt; org.aspectj.weaver.loadtime.Aj.preProcess org.aspectj.weaver.loadtime.Aj@58027738 org/springframework/transaction/support/TransactionSynchronizationUtils, byte[4597], org.springframework.test.jpa.OrmXmlOverridingShadowingClassLoader@2bbf1be2
3967 [main] DEBUG org.aspectj.weaver.loadtime.Aj  - 16:58:03.487 main - org.aspectj.weaver.loadtime.Aj.preProcess org.aspectj.weaver.loadtime.Aj@58027738 sun.misc.Launcher$AppClassLoader@302b2c81, org.springframework.test.jpa.OrmXmlOverridingShadowingClassLoader@2bbf1be2
3967 [main] DEBUG org.aspectj.weaver.tools.WeavingAdaptor  - 16:58:03.487 main &gt; org.aspectj.weaver.tools.WeavingAdaptor.weaveClass org.aspectj.weaver.loadtime.ClassLoaderWeavingAdaptor@10b090ac org/springframework/transaction/support/TransactionSynchronizationUtils, byte[4597]
3967 [main] DEBUG org.aspectj.weaver.tools.WeavingAdaptor  - 16:58:03.487 main &lt; org.aspectj.weaver.tools.WeavingAdaptor.weaveClass false
3967 [main] DEBUG org.aspectj.weaver.loadtime.Aj  - 16:58:03.487 main &lt; org.aspectj.weaver.loadtime.Aj.preProcess byte[4597]
3967 [main] DEBUG org.aspectj.weaver.loadtime.Aj  - 16:58:03.487 main &gt; org.aspectj.weaver.loadtime.Aj.preProcess org.aspectj.weaver.loadtime.Aj@58027738 org/springframework/core/InfrastructureProxy, byte[194], org.springframework.test.jpa.OrmXmlOverridingShadowingClassLoader@2bbf1be2
3967 [main] DEBUG org.aspectj.weaver.loadtime.Aj  - 16:58:03.487 main - org.aspectj.weaver.loadtime.Aj.preProcess org.aspectj.weaver.loadtime.Aj@58027738 sun.misc.Launcher$AppClassLoader@302b2c81, org.springframework.test.jpa.OrmXmlOverridingShadowingClassLoader@2bbf1be2
3967 [main] DEBUG org.aspectj.weaver.tools.WeavingAdaptor  - 16:58:03.487 main &gt; org.aspectj.weaver.tools.WeavingAdaptor.weaveClass org.aspectj.weaver.loadtime.ClassLoaderWeavingAdaptor@10b090ac org/springframework/core/InfrastructureProxy, byte[194]
3968 [main] DEBUG org.aspectj.weaver.tools.WeavingAdaptor  - 16:58:03.488 main &lt; org.aspectj.weaver.tools.WeavingAdaptor.weaveClass false
3968 [main] DEBUG org.aspectj.weaver.loadtime.Aj  - 16:58:03.488 main &lt; org.aspectj.weaver.loadtime.Aj.preProcess byte[194]
3968 [main] DEBUG org.aspectj.weaver.loadtime.Aj  - 16:58:03.488 main &gt; org.aspectj.weaver.loadtime.Aj.preProcess org.aspectj.weaver.loadtime.Aj@58027738 org/hibernate/ejb/EntityManagerImpl, byte[4672], org.springframework.test.jpa.OrmXmlOverridingShadowingClassLoader@2bbf1be2
3968 [main] DEBUG org.aspectj.weaver.loadtime.Aj  - 16:58:03.488 main - org.aspectj.weaver.loadtime.Aj.preProcess org.aspectj.weaver.loadtime.Aj@58027738 sun.misc.Launcher$AppClassLoader@302b2c81, org.springframework.test.jpa.OrmXmlOverridingShadowingClassLoader@2bbf1be2
3968 [main] DEBUG org.aspectj.weaver.tools.WeavingAdaptor  - 16:58:03.488 main &gt; org.aspectj.weaver.tools.WeavingAdaptor.weaveClass org.aspectj.weaver.loadtime.ClassLoaderWeavingAdaptor@10b090ac org/hibernate/ejb/EntityManagerImpl, byte[4672]
3969 [main] DEBUG org.aspectj.weaver.tools.WeavingAdaptor  - 16:58:03.489 main &lt; org.aspectj.weaver.tools.WeavingAdaptor.weaveClass false
3969 [main] DEBUG org.aspectj.weaver.loadtime.Aj  - 16:58:03.489 main &lt; org.aspectj.weaver.loadtime.Aj.preProcess byte[4672]
3969 [main] DEBUG org.aspectj.weaver.loadtime.Aj  - 16:58:03.489 main &gt; org.aspectj.weaver.loadtime.Aj.preProcess org.aspectj.weaver.loadtime.Aj@58027738 org/hibernate/ejb/AbstractEntityManagerImpl, byte[16231], org.springframework.test.jpa.OrmXmlOverridingShadowingClassLoader@2bbf1be2
3969 [main] DEBUG org.aspectj.weaver.loadtime.Aj  - 16:58:03.489 main - org.aspectj.weaver.loadtime.Aj.preProcess org.aspectj.weaver.loadtime.Aj@58027738 sun.misc.Launcher$AppClassLoader@302b2c81, org.springframework.test.jpa.OrmXmlOverridingShadowingClassLoader@2bbf1be2
3969 [main] DEBUG org.aspectj.weaver.tools.WeavingAdaptor  - 16:58:03.489 main &gt; org.aspectj.weaver.tools.WeavingAdaptor.weaveClass org.aspectj.weaver.loadtime.ClassLoaderWeavingAdaptor@10b090ac org/hibernate/ejb/AbstractEntityManagerImpl, byte[16231]
3969 [main] DEBUG org.aspectj.weaver.tools.WeavingAdaptor  - 16:58:03.489 main &lt; org.aspectj.weaver.tools.WeavingAdaptor.weaveClass false
3969 [main] DEBUG org.aspectj.weaver.loadtime.Aj  - 16:58:03.489 main &lt; org.aspectj.weaver.loadtime.Aj.preProcess byte[16231]
3970 [main] DEBUG org.aspectj.weaver.loadtime.Aj  - 16:58:03.490 main &gt; org.aspectj.weaver.loadtime.Aj.preProcess org.aspectj.weaver.loadtime.Aj@58027738 org/hibernate/ejb/HibernateEntityManagerImplementor, byte[497], org.springframework.test.jpa.OrmXmlOverridingShadowingClassLoader@2bbf1be2
3970 [main] DEBUG org.aspectj.weaver.loadtime.Aj  - 16:58:03.490 main - org.aspectj.weaver.loadtime.Aj.preProcess org.aspectj.weaver.loadtime.Aj@58027738 sun.misc.Launcher$AppClassLoader@302b2c81, org.springframework.test.jpa.OrmXmlOverridingShadowingClassLoader@2bbf1be2
3970 [main] DEBUG org.aspectj.weaver.tools.WeavingAdaptor  - 16:58:03.490 main &gt; org.aspectj.weaver.tools.WeavingAdaptor.weaveClass org.aspectj.weaver.loadtime.ClassLoaderWeavingAdaptor@10b090ac org/hibernate/ejb/HibernateEntityManagerImplementor, byte[497]
3970 [main] DEBUG org.aspectj.weaver.tools.WeavingAdaptor  - 16:58:03.490 main &lt; org.aspectj.weaver.tools.WeavingAdaptor.weaveClass false
3970 [main] DEBUG org.aspectj.weaver.loadtime.Aj  - 16:58:03.490 main &lt; org.aspectj.weaver.loadtime.Aj.preProcess byte[497]
3973 [main] DEBUG org.aspectj.weaver.loadtime.Aj  - 16:58:03.492 main &gt; org.aspectj.weaver.loadtime.Aj.preProcess org.aspectj.weaver.loadtime.Aj@58027738 org/hibernate/Query, byte[4342], org.springframework.test.jpa.OrmXmlOverridingShadowingClassLoader@2bbf1be2
3973 [main] DEBUG org.aspectj.weaver.loadtime.Aj  - 16:58:03.493 main - org.aspectj.weaver.loadtime.Aj.preProcess org.aspectj.weaver.loadtime.Aj@58027738 sun.misc.Launcher$AppClassLoader@302b2c81, org.springframework.test.jpa.OrmXmlOverridingShadowingClassLoader@2bbf1be2
3973 [main] DEBUG org.aspectj.weaver.tools.WeavingAdaptor  - 16:58:03.493 main &gt; org.aspectj.weaver.tools.WeavingAdaptor.weaveClass org.aspectj.weaver.loadtime.ClassLoaderWeavingAdaptor@10b090ac org/hibernate/Query, byte[4342]
3973 [main] DEBUG org.aspectj.weaver.tools.WeavingAdaptor  - 16:58:03.493 main &lt; org.aspectj.weaver.tools.WeavingAdaptor.weaveClass false
3973 [main] DEBUG org.aspectj.weaver.loadtime.Aj  - 16:58:03.493 main &lt; org.aspectj.weaver.loadtime.Aj.preProcess byte[4342]
3974 [main] DEBUG org.aspectj.weaver.loadtime.Aj  - 16:58:03.494 main &gt; org.aspectj.weaver.loadtime.Aj.preProcess org.aspectj.weaver.loadtime.Aj@58027738 org/hibernate/ObjectNotFoundException, byte[480], org.springframework.test.jpa.OrmXmlOverridingShadowingClassLoader@2bbf1be2
3974 [main] DEBUG org.aspectj.weaver.loadtime.Aj  - 16:58:03.494 main - org.aspectj.weaver.loadtime.Aj.preProcess org.aspectj.weaver.loadtime.Aj@58027738 sun.misc.Launcher$AppClassLoader@302b2c81, org.springframework.test.jpa.OrmXmlOverridingShadowingClassLoader@2bbf1be2
3974 [main] DEBUG org.aspectj.weaver.tools.WeavingAdaptor  - 16:58:03.494 main &gt; org.aspectj.weaver.tools.WeavingAdaptor.weaveClass org.aspectj.weaver.loadtime.ClassLoaderWeavingAdaptor@10b090ac org/hibernate/ObjectNotFoundException, byte[480]
3974 [main] DEBUG org.aspectj.weaver.tools.WeavingAdaptor  - 16:58:03.494 main &lt; org.aspectj.weaver.tools.WeavingAdaptor.weaveClass false
3974 [main] DEBUG org.aspectj.weaver.loadtime.Aj  - 16:58:03.494 main &lt; org.aspectj.weaver.loadtime.Aj.preProcess byte[480]
3974 [main] DEBUG org.aspectj.weaver.loadtime.Aj  - 16:58:03.494 main &gt; org.aspectj.weaver.loadtime.Aj.preProcess org.aspectj.weaver.loadtime.Aj@58027738 org/hibernate/ejb/TransactionImpl, byte[3243], org.springframework.test.jpa.OrmXmlOverridingShadowingClassLoader@2bbf1be2
3975 [main] DEBUG org.aspectj.weaver.loadtime.Aj  - 16:58:03.495 main - org.aspectj.weaver.loadtime.Aj.preProcess org.aspectj.weaver.loadtime.Aj@58027738 sun.misc.Launcher$AppClassLoader@302b2c81, org.springframework.test.jpa.OrmXmlOverridingShadowingClassLoader@2bbf1be2
3975 [main] DEBUG org.aspectj.weaver.tools.WeavingAdaptor  - 16:58:03.495 main &gt; org.aspectj.weaver.tools.WeavingAdaptor.weaveClass org.aspectj.weaver.loadtime.ClassLoaderWeavingAdaptor@10b090ac org/hibernate/ejb/TransactionImpl, byte[3243]
3975 [main] DEBUG org.aspectj.weaver.tools.WeavingAdaptor  - 16:58:03.495 main &lt; org.aspectj.weaver.tools.WeavingAdaptor.weaveClass false
3975 [main] DEBUG org.aspectj.weaver.loadtime.Aj  - 16:58:03.495 main &lt; org.aspectj.weaver.loadtime.Aj.preProcess byte[3243]
3975 [main] DEBUG org.aspectj.weaver.loadtime.Aj  - 16:58:03.495 main &gt; org.aspectj.weaver.loadtime.Aj.preProcess org.aspectj.weaver.loadtime.Aj@58027738 org/springframework/orm/jpa/EntityManagerHolder, byte[1498], org.springframework.test.jpa.OrmXmlOverridingShadowingClassLoader@2bbf1be2
3975 [main] DEBUG org.aspectj.weaver.loadtime.Aj  - 16:58:03.495 main - org.aspectj.weaver.loadtime.Aj.preProcess org.aspectj.weaver.loadtime.Aj@58027738 sun.misc.Launcher$AppClassLoader@302b2c81, org.springframework.test.jpa.OrmXmlOverridingShadowingClassLoader@2bbf1be2
3975 [main] DEBUG org.aspectj.weaver.tools.WeavingAdaptor  - 16:58:03.495 main &gt; org.aspectj.weaver.tools.WeavingAdaptor.weaveClass org.aspectj.weaver.loadtime.ClassLoaderWeavingAdaptor@10b090ac org/springframework/orm/jpa/EntityManagerHolder, byte[1498]
3975 [main] DEBUG org.aspectj.weaver.tools.WeavingAdaptor  - 16:58:03.495 main &lt; org.aspectj.weaver.tools.WeavingAdaptor.weaveClass false
3975 [main] DEBUG org.aspectj.weaver.loadtime.Aj  - 16:58:03.495 main &lt; org.aspectj.weaver.loadtime.Aj.preProcess byte[1498]
3976 [main] DEBUG org.aspectj.weaver.loadtime.Aj  - 16:58:03.496 main &gt; org.aspectj.weaver.loadtime.Aj.preProcess org.aspectj.weaver.loadtime.Aj@58027738 org/springframework/transaction/support/ResourceHolderSupport, byte[3195], org.springframework.test.jpa.OrmXmlOverridingShadowingClassLoader@2bbf1be2
3976 [main] DEBUG org.aspectj.weaver.loadtime.Aj  - 16:58:03.496 main - org.aspectj.weaver.loadtime.Aj.preProcess org.aspectj.weaver.loadtime.Aj@58027738 sun.misc.Launcher$AppClassLoader@302b2c81, org.springframework.test.jpa.OrmXmlOverridingShadowingClassLoader@2bbf1be2
3976 [main] DEBUG org.aspectj.weaver.tools.WeavingAdaptor  - 16:58:03.496 main &gt; org.aspectj.weaver.tools.WeavingAdaptor.weaveClass org.aspectj.weaver.loadtime.ClassLoaderWeavingAdaptor@10b090ac org/springframework/transaction/support/ResourceHolderSupport, byte[3195]
3976 [main] DEBUG org.aspectj.weaver.tools.WeavingAdaptor  - 16:58:03.496 main &lt; org.aspectj.weaver.tools.WeavingAdaptor.weaveClass false
3976 [main] DEBUG org.aspectj.weaver.loadtime.Aj  - 16:58:03.496 main &lt; org.aspectj.weaver.loadtime.Aj.preProcess byte[3195]
3976 [main] DEBUG org.aspectj.weaver.loadtime.Aj  - 16:58:03.496 main &gt; org.aspectj.weaver.loadtime.Aj.preProcess org.aspectj.weaver.loadtime.Aj@58027738 org/springframework/transaction/support/ResourceHolder, byte[212], org.springframework.test.jpa.OrmXmlOverridingShadowingClassLoader@2bbf1be2
3976 [main] DEBUG org.aspectj.weaver.loadtime.Aj  - 16:58:03.496 main - org.aspectj.weaver.loadtime.Aj.preProcess org.aspectj.weaver.loadtime.Aj@58027738 sun.misc.Launcher$AppClassLoader@302b2c81, org.springframework.test.jpa.OrmXmlOverridingShadowingClassLoader@2bbf1be2
3976 [main] DEBUG org.aspectj.weaver.tools.WeavingAdaptor  - 16:58:03.496 main &gt; org.aspectj.weaver.tools.WeavingAdaptor.weaveClass org.aspectj.weaver.loadtime.ClassLoaderWeavingAdaptor@10b090ac org/springframework/transaction/support/ResourceHolder, byte[212]
3976 [main] DEBUG org.aspectj.weaver.tools.WeavingAdaptor  - 16:58:03.496 main &lt; org.aspectj.weaver.tools.WeavingAdaptor.weaveClass false
3976 [main] DEBUG org.aspectj.weaver.loadtime.Aj  - 16:58:03.496 main &lt; org.aspectj.weaver.loadtime.Aj.preProcess byte[212]
3977 [main] DEBUG org.aspectj.weaver.loadtime.Aj  - 16:58:03.497 main &gt; org.aspectj.weaver.loadtime.Aj.preProcess org.aspectj.weaver.loadtime.Aj@58027738 org/springframework/transaction/TransactionTimedOutException, byte[643], org.springframework.test.jpa.OrmXmlOverridingShadowingClassLoader@2bbf1be2
3977 [main] DEBUG org.aspectj.weaver.loadtime.Aj  - 16:58:03.497 main - org.aspectj.weaver.loadtime.Aj.preProcess org.aspectj.weaver.loadtime.Aj@58027738 sun.misc.Launcher$AppClassLoader@302b2c81, org.springframework.test.jpa.OrmXmlOverridingShadowingClassLoader@2bbf1be2
3977 [main] DEBUG org.aspectj.weaver.tools.WeavingAdaptor  - 16:58:03.497 main &gt; org.aspectj.weaver.tools.WeavingAdaptor.weaveClass org.aspectj.weaver.loadtime.ClassLoaderWeavingAdaptor@10b090ac org/springframework/transaction/TransactionTimedOutException, byte[643]
3977 [main] DEBUG org.aspectj.weaver.tools.WeavingAdaptor  - 16:58:03.497 main &lt; org.aspectj.weaver.tools.WeavingAdaptor.weaveClass false
3977 [main] DEBUG org.aspectj.weaver.loadtime.Aj  - 16:58:03.497 main &lt; org.aspectj.weaver.loadtime.Aj.preProcess byte[643]
3977 [main] DEBUG org.aspectj.weaver.loadtime.Aj  - 16:58:03.497 main &gt; org.aspectj.weaver.loadtime.Aj.preProcess org.aspectj.weaver.loadtime.Aj@58027738 org/hibernate/cache/Timestamper, byte[1307], org.springframework.test.jpa.OrmXmlOverridingShadowingClassLoader@2bbf1be2
3977 [main] DEBUG org.aspectj.weaver.loadtime.Aj  - 16:58:03.497 main - org.aspectj.weaver.loadtime.Aj.preProcess org.aspectj.weaver.loadtime.Aj@58027738 sun.misc.Launcher$AppClassLoader@302b2c81, org.springframework.test.jpa.OrmXmlOverridingShadowingClassLoader@2bbf1be2
3977 [main] DEBUG org.aspectj.weaver.tools.WeavingAdaptor  - 16:58:03.497 main &gt; org.aspectj.weaver.tools.WeavingAdaptor.weaveClass org.aspectj.weaver.loadtime.ClassLoaderWeavingAdaptor@10b090ac org/hibernate/cache/Timestamper, byte[1307]
3977 [main] DEBUG org.aspectj.weaver.tools.WeavingAdaptor  - 16:58:03.497 main &lt; org.aspectj.weaver.tools.WeavingAdaptor.weaveClass false
3977 [main] DEBUG org.aspectj.weaver.loadtime.Aj  - 16:58:03.497 main &lt; org.aspectj.weaver.loadtime.Aj.preProcess byte[1307]
3978 [main] DEBUG org.aspectj.weaver.loadtime.Aj  - 16:58:03.498 main &gt; org.aspectj.weaver.loadtime.Aj.preProcess org.aspectj.weaver.loadtime.Aj@58027738 org/hibernate/impl/SessionImpl, byte[58180], org.springframework.test.jpa.OrmXmlOverridingShadowingClassLoader@2bbf1be2
3978 [main] DEBUG org.aspectj.weaver.loadtime.Aj  - 16:58:03.498 main - org.aspectj.weaver.loadtime.Aj.preProcess org.aspectj.weaver.loadtime.Aj@58027738 sun.misc.Launcher$AppClassLoader@302b2c81, org.springframework.test.jpa.OrmXmlOverridingShadowingClassLoader@2bbf1be2
3978 [main] DEBUG org.aspectj.weaver.tools.WeavingAdaptor  - 16:58:03.498 main &gt; org.aspectj.weaver.tools.WeavingAdaptor.weaveClass org.aspectj.weaver.loadtime.ClassLoaderWeavingAdaptor@10b090ac org/hibernate/impl/SessionImpl, byte[58180]
3978 [main] DEBUG org.aspectj.weaver.tools.WeavingAdaptor  - 16:58:03.498 main &lt; org.aspectj.weaver.tools.WeavingAdaptor.weaveClass false
3978 [main] DEBUG org.aspectj.weaver.loadtime.Aj  - 16:58:03.498 main &lt; org.aspectj.weaver.loadtime.Aj.preProcess byte[58180]
3979 [main] DEBUG org.aspectj.weaver.loadtime.Aj  - 16:58:03.499 main &gt; org.aspectj.weaver.loadtime.Aj.preProcess org.aspectj.weaver.loadtime.Aj@58027738 org/hibernate/event/EventSource, byte[825], org.springframework.test.jpa.OrmXmlOverridingShadowingClassLoader@2bbf1be2
3979 [main] DEBUG org.aspectj.weaver.loadtime.Aj  - 16:58:03.499 main - org.aspectj.weaver.loadtime.Aj.preProcess org.aspectj.weaver.loadtime.Aj@58027738 sun.misc.Launcher$AppClassLoader@302b2c81, org.springframework.test.jpa.OrmXmlOverridingShadowingClassLoader@2bbf1be2
3979 [main] DEBUG org.aspectj.weaver.tools.WeavingAdaptor  - 16:58:03.499 main &gt; org.aspectj.weaver.tools.WeavingAdaptor.weaveClass org.aspectj.weaver.loadtime.ClassLoaderWeavingAdaptor@10b090ac org/hibernate/event/EventSource, byte[825]
3979 [main] DEBUG org.aspectj.weaver.tools.WeavingAdaptor  - 16:58:03.499 main &lt; org.aspectj.weaver.tools.WeavingAdaptor.weaveClass false
3979 [main] DEBUG org.aspectj.weaver.loadtime.Aj  - 16:58:03.499 main &lt; org.aspectj.weaver.loadtime.Aj.preProcess byte[825]
3980 [main] DEBUG org.aspectj.weaver.loadtime.Aj  - 16:58:03.500 main &gt; org.aspectj.weaver.loadtime.Aj.preProcess org.aspectj.weaver.loadtime.Aj@58027738 org/hibernate/jdbc/JDBCContext$Context, byte[618], org.springframework.test.jpa.OrmXmlOverridingShadowingClassLoader@2bbf1be2
3980 [main] DEBUG org.aspectj.weaver.loadtime.Aj  - 16:58:03.500 main - org.aspectj.weaver.loadtime.Aj.preProcess org.aspectj.weaver.loadtime.Aj@58027738 sun.misc.Launcher$AppClassLoader@302b2c81, org.springframework.test.jpa.OrmXmlOverridingShadowingClassLoader@2bbf1be2
3980 [main] DEBUG org.aspectj.weaver.tools.WeavingAdaptor  - 16:58:03.500 main &gt; org.aspectj.weaver.tools.WeavingAdaptor.weaveClass org.aspectj.weaver.loadtime.ClassLoaderWeavingAdaptor@10b090ac org/hibernate/jdbc/JDBCContext$Context, byte[618]
3980 [main] DEBUG org.aspectj.weaver.tools.WeavingAdaptor  - 16:58:03.500 main &lt; org.aspectj.weaver.tools.WeavingAdaptor.weaveClass false
3980 [main] DEBUG org.aspectj.weaver.loadtime.Aj  - 16:58:03.500 main &lt; org.aspectj.weaver.loadtime.Aj.preProcess byte[618]
3980 [main] DEBUG org.aspectj.weaver.loadtime.Aj  - 16:58:03.500 main &gt; org.aspectj.weaver.loadtime.Aj.preProcess org.aspectj.weaver.loadtime.Aj@58027738 org/hibernate/transaction/TransactionFactory$Context, byte[487], org.springframework.test.jpa.OrmXmlOverridingShadowingClassLoader@2bbf1be2
3980 [main] DEBUG org.aspectj.weaver.loadtime.Aj  - 16:58:03.500 main - org.aspectj.weaver.loadtime.Aj.preProcess org.aspectj.weaver.loadtime.Aj@58027738 sun.misc.Launcher$AppClassLoader@302b2c81, org.springframework.test.jpa.OrmXmlOverridingShadowingClassLoader@2bbf1be2
3980 [main] DEBUG org.aspectj.weaver.tools.WeavingAdaptor  - 16:58:03.500 main &gt; org.aspectj.weaver.tools.WeavingAdaptor.weaveClass org.aspectj.weaver.loadtime.ClassLoaderWeavingAdaptor@10b090ac org/hibernate/transaction/TransactionFactory$Context, byte[487]
3980 [main] DEBUG org.aspectj.weaver.tools.WeavingAdaptor  - 16:58:03.500 main &lt; org.aspectj.weaver.tools.WeavingAdaptor.weaveClass false
3980 [main] DEBUG org.aspectj.weaver.loadtime.Aj  - 16:58:03.500 main &lt; org.aspectj.weaver.loadtime.Aj.preProcess byte[487]
3981 [main] DEBUG org.aspectj.weaver.loadtime.Aj  - 16:58:03.501 main &gt; org.aspectj.weaver.loadtime.Aj.preProcess org.aspectj.weaver.loadtime.Aj@58027738 org/hibernate/impl/AbstractSessionImpl, byte[6378], org.springframework.test.jpa.OrmXmlOverridingShadowingClassLoader@2bbf1be2
3981 [main] DEBUG org.aspectj.weaver.loadtime.Aj  - 16:58:03.501 main - org.aspectj.weaver.loadtime.Aj.preProcess org.aspectj.weaver.loadtime.Aj@58027738 sun.misc.Launcher$AppClassLoader@302b2c81, org.springframework.test.jpa.OrmXmlOverridingShadowingClassLoader@2bbf1be2
3981 [main] DEBUG org.aspectj.weaver.tools.WeavingAdaptor  - 16:58:03.501 main &gt; org.aspectj.weaver.tools.WeavingAdaptor.weaveClass org.aspectj.weaver.loadtime.ClassLoaderWeavingAdaptor@10b090ac org/hibernate/impl/AbstractSessionImpl, byte[6378]
3981 [main] DEBUG org.aspectj.weaver.tools.WeavingAdaptor  - 16:58:03.501 main &lt; org.aspectj.weaver.tools.WeavingAdaptor.weaveClass false
3981 [main] DEBUG org.aspectj.weaver.loadtime.Aj  - 16:58:03.501 main &lt; org.aspectj.weaver.loadtime.Aj.preProcess byte[6378]
3982 [main] DEBUG org.aspectj.weaver.loadtime.Aj  - 16:58:03.502 main &gt; org.aspectj.weaver.loadtime.Aj.preProcess org.aspectj.weaver.loadtime.Aj@58027738 org/hibernate/SessionException, byte[381], org.springframework.test.jpa.OrmXmlOverridingShadowingClassLoader@2bbf1be2
3982 [main] DEBUG org.aspectj.weaver.loadtime.Aj  - 16:58:03.502 main - org.aspectj.weaver.loadtime.Aj.preProcess org.aspectj.weaver.loadtime.Aj@58027738 sun.misc.Launcher$AppClassLoader@302b2c81, org.springframework.test.jpa.OrmXmlOverridingShadowingClassLoader@2bbf1be2
3982 [main] DEBUG org.aspectj.weaver.tools.WeavingAdaptor  - 16:58:03.502 main &gt; org.aspectj.weaver.tools.WeavingAdaptor.weaveClass org.aspectj.weaver.loadtime.ClassLoaderWeavingAdaptor@10b090ac org/hibernate/SessionException, byte[381]
3982 [main] DEBUG org.aspectj.weaver.tools.WeavingAdaptor  - 16:58:03.502 main &lt; org.aspectj.weaver.tools.WeavingAdaptor.weaveClass false
3982 [main] DEBUG org.aspectj.weaver.loadtime.Aj  - 16:58:03.502 main &lt; org.aspectj.weaver.loadtime.Aj.preProcess byte[381]
3982 [main] DEBUG org.aspectj.weaver.loadtime.Aj  - 16:58:03.502 main &gt; org.aspectj.weaver.loadtime.Aj.preProcess org.aspectj.weaver.loadtime.Aj@58027738 org/hibernate/engine/NamedSQLQueryDefinition, byte[2655], org.springframework.test.jpa.OrmXmlOverridingShadowingClassLoader@2bbf1be2
3982 [main] DEBUG org.aspectj.weaver.loadtime.Aj  - 16:58:03.502 main - org.aspectj.weaver.loadtime.Aj.preProcess org.aspectj.weaver.loadtime.Aj@58027738 sun.misc.Launcher$AppClassLoader@302b2c81, org.springframework.test.jpa.OrmXmlOverridingShadowingClassLoader@2bbf1be2
3982 [main] DEBUG org.aspectj.weaver.tools.WeavingAdaptor  - 16:58:03.502 main &gt; org.aspectj.weaver.tools.WeavingAdaptor.weaveClass org.aspectj.weaver.loadtime.ClassLoaderWeavingAdaptor@10b090ac org/hibernate/engine/NamedSQLQueryDefinition, byte[2655]
3982 [main] DEBUG org.aspectj.weaver.tools.WeavingAdaptor  - 16:58:03.502 main &lt; org.aspectj.weaver.tools.WeavingAdaptor.weaveClass false
3982 [main] DEBUG org.aspectj.weaver.loadtime.Aj  - 16:58:03.502 main &lt; org.aspectj.weaver.loadtime.Aj.preProcess byte[2655]
3983 [main] DEBUG org.aspectj.weaver.loadtime.Aj  - 16:58:03.503 main &gt; org.aspectj.weaver.loadtime.Aj.preProcess org.aspectj.weaver.loadtime.Aj@58027738 org/hibernate/impl/QueryImpl, byte[3394], org.springframework.test.jpa.OrmXmlOverridingShadowingClassLoader@2bbf1be2
3983 [main] DEBUG org.aspectj.weaver.loadtime.Aj  - 16:58:03.503 main - org.aspectj.weaver.loadtime.Aj.preProcess org.aspectj.weaver.loadtime.Aj@58027738 sun.misc.Launcher$AppClassLoader@302b2c81, org.springframework.test.jpa.OrmXmlOverridingShadowingClassLoader@2bbf1be2
3983 [main] DEBUG org.aspectj.weaver.tools.WeavingAdaptor  - 16:58:03.503 main &gt; org.aspectj.weaver.tools.WeavingAdaptor.weaveClass org.aspectj.weaver.loadtime.ClassLoaderWeavingAdaptor@10b090ac org/hibernate/impl/QueryImpl, byte[3394]
3983 [main] DEBUG org.aspectj.weaver.tools.WeavingAdaptor  - 16:58:03.503 main &lt; org.aspectj.weaver.tools.WeavingAdaptor.weaveClass false
3983 [main] DEBUG org.aspectj.weaver.loadtime.Aj  - 16:58:03.503 main &lt; org.aspectj.weaver.loadtime.Aj.preProcess byte[3394]
3983 [main] DEBUG org.aspectj.weaver.loadtime.Aj  - 16:58:03.503 main &gt; org.aspectj.weaver.loadtime.Aj.preProcess org.aspectj.weaver.loadtime.Aj@58027738 org/hibernate/impl/AbstractQueryImpl, byte[25840], org.springframework.test.jpa.OrmXmlOverridingShadowingClassLoader@2bbf1be2
3983 [main] DEBUG org.aspectj.weaver.loadtime.Aj  - 16:58:03.503 main - org.aspectj.weaver.loadtime.Aj.preProcess org.aspectj.weaver.loadtime.Aj@58027738 sun.misc.Launcher$AppClassLoader@302b2c81, org.springframework.test.jpa.OrmXmlOverridingShadowingClassLoader@2bbf1be2
3983 [main] DEBUG org.aspectj.weaver.tools.WeavingAdaptor  - 16:58:03.503 main &gt; org.aspectj.weaver.tools.WeavingAdaptor.weaveClass org.aspectj.weaver.loadtime.ClassLoaderWeavingAdaptor@10b090ac org/hibernate/impl/AbstractQueryImpl, byte[25840]
3984 [main] DEBUG org.aspectj.weaver.tools.WeavingAdaptor  - 16:58:03.504 main &lt; org.aspectj.weaver.tools.WeavingAdaptor.weaveClass false
3984 [main] DEBUG org.aspectj.weaver.loadtime.Aj  - 16:58:03.504 main &lt; org.aspectj.weaver.loadtime.Aj.preProcess byte[25840]
3984 [main] DEBUG org.aspectj.weaver.loadtime.Aj  - 16:58:03.504 main &gt; org.aspectj.weaver.loadtime.Aj.preProcess org.aspectj.weaver.loadtime.Aj@58027738 org/hibernate/impl/SQLQueryImpl, byte[12175], org.springframework.test.jpa.OrmXmlOverridingShadowingClassLoader@2bbf1be2
3985 [main] DEBUG org.aspectj.weaver.loadtime.Aj  - 16:58:03.505 main - org.aspectj.weaver.loadtime.Aj.preProcess org.aspectj.weaver.loadtime.Aj@58027738 sun.misc.Launcher$AppClassLoader@302b2c81, org.springframework.test.jpa.OrmXmlOverridingShadowingClassLoader@2bbf1be2
3985 [main] DEBUG org.aspectj.weaver.tools.WeavingAdaptor  - 16:58:03.505 main &gt; org.aspectj.weaver.tools.WeavingAdaptor.weaveClass org.aspectj.weaver.loadtime.ClassLoaderWeavingAdaptor@10b090ac org/hibernate/impl/SQLQueryImpl, byte[12175]
3985 [main] DEBUG org.aspectj.weaver.tools.WeavingAdaptor  - 16:58:03.505 main &lt; org.aspectj.weaver.tools.WeavingAdaptor.weaveClass false
3985 [main] DEBUG org.aspectj.weaver.loadtime.Aj  - 16:58:03.505 main &lt; org.aspectj.weaver.loadtime.Aj.preProcess byte[12175]
3985 [main] DEBUG org.aspectj.weaver.loadtime.Aj  - 16:58:03.505 main &gt; org.aspectj.weaver.loadtime.Aj.preProcess org.aspectj.weaver.loadtime.Aj@58027738 org/hibernate/SQLQuery, byte[931], org.springframework.test.jpa.OrmXmlOverridingShadowingClassLoader@2bbf1be2
3985 [main] DEBUG org.aspectj.weaver.loadtime.Aj  - 16:58:03.505 main - org.aspectj.weaver.loadtime.Aj.preProcess org.aspectj.weaver.loadtime.Aj@58027738 sun.misc.Launcher$AppClassLoader@302b2c81, org.springframework.test.jpa.OrmXmlOverridingShadowingClassLoader@2bbf1be2
3985 [main] DEBUG org.aspectj.weaver.tools.WeavingAdaptor  - 16:58:03.505 main &gt; org.aspectj.weaver.tools.WeavingAdaptor.weaveClass org.aspectj.weaver.loadtime.ClassLoaderWeavingAdaptor@10b090ac org/hibernate/SQLQuery, byte[931]
3985 [main] DEBUG org.aspectj.weaver.tools.WeavingAdaptor  - 16:58:03.505 main &lt; org.aspectj.weaver.tools.WeavingAdaptor.weaveClass false
3985 [main] DEBUG org.aspectj.weaver.loadtime.Aj  - 16:58:03.505 main &lt; org.aspectj.weaver.loadtime.Aj.preProcess byte[931]
3986 [main] DEBUG org.aspectj.weaver.loadtime.Aj  - 16:58:03.506 main &gt; org.aspectj.weaver.loadtime.Aj.preProcess org.aspectj.weaver.loadtime.Aj@58027738 org/hibernate/loader/custom/CustomQuery, byte[327], org.springframework.test.jpa.OrmXmlOverridingShadowingClassLoader@2bbf1be2
3986 [main] DEBUG org.aspectj.weaver.loadtime.Aj  - 16:58:03.506 main - org.aspectj.weaver.loadtime.Aj.preProcess org.aspectj.weaver.loadtime.Aj@58027738 sun.misc.Launcher$AppClassLoader@302b2c81, org.springframework.test.jpa.OrmXmlOverridingShadowingClassLoader@2bbf1be2
3986 [main] DEBUG org.aspectj.weaver.tools.WeavingAdaptor  - 16:58:03.506 main &gt; org.aspectj.weaver.tools.WeavingAdaptor.weaveClass org.aspectj.weaver.loadtime.ClassLoaderWeavingAdaptor@10b090ac org/hibernate/loader/custom/CustomQuery, byte[327]
3986 [main] DEBUG org.aspectj.weaver.tools.WeavingAdaptor  - 16:58:03.506 main &lt; org.aspectj.weaver.tools.WeavingAdaptor.weaveClass false
3986 [main] DEBUG org.aspectj.weaver.loadtime.Aj  - 16:58:03.506 main &lt; org.aspectj.weaver.loadtime.Aj.preProcess byte[327]
3987 [main] DEBUG org.aspectj.weaver.loadtime.Aj  - 16:58:03.507 main &gt; org.aspectj.weaver.loadtime.Aj.preProcess org.aspectj.weaver.loadtime.Aj@58027738 org/hibernate/Filter, byte[560], org.springframework.test.jpa.OrmXmlOverridingShadowingClassLoader@2bbf1be2
3987 [main] DEBUG org.aspectj.weaver.loadtime.Aj  - 16:58:03.507 main - org.aspectj.weaver.loadtime.Aj.preProcess org.aspectj.weaver.loadtime.Aj@58027738 sun.misc.Launcher$AppClassLoader@302b2c81, org.springframework.test.jpa.OrmXmlOverridingShadowingClassLoader@2bbf1be2
3987 [main] DEBUG org.aspectj.weaver.tools.WeavingAdaptor  - 16:58:03.507 main &gt; org.aspectj.weaver.tools.WeavingAdaptor.weaveClass org.aspectj.weaver.loadtime.ClassLoaderWeavingAdaptor@10b090ac org/hibernate/Filter, byte[560]
3987 [main] DEBUG org.aspectj.weaver.tools.WeavingAdaptor  - 16:58:03.507 main &lt; org.aspectj.weaver.tools.WeavingAdaptor.weaveClass false
3987 [main] DEBUG org.aspectj.weaver.loadtime.Aj  - 16:58:03.507 main &lt; org.aspectj.weaver.loadtime.Aj.preProcess byte[560]
3987 [main] DEBUG org.aspectj.weaver.loadtime.Aj  - 16:58:03.507 main &gt; org.aspectj.weaver.loadtime.Aj.preProcess org.aspectj.weaver.loadtime.Aj@58027738 org/hibernate/stat/SessionStatistics, byte[266], org.springframework.test.jpa.OrmXmlOverridingShadowingClassLoader@2bbf1be2
3987 [main] DEBUG org.aspectj.weaver.loadtime.Aj  - 16:58:03.507 main - org.aspectj.weaver.loadtime.Aj.preProcess org.aspectj.weaver.loadtime.Aj@58027738 sun.misc.Launcher$AppClassLoader@302b2c81, org.springframework.test.jpa.OrmXmlOverridingShadowingClassLoader@2bbf1be2
3988 [main] DEBUG org.aspectj.weaver.tools.WeavingAdaptor  - 16:58:03.508 main &gt; org.aspectj.weaver.tools.WeavingAdaptor.weaveClass org.aspectj.weaver.loadtime.ClassLoaderWeavingAdaptor@10b090ac org/hibernate/stat/SessionStatistics, byte[266]
3988 [main] DEBUG org.aspectj.weaver.tools.WeavingAdaptor  - 16:58:03.508 main &lt; org.aspectj.weaver.tools.WeavingAdaptor.weaveClass false
3988 [main] DEBUG org.aspectj.weaver.loadtime.Aj  - 16:58:03.508 main &lt; org.aspectj.weaver.loadtime.Aj.preProcess byte[266]
3988 [main] DEBUG org.aspectj.weaver.loadtime.Aj  - 16:58:03.508 main &gt; org.aspectj.weaver.loadtime.Aj.preProcess org.aspectj.weaver.loadtime.Aj@58027738 org/hibernate/engine/PersistenceContext, byte[5486], org.springframework.test.jpa.OrmXmlOverridingShadowingClassLoader@2bbf1be2
3988 [main] DEBUG org.aspectj.weaver.loadtime.Aj  - 16:58:03.508 main - org.aspectj.weaver.loadtime.Aj.preProcess org.aspectj.weaver.loadtime.Aj@58027738 sun.misc.Launcher$AppClassLoader@302b2c81, org.springframework.test.jpa.OrmXmlOverridingShadowingClassLoader@2bbf1be2
3988 [main] DEBUG org.aspectj.weaver.tools.WeavingAdaptor  - 16:58:03.508 main &gt; org.aspectj.weaver.tools.WeavingAdaptor.weaveClass org.aspectj.weaver.loadtime.ClassLoaderWeavingAdaptor@10b090ac org/hibernate/engine/PersistenceContext, byte[5486]
3988 [main] DEBUG org.aspectj.weaver.tools.WeavingAdaptor  - 16:58:03.508 main &lt; org.aspectj.weaver.tools.WeavingAdaptor.weaveClass false
3988 [main] DEBUG org.aspectj.weaver.loadtime.Aj  - 16:58:03.508 main &lt; org.aspectj.weaver.loadtime.Aj.preProcess byte[5486]
3989 [main] DEBUG org.aspectj.weaver.loadtime.Aj  - 16:58:03.509 main &gt; org.aspectj.weaver.loadtime.Aj.preProcess org.aspectj.weaver.loadtime.Aj@58027738 org/hibernate/Criteria, byte[1855], org.springframework.test.jpa.OrmXmlOverridingShadowingClassLoader@2bbf1be2
3989 [main] DEBUG org.aspectj.weaver.loadtime.Aj  - 16:58:03.509 main - org.aspectj.weaver.loadtime.Aj.preProcess org.aspectj.weaver.loadtime.Aj@58027738 sun.misc.Launcher$AppClassLoader@302b2c81, org.springframework.test.jpa.OrmXmlOverridingShadowingClassLoader@2bbf1be2
3989 [main] DEBUG org.aspectj.weaver.tools.WeavingAdaptor  - 16:58:03.509 main &gt; org.aspectj.weaver.tools.WeavingAdaptor.weaveClass org.aspectj.weaver.loadtime.ClassLoaderWeavingAdaptor@10b090ac org/hibernate/Criteria, byte[1855]
3989 [main] DEBUG org.aspectj.weaver.tools.WeavingAdaptor  - 16:58:03.509 main &lt; org.aspectj.weaver.tools.WeavingAdaptor.weaveClass false
3989 [main] DEBUG org.aspectj.weaver.loadtime.Aj  - 16:58:03.509 main &lt; org.aspectj.weaver.loadtime.Aj.preProcess byte[1855]
3989 [main] DEBUG org.aspectj.weaver.loadtime.Aj  - 16:58:03.509 main &gt; org.aspectj.weaver.loadtime.Aj.preProcess org.aspectj.weaver.loadtime.Aj@58027738 org/hibernate/criterion/CriteriaSpecification, byte[927], org.springframework.test.jpa.OrmXmlOverridingShadowingClassLoader@2bbf1be2
3989 [main] DEBUG org.aspectj.weaver.loadtime.Aj  - 16:58:03.509 main - org.aspectj.weaver.loadtime.Aj.preProcess org.aspectj.weaver.loadtime.Aj@58027738 sun.misc.Launcher$AppClassLoader@302b2c81, org.springframework.test.jpa.OrmXmlOverridingShadowingClassLoader@2bbf1be2
3989 [main] DEBUG org.aspectj.weaver.tools.WeavingAdaptor  - 16:58:03.509 main &gt; org.aspectj.weaver.tools.WeavingAdaptor.weaveClass org.aspectj.weaver.loadtime.ClassLoaderWeavingAdaptor@10b090ac org/hibernate/criterion/CriteriaSpecification, byte[927]
3989 [main] DEBUG org.aspectj.weaver.tools.WeavingAdaptor  - 16:58:03.509 main &lt; org.aspectj.weaver.tools.WeavingAdaptor.weaveClass false
3990 [main] DEBUG org.aspectj.weaver.loadtime.Aj  - 16:58:03.510 main &lt; org.aspectj.weaver.loadtime.Aj.preProcess byte[927]
3991 [main] DEBUG org.aspectj.weaver.loadtime.Aj  - 16:58:03.511 main &gt; org.aspectj.weaver.loadtime.Aj.preProcess org.aspectj.weaver.loadtime.Aj@58027738 org/hibernate/FlushMode, byte[1676], org.springframework.test.jpa.OrmXmlOverridingShadowingClassLoader@2bbf1be2
3991 [main] DEBUG org.aspectj.weaver.loadtime.Aj  - 16:58:03.511 main - org.aspectj.weaver.loadtime.Aj.preProcess org.aspectj.weaver.loadtime.Aj@58027738 sun.misc.Launcher$AppClassLoader@302b2c81, org.springframework.test.jpa.OrmXmlOverridingShadowingClassLoader@2bbf1be2
3991 [main] DEBUG org.aspectj.weaver.tools.WeavingAdaptor  - 16:58:03.511 main &gt; org.aspectj.weaver.tools.WeavingAdaptor.weaveClass org.aspectj.weaver.loadtime.ClassLoaderWeavingAdaptor@10b090ac org/hibernate/FlushMode, byte[1676]
3991 [main] DEBUG org.aspectj.weaver.tools.WeavingAdaptor  - 16:58:03.511 main &lt; org.aspectj.weaver.tools.WeavingAdaptor.weaveClass false
3991 [main] DEBUG org.aspectj.weaver.loadtime.Aj  - 16:58:03.511 main &lt; org.aspectj.weaver.loadtime.Aj.preProcess byte[1676]
3992 [main] DEBUG org.aspectj.weaver.loadtime.Aj  - 16:58:03.512 main &gt; org.aspectj.weaver.loadtime.Aj.preProcess org.aspectj.weaver.loadtime.Aj@58027738 org/hibernate/CacheMode, byte[1611], org.springframework.test.jpa.OrmXmlOverridingShadowingClassLoader@2bbf1be2
3992 [main] DEBUG org.aspectj.weaver.loadtime.Aj  - 16:58:03.512 main - org.aspectj.weaver.loadtime.Aj.preProcess org.aspectj.weaver.loadtime.Aj@58027738 sun.misc.Launcher$AppClassLoader@302b2c81, org.springframework.test.jpa.OrmXmlOverridingShadowingClassLoader@2bbf1be2
3992 [main] DEBUG org.aspectj.weaver.tools.WeavingAdaptor  - 16:58:03.512 main &gt; org.aspectj.weaver.tools.WeavingAdaptor.weaveClass org.aspectj.weaver.loadtime.ClassLoaderWeavingAdaptor@10b090ac org/hibernate/CacheMode, byte[1611]
3992 [main] DEBUG org.aspectj.weaver.tools.WeavingAdaptor  - 16:58:03.512 main &lt; org.aspectj.weaver.tools.WeavingAdaptor.weaveClass false
3992 [main] DEBUG org.aspectj.weaver.loadtime.Aj  - 16:58:03.512 main &lt; org.aspectj.weaver.loadtime.Aj.preProcess byte[1611]
3992 [main] DEBUG org.aspectj.weaver.loadtime.Aj  - 16:58:03.512 main &gt; org.aspectj.weaver.loadtime.Aj.preProcess org.aspectj.weaver.loadtime.Aj@58027738 org/hibernate/engine/ActionQueue, byte[11918], org.springframework.test.jpa.OrmXmlOverridingShadowingClassLoader@2bbf1be2
3992 [main] DEBUG org.aspectj.weaver.loadtime.Aj  - 16:58:03.512 main - org.aspectj.weaver.loadtime.Aj.preProcess org.aspectj.weaver.loadtime.Aj@58027738 sun.misc.Launcher$AppClassLoader@302b2c81, org.springframework.test.jpa.OrmXmlOverridingShadowingClassLoader@2bbf1be2
3993 [main] DEBUG org.aspectj.weaver.tools.WeavingAdaptor  - 16:58:03.513 main &gt; org.aspectj.weaver.tools.WeavingAdaptor.weaveClass org.aspectj.weaver.loadtime.ClassLoaderWeavingAdaptor@10b090ac org/hibernate/engine/ActionQueue, byte[11918]
3993 [main] DEBUG org.aspectj.weaver.tools.WeavingAdaptor  - 16:58:03.513 main &lt; org.aspectj.weaver.tools.WeavingAdaptor.weaveClass false
3993 [main] DEBUG org.aspectj.weaver.loadtime.Aj  - 16:58:03.513 main &lt; org.aspectj.weaver.loadtime.Aj.preProcess byte[11918]
3994 [main] DEBUG org.aspectj.weaver.loadtime.Aj  - 16:58:03.514 main &gt; org.aspectj.weaver.loadtime.Aj.preProcess org.aspectj.weaver.loadtime.Aj@58027738 org/hibernate/engine/StatefulPersistenceContext, byte[32930], org.springframework.test.jpa.OrmXmlOverridingShadowingClassLoader@2bbf1be2
3994 [main] DEBUG org.aspectj.weaver.loadtime.Aj  - 16:58:03.514 main - org.aspectj.weaver.loadtime.Aj.preProcess org.aspectj.weaver.loadtime.Aj@58027738 sun.misc.Launcher$AppClassLoader@302b2c81, org.springframework.test.jpa.OrmXmlOverridingShadowingClassLoader@2bbf1be2
3994 [main] DEBUG org.aspectj.weaver.tools.WeavingAdaptor  - 16:58:03.514 main &gt; org.aspectj.weaver.tools.WeavingAdaptor.weaveClass org.aspectj.weaver.loadtime.ClassLoaderWeavingAdaptor@10b090ac org/hibernate/engine/StatefulPersistenceContext, byte[32930]
3994 [main] DEBUG org.aspectj.weaver.tools.WeavingAdaptor  - 16:58:03.514 main &lt; org.aspectj.weaver.tools.WeavingAdaptor.weaveClass false
3994 [main] DEBUG org.aspectj.weaver.loadtime.Aj  - 16:58:03.514 main &lt; org.aspectj.weaver.loadtime.Aj.preProcess byte[32930]
3996 [main] DEBUG org.aspectj.weaver.loadtime.Aj  - 16:58:03.516 main &gt; org.aspectj.weaver.loadtime.Aj.preProcess org.aspectj.weaver.loadtime.Aj@58027738 org/hibernate/util/IdentityMap, byte[5106], org.springframework.test.jpa.OrmXmlOverridingShadowingClassLoader@2bbf1be2
3996 [main] DEBUG org.aspectj.weaver.loadtime.Aj  - 16:58:03.516 main - org.aspectj.weaver.loadtime.Aj.preProcess org.aspectj.weaver.loadtime.Aj@58027738 sun.misc.Launcher$AppClassLoader@302b2c81, org.springframework.test.jpa.OrmXmlOverridingShadowingClassLoader@2bbf1be2
3996 [main] DEBUG org.aspectj.weaver.tools.WeavingAdaptor  - 16:58:03.516 main &gt; org.aspectj.weaver.tools.WeavingAdaptor.weaveClass org.aspectj.weaver.loadtime.ClassLoaderWeavingAdaptor@10b090ac org/hibernate/util/IdentityMap, byte[5106]
3996 [main] DEBUG org.aspectj.weaver.tools.WeavingAdaptor  - 16:58:03.516 main &lt; org.aspectj.weaver.tools.WeavingAdaptor.weaveClass false
3996 [main] DEBUG org.aspectj.weaver.loadtime.Aj  - 16:58:03.516 main &lt; org.aspectj.weaver.loadtime.Aj.preProcess byte[5106]
3997 [main] DEBUG org.aspectj.weaver.loadtime.Aj  - 16:58:03.517 main &gt; org.aspectj.weaver.loadtime.Aj.preProcess org.aspectj.weaver.loadtime.Aj@58027738 org/hibernate/jdbc/JDBCContext, byte[9150], org.springframework.test.jpa.OrmXmlOverridingShadowingClassLoader@2bbf1be2
3997 [main] DEBUG org.aspectj.weaver.loadtime.Aj  - 16:58:03.517 main - org.aspectj.weaver.loadtime.Aj.preProcess org.aspectj.weaver.loadtime.Aj@58027738 sun.misc.Launcher$AppClassLoader@302b2c81, org.springframework.test.jpa.OrmXmlOverridingShadowingClassLoader@2bbf1be2
3997 [main] DEBUG org.aspectj.weaver.tools.WeavingAdaptor  - 16:58:03.517 main &gt; org.aspectj.weaver.tools.WeavingAdaptor.weaveClass org.aspectj.weaver.loadtime.ClassLoaderWeavingAdaptor@10b090ac org/hibernate/jdbc/JDBCContext, byte[9150]
3997 [main] DEBUG org.aspectj.weaver.tools.WeavingAdaptor  - 16:58:03.517 main &lt; org.aspectj.weaver.tools.WeavingAdaptor.weaveClass false
3997 [main] DEBUG org.aspectj.weaver.loadtime.Aj  - 16:58:03.517 main &lt; org.aspectj.weaver.loadtime.Aj.preProcess byte[9150]
3998 [main] DEBUG org.aspectj.weaver.loadtime.Aj  - 16:58:03.518 main &gt; org.aspectj.weaver.loadtime.Aj.preProcess org.aspectj.weaver.loadtime.Aj@58027738 org/hibernate/jdbc/ConnectionManager$Callback, byte[330], org.springframework.test.jpa.OrmXmlOverridingShadowingClassLoader@2bbf1be2
3998 [main] DEBUG org.aspectj.weaver.loadtime.Aj  - 16:58:03.518 main - org.aspectj.weaver.loadtime.Aj.preProcess org.aspectj.weaver.loadtime.Aj@58027738 sun.misc.Launcher$AppClassLoader@302b2c81, org.springframework.test.jpa.OrmXmlOverridingShadowingClassLoader@2bbf1be2
3998 [main] DEBUG org.aspectj.weaver.tools.WeavingAdaptor  - 16:58:03.518 main &gt; org.aspectj.weaver.tools.WeavingAdaptor.weaveClass org.aspectj.weaver.loadtime.ClassLoaderWeavingAdaptor@10b090ac org/hibernate/jdbc/ConnectionManager$Callback, byte[330]
3998 [main] DEBUG org.aspectj.weaver.tools.WeavingAdaptor  - 16:58:03.518 main &lt; org.aspectj.weaver.tools.WeavingAdaptor.weaveClass false
3998 [main] DEBUG org.aspectj.weaver.loadtime.Aj  - 16:58:03.518 main &lt; org.aspectj.weaver.loadtime.Aj.preProcess byte[330]
3998 [main] DEBUG org.aspectj.weaver.loadtime.Aj  - 16:58:03.518 main &gt; org.aspectj.weaver.loadtime.Aj.preProcess org.aspectj.weaver.loadtime.Aj@58027738 org/hibernate/TransactionException, byte[611], org.springframework.test.jpa.OrmXmlOverridingShadowingClassLoader@2bbf1be2
3998 [main] DEBUG org.aspectj.weaver.loadtime.Aj  - 16:58:03.518 main - org.aspectj.weaver.loadtime.Aj.preProcess org.aspectj.weaver.loadtime.Aj@58027738 sun.misc.Launcher$AppClassLoader@302b2c81, org.springframework.test.jpa.OrmXmlOverridingShadowingClassLoader@2bbf1be2
3998 [main] DEBUG org.aspectj.weaver.tools.WeavingAdaptor  - 16:58:03.518 main &gt; org.aspectj.weaver.tools.WeavingAdaptor.weaveClass org.aspectj.weaver.loadtime.ClassLoaderWeavingAdaptor@10b090ac org/hibernate/TransactionException, byte[611]
3998 [main] DEBUG org.aspectj.weaver.tools.WeavingAdaptor  - 16:58:03.518 main &lt; org.aspectj.weaver.tools.WeavingAdaptor.weaveClass false
3998 [main] DEBUG org.aspectj.weaver.loadtime.Aj  - 16:58:03.518 main &lt; org.aspectj.weaver.loadtime.Aj.preProcess byte[611]
3999 [main] DEBUG org.aspectj.weaver.loadtime.Aj  - 16:58:03.519 main &gt; org.aspectj.weaver.loadtime.Aj.preProcess org.aspectj.weaver.loadtime.Aj@58027738 org/hibernate/jdbc/ConnectionManager, byte[10311], org.springframework.test.jpa.OrmXmlOverridingShadowingClassLoader@2bbf1be2
3999 [main] DEBUG org.aspectj.weaver.loadtime.Aj  - 16:58:03.519 main - org.aspectj.weaver.loadtime.Aj.preProcess org.aspectj.weaver.loadtime.Aj@58027738 sun.misc.Launcher$AppClassLoader@302b2c81, org.springframework.test.jpa.OrmXmlOverridingShadowingClassLoader@2bbf1be2
3999 [main] DEBUG org.aspectj.weaver.tools.WeavingAdaptor  - 16:58:03.519 main &gt; org.aspectj.weaver.tools.WeavingAdaptor.weaveClass org.aspectj.weaver.loadtime.ClassLoaderWeavingAdaptor@10b090ac org/hibernate/jdbc/ConnectionManager, byte[10311]
3999 [main] DEBUG org.aspectj.weaver.tools.WeavingAdaptor  - 16:58:03.519 main &lt; org.aspectj.weaver.tools.WeavingAdaptor.weaveClass false
3999 [main] DEBUG org.aspectj.weaver.loadtime.Aj  - 16:58:03.519 main &lt; org.aspectj.weaver.loadtime.Aj.preProcess byte[10311]
4000 [main] DEBUG org.aspectj.weaver.loadtime.Aj  - 16:58:03.520 main &gt; org.aspectj.weaver.loadtime.Aj.preProcess org.aspectj.weaver.loadtime.Aj@58027738 org/hibernate/jdbc/BatchingBatcher, byte[2959], org.springframework.test.jpa.OrmXmlOverridingShadowingClassLoader@2bbf1be2
4000 [main] DEBUG org.aspectj.weaver.loadtime.Aj  - 16:58:03.520 main - org.aspectj.weaver.loadtime.Aj.preProcess org.aspectj.weaver.loadtime.Aj@58027738 sun.misc.Launcher$AppClassLoader@302b2c81, org.springframework.test.jpa.OrmXmlOverridingShadowingClassLoader@2bbf1be2
4000 [main] DEBUG org.aspectj.weaver.tools.WeavingAdaptor  - 16:58:03.520 main &gt; org.aspectj.weaver.tools.WeavingAdaptor.weaveClass org.aspectj.weaver.loadtime.ClassLoaderWeavingAdaptor@10b090ac org/hibernate/jdbc/BatchingBatcher, byte[2959]
4000 [main] DEBUG org.aspectj.weaver.tools.WeavingAdaptor  - 16:58:03.520 main &lt; org.aspectj.weaver.tools.WeavingAdaptor.weaveClass false
4000 [main] DEBUG org.aspectj.weaver.loadtime.Aj  - 16:58:03.520 main &lt; org.aspectj.weaver.loadtime.Aj.preProcess byte[2959]
4001 [main] DEBUG org.aspectj.weaver.loadtime.Aj  - 16:58:03.521 main &gt; org.aspectj.weaver.loadtime.Aj.preProcess org.aspectj.weaver.loadtime.Aj@58027738 org/hibernate/jdbc/AbstractBatcher, byte[15538], org.springframework.test.jpa.OrmXmlOverridingShadowingClassLoader@2bbf1be2
4001 [main] DEBUG org.aspectj.weaver.loadtime.Aj  - 16:58:03.521 main - org.aspectj.weaver.loadtime.Aj.preProcess org.aspectj.weaver.loadtime.Aj@58027738 sun.misc.Launcher$AppClassLoader@302b2c81, org.springframework.test.jpa.OrmXmlOverridingShadowingClassLoader@2bbf1be2
4001 [main] DEBUG org.aspectj.weaver.tools.WeavingAdaptor  - 16:58:03.521 main &gt; org.aspectj.weaver.tools.WeavingAdaptor.weaveClass org.aspectj.weaver.loadtime.ClassLoaderWeavingAdaptor@10b090ac org/hibernate/jdbc/AbstractBatcher, byte[15538]
4001 [main] DEBUG org.aspectj.weaver.tools.WeavingAdaptor  - 16:58:03.521 main &lt; org.aspectj.weaver.tools.WeavingAdaptor.weaveClass false
4001 [main] DEBUG org.aspectj.weaver.loadtime.Aj  - 16:58:03.521 main &lt; org.aspectj.weaver.loadtime.Aj.preProcess byte[15538]
4002 [main] DEBUG org.aspectj.weaver.loadtime.Aj  - 16:58:03.522 main &gt; org.aspectj.weaver.loadtime.Aj.preProcess org.aspectj.weaver.loadtime.Aj@58027738 org/hibernate/jdbc/Expectation, byte[365], org.springframework.test.jpa.OrmXmlOverridingShadowingClassLoader@2bbf1be2
4002 [main] DEBUG org.aspectj.weaver.loadtime.Aj  - 16:58:03.522 main - org.aspectj.weaver.loadtime.Aj.preProcess org.aspectj.weaver.loadtime.Aj@58027738 sun.misc.Launcher$AppClassLoader@302b2c81, org.springframework.test.jpa.OrmXmlOverridingShadowingClassLoader@2bbf1be2
4002 [main] DEBUG org.aspectj.weaver.tools.WeavingAdaptor  - 16:58:03.522 main &gt; org.aspectj.weaver.tools.WeavingAdaptor.weaveClass org.aspectj.weaver.loadtime.ClassLoaderWeavingAdaptor@10b090ac org/hibernate/jdbc/Expectation, byte[365]
4002 [main] DEBUG org.aspectj.weaver.tools.WeavingAdaptor  - 16:58:03.522 main &lt; org.aspectj.weaver.tools.WeavingAdaptor.weaveClass false
4002 [main] DEBUG org.aspectj.weaver.loadtime.Aj  - 16:58:03.522 main &lt; org.aspectj.weaver.loadtime.Aj.preProcess byte[365]
4003 [main] DEBUG org.aspectj.weaver.loadtime.Aj  - 16:58:03.523 main &gt; org.aspectj.weaver.loadtime.Aj.preProcess org.aspectj.weaver.loadtime.Aj@58027738 org/hibernate/transaction/JDBCTransaction, byte[7105], org.springframework.test.jpa.OrmXmlOverridingShadowingClassLoader@2bbf1be2
4003 [main] DEBUG org.aspectj.weaver.loadtime.Aj  - 16:58:03.523 main - org.aspectj.weaver.loadtime.Aj.preProcess org.aspectj.weaver.loadtime.Aj@58027738 sun.misc.Launcher$AppClassLoader@302b2c81, org.springframework.test.jpa.OrmXmlOverridingShadowingClassLoader@2bbf1be2
4003 [main] DEBUG org.aspectj.weaver.tools.WeavingAdaptor  - 16:58:03.523 main &gt; org.aspectj.weaver.tools.WeavingAdaptor.weaveClass org.aspectj.weaver.loadtime.ClassLoaderWeavingAdaptor@10b090ac org/hibernate/transaction/JDBCTransaction, byte[7105]
4003 [main] DEBUG org.aspectj.weaver.tools.WeavingAdaptor  - 16:58:03.523 main &lt; org.aspectj.weaver.tools.WeavingAdaptor.weaveClass false
4003 [main] DEBUG org.aspectj.weaver.loadtime.Aj  - 16:58:03.523 main &lt; org.aspectj.weaver.loadtime.Aj.preProcess byte[7105]
4004 [main] DEBUG org.aspectj.weaver.loadtime.Aj  - 16:58:03.524 main &gt; org.aspectj.weaver.loadtime.Aj.preProcess org.aspectj.weaver.loadtime.Aj@58027738 org/springframework/orm/jpa/vendor/HibernateJpaDialect$SessionTransactionData, byte[915], org.springframework.test.jpa.OrmXmlOverridingShadowingClassLoader@2bbf1be2
4004 [main] DEBUG org.aspectj.weaver.loadtime.Aj  - 16:58:03.524 main - org.aspectj.weaver.loadtime.Aj.preProcess org.aspectj.weaver.loadtime.Aj@58027738 sun.misc.Launcher$AppClassLoader@302b2c81, org.springframework.test.jpa.OrmXmlOverridingShadowingClassLoader@2bbf1be2
4004 [main] DEBUG org.aspectj.weaver.tools.WeavingAdaptor  - 16:58:03.524 main &gt; org.aspectj.weaver.tools.WeavingAdaptor.weaveClass org.aspectj.weaver.loadtime.ClassLoaderWeavingAdaptor@10b090ac org/springframework/orm/jpa/vendor/HibernateJpaDialect$SessionTransactionData, byte[915]
4004 [main] DEBUG org.aspectj.weaver.tools.WeavingAdaptor  - 16:58:03.524 main &lt; org.aspectj.weaver.tools.WeavingAdaptor.weaveClass false
4004 [main] DEBUG org.aspectj.weaver.loadtime.Aj  - 16:58:03.524 main &lt; org.aspectj.weaver.loadtime.Aj.preProcess byte[915]
4005 [main] DEBUG org.aspectj.weaver.loadtime.Aj  - 16:58:03.525 main &gt; org.aspectj.weaver.loadtime.Aj.preProcess org.aspectj.weaver.loadtime.Aj@58027738 org/hibernate/jdbc/BorrowedConnectionProxy, byte[3978], org.springframework.test.jpa.OrmXmlOverridingShadowingClassLoader@2bbf1be2
4005 [main] DEBUG org.aspectj.weaver.loadtime.Aj  - 16:58:03.525 main - org.aspectj.weaver.loadtime.Aj.preProcess org.aspectj.weaver.loadtime.Aj@58027738 sun.misc.Launcher$AppClassLoader@302b2c81, org.springframework.test.jpa.OrmXmlOverridingShadowingClassLoader@2bbf1be2
4005 [main] DEBUG org.aspectj.weaver.tools.WeavingAdaptor  - 16:58:03.525 main &gt; org.aspectj.weaver.tools.WeavingAdaptor.weaveClass org.aspectj.weaver.loadtime.ClassLoaderWeavingAdaptor@10b090ac org/hibernate/jdbc/BorrowedConnectionProxy, byte[3978]
4005 [main] DEBUG org.aspectj.weaver.tools.WeavingAdaptor  - 16:58:03.525 main &lt; org.aspectj.weaver.tools.WeavingAdaptor.weaveClass false
4005 [main] DEBUG org.aspectj.weaver.loadtime.Aj  - 16:58:03.525 main &lt; org.aspectj.weaver.loadtime.Aj.preProcess byte[3978]
4005 [main] DEBUG org.aspectj.weaver.loadtime.Aj  - 16:58:03.525 main &gt; org.aspectj.weaver.loadtime.Aj.preProcess org.aspectj.weaver.loadtime.Aj@58027738 org/hibernate/jdbc/ConnectionWrapper, byte[191], org.springframework.test.jpa.OrmXmlOverridingShadowingClassLoader@2bbf1be2
4005 [main] DEBUG org.aspectj.weaver.loadtime.Aj  - 16:58:03.525 main - org.aspectj.weaver.loadtime.Aj.preProcess org.aspectj.weaver.loadtime.Aj@58027738 sun.misc.Launcher$AppClassLoader@302b2c81, org.springframework.test.jpa.OrmXmlOverridingShadowingClassLoader@2bbf1be2
4005 [main] DEBUG org.aspectj.weaver.tools.WeavingAdaptor  - 16:58:03.525 main &gt; org.aspectj.weaver.tools.WeavingAdaptor.weaveClass org.aspectj.weaver.loadtime.ClassLoaderWeavingAdaptor@10b090ac org/hibernate/jdbc/ConnectionWrapper, byte[191]
4006 [main] DEBUG org.aspectj.weaver.tools.WeavingAdaptor  - 16:58:03.526 main &lt; org.aspectj.weaver.tools.WeavingAdaptor.weaveClass false
4006 [main] DEBUG org.aspectj.weaver.loadtime.Aj  - 16:58:03.526 main &lt; org.aspectj.weaver.loadtime.Aj.preProcess byte[191]
4009 [main] DEBUG org.aspectj.weaver.loadtime.Aj  - 16:58:03.529 main &gt; org.aspectj.weaver.loadtime.Aj.preProcess org.aspectj.weaver.loadtime.Aj@58027738 org/springframework/jdbc/datasource/SimpleConnectionHandle, byte[1175], org.springframework.test.jpa.OrmXmlOverridingShadowingClassLoader@2bbf1be2
4010 [main] DEBUG org.aspectj.weaver.loadtime.Aj  - 16:58:03.530 main - org.aspectj.weaver.loadtime.Aj.preProcess org.aspectj.weaver.loadtime.Aj@58027738 sun.misc.Launcher$AppClassLoader@302b2c81, org.springframework.test.jpa.OrmXmlOverridingShadowingClassLoader@2bbf1be2
4010 [main] DEBUG org.aspectj.weaver.tools.WeavingAdaptor  - 16:58:03.530 main &gt; org.aspectj.weaver.tools.WeavingAdaptor.weaveClass org.aspectj.weaver.loadtime.ClassLoaderWeavingAdaptor@10b090ac org/springframework/jdbc/datasource/SimpleConnectionHandle, byte[1175]
4010 [main] DEBUG org.aspectj.weaver.tools.WeavingAdaptor  - 16:58:03.530 main &lt; org.aspectj.weaver.tools.WeavingAdaptor.weaveClass false
4010 [main] DEBUG org.aspectj.weaver.loadtime.Aj  - 16:58:03.530 main &lt; org.aspectj.weaver.loadtime.Aj.preProcess byte[1175]
4010 [main] DEBUG org.aspectj.weaver.loadtime.Aj  - 16:58:03.530 main &gt; org.aspectj.weaver.loadtime.Aj.preProcess org.aspectj.weaver.loadtime.Aj@58027738 org/springframework/jdbc/datasource/ConnectionHolder, byte[3238], org.springframework.test.jpa.OrmXmlOverridingShadowingClassLoader@2bbf1be2
4010 [main] DEBUG org.aspectj.weaver.loadtime.Aj  - 16:58:03.530 main - org.aspectj.weaver.loadtime.Aj.preProcess org.aspectj.weaver.loadtime.Aj@58027738 sun.misc.Launcher$AppClassLoader@302b2c81, org.springframework.test.jpa.OrmXmlOverridingShadowingClassLoader@2bbf1be2
4010 [main] DEBUG org.aspectj.weaver.tools.WeavingAdaptor  - 16:58:03.530 main &gt; org.aspectj.weaver.tools.WeavingAdaptor.weaveClass org.aspectj.weaver.loadtime.ClassLoaderWeavingAdaptor@10b090ac org/springframework/jdbc/datasource/ConnectionHolder, byte[3238]
4010 [main] DEBUG org.aspectj.weaver.tools.WeavingAdaptor  - 16:58:03.530 main &lt; org.aspectj.weaver.tools.WeavingAdaptor.weaveClass false
4010 [main] DEBUG org.aspectj.weaver.loadtime.Aj  - 16:58:03.530 main &lt; org.aspectj.weaver.loadtime.Aj.preProcess byte[3238]
4011 [main] WARN  tudu.service.impl.ConfigurationManagerImpl  - Spring context is started : org.springframework.context.event.ContextRefreshedEvent[source=org.springframework.context.support.GenericApplicationContext@7066e9c0: display name [org.springframework.context.support.GenericApplicationContext@7066e9c0]; startup date [Tue Jan 31 16:57:59 IST 2017]; root of context hierarchy]
4011 [main] WARN  tudu.service.impl.ConfigurationManagerImpl  - Testing Database.
4011 [main] DEBUG org.aspectj.weaver.loadtime.Aj  - 16:58:03.531 main &gt; org.aspectj.weaver.loadtime.Aj.preProcess org.aspectj.weaver.loadtime.Aj@58027738 tudu/domain/RolesEnum, byte[954], org.springframework.test.jpa.OrmXmlOverridingShadowingClassLoader@2bbf1be2
4011 [main] DEBUG org.aspectj.weaver.loadtime.Aj  - 16:58:03.531 main - org.aspectj.weaver.loadtime.Aj.preProcess org.aspectj.weaver.loadtime.Aj@58027738 sun.misc.Launcher$AppClassLoader@302b2c81, org.springframework.test.jpa.OrmXmlOverridingShadowingClassLoader@2bbf1be2
4012 [main] DEBUG org.aspectj.weaver.tools.WeavingAdaptor  - 16:58:03.532 main &gt; org.aspectj.weaver.tools.WeavingAdaptor.weaveClass org.aspectj.weaver.loadtime.ClassLoaderWeavingAdaptor@10b090ac tudu/domain/RolesEnum, byte[954]
4012 [main] DEBUG org.aspectj.weaver.tools.WeavingAdaptor  - 16:58:03.532 main &lt; org.aspectj.weaver.tools.WeavingAdaptor.weaveClass false
4012 [main] DEBUG org.aspectj.weaver.loadtime.Aj  - 16:58:03.532 main &lt; org.aspectj.weaver.loadtime.Aj.preProcess byte[954]
4012 [main] DEBUG org.aspectj.weaver.loadtime.Aj  - 16:58:03.532 main &gt; org.aspectj.weaver.loadtime.Aj.preProcess org.aspectj.weaver.loadtime.Aj@58027738 org/springframework/orm/jpa/EntityManagerFactoryUtils, byte[8007], org.springframework.test.jpa.OrmXmlOverridingShadowingClassLoader@2bbf1be2
4012 [main] DEBUG org.aspectj.weaver.loadtime.Aj  - 16:58:03.532 main - org.aspectj.weaver.loadtime.Aj.preProcess org.aspectj.weaver.loadtime.Aj@58027738 sun.misc.Launcher$AppClassLoader@302b2c81, org.springframework.test.jpa.OrmXmlOverridingShadowingClassLoader@2bbf1be2
4012 [main] DEBUG org.aspectj.weaver.tools.WeavingAdaptor  - 16:58:03.532 main &gt; org.aspectj.weaver.tools.WeavingAdaptor.weaveClass org.aspectj.weaver.loadtime.ClassLoaderWeavingAdaptor@10b090ac org/springframework/orm/jpa/EntityManagerFactoryUtils, byte[8007]
4012 [main] DEBUG org.aspectj.weaver.tools.WeavingAdaptor  - 16:58:03.532 main &lt; org.aspectj.weaver.tools.WeavingAdaptor.weaveClass false
4012 [main] DEBUG org.aspectj.weaver.loadtime.Aj  - 16:58:03.532 main &lt; org.aspectj.weaver.loadtime.Aj.preProcess byte[8007]
4013 [main] DEBUG org.aspectj.weaver.loadtime.Aj  - 16:58:03.533 main &gt; org.aspectj.weaver.loadtime.Aj.preProcess org.aspectj.weaver.loadtime.Aj@58027738 org/springframework/dao/DataAccessResourceFailureException, byte[656], org.springframework.test.jpa.OrmXmlOverridingShadowingClassLoader@2bbf1be2
4013 [main] DEBUG org.aspectj.weaver.loadtime.Aj  - 16:58:03.533 main - org.aspectj.weaver.loadtime.Aj.preProcess org.aspectj.weaver.loadtime.Aj@58027738 sun.misc.Launcher$AppClassLoader@302b2c81, org.springframework.test.jpa.OrmXmlOverridingShadowingClassLoader@2bbf1be2
4013 [main] DEBUG org.aspectj.weaver.tools.WeavingAdaptor  - 16:58:03.533 main &gt; org.aspectj.weaver.tools.WeavingAdaptor.weaveClass org.aspectj.weaver.loadtime.ClassLoaderWeavingAdaptor@10b090ac org/springframework/dao/DataAccessResourceFailureException, byte[656]
4013 [main] DEBUG org.aspectj.weaver.tools.WeavingAdaptor  - 16:58:03.533 main &lt; org.aspectj.weaver.tools.WeavingAdaptor.weaveClass false
4013 [main] DEBUG org.aspectj.weaver.loadtime.Aj  - 16:58:03.533 main &lt; org.aspectj.weaver.loadtime.Aj.preProcess byte[656]
4013 [main] DEBUG org.aspectj.weaver.loadtime.Aj  - 16:58:03.533 main &gt; org.aspectj.weaver.loadtime.Aj.preProcess org.aspectj.weaver.loadtime.Aj@58027738 org/springframework/dao/NonTransientDataAccessResourceException, byte[663], org.springframework.test.jpa.OrmXmlOverridingShadowingClassLoader@2bbf1be2
4014 [main] DEBUG org.aspectj.weaver.loadtime.Aj  - 16:58:03.534 main - org.aspectj.weaver.loadtime.Aj.preProcess org.aspectj.weaver.loadtime.Aj@58027738 sun.misc.Launcher$AppClassLoader@302b2c81, org.springframework.test.jpa.OrmXmlOverridingShadowingClassLoader@2bbf1be2
4014 [main] DEBUG org.aspectj.weaver.tools.WeavingAdaptor  - 16:58:03.534 main &gt; org.aspectj.weaver.tools.WeavingAdaptor.weaveClass org.aspectj.weaver.loadtime.ClassLoaderWeavingAdaptor@10b090ac org/springframework/dao/NonTransientDataAccessResourceException, byte[663]
4014 [main] DEBUG org.aspectj.weaver.tools.WeavingAdaptor  - 16:58:03.534 main &lt; org.aspectj.weaver.tools.WeavingAdaptor.weaveClass false
4014 [main] DEBUG org.aspectj.weaver.loadtime.Aj  - 16:58:03.534 main &lt; org.aspectj.weaver.loadtime.Aj.preProcess byte[663]
4014 [main] DEBUG org.aspectj.weaver.loadtime.Aj  - 16:58:03.534 main &gt; org.aspectj.weaver.loadtime.Aj.preProcess org.aspectj.weaver.loadtime.Aj@58027738 org/springframework/transaction/support/TransactionSynchronization, byte[466], org.springframework.test.jpa.OrmXmlOverridingShadowingClassLoader@2bbf1be2
4014 [main] DEBUG org.aspectj.weaver.loadtime.Aj  - 16:58:03.534 main - org.aspectj.weaver.loadtime.Aj.preProcess org.aspectj.weaver.loadtime.Aj@58027738 sun.misc.Launcher$AppClassLoader@302b2c81, org.springframework.test.jpa.OrmXmlOverridingShadowingClassLoader@2bbf1be2
4014 [main] DEBUG org.aspectj.weaver.tools.WeavingAdaptor  - 16:58:03.534 main &gt; org.aspectj.weaver.tools.WeavingAdaptor.weaveClass org.aspectj.weaver.loadtime.ClassLoaderWeavingAdaptor@10b090ac org/springframework/transaction/support/TransactionSynchronization, byte[466]
4014 [main] DEBUG org.aspectj.weaver.tools.WeavingAdaptor  - 16:58:03.534 main &lt; org.aspectj.weaver.tools.WeavingAdaptor.weaveClass false
4014 [main] DEBUG org.aspectj.weaver.loadtime.Aj  - 16:58:03.534 main &lt; org.aspectj.weaver.loadtime.Aj.preProcess byte[466]
4015 [main] DEBUG org.aspectj.weaver.loadtime.Aj  - 16:58:03.535 main &gt; org.aspectj.weaver.loadtime.Aj.preProcess org.aspectj.weaver.loadtime.Aj@58027738 org/springframework/dao/InvalidDataAccessApiUsageException, byte[648], org.springframework.test.jpa.OrmXmlOverridingShadowingClassLoader@2bbf1be2
4015 [main] DEBUG org.aspectj.weaver.loadtime.Aj  - 16:58:03.535 main - org.aspectj.weaver.loadtime.Aj.preProcess org.aspectj.weaver.loadtime.Aj@58027738 sun.misc.Launcher$AppClassLoader@302b2c81, org.springframework.test.jpa.OrmXmlOverridingShadowingClassLoader@2bbf1be2
4015 [main] DEBUG org.aspectj.weaver.tools.WeavingAdaptor  - 16:58:03.535 main &gt; org.aspectj.weaver.tools.WeavingAdaptor.weaveClass org.aspectj.weaver.loadtime.ClassLoaderWeavingAdaptor@10b090ac org/springframework/dao/InvalidDataAccessApiUsageException, byte[648]
4015 [main] DEBUG org.aspectj.weaver.tools.WeavingAdaptor  - 16:58:03.535 main &lt; org.aspectj.weaver.tools.WeavingAdaptor.weaveClass false
4015 [main] DEBUG org.aspectj.weaver.loadtime.Aj  - 16:58:03.535 main &lt; org.aspectj.weaver.loadtime.Aj.preProcess byte[648]
4015 [main] DEBUG org.aspectj.weaver.loadtime.Aj  - 16:58:03.535 main &gt; org.aspectj.weaver.loadtime.Aj.preProcess org.aspectj.weaver.loadtime.Aj@58027738 org/springframework/orm/jpa/JpaObjectRetrievalFailureException, byte[673], org.springframework.test.jpa.OrmXmlOverridingShadowingClassLoader@2bbf1be2
4015 [main] DEBUG org.aspectj.weaver.loadtime.Aj  - 16:58:03.535 main - org.aspectj.weaver.loadtime.Aj.preProcess org.aspectj.weaver.loadtime.Aj@58027738 sun.misc.Launcher$AppClassLoader@302b2c81, org.springframework.test.jpa.OrmXmlOverridingShadowingClassLoader@2bbf1be2
4015 [main] DEBUG org.aspectj.weaver.tools.WeavingAdaptor  - 16:58:03.535 main &gt; org.aspectj.weaver.tools.WeavingAdaptor.weaveClass org.aspectj.weaver.loadtime.ClassLoaderWeavingAdaptor@10b090ac org/springframework/orm/jpa/JpaObjectRetrievalFailureException, byte[673]
4016 [main] DEBUG org.aspectj.weaver.tools.WeavingAdaptor  - 16:58:03.536 main &lt; org.aspectj.weaver.tools.WeavingAdaptor.weaveClass false
4016 [main] DEBUG org.aspectj.weaver.loadtime.Aj  - 16:58:03.536 main &lt; org.aspectj.weaver.loadtime.Aj.preProcess byte[673]
4016 [main] DEBUG org.aspectj.weaver.loadtime.Aj  - 16:58:03.536 main &gt; org.aspectj.weaver.loadtime.Aj.preProcess org.aspectj.weaver.loadtime.Aj@58027738 org/springframework/dao/EmptyResultDataAccessException, byte[629], org.springframework.test.jpa.OrmXmlOverridingShadowingClassLoader@2bbf1be2
4016 [main] DEBUG org.aspectj.weaver.loadtime.Aj  - 16:58:03.536 main - org.aspectj.weaver.loadtime.Aj.preProcess org.aspectj.weaver.loadtime.Aj@58027738 sun.misc.Launcher$AppClassLoader@302b2c81, org.springframework.test.jpa.OrmXmlOverridingShadowingClassLoader@2bbf1be2
4016 [main] DEBUG org.aspectj.weaver.tools.WeavingAdaptor  - 16:58:03.536 main &gt; org.aspectj.weaver.tools.WeavingAdaptor.weaveClass org.aspectj.weaver.loadtime.ClassLoaderWeavingAdaptor@10b090ac org/springframework/dao/EmptyResultDataAccessException, byte[629]
4016 [main] DEBUG org.aspectj.weaver.tools.WeavingAdaptor  - 16:58:03.536 main &lt; org.aspectj.weaver.tools.WeavingAdaptor.weaveClass false
4016 [main] DEBUG org.aspectj.weaver.loadtime.Aj  - 16:58:03.536 main &lt; org.aspectj.weaver.loadtime.Aj.preProcess byte[629]
4016 [main] DEBUG org.aspectj.weaver.loadtime.Aj  - 16:58:03.536 main &gt; org.aspectj.weaver.loadtime.Aj.preProcess org.aspectj.weaver.loadtime.Aj@58027738 org/springframework/dao/IncorrectResultSizeDataAccessException, byte[1412], org.springframework.test.jpa.OrmXmlOverridingShadowingClassLoader@2bbf1be2
4016 [main] DEBUG org.aspectj.weaver.loadtime.Aj  - 16:58:03.536 main - org.aspectj.weaver.loadtime.Aj.preProcess org.aspectj.weaver.loadtime.Aj@58027738 sun.misc.Launcher$AppClassLoader@302b2c81, org.springframework.test.jpa.OrmXmlOverridingShadowingClassLoader@2bbf1be2
4016 [main] DEBUG org.aspectj.weaver.tools.WeavingAdaptor  - 16:58:03.536 main &gt; org.aspectj.weaver.tools.WeavingAdaptor.weaveClass org.aspectj.weaver.loadtime.ClassLoaderWeavingAdaptor@10b090ac org/springframework/dao/IncorrectResultSizeDataAccessException, byte[1412]
4016 [main] DEBUG org.aspectj.weaver.tools.WeavingAdaptor  - 16:58:03.536 main &lt; org.aspectj.weaver.tools.WeavingAdaptor.weaveClass false
4017 [main] DEBUG org.aspectj.weaver.loadtime.Aj  - 16:58:03.537 main &lt; org.aspectj.weaver.loadtime.Aj.preProcess byte[1412]
4017 [main] DEBUG org.aspectj.weaver.loadtime.Aj  - 16:58:03.537 main &gt; org.aspectj.weaver.loadtime.Aj.preProcess org.aspectj.weaver.loadtime.Aj@58027738 org/springframework/orm/jpa/JpaOptimisticLockingFailureException, byte[687], org.springframework.test.jpa.OrmXmlOverridingShadowingClassLoader@2bbf1be2
4017 [main] DEBUG org.aspectj.weaver.loadtime.Aj  - 16:58:03.537 main - org.aspectj.weaver.loadtime.Aj.preProcess org.aspectj.weaver.loadtime.Aj@58027738 sun.misc.Launcher$AppClassLoader@302b2c81, org.springframework.test.jpa.OrmXmlOverridingShadowingClassLoader@2bbf1be2
4017 [main] DEBUG org.aspectj.weaver.tools.WeavingAdaptor  - 16:58:03.537 main &gt; org.aspectj.weaver.tools.WeavingAdaptor.weaveClass org.aspectj.weaver.loadtime.ClassLoaderWeavingAdaptor@10b090ac org/springframework/orm/jpa/JpaOptimisticLockingFailureException, byte[687]
4017 [main] DEBUG org.aspectj.weaver.tools.WeavingAdaptor  - 16:58:03.537 main &lt; org.aspectj.weaver.tools.WeavingAdaptor.weaveClass false
4017 [main] DEBUG org.aspectj.weaver.loadtime.Aj  - 16:58:03.537 main &lt; org.aspectj.weaver.loadtime.Aj.preProcess byte[687]
4017 [main] DEBUG org.aspectj.weaver.loadtime.Aj  - 16:58:03.537 main &gt; org.aspectj.weaver.loadtime.Aj.preProcess org.aspectj.weaver.loadtime.Aj@58027738 org/springframework/orm/ObjectOptimisticLockingFailureException, byte[2498], org.springframework.test.jpa.OrmXmlOverridingShadowingClassLoader@2bbf1be2
4018 [main] DEBUG org.aspectj.weaver.loadtime.Aj  - 16:58:03.538 main - org.aspectj.weaver.loadtime.Aj.preProcess org.aspectj.weaver.loadtime.Aj@58027738 sun.misc.Launcher$AppClassLoader@302b2c81, org.springframework.test.jpa.OrmXmlOverridingShadowingClassLoader@2bbf1be2
4018 [main] DEBUG org.aspectj.weaver.tools.WeavingAdaptor  - 16:58:03.538 main &gt; org.aspectj.weaver.tools.WeavingAdaptor.weaveClass org.aspectj.weaver.loadtime.ClassLoaderWeavingAdaptor@10b090ac org/springframework/orm/ObjectOptimisticLockingFailureException, byte[2498]
4018 [main] DEBUG org.aspectj.weaver.tools.WeavingAdaptor  - 16:58:03.538 main &lt; org.aspectj.weaver.tools.WeavingAdaptor.weaveClass false
4018 [main] DEBUG org.aspectj.weaver.loadtime.Aj  - 16:58:03.538 main &lt; org.aspectj.weaver.loadtime.Aj.preProcess byte[2498]
4018 [main] DEBUG org.aspectj.weaver.loadtime.Aj  - 16:58:03.538 main &gt; org.aspectj.weaver.loadtime.Aj.preProcess org.aspectj.weaver.loadtime.Aj@58027738 org/springframework/dao/OptimisticLockingFailureException, byte[641], org.springframework.test.jpa.OrmXmlOverridingShadowingClassLoader@2bbf1be2
4018 [main] DEBUG org.aspectj.weaver.loadtime.Aj  - 16:58:03.538 main - org.aspectj.weaver.loadtime.Aj.preProcess org.aspectj.weaver.loadtime.Aj@58027738 sun.misc.Launcher$AppClassLoader@302b2c81, org.springframework.test.jpa.OrmXmlOverridingShadowingClassLoader@2bbf1be2
4018 [main] DEBUG org.aspectj.weaver.tools.WeavingAdaptor  - 16:58:03.538 main &gt; org.aspectj.weaver.tools.WeavingAdaptor.weaveClass org.aspectj.weaver.loadtime.ClassLoaderWeavingAdaptor@10b090ac org/springframework/dao/OptimisticLockingFailureException, byte[641]
4018 [main] DEBUG org.aspectj.weaver.tools.WeavingAdaptor  - 16:58:03.538 main &lt; org.aspectj.weaver.tools.WeavingAdaptor.weaveClass false
4018 [main] DEBUG org.aspectj.weaver.loadtime.Aj  - 16:58:03.538 main &lt; org.aspectj.weaver.loadtime.Aj.preProcess byte[641]
4018 [main] DEBUG org.aspectj.weaver.loadtime.Aj  - 16:58:03.538 main &gt; org.aspectj.weaver.loadtime.Aj.preProcess org.aspectj.weaver.loadtime.Aj@58027738 org/springframework/dao/ConcurrencyFailureException, byte[624], org.springframework.test.jpa.OrmXmlOverridingShadowingClassLoader@2bbf1be2
4018 [main] DEBUG org.aspectj.weaver.loadtime.Aj  - 16:58:03.538 main - org.aspectj.weaver.loadtime.Aj.preProcess org.aspectj.weaver.loadtime.Aj@58027738 sun.misc.Launcher$AppClassLoader@302b2c81, org.springframework.test.jpa.OrmXmlOverridingShadowingClassLoader@2bbf1be2
4018 [main] DEBUG org.aspectj.weaver.tools.WeavingAdaptor  - 16:58:03.538 main &gt; org.aspectj.weaver.tools.WeavingAdaptor.weaveClass org.aspectj.weaver.loadtime.ClassLoaderWeavingAdaptor@10b090ac org/springframework/dao/ConcurrencyFailureException, byte[624]
4019 [main] DEBUG org.aspectj.weaver.tools.WeavingAdaptor  - 16:58:03.538 main &lt; org.aspectj.weaver.tools.WeavingAdaptor.weaveClass false
4019 [main] DEBUG org.aspectj.weaver.loadtime.Aj  - 16:58:03.539 main &lt; org.aspectj.weaver.loadtime.Aj.preProcess byte[624]
4019 [main] DEBUG org.aspectj.weaver.loadtime.Aj  - 16:58:03.539 main &gt; org.aspectj.weaver.loadtime.Aj.preProcess org.aspectj.weaver.loadtime.Aj@58027738 org/springframework/dao/TransientDataAccessException, byte[618], org.springframework.test.jpa.OrmXmlOverridingShadowingClassLoader@2bbf1be2
4019 [main] DEBUG org.aspectj.weaver.loadtime.Aj  - 16:58:03.539 main - org.aspectj.weaver.loadtime.Aj.preProcess org.aspectj.weaver.loadtime.Aj@58027738 sun.misc.Launcher$AppClassLoader@302b2c81, org.springframework.test.jpa.OrmXmlOverridingShadowingClassLoader@2bbf1be2
4019 [main] DEBUG org.aspectj.weaver.tools.WeavingAdaptor  - 16:58:03.539 main &gt; org.aspectj.weaver.tools.WeavingAdaptor.weaveClass org.aspectj.weaver.loadtime.ClassLoaderWeavingAdaptor@10b090ac org/springframework/dao/TransientDataAccessException, byte[618]
4019 [main] DEBUG org.aspectj.weaver.tools.WeavingAdaptor  - 16:58:03.539 main &lt; org.aspectj.weaver.tools.WeavingAdaptor.weaveClass false
4019 [main] DEBUG org.aspectj.weaver.loadtime.Aj  - 16:58:03.539 main &lt; org.aspectj.weaver.loadtime.Aj.preProcess byte[618]
4019 [main] DEBUG org.aspectj.weaver.loadtime.Aj  - 16:58:03.539 main &gt; org.aspectj.weaver.loadtime.Aj.preProcess org.aspectj.weaver.loadtime.Aj@58027738 org/springframework/dao/DataIntegrityViolationException, byte[639], org.springframework.test.jpa.OrmXmlOverridingShadowingClassLoader@2bbf1be2
4019 [main] DEBUG org.aspectj.weaver.loadtime.Aj  - 16:58:03.539 main - org.aspectj.weaver.loadtime.Aj.preProcess org.aspectj.weaver.loadtime.Aj@58027738 sun.misc.Launcher$AppClassLoader@302b2c81, org.springframework.test.jpa.OrmXmlOverridingShadowingClassLoader@2bbf1be2
4019 [main] DEBUG org.aspectj.weaver.tools.WeavingAdaptor  - 16:58:03.539 main &gt; org.aspectj.weaver.tools.WeavingAdaptor.weaveClass org.aspectj.weaver.loadtime.ClassLoaderWeavingAdaptor@10b090ac org/springframework/dao/DataIntegrityViolationException, byte[639]
4019 [main] DEBUG org.aspectj.weaver.tools.WeavingAdaptor  - 16:58:03.539 main &lt; org.aspectj.weaver.tools.WeavingAdaptor.weaveClass false
4019 [main] DEBUG org.aspectj.weaver.loadtime.Aj  - 16:58:03.539 main &lt; org.aspectj.weaver.loadtime.Aj.preProcess byte[639]
4020 [main] DEBUG org.aspectj.weaver.loadtime.Aj  - 16:58:03.540 main &gt; org.aspectj.weaver.loadtime.Aj.preProcess org.aspectj.weaver.loadtime.Aj@58027738 org/springframework/orm/jpa/JpaSystemException, byte[617], org.springframework.test.jpa.OrmXmlOverridingShadowingClassLoader@2bbf1be2
4020 [main] DEBUG org.aspectj.weaver.loadtime.Aj  - 16:58:03.540 main - org.aspectj.weaver.loadtime.Aj.preProcess org.aspectj.weaver.loadtime.Aj@58027738 sun.misc.Launcher$AppClassLoader@302b2c81, org.springframework.test.jpa.OrmXmlOverridingShadowingClassLoader@2bbf1be2
4020 [main] DEBUG org.aspectj.weaver.tools.WeavingAdaptor  - 16:58:03.540 main &gt; org.aspectj.weaver.tools.WeavingAdaptor.weaveClass org.aspectj.weaver.loadtime.ClassLoaderWeavingAdaptor@10b090ac org/springframework/orm/jpa/JpaSystemException, byte[617]
4020 [main] DEBUG org.aspectj.weaver.tools.WeavingAdaptor  - 16:58:03.540 main &lt; org.aspectj.weaver.tools.WeavingAdaptor.weaveClass false
4020 [main] DEBUG org.aspectj.weaver.loadtime.Aj  - 16:58:03.540 main &lt; org.aspectj.weaver.loadtime.Aj.preProcess byte[617]
4020 [main] DEBUG org.aspectj.weaver.loadtime.Aj  - 16:58:03.540 main &gt; org.aspectj.weaver.loadtime.Aj.preProcess org.aspectj.weaver.loadtime.Aj@58027738 org/springframework/dao/UncategorizedDataAccessException, byte[532], org.springframework.test.jpa.OrmXmlOverridingShadowingClassLoader@2bbf1be2
4020 [main] DEBUG org.aspectj.weaver.loadtime.Aj  - 16:58:03.540 main - org.aspectj.weaver.loadtime.Aj.preProcess org.aspectj.weaver.loadtime.Aj@58027738 sun.misc.Launcher$AppClassLoader@302b2c81, org.springframework.test.jpa.OrmXmlOverridingShadowingClassLoader@2bbf1be2
4020 [main] DEBUG org.aspectj.weaver.tools.WeavingAdaptor  - 16:58:03.540 main &gt; org.aspectj.weaver.tools.WeavingAdaptor.weaveClass org.aspectj.weaver.loadtime.ClassLoaderWeavingAdaptor@10b090ac org/springframework/dao/UncategorizedDataAccessException, byte[532]
4020 [main] DEBUG org.aspectj.weaver.tools.WeavingAdaptor  - 16:58:03.540 main &lt; org.aspectj.weaver.tools.WeavingAdaptor.weaveClass false
4020 [main] DEBUG org.aspectj.weaver.loadtime.Aj  - 16:58:03.540 main &lt; org.aspectj.weaver.loadtime.Aj.preProcess byte[532]
4021 [main] DEBUG org.aspectj.weaver.loadtime.Aj  - 16:58:03.541 main &gt; org.aspectj.weaver.loadtime.Aj.preProcess org.aspectj.weaver.loadtime.Aj@58027738 org/hibernate/event/LoadEvent, byte[2988], org.springframework.test.jpa.OrmXmlOverridingShadowingClassLoader@2bbf1be2
4021 [main] DEBUG org.aspectj.weaver.loadtime.Aj  - 16:58:03.541 main - org.aspectj.weaver.loadtime.Aj.preProcess org.aspectj.weaver.loadtime.Aj@58027738 sun.misc.Launcher$AppClassLoader@302b2c81, org.springframework.test.jpa.OrmXmlOverridingShadowingClassLoader@2bbf1be2
4021 [main] DEBUG org.aspectj.weaver.tools.WeavingAdaptor  - 16:58:03.541 main &gt; org.aspectj.weaver.tools.WeavingAdaptor.weaveClass org.aspectj.weaver.loadtime.ClassLoaderWeavingAdaptor@10b090ac org/hibernate/event/LoadEvent, byte[2988]
4021 [main] DEBUG org.aspectj.weaver.tools.WeavingAdaptor  - 16:58:03.541 main &lt; org.aspectj.weaver.tools.WeavingAdaptor.weaveClass false
4021 [main] DEBUG org.aspectj.weaver.loadtime.Aj  - 16:58:03.541 main &lt; org.aspectj.weaver.loadtime.Aj.preProcess byte[2988]
4022 [main] DEBUG org.aspectj.weaver.loadtime.Aj  - 16:58:03.542 main &gt; org.aspectj.weaver.loadtime.Aj.preProcess org.aspectj.weaver.loadtime.Aj@58027738 org/hibernate/engine/EntityKey, byte[4440], org.springframework.test.jpa.OrmXmlOverridingShadowingClassLoader@2bbf1be2
4022 [main] DEBUG org.aspectj.weaver.loadtime.Aj  - 16:58:03.542 main - org.aspectj.weaver.loadtime.Aj.preProcess org.aspectj.weaver.loadtime.Aj@58027738 sun.misc.Launcher$AppClassLoader@302b2c81, org.springframework.test.jpa.OrmXmlOverridingShadowingClassLoader@2bbf1be2
4022 [main] DEBUG org.aspectj.weaver.tools.WeavingAdaptor  - 16:58:03.542 main &gt; org.aspectj.weaver.tools.WeavingAdaptor.weaveClass org.aspectj.weaver.loadtime.ClassLoaderWeavingAdaptor@10b090ac org/hibernate/engine/EntityKey, byte[4440]
4022 [main] DEBUG org.aspectj.weaver.tools.WeavingAdaptor  - 16:58:03.542 main &lt; org.aspectj.weaver.tools.WeavingAdaptor.weaveClass false
4022 [main] DEBUG org.aspectj.weaver.loadtime.Aj  - 16:58:03.542 main &lt; org.aspectj.weaver.loadtime.Aj.preProcess byte[4440]
4022 [main] DEBUG org.aspectj.weaver.loadtime.Aj  - 16:58:03.542 main &gt; org.aspectj.weaver.loadtime.Aj.preProcess org.aspectj.weaver.loadtime.Aj@58027738 org/hibernate/cache/CacheKey, byte[1900], org.springframework.test.jpa.OrmXmlOverridingShadowingClassLoader@2bbf1be2
4023 [main] DEBUG org.aspectj.weaver.loadtime.Aj  - 16:58:03.543 main - org.aspectj.weaver.loadtime.Aj.preProcess org.aspectj.weaver.loadtime.Aj@58027738 sun.misc.Launcher$AppClassLoader@302b2c81, org.springframework.test.jpa.OrmXmlOverridingShadowingClassLoader@2bbf1be2
4023 [main] DEBUG org.aspectj.weaver.tools.WeavingAdaptor  - 16:58:03.543 main &gt; org.aspectj.weaver.tools.WeavingAdaptor.weaveClass org.aspectj.weaver.loadtime.ClassLoaderWeavingAdaptor@10b090ac org/hibernate/cache/CacheKey, byte[1900]
4023 [main] DEBUG org.aspectj.weaver.tools.WeavingAdaptor  - 16:58:03.543 main &lt; org.aspectj.weaver.tools.WeavingAdaptor.weaveClass false
4023 [main] DEBUG org.aspectj.weaver.loadtime.Aj  - 16:58:03.543 main &lt; org.aspectj.weaver.loadtime.Aj.preProcess byte[1900]
4023 [main] DEBUG org.aspectj.weaver.loadtime.Aj  - 16:58:03.543 main &gt; org.aspectj.weaver.loadtime.Aj.preProcess org.aspectj.weaver.loadtime.Aj@58027738 org/hibernate/engine/QueryParameters, byte[13024], org.springframework.test.jpa.OrmXmlOverridingShadowingClassLoader@2bbf1be2
4023 [main] DEBUG org.aspectj.weaver.loadtime.Aj  - 16:58:03.543 main - org.aspectj.weaver.loadtime.Aj.preProcess org.aspectj.weaver.loadtime.Aj@58027738 sun.misc.Launcher$AppClassLoader@302b2c81, org.springframework.test.jpa.OrmXmlOverridingShadowingClassLoader@2bbf1be2
4024 [main] DEBUG org.aspectj.weaver.tools.WeavingAdaptor  - 16:58:03.544 main &gt; org.aspectj.weaver.tools.WeavingAdaptor.weaveClass org.aspectj.weaver.loadtime.ClassLoaderWeavingAdaptor@10b090ac org/hibernate/engine/QueryParameters, byte[13024]
4024 [main] DEBUG org.aspectj.weaver.tools.WeavingAdaptor  - 16:58:03.544 main &lt; org.aspectj.weaver.tools.WeavingAdaptor.weaveClass false
4024 [main] DEBUG org.aspectj.weaver.loadtime.Aj  - 16:58:03.544 main &lt; org.aspectj.weaver.loadtime.Aj.preProcess byte[13024]
4025 [main] DEBUG org.aspectj.weaver.loadtime.Aj  - 16:58:03.545 main &gt; org.aspectj.weaver.loadtime.Aj.preProcess org.aspectj.weaver.loadtime.Aj@58027738 org/hibernate/ScrollMode, byte[1432], org.springframework.test.jpa.OrmXmlOverridingShadowingClassLoader@2bbf1be2
4025 [main] DEBUG org.aspectj.weaver.loadtime.Aj  - 16:58:03.545 main - org.aspectj.weaver.loadtime.Aj.preProcess org.aspectj.weaver.loadtime.Aj@58027738 sun.misc.Launcher$AppClassLoader@302b2c81, org.springframework.test.jpa.OrmXmlOverridingShadowingClassLoader@2bbf1be2
4025 [main] DEBUG org.aspectj.weaver.tools.WeavingAdaptor  - 16:58:03.545 main &gt; org.aspectj.weaver.tools.WeavingAdaptor.weaveClass org.aspectj.weaver.loadtime.ClassLoaderWeavingAdaptor@10b090ac org/hibernate/ScrollMode, byte[1432]
4025 [main] DEBUG org.aspectj.weaver.tools.WeavingAdaptor  - 16:58:03.545 main &lt; org.aspectj.weaver.tools.WeavingAdaptor.weaveClass false
4025 [main] DEBUG org.aspectj.weaver.loadtime.Aj  - 16:58:03.545 main &lt; org.aspectj.weaver.loadtime.Aj.preProcess byte[1432]
Hibernate: select role0_.role as role1_0_ from role role0_ where role0_.role=?
4027 [main] DEBUG org.aspectj.weaver.loadtime.Aj  - 16:58:03.546 main &gt; org.aspectj.weaver.loadtime.Aj.preProcess org.aspectj.weaver.loadtime.Aj@58027738 org/apache/commons/dbcp/DelegatingPreparedStatement, byte[8265], org.springframework.test.jpa.OrmXmlOverridingShadowingClassLoader@2bbf1be2
4027 [main] DEBUG org.aspectj.weaver.loadtime.Aj  - 16:58:03.547 main - org.aspectj.weaver.loadtime.Aj.preProcess org.aspectj.weaver.loadtime.Aj@58027738 sun.misc.Launcher$AppClassLoader@302b2c81, org.springframework.test.jpa.OrmXmlOverridingShadowingClassLoader@2bbf1be2
4027 [main] DEBUG org.aspectj.weaver.tools.WeavingAdaptor  - 16:58:03.547 main &gt; org.aspectj.weaver.tools.WeavingAdaptor.weaveClass org.aspectj.weaver.loadtime.ClassLoaderWeavingAdaptor@10b090ac org/apache/commons/dbcp/DelegatingPreparedStatement, byte[8265]
4027 [main] DEBUG org.aspectj.weaver.tools.WeavingAdaptor  - 16:58:03.547 main &lt; org.aspectj.weaver.tools.WeavingAdaptor.weaveClass false
4027 [main] DEBUG org.aspectj.weaver.loadtime.Aj  - 16:58:03.547 main &lt; org.aspectj.weaver.loadtime.Aj.preProcess byte[8265]
4028 [main] DEBUG org.aspectj.weaver.loadtime.Aj  - 16:58:03.548 main &gt; org.aspectj.weaver.loadtime.Aj.preProcess org.aspectj.weaver.loadtime.Aj@58027738 org/apache/commons/dbcp/PoolingConnection$PStmtKey, byte[2905], org.springframework.test.jpa.OrmXmlOverridingShadowingClassLoader@2bbf1be2
4028 [main] DEBUG org.aspectj.weaver.loadtime.Aj  - 16:58:03.548 main - org.aspectj.weaver.loadtime.Aj.preProcess org.aspectj.weaver.loadtime.Aj@58027738 sun.misc.Launcher$AppClassLoader@302b2c81, org.springframework.test.jpa.OrmXmlOverridingShadowingClassLoader@2bbf1be2
4028 [main] DEBUG org.aspectj.weaver.tools.WeavingAdaptor  - 16:58:03.548 main &gt; org.aspectj.weaver.tools.WeavingAdaptor.weaveClass org.aspectj.weaver.loadtime.ClassLoaderWeavingAdaptor@10b090ac org/apache/commons/dbcp/PoolingConnection$PStmtKey, byte[2905]
4028 [main] DEBUG org.aspectj.weaver.tools.WeavingAdaptor  - 16:58:03.548 main &lt; org.aspectj.weaver.tools.WeavingAdaptor.weaveClass false
4028 [main] DEBUG org.aspectj.weaver.loadtime.Aj  - 16:58:03.548 main &lt; org.aspectj.weaver.loadtime.Aj.preProcess byte[2905]
4028 [main] DEBUG org.aspectj.weaver.loadtime.Aj  - 16:58:03.548 main &gt; org.aspectj.weaver.loadtime.Aj.preProcess org.aspectj.weaver.loadtime.Aj@58027738 org/apache/commons/dbcp/PoolablePreparedStatement, byte[2556], org.springframework.test.jpa.OrmXmlOverridingShadowingClassLoader@2bbf1be2
4028 [main] DEBUG org.aspectj.weaver.loadtime.Aj  - 16:58:03.548 main - org.aspectj.weaver.loadtime.Aj.preProcess org.aspectj.weaver.loadtime.Aj@58027738 sun.misc.Launcher$AppClassLoader@302b2c81, org.springframework.test.jpa.OrmXmlOverridingShadowingClassLoader@2bbf1be2
4028 [main] DEBUG org.aspectj.weaver.tools.WeavingAdaptor  - 16:58:03.548 main &gt; org.aspectj.weaver.tools.WeavingAdaptor.weaveClass org.aspectj.weaver.loadtime.ClassLoaderWeavingAdaptor@10b090ac org/apache/commons/dbcp/PoolablePreparedStatement, byte[2556]
4029 [main] DEBUG org.aspectj.weaver.tools.WeavingAdaptor  - 16:58:03.549 main &lt; org.aspectj.weaver.tools.WeavingAdaptor.weaveClass false
4029 [main] DEBUG org.aspectj.weaver.loadtime.Aj  - 16:58:03.549 main &lt; org.aspectj.weaver.loadtime.Aj.preProcess byte[2556]
4030 [main] DEBUG org.aspectj.weaver.loadtime.Aj  - 16:58:03.550 main &gt; org.aspectj.weaver.loadtime.Aj.preProcess org.aspectj.weaver.loadtime.Aj@58027738 org/hsqldb/jdbc/jdbcPreparedStatement, byte[11978], org.springframework.test.jpa.OrmXmlOverridingShadowingClassLoader@2bbf1be2
4030 [main] DEBUG org.aspectj.weaver.loadtime.Aj  - 16:58:03.550 main - org.aspectj.weaver.loadtime.Aj.preProcess org.aspectj.weaver.loadtime.Aj@58027738 sun.misc.Launcher$AppClassLoader@302b2c81, org.springframework.test.jpa.OrmXmlOverridingShadowingClassLoader@2bbf1be2
4030 [main] DEBUG org.aspectj.weaver.tools.WeavingAdaptor  - 16:58:03.550 main &gt; org.aspectj.weaver.tools.WeavingAdaptor.weaveClass org.aspectj.weaver.loadtime.ClassLoaderWeavingAdaptor@10b090ac org/hsqldb/jdbc/jdbcPreparedStatement, byte[11978]
4030 [main] DEBUG org.aspectj.weaver.tools.WeavingAdaptor  - 16:58:03.550 main &lt; org.aspectj.weaver.tools.WeavingAdaptor.weaveClass false
4030 [main] DEBUG org.aspectj.weaver.loadtime.Aj  - 16:58:03.550 main &lt; org.aspectj.weaver.loadtime.Aj.preProcess byte[11978]
4031 [main] DEBUG org.aspectj.weaver.loadtime.Aj  - 16:58:03.551 main &gt; org.aspectj.weaver.loadtime.Aj.preProcess org.aspectj.weaver.loadtime.Aj@58027738 org/hsqldb/types/JavaObject, byte[880], org.springframework.test.jpa.OrmXmlOverridingShadowingClassLoader@2bbf1be2
4031 [main] DEBUG org.aspectj.weaver.loadtime.Aj  - 16:58:03.551 main - org.aspectj.weaver.loadtime.Aj.preProcess org.aspectj.weaver.loadtime.Aj@58027738 sun.misc.Launcher$AppClassLoader@302b2c81, org.springframework.test.jpa.OrmXmlOverridingShadowingClassLoader@2bbf1be2
4031 [main] DEBUG org.aspectj.weaver.tools.WeavingAdaptor  - 16:58:03.551 main &gt; org.aspectj.weaver.tools.WeavingAdaptor.weaveClass org.aspectj.weaver.loadtime.ClassLoaderWeavingAdaptor@10b090ac org/hsqldb/types/JavaObject, byte[880]
4031 [main] DEBUG org.aspectj.weaver.tools.WeavingAdaptor  - 16:58:03.551 main &lt; org.aspectj.weaver.tools.WeavingAdaptor.weaveClass false
4031 [main] DEBUG org.aspectj.weaver.loadtime.Aj  - 16:58:03.551 main &lt; org.aspectj.weaver.loadtime.Aj.preProcess byte[880]
4032 [main] DEBUG org.aspectj.weaver.loadtime.Aj  - 16:58:03.552 main &gt; org.aspectj.weaver.loadtime.Aj.preProcess org.aspectj.weaver.loadtime.Aj@58027738 org/hibernate/event/PreLoadEvent, byte[1671], org.springframework.test.jpa.OrmXmlOverridingShadowingClassLoader@2bbf1be2
4032 [main] DEBUG org.aspectj.weaver.loadtime.Aj  - 16:58:03.552 main - org.aspectj.weaver.loadtime.Aj.preProcess org.aspectj.weaver.loadtime.Aj@58027738 sun.misc.Launcher$AppClassLoader@302b2c81, org.springframework.test.jpa.OrmXmlOverridingShadowingClassLoader@2bbf1be2
4032 [main] DEBUG org.aspectj.weaver.tools.WeavingAdaptor  - 16:58:03.552 main &gt; org.aspectj.weaver.tools.WeavingAdaptor.weaveClass org.aspectj.weaver.loadtime.ClassLoaderWeavingAdaptor@10b090ac org/hibernate/event/PreLoadEvent, byte[1671]
4033 [main] DEBUG org.aspectj.weaver.tools.WeavingAdaptor  - 16:58:03.553 main &lt; org.aspectj.weaver.tools.WeavingAdaptor.weaveClass false
4033 [main] DEBUG org.aspectj.weaver.loadtime.Aj  - 16:58:03.553 main &lt; org.aspectj.weaver.loadtime.Aj.preProcess byte[1671]
4033 [main] DEBUG org.aspectj.weaver.loadtime.Aj  - 16:58:03.553 main &gt; org.aspectj.weaver.loadtime.Aj.preProcess org.aspectj.weaver.loadtime.Aj@58027738 org/hibernate/event/PostLoadEvent, byte[1387], org.springframework.test.jpa.OrmXmlOverridingShadowingClassLoader@2bbf1be2
4033 [main] DEBUG org.aspectj.weaver.loadtime.Aj  - 16:58:03.553 main - org.aspectj.weaver.loadtime.Aj.preProcess org.aspectj.weaver.loadtime.Aj@58027738 sun.misc.Launcher$AppClassLoader@302b2c81, org.springframework.test.jpa.OrmXmlOverridingShadowingClassLoader@2bbf1be2
4033 [main] DEBUG org.aspectj.weaver.tools.WeavingAdaptor  - 16:58:03.553 main &gt; org.aspectj.weaver.tools.WeavingAdaptor.weaveClass org.aspectj.weaver.loadtime.ClassLoaderWeavingAdaptor@10b090ac org/hibernate/event/PostLoadEvent, byte[1387]
4033 [main] DEBUG org.aspectj.weaver.tools.WeavingAdaptor  - 16:58:03.553 main &lt; org.aspectj.weaver.tools.WeavingAdaptor.weaveClass false
4033 [main] DEBUG org.aspectj.weaver.loadtime.Aj  - 16:58:03.553 main &lt; org.aspectj.weaver.loadtime.Aj.preProcess byte[1387]
4034 [main] DEBUG org.aspectj.weaver.loadtime.Aj  - 16:58:03.554 main &gt; org.aspectj.weaver.loadtime.Aj.preProcess org.aspectj.weaver.loadtime.Aj@58027738 org/springframework/dao/support/DataAccessUtils, byte[4479], org.springframework.test.jpa.OrmXmlOverridingShadowingClassLoader@2bbf1be2
4034 [main] DEBUG org.aspectj.weaver.loadtime.Aj  - 16:58:03.554 main - org.aspectj.weaver.loadtime.Aj.preProcess org.aspectj.weaver.loadtime.Aj@58027738 sun.misc.Launcher$AppClassLoader@302b2c81, org.springframework.test.jpa.OrmXmlOverridingShadowingClassLoader@2bbf1be2
4034 [main] DEBUG org.aspectj.weaver.tools.WeavingAdaptor  - 16:58:03.554 main &gt; org.aspectj.weaver.tools.WeavingAdaptor.weaveClass org.aspectj.weaver.loadtime.ClassLoaderWeavingAdaptor@10b090ac org/springframework/dao/support/DataAccessUtils, byte[4479]
4034 [main] DEBUG org.aspectj.weaver.tools.WeavingAdaptor  - 16:58:03.554 main &lt; org.aspectj.weaver.tools.WeavingAdaptor.weaveClass false
4034 [main] DEBUG org.aspectj.weaver.loadtime.Aj  - 16:58:03.554 main &lt; org.aspectj.weaver.loadtime.Aj.preProcess byte[4479]
4035 [main] DEBUG org.aspectj.weaver.loadtime.Aj  - 16:58:03.555 main &gt; org.aspectj.weaver.loadtime.Aj.preProcess org.aspectj.weaver.loadtime.Aj@58027738 org/springframework/dao/TypeMismatchDataAccessException, byte[647], org.springframework.test.jpa.OrmXmlOverridingShadowingClassLoader@2bbf1be2
4035 [main] DEBUG org.aspectj.weaver.loadtime.Aj  - 16:58:03.555 main - org.aspectj.weaver.loadtime.Aj.preProcess org.aspectj.weaver.loadtime.Aj@58027738 sun.misc.Launcher$AppClassLoader@302b2c81, org.springframework.test.jpa.OrmXmlOverridingShadowingClassLoader@2bbf1be2
4035 [main] DEBUG org.aspectj.weaver.tools.WeavingAdaptor  - 16:58:03.555 main &gt; org.aspectj.weaver.tools.WeavingAdaptor.weaveClass org.aspectj.weaver.loadtime.ClassLoaderWeavingAdaptor@10b090ac org/springframework/dao/TypeMismatchDataAccessException, byte[647]
4035 [main] DEBUG org.aspectj.weaver.tools.WeavingAdaptor  - 16:58:03.555 main &lt; org.aspectj.weaver.tools.WeavingAdaptor.weaveClass false
4035 [main] DEBUG org.aspectj.weaver.loadtime.Aj  - 16:58:03.555 main &lt; org.aspectj.weaver.loadtime.Aj.preProcess byte[647]
4035 [main] DEBUG org.aspectj.weaver.loadtime.Aj  - 16:58:03.555 main &gt; org.aspectj.weaver.loadtime.Aj.preProcess org.aspectj.weaver.loadtime.Aj@58027738 org/springframework/dao/InvalidDataAccessResourceUsageException, byte[663], org.springframework.test.jpa.OrmXmlOverridingShadowingClassLoader@2bbf1be2
4035 [main] DEBUG org.aspectj.weaver.loadtime.Aj  - 16:58:03.555 main - org.aspectj.weaver.loadtime.Aj.preProcess org.aspectj.weaver.loadtime.Aj@58027738 sun.misc.Launcher$AppClassLoader@302b2c81, org.springframework.test.jpa.OrmXmlOverridingShadowingClassLoader@2bbf1be2
4035 [main] DEBUG org.aspectj.weaver.tools.WeavingAdaptor  - 16:58:03.555 main &gt; org.aspectj.weaver.tools.WeavingAdaptor.weaveClass org.aspectj.weaver.loadtime.ClassLoaderWeavingAdaptor@10b090ac org/springframework/dao/InvalidDataAccessResourceUsageException, byte[663]
4035 [main] DEBUG org.aspectj.weaver.tools.WeavingAdaptor  - 16:58:03.555 main &lt; org.aspectj.weaver.tools.WeavingAdaptor.weaveClass false
4035 [main] DEBUG org.aspectj.weaver.loadtime.Aj  - 16:58:03.555 main &lt; org.aspectj.weaver.loadtime.Aj.preProcess byte[663]
4036 [main] WARN  tudu.service.impl.ConfigurationManagerImpl  - Database is empty : populating with default values.
4036 [main] WARN  tudu.service.impl.ConfigurationManagerImpl  - Populating HSQLDB database.
4036 [main] DEBUG org.aspectj.weaver.loadtime.Aj  - 16:58:03.556 main &gt; org.aspectj.weaver.loadtime.Aj.preProcess org.aspectj.weaver.loadtime.Aj@58027738 org/hibernate/event/PersistEvent, byte[1338], org.springframework.test.jpa.OrmXmlOverridingShadowingClassLoader@2bbf1be2
4036 [main] DEBUG org.aspectj.weaver.loadtime.Aj  - 16:58:03.556 main - org.aspectj.weaver.loadtime.Aj.preProcess org.aspectj.weaver.loadtime.Aj@58027738 sun.misc.Launcher$AppClassLoader@302b2c81, org.springframework.test.jpa.OrmXmlOverridingShadowingClassLoader@2bbf1be2
4036 [main] DEBUG org.aspectj.weaver.tools.WeavingAdaptor  - 16:58:03.556 main &gt; org.aspectj.weaver.tools.WeavingAdaptor.weaveClass org.aspectj.weaver.loadtime.ClassLoaderWeavingAdaptor@10b090ac org/hibernate/event/PersistEvent, byte[1338]
4036 [main] DEBUG org.aspectj.weaver.tools.WeavingAdaptor  - 16:58:03.556 main &lt; org.aspectj.weaver.tools.WeavingAdaptor.weaveClass false
4037 [main] DEBUG org.aspectj.weaver.loadtime.Aj  - 16:58:03.557 main &lt; org.aspectj.weaver.loadtime.Aj.preProcess byte[1338]
4037 [main] DEBUG org.aspectj.weaver.loadtime.Aj  - 16:58:03.557 main &gt; org.aspectj.weaver.loadtime.Aj.preProcess org.aspectj.weaver.loadtime.Aj@58027738 org/hibernate/util/IdentityMap$IdentityKey, byte[1173], org.springframework.test.jpa.OrmXmlOverridingShadowingClassLoader@2bbf1be2
4037 [main] DEBUG org.aspectj.weaver.loadtime.Aj  - 16:58:03.557 main - org.aspectj.weaver.loadtime.Aj.preProcess org.aspectj.weaver.loadtime.Aj@58027738 sun.misc.Launcher$AppClassLoader@302b2c81, org.springframework.test.jpa.OrmXmlOverridingShadowingClassLoader@2bbf1be2
4037 [main] DEBUG org.aspectj.weaver.tools.WeavingAdaptor  - 16:58:03.557 main &gt; org.aspectj.weaver.tools.WeavingAdaptor.weaveClass org.aspectj.weaver.loadtime.ClassLoaderWeavingAdaptor@10b090ac org/hibernate/util/IdentityMap$IdentityKey, byte[1173]
4037 [main] DEBUG org.aspectj.weaver.tools.WeavingAdaptor  - 16:58:03.557 main &lt; org.aspectj.weaver.tools.WeavingAdaptor.weaveClass false
4037 [main] DEBUG org.aspectj.weaver.loadtime.Aj  - 16:58:03.557 main &lt; org.aspectj.weaver.loadtime.Aj.preProcess byte[1173]
4038 [main] DEBUG org.aspectj.weaver.loadtime.Aj  - 16:58:03.558 main &gt; org.aspectj.weaver.loadtime.Aj.preProcess org.aspectj.weaver.loadtime.Aj@58027738 org/hibernate/engine/ForeignKeys, byte[3236], org.springframework.test.jpa.OrmXmlOverridingShadowingClassLoader@2bbf1be2
4038 [main] DEBUG org.aspectj.weaver.loadtime.Aj  - 16:58:03.558 main - org.aspectj.weaver.loadtime.Aj.preProcess org.aspectj.weaver.loadtime.Aj@58027738 sun.misc.Launcher$AppClassLoader@302b2c81, org.springframework.test.jpa.OrmXmlOverridingShadowingClassLoader@2bbf1be2
4038 [main] DEBUG org.aspectj.weaver.tools.WeavingAdaptor  - 16:58:03.558 main &gt; org.aspectj.weaver.tools.WeavingAdaptor.weaveClass org.aspectj.weaver.loadtime.ClassLoaderWeavingAdaptor@10b090ac org/hibernate/engine/ForeignKeys, byte[3236]
4038 [main] DEBUG org.aspectj.weaver.tools.WeavingAdaptor  - 16:58:03.558 main &lt; org.aspectj.weaver.tools.WeavingAdaptor.weaveClass false
4038 [main] DEBUG org.aspectj.weaver.loadtime.Aj  - 16:58:03.558 main &lt; org.aspectj.weaver.loadtime.Aj.preProcess byte[3236]
4038 [main] DEBUG org.aspectj.weaver.loadtime.Aj  - 16:58:03.558 main &gt; org.aspectj.weaver.loadtime.Aj.preProcess org.aspectj.weaver.loadtime.Aj@58027738 org/hibernate/intercept/LazyPropertyInitializer$1, byte[719], org.springframework.test.jpa.OrmXmlOverridingShadowingClassLoader@2bbf1be2
4038 [main] DEBUG org.aspectj.weaver.loadtime.Aj  - 16:58:03.558 main - org.aspectj.weaver.loadtime.Aj.preProcess org.aspectj.weaver.loadtime.Aj@58027738 sun.misc.Launcher$AppClassLoader@302b2c81, org.springframework.test.jpa.OrmXmlOverridingShadowingClassLoader@2bbf1be2
4038 [main] DEBUG org.aspectj.weaver.tools.WeavingAdaptor  - 16:58:03.558 main &gt; org.aspectj.weaver.tools.WeavingAdaptor.weaveClass org.aspectj.weaver.loadtime.ClassLoaderWeavingAdaptor@10b090ac org/hibernate/intercept/LazyPropertyInitializer$1, byte[719]
4038 [main] DEBUG org.aspectj.weaver.tools.WeavingAdaptor  - 16:58:03.558 main &lt; org.aspectj.weaver.tools.WeavingAdaptor.weaveClass false
4038 [main] DEBUG org.aspectj.weaver.loadtime.Aj  - 16:58:03.558 main &lt; org.aspectj.weaver.loadtime.Aj.preProcess byte[719]
4039 [main] DEBUG org.aspectj.weaver.loadtime.Aj  - 16:58:03.559 main &gt; org.aspectj.weaver.loadtime.Aj.preProcess org.aspectj.weaver.loadtime.Aj@58027738 org/hibernate/tuple/ElementWrapper, byte[15905], org.springframework.test.jpa.OrmXmlOverridingShadowingClassLoader@2bbf1be2
4039 [main] DEBUG org.aspectj.weaver.loadtime.Aj  - 16:58:03.559 main - org.aspectj.weaver.loadtime.Aj.preProcess org.aspectj.weaver.loadtime.Aj@58027738 sun.misc.Launcher$AppClassLoader@302b2c81, org.springframework.test.jpa.OrmXmlOverridingShadowingClassLoader@2bbf1be2
4039 [main] DEBUG org.aspectj.weaver.tools.WeavingAdaptor  - 16:58:03.559 main &gt; org.aspectj.weaver.tools.WeavingAdaptor.weaveClass org.aspectj.weaver.loadtime.ClassLoaderWeavingAdaptor@10b090ac org/hibernate/tuple/ElementWrapper, byte[15905]
4039 [main] DEBUG org.aspectj.weaver.tools.WeavingAdaptor  - 16:58:03.559 main &lt; org.aspectj.weaver.tools.WeavingAdaptor.weaveClass false
4039 [main] DEBUG org.aspectj.weaver.loadtime.Aj  - 16:58:03.559 main &lt; org.aspectj.weaver.loadtime.Aj.preProcess byte[15905]
4040 [main] DEBUG org.aspectj.weaver.loadtime.Aj  - 16:58:03.560 main &gt; org.aspectj.weaver.loadtime.Aj.preProcess org.aspectj.weaver.loadtime.Aj@58027738 org/hibernate/engine/Status, byte[1394], org.springframework.test.jpa.OrmXmlOverridingShadowingClassLoader@2bbf1be2
4040 [main] DEBUG org.aspectj.weaver.loadtime.Aj  - 16:58:03.560 main - org.aspectj.weaver.loadtime.Aj.preProcess org.aspectj.weaver.loadtime.Aj@58027738 sun.misc.Launcher$AppClassLoader@302b2c81, org.springframework.test.jpa.OrmXmlOverridingShadowingClassLoader@2bbf1be2
4040 [main] DEBUG org.aspectj.weaver.tools.WeavingAdaptor  - 16:58:03.560 main &gt; org.aspectj.weaver.tools.WeavingAdaptor.weaveClass org.aspectj.weaver.loadtime.ClassLoaderWeavingAdaptor@10b090ac org/hibernate/engine/Status, byte[1394]
4040 [main] DEBUG org.aspectj.weaver.tools.WeavingAdaptor  - 16:58:03.560 main &lt; org.aspectj.weaver.tools.WeavingAdaptor.weaveClass false
4040 [main] DEBUG org.aspectj.weaver.loadtime.Aj  - 16:58:03.560 main &lt; org.aspectj.weaver.loadtime.Aj.preProcess byte[1394]
4041 [main] DEBUG org.aspectj.weaver.loadtime.Aj  - 16:58:03.561 main &gt; org.aspectj.weaver.loadtime.Aj.preProcess org.aspectj.weaver.loadtime.Aj@58027738 org/hibernate/engine/EntityEntry, byte[8714], org.springframework.test.jpa.OrmXmlOverridingShadowingClassLoader@2bbf1be2
4041 [main] DEBUG org.aspectj.weaver.loadtime.Aj  - 16:58:03.561 main - org.aspectj.weaver.loadtime.Aj.preProcess org.aspectj.weaver.loadtime.Aj@58027738 sun.misc.Launcher$AppClassLoader@302b2c81, org.springframework.test.jpa.OrmXmlOverridingShadowingClassLoader@2bbf1be2
4041 [main] DEBUG org.aspectj.weaver.tools.WeavingAdaptor  - 16:58:03.561 main &gt; org.aspectj.weaver.tools.WeavingAdaptor.weaveClass org.aspectj.weaver.loadtime.ClassLoaderWeavingAdaptor@10b090ac org/hibernate/engine/EntityEntry, byte[8714]
4041 [main] DEBUG org.aspectj.weaver.tools.WeavingAdaptor  - 16:58:03.561 main &lt; org.aspectj.weaver.tools.WeavingAdaptor.weaveClass false
4041 [main] DEBUG org.aspectj.weaver.loadtime.Aj  - 16:58:03.561 main &lt; org.aspectj.weaver.loadtime.Aj.preProcess byte[8714]
4042 [main] DEBUG org.aspectj.weaver.loadtime.Aj  - 16:58:03.562 main &gt; org.aspectj.weaver.loadtime.Aj.preProcess org.aspectj.weaver.loadtime.Aj@58027738 org/hibernate/engine/Cascade, byte[10511], org.springframework.test.jpa.OrmXmlOverridingShadowingClassLoader@2bbf1be2
4042 [main] DEBUG org.aspectj.weaver.loadtime.Aj  - 16:58:03.562 main - org.aspectj.weaver.loadtime.Aj.preProcess org.aspectj.weaver.loadtime.Aj@58027738 sun.misc.Launcher$AppClassLoader@302b2c81, org.springframework.test.jpa.OrmXmlOverridingShadowingClassLoader@2bbf1be2
4042 [main] DEBUG org.aspectj.weaver.tools.WeavingAdaptor  - 16:58:03.562 main &gt; org.aspectj.weaver.tools.WeavingAdaptor.weaveClass org.aspectj.weaver.loadtime.ClassLoaderWeavingAdaptor@10b090ac org/hibernate/engine/Cascade, byte[10511]
4042 [main] DEBUG org.aspectj.weaver.tools.WeavingAdaptor  - 16:58:03.562 main &lt; org.aspectj.weaver.tools.WeavingAdaptor.weaveClass false
4042 [main] DEBUG org.aspectj.weaver.loadtime.Aj  - 16:58:03.562 main &lt; org.aspectj.weaver.loadtime.Aj.preProcess byte[10511]
4043 [main] DEBUG org.aspectj.weaver.loadtime.Aj  - 16:58:03.563 main &gt; org.aspectj.weaver.loadtime.Aj.preProcess org.aspectj.weaver.loadtime.Aj@58027738 org/hibernate/engine/EJB3CascadingAction, byte[849], org.springframework.test.jpa.OrmXmlOverridingShadowingClassLoader@2bbf1be2
4043 [main] DEBUG org.aspectj.weaver.loadtime.Aj  - 16:58:03.563 main - org.aspectj.weaver.loadtime.Aj.preProcess org.aspectj.weaver.loadtime.Aj@58027738 sun.misc.Launcher$AppClassLoader@302b2c81, org.springframework.test.jpa.OrmXmlOverridingShadowingClassLoader@2bbf1be2
4043 [main] DEBUG org.aspectj.weaver.tools.WeavingAdaptor  - 16:58:03.563 main &gt; org.aspectj.weaver.tools.WeavingAdaptor.weaveClass org.aspectj.weaver.loadtime.ClassLoaderWeavingAdaptor@10b090ac org/hibernate/engine/EJB3CascadingAction, byte[849]
4043 [main] DEBUG org.aspectj.weaver.tools.WeavingAdaptor  - 16:58:03.563 main &lt; org.aspectj.weaver.tools.WeavingAdaptor.weaveClass false
4043 [main] DEBUG org.aspectj.weaver.loadtime.Aj  - 16:58:03.563 main &lt; org.aspectj.weaver.loadtime.Aj.preProcess byte[849]
4043 [main] DEBUG org.aspectj.weaver.loadtime.Aj  - 16:58:03.563 main &gt; org.aspectj.weaver.loadtime.Aj.preProcess org.aspectj.weaver.loadtime.Aj@58027738 org/hibernate/engine/EJB3CascadingAction$1, byte[2122], org.springframework.test.jpa.OrmXmlOverridingShadowingClassLoader@2bbf1be2
4043 [main] DEBUG org.aspectj.weaver.loadtime.Aj  - 16:58:03.563 main - org.aspectj.weaver.loadtime.Aj.preProcess org.aspectj.weaver.loadtime.Aj@58027738 sun.misc.Launcher$AppClassLoader@302b2c81, org.springframework.test.jpa.OrmXmlOverridingShadowingClassLoader@2bbf1be2
4043 [main] DEBUG org.aspectj.weaver.tools.WeavingAdaptor  - 16:58:03.563 main &gt; org.aspectj.weaver.tools.WeavingAdaptor.weaveClass org.aspectj.weaver.loadtime.ClassLoaderWeavingAdaptor@10b090ac org/hibernate/engine/EJB3CascadingAction$1, byte[2122]
4043 [main] DEBUG org.aspectj.weaver.tools.WeavingAdaptor  - 16:58:03.563 main &lt; org.aspectj.weaver.tools.WeavingAdaptor.weaveClass false
4043 [main] DEBUG org.aspectj.weaver.loadtime.Aj  - 16:58:03.563 main &lt; org.aspectj.weaver.loadtime.Aj.preProcess byte[2122]
4044 [main] DEBUG org.aspectj.weaver.loadtime.Aj  - 16:58:03.564 main &gt; org.aspectj.weaver.loadtime.Aj.preProcess org.aspectj.weaver.loadtime.Aj@58027738 org/hibernate/property/BackrefPropertyAccessor, byte[2369], org.springframework.test.jpa.OrmXmlOverridingShadowingClassLoader@2bbf1be2
4044 [main] DEBUG org.aspectj.weaver.loadtime.Aj  - 16:58:03.564 main - org.aspectj.weaver.loadtime.Aj.preProcess org.aspectj.weaver.loadtime.Aj@58027738 sun.misc.Launcher$AppClassLoader@302b2c81, org.springframework.test.jpa.OrmXmlOverridingShadowingClassLoader@2bbf1be2
4044 [main] DEBUG org.aspectj.weaver.tools.WeavingAdaptor  - 16:58:03.564 main &gt; org.aspectj.weaver.tools.WeavingAdaptor.weaveClass org.aspectj.weaver.loadtime.ClassLoaderWeavingAdaptor@10b090ac org/hibernate/property/BackrefPropertyAccessor, byte[2369]
4044 [main] DEBUG org.aspectj.weaver.tools.WeavingAdaptor  - 16:58:03.564 main &lt; org.aspectj.weaver.tools.WeavingAdaptor.weaveClass false
4044 [main] DEBUG org.aspectj.weaver.loadtime.Aj  - 16:58:03.564 main &lt; org.aspectj.weaver.loadtime.Aj.preProcess byte[2369]
4044 [main] DEBUG org.aspectj.weaver.loadtime.Aj  - 16:58:03.564 main &gt; org.aspectj.weaver.loadtime.Aj.preProcess org.aspectj.weaver.loadtime.Aj@58027738 org/hibernate/property/BackrefPropertyAccessor$1, byte[708], org.springframework.test.jpa.OrmXmlOverridingShadowingClassLoader@2bbf1be2
4044 [main] DEBUG org.aspectj.weaver.loadtime.Aj  - 16:58:03.564 main - org.aspectj.weaver.loadtime.Aj.preProcess org.aspectj.weaver.loadtime.Aj@58027738 sun.misc.Launcher$AppClassLoader@302b2c81, org.springframework.test.jpa.OrmXmlOverridingShadowingClassLoader@2bbf1be2
4044 [main] DEBUG org.aspectj.weaver.tools.WeavingAdaptor  - 16:58:03.564 main &gt; org.aspectj.weaver.tools.WeavingAdaptor.weaveClass org.aspectj.weaver.loadtime.ClassLoaderWeavingAdaptor@10b090ac org/hibernate/property/BackrefPropertyAccessor$1, byte[708]
4044 [main] DEBUG org.aspectj.weaver.tools.WeavingAdaptor  - 16:58:03.564 main &lt; org.aspectj.weaver.tools.WeavingAdaptor.weaveClass false
4044 [main] DEBUG org.aspectj.weaver.loadtime.Aj  - 16:58:03.564 main &lt; org.aspectj.weaver.loadtime.Aj.preProcess byte[708]
4045 [main] DEBUG org.aspectj.weaver.loadtime.Aj  - 16:58:03.565 main &gt; org.aspectj.weaver.loadtime.Aj.preProcess org.aspectj.weaver.loadtime.Aj@58027738 org/hibernate/engine/ForeignKeys$Nullifier, byte[4027], org.springframework.test.jpa.OrmXmlOverridingShadowingClassLoader@2bbf1be2
4045 [main] DEBUG org.aspectj.weaver.loadtime.Aj  - 16:58:03.565 main - org.aspectj.weaver.loadtime.Aj.preProcess org.aspectj.weaver.loadtime.Aj@58027738 sun.misc.Launcher$AppClassLoader@302b2c81, org.springframework.test.jpa.OrmXmlOverridingShadowingClassLoader@2bbf1be2
4045 [main] DEBUG org.aspectj.weaver.tools.WeavingAdaptor  - 16:58:03.565 main &gt; org.aspectj.weaver.tools.WeavingAdaptor.weaveClass org.aspectj.weaver.loadtime.ClassLoaderWeavingAdaptor@10b090ac org/hibernate/engine/ForeignKeys$Nullifier, byte[4027]
4045 [main] DEBUG org.aspectj.weaver.tools.WeavingAdaptor  - 16:58:03.565 main &lt; org.aspectj.weaver.tools.WeavingAdaptor.weaveClass false
4045 [main] DEBUG org.aspectj.weaver.loadtime.Aj  - 16:58:03.565 main &lt; org.aspectj.weaver.loadtime.Aj.preProcess byte[4027]
4045 [main] DEBUG org.aspectj.weaver.loadtime.Aj  - 16:58:03.565 main &gt; org.aspectj.weaver.loadtime.Aj.preProcess org.aspectj.weaver.loadtime.Aj@58027738 org/hibernate/engine/Nullability, byte[4238], org.springframework.test.jpa.OrmXmlOverridingShadowingClassLoader@2bbf1be2
4045 [main] DEBUG org.aspectj.weaver.loadtime.Aj  - 16:58:03.565 main - org.aspectj.weaver.loadtime.Aj.preProcess org.aspectj.weaver.loadtime.Aj@58027738 sun.misc.Launcher$AppClassLoader@302b2c81, org.springframework.test.jpa.OrmXmlOverridingShadowingClassLoader@2bbf1be2
4045 [main] DEBUG org.aspectj.weaver.tools.WeavingAdaptor  - 16:58:03.565 main &gt; org.aspectj.weaver.tools.WeavingAdaptor.weaveClass org.aspectj.weaver.loadtime.ClassLoaderWeavingAdaptor@10b090ac org/hibernate/engine/Nullability, byte[4238]
4046 [main] DEBUG org.aspectj.weaver.tools.WeavingAdaptor  - 16:58:03.566 main &lt; org.aspectj.weaver.tools.WeavingAdaptor.weaveClass false
4046 [main] DEBUG org.aspectj.weaver.loadtime.Aj  - 16:58:03.566 main &lt; org.aspectj.weaver.loadtime.Aj.preProcess byte[4238]
4046 [main] DEBUG org.aspectj.weaver.loadtime.Aj  - 16:58:03.566 main &gt; org.aspectj.weaver.loadtime.Aj.preProcess org.aspectj.weaver.loadtime.Aj@58027738 org/hibernate/PropertyValueException, byte[1274], org.springframework.test.jpa.OrmXmlOverridingShadowingClassLoader@2bbf1be2
4046 [main] DEBUG org.aspectj.weaver.loadtime.Aj  - 16:58:03.566 main - org.aspectj.weaver.loadtime.Aj.preProcess org.aspectj.weaver.loadtime.Aj@58027738 sun.misc.Launcher$AppClassLoader@302b2c81, org.springframework.test.jpa.OrmXmlOverridingShadowingClassLoader@2bbf1be2
4046 [main] DEBUG org.aspectj.weaver.tools.WeavingAdaptor  - 16:58:03.566 main &gt; org.aspectj.weaver.tools.WeavingAdaptor.weaveClass org.aspectj.weaver.loadtime.ClassLoaderWeavingAdaptor@10b090ac org/hibernate/PropertyValueException, byte[1274]
4046 [main] DEBUG org.aspectj.weaver.tools.WeavingAdaptor  - 16:58:03.566 main &lt; org.aspectj.weaver.tools.WeavingAdaptor.weaveClass false
4046 [main] DEBUG org.aspectj.weaver.loadtime.Aj  - 16:58:03.566 main &lt; org.aspectj.weaver.loadtime.Aj.preProcess byte[1274]
4046 [main] DEBUG org.aspectj.weaver.loadtime.Aj  - 16:58:03.566 main &gt; org.aspectj.weaver.loadtime.Aj.preProcess org.aspectj.weaver.loadtime.Aj@58027738 org/hibernate/engine/Versioning, byte[4094], org.springframework.test.jpa.OrmXmlOverridingShadowingClassLoader@2bbf1be2
4046 [main] DEBUG org.aspectj.weaver.loadtime.Aj  - 16:58:03.566 main - org.aspectj.weaver.loadtime.Aj.preProcess org.aspectj.weaver.loadtime.Aj@58027738 sun.misc.Launcher$AppClassLoader@302b2c81, org.springframework.test.jpa.OrmXmlOverridingShadowingClassLoader@2bbf1be2
4047 [main] DEBUG org.aspectj.weaver.tools.WeavingAdaptor  - 16:58:03.567 main &gt; org.aspectj.weaver.tools.WeavingAdaptor.weaveClass org.aspectj.weaver.loadtime.ClassLoaderWeavingAdaptor@10b090ac org/hibernate/engine/Versioning, byte[4094]
4047 [main] DEBUG org.aspectj.weaver.tools.WeavingAdaptor  - 16:58:03.567 main &lt; org.aspectj.weaver.tools.WeavingAdaptor.weaveClass false
4047 [main] DEBUG org.aspectj.weaver.loadtime.Aj  - 16:58:03.567 main &lt; org.aspectj.weaver.loadtime.Aj.preProcess byte[4094]
4047 [main] DEBUG org.aspectj.weaver.loadtime.Aj  - 16:58:03.567 main &gt; org.aspectj.weaver.loadtime.Aj.preProcess org.aspectj.weaver.loadtime.Aj@58027738 org/hibernate/engine/BatchFetchQueue, byte[6434], org.springframework.test.jpa.OrmXmlOverridingShadowingClassLoader@2bbf1be2
4047 [main] DEBUG org.aspectj.weaver.loadtime.Aj  - 16:58:03.567 main - org.aspectj.weaver.loadtime.Aj.preProcess org.aspectj.weaver.loadtime.Aj@58027738 sun.misc.Launcher$AppClassLoader@302b2c81, org.springframework.test.jpa.OrmXmlOverridingShadowingClassLoader@2bbf1be2
4047 [main] DEBUG org.aspectj.weaver.tools.WeavingAdaptor  - 16:58:03.567 main &gt; org.aspectj.weaver.tools.WeavingAdaptor.weaveClass org.aspectj.weaver.loadtime.ClassLoaderWeavingAdaptor@10b090ac org/hibernate/engine/BatchFetchQueue, byte[6434]
4047 [main] DEBUG org.aspectj.weaver.tools.WeavingAdaptor  - 16:58:03.567 main &lt; org.aspectj.weaver.tools.WeavingAdaptor.weaveClass false
4047 [main] DEBUG org.aspectj.weaver.loadtime.Aj  - 16:58:03.567 main &lt; org.aspectj.weaver.loadtime.Aj.preProcess byte[6434]
4048 [main] DEBUG org.aspectj.weaver.loadtime.Aj  - 16:58:03.568 main &gt; org.aspectj.weaver.loadtime.Aj.preProcess org.aspectj.weaver.loadtime.Aj@58027738 org/hibernate/action/EntityInsertAction, byte[7781], org.springframework.test.jpa.OrmXmlOverridingShadowingClassLoader@2bbf1be2
4048 [main] DEBUG org.aspectj.weaver.loadtime.Aj  - 16:58:03.568 main - org.aspectj.weaver.loadtime.Aj.preProcess org.aspectj.weaver.loadtime.Aj@58027738 sun.misc.Launcher$AppClassLoader@302b2c81, org.springframework.test.jpa.OrmXmlOverridingShadowingClassLoader@2bbf1be2
4048 [main] DEBUG org.aspectj.weaver.tools.WeavingAdaptor  - 16:58:03.568 main &gt; org.aspectj.weaver.tools.WeavingAdaptor.weaveClass org.aspectj.weaver.loadtime.ClassLoaderWeavingAdaptor@10b090ac org/hibernate/action/EntityInsertAction, byte[7781]
4048 [main] DEBUG org.aspectj.weaver.tools.WeavingAdaptor  - 16:58:03.568 main &lt; org.aspectj.weaver.tools.WeavingAdaptor.weaveClass false
4048 [main] DEBUG org.aspectj.weaver.loadtime.Aj  - 16:58:03.568 main &lt; org.aspectj.weaver.loadtime.Aj.preProcess byte[7781]
4048 [main] DEBUG org.aspectj.weaver.loadtime.Aj  - 16:58:03.568 main &gt; org.aspectj.weaver.loadtime.Aj.preProcess org.aspectj.weaver.loadtime.Aj@58027738 org/hibernate/action/EntityAction, byte[4058], org.springframework.test.jpa.OrmXmlOverridingShadowingClassLoader@2bbf1be2
4049 [main] DEBUG org.aspectj.weaver.loadtime.Aj  - 16:58:03.568 main - org.aspectj.weaver.loadtime.Aj.preProcess org.aspectj.weaver.loadtime.Aj@58027738 sun.misc.Launcher$AppClassLoader@302b2c81, org.springframework.test.jpa.OrmXmlOverridingShadowingClassLoader@2bbf1be2
4049 [main] DEBUG org.aspectj.weaver.tools.WeavingAdaptor  - 16:58:03.569 main &gt; org.aspectj.weaver.tools.WeavingAdaptor.weaveClass org.aspectj.weaver.loadtime.ClassLoaderWeavingAdaptor@10b090ac org/hibernate/action/EntityAction, byte[4058]
4049 [main] DEBUG org.aspectj.weaver.tools.WeavingAdaptor  - 16:58:03.569 main &lt; org.aspectj.weaver.tools.WeavingAdaptor.weaveClass false
4049 [main] DEBUG org.aspectj.weaver.loadtime.Aj  - 16:58:03.569 main &lt; org.aspectj.weaver.loadtime.Aj.preProcess byte[4058]
4050 [main] DEBUG org.aspectj.weaver.loadtime.Aj  - 16:58:03.570 main &gt; org.aspectj.weaver.loadtime.Aj.preProcess org.aspectj.weaver.loadtime.Aj@58027738 org/hibernate/util/LazyIterator, byte[1028], org.springframework.test.jpa.OrmXmlOverridingShadowingClassLoader@2bbf1be2
4050 [main] DEBUG org.aspectj.weaver.loadtime.Aj  - 16:58:03.570 main - org.aspectj.weaver.loadtime.Aj.preProcess org.aspectj.weaver.loadtime.Aj@58027738 sun.misc.Launcher$AppClassLoader@302b2c81, org.springframework.test.jpa.OrmXmlOverridingShadowingClassLoader@2bbf1be2
4050 [main] DEBUG org.aspectj.weaver.tools.WeavingAdaptor  - 16:58:03.570 main &gt; org.aspectj.weaver.tools.WeavingAdaptor.weaveClass org.aspectj.weaver.loadtime.ClassLoaderWeavingAdaptor@10b090ac org/hibernate/util/LazyIterator, byte[1028]
4050 [main] DEBUG org.aspectj.weaver.tools.WeavingAdaptor  - 16:58:03.570 main &lt; org.aspectj.weaver.tools.WeavingAdaptor.weaveClass false
4050 [main] DEBUG org.aspectj.weaver.loadtime.Aj  - 16:58:03.570 main &lt; org.aspectj.weaver.loadtime.Aj.preProcess byte[1028]
4050 [main] DEBUG org.aspectj.weaver.loadtime.Aj  - 16:58:03.570 main &gt; org.aspectj.weaver.loadtime.Aj.preProcess org.aspectj.weaver.loadtime.Aj@58027738 org/hibernate/util/IdentityMap$IdentityMapEntry, byte[955], org.springframework.test.jpa.OrmXmlOverridingShadowingClassLoader@2bbf1be2
4050 [main] DEBUG org.aspectj.weaver.loadtime.Aj  - 16:58:03.570 main - org.aspectj.weaver.loadtime.Aj.preProcess org.aspectj.weaver.loadtime.Aj@58027738 sun.misc.Launcher$AppClassLoader@302b2c81, org.springframework.test.jpa.OrmXmlOverridingShadowingClassLoader@2bbf1be2
4050 [main] DEBUG org.aspectj.weaver.tools.WeavingAdaptor  - 16:58:03.570 main &gt; org.aspectj.weaver.tools.WeavingAdaptor.weaveClass org.aspectj.weaver.loadtime.ClassLoaderWeavingAdaptor@10b090ac org/hibernate/util/IdentityMap$IdentityMapEntry, byte[955]
4050 [main] DEBUG org.aspectj.weaver.tools.WeavingAdaptor  - 16:58:03.570 main &lt; org.aspectj.weaver.tools.WeavingAdaptor.weaveClass false
4050 [main] DEBUG org.aspectj.weaver.loadtime.Aj  - 16:58:03.570 main &lt; org.aspectj.weaver.loadtime.Aj.preProcess byte[955]
4051 [main] DEBUG org.aspectj.weaver.loadtime.Aj  - 16:58:03.571 main &gt; org.aspectj.weaver.loadtime.Aj.preProcess org.aspectj.weaver.loadtime.Aj@58027738 org/hibernate/event/FlushEntityEvent, byte[2416], org.springframework.test.jpa.OrmXmlOverridingShadowingClassLoader@2bbf1be2
4051 [main] DEBUG org.aspectj.weaver.loadtime.Aj  - 16:58:03.571 main - org.aspectj.weaver.loadtime.Aj.preProcess org.aspectj.weaver.loadtime.Aj@58027738 sun.misc.Launcher$AppClassLoader@302b2c81, org.springframework.test.jpa.OrmXmlOverridingShadowingClassLoader@2bbf1be2
4051 [main] DEBUG org.aspectj.weaver.tools.WeavingAdaptor  - 16:58:03.571 main &gt; org.aspectj.weaver.tools.WeavingAdaptor.weaveClass org.aspectj.weaver.loadtime.ClassLoaderWeavingAdaptor@10b090ac org/hibernate/event/FlushEntityEvent, byte[2416]
4051 [main] DEBUG org.aspectj.weaver.tools.WeavingAdaptor  - 16:58:03.571 main &lt; org.aspectj.weaver.tools.WeavingAdaptor.weaveClass false
4051 [main] DEBUG org.aspectj.weaver.loadtime.Aj  - 16:58:03.571 main &lt; org.aspectj.weaver.loadtime.Aj.preProcess byte[2416]
4052 [main] DEBUG org.aspectj.weaver.loadtime.Aj  - 16:58:03.572 main &gt; org.aspectj.weaver.loadtime.Aj.preProcess org.aspectj.weaver.loadtime.Aj@58027738 org/hibernate/action/DelayedPostInsertIdentifier, byte[1810], org.springframework.test.jpa.OrmXmlOverridingShadowingClassLoader@2bbf1be2
4052 [main] DEBUG org.aspectj.weaver.loadtime.Aj  - 16:58:03.572 main - org.aspectj.weaver.loadtime.Aj.preProcess org.aspectj.weaver.loadtime.Aj@58027738 sun.misc.Launcher$AppClassLoader@302b2c81, org.springframework.test.jpa.OrmXmlOverridingShadowingClassLoader@2bbf1be2
4052 [main] DEBUG org.aspectj.weaver.tools.WeavingAdaptor  - 16:58:03.572 main &gt; org.aspectj.weaver.tools.WeavingAdaptor.weaveClass org.aspectj.weaver.loadtime.ClassLoaderWeavingAdaptor@10b090ac org/hibernate/action/DelayedPostInsertIdentifier, byte[1810]
4052 [main] DEBUG org.aspectj.weaver.tools.WeavingAdaptor  - 16:58:03.572 main &lt; org.aspectj.weaver.tools.WeavingAdaptor.weaveClass false
4052 [main] DEBUG org.aspectj.weaver.loadtime.Aj  - 16:58:03.572 main &lt; org.aspectj.weaver.loadtime.Aj.preProcess byte[1810]
4052 [main] DEBUG org.aspectj.weaver.loadtime.Aj  - 16:58:03.572 main &gt; org.aspectj.weaver.loadtime.Aj.preProcess org.aspectj.weaver.loadtime.Aj@58027738 org/hibernate/util/EqualsHelper, byte[506], org.springframework.test.jpa.OrmXmlOverridingShadowingClassLoader@2bbf1be2
4052 [main] DEBUG org.aspectj.weaver.loadtime.Aj  - 16:58:03.572 main - org.aspectj.weaver.loadtime.Aj.preProcess org.aspectj.weaver.loadtime.Aj@58027738 sun.misc.Launcher$AppClassLoader@302b2c81, org.springframework.test.jpa.OrmXmlOverridingShadowingClassLoader@2bbf1be2
4052 [main] DEBUG org.aspectj.weaver.tools.WeavingAdaptor  - 16:58:03.572 main &gt; org.aspectj.weaver.tools.WeavingAdaptor.weaveClass org.aspectj.weaver.loadtime.ClassLoaderWeavingAdaptor@10b090ac org/hibernate/util/EqualsHelper, byte[506]
4052 [main] DEBUG org.aspectj.weaver.tools.WeavingAdaptor  - 16:58:03.572 main &lt; org.aspectj.weaver.tools.WeavingAdaptor.weaveClass false
4052 [main] DEBUG org.aspectj.weaver.loadtime.Aj  - 16:58:03.572 main &lt; org.aspectj.weaver.loadtime.Aj.preProcess byte[506]
4053 [main] DEBUG org.aspectj.weaver.loadtime.Aj  - 16:58:03.573 main &gt; org.aspectj.weaver.loadtime.Aj.preProcess org.aspectj.weaver.loadtime.Aj@58027738 org/hibernate/jdbc/Expectations, byte[2505], org.springframework.test.jpa.OrmXmlOverridingShadowingClassLoader@2bbf1be2
4053 [main] DEBUG org.aspectj.weaver.loadtime.Aj  - 16:58:03.573 main - org.aspectj.weaver.loadtime.Aj.preProcess org.aspectj.weaver.loadtime.Aj@58027738 sun.misc.Launcher$AppClassLoader@302b2c81, org.springframework.test.jpa.OrmXmlOverridingShadowingClassLoader@2bbf1be2
4053 [main] DEBUG org.aspectj.weaver.tools.WeavingAdaptor  - 16:58:03.573 main &gt; org.aspectj.weaver.tools.WeavingAdaptor.weaveClass org.aspectj.weaver.loadtime.ClassLoaderWeavingAdaptor@10b090ac org/hibernate/jdbc/Expectations, byte[2505]
4053 [main] DEBUG org.aspectj.weaver.tools.WeavingAdaptor  - 16:58:03.573 main &lt; org.aspectj.weaver.tools.WeavingAdaptor.weaveClass false
4053 [main] DEBUG org.aspectj.weaver.loadtime.Aj  - 16:58:03.573 main &lt; org.aspectj.weaver.loadtime.Aj.preProcess byte[2505]
4054 [main] DEBUG org.aspectj.weaver.loadtime.Aj  - 16:58:03.574 main &gt; org.aspectj.weaver.loadtime.Aj.preProcess org.aspectj.weaver.loadtime.Aj@58027738 org/hibernate/jdbc/Expectations$1, byte[779], org.springframework.test.jpa.OrmXmlOverridingShadowingClassLoader@2bbf1be2
4054 [main] DEBUG org.aspectj.weaver.loadtime.Aj  - 16:58:03.574 main - org.aspectj.weaver.loadtime.Aj.preProcess org.aspectj.weaver.loadtime.Aj@58027738 sun.misc.Launcher$AppClassLoader@302b2c81, org.springframework.test.jpa.OrmXmlOverridingShadowingClassLoader@2bbf1be2
4054 [main] DEBUG org.aspectj.weaver.tools.WeavingAdaptor  - 16:58:03.574 main &gt; org.aspectj.weaver.tools.WeavingAdaptor.weaveClass org.aspectj.weaver.loadtime.ClassLoaderWeavingAdaptor@10b090ac org/hibernate/jdbc/Expectations$1, byte[779]
4054 [main] DEBUG org.aspectj.weaver.tools.WeavingAdaptor  - 16:58:03.574 main &lt; org.aspectj.weaver.tools.WeavingAdaptor.weaveClass false
4054 [main] DEBUG org.aspectj.weaver.loadtime.Aj  - 16:58:03.574 main &lt; org.aspectj.weaver.loadtime.Aj.preProcess byte[779]
4054 [main] DEBUG org.aspectj.weaver.loadtime.Aj  - 16:58:03.574 main &gt; org.aspectj.weaver.loadtime.Aj.preProcess org.aspectj.weaver.loadtime.Aj@58027738 org/hibernate/jdbc/Expectations$BasicExpectation, byte[2810], org.springframework.test.jpa.OrmXmlOverridingShadowingClassLoader@2bbf1be2
4054 [main] DEBUG org.aspectj.weaver.loadtime.Aj  - 16:58:03.574 main - org.aspectj.weaver.loadtime.Aj.preProcess org.aspectj.weaver.loadtime.Aj@58027738 sun.misc.Launcher$AppClassLoader@302b2c81, org.springframework.test.jpa.OrmXmlOverridingShadowingClassLoader@2bbf1be2
4055 [main] DEBUG org.aspectj.weaver.tools.WeavingAdaptor  - 16:58:03.575 main &gt; org.aspectj.weaver.tools.WeavingAdaptor.weaveClass org.aspectj.weaver.loadtime.ClassLoaderWeavingAdaptor@10b090ac org/hibernate/jdbc/Expectations$BasicExpectation, byte[2810]
4055 [main] DEBUG org.aspectj.weaver.tools.WeavingAdaptor  - 16:58:03.575 main &lt; org.aspectj.weaver.tools.WeavingAdaptor.weaveClass false
4055 [main] DEBUG org.aspectj.weaver.loadtime.Aj  - 16:58:03.575 main &lt; org.aspectj.weaver.loadtime.Aj.preProcess byte[2810]
4055 [main] DEBUG org.aspectj.weaver.loadtime.Aj  - 16:58:03.575 main &gt; org.aspectj.weaver.loadtime.Aj.preProcess org.aspectj.weaver.loadtime.Aj@58027738 org/hibernate/jdbc/BatchFailedException, byte[579], org.springframework.test.jpa.OrmXmlOverridingShadowingClassLoader@2bbf1be2
4055 [main] DEBUG org.aspectj.weaver.loadtime.Aj  - 16:58:03.575 main - org.aspectj.weaver.loadtime.Aj.preProcess org.aspectj.weaver.loadtime.Aj@58027738 sun.misc.Launcher$AppClassLoader@302b2c81, org.springframework.test.jpa.OrmXmlOverridingShadowingClassLoader@2bbf1be2
4055 [main] DEBUG org.aspectj.weaver.tools.WeavingAdaptor  - 16:58:03.575 main &gt; org.aspectj.weaver.tools.WeavingAdaptor.weaveClass org.aspectj.weaver.loadtime.ClassLoaderWeavingAdaptor@10b090ac org/hibernate/jdbc/BatchFailedException, byte[579]
4055 [main] DEBUG org.aspectj.weaver.tools.WeavingAdaptor  - 16:58:03.575 main &lt; org.aspectj.weaver.tools.WeavingAdaptor.weaveClass false
4055 [main] DEBUG org.aspectj.weaver.loadtime.Aj  - 16:58:03.575 main &lt; org.aspectj.weaver.loadtime.Aj.preProcess byte[579]
4056 [main] DEBUG org.aspectj.weaver.loadtime.Aj  - 16:58:03.576 main &gt; org.aspectj.weaver.loadtime.Aj.preProcess org.aspectj.weaver.loadtime.Aj@58027738 org/hibernate/jdbc/BatchedTooManyRowsAffectedException, byte[694], org.springframework.test.jpa.OrmXmlOverridingShadowingClassLoader@2bbf1be2
4056 [main] DEBUG org.aspectj.weaver.loadtime.Aj  - 16:58:03.576 main - org.aspectj.weaver.loadtime.Aj.preProcess org.aspectj.weaver.loadtime.Aj@58027738 sun.misc.Launcher$AppClassLoader@302b2c81, org.springframework.test.jpa.OrmXmlOverridingShadowingClassLoader@2bbf1be2
4056 [main] DEBUG org.aspectj.weaver.tools.WeavingAdaptor  - 16:58:03.576 main &gt; org.aspectj.weaver.tools.WeavingAdaptor.weaveClass org.aspectj.weaver.loadtime.ClassLoaderWeavingAdaptor@10b090ac org/hibernate/jdbc/BatchedTooManyRowsAffectedException, byte[694]
4056 [main] DEBUG org.aspectj.weaver.tools.WeavingAdaptor  - 16:58:03.576 main &lt; org.aspectj.weaver.tools.WeavingAdaptor.weaveClass false
4056 [main] DEBUG org.aspectj.weaver.loadtime.Aj  - 16:58:03.576 main &lt; org.aspectj.weaver.loadtime.Aj.preProcess byte[694]
4056 [main] DEBUG org.aspectj.weaver.loadtime.Aj  - 16:58:03.576 main &gt; org.aspectj.weaver.loadtime.Aj.preProcess org.aspectj.weaver.loadtime.Aj@58027738 org/hibernate/jdbc/Expectations$BasicParamExpectation, byte[2398], org.springframework.test.jpa.OrmXmlOverridingShadowingClassLoader@2bbf1be2
4056 [main] DEBUG org.aspectj.weaver.loadtime.Aj  - 16:58:03.576 main - org.aspectj.weaver.loadtime.Aj.preProcess org.aspectj.weaver.loadtime.Aj@58027738 sun.misc.Launcher$AppClassLoader@302b2c81, org.springframework.test.jpa.OrmXmlOverridingShadowingClassLoader@2bbf1be2
4056 [main] DEBUG org.aspectj.weaver.tools.WeavingAdaptor  - 16:58:03.576 main &gt; org.aspectj.weaver.tools.WeavingAdaptor.weaveClass org.aspectj.weaver.loadtime.ClassLoaderWeavingAdaptor@10b090ac org/hibernate/jdbc/Expectations$BasicParamExpectation, byte[2398]
4056 [main] DEBUG org.aspectj.weaver.tools.WeavingAdaptor  - 16:58:03.576 main &lt; org.aspectj.weaver.tools.WeavingAdaptor.weaveClass false
4056 [main] DEBUG org.aspectj.weaver.loadtime.Aj  - 16:58:03.576 main &lt; org.aspectj.weaver.loadtime.Aj.preProcess byte[2398]
Hibernate: insert into property (value, pkey) values (?, ?)
4057 [main] DEBUG org.aspectj.weaver.loadtime.Aj  - 16:58:03.577 main &gt; org.aspectj.weaver.loadtime.Aj.preProcess org.aspectj.weaver.loadtime.Aj@58027738 org/hibernate/cache/entry/CacheEntry, byte[4834], org.springframework.test.jpa.OrmXmlOverridingShadowingClassLoader@2bbf1be2
4057 [main] DEBUG org.aspectj.weaver.loadtime.Aj  - 16:58:03.577 main - org.aspectj.weaver.loadtime.Aj.preProcess org.aspectj.weaver.loadtime.Aj@58027738 sun.misc.Launcher$AppClassLoader@302b2c81, org.springframework.test.jpa.OrmXmlOverridingShadowingClassLoader@2bbf1be2
4057 [main] DEBUG org.aspectj.weaver.tools.WeavingAdaptor  - 16:58:03.577 main &gt; org.aspectj.weaver.tools.WeavingAdaptor.weaveClass org.aspectj.weaver.loadtime.ClassLoaderWeavingAdaptor@10b090ac org/hibernate/cache/entry/CacheEntry, byte[4834]
4057 [main] DEBUG org.aspectj.weaver.tools.WeavingAdaptor  - 16:58:03.577 main &lt; org.aspectj.weaver.tools.WeavingAdaptor.weaveClass false
4057 [main] DEBUG org.aspectj.weaver.loadtime.Aj  - 16:58:03.577 main &lt; org.aspectj.weaver.loadtime.Aj.preProcess byte[4834]
4058 [main] DEBUG org.aspectj.weaver.loadtime.Aj  - 16:58:03.578 main &gt; org.aspectj.weaver.loadtime.Aj.preProcess org.aspectj.weaver.loadtime.Aj@58027738 org/hibernate/event/PostInsertEvent, byte[1286], org.springframework.test.jpa.OrmXmlOverridingShadowingClassLoader@2bbf1be2
4058 [main] DEBUG org.aspectj.weaver.loadtime.Aj  - 16:58:03.578 main - org.aspectj.weaver.loadtime.Aj.preProcess org.aspectj.weaver.loadtime.Aj@58027738 sun.misc.Launcher$AppClassLoader@302b2c81, org.springframework.test.jpa.OrmXmlOverridingShadowingClassLoader@2bbf1be2
4058 [main] DEBUG org.aspectj.weaver.tools.WeavingAdaptor  - 16:58:03.578 main &gt; org.aspectj.weaver.tools.WeavingAdaptor.weaveClass org.aspectj.weaver.loadtime.ClassLoaderWeavingAdaptor@10b090ac org/hibernate/event/PostInsertEvent, byte[1286]
4058 [main] DEBUG org.aspectj.weaver.tools.WeavingAdaptor  - 16:58:03.578 main &lt; org.aspectj.weaver.tools.WeavingAdaptor.weaveClass false
4058 [main] DEBUG org.aspectj.weaver.loadtime.Aj  - 16:58:03.578 main &lt; org.aspectj.weaver.loadtime.Aj.preProcess byte[1286]
Hibernate: insert into property (value, pkey) values (?, ?)
Hibernate: insert into property (value, pkey) values (?, ?)
Hibernate: insert into property (value, pkey) values (?, ?)
Hibernate: insert into property (value, pkey) values (?, ?)
4059 [main] DEBUG org.aspectj.weaver.loadtime.Aj  - 16:58:03.579 main &gt; org.aspectj.weaver.loadtime.Aj.preProcess org.aspectj.weaver.loadtime.Aj@58027738 org/hsqldb/Transaction, byte[1362], org.springframework.test.jpa.OrmXmlOverridingShadowingClassLoader@2bbf1be2
4059 [main] DEBUG org.aspectj.weaver.loadtime.Aj  - 16:58:03.579 main - org.aspectj.weaver.loadtime.Aj.preProcess org.aspectj.weaver.loadtime.Aj@58027738 sun.misc.Launcher$AppClassLoader@302b2c81, org.springframework.test.jpa.OrmXmlOverridingShadowingClassLoader@2bbf1be2
4059 [main] DEBUG org.aspectj.weaver.tools.WeavingAdaptor  - 16:58:03.579 main &gt; org.aspectj.weaver.tools.WeavingAdaptor.weaveClass org.aspectj.weaver.loadtime.ClassLoaderWeavingAdaptor@10b090ac org/hsqldb/Transaction, byte[1362]
4059 [main] DEBUG org.aspectj.weaver.tools.WeavingAdaptor  - 16:58:03.579 main &lt; org.aspectj.weaver.tools.WeavingAdaptor.weaveClass false
4059 [main] DEBUG org.aspectj.weaver.loadtime.Aj  - 16:58:03.579 main &lt; org.aspectj.weaver.loadtime.Aj.preProcess byte[1362]
Hibernate: insert into role (role) values (?)
Hibernate: insert into role (role) values (?)
Hibernate: select user0_.login as login4_0_, user0_.creationDate as creation2_4_0_, user0_.dateFormat as dateFormat4_0_, user0_.email as email4_0_, user0_.enabled as enabled4_0_, user0_.firstName as firstName4_0_, user0_.lastAccessDate as lastAcce7_4_0_, user0_.lastName as lastName4_0_, user0_.password as password4_0_ from tuser user0_ where user0_.login=?
4062 [main] DEBUG org.aspectj.weaver.loadtime.Aj  - 16:58:03.582 main &gt; org.aspectj.weaver.loadtime.Aj.preProcess org.aspectj.weaver.loadtime.Aj@58027738 org/hibernate/event/def/WrapVisitor, byte[5962], org.springframework.test.jpa.OrmXmlOverridingShadowingClassLoader@2bbf1be2
4062 [main] DEBUG org.aspectj.weaver.loadtime.Aj  - 16:58:03.582 main - org.aspectj.weaver.loadtime.Aj.preProcess org.aspectj.weaver.loadtime.Aj@58027738 sun.misc.Launcher$AppClassLoader@302b2c81, org.springframework.test.jpa.OrmXmlOverridingShadowingClassLoader@2bbf1be2
4062 [main] DEBUG org.aspectj.weaver.tools.WeavingAdaptor  - 16:58:03.582 main &gt; org.aspectj.weaver.tools.WeavingAdaptor.weaveClass org.aspectj.weaver.loadtime.ClassLoaderWeavingAdaptor@10b090ac org/hibernate/event/def/WrapVisitor, byte[5962]
4062 [main] DEBUG org.aspectj.weaver.tools.WeavingAdaptor  - 16:58:03.582 main &lt; org.aspectj.weaver.tools.WeavingAdaptor.weaveClass false
4062 [main] DEBUG org.aspectj.weaver.loadtime.Aj  - 16:58:03.582 main &lt; org.aspectj.weaver.loadtime.Aj.preProcess byte[5962]
4062 [main] DEBUG org.aspectj.weaver.loadtime.Aj  - 16:58:03.582 main &gt; org.aspectj.weaver.loadtime.Aj.preProcess org.aspectj.weaver.loadtime.Aj@58027738 org/hibernate/event/def/ProxyVisitor, byte[2973], org.springframework.test.jpa.OrmXmlOverridingShadowingClassLoader@2bbf1be2
4062 [main] DEBUG org.aspectj.weaver.loadtime.Aj  - 16:58:03.582 main - org.aspectj.weaver.loadtime.Aj.preProcess org.aspectj.weaver.loadtime.Aj@58027738 sun.misc.Launcher$AppClassLoader@302b2c81, org.springframework.test.jpa.OrmXmlOverridingShadowingClassLoader@2bbf1be2
4062 [main] DEBUG org.aspectj.weaver.tools.WeavingAdaptor  - 16:58:03.582 main &gt; org.aspectj.weaver.tools.WeavingAdaptor.weaveClass org.aspectj.weaver.loadtime.ClassLoaderWeavingAdaptor@10b090ac org/hibernate/event/def/ProxyVisitor, byte[2973]
4062 [main] DEBUG org.aspectj.weaver.tools.WeavingAdaptor  - 16:58:03.582 main &lt; org.aspectj.weaver.tools.WeavingAdaptor.weaveClass false
4063 [main] DEBUG org.aspectj.weaver.loadtime.Aj  - 16:58:03.583 main &lt; org.aspectj.weaver.loadtime.Aj.preProcess byte[2973]
4063 [main] DEBUG org.aspectj.weaver.loadtime.Aj  - 16:58:03.583 main &gt; org.aspectj.weaver.loadtime.Aj.preProcess org.aspectj.weaver.loadtime.Aj@58027738 org/hibernate/event/def/AbstractVisitor, byte[3668], org.springframework.test.jpa.OrmXmlOverridingShadowingClassLoader@2bbf1be2
4063 [main] DEBUG org.aspectj.weaver.loadtime.Aj  - 16:58:03.583 main - org.aspectj.weaver.loadtime.Aj.preProcess org.aspectj.weaver.loadtime.Aj@58027738 sun.misc.Launcher$AppClassLoader@302b2c81, org.springframework.test.jpa.OrmXmlOverridingShadowingClassLoader@2bbf1be2
4063 [main] DEBUG org.aspectj.weaver.tools.WeavingAdaptor  - 16:58:03.583 main &gt; org.aspectj.weaver.tools.WeavingAdaptor.weaveClass org.aspectj.weaver.loadtime.ClassLoaderWeavingAdaptor@10b090ac org/hibernate/event/def/AbstractVisitor, byte[3668]
4063 [main] DEBUG org.aspectj.weaver.tools.WeavingAdaptor  - 16:58:03.583 main &lt; org.aspectj.weaver.tools.WeavingAdaptor.weaveClass false
4063 [main] DEBUG org.aspectj.weaver.loadtime.Aj  - 16:58:03.583 main &lt; org.aspectj.weaver.loadtime.Aj.preProcess byte[3668]
4064 [main] DEBUG org.aspectj.weaver.loadtime.Aj  - 16:58:03.584 main &gt; org.aspectj.weaver.loadtime.Aj.preProcess org.aspectj.weaver.loadtime.Aj@58027738 org/hibernate/collection/PersistentSet, byte[11041], org.springframework.test.jpa.OrmXmlOverridingShadowingClassLoader@2bbf1be2
4064 [main] DEBUG org.aspectj.weaver.loadtime.Aj  - 16:58:03.584 main - org.aspectj.weaver.loadtime.Aj.preProcess org.aspectj.weaver.loadtime.Aj@58027738 sun.misc.Launcher$AppClassLoader@302b2c81, org.springframework.test.jpa.OrmXmlOverridingShadowingClassLoader@2bbf1be2
4064 [main] DEBUG org.aspectj.weaver.tools.WeavingAdaptor  - 16:58:03.584 main &gt; org.aspectj.weaver.tools.WeavingAdaptor.weaveClass org.aspectj.weaver.loadtime.ClassLoaderWeavingAdaptor@10b090ac org/hibernate/collection/PersistentSet, byte[11041]
4064 [main] DEBUG org.aspectj.weaver.tools.WeavingAdaptor  - 16:58:03.584 main &lt; org.aspectj.weaver.tools.WeavingAdaptor.weaveClass false
4064 [main] DEBUG org.aspectj.weaver.loadtime.Aj  - 16:58:03.584 main &lt; org.aspectj.weaver.loadtime.Aj.preProcess byte[11041]
4065 [main] DEBUG org.aspectj.weaver.loadtime.Aj  - 16:58:03.585 main &gt; org.aspectj.weaver.loadtime.Aj.preProcess org.aspectj.weaver.loadtime.Aj@58027738 org/hibernate/collection/AbstractPersistentCollection, byte[14490], org.springframework.test.jpa.OrmXmlOverridingShadowingClassLoader@2bbf1be2
4065 [main] DEBUG org.aspectj.weaver.loadtime.Aj  - 16:58:03.585 main - org.aspectj.weaver.loadtime.Aj.preProcess org.aspectj.weaver.loadtime.Aj@58027738 sun.misc.Launcher$AppClassLoader@302b2c81, org.springframework.test.jpa.OrmXmlOverridingShadowingClassLoader@2bbf1be2
4065 [main] DEBUG org.aspectj.weaver.tools.WeavingAdaptor  - 16:58:03.585 main &gt; org.aspectj.weaver.tools.WeavingAdaptor.weaveClass org.aspectj.weaver.loadtime.ClassLoaderWeavingAdaptor@10b090ac org/hibernate/collection/AbstractPersistentCollection, byte[14490]
4065 [main] DEBUG org.aspectj.weaver.tools.WeavingAdaptor  - 16:58:03.585 main &lt; org.aspectj.weaver.tools.WeavingAdaptor.weaveClass false
4065 [main] DEBUG org.aspectj.weaver.loadtime.Aj  - 16:58:03.585 main &lt; org.aspectj.weaver.loadtime.Aj.preProcess byte[14490]
4066 [main] DEBUG org.aspectj.weaver.loadtime.Aj  - 16:58:03.586 main &gt; org.aspectj.weaver.loadtime.Aj.preProcess org.aspectj.weaver.loadtime.Aj@58027738 org/hibernate/engine/CollectionEntry, byte[9699], org.springframework.test.jpa.OrmXmlOverridingShadowingClassLoader@2bbf1be2
4066 [main] DEBUG org.aspectj.weaver.loadtime.Aj  - 16:58:03.586 main - org.aspectj.weaver.loadtime.Aj.preProcess org.aspectj.weaver.loadtime.Aj@58027738 sun.misc.Launcher$AppClassLoader@302b2c81, org.springframework.test.jpa.OrmXmlOverridingShadowingClassLoader@2bbf1be2
4066 [main] DEBUG org.aspectj.weaver.tools.WeavingAdaptor  - 16:58:03.586 main &gt; org.aspectj.weaver.tools.WeavingAdaptor.weaveClass org.aspectj.weaver.loadtime.ClassLoaderWeavingAdaptor@10b090ac org/hibernate/engine/CollectionEntry, byte[9699]
4066 [main] DEBUG org.aspectj.weaver.tools.WeavingAdaptor  - 16:58:03.586 main &lt; org.aspectj.weaver.tools.WeavingAdaptor.weaveClass false
4066 [main] DEBUG org.aspectj.weaver.loadtime.Aj  - 16:58:03.586 main &lt; org.aspectj.weaver.loadtime.Aj.preProcess byte[9699]
4068 [main] DEBUG org.aspectj.weaver.loadtime.Aj  - 16:58:03.588 main &gt; org.aspectj.weaver.loadtime.Aj.preProcess org.aspectj.weaver.loadtime.Aj@58027738 org/hibernate/event/MergeEvent, byte[2305], org.springframework.test.jpa.OrmXmlOverridingShadowingClassLoader@2bbf1be2
4068 [main] DEBUG org.aspectj.weaver.loadtime.Aj  - 16:58:03.588 main - org.aspectj.weaver.loadtime.Aj.preProcess org.aspectj.weaver.loadtime.Aj@58027738 sun.misc.Launcher$AppClassLoader@302b2c81, org.springframework.test.jpa.OrmXmlOverridingShadowingClassLoader@2bbf1be2
4068 [main] DEBUG org.aspectj.weaver.tools.WeavingAdaptor  - 16:58:03.588 main &gt; org.aspectj.weaver.tools.WeavingAdaptor.weaveClass org.aspectj.weaver.loadtime.ClassLoaderWeavingAdaptor@10b090ac org/hibernate/event/MergeEvent, byte[2305]
4068 [main] DEBUG org.aspectj.weaver.tools.WeavingAdaptor  - 16:58:03.588 main &lt; org.aspectj.weaver.tools.WeavingAdaptor.weaveClass false
4068 [main] DEBUG org.aspectj.weaver.loadtime.Aj  - 16:58:03.588 main &lt; org.aspectj.weaver.loadtime.Aj.preProcess byte[2305]
4069 [main] DEBUG org.aspectj.weaver.loadtime.Aj  - 16:58:03.588 main &gt; org.aspectj.weaver.loadtime.Aj.preProcess org.aspectj.weaver.loadtime.Aj@58027738 org/hibernate/collection/AbstractPersistentCollection$IteratorProxy, byte[1095], org.springframework.test.jpa.OrmXmlOverridingShadowingClassLoader@2bbf1be2
4069 [main] DEBUG org.aspectj.weaver.loadtime.Aj  - 16:58:03.589 main - org.aspectj.weaver.loadtime.Aj.preProcess org.aspectj.weaver.loadtime.Aj@58027738 sun.misc.Launcher$AppClassLoader@302b2c81, org.springframework.test.jpa.OrmXmlOverridingShadowingClassLoader@2bbf1be2
4069 [main] DEBUG org.aspectj.weaver.tools.WeavingAdaptor  - 16:58:03.589 main &gt; org.aspectj.weaver.tools.WeavingAdaptor.weaveClass org.aspectj.weaver.loadtime.ClassLoaderWeavingAdaptor@10b090ac org/hibernate/collection/AbstractPersistentCollection$IteratorProxy, byte[1095]
4069 [main] DEBUG org.aspectj.weaver.tools.WeavingAdaptor  - 16:58:03.589 main &lt; org.aspectj.weaver.tools.WeavingAdaptor.weaveClass false
4069 [main] DEBUG org.aspectj.weaver.loadtime.Aj  - 16:58:03.589 main &lt; org.aspectj.weaver.loadtime.Aj.preProcess byte[1095]
Hibernate: select user0_.login as login4_0_, user0_.creationDate as creation2_4_0_, user0_.dateFormat as dateFormat4_0_, user0_.email as email4_0_, user0_.enabled as enabled4_0_, user0_.firstName as firstName4_0_, user0_.lastAccessDate as lastAcce7_4_0_, user0_.lastName as lastName4_0_, user0_.password as password4_0_ from tuser user0_ where user0_.login=?
Hibernate: select property0_.pkey as pkey0_0_, property0_.value as value0_0_ from property property0_ where property0_.pkey=?
Hibernate: select property0_.pkey as pkey0_0_, property0_.value as value0_0_ from property property0_ where property0_.pkey=?
Hibernate: select property0_.pkey as pkey0_0_, property0_.value as value0_0_ from property property0_ where property0_.pkey=?
Hibernate: select property0_.pkey as pkey0_0_, property0_.value as value0_0_ from property property0_ where property0_.pkey=?
4072 [main] DEBUG org.aspectj.weaver.loadtime.Aj  - 16:58:03.592 main &gt; org.aspectj.weaver.loadtime.Aj.preProcess org.aspectj.weaver.loadtime.Aj@58027738 org/hibernate/event/def/FlushVisitor, byte[1796], org.springframework.test.jpa.OrmXmlOverridingShadowingClassLoader@2bbf1be2
4072 [main] DEBUG org.aspectj.weaver.loadtime.Aj  - 16:58:03.592 main - org.aspectj.weaver.loadtime.Aj.preProcess org.aspectj.weaver.loadtime.Aj@58027738 sun.misc.Launcher$AppClassLoader@302b2c81, org.springframework.test.jpa.OrmXmlOverridingShadowingClassLoader@2bbf1be2
4072 [main] DEBUG org.aspectj.weaver.tools.WeavingAdaptor  - 16:58:03.592 main &gt; org.aspectj.weaver.tools.WeavingAdaptor.weaveClass org.aspectj.weaver.loadtime.ClassLoaderWeavingAdaptor@10b090ac org/hibernate/event/def/FlushVisitor, byte[1796]
4072 [main] DEBUG org.aspectj.weaver.tools.WeavingAdaptor  - 16:58:03.592 main &lt; org.aspectj.weaver.tools.WeavingAdaptor.weaveClass false
4072 [main] DEBUG org.aspectj.weaver.loadtime.Aj  - 16:58:03.592 main &lt; org.aspectj.weaver.loadtime.Aj.preProcess byte[1796]
4073 [main] DEBUG org.aspectj.weaver.loadtime.Aj  - 16:58:03.593 main &gt; org.aspectj.weaver.loadtime.Aj.preProcess org.aspectj.weaver.loadtime.Aj@58027738 org/hibernate/engine/Collections, byte[8249], org.springframework.test.jpa.OrmXmlOverridingShadowingClassLoader@2bbf1be2
4073 [main] DEBUG org.aspectj.weaver.loadtime.Aj  - 16:58:03.593 main - org.aspectj.weaver.loadtime.Aj.preProcess org.aspectj.weaver.loadtime.Aj@58027738 sun.misc.Launcher$AppClassLoader@302b2c81, org.springframework.test.jpa.OrmXmlOverridingShadowingClassLoader@2bbf1be2
4073 [main] DEBUG org.aspectj.weaver.tools.WeavingAdaptor  - 16:58:03.593 main &gt; org.aspectj.weaver.tools.WeavingAdaptor.weaveClass org.aspectj.weaver.loadtime.ClassLoaderWeavingAdaptor@10b090ac org/hibernate/engine/Collections, byte[8249]
4073 [main] DEBUG org.aspectj.weaver.tools.WeavingAdaptor  - 16:58:03.593 main &lt; org.aspectj.weaver.tools.WeavingAdaptor.weaveClass false
4073 [main] DEBUG org.aspectj.weaver.loadtime.Aj  - 16:58:03.593 main &lt; org.aspectj.weaver.loadtime.Aj.preProcess byte[8249]
4074 [main] DEBUG org.aspectj.weaver.loadtime.Aj  - 16:58:03.594 main &gt; org.aspectj.weaver.loadtime.Aj.preProcess org.aspectj.weaver.loadtime.Aj@58027738 org/hibernate/action/CollectionRecreateAction, byte[4451], org.springframework.test.jpa.OrmXmlOverridingShadowingClassLoader@2bbf1be2
4074 [main] DEBUG org.aspectj.weaver.loadtime.Aj  - 16:58:03.594 main - org.aspectj.weaver.loadtime.Aj.preProcess org.aspectj.weaver.loadtime.Aj@58027738 sun.misc.Launcher$AppClassLoader@302b2c81, org.springframework.test.jpa.OrmXmlOverridingShadowingClassLoader@2bbf1be2
4074 [main] DEBUG org.aspectj.weaver.tools.WeavingAdaptor  - 16:58:03.594 main &gt; org.aspectj.weaver.tools.WeavingAdaptor.weaveClass org.aspectj.weaver.loadtime.ClassLoaderWeavingAdaptor@10b090ac org/hibernate/action/CollectionRecreateAction, byte[4451]
4074 [main] DEBUG org.aspectj.weaver.tools.WeavingAdaptor  - 16:58:03.594 main &lt; org.aspectj.weaver.tools.WeavingAdaptor.weaveClass false
4074 [main] DEBUG org.aspectj.weaver.loadtime.Aj  - 16:58:03.594 main &lt; org.aspectj.weaver.loadtime.Aj.preProcess byte[4451]
4074 [main] DEBUG org.aspectj.weaver.loadtime.Aj  - 16:58:03.594 main &gt; org.aspectj.weaver.loadtime.Aj.preProcess org.aspectj.weaver.loadtime.Aj@58027738 org/hibernate/action/CollectionAction, byte[5481], org.springframework.test.jpa.OrmXmlOverridingShadowingClassLoader@2bbf1be2
4074 [main] DEBUG org.aspectj.weaver.loadtime.Aj  - 16:58:03.594 main - org.aspectj.weaver.loadtime.Aj.preProcess org.aspectj.weaver.loadtime.Aj@58027738 sun.misc.Launcher$AppClassLoader@302b2c81, org.springframework.test.jpa.OrmXmlOverridingShadowingClassLoader@2bbf1be2
4074 [main] DEBUG org.aspectj.weaver.tools.WeavingAdaptor  - 16:58:03.594 main &gt; org.aspectj.weaver.tools.WeavingAdaptor.weaveClass org.aspectj.weaver.loadtime.ClassLoaderWeavingAdaptor@10b090ac org/hibernate/action/CollectionAction, byte[5481]
4074 [main] DEBUG org.aspectj.weaver.tools.WeavingAdaptor  - 16:58:03.594 main &lt; org.aspectj.weaver.tools.WeavingAdaptor.weaveClass false
4074 [main] DEBUG org.aspectj.weaver.loadtime.Aj  - 16:58:03.594 main &lt; org.aspectj.weaver.loadtime.Aj.preProcess byte[5481]
4075 [main] DEBUG org.aspectj.weaver.loadtime.Aj  - 16:58:03.595 main &gt; org.aspectj.weaver.loadtime.Aj.preProcess org.aspectj.weaver.loadtime.Aj@58027738 org/hibernate/cache/ReadWriteCache$Lock, byte[2507], org.springframework.test.jpa.OrmXmlOverridingShadowingClassLoader@2bbf1be2
4075 [main] DEBUG org.aspectj.weaver.loadtime.Aj  - 16:58:03.595 main - org.aspectj.weaver.loadtime.Aj.preProcess org.aspectj.weaver.loadtime.Aj@58027738 sun.misc.Launcher$AppClassLoader@302b2c81, org.springframework.test.jpa.OrmXmlOverridingShadowingClassLoader@2bbf1be2
4075 [main] DEBUG org.aspectj.weaver.tools.WeavingAdaptor  - 16:58:03.595 main &gt; org.aspectj.weaver.tools.WeavingAdaptor.weaveClass org.aspectj.weaver.loadtime.ClassLoaderWeavingAdaptor@10b090ac org/hibernate/cache/ReadWriteCache$Lock, byte[2507]
4075 [main] DEBUG org.aspectj.weaver.tools.WeavingAdaptor  - 16:58:03.595 main &lt; org.aspectj.weaver.tools.WeavingAdaptor.weaveClass false
4075 [main] DEBUG org.aspectj.weaver.loadtime.Aj  - 16:58:03.595 main &lt; org.aspectj.weaver.loadtime.Aj.preProcess byte[2507]
4076 [main] DEBUG org.aspectj.weaver.loadtime.Aj  - 16:58:03.596 main &gt; org.aspectj.weaver.loadtime.Aj.preProcess org.aspectj.weaver.loadtime.Aj@58027738 org/hibernate/cache/ReadWriteCache$Lockable, byte[462], org.springframework.test.jpa.OrmXmlOverridingShadowingClassLoader@2bbf1be2
4076 [main] DEBUG org.aspectj.weaver.loadtime.Aj  - 16:58:03.596 main - org.aspectj.weaver.loadtime.Aj.preProcess org.aspectj.weaver.loadtime.Aj@58027738 sun.misc.Launcher$AppClassLoader@302b2c81, org.springframework.test.jpa.OrmXmlOverridingShadowingClassLoader@2bbf1be2
4076 [main] DEBUG org.aspectj.weaver.tools.WeavingAdaptor  - 16:58:03.596 main &gt; org.aspectj.weaver.tools.WeavingAdaptor.weaveClass org.aspectj.weaver.loadtime.ClassLoaderWeavingAdaptor@10b090ac org/hibernate/cache/ReadWriteCache$Lockable, byte[462]
4076 [main] DEBUG org.aspectj.weaver.tools.WeavingAdaptor  - 16:58:03.596 main &lt; org.aspectj.weaver.tools.WeavingAdaptor.weaveClass false
4076 [main] DEBUG org.aspectj.weaver.loadtime.Aj  - 16:58:03.596 main &lt; org.aspectj.weaver.loadtime.Aj.preProcess byte[462]
Hibernate: insert into tuser (creationDate, dateFormat, email, enabled, firstName, lastAccessDate, lastName, password, login) values (?, ?, ?, ?, ?, ?, ?, ?, ?)
Hibernate: insert into todo_list (lastUpdate, name, rssAllowed, id) values (?, ?, ?, ?)
Hibernate: insert into todo (assignedUser_login, completed, completionDate, creationDate, description, dueDate, hasNotes, notes, priority, todoList_id, id) values (?, ?, ?, ?, ?, ?, ?, ?, ?, ?, ?)
Hibernate: insert into tuser (creationDate, dateFormat, email, enabled, firstName, lastAccessDate, lastName, password, login) values (?, ?, ?, ?, ?, ?, ?, ?, ?)
Hibernate: insert into todo_list (lastUpdate, name, rssAllowed, id) values (?, ?, ?, ?)
Hibernate: insert into todo (assignedUser_login, completed, completionDate, creationDate, description, dueDate, hasNotes, notes, priority, todoList_id, id) values (?, ?, ?, ?, ?, ?, ?, ?, ?, ?, ?)
Hibernate: insert into property (value, pkey) values (?, ?)
Hibernate: insert into property (value, pkey) values (?, ?)
Hibernate: insert into tuser_role (tuser_login, roles_role) values (?, ?)
Hibernate: insert into tuser_role (tuser_login, roles_role) values (?, ?)
Hibernate: insert into tuser_todo_list (users_login, todoLists_id) values (?, ?)
Hibernate: insert into tuser_role (tuser_login, roles_role) values (?, ?)
Hibernate: insert into tuser_todo_list (users_login, todoLists_id) values (?, ?)
4079 [main] DEBUG org.aspectj.weaver.loadtime.Aj  - 16:58:03.599 main &gt; org.aspectj.weaver.loadtime.Aj.preProcess org.aspectj.weaver.loadtime.Aj@58027738 org/hibernate/engine/CollectionKey, byte[3933], org.springframework.test.jpa.OrmXmlOverridingShadowingClassLoader@2bbf1be2
4079 [main] DEBUG org.aspectj.weaver.loadtime.Aj  - 16:58:03.599 main - org.aspectj.weaver.loadtime.Aj.preProcess org.aspectj.weaver.loadtime.Aj@58027738 sun.misc.Launcher$AppClassLoader@302b2c81, org.springframework.test.jpa.OrmXmlOverridingShadowingClassLoader@2bbf1be2
4079 [main] DEBUG org.aspectj.weaver.tools.WeavingAdaptor  - 16:58:03.599 main &gt; org.aspectj.weaver.tools.WeavingAdaptor.weaveClass org.aspectj.weaver.loadtime.ClassLoaderWeavingAdaptor@10b090ac org/hibernate/engine/CollectionKey, byte[3933]
4079 [main] DEBUG org.aspectj.weaver.tools.WeavingAdaptor  - 16:58:03.599 main &lt; org.aspectj.weaver.tools.WeavingAdaptor.weaveClass false
4079 [main] DEBUG org.aspectj.weaver.loadtime.Aj  - 16:58:03.599 main &lt; org.aspectj.weaver.loadtime.Aj.preProcess byte[3933]
4080 [main] DEBUG org.aspectj.weaver.loadtime.Aj  - 16:58:03.600 main &gt; org.aspectj.weaver.loadtime.Aj.preProcess org.aspectj.weaver.loadtime.Aj@58027738 org/hibernate/cache/ReadWriteCache$Item, byte[2045], org.springframework.test.jpa.OrmXmlOverridingShadowingClassLoader@2bbf1be2
4080 [main] DEBUG org.aspectj.weaver.loadtime.Aj  - 16:58:03.600 main - org.aspectj.weaver.loadtime.Aj.preProcess org.aspectj.weaver.loadtime.Aj@58027738 sun.misc.Launcher$AppClassLoader@302b2c81, org.springframework.test.jpa.OrmXmlOverridingShadowingClassLoader@2bbf1be2
4080 [main] DEBUG org.aspectj.weaver.tools.WeavingAdaptor  - 16:58:03.600 main &gt; org.aspectj.weaver.tools.WeavingAdaptor.weaveClass org.aspectj.weaver.loadtime.ClassLoaderWeavingAdaptor@10b090ac org/hibernate/cache/ReadWriteCache$Item, byte[2045]
4080 [main] DEBUG org.aspectj.weaver.tools.WeavingAdaptor  - 16:58:03.600 main &lt; org.aspectj.weaver.tools.WeavingAdaptor.weaveClass false
4080 [main] DEBUG org.aspectj.weaver.loadtime.Aj  - 16:58:03.600 main &lt; org.aspectj.weaver.loadtime.Aj.preProcess byte[2045]
4081 [main] DEBUG org.aspectj.weaver.loadtime.Aj  - 16:58:03.601 main &gt; org.aspectj.weaver.loadtime.Aj.preProcess org.aspectj.weaver.loadtime.Aj@58027738 org/apache/commons/collections/ReferenceMap$3, byte[1744], org.springframework.test.jpa.OrmXmlOverridingShadowingClassLoader@2bbf1be2
4081 [main] DEBUG org.aspectj.weaver.loadtime.Aj  - 16:58:03.601 main - org.aspectj.weaver.loadtime.Aj.preProcess org.aspectj.weaver.loadtime.Aj@58027738 sun.misc.Launcher$AppClassLoader@302b2c81, org.springframework.test.jpa.OrmXmlOverridingShadowingClassLoader@2bbf1be2
4081 [main] DEBUG org.aspectj.weaver.tools.WeavingAdaptor  - 16:58:03.601 main &gt; org.aspectj.weaver.tools.WeavingAdaptor.weaveClass org.aspectj.weaver.loadtime.ClassLoaderWeavingAdaptor@10b090ac org/apache/commons/collections/ReferenceMap$3, byte[1744]
4081 [main] DEBUG org.aspectj.weaver.tools.WeavingAdaptor  - 16:58:03.601 main &lt; org.aspectj.weaver.tools.WeavingAdaptor.weaveClass false
4081 [main] DEBUG org.aspectj.weaver.loadtime.Aj  - 16:58:03.601 main &lt; org.aspectj.weaver.loadtime.Aj.preProcess byte[1744]
4082 [main] DEBUG org.aspectj.weaver.loadtime.Aj  - 16:58:03.602 main &gt; org.aspectj.weaver.loadtime.Aj.preProcess org.aspectj.weaver.loadtime.Aj@58027738 org/apache/commons/collections/ReferenceMap$ValueIterator, byte[1243], org.springframework.test.jpa.OrmXmlOverridingShadowingClassLoader@2bbf1be2
4082 [main] DEBUG org.aspectj.weaver.loadtime.Aj  - 16:58:03.602 main - org.aspectj.weaver.loadtime.Aj.preProcess org.aspectj.weaver.loadtime.Aj@58027738 sun.misc.Launcher$AppClassLoader@302b2c81, org.springframework.test.jpa.OrmXmlOverridingShadowingClassLoader@2bbf1be2
4082 [main] DEBUG org.aspectj.weaver.tools.WeavingAdaptor  - 16:58:03.602 main &gt; org.aspectj.weaver.tools.WeavingAdaptor.weaveClass org.aspectj.weaver.loadtime.ClassLoaderWeavingAdaptor@10b090ac org/apache/commons/collections/ReferenceMap$ValueIterator, byte[1243]
4082 [main] DEBUG org.aspectj.weaver.tools.WeavingAdaptor  - 16:58:03.602 main &lt; org.aspectj.weaver.tools.WeavingAdaptor.weaveClass false
4082 [main] DEBUG org.aspectj.weaver.loadtime.Aj  - 16:58:03.602 main &lt; org.aspectj.weaver.loadtime.Aj.preProcess byte[1243]
4082 [main] DEBUG org.aspectj.weaver.loadtime.Aj  - 16:58:03.602 main &gt; org.aspectj.weaver.loadtime.Aj.preProcess org.aspectj.weaver.loadtime.Aj@58027738 org/apache/commons/collections/ReferenceMap$EntryIterator, byte[2503], org.springframework.test.jpa.OrmXmlOverridingShadowingClassLoader@2bbf1be2
4082 [main] DEBUG org.aspectj.weaver.loadtime.Aj  - 16:58:03.602 main - org.aspectj.weaver.loadtime.Aj.preProcess org.aspectj.weaver.loadtime.Aj@58027738 sun.misc.Launcher$AppClassLoader@302b2c81, org.springframework.test.jpa.OrmXmlOverridingShadowingClassLoader@2bbf1be2
4083 [main] DEBUG org.aspectj.weaver.tools.WeavingAdaptor  - 16:58:03.603 main &gt; org.aspectj.weaver.tools.WeavingAdaptor.weaveClass org.aspectj.weaver.loadtime.ClassLoaderWeavingAdaptor@10b090ac org/apache/commons/collections/ReferenceMap$EntryIterator, byte[2503]
4083 [main] DEBUG org.aspectj.weaver.tools.WeavingAdaptor  - 16:58:03.603 main &lt; org.aspectj.weaver.tools.WeavingAdaptor.weaveClass false
4083 [main] DEBUG org.aspectj.weaver.loadtime.Aj  - 16:58:03.603 main &lt; org.aspectj.weaver.loadtime.Aj.preProcess byte[2503]
4083 [main] DEBUG org.aspectj.weaver.loadtime.Aj  - 16:58:03.603 main &gt; org.aspectj.weaver.loadtime.Aj.preProcess org.aspectj.weaver.loadtime.Aj@58027738 tudu/integration/IntegrationTest, byte[7366], org.springframework.test.jpa.OrmXmlOverridingShadowingClassLoader@2bbf1be2
4083 [main] DEBUG org.aspectj.weaver.loadtime.Aj  - 16:58:03.603 main - org.aspectj.weaver.loadtime.Aj.preProcess org.aspectj.weaver.loadtime.Aj@58027738 sun.misc.Launcher$AppClassLoader@302b2c81, org.springframework.test.jpa.OrmXmlOverridingShadowingClassLoader@2bbf1be2
4083 [main] DEBUG org.aspectj.weaver.tools.WeavingAdaptor  - 16:58:03.603 main &gt; org.aspectj.weaver.tools.WeavingAdaptor.weaveClass org.aspectj.weaver.loadtime.ClassLoaderWeavingAdaptor@10b090ac tudu/integration/IntegrationTest, byte[7366]
4084 [main] DEBUG org.aspectj.weaver.tools.WeavingAdaptor  - 16:58:03.604 main &lt; org.aspectj.weaver.tools.WeavingAdaptor.weaveClass false
4084 [main] DEBUG org.aspectj.weaver.loadtime.Aj  - 16:58:03.604 main &lt; org.aspectj.weaver.loadtime.Aj.preProcess byte[7366]
4084 [main] DEBUG org.aspectj.weaver.loadtime.Aj  - 16:58:03.604 main &gt; org.aspectj.weaver.loadtime.Aj.preProcess org.aspectj.weaver.loadtime.Aj@58027738 org/springframework/test/jpa/AbstractAspectjJpaTests, byte[1233], org.springframework.test.jpa.OrmXmlOverridingShadowingClassLoader@2bbf1be2
4085 [main] DEBUG org.aspectj.weaver.loadtime.Aj  - 16:58:03.604 main - org.aspectj.weaver.loadtime.Aj.preProcess org.aspectj.weaver.loadtime.Aj@58027738 sun.misc.Launcher$AppClassLoader@302b2c81, org.springframework.test.jpa.OrmXmlOverridingShadowingClassLoader@2bbf1be2
4085 [main] DEBUG org.aspectj.weaver.tools.WeavingAdaptor  - 16:58:03.605 main &gt; org.aspectj.weaver.tools.WeavingAdaptor.weaveClass org.aspectj.weaver.loadtime.ClassLoaderWeavingAdaptor@10b090ac org/springframework/test/jpa/AbstractAspectjJpaTests, byte[1233]
4085 [main] DEBUG org.aspectj.weaver.tools.WeavingAdaptor  - 16:58:03.605 main &lt; org.aspectj.weaver.tools.WeavingAdaptor.weaveClass false
4085 [main] DEBUG org.aspectj.weaver.loadtime.Aj  - 16:58:03.605 main &lt; org.aspectj.weaver.loadtime.Aj.preProcess byte[1233]
4085 [main] DEBUG org.aspectj.weaver.loadtime.Aj  - 16:58:03.605 main &gt; org.aspectj.weaver.loadtime.Aj.preProcess org.aspectj.weaver.loadtime.Aj@58027738 org/springframework/test/jpa/AbstractJpaTests, byte[7770], org.springframework.test.jpa.OrmXmlOverridingShadowingClassLoader@2bbf1be2
4085 [main] DEBUG org.aspectj.weaver.loadtime.Aj  - 16:58:03.605 main - org.aspectj.weaver.loadtime.Aj.preProcess org.aspectj.weaver.loadtime.Aj@58027738 sun.misc.Launcher$AppClassLoader@302b2c81, org.springframework.test.jpa.OrmXmlOverridingShadowingClassLoader@2bbf1be2
4085 [main] DEBUG org.aspectj.weaver.tools.WeavingAdaptor  - 16:58:03.605 main &gt; org.aspectj.weaver.tools.WeavingAdaptor.weaveClass org.aspectj.weaver.loadtime.ClassLoaderWeavingAdaptor@10b090ac org/springframework/test/jpa/AbstractJpaTests, byte[7770]
4085 [main] DEBUG org.aspectj.weaver.tools.WeavingAdaptor  - 16:58:03.605 main &lt; org.aspectj.weaver.tools.WeavingAdaptor.weaveClass false
4085 [main] DEBUG org.aspectj.weaver.loadtime.Aj  - 16:58:03.605 main &lt; org.aspectj.weaver.loadtime.Aj.preProcess byte[7770]
4086 [main] DEBUG org.aspectj.weaver.loadtime.Aj  - 16:58:03.606 main &gt; org.aspectj.weaver.loadtime.Aj.preProcess org.aspectj.weaver.loadtime.Aj@58027738 org/springframework/test/annotation/AbstractAnnotationAwareTransactionalTests, byte[9506], org.springframework.test.jpa.OrmXmlOverridingShadowingClassLoader@2bbf1be2
4086 [main] DEBUG org.aspectj.weaver.loadtime.Aj  - 16:58:03.606 main - org.aspectj.weaver.loadtime.Aj.preProcess org.aspectj.weaver.loadtime.Aj@58027738 sun.misc.Launcher$AppClassLoader@302b2c81, org.springframework.test.jpa.OrmXmlOverridingShadowingClassLoader@2bbf1be2
4086 [main] DEBUG org.aspectj.weaver.tools.WeavingAdaptor  - 16:58:03.606 main &gt; org.aspectj.weaver.tools.WeavingAdaptor.weaveClass org.aspectj.weaver.loadtime.ClassLoaderWeavingAdaptor@10b090ac org/springframework/test/annotation/AbstractAnnotationAwareTransactionalTests, byte[9506]
4086 [main] DEBUG org.aspectj.weaver.tools.WeavingAdaptor  - 16:58:03.606 main &lt; org.aspectj.weaver.tools.WeavingAdaptor.weaveClass false
4086 [main] DEBUG org.aspectj.weaver.loadtime.Aj  - 16:58:03.606 main &lt; org.aspectj.weaver.loadtime.Aj.preProcess byte[9506]
4087 [main] DEBUG org.aspectj.weaver.loadtime.Aj  - 16:58:03.607 main &gt; org.aspectj.weaver.loadtime.Aj.preProcess org.aspectj.weaver.loadtime.Aj@58027738 org/springframework/test/AbstractTransactionalDataSourceSpringContextTests, byte[5008], org.springframework.test.jpa.OrmXmlOverridingShadowingClassLoader@2bbf1be2
4087 [main] DEBUG org.aspectj.weaver.loadtime.Aj  - 16:58:03.607 main - org.aspectj.weaver.loadtime.Aj.preProcess org.aspectj.weaver.loadtime.Aj@58027738 sun.misc.Launcher$AppClassLoader@302b2c81, org.springframework.test.jpa.OrmXmlOverridingShadowingClassLoader@2bbf1be2
4087 [main] DEBUG org.aspectj.weaver.tools.WeavingAdaptor  - 16:58:03.607 main &gt; org.aspectj.weaver.tools.WeavingAdaptor.weaveClass org.aspectj.weaver.loadtime.ClassLoaderWeavingAdaptor@10b090ac org/springframework/test/AbstractTransactionalDataSourceSpringContextTests, byte[5008]
4087 [main] DEBUG org.aspectj.weaver.tools.WeavingAdaptor  - 16:58:03.607 main &lt; org.aspectj.weaver.tools.WeavingAdaptor.weaveClass false
4087 [main] DEBUG org.aspectj.weaver.loadtime.Aj  - 16:58:03.607 main &lt; org.aspectj.weaver.loadtime.Aj.preProcess byte[5008]
4088 [main] DEBUG org.aspectj.weaver.loadtime.Aj  - 16:58:03.608 main &gt; org.aspectj.weaver.loadtime.Aj.preProcess org.aspectj.weaver.loadtime.Aj@58027738 org/springframework/test/AbstractTransactionalSpringContextTests, byte[4888], org.springframework.test.jpa.OrmXmlOverridingShadowingClassLoader@2bbf1be2
4088 [main] DEBUG org.aspectj.weaver.loadtime.Aj  - 16:58:03.608 main - org.aspectj.weaver.loadtime.Aj.preProcess org.aspectj.weaver.loadtime.Aj@58027738 sun.misc.Launcher$AppClassLoader@302b2c81, org.springframework.test.jpa.OrmXmlOverridingShadowingClassLoader@2bbf1be2
4088 [main] DEBUG org.aspectj.weaver.tools.WeavingAdaptor  - 16:58:03.608 main &gt; org.aspectj.weaver.tools.WeavingAdaptor.weaveClass org.aspectj.weaver.loadtime.ClassLoaderWeavingAdaptor@10b090ac org/springframework/test/AbstractTransactionalSpringContextTests, byte[4888]
4088 [main] DEBUG org.aspectj.weaver.tools.WeavingAdaptor  - 16:58:03.608 main &lt; org.aspectj.weaver.tools.WeavingAdaptor.weaveClass false
4088 [main] DEBUG org.aspectj.weaver.loadtime.Aj  - 16:58:03.608 main &lt; org.aspectj.weaver.loadtime.Aj.preProcess byte[4888]
4088 [main] DEBUG org.aspectj.weaver.loadtime.Aj  - 16:58:03.608 main &gt; org.aspectj.weaver.loadtime.Aj.preProcess org.aspectj.weaver.loadtime.Aj@58027738 org/springframework/test/AbstractDependencyInjectionSpringContextTests, byte[6838], org.springframework.test.jpa.OrmXmlOverridingShadowingClassLoader@2bbf1be2
4089 [main] DEBUG org.aspectj.weaver.loadtime.Aj  - 16:58:03.609 main - org.aspectj.weaver.loadtime.Aj.preProcess org.aspectj.weaver.loadtime.Aj@58027738 sun.misc.Launcher$AppClassLoader@302b2c81, org.springframework.test.jpa.OrmXmlOverridingShadowingClassLoader@2bbf1be2
4089 [main] DEBUG org.aspectj.weaver.tools.WeavingAdaptor  - 16:58:03.609 main &gt; org.aspectj.weaver.tools.WeavingAdaptor.weaveClass org.aspectj.weaver.loadtime.ClassLoaderWeavingAdaptor@10b090ac org/springframework/test/AbstractDependencyInjectionSpringContextTests, byte[6838]
4089 [main] DEBUG org.aspectj.weaver.tools.WeavingAdaptor  - 16:58:03.609 main &lt; org.aspectj.weaver.tools.WeavingAdaptor.weaveClass false
4089 [main] DEBUG org.aspectj.weaver.loadtime.Aj  - 16:58:03.609 main &lt; org.aspectj.weaver.loadtime.Aj.preProcess byte[6838]
4089 [main] DEBUG org.aspectj.weaver.loadtime.Aj  - 16:58:03.609 main &gt; org.aspectj.weaver.loadtime.Aj.preProcess org.aspectj.weaver.loadtime.Aj@58027738 org/springframework/test/AbstractSingleSpringContextTests, byte[5317], org.springframework.test.jpa.OrmXmlOverridingShadowingClassLoader@2bbf1be2
4089 [main] DEBUG org.aspectj.weaver.loadtime.Aj  - 16:58:03.609 main - org.aspectj.weaver.loadtime.Aj.preProcess org.aspectj.weaver.loadtime.Aj@58027738 sun.misc.Launcher$AppClassLoader@302b2c81, org.springframework.test.jpa.OrmXmlOverridingShadowingClassLoader@2bbf1be2
4089 [main] DEBUG org.aspectj.weaver.tools.WeavingAdaptor  - 16:58:03.609 main &gt; org.aspectj.weaver.tools.WeavingAdaptor.weaveClass org.aspectj.weaver.loadtime.ClassLoaderWeavingAdaptor@10b090ac org/springframework/test/AbstractSingleSpringContextTests, byte[5317]
4089 [main] DEBUG org.aspectj.weaver.tools.WeavingAdaptor  - 16:58:03.609 main &lt; org.aspectj.weaver.tools.WeavingAdaptor.weaveClass false
4089 [main] DEBUG org.aspectj.weaver.loadtime.Aj  - 16:58:03.609 main &lt; org.aspectj.weaver.loadtime.Aj.preProcess byte[5317]
4090 [main] DEBUG org.aspectj.weaver.loadtime.Aj  - 16:58:03.610 main &gt; org.aspectj.weaver.loadtime.Aj.preProcess org.aspectj.weaver.loadtime.Aj@58027738 org/springframework/test/AbstractSpringContextTests, byte[2640], org.springframework.test.jpa.OrmXmlOverridingShadowingClassLoader@2bbf1be2
4090 [main] DEBUG org.aspectj.weaver.loadtime.Aj  - 16:58:03.610 main - org.aspectj.weaver.loadtime.Aj.preProcess org.aspectj.weaver.loadtime.Aj@58027738 sun.misc.Launcher$AppClassLoader@302b2c81, org.springframework.test.jpa.OrmXmlOverridingShadowingClassLoader@2bbf1be2
4090 [main] DEBUG org.aspectj.weaver.tools.WeavingAdaptor  - 16:58:03.610 main &gt; org.aspectj.weaver.tools.WeavingAdaptor.weaveClass org.aspectj.weaver.loadtime.ClassLoaderWeavingAdaptor@10b090ac org/springframework/test/AbstractSpringContextTests, byte[2640]
4090 [main] DEBUG org.aspectj.weaver.tools.WeavingAdaptor  - 16:58:03.610 main &lt; org.aspectj.weaver.tools.WeavingAdaptor.weaveClass false
4090 [main] DEBUG org.aspectj.weaver.loadtime.Aj  - 16:58:03.610 main &lt; org.aspectj.weaver.loadtime.Aj.preProcess byte[2640]
4091 [main] DEBUG org.aspectj.weaver.loadtime.Aj  - 16:58:03.611 main &gt; org.aspectj.weaver.loadtime.Aj.preProcess org.aspectj.weaver.loadtime.Aj@58027738 org/springframework/test/ConditionalTestCase, byte[1738], org.springframework.test.jpa.OrmXmlOverridingShadowingClassLoader@2bbf1be2
4091 [main] DEBUG org.aspectj.weaver.loadtime.Aj  - 16:58:03.611 main - org.aspectj.weaver.loadtime.Aj.preProcess org.aspectj.weaver.loadtime.Aj@58027738 sun.misc.Launcher$AppClassLoader@302b2c81, org.springframework.test.jpa.OrmXmlOverridingShadowingClassLoader@2bbf1be2
4091 [main] DEBUG org.aspectj.weaver.tools.WeavingAdaptor  - 16:58:03.611 main &gt; org.aspectj.weaver.tools.WeavingAdaptor.weaveClass org.aspectj.weaver.loadtime.ClassLoaderWeavingAdaptor@10b090ac org/springframework/test/ConditionalTestCase, byte[1738]
4091 [main] DEBUG org.aspectj.weaver.tools.WeavingAdaptor  - 16:58:03.611 main &lt; org.aspectj.weaver.tools.WeavingAdaptor.weaveClass false
4091 [main] DEBUG org.aspectj.weaver.loadtime.Aj  - 16:58:03.611 main &lt; org.aspectj.weaver.loadtime.Aj.preProcess byte[1738]
4092 [main] DEBUG org.aspectj.weaver.loadtime.Aj  - 16:58:03.612 main &gt; org.aspectj.weaver.loadtime.Aj.preProcess org.aspectj.weaver.loadtime.Aj@58027738 org/springframework/jdbc/core/JdbcOperations, byte[5547], org.springframework.test.jpa.OrmXmlOverridingShadowingClassLoader@2bbf1be2
4092 [main] DEBUG org.aspectj.weaver.loadtime.Aj  - 16:58:03.612 main - org.aspectj.weaver.loadtime.Aj.preProcess org.aspectj.weaver.loadtime.Aj@58027738 sun.misc.Launcher$AppClassLoader@302b2c81, org.springframework.test.jpa.OrmXmlOverridingShadowingClassLoader@2bbf1be2
4092 [main] DEBUG org.aspectj.weaver.tools.WeavingAdaptor  - 16:58:03.612 main &gt; org.aspectj.weaver.tools.WeavingAdaptor.weaveClass org.aspectj.weaver.loadtime.ClassLoaderWeavingAdaptor@10b090ac org/springframework/jdbc/core/JdbcOperations, byte[5547]
4093 [main] DEBUG org.aspectj.weaver.tools.WeavingAdaptor  - 16:58:03.613 main &lt; org.aspectj.weaver.tools.WeavingAdaptor.weaveClass false
4093 [main] DEBUG org.aspectj.weaver.loadtime.Aj  - 16:58:03.613 main &lt; org.aspectj.weaver.loadtime.Aj.preProcess byte[5547]
4093 [main] DEBUG org.aspectj.weaver.loadtime.Aj  - 16:58:03.613 main &gt; org.aspectj.weaver.loadtime.Aj.preProcess org.aspectj.weaver.loadtime.Aj@58027738 org/springframework/test/annotation/AbstractAnnotationAwareTransactionalTests$TestExecutionCallback, byte[427], org.springframework.test.jpa.OrmXmlOverridingShadowingClassLoader@2bbf1be2
4093 [main] DEBUG org.aspectj.weaver.loadtime.Aj  - 16:58:03.613 main - org.aspectj.weaver.loadtime.Aj.preProcess org.aspectj.weaver.loadtime.Aj@58027738 sun.misc.Launcher$AppClassLoader@302b2c81, org.springframework.test.jpa.OrmXmlOverridingShadowingClassLoader@2bbf1be2
4093 [main] DEBUG org.aspectj.weaver.tools.WeavingAdaptor  - 16:58:03.613 main &gt; org.aspectj.weaver.tools.WeavingAdaptor.weaveClass org.aspectj.weaver.loadtime.ClassLoaderWeavingAdaptor@10b090ac org/springframework/test/annotation/AbstractAnnotationAwareTransactionalTests$TestExecutionCallback, byte[427]
4093 [main] DEBUG org.aspectj.weaver.tools.WeavingAdaptor  - 16:58:03.613 main &lt; org.aspectj.weaver.tools.WeavingAdaptor.weaveClass false
4093 [main] DEBUG org.aspectj.weaver.loadtime.Aj  - 16:58:03.613 main &lt; org.aspectj.weaver.loadtime.Aj.preProcess byte[427]
4094 [main] DEBUG org.aspectj.weaver.loadtime.Aj  - 16:58:03.614 main &gt; org.aspectj.weaver.loadtime.Aj.preProcess org.aspectj.weaver.loadtime.Aj@58027738 org/springframework/test/annotation/ProfileValueSource, byte[208], org.springframework.test.jpa.OrmXmlOverridingShadowingClassLoader@2bbf1be2
4094 [main] DEBUG org.aspectj.weaver.loadtime.Aj  - 16:58:03.614 main - org.aspectj.weaver.loadtime.Aj.preProcess org.aspectj.weaver.loadtime.Aj@58027738 sun.misc.Launcher$AppClassLoader@302b2c81, org.springframework.test.jpa.OrmXmlOverridingShadowingClassLoader@2bbf1be2
4094 [main] DEBUG org.aspectj.weaver.tools.WeavingAdaptor  - 16:58:03.614 main &gt; org.aspectj.weaver.tools.WeavingAdaptor.weaveClass org.aspectj.weaver.loadtime.ClassLoaderWeavingAdaptor@10b090ac org/springframework/test/annotation/ProfileValueSource, byte[208]
4094 [main] DEBUG org.aspectj.weaver.tools.WeavingAdaptor  - 16:58:03.614 main &lt; org.aspectj.weaver.tools.WeavingAdaptor.weaveClass false
4094 [main] DEBUG org.aspectj.weaver.loadtime.Aj  - 16:58:03.614 main &lt; org.aspectj.weaver.loadtime.Aj.preProcess byte[208]
4095 [main] DEBUG org.aspectj.weaver.loadtime.Aj  - 16:58:03.615 main &gt; org.aspectj.weaver.loadtime.Aj.preProcess org.aspectj.weaver.loadtime.Aj@58027738 org/acegisecurity/context/SecurityContext, byte[300], org.springframework.test.jpa.OrmXmlOverridingShadowingClassLoader@2bbf1be2
4095 [main] DEBUG org.aspectj.weaver.loadtime.Aj  - 16:58:03.615 main - org.aspectj.weaver.loadtime.Aj.preProcess org.aspectj.weaver.loadtime.Aj@58027738 sun.misc.Launcher$AppClassLoader@302b2c81, org.springframework.test.jpa.OrmXmlOverridingShadowingClassLoader@2bbf1be2
4095 [main] DEBUG org.aspectj.weaver.tools.WeavingAdaptor  - 16:58:03.615 main &gt; org.aspectj.weaver.tools.WeavingAdaptor.weaveClass org.aspectj.weaver.loadtime.ClassLoaderWeavingAdaptor@10b090ac org/acegisecurity/context/SecurityContext, byte[300]
4095 [main] DEBUG org.aspectj.weaver.tools.WeavingAdaptor  - 16:58:03.615 main &lt; org.aspectj.weaver.tools.WeavingAdaptor.weaveClass false
4095 [main] DEBUG org.aspectj.weaver.loadtime.Aj  - 16:58:03.615 main &lt; org.aspectj.weaver.loadtime.Aj.preProcess byte[300]
4095 [main] DEBUG org.aspectj.weaver.loadtime.Aj  - 16:58:03.615 main &gt; org.aspectj.weaver.loadtime.Aj.preProcess org.aspectj.weaver.loadtime.Aj@58027738 org/springframework/test/annotation/SystemProfileValueSource, byte[981], org.springframework.test.jpa.OrmXmlOverridingShadowingClassLoader@2bbf1be2
4096 [main] DEBUG org.aspectj.weaver.loadtime.Aj  - 16:58:03.615 main - org.aspectj.weaver.loadtime.Aj.preProcess org.aspectj.weaver.loadtime.Aj@58027738 sun.misc.Launcher$AppClassLoader@302b2c81, org.springframework.test.jpa.OrmXmlOverridingShadowingClassLoader@2bbf1be2
4096 [main] DEBUG org.aspectj.weaver.tools.WeavingAdaptor  - 16:58:03.616 main &gt; org.aspectj.weaver.tools.WeavingAdaptor.weaveClass org.aspectj.weaver.loadtime.ClassLoaderWeavingAdaptor@10b090ac org/springframework/test/annotation/SystemProfileValueSource, byte[981]
4096 [main] DEBUG org.aspectj.weaver.tools.WeavingAdaptor  - 16:58:03.616 main &lt; org.aspectj.weaver.tools.WeavingAdaptor.weaveClass false
4096 [main] DEBUG org.aspectj.weaver.loadtime.Aj  - 16:58:03.616 main &lt; org.aspectj.weaver.loadtime.Aj.preProcess byte[981]
4096 [main] DEBUG org.aspectj.weaver.loadtime.Aj  - 16:58:03.616 main &gt; org.aspectj.weaver.loadtime.Aj.preProcess org.aspectj.weaver.loadtime.Aj@58027738 org/springframework/test/annotation/ProfileValueUtils, byte[5363], org.springframework.test.jpa.OrmXmlOverridingShadowingClassLoader@2bbf1be2
4096 [main] DEBUG org.aspectj.weaver.loadtime.Aj  - 16:58:03.616 main - org.aspectj.weaver.loadtime.Aj.preProcess org.aspectj.weaver.loadtime.Aj@58027738 sun.misc.Launcher$AppClassLoader@302b2c81, org.springframework.test.jpa.OrmXmlOverridingShadowingClassLoader@2bbf1be2
4096 [main] DEBUG org.aspectj.weaver.tools.WeavingAdaptor  - 16:58:03.616 main &gt; org.aspectj.weaver.tools.WeavingAdaptor.weaveClass org.aspectj.weaver.loadtime.ClassLoaderWeavingAdaptor@10b090ac org/springframework/test/annotation/ProfileValueUtils, byte[5363]
4096 [main] DEBUG org.aspectj.weaver.tools.WeavingAdaptor  - 16:58:03.616 main &lt; org.aspectj.weaver.tools.WeavingAdaptor.weaveClass false
4096 [main] DEBUG org.aspectj.weaver.loadtime.Aj  - 16:58:03.616 main &lt; org.aspectj.weaver.loadtime.Aj.preProcess byte[5363]
4097 [main] DEBUG org.aspectj.weaver.loadtime.Aj  - 16:58:03.617 main &gt; org.aspectj.weaver.loadtime.Aj.preProcess org.aspectj.weaver.loadtime.Aj@58027738 org/springframework/test/annotation/ProfileValueSourceConfiguration, byte[753], org.springframework.test.jpa.OrmXmlOverridingShadowingClassLoader@2bbf1be2
4097 [main] DEBUG org.aspectj.weaver.loadtime.Aj  - 16:58:03.617 main - org.aspectj.weaver.loadtime.Aj.preProcess org.aspectj.weaver.loadtime.Aj@58027738 sun.misc.Launcher$AppClassLoader@302b2c81, org.springframework.test.jpa.OrmXmlOverridingShadowingClassLoader@2bbf1be2
4097 [main] DEBUG org.aspectj.weaver.tools.WeavingAdaptor  - 16:58:03.617 main &gt; org.aspectj.weaver.tools.WeavingAdaptor.weaveClass org.aspectj.weaver.loadtime.ClassLoaderWeavingAdaptor@10b090ac org/springframework/test/annotation/ProfileValueSourceConfiguration, byte[753]
4097 [main] DEBUG org.aspectj.weaver.tools.WeavingAdaptor  - 16:58:03.617 main &lt; org.aspectj.weaver.tools.WeavingAdaptor.weaveClass false
4097 [main] DEBUG org.aspectj.weaver.loadtime.Aj  - 16:58:03.617 main &lt; org.aspectj.weaver.loadtime.Aj.preProcess byte[753]
4098 [main] DEBUG org.aspectj.weaver.loadtime.Aj  - 16:58:03.618 main &gt; org.aspectj.weaver.loadtime.Aj.preProcess org.aspectj.weaver.loadtime.Aj@58027738 org/springframework/jdbc/core/JdbcTemplate, byte[33191], org.springframework.test.jpa.OrmXmlOverridingShadowingClassLoader@2bbf1be2
4098 [main] DEBUG org.aspectj.weaver.loadtime.Aj  - 16:58:03.618 main - org.aspectj.weaver.loadtime.Aj.preProcess org.aspectj.weaver.loadtime.Aj@58027738 sun.misc.Launcher$AppClassLoader@302b2c81, org.springframework.test.jpa.OrmXmlOverridingShadowingClassLoader@2bbf1be2
4098 [main] DEBUG org.aspectj.weaver.tools.WeavingAdaptor  - 16:58:03.618 main &gt; org.aspectj.weaver.tools.WeavingAdaptor.weaveClass org.aspectj.weaver.loadtime.ClassLoaderWeavingAdaptor@10b090ac org/springframework/jdbc/core/JdbcTemplate, byte[33191]
4098 [main] DEBUG org.aspectj.weaver.tools.WeavingAdaptor  - 16:58:03.618 main &lt; org.aspectj.weaver.tools.WeavingAdaptor.weaveClass false
4098 [main] DEBUG org.aspectj.weaver.loadtime.Aj  - 16:58:03.618 main &lt; org.aspectj.weaver.loadtime.Aj.preProcess byte[33191]
4098 [main] DEBUG org.aspectj.weaver.loadtime.Aj  - 16:58:03.618 main &gt; org.aspectj.weaver.loadtime.Aj.preProcess org.aspectj.weaver.loadtime.Aj@58027738 org/springframework/jdbc/support/JdbcAccessor, byte[2170], org.springframework.test.jpa.OrmXmlOverridingShadowingClassLoader@2bbf1be2
4099 [main] DEBUG org.aspectj.weaver.loadtime.Aj  - 16:58:03.618 main - org.aspectj.weaver.loadtime.Aj.preProcess org.aspectj.weaver.loadtime.Aj@58027738 sun.misc.Launcher$AppClassLoader@302b2c81, org.springframework.test.jpa.OrmXmlOverridingShadowingClassLoader@2bbf1be2
4099 [main] DEBUG org.aspectj.weaver.tools.WeavingAdaptor  - 16:58:03.619 main &gt; org.aspectj.weaver.tools.WeavingAdaptor.weaveClass org.aspectj.weaver.loadtime.ClassLoaderWeavingAdaptor@10b090ac org/springframework/jdbc/support/JdbcAccessor, byte[2170]
4099 [main] DEBUG org.aspectj.weaver.tools.WeavingAdaptor  - 16:58:03.619 main &lt; org.aspectj.weaver.tools.WeavingAdaptor.weaveClass false
4099 [main] DEBUG org.aspectj.weaver.loadtime.Aj  - 16:58:03.619 main &lt; org.aspectj.weaver.loadtime.Aj.preProcess byte[2170]
4099 [main] DEBUG org.aspectj.weaver.loadtime.Aj  - 16:58:03.619 main &gt; org.aspectj.weaver.loadtime.Aj.preProcess org.aspectj.weaver.loadtime.Aj@58027738 org/springframework/instrument/classloading/InstrumentationLoadTimeWeaver, byte[3578], org.springframework.test.jpa.OrmXmlOverridingShadowingClassLoader@2bbf1be2
4099 [main] DEBUG org.aspectj.weaver.loadtime.Aj  - 16:58:03.619 main - org.aspectj.weaver.loadtime.Aj.preProcess org.aspectj.weaver.loadtime.Aj@58027738 sun.misc.Launcher$AppClassLoader@302b2c81, org.springframework.test.jpa.OrmXmlOverridingShadowingClassLoader@2bbf1be2
4099 [main] DEBUG org.aspectj.weaver.tools.WeavingAdaptor  - 16:58:03.619 main &gt; org.aspectj.weaver.tools.WeavingAdaptor.weaveClass org.aspectj.weaver.loadtime.ClassLoaderWeavingAdaptor@10b090ac org/springframework/instrument/classloading/InstrumentationLoadTimeWeaver, byte[3578]
4099 [main] DEBUG org.aspectj.weaver.tools.WeavingAdaptor  - 16:58:03.619 main &lt; org.aspectj.weaver.tools.WeavingAdaptor.weaveClass false
4099 [main] DEBUG org.aspectj.weaver.loadtime.Aj  - 16:58:03.619 main &lt; org.aspectj.weaver.loadtime.Aj.preProcess byte[3578]
4100 [main] DEBUG org.aspectj.weaver.loadtime.Aj  - 16:58:03.620 main &gt; org.aspectj.weaver.loadtime.Aj.preProcess org.aspectj.weaver.loadtime.Aj@58027738 org/springframework/test/annotation/IfProfileValue, byte[636], org.springframework.test.jpa.OrmXmlOverridingShadowingClassLoader@2bbf1be2
4100 [main] DEBUG org.aspectj.weaver.loadtime.Aj  - 16:58:03.620 main - org.aspectj.weaver.loadtime.Aj.preProcess org.aspectj.weaver.loadtime.Aj@58027738 sun.misc.Launcher$AppClassLoader@302b2c81, org.springframework.test.jpa.OrmXmlOverridingShadowingClassLoader@2bbf1be2
4100 [main] DEBUG org.aspectj.weaver.tools.WeavingAdaptor  - 16:58:03.620 main &gt; org.aspectj.weaver.tools.WeavingAdaptor.weaveClass org.aspectj.weaver.loadtime.ClassLoaderWeavingAdaptor@10b090ac org/springframework/test/annotation/IfProfileValue, byte[636]
4100 [main] DEBUG org.aspectj.weaver.tools.WeavingAdaptor  - 16:58:03.620 main &lt; org.aspectj.weaver.tools.WeavingAdaptor.weaveClass false
4100 [main] DEBUG org.aspectj.weaver.loadtime.Aj  - 16:58:03.620 main &lt; org.aspectj.weaver.loadtime.Aj.preProcess byte[636]
4100 [main] DEBUG org.aspectj.weaver.loadtime.Aj  - 16:58:03.620 main &gt; org.aspectj.weaver.loadtime.Aj.preProcess org.aspectj.weaver.loadtime.Aj@58027738 org/springframework/test/annotation/NotTransactional, byte[461], org.springframework.test.jpa.OrmXmlOverridingShadowingClassLoader@2bbf1be2
4100 [main] DEBUG org.aspectj.weaver.loadtime.Aj  - 16:58:03.620 main - org.aspectj.weaver.loadtime.Aj.preProcess org.aspectj.weaver.loadtime.Aj@58027738 sun.misc.Launcher$AppClassLoader@302b2c81, org.springframework.test.jpa.OrmXmlOverridingShadowingClassLoader@2bbf1be2
4100 [main] DEBUG org.aspectj.weaver.tools.WeavingAdaptor  - 16:58:03.620 main &gt; org.aspectj.weaver.tools.WeavingAdaptor.weaveClass org.aspectj.weaver.loadtime.ClassLoaderWeavingAdaptor@10b090ac org/springframework/test/annotation/NotTransactional, byte[461]
4100 [main] DEBUG org.aspectj.weaver.tools.WeavingAdaptor  - 16:58:03.620 main &lt; org.aspectj.weaver.tools.WeavingAdaptor.weaveClass false
4100 [main] DEBUG org.aspectj.weaver.loadtime.Aj  - 16:58:03.620 main &lt; org.aspectj.weaver.loadtime.Aj.preProcess byte[461]
4101 [main] DEBUG org.aspectj.weaver.loadtime.Aj  - 16:58:03.621 main &gt; org.aspectj.weaver.loadtime.Aj.preProcess org.aspectj.weaver.loadtime.Aj@58027738 org/springframework/test/annotation/AbstractAnnotationAwareTransactionalTests$1, byte[1489], org.springframework.test.jpa.OrmXmlOverridingShadowingClassLoader@2bbf1be2
4101 [main] DEBUG org.aspectj.weaver.loadtime.Aj  - 16:58:03.621 main - org.aspectj.weaver.loadtime.Aj.preProcess org.aspectj.weaver.loadtime.Aj@58027738 sun.misc.Launcher$AppClassLoader@302b2c81, org.springframework.test.jpa.OrmXmlOverridingShadowingClassLoader@2bbf1be2
4101 [main] DEBUG org.aspectj.weaver.tools.WeavingAdaptor  - 16:58:03.621 main &gt; org.aspectj.weaver.tools.WeavingAdaptor.weaveClass org.aspectj.weaver.loadtime.ClassLoaderWeavingAdaptor@10b090ac org/springframework/test/annotation/AbstractAnnotationAwareTransactionalTests$1, byte[1489]
4101 [main] DEBUG org.aspectj.weaver.tools.WeavingAdaptor  - 16:58:03.621 main &lt; org.aspectj.weaver.tools.WeavingAdaptor.weaveClass false
4101 [main] DEBUG org.aspectj.weaver.loadtime.Aj  - 16:58:03.621 main &lt; org.aspectj.weaver.loadtime.Aj.preProcess byte[1489]
4101 [main] DEBUG org.aspectj.weaver.loadtime.Aj  - 16:58:03.621 main &gt; org.aspectj.weaver.loadtime.Aj.preProcess org.aspectj.weaver.loadtime.Aj@58027738 org/springframework/test/annotation/Timed, byte[462], org.springframework.test.jpa.OrmXmlOverridingShadowingClassLoader@2bbf1be2
4101 [main] DEBUG org.aspectj.weaver.loadtime.Aj  - 16:58:03.621 main - org.aspectj.weaver.loadtime.Aj.preProcess org.aspectj.weaver.loadtime.Aj@58027738 sun.misc.Launcher$AppClassLoader@302b2c81, org.springframework.test.jpa.OrmXmlOverridingShadowingClassLoader@2bbf1be2
4101 [main] DEBUG org.aspectj.weaver.tools.WeavingAdaptor  - 16:58:03.621 main &gt; org.aspectj.weaver.tools.WeavingAdaptor.weaveClass org.aspectj.weaver.loadtime.ClassLoaderWeavingAdaptor@10b090ac org/springframework/test/annotation/Timed, byte[462]
4101 [main] DEBUG org.aspectj.weaver.tools.WeavingAdaptor  - 16:58:03.621 main &lt; org.aspectj.weaver.tools.WeavingAdaptor.weaveClass false
4101 [main] DEBUG org.aspectj.weaver.loadtime.Aj  - 16:58:03.621 main &lt; org.aspectj.weaver.loadtime.Aj.preProcess byte[462]
4102 [main] DEBUG org.aspectj.weaver.loadtime.Aj  - 16:58:03.622 main &gt; org.aspectj.weaver.loadtime.Aj.preProcess org.aspectj.weaver.loadtime.Aj@58027738 org/springframework/test/annotation/ExpectedException, byte[559], org.springframework.test.jpa.OrmXmlOverridingShadowingClassLoader@2bbf1be2
4102 [main] DEBUG org.aspectj.weaver.loadtime.Aj  - 16:58:03.622 main - org.aspectj.weaver.loadtime.Aj.preProcess org.aspectj.weaver.loadtime.Aj@58027738 sun.misc.Launcher$AppClassLoader@302b2c81, org.springframework.test.jpa.OrmXmlOverridingShadowingClassLoader@2bbf1be2
4102 [main] DEBUG org.aspectj.weaver.tools.WeavingAdaptor  - 16:58:03.622 main &gt; org.aspectj.weaver.tools.WeavingAdaptor.weaveClass org.aspectj.weaver.loadtime.ClassLoaderWeavingAdaptor@10b090ac org/springframework/test/annotation/ExpectedException, byte[559]
4102 [main] DEBUG org.aspectj.weaver.tools.WeavingAdaptor  - 16:58:03.622 main &lt; org.aspectj.weaver.tools.WeavingAdaptor.weaveClass false
4102 [main] DEBUG org.aspectj.weaver.loadtime.Aj  - 16:58:03.622 main &lt; org.aspectj.weaver.loadtime.Aj.preProcess byte[559]
4102 [main] DEBUG org.aspectj.weaver.loadtime.Aj  - 16:58:03.622 main &gt; org.aspectj.weaver.loadtime.Aj.preProcess org.aspectj.weaver.loadtime.Aj@58027738 org/springframework/test/annotation/Repeat, byte[489], org.springframework.test.jpa.OrmXmlOverridingShadowingClassLoader@2bbf1be2
4102 [main] DEBUG org.aspectj.weaver.loadtime.Aj  - 16:58:03.622 main - org.aspectj.weaver.loadtime.Aj.preProcess org.aspectj.weaver.loadtime.Aj@58027738 sun.misc.Launcher$AppClassLoader@302b2c81, org.springframework.test.jpa.OrmXmlOverridingShadowingClassLoader@2bbf1be2
4102 [main] DEBUG org.aspectj.weaver.tools.WeavingAdaptor  - 16:58:03.622 main &gt; org.aspectj.weaver.tools.WeavingAdaptor.weaveClass org.aspectj.weaver.loadtime.ClassLoaderWeavingAdaptor@10b090ac org/springframework/test/annotation/Repeat, byte[489]
4102 [main] DEBUG org.aspectj.weaver.tools.WeavingAdaptor  - 16:58:03.622 main &lt; org.aspectj.weaver.tools.WeavingAdaptor.weaveClass false
4102 [main] DEBUG org.aspectj.weaver.loadtime.Aj  - 16:58:03.622 main &lt; org.aspectj.weaver.loadtime.Aj.preProcess byte[489]
4103 [main] DEBUG org.aspectj.weaver.loadtime.Aj  - 16:58:03.623 main &gt; org.aspectj.weaver.loadtime.Aj.preProcess org.aspectj.weaver.loadtime.Aj@58027738 org/springframework/jdbc/support/SQLExceptionTranslator, byte[287], org.springframework.test.jpa.OrmXmlOverridingShadowingClassLoader@2bbf1be2
4103 [main] DEBUG org.aspectj.weaver.loadtime.Aj  - 16:58:03.623 main - org.aspectj.weaver.loadtime.Aj.preProcess org.aspectj.weaver.loadtime.Aj@58027738 sun.misc.Launcher$AppClassLoader@302b2c81, org.springframework.test.jpa.OrmXmlOverridingShadowingClassLoader@2bbf1be2
4103 [main] DEBUG org.aspectj.weaver.tools.WeavingAdaptor  - 16:58:03.623 main &gt; org.aspectj.weaver.tools.WeavingAdaptor.weaveClass org.aspectj.weaver.loadtime.ClassLoaderWeavingAdaptor@10b090ac org/springframework/jdbc/support/SQLExceptionTranslator, byte[287]
4103 [main] DEBUG org.aspectj.weaver.tools.WeavingAdaptor  - 16:58:03.623 main &lt; org.aspectj.weaver.tools.WeavingAdaptor.weaveClass false
4103 [main] DEBUG org.aspectj.weaver.loadtime.Aj  - 16:58:03.623 main &lt; org.aspectj.weaver.loadtime.Aj.preProcess byte[287]
4103 [main] DEBUG org.aspectj.weaver.loadtime.Aj  - 16:58:03.623 main &gt; org.aspectj.weaver.loadtime.Aj.preProcess org.aspectj.weaver.loadtime.Aj@58027738 org/springframework/jdbc/core/ResultSetExtractor, byte[313], org.springframework.test.jpa.OrmXmlOverridingShadowingClassLoader@2bbf1be2
4103 [main] DEBUG org.aspectj.weaver.loadtime.Aj  - 16:58:03.623 main - org.aspectj.weaver.loadtime.Aj.preProcess org.aspectj.weaver.loadtime.Aj@58027738 sun.misc.Launcher$AppClassLoader@302b2c81, org.springframework.test.jpa.OrmXmlOverridingShadowingClassLoader@2bbf1be2
4103 [main] DEBUG org.aspectj.weaver.tools.WeavingAdaptor  - 16:58:03.623 main &gt; org.aspectj.weaver.tools.WeavingAdaptor.weaveClass org.aspectj.weaver.loadtime.ClassLoaderWeavingAdaptor@10b090ac org/springframework/jdbc/core/ResultSetExtractor, byte[313]
4103 [main] DEBUG org.aspectj.weaver.tools.WeavingAdaptor  - 16:58:03.623 main &lt; org.aspectj.weaver.tools.WeavingAdaptor.weaveClass false
4103 [main] DEBUG org.aspectj.weaver.loadtime.Aj  - 16:58:03.623 main &lt; org.aspectj.weaver.loadtime.Aj.preProcess byte[313]
4104 [main] DEBUG org.aspectj.weaver.loadtime.Aj  - 16:58:03.624 main &gt; org.aspectj.weaver.loadtime.Aj.preProcess org.aspectj.weaver.loadtime.Aj@58027738 org/springframework/jdbc/core/ResultSetSupportingSqlParameter, byte[2199], org.springframework.test.jpa.OrmXmlOverridingShadowingClassLoader@2bbf1be2
4104 [main] DEBUG org.aspectj.weaver.loadtime.Aj  - 16:58:03.624 main - org.aspectj.weaver.loadtime.Aj.preProcess org.aspectj.weaver.loadtime.Aj@58027738 sun.misc.Launcher$AppClassLoader@302b2c81, org.springframework.test.jpa.OrmXmlOverridingShadowingClassLoader@2bbf1be2
4104 [main] DEBUG org.aspectj.weaver.tools.WeavingAdaptor  - 16:58:03.624 main &gt; org.aspectj.weaver.tools.WeavingAdaptor.weaveClass org.aspectj.weaver.loadtime.ClassLoaderWeavingAdaptor@10b090ac org/springframework/jdbc/core/ResultSetSupportingSqlParameter, byte[2199]
4104 [main] DEBUG org.aspectj.weaver.tools.WeavingAdaptor  - 16:58:03.624 main &lt; org.aspectj.weaver.tools.WeavingAdaptor.weaveClass false
4104 [main] DEBUG org.aspectj.weaver.loadtime.Aj  - 16:58:03.624 main &lt; org.aspectj.weaver.loadtime.Aj.preProcess byte[2199]
4104 [main] DEBUG org.aspectj.weaver.loadtime.Aj  - 16:58:03.624 main &gt; org.aspectj.weaver.loadtime.Aj.preProcess org.aspectj.weaver.loadtime.Aj@58027738 org/springframework/jdbc/core/SqlParameter, byte[2421], org.springframework.test.jpa.OrmXmlOverridingShadowingClassLoader@2bbf1be2
4104 [main] DEBUG org.aspectj.weaver.loadtime.Aj  - 16:58:03.624 main - org.aspectj.weaver.loadtime.Aj.preProcess org.aspectj.weaver.loadtime.Aj@58027738 sun.misc.Launcher$AppClassLoader@302b2c81, org.springframework.test.jpa.OrmXmlOverridingShadowingClassLoader@2bbf1be2
4104 [main] DEBUG org.aspectj.weaver.tools.WeavingAdaptor  - 16:58:03.624 main &gt; org.aspectj.weaver.tools.WeavingAdaptor.weaveClass org.aspectj.weaver.loadtime.ClassLoaderWeavingAdaptor@10b090ac org/springframework/jdbc/core/SqlParameter, byte[2421]
4104 [main] DEBUG org.aspectj.weaver.tools.WeavingAdaptor  - 16:58:03.624 main &lt; org.aspectj.weaver.tools.WeavingAdaptor.weaveClass false
4104 [main] DEBUG org.aspectj.weaver.loadtime.Aj  - 16:58:03.624 main &lt; org.aspectj.weaver.loadtime.Aj.preProcess byte[2421]
4105 [main] DEBUG org.aspectj.weaver.loadtime.Aj  - 16:58:03.625 main &gt; org.aspectj.weaver.loadtime.Aj.preProcess org.aspectj.weaver.loadtime.Aj@58027738 org/springframework/jdbc/core/SqlOutParameter, byte[1990], org.springframework.test.jpa.OrmXmlOverridingShadowingClassLoader@2bbf1be2
4105 [main] DEBUG org.aspectj.weaver.loadtime.Aj  - 16:58:03.625 main - org.aspectj.weaver.loadtime.Aj.preProcess org.aspectj.weaver.loadtime.Aj@58027738 sun.misc.Launcher$AppClassLoader@302b2c81, org.springframework.test.jpa.OrmXmlOverridingShadowingClassLoader@2bbf1be2
4105 [main] DEBUG org.aspectj.weaver.tools.WeavingAdaptor  - 16:58:03.625 main &gt; org.aspectj.weaver.tools.WeavingAdaptor.weaveClass org.aspectj.weaver.loadtime.ClassLoaderWeavingAdaptor@10b090ac org/springframework/jdbc/core/SqlOutParameter, byte[1990]
4105 [main] DEBUG org.aspectj.weaver.tools.WeavingAdaptor  - 16:58:03.625 main &lt; org.aspectj.weaver.tools.WeavingAdaptor.weaveClass false
4105 [main] DEBUG org.aspectj.weaver.loadtime.Aj  - 16:58:03.625 main &lt; org.aspectj.weaver.loadtime.Aj.preProcess byte[1990]
4105 [main] DEBUG org.aspectj.weaver.loadtime.Aj  - 16:58:03.625 main &gt; org.aspectj.weaver.loadtime.Aj.preProcess org.aspectj.weaver.loadtime.Aj@58027738 org/springframework/jdbc/core/RowMapper, byte[240], org.springframework.test.jpa.OrmXmlOverridingShadowingClassLoader@2bbf1be2
4105 [main] DEBUG org.aspectj.weaver.loadtime.Aj  - 16:58:03.625 main - org.aspectj.weaver.loadtime.Aj.preProcess org.aspectj.weaver.loadtime.Aj@58027738 sun.misc.Launcher$AppClassLoader@302b2c81, org.springframework.test.jpa.OrmXmlOverridingShadowingClassLoader@2bbf1be2
4105 [main] DEBUG org.aspectj.weaver.tools.WeavingAdaptor  - 16:58:03.625 main &gt; org.aspectj.weaver.tools.WeavingAdaptor.weaveClass org.aspectj.weaver.loadtime.ClassLoaderWeavingAdaptor@10b090ac org/springframework/jdbc/core/RowMapper, byte[240]
4105 [main] DEBUG org.aspectj.weaver.tools.WeavingAdaptor  - 16:58:03.625 main &lt; org.aspectj.weaver.tools.WeavingAdaptor.weaveClass false
4105 [main] DEBUG org.aspectj.weaver.loadtime.Aj  - 16:58:03.625 main &lt; org.aspectj.weaver.loadtime.Aj.preProcess byte[240]
4106 [main] DEBUG org.aspectj.weaver.loadtime.Aj  - 16:58:03.626 main &gt; org.aspectj.weaver.loadtime.Aj.preProcess org.aspectj.weaver.loadtime.Aj@58027738 org/springframework/jdbc/core/SqlReturnResultSet, byte[1324], org.springframework.test.jpa.OrmXmlOverridingShadowingClassLoader@2bbf1be2
4106 [main] DEBUG org.aspectj.weaver.loadtime.Aj  - 16:58:03.626 main - org.aspectj.weaver.loadtime.Aj.preProcess org.aspectj.weaver.loadtime.Aj@58027738 sun.misc.Launcher$AppClassLoader@302b2c81, org.springframework.test.jpa.OrmXmlOverridingShadowingClassLoader@2bbf1be2
4106 [main] DEBUG org.aspectj.weaver.tools.WeavingAdaptor  - 16:58:03.626 main &gt; org.aspectj.weaver.tools.WeavingAdaptor.weaveClass org.aspectj.weaver.loadtime.ClassLoaderWeavingAdaptor@10b090ac org/springframework/jdbc/core/SqlReturnResultSet, byte[1324]
4106 [main] DEBUG org.aspectj.weaver.tools.WeavingAdaptor  - 16:58:03.626 main &lt; org.aspectj.weaver.tools.WeavingAdaptor.weaveClass false
4106 [main] DEBUG org.aspectj.weaver.loadtime.Aj  - 16:58:03.626 main &lt; org.aspectj.weaver.loadtime.Aj.preProcess byte[1324]
4106 [main] DEBUG org.aspectj.weaver.loadtime.Aj  - 16:58:03.626 main &gt; org.aspectj.weaver.loadtime.Aj.preProcess org.aspectj.weaver.loadtime.Aj@58027738 org/springframework/jdbc/SQLWarningException, byte[713], org.springframework.test.jpa.OrmXmlOverridingShadowingClassLoader@2bbf1be2
4106 [main] DEBUG org.aspectj.weaver.loadtime.Aj  - 16:58:03.626 main - org.aspectj.weaver.loadtime.Aj.preProcess org.aspectj.weaver.loadtime.Aj@58027738 sun.misc.Launcher$AppClassLoader@302b2c81, org.springframework.test.jpa.OrmXmlOverridingShadowingClassLoader@2bbf1be2
4106 [main] DEBUG org.aspectj.weaver.tools.WeavingAdaptor  - 16:58:03.626 main &gt; org.aspectj.weaver.tools.WeavingAdaptor.weaveClass org.aspectj.weaver.loadtime.ClassLoaderWeavingAdaptor@10b090ac org/springframework/jdbc/SQLWarningException, byte[713]
4106 [main] DEBUG org.aspectj.weaver.tools.WeavingAdaptor  - 16:58:03.626 main &lt; org.aspectj.weaver.tools.WeavingAdaptor.weaveClass false
4106 [main] DEBUG org.aspectj.weaver.loadtime.Aj  - 16:58:03.626 main &lt; org.aspectj.weaver.loadtime.Aj.preProcess byte[713]
4107 [main] DEBUG org.aspectj.weaver.loadtime.Aj  - 16:58:03.627 main &gt; org.aspectj.weaver.loadtime.Aj.preProcess org.aspectj.weaver.loadtime.Aj@58027738 org/springframework/jdbc/core/CallableStatementCallback, byte[345], org.springframework.test.jpa.OrmXmlOverridingShadowingClassLoader@2bbf1be2
4107 [main] DEBUG org.aspectj.weaver.loadtime.Aj  - 16:58:03.627 main - org.aspectj.weaver.loadtime.Aj.preProcess org.aspectj.weaver.loadtime.Aj@58027738 sun.misc.Launcher$AppClassLoader@302b2c81, org.springframework.test.jpa.OrmXmlOverridingShadowingClassLoader@2bbf1be2
4107 [main] DEBUG org.aspectj.weaver.tools.WeavingAdaptor  - 16:58:03.627 main &gt; org.aspectj.weaver.tools.WeavingAdaptor.weaveClass org.aspectj.weaver.loadtime.ClassLoaderWeavingAdaptor@10b090ac org/springframework/jdbc/core/CallableStatementCallback, byte[345]
4107 [main] DEBUG org.aspectj.weaver.tools.WeavingAdaptor  - 16:58:03.627 main &lt; org.aspectj.weaver.tools.WeavingAdaptor.weaveClass false
4107 [main] DEBUG org.aspectj.weaver.loadtime.Aj  - 16:58:03.627 main &lt; org.aspectj.weaver.loadtime.Aj.preProcess byte[345]
4107 [main] DEBUG org.aspectj.weaver.loadtime.Aj  - 16:58:03.627 main &gt; org.aspectj.weaver.loadtime.Aj.preProcess org.aspectj.weaver.loadtime.Aj@58027738 org/springframework/jdbc/core/PreparedStatementCallback, byte[345], org.springframework.test.jpa.OrmXmlOverridingShadowingClassLoader@2bbf1be2
4107 [main] DEBUG org.aspectj.weaver.loadtime.Aj  - 16:58:03.627 main - org.aspectj.weaver.loadtime.Aj.preProcess org.aspectj.weaver.loadtime.Aj@58027738 sun.misc.Launcher$AppClassLoader@302b2c81, org.springframework.test.jpa.OrmXmlOverridingShadowingClassLoader@2bbf1be2
4107 [main] DEBUG org.aspectj.weaver.tools.WeavingAdaptor  - 16:58:03.627 main &gt; org.aspectj.weaver.tools.WeavingAdaptor.weaveClass org.aspectj.weaver.loadtime.ClassLoaderWeavingAdaptor@10b090ac org/springframework/jdbc/core/PreparedStatementCallback, byte[345]
4107 [main] DEBUG org.aspectj.weaver.tools.WeavingAdaptor  - 16:58:03.627 main &lt; org.aspectj.weaver.tools.WeavingAdaptor.weaveClass false
4107 [main] DEBUG org.aspectj.weaver.loadtime.Aj  - 16:58:03.627 main &lt; org.aspectj.weaver.loadtime.Aj.preProcess byte[345]
4108 [main] DEBUG org.aspectj.weaver.loadtime.Aj  - 16:58:03.628 main &gt; org.aspectj.weaver.loadtime.Aj.preProcess org.aspectj.weaver.loadtime.Aj@58027738 org/springframework/jdbc/core/StatementCallback, byte[313], org.springframework.test.jpa.OrmXmlOverridingShadowingClassLoader@2bbf1be2
4108 [main] DEBUG org.aspectj.weaver.loadtime.Aj  - 16:58:03.628 main - org.aspectj.weaver.loadtime.Aj.preProcess org.aspectj.weaver.loadtime.Aj@58027738 sun.misc.Launcher$AppClassLoader@302b2c81, org.springframework.test.jpa.OrmXmlOverridingShadowingClassLoader@2bbf1be2
4108 [main] DEBUG org.aspectj.weaver.tools.WeavingAdaptor  - 16:58:03.628 main &gt; org.aspectj.weaver.tools.WeavingAdaptor.weaveClass org.aspectj.weaver.loadtime.ClassLoaderWeavingAdaptor@10b090ac org/springframework/jdbc/core/StatementCallback, byte[313]
4108 [main] DEBUG org.aspectj.weaver.tools.WeavingAdaptor  - 16:58:03.628 main &lt; org.aspectj.weaver.tools.WeavingAdaptor.weaveClass false
4108 [main] DEBUG org.aspectj.weaver.loadtime.Aj  - 16:58:03.628 main &lt; org.aspectj.weaver.loadtime.Aj.preProcess byte[313]
4108 [main] DEBUG org.aspectj.weaver.loadtime.Aj  - 16:58:03.628 main &gt; org.aspectj.weaver.loadtime.Aj.preProcess org.aspectj.weaver.loadtime.Aj@58027738 org/springframework/jdbc/core/PreparedStatementCreator, byte[297], org.springframework.test.jpa.OrmXmlOverridingShadowingClassLoader@2bbf1be2
4108 [main] DEBUG org.aspectj.weaver.loadtime.Aj  - 16:58:03.628 main - org.aspectj.weaver.loadtime.Aj.preProcess org.aspectj.weaver.loadtime.Aj@58027738 sun.misc.Launcher$AppClassLoader@302b2c81, org.springframework.test.jpa.OrmXmlOverridingShadowingClassLoader@2bbf1be2
4108 [main] DEBUG org.aspectj.weaver.tools.WeavingAdaptor  - 16:58:03.628 main &gt; org.aspectj.weaver.tools.WeavingAdaptor.weaveClass org.aspectj.weaver.loadtime.ClassLoaderWeavingAdaptor@10b090ac org/springframework/jdbc/core/PreparedStatementCreator, byte[297]
4108 [main] DEBUG org.aspectj.weaver.tools.WeavingAdaptor  - 16:58:03.628 main &lt; org.aspectj.weaver.tools.WeavingAdaptor.weaveClass false
4108 [main] DEBUG org.aspectj.weaver.loadtime.Aj  - 16:58:03.628 main &lt; org.aspectj.weaver.loadtime.Aj.preProcess byte[297]
4109 [main] DEBUG org.aspectj.weaver.loadtime.Aj  - 16:58:03.629 main &gt; org.aspectj.weaver.loadtime.Aj.preProcess org.aspectj.weaver.loadtime.Aj@58027738 org/springframework/jdbc/core/CallableStatementCreator, byte[297], org.springframework.test.jpa.OrmXmlOverridingShadowingClassLoader@2bbf1be2
4109 [main] DEBUG org.aspectj.weaver.loadtime.Aj  - 16:58:03.629 main - org.aspectj.weaver.loadtime.Aj.preProcess org.aspectj.weaver.loadtime.Aj@58027738 sun.misc.Launcher$AppClassLoader@302b2c81, org.springframework.test.jpa.OrmXmlOverridingShadowingClassLoader@2bbf1be2
4109 [main] DEBUG org.aspectj.weaver.tools.WeavingAdaptor  - 16:58:03.629 main &gt; org.aspectj.weaver.tools.WeavingAdaptor.weaveClass org.aspectj.weaver.loadtime.ClassLoaderWeavingAdaptor@10b090ac org/springframework/jdbc/core/CallableStatementCreator, byte[297]
4109 [main] DEBUG org.aspectj.weaver.tools.WeavingAdaptor  - 16:58:03.629 main &lt; org.aspectj.weaver.tools.WeavingAdaptor.weaveClass false
4109 [main] DEBUG org.aspectj.weaver.loadtime.Aj  - 16:58:03.629 main &lt; org.aspectj.weaver.loadtime.Aj.preProcess byte[297]
4109 [main] DEBUG org.aspectj.weaver.loadtime.Aj  - 16:58:03.629 main &gt; org.aspectj.weaver.loadtime.Aj.preProcess org.aspectj.weaver.loadtime.Aj@58027738 org/springframework/jdbc/core/PreparedStatementSetter, byte[261], org.springframework.test.jpa.OrmXmlOverridingShadowingClassLoader@2bbf1be2
4109 [main] DEBUG org.aspectj.weaver.loadtime.Aj  - 16:58:03.629 main - org.aspectj.weaver.loadtime.Aj.preProcess org.aspectj.weaver.loadtime.Aj@58027738 sun.misc.Launcher$AppClassLoader@302b2c81, org.springframework.test.jpa.OrmXmlOverridingShadowingClassLoader@2bbf1be2
4109 [main] DEBUG org.aspectj.weaver.tools.WeavingAdaptor  - 16:58:03.629 main &gt; org.aspectj.weaver.tools.WeavingAdaptor.weaveClass org.aspectj.weaver.loadtime.ClassLoaderWeavingAdaptor@10b090ac org/springframework/jdbc/core/PreparedStatementSetter, byte[261]
4109 [main] DEBUG org.aspectj.weaver.tools.WeavingAdaptor  - 16:58:03.629 main &lt; org.aspectj.weaver.tools.WeavingAdaptor.weaveClass false
4109 [main] DEBUG org.aspectj.weaver.loadtime.Aj  - 16:58:03.629 main &lt; org.aspectj.weaver.loadtime.Aj.preProcess byte[261]
4110 [main] DEBUG org.aspectj.weaver.loadtime.Aj  - 16:58:03.630 main &gt; org.aspectj.weaver.loadtime.Aj.preProcess org.aspectj.weaver.loadtime.Aj@58027738 org/springframework/jdbc/core/simple/SimpleJdbcTemplate, byte[14509], org.springframework.test.jpa.OrmXmlOverridingShadowingClassLoader@2bbf1be2
4110 [main] DEBUG org.aspectj.weaver.loadtime.Aj  - 16:58:03.630 main - org.aspectj.weaver.loadtime.Aj.preProcess org.aspectj.weaver.loadtime.Aj@58027738 sun.misc.Launcher$AppClassLoader@302b2c81, org.springframework.test.jpa.OrmXmlOverridingShadowingClassLoader@2bbf1be2
4110 [main] DEBUG org.aspectj.weaver.tools.WeavingAdaptor  - 16:58:03.630 main &gt; org.aspectj.weaver.tools.WeavingAdaptor.weaveClass org.aspectj.weaver.loadtime.ClassLoaderWeavingAdaptor@10b090ac org/springframework/jdbc/core/simple/SimpleJdbcTemplate, byte[14509]
4111 [main] DEBUG org.aspectj.weaver.tools.WeavingAdaptor  - 16:58:03.631 main &lt; org.aspectj.weaver.tools.WeavingAdaptor.weaveClass false
4111 [main] DEBUG org.aspectj.weaver.loadtime.Aj  - 16:58:03.631 main &lt; org.aspectj.weaver.loadtime.Aj.preProcess byte[14509]
4111 [main] DEBUG org.aspectj.weaver.loadtime.Aj  - 16:58:03.631 main &gt; org.aspectj.weaver.loadtime.Aj.preProcess org.aspectj.weaver.loadtime.Aj@58027738 org/springframework/jdbc/core/simple/SimpleJdbcOperations, byte[5226], org.springframework.test.jpa.OrmXmlOverridingShadowingClassLoader@2bbf1be2
4111 [main] DEBUG org.aspectj.weaver.loadtime.Aj  - 16:58:03.631 main - org.aspectj.weaver.loadtime.Aj.preProcess org.aspectj.weaver.loadtime.Aj@58027738 sun.misc.Launcher$AppClassLoader@302b2c81, org.springframework.test.jpa.OrmXmlOverridingShadowingClassLoader@2bbf1be2
4111 [main] DEBUG org.aspectj.weaver.tools.WeavingAdaptor  - 16:58:03.631 main &gt; org.aspectj.weaver.tools.WeavingAdaptor.weaveClass org.aspectj.weaver.loadtime.ClassLoaderWeavingAdaptor@10b090ac org/springframework/jdbc/core/simple/SimpleJdbcOperations, byte[5226]
4111 [main] DEBUG org.aspectj.weaver.tools.WeavingAdaptor  - 16:58:03.631 main &lt; org.aspectj.weaver.tools.WeavingAdaptor.weaveClass false
4111 [main] DEBUG org.aspectj.weaver.loadtime.Aj  - 16:58:03.631 main &lt; org.aspectj.weaver.loadtime.Aj.preProcess byte[5226]
4112 [main] DEBUG org.aspectj.weaver.loadtime.Aj  - 16:58:03.632 main &gt; org.aspectj.weaver.loadtime.Aj.preProcess org.aspectj.weaver.loadtime.Aj@58027738 org/springframework/jdbc/core/SqlParameterValue, byte[1238], org.springframework.test.jpa.OrmXmlOverridingShadowingClassLoader@2bbf1be2
4112 [main] DEBUG org.aspectj.weaver.loadtime.Aj  - 16:58:03.632 main - org.aspectj.weaver.loadtime.Aj.preProcess org.aspectj.weaver.loadtime.Aj@58027738 sun.misc.Launcher$AppClassLoader@302b2c81, org.springframework.test.jpa.OrmXmlOverridingShadowingClassLoader@2bbf1be2
4112 [main] DEBUG org.aspectj.weaver.tools.WeavingAdaptor  - 16:58:03.632 main &gt; org.aspectj.weaver.tools.WeavingAdaptor.weaveClass org.aspectj.weaver.loadtime.ClassLoaderWeavingAdaptor@10b090ac org/springframework/jdbc/core/SqlParameterValue, byte[1238]
4112 [main] DEBUG org.aspectj.weaver.tools.WeavingAdaptor  - 16:58:03.632 main &lt; org.aspectj.weaver.tools.WeavingAdaptor.weaveClass false
4112 [main] DEBUG org.aspectj.weaver.loadtime.Aj  - 16:58:03.632 main &lt; org.aspectj.weaver.loadtime.Aj.preProcess byte[1238]
4112 [main] DEBUG org.aspectj.weaver.loadtime.Aj  - 16:58:03.632 main &gt; org.aspectj.weaver.loadtime.Aj.preProcess org.aspectj.weaver.loadtime.Aj@58027738 org/springframework/jdbc/core/BatchPreparedStatementSetter, byte[301], org.springframework.test.jpa.OrmXmlOverridingShadowingClassLoader@2bbf1be2
4112 [main] DEBUG org.aspectj.weaver.loadtime.Aj  - 16:58:03.632 main - org.aspectj.weaver.loadtime.Aj.preProcess org.aspectj.weaver.loadtime.Aj@58027738 sun.misc.Launcher$AppClassLoader@302b2c81, org.springframework.test.jpa.OrmXmlOverridingShadowingClassLoader@2bbf1be2
4113 [main] DEBUG org.aspectj.weaver.tools.WeavingAdaptor  - 16:58:03.633 main &gt; org.aspectj.weaver.tools.WeavingAdaptor.weaveClass org.aspectj.weaver.loadtime.ClassLoaderWeavingAdaptor@10b090ac org/springframework/jdbc/core/BatchPreparedStatementSetter, byte[301]
4113 [main] DEBUG org.aspectj.weaver.tools.WeavingAdaptor  - 16:58:03.633 main &lt; org.aspectj.weaver.tools.WeavingAdaptor.weaveClass false
4113 [main] DEBUG org.aspectj.weaver.loadtime.Aj  - 16:58:03.633 main &lt; org.aspectj.weaver.loadtime.Aj.preProcess byte[301]
4113 [main] DEBUG org.aspectj.weaver.loadtime.Aj  - 16:58:03.633 main &gt; org.aspectj.weaver.loadtime.Aj.preProcess org.aspectj.weaver.loadtime.Aj@58027738 org/springframework/jdbc/core/namedparam/NamedParameterJdbcOperations, byte[3607], org.springframework.test.jpa.OrmXmlOverridingShadowingClassLoader@2bbf1be2
4113 [main] DEBUG org.aspectj.weaver.loadtime.Aj  - 16:58:03.633 main - org.aspectj.weaver.loadtime.Aj.preProcess org.aspectj.weaver.loadtime.Aj@58027738 sun.misc.Launcher$AppClassLoader@302b2c81, org.springframework.test.jpa.OrmXmlOverridingShadowingClassLoader@2bbf1be2
4113 [main] DEBUG org.aspectj.weaver.tools.WeavingAdaptor  - 16:58:03.633 main &gt; org.aspectj.weaver.tools.WeavingAdaptor.weaveClass org.aspectj.weaver.loadtime.ClassLoaderWeavingAdaptor@10b090ac org/springframework/jdbc/core/namedparam/NamedParameterJdbcOperations, byte[3607]
4113 [main] DEBUG org.aspectj.weaver.tools.WeavingAdaptor  - 16:58:03.633 main &lt; org.aspectj.weaver.tools.WeavingAdaptor.weaveClass false
4113 [main] DEBUG org.aspectj.weaver.loadtime.Aj  - 16:58:03.633 main &lt; org.aspectj.weaver.loadtime.Aj.preProcess byte[3607]
4114 [main] DEBUG org.aspectj.weaver.loadtime.Aj  - 16:58:03.634 main &gt; org.aspectj.weaver.loadtime.Aj.preProcess org.aspectj.weaver.loadtime.Aj@58027738 org/springframework/jdbc/core/namedparam/NamedParameterJdbcTemplate, byte[11943], org.springframework.test.jpa.OrmXmlOverridingShadowingClassLoader@2bbf1be2
4114 [main] DEBUG org.aspectj.weaver.loadtime.Aj  - 16:58:03.634 main - org.aspectj.weaver.loadtime.Aj.preProcess org.aspectj.weaver.loadtime.Aj@58027738 sun.misc.Launcher$AppClassLoader@302b2c81, org.springframework.test.jpa.OrmXmlOverridingShadowingClassLoader@2bbf1be2
4114 [main] DEBUG org.aspectj.weaver.tools.WeavingAdaptor  - 16:58:03.634 main &gt; org.aspectj.weaver.tools.WeavingAdaptor.weaveClass org.aspectj.weaver.loadtime.ClassLoaderWeavingAdaptor@10b090ac org/springframework/jdbc/core/namedparam/NamedParameterJdbcTemplate, byte[11943]
4114 [main] DEBUG org.aspectj.weaver.tools.WeavingAdaptor  - 16:58:03.634 main &lt; org.aspectj.weaver.tools.WeavingAdaptor.weaveClass false
4114 [main] DEBUG org.aspectj.weaver.loadtime.Aj  - 16:58:03.634 main &lt; org.aspectj.weaver.loadtime.Aj.preProcess byte[11943]
4115 [main] DEBUG org.aspectj.weaver.loadtime.Aj  - 16:58:03.635 main &gt; org.aspectj.weaver.loadtime.Aj.preProcess org.aspectj.weaver.loadtime.Aj@58027738 org/springframework/jdbc/core/namedparam/SqlParameterSource, byte[488], org.springframework.test.jpa.OrmXmlOverridingShadowingClassLoader@2bbf1be2
4115 [main] DEBUG org.aspectj.weaver.loadtime.Aj  - 16:58:03.635 main - org.aspectj.weaver.loadtime.Aj.preProcess org.aspectj.weaver.loadtime.Aj@58027738 sun.misc.Launcher$AppClassLoader@302b2c81, org.springframework.test.jpa.OrmXmlOverridingShadowingClassLoader@2bbf1be2
4115 [main] DEBUG org.aspectj.weaver.tools.WeavingAdaptor  - 16:58:03.635 main &gt; org.aspectj.weaver.tools.WeavingAdaptor.weaveClass org.aspectj.weaver.loadtime.ClassLoaderWeavingAdaptor@10b090ac org/springframework/jdbc/core/namedparam/SqlParameterSource, byte[488]
4115 [main] DEBUG org.aspectj.weaver.tools.WeavingAdaptor  - 16:58:03.635 main &lt; org.aspectj.weaver.tools.WeavingAdaptor.weaveClass false
4115 [main] DEBUG org.aspectj.weaver.loadtime.Aj  - 16:58:03.635 main &lt; org.aspectj.weaver.loadtime.Aj.preProcess byte[488]
4116 [main] DEBUG org.aspectj.weaver.loadtime.Aj  - 16:58:03.636 main &gt; org.aspectj.weaver.loadtime.Aj.preProcess org.aspectj.weaver.loadtime.Aj@58027738 org/springframework/test/annotation/Rollback, byte[493], org.springframework.test.jpa.OrmXmlOverridingShadowingClassLoader@2bbf1be2
4116 [main] DEBUG org.aspectj.weaver.loadtime.Aj  - 16:58:03.636 main - org.aspectj.weaver.loadtime.Aj.preProcess org.aspectj.weaver.loadtime.Aj@58027738 sun.misc.Launcher$AppClassLoader@302b2c81, org.springframework.test.jpa.OrmXmlOverridingShadowingClassLoader@2bbf1be2
4116 [main] DEBUG org.aspectj.weaver.tools.WeavingAdaptor  - 16:58:03.636 main &gt; org.aspectj.weaver.tools.WeavingAdaptor.weaveClass org.aspectj.weaver.loadtime.ClassLoaderWeavingAdaptor@10b090ac org/springframework/test/annotation/Rollback, byte[493]
4116 [main] DEBUG org.aspectj.weaver.tools.WeavingAdaptor  - 16:58:03.636 main &lt; org.aspectj.weaver.tools.WeavingAdaptor.weaveClass false
4116 [main] DEBUG org.aspectj.weaver.loadtime.Aj  - 16:58:03.636 main &lt; org.aspectj.weaver.loadtime.Aj.preProcess byte[493]
Hibernate: select user0_.login as login4_0_, user0_.creationDate as creation2_4_0_, user0_.dateFormat as dateFormat4_0_, user0_.email as email4_0_, user0_.enabled as enabled4_0_, user0_.firstName as firstName4_0_, user0_.lastAccessDate as lastAcce7_4_0_, user0_.lastName as lastName4_0_, user0_.password as password4_0_ from tuser user0_ where user0_.login=?
4117 [main] DEBUG org.aspectj.weaver.loadtime.Aj  - 16:58:03.637 main &gt; org.aspectj.weaver.loadtime.Aj.preProcess org.aspectj.weaver.loadtime.Aj@58027738 org/hibernate/engine/TwoPhaseLoad, byte[11371], org.springframework.test.jpa.OrmXmlOverridingShadowingClassLoader@2bbf1be2
4117 [main] DEBUG org.aspectj.weaver.loadtime.Aj  - 16:58:03.637 main - org.aspectj.weaver.loadtime.Aj.preProcess org.aspectj.weaver.loadtime.Aj@58027738 sun.misc.Launcher$AppClassLoader@302b2c81, org.springframework.test.jpa.OrmXmlOverridingShadowingClassLoader@2bbf1be2
4117 [main] DEBUG org.aspectj.weaver.tools.WeavingAdaptor  - 16:58:03.637 main &gt; org.aspectj.weaver.tools.WeavingAdaptor.weaveClass org.aspectj.weaver.loadtime.ClassLoaderWeavingAdaptor@10b090ac org/hibernate/engine/TwoPhaseLoad, byte[11371]
4117 [main] DEBUG org.aspectj.weaver.tools.WeavingAdaptor  - 16:58:03.637 main &lt; org.aspectj.weaver.tools.WeavingAdaptor.weaveClass false
4117 [main] DEBUG org.aspectj.weaver.loadtime.Aj  - 16:58:03.637 main &lt; org.aspectj.weaver.loadtime.Aj.preProcess byte[11371]
4120 [main] DEBUG org.aspectj.weaver.loadtime.Aj  - 16:58:03.640 main &gt; org.aspectj.weaver.loadtime.Aj.preProcess org.aspectj.weaver.loadtime.Aj@58027738 org/acegisecurity/context/SecurityContextImpl, byte[1493], org.springframework.test.jpa.OrmXmlOverridingShadowingClassLoader@2bbf1be2
4120 [main] DEBUG org.aspectj.weaver.loadtime.Aj  - 16:58:03.640 main - org.aspectj.weaver.loadtime.Aj.preProcess org.aspectj.weaver.loadtime.Aj@58027738 sun.misc.Launcher$AppClassLoader@302b2c81, org.springframework.test.jpa.OrmXmlOverridingShadowingClassLoader@2bbf1be2
4120 [main] DEBUG org.aspectj.weaver.tools.WeavingAdaptor  - 16:58:03.640 main &gt; org.aspectj.weaver.tools.WeavingAdaptor.weaveClass org.aspectj.weaver.loadtime.ClassLoaderWeavingAdaptor@10b090ac org/acegisecurity/context/SecurityContextImpl, byte[1493]
4120 [main] DEBUG org.aspectj.weaver.tools.WeavingAdaptor  - 16:58:03.640 main &lt; org.aspectj.weaver.tools.WeavingAdaptor.weaveClass false
4120 [main] DEBUG org.aspectj.weaver.loadtime.Aj  - 16:58:03.640 main &lt; org.aspectj.weaver.loadtime.Aj.preProcess byte[1493]
4121 [main] DEBUG org.aspectj.weaver.loadtime.Aj  - 16:58:03.641 main &gt; org.aspectj.weaver.loadtime.Aj.preProcess org.aspectj.weaver.loadtime.Aj@58027738 org/acegisecurity/GrantedAuthority, byte[205], org.springframework.test.jpa.OrmXmlOverridingShadowingClassLoader@2bbf1be2
4121 [main] DEBUG org.aspectj.weaver.loadtime.Aj  - 16:58:03.641 main - org.aspectj.weaver.loadtime.Aj.preProcess org.aspectj.weaver.loadtime.Aj@58027738 sun.misc.Launcher$AppClassLoader@302b2c81, org.springframework.test.jpa.OrmXmlOverridingShadowingClassLoader@2bbf1be2
4121 [main] DEBUG org.aspectj.weaver.tools.WeavingAdaptor  - 16:58:03.641 main &gt; org.aspectj.weaver.tools.WeavingAdaptor.weaveClass org.aspectj.weaver.loadtime.ClassLoaderWeavingAdaptor@10b090ac org/acegisecurity/GrantedAuthority, byte[205]
4121 [main] DEBUG org.aspectj.weaver.tools.WeavingAdaptor  - 16:58:03.641 main &lt; org.aspectj.weaver.tools.WeavingAdaptor.weaveClass false
4121 [main] DEBUG org.aspectj.weaver.loadtime.Aj  - 16:58:03.641 main &lt; org.aspectj.weaver.loadtime.Aj.preProcess byte[205]
4122 [main] DEBUG org.aspectj.weaver.loadtime.Aj  - 16:58:03.642 main &gt; org.aspectj.weaver.loadtime.Aj.preProcess org.aspectj.weaver.loadtime.Aj@58027738 org/acegisecurity/GrantedAuthorityImpl, byte[1103], org.springframework.test.jpa.OrmXmlOverridingShadowingClassLoader@2bbf1be2
4122 [main] DEBUG org.aspectj.weaver.loadtime.Aj  - 16:58:03.642 main - org.aspectj.weaver.loadtime.Aj.preProcess org.aspectj.weaver.loadtime.Aj@58027738 sun.misc.Launcher$AppClassLoader@302b2c81, org.springframework.test.jpa.OrmXmlOverridingShadowingClassLoader@2bbf1be2
4122 [main] DEBUG org.aspectj.weaver.tools.WeavingAdaptor  - 16:58:03.642 main &gt; org.aspectj.weaver.tools.WeavingAdaptor.weaveClass org.aspectj.weaver.loadtime.ClassLoaderWeavingAdaptor@10b090ac org/acegisecurity/GrantedAuthorityImpl, byte[1103]
4122 [main] DEBUG org.aspectj.weaver.tools.WeavingAdaptor  - 16:58:03.642 main &lt; org.aspectj.weaver.tools.WeavingAdaptor.weaveClass false
4122 [main] DEBUG org.aspectj.weaver.loadtime.Aj  - 16:58:03.642 main &lt; org.aspectj.weaver.loadtime.Aj.preProcess byte[1103]
4123 [main] DEBUG org.aspectj.weaver.loadtime.Aj  - 16:58:03.643 main &gt; org.aspectj.weaver.loadtime.Aj.preProcess org.aspectj.weaver.loadtime.Aj@58027738 org/acegisecurity/userdetails/User, byte[4253], org.springframework.test.jpa.OrmXmlOverridingShadowingClassLoader@2bbf1be2
4123 [main] DEBUG org.aspectj.weaver.loadtime.Aj  - 16:58:03.643 main - org.aspectj.weaver.loadtime.Aj.preProcess org.aspectj.weaver.loadtime.Aj@58027738 sun.misc.Launcher$AppClassLoader@302b2c81, org.springframework.test.jpa.OrmXmlOverridingShadowingClassLoader@2bbf1be2
4123 [main] DEBUG org.aspectj.weaver.tools.WeavingAdaptor  - 16:58:03.643 main &gt; org.aspectj.weaver.tools.WeavingAdaptor.weaveClass org.aspectj.weaver.loadtime.ClassLoaderWeavingAdaptor@10b090ac org/acegisecurity/userdetails/User, byte[4253]
4123 [main] DEBUG org.aspectj.weaver.tools.WeavingAdaptor  - 16:58:03.643 main &lt; org.aspectj.weaver.tools.WeavingAdaptor.weaveClass false
4123 [main] DEBUG org.aspectj.weaver.loadtime.Aj  - 16:58:03.643 main &lt; org.aspectj.weaver.loadtime.Aj.preProcess byte[4253]
4124 [main] DEBUG org.aspectj.weaver.loadtime.Aj  - 16:58:03.644 main &gt; org.aspectj.weaver.loadtime.Aj.preProcess org.aspectj.weaver.loadtime.Aj@58027738 org/springframework/context/i18n/LocaleContextHolder, byte[2047], org.springframework.test.jpa.OrmXmlOverridingShadowingClassLoader@2bbf1be2
4124 [main] DEBUG org.aspectj.weaver.loadtime.Aj  - 16:58:03.644 main - org.aspectj.weaver.loadtime.Aj.preProcess org.aspectj.weaver.loadtime.Aj@58027738 sun.misc.Launcher$AppClassLoader@302b2c81, org.springframework.test.jpa.OrmXmlOverridingShadowingClassLoader@2bbf1be2
4124 [main] DEBUG org.aspectj.weaver.tools.WeavingAdaptor  - 16:58:03.644 main &gt; org.aspectj.weaver.tools.WeavingAdaptor.weaveClass org.aspectj.weaver.loadtime.ClassLoaderWeavingAdaptor@10b090ac org/springframework/context/i18n/LocaleContextHolder, byte[2047]
4124 [main] DEBUG org.aspectj.weaver.tools.WeavingAdaptor  - 16:58:03.644 main &lt; org.aspectj.weaver.tools.WeavingAdaptor.weaveClass false
4124 [main] DEBUG org.aspectj.weaver.loadtime.Aj  - 16:58:03.644 main &lt; org.aspectj.weaver.loadtime.Aj.preProcess byte[2047]
4124 [main] DEBUG org.aspectj.weaver.loadtime.Aj  - 16:58:03.644 main &gt; org.aspectj.weaver.loadtime.Aj.preProcess org.aspectj.weaver.loadtime.Aj@58027738 org/springframework/context/i18n/LocaleContext, byte[183], org.springframework.test.jpa.OrmXmlOverridingShadowingClassLoader@2bbf1be2
4124 [main] DEBUG org.aspectj.weaver.loadtime.Aj  - 16:58:03.644 main - org.aspectj.weaver.loadtime.Aj.preProcess org.aspectj.weaver.loadtime.Aj@58027738 sun.misc.Launcher$AppClassLoader@302b2c81, org.springframework.test.jpa.OrmXmlOverridingShadowingClassLoader@2bbf1be2
4124 [main] DEBUG org.aspectj.weaver.tools.WeavingAdaptor  - 16:58:03.644 main &gt; org.aspectj.weaver.tools.WeavingAdaptor.weaveClass org.aspectj.weaver.loadtime.ClassLoaderWeavingAdaptor@10b090ac org/springframework/context/i18n/LocaleContext, byte[183]
4124 [main] DEBUG org.aspectj.weaver.tools.WeavingAdaptor  - 16:58:03.644 main &lt; org.aspectj.weaver.tools.WeavingAdaptor.weaveClass false
4124 [main] DEBUG org.aspectj.weaver.loadtime.Aj  - 16:58:03.644 main &lt; org.aspectj.weaver.loadtime.Aj.preProcess byte[183]
4125 [main] DEBUG org.aspectj.weaver.loadtime.Aj  - 16:58:03.645 main &gt; org.aspectj.weaver.loadtime.Aj.preProcess org.aspectj.weaver.loadtime.Aj@58027738 org/springframework/core/NamedInheritableThreadLocal, byte[697], org.springframework.test.jpa.OrmXmlOverridingShadowingClassLoader@2bbf1be2
4125 [main] DEBUG org.aspectj.weaver.loadtime.Aj  - 16:58:03.645 main - org.aspectj.weaver.loadtime.Aj.preProcess org.aspectj.weaver.loadtime.Aj@58027738 sun.misc.Launcher$AppClassLoader@302b2c81, org.springframework.test.jpa.OrmXmlOverridingShadowingClassLoader@2bbf1be2
4125 [main] DEBUG org.aspectj.weaver.tools.WeavingAdaptor  - 16:58:03.645 main &gt; org.aspectj.weaver.tools.WeavingAdaptor.weaveClass org.aspectj.weaver.loadtime.ClassLoaderWeavingAdaptor@10b090ac org/springframework/core/NamedInheritableThreadLocal, byte[697]
4125 [main] DEBUG org.aspectj.weaver.tools.WeavingAdaptor  - 16:58:03.645 main &lt; org.aspectj.weaver.tools.WeavingAdaptor.weaveClass false
4125 [main] DEBUG org.aspectj.weaver.loadtime.Aj  - 16:58:03.645 main &lt; org.aspectj.weaver.loadtime.Aj.preProcess byte[697]
4126 [main] DEBUG org.aspectj.weaver.loadtime.Aj  - 16:58:03.646 main &gt; org.aspectj.weaver.loadtime.Aj.preProcess org.aspectj.weaver.loadtime.Aj@58027738 org/springframework/core/NestedExceptionUtils, byte[887], org.springframework.test.jpa.OrmXmlOverridingShadowingClassLoader@2bbf1be2
4126 [main] DEBUG org.aspectj.weaver.loadtime.Aj  - 16:58:03.646 main - org.aspectj.weaver.loadtime.Aj.preProcess org.aspectj.weaver.loadtime.Aj@58027738 sun.misc.Launcher$AppClassLoader@302b2c81, org.springframework.test.jpa.OrmXmlOverridingShadowingClassLoader@2bbf1be2
4126 [main] DEBUG org.aspectj.weaver.tools.WeavingAdaptor  - 16:58:03.646 main &gt; org.aspectj.weaver.tools.WeavingAdaptor.weaveClass org.aspectj.weaver.loadtime.ClassLoaderWeavingAdaptor@10b090ac org/springframework/core/NestedExceptionUtils, byte[887]
4126 [main] DEBUG org.aspectj.weaver.tools.WeavingAdaptor  - 16:58:03.646 main &lt; org.aspectj.weaver.tools.WeavingAdaptor.weaveClass false
4126 [main] DEBUG org.aspectj.weaver.loadtime.Aj  - 16:58:03.646 main &lt; org.aspectj.weaver.loadtime.Aj.preProcess byte[887]
4127 [main] WARN  org.acegisecurity.event.authentication.LoggerListener  - Authentication event AuthenticationFailureDisabledEvent: test_user; details: null; exception: User is disabled
4127 [main] DEBUG org.aspectj.weaver.loadtime.Aj  - 16:58:03.647 main &gt; org.aspectj.weaver.loadtime.Aj.preProcess org.aspectj.weaver.loadtime.Aj@58027738 org/springframework/test/annotation/DirtiesContext, byte[457], org.springframework.test.jpa.OrmXmlOverridingShadowingClassLoader@2bbf1be2
4127 [main] DEBUG org.aspectj.weaver.loadtime.Aj  - 16:58:03.647 main - org.aspectj.weaver.loadtime.Aj.preProcess org.aspectj.weaver.loadtime.Aj@58027738 sun.misc.Launcher$AppClassLoader@302b2c81, org.springframework.test.jpa.OrmXmlOverridingShadowingClassLoader@2bbf1be2
4127 [main] DEBUG org.aspectj.weaver.tools.WeavingAdaptor  - 16:58:03.647 main &gt; org.aspectj.weaver.tools.WeavingAdaptor.weaveClass org.aspectj.weaver.loadtime.ClassLoaderWeavingAdaptor@10b090ac org/springframework/test/annotation/DirtiesContext, byte[457]
4127 [main] DEBUG org.aspectj.weaver.tools.WeavingAdaptor  - 16:58:03.647 main &lt; org.aspectj.weaver.tools.WeavingAdaptor.weaveClass false
4127 [main] DEBUG org.aspectj.weaver.loadtime.Aj  - 16:58:03.647 main &lt; org.aspectj.weaver.loadtime.Aj.preProcess byte[457]
</system-out>
    <system-err>Jan 31, 2017 4:57:59 PM org.aspectj.weaver.tools.CommonsTrace info
INFO: Dumping to E:\New folder (2)\tudu project\tudu-core\.\ajcore.20170131.165759.548.txt
Jan 31, 2017 4:57:59 PM org.aspectj.weaver.tools.CommonsTrace info
INFO: Dumping to E:\New folder (2)\tudu project\tudu-core\.\ajcore.20170131.165759.563.txt
Jan 31, 2017 4:57:59 PM org.aspectj.weaver.tools.CommonsTrace info
INFO: Dumping to E:\New folder (2)\tudu project\tudu-core\.\ajcore.20170131.165759.569.txt
</system-err>
  </testcase>
  <testcase time="0" classname="tudu.integration.IntegrationTest" name="testCreateTodo">
    <error message="User is disabled" type="org.acegisecurity.DisabledException">org.acegisecurity.DisabledException: User is disabled
	at org.acegisecurity.providers.dao.AbstractUserDetailsAuthenticationProvider.authenticate(AbstractUserDetailsAuthenticationProvider.java:138)
	at org.acegisecurity.providers.ProviderManager.doAuthentication(ProviderManager.java:195)
	at tudu.integration.IntegrationTest.createAuthenticatedUser(IntegrationTest.java:226)
	at tudu.integration.IntegrationTest.testCreateTodo(IntegrationTest.java:147)
</error>
    <system-out>Hibernate: select user0_.login as login4_0_, user0_.creationDate as creation2_4_0_, user0_.dateFormat as dateFormat4_0_, user0_.email as email4_0_, user0_.enabled as enabled4_0_, user0_.firstName as firstName4_0_, user0_.lastAccessDate as lastAcce7_4_0_, user0_.lastName as lastName4_0_, user0_.password as password4_0_ from tuser user0_ where user0_.login=?
4133 [main] WARN  org.acegisecurity.event.authentication.LoggerListener  - Authentication event AuthenticationFailureDisabledEvent: test_user; details: null; exception: User is disabled
</system-out>
  </testcase>
  <testcase time="0.001" classname="tudu.integration.IntegrationTest" name="testCreateUser">
    <failure type="junit.framework.AssertionFailedError">junit.framework.AssertionFailedError
	at junit.framework.Assert.fail(Assert.java:47)
	at junit.framework.Assert.assertTrue(Assert.java:20)
	at junit.framework.Assert.assertTrue(Assert.java:27)
	at tudu.integration.IntegrationTest.testCreateUser(IntegrationTest.java:82)
</failure>
    <system-out>Hibernate: select user0_.login as login4_0_, user0_.creationDate as creation2_4_0_, user0_.dateFormat as dateFormat4_0_, user0_.email as email4_0_, user0_.enabled as enabled4_0_, user0_.firstName as firstName4_0_, user0_.lastAccessDate as lastAcce7_4_0_, user0_.lastName as lastName4_0_, user0_.password as password4_0_ from tuser user0_ where user0_.login=?
Hibernate: select user0_.login as login4_0_, user0_.creationDate as creation2_4_0_, user0_.dateFormat as dateFormat4_0_, user0_.email as email4_0_, user0_.enabled as enabled4_0_, user0_.firstName as firstName4_0_, user0_.lastAccessDate as lastAcce7_4_0_, user0_.lastName as lastName4_0_, user0_.password as password4_0_ from tuser user0_ where user0_.login=?
</system-out>
  </testcase>
  <testcase time="0" classname="tudu.integration.IntegrationTest" name="testDeleteTodoList">
    <error message="User is disabled" type="org.acegisecurity.DisabledException">org.acegisecurity.DisabledException: User is disabled
	at org.acegisecurity.providers.dao.AbstractUserDetailsAuthenticationProvider.authenticate(AbstractUserDetailsAuthenticationProvider.java:138)
	at org.acegisecurity.providers.ProviderManager.doAuthentication(ProviderManager.java:195)
	at tudu.integration.IntegrationTest.createAuthenticatedUser(IntegrationTest.java:226)
	at tudu.integration.IntegrationTest.testDeleteTodoList(IntegrationTest.java:126)
</error>
    <system-out>Hibernate: select user0_.login as login4_0_, user0_.creationDate as creation2_4_0_, user0_.dateFormat as dateFormat4_0_, user0_.email as email4_0_, user0_.enabled as enabled4_0_, user0_.firstName as firstName4_0_, user0_.lastAccessDate as lastAcce7_4_0_, user0_.lastName as lastName4_0_, user0_.password as password4_0_ from tuser user0_ where user0_.login=?
4138 [main] WARN  org.acegisecurity.event.authentication.LoggerListener  - Authentication event AuthenticationFailureDisabledEvent: test_user; details: null; exception: User is disabled
</system-out>
  </testcase>
  <testcase time="0.001" classname="tudu.integration.IntegrationTest" name="testSharedList">
    <error message="User is disabled" type="org.acegisecurity.DisabledException">org.acegisecurity.DisabledException: User is disabled
	at org.acegisecurity.providers.dao.AbstractUserDetailsAuthenticationProvider.authenticate(AbstractUserDetailsAuthenticationProvider.java:138)
	at org.acegisecurity.providers.ProviderManager.doAuthentication(ProviderManager.java:195)
	at tudu.integration.IntegrationTest.createAuthenticatedUser(IntegrationTest.java:226)
	at tudu.integration.IntegrationTest.testSharedList(IntegrationTest.java:175)
</error>
    <system-out>Hibernate: select user0_.login as login4_0_, user0_.creationDate as creation2_4_0_, user0_.dateFormat as dateFormat4_0_, user0_.email as email4_0_, user0_.enabled as enabled4_0_, user0_.firstName as firstName4_0_, user0_.lastAccessDate as lastAcce7_4_0_, user0_.lastName as lastName4_0_, user0_.password as password4_0_ from tuser user0_ where user0_.login=?
4144 [main] WARN  org.acegisecurity.event.authentication.LoggerListener  - Authentication event AuthenticationFailureDisabledEvent: test_user; details: null; exception: User is disabled
</system-out>
  </testcase>
  <testcase time="0" classname="tudu.integration.IntegrationTest" name="testDeleteTodo">
    <error message="User is disabled" type="org.acegisecurity.DisabledException">org.acegisecurity.DisabledException: User is disabled
	at org.acegisecurity.providers.dao.AbstractUserDetailsAuthenticationProvider.authenticate(AbstractUserDetailsAuthenticationProvider.java:138)
	at org.acegisecurity.providers.ProviderManager.doAuthentication(ProviderManager.java:195)
	at tudu.integration.IntegrationTest.createAuthenticatedUser(IntegrationTest.java:226)
	at tudu.integration.IntegrationTest.testDeleteTodo(IntegrationTest.java:161)
</error>
    <system-out>Hibernate: select user0_.login as login4_0_, user0_.creationDate as creation2_4_0_, user0_.dateFormat as dateFormat4_0_, user0_.email as email4_0_, user0_.enabled as enabled4_0_, user0_.firstName as firstName4_0_, user0_.lastAccessDate as lastAcce7_4_0_, user0_.lastName as lastName4_0_, user0_.password as password4_0_ from tuser user0_ where user0_.login=?
4149 [main] WARN  org.acegisecurity.event.authentication.LoggerListener  - Authentication event AuthenticationFailureDisabledEvent: test_user; details: null; exception: User is disabled
</system-out>
  </testcase>
</testsuite>